I AM STARTING --------------------
[]
NOW I AM GOING TO SOLVE THE MODEL FOR FIRST SOLUTION
Gurobi Optimizer version 12.0.3 build v12.0.3rc0 (linux64 - "Ubuntu 22.04.5 LTS")

CPU model: AMD EPYC 7742 64-Core Processor, instruction set [SSE2|AVX|AVX2]
Thread count: 128 physical cores, 256 logical processors, using up to 32 threads

Optimize a model with 72073 rows, 17289 columns and 219390 nonzeros
Model fingerprint: 0xa5f4e74d
Variable types: 17214 continuous, 75 integer (0 binary)
Coefficient statistics:
  Matrix range     [1e+00, 3e+00]
  Objective range  [1e+00, 3e+00]
  Bounds range     [1e+00, 1e+00]
  RHS range        [1e+00, 1e+03]
Presolve removed 58860 rows and 13601 columns
Presolve time: 0.96s
Presolved: 13213 rows, 3688 columns, 55771 nonzeros
Variable types: 3050 continuous, 638 integer (638 binary)
Found heuristic solution: objective 52.0000000
Found heuristic solution: objective 57.0000000
Found heuristic solution: objective 100.0000000

Root relaxation: objective 1.880000e+02, 3650 iterations, 0.17 seconds (0.17 work units)

    Nodes    |    Current Node    |     Objective Bounds      |     Work
 Expl Unexpl |  Obj  Depth IntInf | Incumbent    BestBd   Gap | It/Node Time

     0     0  188.00000    0  183  100.00000  188.00000  88.0%     -    1s
H    0     0                     148.0000000  188.00000  27.0%     -    1s
H    0     0                     156.0000000  188.00000  20.5%     -    1s
     0     0  187.00000    0  277  156.00000  187.00000  19.9%     -    2s
H    0     0                     171.0000000  187.00000  9.36%     -    2s
     0     0  187.00000    0  372  171.00000  187.00000  9.36%     -    4s
     0     0  187.00000    0  324  171.00000  187.00000  9.36%     -    4s
     0     0  186.00000    0  112  171.00000  186.00000  8.77%     -    9s
     0     0  186.00000    0  180  171.00000  186.00000  8.77%     -    9s
H    0     0                     175.0000000  186.00000  6.29%     -    9s
H    0     0                     177.0000000  185.50000  4.80%     -   13s
     0     0  185.50000    0  209  177.00000  185.50000  4.80%     -   13s
     0     0  185.50000    0  216  177.00000  185.50000  4.80%     -   13s
     0     0  185.50000    0  185  177.00000  185.50000  4.80%     -   15s
     0     0  185.50000    0  286  177.00000  185.50000  4.80%     -   15s
     0     0  185.00000    0  254  177.00000  185.00000  4.52%     -   19s
     0     0  185.00000    0  102  177.00000  185.00000  4.52%     -   20s
     0     2  185.00000    0  102  177.00000  185.00000  4.52%     -   21s
   439   219  185.00000   10  304  177.00000  185.00000  4.52%   509   25s
  1776   287  177.50000   13  389  177.00000  185.00000  4.52%   454   30s

Cutting planes:
  Gomory: 4
  Cover: 1
  Implied bound: 439
  Clique: 23
  MIR: 58
  Flow cover: 72
  Zero half: 32
  RLT: 303
  BQP: 292
  PSD: 4

Explored 3532 nodes (1600612 simplex iterations) in 34.86 seconds (36.18 work units)
Thread count was 32 (of 256 available processors)

Solution count 8: 177 175 171 ... 52

Optimal solution found (tolerance 1.00e-04)
Best objective 1.770000000000e+02, best bound 1.770000000000e+02, gap 0.0000%
Objective value: 177.0
lam[0,0] = -0.0
lam[0,1] = -0.0
lam[0,2] = 1.0
lam[0,3] = -0.0
lam[0,4] = -0.0
lam[0,5] = -0.0
lam[0,6] = -0.0
lam[0,7] = -0.0
lam[0,8] = -0.0
lam[1,0] = 1.0
lam[1,1] = -0.0
lam[1,2] = -0.0
lam[1,3] = -0.0
lam[1,4] = -0.0
lam[1,5] = -0.0
lam[1,6] = -0.0
lam[1,7] = -0.0
lam[1,8] = -0.0
lam[2,0] = -0.0
lam[2,1] = -0.0
lam[2,2] = -0.0
lam[2,3] = -0.0
lam[2,4] = -0.0
lam[2,5] = -0.0
lam[2,6] = -0.0
lam[2,7] = 1.0
lam[2,8] = -0.0
tau[0,0,1] = -0.0
tau[0,0,2] = 1.0
tau[0,0,L0] = -0.0
tau[0,0,L1] = -0.0
tau[0,0,L2] = -0.0
tau[0,1,1] = -0.0
tau[0,1,2] = -0.0
tau[0,1,L0] = -0.0
tau[0,1,L1] = 1.0
tau[0,1,L2] = -0.0
tau[0,2,1] = -0.0
tau[0,2,2] = -0.0
tau[0,2,L0] = -0.0
tau[0,2,L1] = 1.0
tau[0,2,L2] = -0.0
tau[0,3,1] = 1.0
tau[0,3,2] = -0.0
tau[0,3,L0] = -0.0
tau[0,3,L1] = -0.0
tau[0,3,L2] = -0.0
tau[0,4,1] = 1.0
tau[0,4,2] = -0.0
tau[0,4,L0] = -0.0
tau[0,4,L1] = -0.0
tau[0,4,L2] = -0.0
tau[0,5,1] = 1.0
tau[0,5,2] = -0.0
tau[0,5,L0] = -0.0
tau[0,5,L1] = -0.0
tau[0,5,L2] = -0.0
tau[2,0,L0] = -0.0
tau[2,0,L1] = 1.0
tau[2,0,L2] = -0.0
tau[2,1,L0] = -0.0
tau[2,1,L1] = -0.0
tau[2,1,L2] = 1.0
tau[2,2,L0] = -0.0
tau[2,2,L1] = -0.0
tau[2,2,L2] = -0.0
tau[2,3,L0] = -0.0
tau[2,3,L1] = -0.0
tau[2,3,L2] = -0.0
tau[2,4,L0] = -0.0
tau[2,4,L1] = -0.0
tau[2,4,L2] = -0.0
tau[2,5,L0] = -0.0
tau[2,5,L1] = -0.0
tau[2,5,L2] = -0.0
tau[1,0,2] = 0.0
tau[1,0,L0] = 0.0
tau[1,0,L1] = 1.0
tau[1,0,L2] = 0.0
tau[1,1,2] = 0.0
tau[1,1,L0] = 1.0
tau[1,1,L1] = 0.0
tau[1,1,L2] = 0.0
tau[1,2,2] = 0.0
tau[1,2,L0] = 1.0
tau[1,2,L1] = 0.0
tau[1,2,L2] = 0.0
tau[1,3,2] = 0.0
tau[1,3,L0] = 1.0
tau[1,3,L1] = 0.0
tau[1,3,L2] = 0.0
tau[1,4,2] = 0.0
tau[1,4,L0] = 0.0
tau[1,4,L1] = 0.0
tau[1,4,L2] = 0.0
tau[1,5,2] = 0.0
tau[1,5,L0] = 0.0
tau[1,5,L1] = 0.0
tau[1,5,L2] = 0.0
m[0,0] = 1.0
m[0,1] = 1.0
m[0,2] = 1.0
m[0,3] = 1.0
m[0,4] = 1.0
m[0,5] = 1.0
m[0,6] = 1.0
m[0,7] = 1.0
m[0,8] = 1.0
m[0,9] = 1.0
m[0,10] = 1.0
m[0,11] = 1.0
m[0,12] = 1.0
m[0,13] = 1.0
m[0,14] = 1.0
m[0,15] = 1.0
m[0,16] = 1.0
m[0,17] = 1.0
m[0,18] = 1.0
m[0,19] = 1.0
m[0,20] = 1.0
m[0,21] = 1.0
m[0,22] = 1.0
m[0,23] = 0.0
m[0,24] = 1.0
m[0,25] = 1.0
m[0,26] = 1.0
m[0,27] = 1.0
m[0,28] = 1.0
m[0,29] = 1.0
m[0,30] = 1.0
m[0,31] = 1.0
m[0,32] = 1.0
m[0,33] = 1.0
m[0,34] = 1.0
m[0,35] = 1.0
m[0,36] = 1.0
m[0,37] = 1.0
m[0,38] = 1.0
m[0,39] = 1.0
m[0,40] = 1.0
m[0,41] = 1.0
m[0,42] = 1.0
m[0,43] = 1.0
m[0,44] = 1.0
m[0,45] = 1.0
m[0,46] = 1.0
m[0,47] = 1.0
m[0,48] = 1.0
m[0,49] = 1.0
m[0,50] = 1.0
m[0,51] = 1.0
m[0,52] = 1.0
m[0,53] = 1.0
m[0,54] = 1.0
m[0,55] = 1.0
m[0,56] = 1.0
m[0,57] = 1.0
m[0,58] = 1.0
m[0,59] = 1.0
m[0,60] = 1.0
m[0,61] = 0.0
m[0,62] = 1.0
m[0,63] = 1.0
m[0,64] = 1.0
m[0,65] = 1.0
m[0,66] = 0.0
m[0,67] = 1.0
m[0,68] = 1.0
m[0,69] = 1.0
m[0,70] = 1.0
m[0,71] = 0.0
m[0,72] = 1.0
m[0,73] = 0.0
m[0,74] = 1.0
m[0,75] = 1.0
m[0,76] = 1.0
m[0,77] = 1.0
m[0,78] = 1.0
m[0,79] = 1.0
m[0,80] = 1.0
m[0,81] = 1.0
m[0,82] = 1.0
m[0,83] = 1.0
m[0,84] = 1.0
m[0,85] = 1.0
m[0,86] = 1.0
m[0,87] = 1.0
m[0,88] = 1.0
m[0,89] = 1.0
m[0,90] = 1.0
m[0,91] = 1.0
m[0,92] = 1.0
m[0,93] = 1.0
m[0,94] = 1.0
m[0,95] = 1.0
m[0,96] = 1.0
m[0,97] = 1.0
m[0,98] = 1.0
m[0,99] = 1.0
m[0,100] = 1.0
m[0,101] = 1.0
m[0,102] = 1.0
m[0,103] = 1.0
m[0,104] = 1.0
m[0,105] = 1.0
m[0,106] = 1.0
m[0,107] = 1.0
m[0,108] = 1.0
m[0,109] = 1.0
m[0,110] = 1.0
m[0,111] = 1.0
m[0,112] = 1.0
m[0,113] = 1.0
m[0,114] = 1.0
m[0,115] = 1.0
m[0,116] = 1.0
m[0,117] = 1.0
m[0,118] = 1.0
m[0,119] = 1.0
m[0,120] = 1.0
m[0,121] = 1.0
m[0,122] = 1.0
m[0,123] = 0.0
m[0,124] = 1.0
m[0,125] = 1.0
m[0,126] = 1.0
m[0,127] = 1.0
m[0,128] = 1.0
m[0,129] = 1.0
m[0,130] = 1.0
m[0,131] = 1.0
m[0,132] = 1.0
m[0,133] = 1.0
m[0,134] = 1.0
m[0,135] = 1.0
m[0,136] = 1.0
m[0,137] = 1.0
m[0,138] = 1.0
m[0,139] = 1.0
m[0,140] = 1.0
m[0,141] = 1.0
m[0,142] = 1.0
m[0,143] = 1.0
m[0,144] = 1.0
m[0,145] = 1.0
m[0,146] = 1.0
m[0,147] = 1.0
m[0,148] = 1.0
m[0,149] = 1.0
m[0,150] = 0.0
m[0,151] = 1.0
m[0,152] = 1.0
m[0,153] = 1.0
m[0,154] = 1.0
m[0,155] = 1.0
m[0,156] = 1.0
m[0,157] = 1.0
m[0,158] = 1.0
m[0,159] = 1.0
m[0,160] = 1.0
m[0,161] = 1.0
m[0,162] = 1.0
m[0,163] = 1.0
m[0,164] = 1.0
m[0,165] = 1.0
m[0,166] = 1.0
m[0,167] = 1.0
m[0,168] = 1.0
m[0,169] = 1.0
m[0,170] = 1.0
m[0,171] = 1.0
m[0,172] = 1.0
m[0,173] = 1.0
m[0,174] = 1.0
m[0,175] = 1.0
m[0,176] = 1.0
m[0,177] = 1.0
u[0] = 1.0
u[1] = 1.0
u[2] = 1.0
o_u[0,0] = -0.0
o_u[0,1] = -0.0
o_u[0,2] = 1.0
o_u[0,3] = 0.0
o_u[0,4] = 0.0
o_u[0,5] = 0.0
o_u[0,6] = 0.0
o_u[0,7] = -0.0
o_u[0,8] = -0.0
o_u[1,0] = 1.0
o_u[1,1] = 0.0
o_u[1,2] = 0.0
o_u[1,3] = 0.0
o_u[1,4] = 0.0
o_u[1,5] = 0.0
o_u[1,6] = 0.0
o_u[1,7] = 0.0
o_u[1,8] = 0.0
o_u[2,0] = 0.0
o_u[2,1] = 0.0
o_u[2,2] = 0.0
o_u[2,3] = 0.0
o_u[2,4] = 0.0
o_u[2,5] = 0.0
o_u[2,6] = 0.0
o_u[2,7] = 1.0
o_u[2,8] = 0.0
------------------------------------------------------------------------
------------------------------------------------------------------------
Saved hierarchical tree visualization to milp_tree_levels.png
[]
Gurobi Optimizer version 12.0.3 build v12.0.3rc0 (linux64 - "Ubuntu 22.04.5 LTS")

CPU model: AMD EPYC 7742 64-Core Processor, instruction set [SSE2|AVX|AVX2]
Thread count: 128 physical cores, 256 logical processors, using up to 32 threads

Optimize a model with 72073 rows, 17289 columns and 219390 nonzeros
Model fingerprint: 0xa5f4e74d
Variable types: 17214 continuous, 75 integer (0 binary)
Coefficient statistics:
  Matrix range     [1e+00, 3e+00]
  Objective range  [1e+00, 3e+00]
  Bounds range     [1e+00, 1e+00]
  RHS range        [1e+00, 1e+03]
Presolve removed 58860 rows and 13601 columns
Presolve time: 0.97s
Presolved: 13213 rows, 3688 columns, 55771 nonzeros
Variable types: 3050 continuous, 638 integer (638 binary)
Found heuristic solution: objective 52.0000000
Found heuristic solution: objective 57.0000000
Found heuristic solution: objective 100.0000000

Root relaxation: objective 1.880000e+02, 3650 iterations, 0.17 seconds (0.17 work units)

    Nodes    |    Current Node    |     Objective Bounds      |     Work
 Expl Unexpl |  Obj  Depth IntInf | Incumbent    BestBd   Gap | It/Node Time

     0     0  188.00000    0  183  100.00000  188.00000  88.0%     -    1s
H    0     0                     148.0000000  188.00000  27.0%     -    1s
H    0     0                     156.0000000  188.00000  20.5%     -    1s
     0     0  187.00000    0  277  156.00000  187.00000  19.9%     -    2s
H    0     0                     171.0000000  187.00000  9.36%     -    2s
     0     0  187.00000    0  372  171.00000  187.00000  9.36%     -    4s
     0     0  187.00000    0  324  171.00000  187.00000  9.36%     -    4s
     0     0  186.00000    0  112  171.00000  186.00000  8.77%     -    7s
     0     0  186.00000    0  180  171.00000  186.00000  8.77%     -    7s
H    0     0                     175.0000000  186.00000  6.29%     -    7s
H    0     0                     177.0000000  185.50000  4.80%     -   10s
     0     0  185.50000    0  209  177.00000  185.50000  4.80%     -   10s
     0     0  185.50000    0  216  177.00000  185.50000  4.80%     -   10s
     0     0  185.50000    0  185  177.00000  185.50000  4.80%     -   11s
     0     0  185.50000    0  286  177.00000  185.50000  4.80%     -   12s
     0     0  185.00000    0  254  177.00000  185.00000  4.52%     -   15s
     0     0  185.00000    0  102  177.00000  185.00000  4.52%     -   16s
     0     2  185.00000    0  102  177.00000  185.00000  4.52%     -   17s
    93   118  185.00000    7  469  177.00000  185.00000  4.52%   889   20s
  1420   263  183.50000   10  460  177.00000  185.00000  4.52%   461   25s
  3396    20  183.45856   11  379  177.00000  183.50000  3.67%   440   30s

Cutting planes:
  Gomory: 4
  Cover: 1
  Implied bound: 439
  Clique: 23
  MIR: 58
  Flow cover: 72
  Zero half: 32
  RLT: 303
  BQP: 292
  PSD: 4

Explored 3532 nodes (1600612 simplex iterations) in 30.85 seconds (36.18 work units)
Thread count was 32 (of 256 available processors)

Solution count 8: 177 175 171 ... 52

Optimal solution found (tolerance 1.00e-04)
Best objective 1.770000000000e+02, best bound 1.770000000000e+02, gap 0.0000%
Objective value: 177.0
lam[0,0] = -0.0
lam[0,1] = -0.0
lam[0,2] = 1.0
lam[0,3] = -0.0
lam[0,4] = -0.0
lam[0,5] = -0.0
lam[0,6] = -0.0
lam[0,7] = -0.0
lam[0,8] = -0.0
lam[1,0] = 1.0
lam[1,1] = -0.0
lam[1,2] = -0.0
lam[1,3] = -0.0
lam[1,4] = -0.0
lam[1,5] = -0.0
lam[1,6] = -0.0
lam[1,7] = -0.0
lam[1,8] = -0.0
lam[2,0] = -0.0
lam[2,1] = -0.0
lam[2,2] = -0.0
lam[2,3] = -0.0
lam[2,4] = -0.0
lam[2,5] = -0.0
lam[2,6] = -0.0
lam[2,7] = 1.0
lam[2,8] = -0.0
tau[0,0,1] = -0.0
tau[0,0,2] = 1.0
tau[0,0,L0] = -0.0
tau[0,0,L1] = -0.0
tau[0,0,L2] = -0.0
tau[0,1,1] = -0.0
tau[0,1,2] = -0.0
tau[0,1,L0] = -0.0
tau[0,1,L1] = 1.0
tau[0,1,L2] = -0.0
tau[0,2,1] = -0.0
tau[0,2,2] = -0.0
tau[0,2,L0] = -0.0
tau[0,2,L1] = 1.0
tau[0,2,L2] = -0.0
tau[0,3,1] = 1.0
tau[0,3,2] = -0.0
tau[0,3,L0] = -0.0
tau[0,3,L1] = -0.0
tau[0,3,L2] = -0.0
tau[0,4,1] = 1.0
tau[0,4,2] = -0.0
tau[0,4,L0] = -0.0
tau[0,4,L1] = -0.0
tau[0,4,L2] = -0.0
tau[0,5,1] = 1.0
tau[0,5,2] = -0.0
tau[0,5,L0] = -0.0
tau[0,5,L1] = -0.0
tau[0,5,L2] = -0.0
tau[2,0,L0] = -0.0
tau[2,0,L1] = 1.0
tau[2,0,L2] = -0.0
tau[2,1,L0] = -0.0
tau[2,1,L1] = -0.0
tau[2,1,L2] = 1.0
tau[2,2,L0] = -0.0
tau[2,2,L1] = -0.0
tau[2,2,L2] = -0.0
tau[2,3,L0] = -0.0
tau[2,3,L1] = -0.0
tau[2,3,L2] = -0.0
tau[2,4,L0] = -0.0
tau[2,4,L1] = -0.0
tau[2,4,L2] = -0.0
tau[2,5,L0] = -0.0
tau[2,5,L1] = -0.0
tau[2,5,L2] = -0.0
tau[1,0,2] = 0.0
tau[1,0,L0] = 0.0
tau[1,0,L1] = 1.0
tau[1,0,L2] = 0.0
tau[1,1,2] = 0.0
tau[1,1,L0] = 1.0
tau[1,1,L1] = 0.0
tau[1,1,L2] = 0.0
tau[1,2,2] = 0.0
tau[1,2,L0] = 1.0
tau[1,2,L1] = 0.0
tau[1,2,L2] = 0.0
tau[1,3,2] = 0.0
tau[1,3,L0] = 1.0
tau[1,3,L1] = 0.0
tau[1,3,L2] = 0.0
tau[1,4,2] = 0.0
tau[1,4,L0] = 0.0
tau[1,4,L1] = 0.0
tau[1,4,L2] = 0.0
tau[1,5,2] = 0.0
tau[1,5,L0] = 0.0
tau[1,5,L1] = 0.0
tau[1,5,L2] = 0.0
m[0,0] = 1.0
m[0,1] = 1.0
m[0,2] = 1.0
m[0,3] = 1.0
m[0,4] = 1.0
m[0,5] = 1.0
m[0,6] = 1.0
m[0,7] = 1.0
m[0,8] = 1.0
m[0,9] = 1.0
m[0,10] = 1.0
m[0,11] = 1.0
m[0,12] = 1.0
m[0,13] = 1.0
m[0,14] = 1.0
m[0,15] = 1.0
m[0,16] = 1.0
m[0,17] = 1.0
m[0,18] = 1.0
m[0,19] = 1.0
m[0,20] = 1.0
m[0,21] = 1.0
m[0,22] = 1.0
m[0,23] = 0.0
m[0,24] = 1.0
m[0,25] = 1.0
m[0,26] = 1.0
m[0,27] = 1.0
m[0,28] = 1.0
m[0,29] = 1.0
m[0,30] = 1.0
m[0,31] = 1.0
m[0,32] = 1.0
m[0,33] = 1.0
m[0,34] = 1.0
m[0,35] = 1.0
m[0,36] = 1.0
m[0,37] = 1.0
m[0,38] = 1.0
m[0,39] = 1.0
m[0,40] = 1.0
m[0,41] = 1.0
m[0,42] = 1.0
m[0,43] = 1.0
m[0,44] = 1.0
m[0,45] = 1.0
m[0,46] = 1.0
m[0,47] = 1.0
m[0,48] = 1.0
m[0,49] = 1.0
m[0,50] = 1.0
m[0,51] = 1.0
m[0,52] = 1.0
m[0,53] = 1.0
m[0,54] = 1.0
m[0,55] = 1.0
m[0,56] = 1.0
m[0,57] = 1.0
m[0,58] = 1.0
m[0,59] = 1.0
m[0,60] = 1.0
m[0,61] = 0.0
m[0,62] = 1.0
m[0,63] = 1.0
m[0,64] = 1.0
m[0,65] = 1.0
m[0,66] = 0.0
m[0,67] = 1.0
m[0,68] = 1.0
m[0,69] = 1.0
m[0,70] = 1.0
m[0,71] = 0.0
m[0,72] = 1.0
m[0,73] = 0.0
m[0,74] = 1.0
m[0,75] = 1.0
m[0,76] = 1.0
m[0,77] = 1.0
m[0,78] = 1.0
m[0,79] = 1.0
m[0,80] = 1.0
m[0,81] = 1.0
m[0,82] = 1.0
m[0,83] = 1.0
m[0,84] = 1.0
m[0,85] = 1.0
m[0,86] = 1.0
m[0,87] = 1.0
m[0,88] = 1.0
m[0,89] = 1.0
m[0,90] = 1.0
m[0,91] = 1.0
m[0,92] = 1.0
m[0,93] = 1.0
m[0,94] = 1.0
m[0,95] = 1.0
m[0,96] = 1.0
m[0,97] = 1.0
m[0,98] = 1.0
m[0,99] = 1.0
m[0,100] = 1.0
m[0,101] = 1.0
m[0,102] = 1.0
m[0,103] = 1.0
m[0,104] = 1.0
m[0,105] = 1.0
m[0,106] = 1.0
m[0,107] = 1.0
m[0,108] = 1.0
m[0,109] = 1.0
m[0,110] = 1.0
m[0,111] = 1.0
m[0,112] = 1.0
m[0,113] = 1.0
m[0,114] = 1.0
m[0,115] = 1.0
m[0,116] = 1.0
m[0,117] = 1.0
m[0,118] = 1.0
m[0,119] = 1.0
m[0,120] = 1.0
m[0,121] = 1.0
m[0,122] = 1.0
m[0,123] = 0.0
m[0,124] = 1.0
m[0,125] = 1.0
m[0,126] = 1.0
m[0,127] = 1.0
m[0,128] = 1.0
m[0,129] = 1.0
m[0,130] = 1.0
m[0,131] = 1.0
m[0,132] = 1.0
m[0,133] = 1.0
m[0,134] = 1.0
m[0,135] = 1.0
m[0,136] = 1.0
m[0,137] = 1.0
m[0,138] = 1.0
m[0,139] = 1.0
m[0,140] = 1.0
m[0,141] = 1.0
m[0,142] = 1.0
m[0,143] = 1.0
m[0,144] = 1.0
m[0,145] = 1.0
m[0,146] = 1.0
m[0,147] = 1.0
m[0,148] = 1.0
m[0,149] = 1.0
m[0,150] = 0.0
m[0,151] = 1.0
m[0,152] = 1.0
m[0,153] = 1.0
m[0,154] = 1.0
m[0,155] = 1.0
m[0,156] = 1.0
m[0,157] = 1.0
m[0,158] = 1.0
m[0,159] = 1.0
m[0,160] = 1.0
m[0,161] = 1.0
m[0,162] = 1.0
m[0,163] = 1.0
m[0,164] = 1.0
m[0,165] = 1.0
m[0,166] = 1.0
m[0,167] = 1.0
m[0,168] = 1.0
m[0,169] = 1.0
m[0,170] = 1.0
m[0,171] = 1.0
m[0,172] = 1.0
m[0,173] = 1.0
m[0,174] = 1.0
m[0,175] = 1.0
m[0,176] = 1.0
m[0,177] = 1.0
u[0] = 1.0
u[1] = 1.0
u[2] = 1.0
o_u[0,0] = -0.0
o_u[0,1] = -0.0
o_u[0,2] = 1.0
o_u[0,3] = 0.0
o_u[0,4] = 0.0
o_u[0,5] = 0.0
o_u[0,6] = 0.0
o_u[0,7] = -0.0
o_u[0,8] = -0.0
o_u[1,0] = 1.0
o_u[1,1] = 0.0
o_u[1,2] = 0.0
o_u[1,3] = 0.0
o_u[1,4] = 0.0
o_u[1,5] = 0.0
o_u[1,6] = 0.0
o_u[1,7] = 0.0
o_u[1,8] = 0.0
o_u[2,0] = 0.0
o_u[2,1] = 0.0
o_u[2,2] = 0.0
o_u[2,3] = 0.0
o_u[2,4] = 0.0
o_u[2,5] = 0.0
o_u[2,6] = 0.0
o_u[2,7] = 1.0
o_u[2,8] = 0.0
------------------------------------------------------------------------
------------------------------------------------------------------------
Saved hierarchical tree visualization to milp_tree_levels.png
THIS IS THE INITIAL CORRECTNESS 0.9606741573033708
THIS IS THE INITIAL EXPLAINABILITY 6.0
Inside find_pareto_solution_more_e
----------------------------------
THE CURRENT CORRECTNESS IS: 0.9606741573033708, AND THE CURRENT EXPLAINABILITY IS: 6.0
Gurobi Optimizer version 12.0.3 build v12.0.3rc0 (linux64 - "Ubuntu 22.04.5 LTS")

CPU model: AMD EPYC 7742 64-Core Processor, instruction set [SSE2|AVX|AVX2]
Thread count: 128 physical cores, 256 logical processors, using up to 32 threads

Optimize a model with 72075 rows, 17289 columns and 219598 nonzeros
Model fingerprint: 0xe53ae906
Variable types: 17214 continuous, 75 integer (0 binary)
Coefficient statistics:
  Matrix range     [1e+00, 3e+00]
  Objective range  [1e+00, 3e+00]
  Bounds range     [1e+00, 1e+00]
  RHS range        [1e+00, 1e+03]

MIP start from previous solve did not produce a new incumbent solution
MIP start from previous solve violates constraint R72073 by 1.000000000

Presolve removed 58818 rows and 13600 columns
Presolve time: 1.22s
Presolved: 13257 rows, 3689 columns, 56569 nonzeros
Variable types: 3050 continuous, 639 integer (639 binary)
Found heuristic solution: objective 96.0000000

Root relaxation: objective 1.800000e+02, 4809 iterations, 0.33 seconds (0.35 work units)

    Nodes    |    Current Node    |     Objective Bounds      |     Work
 Expl Unexpl |  Obj  Depth IntInf | Incumbent    BestBd   Gap | It/Node Time

     0     0  180.00000    0  162   96.00000  180.00000  87.5%     -    1s
H    0     0                     157.0000000  180.00000  14.6%     -    1s
H    0     0                     162.0000000  180.00000  11.1%     -    2s
     0     0  179.50000    0  366  162.00000  179.50000  10.8%     -    2s
H    0     0                     163.0000000  179.50000  10.1%     -    3s
H    0     0                     167.0000000  179.50000  7.49%     -    3s
     0     0  179.50000    0  363  167.00000  179.50000  7.49%     -    3s
     0     0  179.00000    0  382  167.00000  179.00000  7.19%     -    4s
     0     0  179.00000    0  376  167.00000  179.00000  7.19%     -    4s
     0     0  179.00000    0  406  167.00000  179.00000  7.19%     -    4s
     0     0  179.00000    0  401  167.00000  179.00000  7.19%     -    4s
H    0     0                     168.0000000  179.00000  6.55%     -    7s
     0     0  178.50000    0  104  168.00000  178.50000  6.25%     -    7s
H    0     0                     169.0000000  178.50000  5.62%     -    7s
     0     0  178.50000    0  251  169.00000  178.50000  5.62%     -    7s
H    0     0                     171.0000000  178.50000  4.39%     -    9s
H    0     0                     176.0000000  178.16667  1.23%     -    9s
     0     0  178.16667    0   38  176.00000  178.16667  1.23%     -    9s
     0     0  178.16667    0  266  176.00000  178.16667  1.23%     -    9s
     0     0  178.00000    0   91  176.00000  178.00000  1.14%     -   12s
     0     0  178.00000    0   89  176.00000  178.00000  1.14%     -   12s
     0     0  178.00000    0   66  176.00000  178.00000  1.14%     -   13s
     0     0  178.00000    0  292  176.00000  178.00000  1.14%     -   13s
     0     0  178.00000    0   86  176.00000  178.00000  1.14%     -   14s
     0     0  178.00000    0   86  176.00000  178.00000  1.14%     -   14s
     0     2  178.00000    0   86  176.00000  178.00000  1.14%     -   16s
H   69    58                     177.0000000  178.00000  0.56%   781   19s
   183    87  177.97222    9  192  177.00000  178.00000  0.56%   600   20s

Cutting planes:
  Gomory: 2
  Implied bound: 209
  Clique: 15
  MIR: 85
  Flow cover: 32
  Zero half: 6
  RLT: 359
  Relax-and-lift: 5
  BQP: 252

Explored 538 nodes (310613 simplex iterations) in 21.38 seconds (24.77 work units)
Thread count was 32 (of 256 available processors)

Solution count 10: 177 176 171 ... 96

Optimal solution found (tolerance 1.00e-04)
Best objective 1.770000000000e+02, best bound 1.770000000000e+02, gap 0.0000%
Objective value: 177.0
lam[0,0] = -0.0
lam[0,1] = -0.0
lam[0,2] = 1.0
lam[0,3] = -0.0
lam[0,4] = -0.0
lam[0,5] = -0.0
lam[0,6] = -0.0
lam[0,7] = -0.0
lam[0,8] = -0.0
lam[1,0] = -0.0
lam[1,1] = -0.0
lam[1,2] = -0.0
lam[1,3] = 1.0
lam[1,4] = -0.0
lam[1,5] = -0.0
lam[1,6] = -0.0
lam[1,7] = -0.0
lam[1,8] = -0.0
lam[2,0] = 1.0
lam[2,1] = -0.0
lam[2,2] = -0.0
lam[2,3] = 0.0
lam[2,4] = -0.0
lam[2,5] = 0.0
lam[2,6] = -0.0
lam[2,7] = -0.0
lam[2,8] = -0.0
tau[0,0,1] = 1.0
tau[0,0,2] = -0.0
tau[0,0,L0] = -0.0
tau[0,0,L1] = -0.0
tau[0,0,L2] = -0.0
tau[0,1,1] = 1.0
tau[0,1,2] = 0.0
tau[0,1,L0] = 0.0
tau[0,1,L1] = -0.0
tau[0,1,L2] = -0.0
tau[0,2,1] = 0.0
tau[0,2,2] = -0.0
tau[0,2,L0] = 0.0
tau[0,2,L1] = 1.0
tau[0,2,L2] = 0.0
tau[0,3,1] = -0.0
tau[0,3,2] = 1.0
tau[0,3,L0] = -0.0
tau[0,3,L1] = 0.0
tau[0,3,L2] = 0.0
tau[0,4,1] = 0.0
tau[0,4,2] = 1.0
tau[0,4,L0] = -0.0
tau[0,4,L1] = 0.0
tau[0,4,L2] = 0.0
tau[0,5,1] = 0.0
tau[0,5,2] = 1.0
tau[0,5,L0] = 0.0
tau[0,5,L1] = -0.0
tau[0,5,L2] = -0.0
tau[2,0,L0] = 0.0
tau[2,0,L1] = 1.0
tau[2,0,L2] = -0.0
tau[2,1,L0] = 1.0
tau[2,1,L1] = 0.0
tau[2,1,L2] = 0.0
tau[2,2,L0] = 1.0
tau[2,2,L1] = -0.0
tau[2,2,L2] = 0.0
tau[2,3,L0] = 1.0
tau[2,3,L1] = -0.0
tau[2,3,L2] = -0.0
tau[2,4,L0] = 0.0
tau[2,4,L1] = -0.0
tau[2,4,L2] = 0.0
tau[2,5,L0] = -0.0
tau[2,5,L1] = -0.0
tau[2,5,L2] = -0.0
tau[1,0,2] = 0.0
tau[1,0,L0] = 0.0
tau[1,0,L1] = 1.0
tau[1,0,L2] = 0.0
tau[1,1,2] = 0.0
tau[1,1,L0] = 0.0
tau[1,1,L1] = 1.0
tau[1,1,L2] = 0.0
tau[1,2,2] = 0.0
tau[1,2,L0] = 0.0
tau[1,2,L1] = 0.0
tau[1,2,L2] = 1.0
tau[1,3,2] = 0.0
tau[1,3,L0] = 0.0
tau[1,3,L1] = 0.0
tau[1,3,L2] = 1.0
tau[1,4,2] = 0.0
tau[1,4,L0] = 0.0
tau[1,4,L1] = 0.0
tau[1,4,L2] = 1.0
tau[1,5,2] = 0.0
tau[1,5,L0] = 0.0
tau[1,5,L1] = 0.0
tau[1,5,L2] = 0.0
m[0,0] = 1.0
m[0,1] = 1.0
m[0,2] = 1.0
m[0,3] = 1.0
m[0,4] = 1.0
m[0,5] = 1.0
m[0,6] = 1.0
m[0,7] = 1.0
m[0,8] = 1.0
m[0,9] = 1.0
m[0,10] = 1.0
m[0,11] = 1.0
m[0,12] = 1.0
m[0,13] = 1.0
m[0,14] = 1.0
m[0,15] = 1.0
m[0,16] = 1.0
m[0,17] = 1.0
m[0,18] = 1.0
m[0,19] = 1.0
m[0,20] = 1.0
m[0,21] = 1.0
m[0,22] = 1.0
m[0,23] = 0.0
m[0,24] = 1.0
m[0,25] = 1.0
m[0,26] = 1.0
m[0,27] = 1.0
m[0,28] = 1.0
m[0,29] = 1.0
m[0,30] = 1.0
m[0,31] = 1.0
m[0,32] = 1.0
m[0,33] = 1.0
m[0,34] = 1.0
m[0,35] = 1.0
m[0,36] = 1.0
m[0,37] = 1.0
m[0,38] = 1.0
m[0,39] = 1.0
m[0,40] = 1.0
m[0,41] = 1.0
m[0,42] = 1.0
m[0,43] = 1.0
m[0,44] = 1.0
m[0,45] = 1.0
m[0,46] = 1.0
m[0,47] = 1.0
m[0,48] = 1.0
m[0,49] = 1.0
m[0,50] = 1.0
m[0,51] = 1.0
m[0,52] = 1.0
m[0,53] = 1.0
m[0,54] = 1.0
m[0,55] = 1.0
m[0,56] = 1.0
m[0,57] = 1.0
m[0,58] = 1.0
m[0,59] = 1.0
m[0,60] = 1.0
m[0,61] = 0.0
m[0,62] = 1.0
m[0,63] = 1.0
m[0,64] = 1.0
m[0,65] = 1.0
m[0,66] = 0.0
m[0,67] = 1.0
m[0,68] = 1.0
m[0,69] = 1.0
m[0,70] = 1.0
m[0,71] = 0.0
m[0,72] = 1.0
m[0,73] = 0.0
m[0,74] = 1.0
m[0,75] = 1.0
m[0,76] = 1.0
m[0,77] = 1.0
m[0,78] = 1.0
m[0,79] = 1.0
m[0,80] = 1.0
m[0,81] = 1.0
m[0,82] = 1.0
m[0,83] = 0.0
m[0,84] = 1.0
m[0,85] = 1.0
m[0,86] = 1.0
m[0,87] = 1.0
m[0,88] = 1.0
m[0,89] = 1.0
m[0,90] = 1.0
m[0,91] = 1.0
m[0,92] = 1.0
m[0,93] = 1.0
m[0,94] = 1.0
m[0,95] = 1.0
m[0,96] = 1.0
m[0,97] = 1.0
m[0,98] = 1.0
m[0,99] = 1.0
m[0,100] = 1.0
m[0,101] = 1.0
m[0,102] = 1.0
m[0,103] = 1.0
m[0,104] = 1.0
m[0,105] = 1.0
m[0,106] = 1.0
m[0,107] = 1.0
m[0,108] = 1.0
m[0,109] = 1.0
m[0,110] = 1.0
m[0,111] = 1.0
m[0,112] = 1.0
m[0,113] = 1.0
m[0,114] = 1.0
m[0,115] = 1.0
m[0,116] = 1.0
m[0,117] = 1.0
m[0,118] = 1.0
m[0,119] = 1.0
m[0,120] = 1.0
m[0,121] = 1.0
m[0,122] = 1.0
m[0,123] = 0.0
m[0,124] = 1.0
m[0,125] = 1.0
m[0,126] = 1.0
m[0,127] = 1.0
m[0,128] = 1.0
m[0,129] = 1.0
m[0,130] = 1.0
m[0,131] = 1.0
m[0,132] = 1.0
m[0,133] = 1.0
m[0,134] = 1.0
m[0,135] = 1.0
m[0,136] = 0.0
m[0,137] = 1.0
m[0,138] = 1.0
m[0,139] = 1.0
m[0,140] = 1.0
m[0,141] = 1.0
m[0,142] = 1.0
m[0,143] = 1.0
m[0,144] = 1.0
m[0,145] = 1.0
m[0,146] = 1.0
m[0,147] = 1.0
m[0,148] = 1.0
m[0,149] = 1.0
m[0,150] = 1.0
m[0,151] = 1.0
m[0,152] = 1.0
m[0,153] = 1.0
m[0,154] = 1.0
m[0,155] = 1.0
m[0,156] = 1.0
m[0,157] = 1.0
m[0,158] = 1.0
m[0,159] = 1.0
m[0,160] = 1.0
m[0,161] = 1.0
m[0,162] = 1.0
m[0,163] = 1.0
m[0,164] = 1.0
m[0,165] = 1.0
m[0,166] = 1.0
m[0,167] = 1.0
m[0,168] = 1.0
m[0,169] = 1.0
m[0,170] = 1.0
m[0,171] = 1.0
m[0,172] = 1.0
m[0,173] = 1.0
m[0,174] = 1.0
m[0,175] = 1.0
m[0,176] = 1.0
m[0,177] = 1.0
u[0] = 1.0
u[1] = 1.0
u[2] = 1.0
o_u[0,0] = 0.0
o_u[0,1] = 0.0
o_u[0,2] = 1.0
o_u[0,3] = -0.0
o_u[0,4] = -0.0
o_u[0,5] = 0.0
o_u[0,6] = -0.0
o_u[0,7] = -0.0
o_u[0,8] = -0.0
o_u[1,0] = 0.0
o_u[1,1] = 0.0
o_u[1,2] = 0.0
o_u[1,3] = 1.0
o_u[1,4] = 0.0
o_u[1,5] = 0.0
o_u[1,6] = 0.0
o_u[1,7] = 0.0
o_u[1,8] = 0.0
o_u[2,0] = 1.0
o_u[2,1] = 0.0
o_u[2,2] = 0.0
o_u[2,3] = 0.0
o_u[2,4] = 0.0
o_u[2,5] = 0.0
o_u[2,6] = 0.0
o_u[2,7] = 0.0
o_u[2,8] = 0.0
THE NEW CORRECTNESS IS: 0.9550561797752809, AND THE NEW EXPLAINABILITY IS: 7.0
************************************************************
New pareto points added, correctness = 0.9550561797752809 , explainability = 7.0
App ending 1......
End of find_pareto_solution_more_e 4 @@@@@@@@@@@@@
Inside find_pareto_solution_more_e
----------------------------------
THE CURRENT CORRECTNESS IS: 0.9550561797752809, AND THE CURRENT EXPLAINABILITY IS: 7.0
Gurobi Optimizer version 12.0.3 build v12.0.3rc0 (linux64 - "Ubuntu 22.04.5 LTS")

CPU model: AMD EPYC 7742 64-Core Processor, instruction set [SSE2|AVX|AVX2]
Thread count: 128 physical cores, 256 logical processors, using up to 32 threads

Optimize a model with 72075 rows, 17289 columns and 219598 nonzeros
Model fingerprint: 0x510ec823
Variable types: 17214 continuous, 75 integer (0 binary)
Coefficient statistics:
  Matrix range     [1e+00, 3e+00]
  Objective range  [1e+00, 3e+00]
  Bounds range     [1e+00, 1e+00]
  RHS range        [1e+00, 1e+03]

MIP start from previous solve did not produce a new incumbent solution
MIP start from previous solve violates constraint R72075 by 1.000000000

Presolve removed 58818 rows and 13600 columns
Presolve time: 1.23s
Presolved: 13257 rows, 3689 columns, 56568 nonzeros
Variable types: 3050 continuous, 639 integer (639 binary)

Root relaxation: objective 1.790000e+02, 4428 iterations, 0.41 seconds (0.49 work units)

    Nodes    |    Current Node    |     Objective Bounds      |     Work
 Expl Unexpl |  Obj  Depth IntInf | Incumbent    BestBd   Gap | It/Node Time

     0     0  179.00000    0  199          -  179.00000      -     -    3s
H    0     0                     130.0000000  179.00000  37.7%     -    3s
H    0     0                     154.5000000  179.00000  15.9%     -    3s
     0     0  178.00000    0  231  154.50000  178.00000  15.2%     -    4s
     0     0  178.00000    0  269  154.50000  178.00000  15.2%     -    4s
     0     0  178.00000    0  312  154.50000  178.00000  15.2%     -    5s
     0     0  178.00000    0  297  154.50000  178.00000  15.2%     -    6s
H    0     0                     163.0000000  178.00000  9.20%     -   13s
H    0     0                     164.0000000  178.00000  8.54%     -   13s
H    0     0                     171.0000000  177.22340  3.64%     -   13s
H    0     0                     176.0000000  177.22340  0.70%     -   13s
     0     0  177.22340    0  107  176.00000  177.22340  0.70%     -   14s
     0     0  177.13846    0  107  176.00000  177.13846  0.65%     -   14s
     0     0  177.00000    0   90  176.00000  177.00000  0.57%     -   18s
     0     0  177.00000    0   92  176.00000  177.00000  0.57%     -   18s
     0     0  177.00000    0  142  176.00000  177.00000  0.57%     -   20s
     0     0  177.00000    0  144  176.00000  177.00000  0.57%     -   20s
     0     0  177.00000    0  124  176.00000  177.00000  0.57%     -   22s
     0     0  177.00000    0  158  176.00000  177.00000  0.57%     -   22s
     0     2  177.00000    0  131  176.00000  177.00000  0.57%     -   25s
   364     4     cutoff   12       176.00000  177.00000  0.57%   629   30s

Cutting planes:
  Gomory: 2
  Implied bound: 160
  Clique: 15
  MIR: 39
  Flow cover: 14
  Inf proof: 1
  Zero half: 6
  RLT: 313
  BQP: 357
  PSD: 2

Explored 381 nodes (310526 simplex iterations) in 30.18 seconds (31.94 work units)
Thread count was 32 (of 256 available processors)

Solution count 6: 176 171 164 ... 130

Optimal solution found (tolerance 1.00e-04)
Best objective 1.760000000000e+02, best bound 1.760000000000e+02, gap 0.0000%
Objective value: 176.0
lam[0,0] = -0.0
lam[0,1] = 0.0
lam[0,2] = -0.0
lam[0,3] = 1.0
lam[0,4] = 0.0
lam[0,5] = 0.0
lam[0,6] = -0.0
lam[0,7] = 0.0
lam[0,8] = 0.0
lam[1,0] = 0.0
lam[1,1] = 0.0
lam[1,2] = 1.0
lam[1,3] = 0.0
lam[1,4] = -0.0
lam[1,5] = 0.0
lam[1,6] = 0.0
lam[1,7] = -0.0
lam[1,8] = 0.0
lam[2,0] = -0.0
lam[2,1] = -0.0
lam[2,2] = -0.0
lam[2,3] = 0.0
lam[2,4] = 0.0
lam[2,5] = 1.0
lam[2,6] = -0.0
lam[2,7] = -0.0
lam[2,8] = 0.0
tau[0,0,1] = 0.0
tau[0,0,2] = -0.0
tau[0,0,L0] = -0.0
tau[0,0,L1] = 1.0
tau[0,0,L2] = -0.0
tau[0,1,1] = 1.0
tau[0,1,2] = -0.0
tau[0,1,L0] = -0.0
tau[0,1,L1] = 0.0
tau[0,1,L2] = -0.0
tau[0,2,1] = 1.0
tau[0,2,2] = 0.0
tau[0,2,L0] = -0.0
tau[0,2,L1] = 0.0
tau[0,2,L2] = -0.0
tau[0,3,1] = 1.0
tau[0,3,2] = 0.0
tau[0,3,L0] = -0.0
tau[0,3,L1] = -0.0
tau[0,3,L2] = -0.0
tau[0,4,1] = 1.0
tau[0,4,2] = 0.0
tau[0,4,L0] = -0.0
tau[0,4,L1] = 0.0
tau[0,4,L2] = 0.0
tau[0,5,1] = 0.0
tau[0,5,2] = -0.0
tau[0,5,L0] = -0.0
tau[0,5,L1] = -0.0
tau[0,5,L2] = -0.0
tau[2,0,L0] = -0.0
tau[2,0,L1] = 1.0
tau[2,0,L2] = 0.0
tau[2,1,L0] = -0.0
tau[2,1,L1] = 1.0
tau[2,1,L2] = 0.0
tau[2,2,L0] = 1.0
tau[2,2,L1] = 0.0
tau[2,2,L2] = 0.0
tau[2,3,L0] = 1.0
tau[2,3,L1] = 0.0
tau[2,3,L2] = -0.0
tau[2,4,L0] = -0.0
tau[2,4,L1] = -0.0
tau[2,4,L2] = -0.0
tau[2,5,L0] = 0.0
tau[2,5,L1] = -0.0
tau[2,5,L2] = -0.0
tau[1,0,2] = 0.0
tau[1,0,L0] = 0.0
tau[1,0,L1] = 0.0
tau[1,0,L2] = 1.0
tau[1,1,2] = 0.0
tau[1,1,L0] = 0.0
tau[1,1,L1] = 1.0
tau[1,1,L2] = 0.0
tau[1,2,2] = 0.0
tau[1,2,L0] = 0.0
tau[1,2,L1] = 1.0
tau[1,2,L2] = 0.0
tau[1,3,2] = 1.0
tau[1,3,L0] = 0.0
tau[1,3,L1] = 0.0
tau[1,3,L2] = 0.0
tau[1,4,2] = 1.0
tau[1,4,L0] = 0.0
tau[1,4,L1] = 0.0
tau[1,4,L2] = 0.0
tau[1,5,2] = 1.0
tau[1,5,L0] = 0.0
tau[1,5,L1] = 0.0
tau[1,5,L2] = 0.0
m[0,0] = 1.0
m[0,1] = 1.0
m[0,2] = 1.0
m[0,3] = 1.0
m[0,4] = 1.0
m[0,5] = 1.0
m[0,6] = 1.0
m[0,7] = 1.0
m[0,8] = 1.0
m[0,9] = 1.0
m[0,10] = 1.0
m[0,11] = 1.0
m[0,12] = 1.0
m[0,13] = 1.0
m[0,14] = 1.0
m[0,15] = 1.0
m[0,16] = 1.0
m[0,17] = 1.0
m[0,18] = 1.0
m[0,19] = 1.0
m[0,20] = 1.0
m[0,21] = 1.0
m[0,22] = 1.0
m[0,23] = 1.0
m[0,24] = 1.0
m[0,25] = 1.0
m[0,26] = 1.0
m[0,27] = 1.0
m[0,28] = 1.0
m[0,29] = 1.0
m[0,30] = 1.0
m[0,31] = 1.0
m[0,32] = 1.0
m[0,33] = 1.0
m[0,34] = 1.0
m[0,35] = 1.0
m[0,36] = 1.0
m[0,37] = 1.0
m[0,38] = 1.0
m[0,39] = 1.0
m[0,40] = 1.0
m[0,41] = 1.0
m[0,42] = 1.0
m[0,43] = 1.0
m[0,44] = 1.0
m[0,45] = 1.0
m[0,46] = 1.0
m[0,47] = 1.0
m[0,48] = 1.0
m[0,49] = 1.0
m[0,50] = 1.0
m[0,51] = 1.0
m[0,52] = 1.0
m[0,53] = 1.0
m[0,54] = 1.0
m[0,55] = 1.0
m[0,56] = 1.0
m[0,57] = 1.0
m[0,58] = 1.0
m[0,59] = 1.0
m[0,60] = 0.0
m[0,61] = 0.0
m[0,62] = 1.0
m[0,63] = 1.0
m[0,64] = 1.0
m[0,65] = 0.0
m[0,66] = 1.0
m[0,67] = 1.0
m[0,68] = 1.0
m[0,69] = 1.0
m[0,70] = 1.0
m[0,71] = 1.0
m[0,72] = 1.0
m[0,73] = 0.0
m[0,74] = 0.0
m[0,75] = 1.0
m[0,76] = 1.0
m[0,77] = 1.0
m[0,78] = 1.0
m[0,79] = 1.0
m[0,80] = 1.0
m[0,81] = 0.0
m[0,82] = 1.0
m[0,83] = 1.0
m[0,84] = 1.0
m[0,85] = 1.0
m[0,86] = 1.0
m[0,87] = 1.0
m[0,88] = 1.0
m[0,89] = 1.0
m[0,90] = 1.0
m[0,91] = 0.0
m[0,92] = 1.0
m[0,93] = 1.0
m[0,94] = 1.0
m[0,95] = 1.0
m[0,96] = 1.0
m[0,97] = 1.0
m[0,98] = 1.0
m[0,99] = 1.0
m[0,100] = 0.0
m[0,101] = 1.0
m[0,102] = 1.0
m[0,103] = 1.0
m[0,104] = 1.0
m[0,105] = 1.0
m[0,106] = 1.0
m[0,107] = 1.0
m[0,108] = 1.0
m[0,109] = 1.0
m[0,110] = 1.0
m[0,111] = 1.0
m[0,112] = 1.0
m[0,113] = 1.0
m[0,114] = 1.0
m[0,115] = 1.0
m[0,116] = 1.0
m[0,117] = 1.0
m[0,118] = 0.0
m[0,119] = 1.0
m[0,120] = 1.0
m[0,121] = 1.0
m[0,122] = 1.0
m[0,123] = 1.0
m[0,124] = 1.0
m[0,125] = 1.0
m[0,126] = 1.0
m[0,127] = 1.0
m[0,128] = 1.0
m[0,129] = 1.0
m[0,130] = 1.0
m[0,131] = 1.0
m[0,132] = 1.0
m[0,133] = 1.0
m[0,134] = 1.0
m[0,135] = 1.0
m[0,136] = 1.0
m[0,137] = 1.0
m[0,138] = 1.0
m[0,139] = 1.0
m[0,140] = 1.0
m[0,141] = 1.0
m[0,142] = 1.0
m[0,143] = 1.0
m[0,144] = 1.0
m[0,145] = 1.0
m[0,146] = 1.0
m[0,147] = 1.0
m[0,148] = 1.0
m[0,149] = 1.0
m[0,150] = 0.0
m[0,151] = 1.0
m[0,152] = 1.0
m[0,153] = 1.0
m[0,154] = 1.0
m[0,155] = 1.0
m[0,156] = 1.0
m[0,157] = 1.0
m[0,158] = 1.0
m[0,159] = 1.0
m[0,160] = 1.0
m[0,161] = 1.0
m[0,162] = 1.0
m[0,163] = 1.0
m[0,164] = 1.0
m[0,165] = 1.0
m[0,166] = 1.0
m[0,167] = 1.0
m[0,168] = 1.0
m[0,169] = 1.0
m[0,170] = 1.0
m[0,171] = 1.0
m[0,172] = 1.0
m[0,173] = 1.0
m[0,174] = 1.0
m[0,175] = 1.0
m[0,176] = 1.0
m[0,177] = 1.0
u[0] = 1.0
u[1] = 1.0
u[2] = 1.0
o_u[0,0] = 0.0
o_u[0,1] = 0.0
o_u[0,2] = 0.0
o_u[0,3] = 1.0
o_u[0,4] = 0.0
o_u[0,5] = 0.0
o_u[0,6] = -0.0
o_u[0,7] = 0.0
o_u[0,8] = 0.0
o_u[1,0] = 0.0
o_u[1,1] = 0.0
o_u[1,2] = 1.0
o_u[1,3] = 0.0
o_u[1,4] = 0.0
o_u[1,5] = 0.0
o_u[1,6] = 0.0
o_u[1,7] = 0.0
o_u[1,8] = 0.0
o_u[2,0] = 0.0
o_u[2,1] = 0.0
o_u[2,2] = 0.0
o_u[2,3] = 0.0
o_u[2,4] = 0.0
o_u[2,5] = 1.0
o_u[2,6] = 0.0
o_u[2,7] = 0.0
o_u[2,8] = 0.0
THE NEW CORRECTNESS IS: 0.9438202247191011, AND THE NEW EXPLAINABILITY IS: 8.0
************************************************************
New pareto points added, correctness = 0.9438202247191011 , explainability = 8.0
App ending 1......
End of find_pareto_solution_more_e 4 @@@@@@@@@@@@@
Inside find_pareto_solution_more_e
----------------------------------
THE CURRENT CORRECTNESS IS: 0.9438202247191011, AND THE CURRENT EXPLAINABILITY IS: 8.0
Gurobi Optimizer version 12.0.3 build v12.0.3rc0 (linux64 - "Ubuntu 22.04.5 LTS")

CPU model: AMD EPYC 7742 64-Core Processor, instruction set [SSE2|AVX|AVX2]
Thread count: 128 physical cores, 256 logical processors, using up to 32 threads

Optimize a model with 72075 rows, 17289 columns and 219598 nonzeros
Model fingerprint: 0x5db5f60d
Variable types: 17214 continuous, 75 integer (0 binary)
Coefficient statistics:
  Matrix range     [1e+00, 3e+00]
  Objective range  [1e+00, 3e+00]
  Bounds range     [1e+00, 1e+00]
  RHS range        [1e+00, 1e+03]

MIP start from previous solve did not produce a new incumbent solution
MIP start from previous solve violates constraint R72077 by 1.000000000

Presolve removed 58818 rows and 13600 columns
Presolve time: 1.25s
Presolved: 13257 rows, 3689 columns, 56568 nonzeros
Variable types: 3050 continuous, 639 integer (639 binary)

Root relaxation: objective 1.770000e+02, 4625 iterations, 0.45 seconds (0.54 work units)

    Nodes    |    Current Node    |     Objective Bounds      |     Work
 Expl Unexpl |  Obj  Depth IntInf | Incumbent    BestBd   Gap | It/Node Time

     0     0  177.00000    0  158          -  177.00000      -     -    2s
H    0     0                     155.0000000  177.00000  14.2%     -    2s
     0     0  176.00000    0  216  155.00000  176.00000  13.5%     -    2s
H    0     0                     159.0000000  176.00000  10.7%     -    3s
     0     0  176.00000    0  268  159.00000  176.00000  10.7%     -    3s
H    0     0                     161.0000000  176.00000  9.32%     -    3s
     0     0  176.00000    0  272  161.00000  176.00000  9.32%     -    3s
H    0     0                     168.0000000  176.00000  4.76%     -    5s
H    0     0                     169.0000000  176.00000  4.14%     -    5s
     0     0  169.00000    0   64  169.00000  169.00000  0.00%     -    6s

Cutting planes:
  Gomory: 2
  Implied bound: 147
  Clique: 16
  MIR: 74
  Flow cover: 11
  Zero half: 26
  Mod-K: 2
  RLT: 166
  BQP: 141
  PSD: 4

Explored 1 nodes (19687 simplex iterations) in 6.04 seconds (5.83 work units)
Thread count was 32 (of 256 available processors)

Solution count 5: 169 168 161 ... 155

Optimal solution found (tolerance 1.00e-04)
Best objective 1.690000000000e+02, best bound 1.690000000000e+02, gap 0.0000%
Objective value: 169.0
lam[0,0] = -0.0
lam[0,1] = -0.0
lam[0,2] = 0.0
lam[0,3] = 0.0
lam[0,4] = -0.0
lam[0,5] = 1.0
lam[0,6] = -0.0
lam[0,7] = -0.0
lam[0,8] = 0.0
lam[1,0] = -0.0
lam[1,1] = -0.0
lam[1,2] = 1.0
lam[1,3] = -0.0
lam[1,4] = 0.0
lam[1,5] = 0.0
lam[1,6] = -0.0
lam[1,7] = -0.0
lam[1,8] = -0.0
lam[2,0] = 0.0
lam[2,1] = -0.0
lam[2,2] = 1.0
lam[2,3] = 0.0
lam[2,4] = -0.0
lam[2,5] = -0.0
lam[2,6] = 0.0
lam[2,7] = 0.0
lam[2,8] = -0.0
tau[0,0,1] = 1.0
tau[0,0,2] = 0.0
tau[0,0,L0] = -0.0
tau[0,0,L1] = -0.0
tau[0,0,L2] = -0.0
tau[0,1,1] = 1.0
tau[0,1,2] = 0.0
tau[0,1,L0] = -0.0
tau[0,1,L1] = 0.0
tau[0,1,L2] = -0.0
tau[0,2,1] = -0.0
tau[0,2,2] = 1.0
tau[0,2,L0] = -0.0
tau[0,2,L1] = -0.0
tau[0,2,L2] = -0.0
tau[0,3,1] = 0.0
tau[0,3,2] = -0.0
tau[0,3,L0] = 1.0
tau[0,3,L1] = -0.0
tau[0,3,L2] = -0.0
tau[0,4,1] = -0.0
tau[0,4,2] = 0.0
tau[0,4,L0] = -0.0
tau[0,4,L1] = -0.0
tau[0,4,L2] = -0.0
tau[0,5,1] = -0.0
tau[0,5,2] = -0.0
tau[0,5,L0] = 0.0
tau[0,5,L1] = -0.0
tau[0,5,L2] = -0.0
tau[2,0,L0] = -0.0
tau[2,0,L1] = -0.0
tau[2,0,L2] = 1.0
tau[2,1,L0] = -0.0
tau[2,1,L1] = 0.0
tau[2,1,L2] = 1.0
tau[2,2,L0] = -0.0
tau[2,2,L1] = 1.0
tau[2,2,L2] = 0.0
tau[2,3,L0] = 0.0
tau[2,3,L1] = 1.0
tau[2,3,L2] = -0.0
tau[2,4,L0] = 1.0
tau[2,4,L1] = 0.0
tau[2,4,L2] = -0.0
tau[2,5,L0] = 1.0
tau[2,5,L1] = 0.0
tau[2,5,L2] = -0.0
tau[1,0,2] = 0.0
tau[1,0,L0] = 0.0
tau[1,0,L1] = 0.0
tau[1,0,L2] = 1.0
tau[1,1,2] = 0.0
tau[1,1,L0] = 0.0
tau[1,1,L1] = 1.0
tau[1,1,L2] = 0.0
tau[1,2,2] = 0.0
tau[1,2,L0] = 0.0
tau[1,2,L1] = 1.0
tau[1,2,L2] = 0.0
tau[1,3,2] = 0.0
tau[1,3,L0] = 0.0
tau[1,3,L1] = 1.0
tau[1,3,L2] = 0.0
tau[1,4,2] = 0.0
tau[1,4,L0] = 0.0
tau[1,4,L1] = 1.0
tau[1,4,L2] = 0.0
tau[1,5,2] = 0.0
tau[1,5,L0] = 0.0
tau[1,5,L1] = 1.0
tau[1,5,L2] = 0.0
m[0,0] = 1.0
m[0,1] = 1.0
m[0,2] = 1.0
m[0,3] = 1.0
m[0,4] = 1.0
m[0,5] = 1.0
m[0,6] = 1.0
m[0,7] = 1.0
m[0,8] = 1.0
m[0,9] = 1.0
m[0,10] = 1.0
m[0,11] = 1.0
m[0,12] = 1.0
m[0,13] = 1.0
m[0,14] = 1.0
m[0,15] = 1.0
m[0,16] = 1.0
m[0,17] = 1.0
m[0,18] = 1.0
m[0,19] = 1.0
m[0,20] = 1.0
m[0,21] = 0.0
m[0,22] = 1.0
m[0,23] = 1.0
m[0,24] = 1.0
m[0,25] = 1.0
m[0,26] = 1.0
m[0,27] = 1.0
m[0,28] = 1.0
m[0,29] = 1.0
m[0,30] = 1.0
m[0,31] = 1.0
m[0,32] = 1.0
m[0,33] = 1.0
m[0,34] = 1.0
m[0,35] = 1.0
m[0,36] = 1.0
m[0,37] = 1.0
m[0,38] = 1.0
m[0,39] = 1.0
m[0,40] = 1.0
m[0,41] = 1.0
m[0,42] = 1.0
m[0,43] = 1.0
m[0,44] = 1.0
m[0,45] = 1.0
m[0,46] = 1.0
m[0,47] = 1.0
m[0,48] = 1.0
m[0,49] = 1.0
m[0,50] = 1.0
m[0,51] = 1.0
m[0,52] = 1.0
m[0,53] = 1.0
m[0,54] = 1.0
m[0,55] = 1.0
m[0,56] = 1.0
m[0,57] = 1.0
m[0,58] = 1.0
m[0,59] = 0.0
m[0,60] = 0.0
m[0,61] = 0.0
m[0,62] = 1.0
m[0,63] = 1.0
m[0,64] = 1.0
m[0,65] = 0.0
m[0,66] = 1.0
m[0,67] = 1.0
m[0,68] = 0.0
m[0,69] = 0.0
m[0,70] = 0.0
m[0,71] = 1.0
m[0,72] = 1.0
m[0,73] = 0.0
m[0,74] = 1.0
m[0,75] = 1.0
m[0,76] = 1.0
m[0,77] = 0.0
m[0,78] = 1.0
m[0,79] = 1.0
m[0,80] = 1.0
m[0,81] = 0.0
m[0,82] = 1.0
m[0,83] = 1.0
m[0,84] = 1.0
m[0,85] = 1.0
m[0,86] = 1.0
m[0,87] = 1.0
m[0,88] = 1.0
m[0,89] = 1.0
m[0,90] = 1.0
m[0,91] = 0.0
m[0,92] = 0.0
m[0,93] = 1.0
m[0,94] = 1.0
m[0,95] = 1.0
m[0,96] = 0.0
m[0,97] = 1.0
m[0,98] = 1.0
m[0,99] = 1.0
m[0,100] = 1.0
m[0,101] = 0.0
m[0,102] = 1.0
m[0,103] = 1.0
m[0,104] = 1.0
m[0,105] = 1.0
m[0,106] = 1.0
m[0,107] = 1.0
m[0,108] = 1.0
m[0,109] = 0.0
m[0,110] = 1.0
m[0,111] = 1.0
m[0,112] = 1.0
m[0,113] = 1.0
m[0,114] = 1.0
m[0,115] = 1.0
m[0,116] = 1.0
m[0,117] = 1.0
m[0,118] = 0.0
m[0,119] = 1.0
m[0,120] = 1.0
m[0,121] = 1.0
m[0,122] = 1.0
m[0,123] = 1.0
m[0,124] = 1.0
m[0,125] = 1.0
m[0,126] = 1.0
m[0,127] = 1.0
m[0,128] = 1.0
m[0,129] = 1.0
m[0,130] = 1.0
m[0,131] = 1.0
m[0,132] = 1.0
m[0,133] = 1.0
m[0,134] = 1.0
m[0,135] = 1.0
m[0,136] = 1.0
m[0,137] = 1.0
m[0,138] = 1.0
m[0,139] = 1.0
m[0,140] = 1.0
m[0,141] = 1.0
m[0,142] = 1.0
m[0,143] = 1.0
m[0,144] = 1.0
m[0,145] = 1.0
m[0,146] = 1.0
m[0,147] = 1.0
m[0,148] = 1.0
m[0,149] = 1.0
m[0,150] = 0.0
m[0,151] = 1.0
m[0,152] = 1.0
m[0,153] = 1.0
m[0,154] = 1.0
m[0,155] = 1.0
m[0,156] = 1.0
m[0,157] = 1.0
m[0,158] = 1.0
m[0,159] = 1.0
m[0,160] = 1.0
m[0,161] = 1.0
m[0,162] = 1.0
m[0,163] = 1.0
m[0,164] = 1.0
m[0,165] = 1.0
m[0,166] = 1.0
m[0,167] = 1.0
m[0,168] = 1.0
m[0,169] = 1.0
m[0,170] = 1.0
m[0,171] = 1.0
m[0,172] = 1.0
m[0,173] = 1.0
m[0,174] = 1.0
m[0,175] = 1.0
m[0,176] = 1.0
m[0,177] = 1.0
u[0] = 1.0
u[1] = 1.0
u[2] = 1.0
o_u[0,0] = 0.0
o_u[0,1] = 0.0
o_u[0,2] = 0.0
o_u[0,3] = 0.0
o_u[0,4] = -0.0
o_u[0,5] = 1.0
o_u[0,6] = -0.0
o_u[0,7] = -0.0
o_u[0,8] = 0.0
o_u[1,0] = 0.0
o_u[1,1] = 0.0
o_u[1,2] = 1.0
o_u[1,3] = 0.0
o_u[1,4] = 0.0
o_u[1,5] = 0.0
o_u[1,6] = 0.0
o_u[1,7] = 0.0
o_u[1,8] = 0.0
o_u[2,0] = 0.0
o_u[2,1] = 0.0
o_u[2,2] = 1.0
o_u[2,3] = 0.0
o_u[2,4] = 0.0
o_u[2,5] = 0.0
o_u[2,6] = 0.0
o_u[2,7] = 0.0
o_u[2,8] = 0.0
THE NEW CORRECTNESS IS: 0.898876404494382, AND THE NEW EXPLAINABILITY IS: 9.0
************************************************************
New pareto points added, correctness = 0.898876404494382 , explainability = 9.0
App ending 1......
End of find_pareto_solution_more_e 4 @@@@@@@@@@@@@
Inside find_pareto_solution_more_e
----------------------------------
THE CURRENT CORRECTNESS IS: 0.898876404494382, AND THE CURRENT EXPLAINABILITY IS: 9.0
Gurobi Optimizer version 12.0.3 build v12.0.3rc0 (linux64 - "Ubuntu 22.04.5 LTS")

CPU model: AMD EPYC 7742 64-Core Processor, instruction set [SSE2|AVX|AVX2]
Thread count: 128 physical cores, 256 logical processors, using up to 32 threads

Optimize a model with 72075 rows, 17289 columns and 219598 nonzeros
Model fingerprint: 0x233625e0
Variable types: 17214 continuous, 75 integer (0 binary)
Coefficient statistics:
  Matrix range     [1e+00, 3e+00]
  Objective range  [1e+00, 3e+00]
  Bounds range     [1e+00, 1e+00]
  RHS range        [1e+00, 1e+03]

MIP start from previous solve did not produce a new incumbent solution
MIP start from previous solve violates constraint R72079 by 1.000000000

Presolve removed 60359 rows and 14032 columns
Presolve time: 1.06s
Presolved: 11716 rows, 3257 columns, 46258 nonzeros
Variable types: 2724 continuous, 533 integer (533 binary)

Root relaxation: objective 1.690000e+02, 3766 iterations, 0.32 seconds (0.40 work units)

    Nodes    |    Current Node    |     Objective Bounds      |     Work
 Expl Unexpl |  Obj  Depth IntInf | Incumbent    BestBd   Gap | It/Node Time

     0     0  169.00000    0  132          -  169.00000      -     -    1s

Cutting planes:
  Gomory: 2
  Implied bound: 9
  MIR: 5
  Flow cover: 2
  Zero half: 3
  RLT: 36
  BQP: 168

Explored 1 nodes (6979 simplex iterations) in 2.05 seconds (2.21 work units)
Thread count was 32 (of 256 available processors)

Solution count 0
No other solutions better than -1e+100

Model is infeasible
Best objective -, best bound -, gap -
[INFO] Model became infeasible under the new cuts.
End of find_pareto_solution_more_e 2 @@@@@@@@@@@
Inside find_pareto_solution_more_c
Gurobi Optimizer version 12.0.3 build v12.0.3rc0 (linux64 - "Ubuntu 22.04.5 LTS")

CPU model: AMD EPYC 7742 64-Core Processor, instruction set [SSE2|AVX|AVX2]
Thread count: 128 physical cores, 256 logical processors, using up to 32 threads

Optimize a model with 72075 rows, 17289 columns and 219598 nonzeros
Model fingerprint: 0x338a652b
Variable types: 17214 continuous, 75 integer (0 binary)
Coefficient statistics:
  Matrix range     [1e+00, 3e+00]
  Objective range  [1e+00, 3e+00]
  Bounds range     [1e+00, 1e+00]
  RHS range        [1e+00, 1e+03]

MIP start from previous solve did not produce a new incumbent solution
MIP start from previous solve violates constraint R72073 by 1.000000000

Presolve removed 58781 rows and 13603 columns
Presolve time: 1.21s
Presolved: 13294 rows, 3686 columns, 56091 nonzeros
Variable types: 3050 continuous, 636 integer (636 binary)

Root relaxation: objective 1.830000e+02, 6115 iterations, 0.96 seconds (1.43 work units)
Total elapsed time = 6.14s (DegenMoves)

    Nodes    |    Current Node    |     Objective Bounds      |     Work
 Expl Unexpl |  Obj  Depth IntInf | Incumbent    BestBd   Gap | It/Node Time

     0     0  183.00000    0  107          -  183.00000      -     -    6s
     0     0  183.00000    0  501          -  183.00000      -     -    8s
     0     0  183.00000    0  178          -  183.00000      -     -   16s
     0     0  183.00000    0  419          -  183.00000      -     -   16s
     0     0  183.00000    0  214          -  183.00000      -     -   21s
     0     0  183.00000    0  389          -  183.00000      -     -   21s
     0     0  183.00000    0  175          -  183.00000      -     -   26s
     0     0  183.00000    0   52          -  183.00000      -     -   29s
     0     2  183.00000    0   50          -  183.00000      -     -   33s
     7    16  183.00000    3  343          -  183.00000      -  1615   35s
   171   136  183.00000    9  318          -  183.00000      -   729   40s
   447   236  183.00000   11  260          -  183.00000      -   759   46s
   735   262  183.00000   13  125          -  183.00000      -   674   50s
  1201   308 infeasible   18               -  183.00000      -   641   55s
  1744   323 infeasible   17               -  183.00000      -   591   60s
  3095   319 infeasible   18               -  183.00000      -   505   65s

Cutting planes:
  Cover: 2
  Implied bound: 816
  Clique: 21
  MIR: 82
  Flow cover: 83
  RLT: 492
  Relax-and-lift: 5
  BQP: 611

Explored 4668 nodes (2158409 simplex iterations) in 68.34 seconds (80.02 work units)
Thread count was 32 (of 256 available processors)

Solution count 0
No other solutions better than -1e+100

Model is infeasible
Best objective -, best bound -, gap -
[INFO] Model became infeasible under the new cuts.
End of find_pareto_solution_more_c 1 |||||||||||||||||
[0.9550561797752809, 7.0]
Printing original list
[0.9550561797752809, 7.0]
[0.9438202247191011, 8.0]
[0.898876404494382, 9.0]
Printing list after change
[0.9550561797752809, 7.0]
[0.9438202247191011, 8.0]
[0.898876404494382, 9.0]
[0.9438202247191011, 8.0]
Printing original list
[0.9550561797752809, 7.0]
[0.9438202247191011, 8.0]
[0.898876404494382, 9.0]
Printing list after change
[0.9550561797752809, 7.0]
[0.9438202247191011, 8.0]
[0.898876404494382, 9.0]
[0.898876404494382, 9.0]
Printing original list
[0.9550561797752809, 7.0]
[0.9438202247191011, 8.0]
[0.898876404494382, 9.0]
Printing list after change
[0.9550561797752809, 7.0]
[0.9438202247191011, 8.0]
[0.898876404494382, 9.0]
App ending 3....................... c = 0.9606741573033708 , e = 6.0

 Total time taken: 205.11768102645874 seconds