I AM STARTING --------------------
[]
NOW I AM GOING TO SOLVE THE MODEL FOR FIRST SOLUTION
Gurobi Optimizer version 12.0.3 build v12.0.3rc0 (linux64 - "Ubuntu 22.04.5 LTS")

CPU model: AMD EPYC 7742 64-Core Processor, instruction set [SSE2|AVX|AVX2]
Thread count: 128 physical cores, 256 logical processors, using up to 32 threads

Optimize a model with 72073 rows, 17289 columns and 219390 nonzeros
Model fingerprint: 0x0416a08b
Variable types: 0 continuous, 17289 integer (0 binary)
Coefficient statistics:
  Matrix range     [1e+00, 3e+00]
  Objective range  [1e+00, 3e+00]
  Bounds range     [1e+00, 1e+00]
  RHS range        [1e+00, 1e+03]
Presolve removed 60545 rows and 14305 columns
Presolve time: 2.25s
Presolved: 11528 rows, 2984 columns, 38494 nonzeros
Variable types: 0 continuous, 2984 integer (2984 binary)
Found heuristic solution: objective 38.0000000
Found heuristic solution: objective 51.0000000
Found heuristic solution: objective 52.0000000

Root relaxation: objective 1.870000e+02, 3604 iterations, 0.31 seconds (0.38 work units)

    Nodes    |    Current Node    |     Objective Bounds      |     Work
 Expl Unexpl |  Obj  Depth IntInf | Incumbent    BestBd   Gap | It/Node Time

     0     0  187.00000    0  711   52.00000  187.00000   260%     -    3s
H    0     0                     115.0000000  187.00000  62.6%     -    3s
H    0     0                     140.0000000  187.00000  33.6%     -    3s
     0     0  187.00000    0  843  140.00000  187.00000  33.6%     -    4s
H    0     0                     146.0000000  187.00000  28.1%     -    4s
     0     0  187.00000    0  863  146.00000  187.00000  28.1%     -    4s
H    0     0                     159.0000000  187.00000  17.6%     -    5s
H    0     0                     169.0000000  186.57143  10.4%     -    5s
     0     0  186.57143    0  786  169.00000  186.57143  10.4%     -    6s
     0     0  186.00000    0  822  169.00000  186.00000  10.1%     -    6s
     0     0  186.00000    0  963  169.00000  186.00000  10.1%     -    8s
     0     0  186.00000    0  952  169.00000  186.00000  10.1%     -    9s
H    0     0                     170.0000000  186.00000  9.41%     -    9s
     0     0  186.00000    0  773  170.00000  186.00000  9.41%     -   11s
     0     0  186.00000    0  773  170.00000  186.00000  9.41%     -   11s
     0     2  186.00000    0  707  170.00000  186.00000  9.41%     -   13s
    47    68  185.73810    6 1315  170.00000  186.00000  9.41%   744   15s
H   74    68                     171.0000000  186.00000  8.77%   623   15s
*  116   122               7     172.0000000  186.00000  8.14%   533   15s
*  183   143               8     176.0000000  186.00000  5.68%   445   16s
H  595   220                     177.0000000  185.80000  4.97%   334   18s
  1511   301  178.00000   17  650  177.00000  184.55238  4.27%   294   20s
  1849   316     cutoff   14       177.00000  184.52381  4.25%   298   26s
  2638   258  179.35000   16  758  177.00000  183.75000  3.81%   289   30s

Cutting planes:
  Gomory: 2
  Cover: 19
  Implied bound: 171
  Clique: 94
  MIR: 10
  Zero half: 170
  RLT: 192
  BQP: 25

Explored 3752 nodes (1094354 simplex iterations) in 34.65 seconds (26.79 work units)
Thread count was 32 (of 256 available processors)

Solution count 10: 177 176 172 ... 115

Optimal solution found (tolerance 1.00e-04)
Best objective 1.770000000000e+02, best bound 1.770000000000e+02, gap 0.0000%
Objective value: 177.0
lam[0,0] = -0.0
lam[0,1] = -0.0
lam[0,2] = 1.0
lam[0,3] = -0.0
lam[0,4] = -0.0
lam[0,5] = -0.0
lam[0,6] = -0.0
lam[0,7] = -0.0
lam[0,8] = -0.0
lam[1,0] = -0.0
lam[1,1] = -0.0
lam[1,2] = -0.0
lam[1,3] = 1.0
lam[1,4] = -0.0
lam[1,5] = -0.0
lam[1,6] = -0.0
lam[1,7] = -0.0
lam[1,8] = -0.0
lam[2,0] = 1.0
lam[2,1] = -0.0
lam[2,2] = -0.0
lam[2,3] = 0.0
lam[2,4] = -0.0
lam[2,5] = 0.0
lam[2,6] = -0.0
lam[2,7] = -0.0
lam[2,8] = -0.0
tau[0,0,1] = 1.0
tau[0,0,2] = 0.0
tau[0,0,L0] = 0.0
tau[0,0,L1] = -0.0
tau[0,0,L2] = 0.0
tau[0,1,1] = 1.0
tau[0,1,2] = 0.0
tau[0,1,L0] = 0.0
tau[0,1,L1] = 0.0
tau[0,1,L2] = 0.0
tau[0,2,1] = -0.0
tau[0,2,2] = 0.0
tau[0,2,L0] = 0.0
tau[0,2,L1] = 1.0
tau[0,2,L2] = 0.0
tau[0,3,1] = -0.0
tau[0,3,2] = 1.0
tau[0,3,L0] = -0.0
tau[0,3,L1] = -0.0
tau[0,3,L2] = -0.0
tau[0,4,1] = -0.0
tau[0,4,2] = 1.0
tau[0,4,L0] = -0.0
tau[0,4,L1] = -0.0
tau[0,4,L2] = -0.0
tau[0,5,1] = -0.0
tau[0,5,2] = 1.0
tau[0,5,L0] = -0.0
tau[0,5,L1] = -0.0
tau[0,5,L2] = -0.0
tau[1,0,2] = -0.0
tau[1,0,L0] = -0.0
tau[1,0,L1] = 1.0
tau[1,0,L2] = -0.0
tau[1,1,2] = -0.0
tau[1,1,L0] = -0.0
tau[1,1,L1] = 1.0
tau[1,1,L2] = -0.0
tau[1,2,2] = -0.0
tau[1,2,L0] = -0.0
tau[1,2,L1] = 0.0
tau[1,2,L2] = 1.0
tau[1,3,2] = 0.0
tau[1,3,L0] = 0.0
tau[1,3,L1] = 0.0
tau[1,3,L2] = 1.0
tau[1,4,2] = -0.0
tau[1,4,L0] = -0.0
tau[1,4,L1] = -0.0
tau[1,4,L2] = 1.0
tau[1,5,2] = -0.0
tau[1,5,L0] = -0.0
tau[1,5,L1] = -0.0
tau[1,5,L2] = -0.0
tau[2,0,L0] = -0.0
tau[2,0,L1] = 1.0
tau[2,0,L2] = -0.0
tau[2,1,L0] = 1.0
tau[2,1,L1] = 0.0
tau[2,1,L2] = 0.0
tau[2,2,L0] = 1.0
tau[2,2,L1] = 0.0
tau[2,2,L2] = 0.0
tau[2,3,L0] = 1.0
tau[2,3,L1] = -0.0
tau[2,3,L2] = -0.0
tau[2,4,L0] = 0.0
tau[2,4,L1] = 0.0
tau[2,4,L2] = 0.0
tau[2,5,L0] = -0.0
tau[2,5,L1] = -0.0
tau[2,5,L2] = 0.0
m[0,0] = 1.0
m[0,1] = 1.0
m[0,2] = 1.0
m[0,3] = 1.0
m[0,4] = 1.0
m[0,5] = 1.0
m[0,6] = 1.0
m[0,7] = 1.0
m[0,8] = 1.0
m[0,9] = 1.0
m[0,10] = 1.0
m[0,11] = 1.0
m[0,12] = 1.0
m[0,13] = 1.0
m[0,14] = 1.0
m[0,15] = 1.0
m[0,16] = 1.0
m[0,17] = 1.0
m[0,18] = 1.0
m[0,19] = 1.0
m[0,20] = 1.0
m[0,21] = 1.0
m[0,22] = 1.0
m[0,23] = 0.0
m[0,24] = 1.0
m[0,25] = 1.0
m[0,26] = 1.0
m[0,27] = 1.0
m[0,28] = 1.0
m[0,29] = 1.0
m[0,30] = 1.0
m[0,31] = 1.0
m[0,32] = 1.0
m[0,33] = 1.0
m[0,34] = 1.0
m[0,35] = 1.0
m[0,36] = 1.0
m[0,37] = 1.0
m[0,38] = 1.0
m[0,39] = 1.0
m[0,40] = 1.0
m[0,41] = 1.0
m[0,42] = 1.0
m[0,43] = 1.0
m[0,44] = 1.0
m[0,45] = 1.0
m[0,46] = 1.0
m[0,47] = 1.0
m[0,48] = 1.0
m[0,49] = 1.0
m[0,50] = 1.0
m[0,51] = 1.0
m[0,52] = 1.0
m[0,53] = 1.0
m[0,54] = 1.0
m[0,55] = 1.0
m[0,56] = 1.0
m[0,57] = 1.0
m[0,58] = 1.0
m[0,59] = 1.0
m[0,60] = 1.0
m[0,61] = 0.0
m[0,62] = 1.0
m[0,63] = 1.0
m[0,64] = 1.0
m[0,65] = 1.0
m[0,66] = 0.0
m[0,67] = 1.0
m[0,68] = 1.0
m[0,69] = 1.0
m[0,70] = 1.0
m[0,71] = 0.0
m[0,72] = 1.0
m[0,73] = 0.0
m[0,74] = 1.0
m[0,75] = 1.0
m[0,76] = 1.0
m[0,77] = 1.0
m[0,78] = 1.0
m[0,79] = 1.0
m[0,80] = 1.0
m[0,81] = 1.0
m[0,82] = 1.0
m[0,83] = 0.0
m[0,84] = 1.0
m[0,85] = 1.0
m[0,86] = 1.0
m[0,87] = 1.0
m[0,88] = 1.0
m[0,89] = 1.0
m[0,90] = 1.0
m[0,91] = 1.0
m[0,92] = 1.0
m[0,93] = 1.0
m[0,94] = 1.0
m[0,95] = 1.0
m[0,96] = 1.0
m[0,97] = 1.0
m[0,98] = 1.0
m[0,99] = 1.0
m[0,100] = 1.0
m[0,101] = 1.0
m[0,102] = 1.0
m[0,103] = 1.0
m[0,104] = 1.0
m[0,105] = 1.0
m[0,106] = 1.0
m[0,107] = 1.0
m[0,108] = 1.0
m[0,109] = 1.0
m[0,110] = 1.0
m[0,111] = 1.0
m[0,112] = 1.0
m[0,113] = 1.0
m[0,114] = 1.0
m[0,115] = 1.0
m[0,116] = 1.0
m[0,117] = 1.0
m[0,118] = 1.0
m[0,119] = 1.0
m[0,120] = 1.0
m[0,121] = 1.0
m[0,122] = 1.0
m[0,123] = 0.0
m[0,124] = 1.0
m[0,125] = 1.0
m[0,126] = 1.0
m[0,127] = 1.0
m[0,128] = 1.0
m[0,129] = 1.0
m[0,130] = 1.0
m[0,131] = 1.0
m[0,132] = 1.0
m[0,133] = 1.0
m[0,134] = 1.0
m[0,135] = 1.0
m[0,136] = 0.0
m[0,137] = 1.0
m[0,138] = 1.0
m[0,139] = 1.0
m[0,140] = 1.0
m[0,141] = 1.0
m[0,142] = 1.0
m[0,143] = 1.0
m[0,144] = 1.0
m[0,145] = 1.0
m[0,146] = 1.0
m[0,147] = 1.0
m[0,148] = 1.0
m[0,149] = 1.0
m[0,150] = 1.0
m[0,151] = 1.0
m[0,152] = 1.0
m[0,153] = 1.0
m[0,154] = 1.0
m[0,155] = 1.0
m[0,156] = 1.0
m[0,157] = 1.0
m[0,158] = 1.0
m[0,159] = 1.0
m[0,160] = 1.0
m[0,161] = 1.0
m[0,162] = 1.0
m[0,163] = 1.0
m[0,164] = 1.0
m[0,165] = 1.0
m[0,166] = 1.0
m[0,167] = 1.0
m[0,168] = 1.0
m[0,169] = 1.0
m[0,170] = 1.0
m[0,171] = 1.0
m[0,172] = 1.0
m[0,173] = 1.0
m[0,174] = 1.0
m[0,175] = 1.0
m[0,176] = 1.0
m[0,177] = 1.0
u[0] = 1.0
u[1] = 1.0
u[2] = 1.0
o_u[0,0] = -0.0
o_u[0,1] = 0.0
o_u[0,2] = 1.0
o_u[0,3] = 0.0
o_u[0,4] = 0.0
o_u[0,5] = 0.0
o_u[0,6] = 0.0
o_u[0,7] = -0.0
o_u[0,8] = 0.0
o_u[1,0] = -0.0
o_u[1,1] = -0.0
o_u[1,2] = -0.0
o_u[1,3] = 1.0
o_u[1,4] = -0.0
o_u[1,5] = -0.0
o_u[1,6] = -0.0
o_u[1,7] = -0.0
o_u[1,8] = -0.0
o_u[2,0] = 1.0
o_u[2,1] = -0.0
o_u[2,2] = -0.0
o_u[2,3] = 0.0
o_u[2,4] = -0.0
o_u[2,5] = 0.0
o_u[2,6] = -0.0
o_u[2,7] = -0.0
o_u[2,8] = -0.0
------------------------------------------------------------------------
------------------------------------------------------------------------
Saved hierarchical tree visualization to milp_tree_levels.png
[]
Gurobi Optimizer version 12.0.3 build v12.0.3rc0 (linux64 - "Ubuntu 22.04.5 LTS")

CPU model: AMD EPYC 7742 64-Core Processor, instruction set [SSE2|AVX|AVX2]
Thread count: 128 physical cores, 256 logical processors, using up to 32 threads

Optimize a model with 72073 rows, 17289 columns and 219390 nonzeros
Model fingerprint: 0x0416a08b
Variable types: 0 continuous, 17289 integer (0 binary)
Coefficient statistics:
  Matrix range     [1e+00, 3e+00]
  Objective range  [1e+00, 3e+00]
  Bounds range     [1e+00, 1e+00]
  RHS range        [1e+00, 1e+03]
Presolve removed 60545 rows and 14305 columns
Presolve time: 2.23s
Presolved: 11528 rows, 2984 columns, 38494 nonzeros
Variable types: 0 continuous, 2984 integer (2984 binary)
Found heuristic solution: objective 38.0000000
Found heuristic solution: objective 51.0000000
Found heuristic solution: objective 52.0000000

Root relaxation: objective 1.870000e+02, 3604 iterations, 0.32 seconds (0.38 work units)

    Nodes    |    Current Node    |     Objective Bounds      |     Work
 Expl Unexpl |  Obj  Depth IntInf | Incumbent    BestBd   Gap | It/Node Time

     0     0  187.00000    0  711   52.00000  187.00000   260%     -    3s
H    0     0                     115.0000000  187.00000  62.6%     -    3s
H    0     0                     140.0000000  187.00000  33.6%     -    3s
     0     0  187.00000    0  843  140.00000  187.00000  33.6%     -    4s
H    0     0                     146.0000000  187.00000  28.1%     -    4s
     0     0  187.00000    0  863  146.00000  187.00000  28.1%     -    4s
H    0     0                     159.0000000  187.00000  17.6%     -    5s
H    0     0                     169.0000000  186.57143  10.4%     -    5s
     0     0  186.57143    0  786  169.00000  186.57143  10.4%     -    6s
     0     0  186.00000    0  822  169.00000  186.00000  10.1%     -    6s
     0     0  186.00000    0  963  169.00000  186.00000  10.1%     -    7s
     0     0  186.00000    0  952  169.00000  186.00000  10.1%     -    7s
H    0     0                     170.0000000  186.00000  9.41%     -    8s
     0     0  186.00000    0  773  170.00000  186.00000  9.41%     -    9s
     0     0  186.00000    0  773  170.00000  186.00000  9.41%     -    9s
     0     2  186.00000    0  707  170.00000  186.00000  9.41%     -   11s
H   74    68                     171.0000000  186.00000  8.77%   623   12s
*  116   122               7     172.0000000  186.00000  8.14%   533   13s
*  183   143               8     176.0000000  186.00000  5.68%   445   13s
H  595   220                     177.0000000  185.80000  4.97%   334   14s
   840   258  183.43243   14  821  177.00000  185.80000  4.97%   312   15s
  1794   316 infeasible   15       177.00000  184.52381  4.25%   297   20s
  2359   282  179.33333   15  795  177.00000  184.00000  3.95%   292   25s

Cutting planes:
  Gomory: 2
  Cover: 19
  Implied bound: 171
  Clique: 94
  MIR: 10
  Zero half: 170
  RLT: 192
  BQP: 25

Explored 3752 nodes (1094354 simplex iterations) in 29.78 seconds (26.79 work units)
Thread count was 32 (of 256 available processors)

Solution count 10: 177 176 172 ... 115

Optimal solution found (tolerance 1.00e-04)
Best objective 1.770000000000e+02, best bound 1.770000000000e+02, gap 0.0000%
Objective value: 177.0
lam[0,0] = -0.0
lam[0,1] = -0.0
lam[0,2] = 1.0
lam[0,3] = -0.0
lam[0,4] = -0.0
lam[0,5] = -0.0
lam[0,6] = -0.0
lam[0,7] = -0.0
lam[0,8] = -0.0
lam[1,0] = -0.0
lam[1,1] = -0.0
lam[1,2] = -0.0
lam[1,3] = 1.0
lam[1,4] = -0.0
lam[1,5] = -0.0
lam[1,6] = -0.0
lam[1,7] = -0.0
lam[1,8] = -0.0
lam[2,0] = 1.0
lam[2,1] = -0.0
lam[2,2] = -0.0
lam[2,3] = 0.0
lam[2,4] = -0.0
lam[2,5] = 0.0
lam[2,6] = -0.0
lam[2,7] = -0.0
lam[2,8] = -0.0
tau[0,0,1] = 1.0
tau[0,0,2] = 0.0
tau[0,0,L0] = 0.0
tau[0,0,L1] = -0.0
tau[0,0,L2] = 0.0
tau[0,1,1] = 1.0
tau[0,1,2] = 0.0
tau[0,1,L0] = 0.0
tau[0,1,L1] = 0.0
tau[0,1,L2] = 0.0
tau[0,2,1] = -0.0
tau[0,2,2] = 0.0
tau[0,2,L0] = 0.0
tau[0,2,L1] = 1.0
tau[0,2,L2] = 0.0
tau[0,3,1] = -0.0
tau[0,3,2] = 1.0
tau[0,3,L0] = -0.0
tau[0,3,L1] = -0.0
tau[0,3,L2] = -0.0
tau[0,4,1] = -0.0
tau[0,4,2] = 1.0
tau[0,4,L0] = -0.0
tau[0,4,L1] = -0.0
tau[0,4,L2] = -0.0
tau[0,5,1] = -0.0
tau[0,5,2] = 1.0
tau[0,5,L0] = -0.0
tau[0,5,L1] = -0.0
tau[0,5,L2] = -0.0
tau[1,0,2] = -0.0
tau[1,0,L0] = -0.0
tau[1,0,L1] = 1.0
tau[1,0,L2] = -0.0
tau[1,1,2] = -0.0
tau[1,1,L0] = -0.0
tau[1,1,L1] = 1.0
tau[1,1,L2] = -0.0
tau[1,2,2] = -0.0
tau[1,2,L0] = -0.0
tau[1,2,L1] = 0.0
tau[1,2,L2] = 1.0
tau[1,3,2] = 0.0
tau[1,3,L0] = 0.0
tau[1,3,L1] = 0.0
tau[1,3,L2] = 1.0
tau[1,4,2] = -0.0
tau[1,4,L0] = -0.0
tau[1,4,L1] = -0.0
tau[1,4,L2] = 1.0
tau[1,5,2] = -0.0
tau[1,5,L0] = -0.0
tau[1,5,L1] = -0.0
tau[1,5,L2] = -0.0
tau[2,0,L0] = -0.0
tau[2,0,L1] = 1.0
tau[2,0,L2] = -0.0
tau[2,1,L0] = 1.0
tau[2,1,L1] = 0.0
tau[2,1,L2] = 0.0
tau[2,2,L0] = 1.0
tau[2,2,L1] = 0.0
tau[2,2,L2] = 0.0
tau[2,3,L0] = 1.0
tau[2,3,L1] = -0.0
tau[2,3,L2] = -0.0
tau[2,4,L0] = 0.0
tau[2,4,L1] = 0.0
tau[2,4,L2] = 0.0
tau[2,5,L0] = -0.0
tau[2,5,L1] = -0.0
tau[2,5,L2] = 0.0
m[0,0] = 1.0
m[0,1] = 1.0
m[0,2] = 1.0
m[0,3] = 1.0
m[0,4] = 1.0
m[0,5] = 1.0
m[0,6] = 1.0
m[0,7] = 1.0
m[0,8] = 1.0
m[0,9] = 1.0
m[0,10] = 1.0
m[0,11] = 1.0
m[0,12] = 1.0
m[0,13] = 1.0
m[0,14] = 1.0
m[0,15] = 1.0
m[0,16] = 1.0
m[0,17] = 1.0
m[0,18] = 1.0
m[0,19] = 1.0
m[0,20] = 1.0
m[0,21] = 1.0
m[0,22] = 1.0
m[0,23] = 0.0
m[0,24] = 1.0
m[0,25] = 1.0
m[0,26] = 1.0
m[0,27] = 1.0
m[0,28] = 1.0
m[0,29] = 1.0
m[0,30] = 1.0
m[0,31] = 1.0
m[0,32] = 1.0
m[0,33] = 1.0
m[0,34] = 1.0
m[0,35] = 1.0
m[0,36] = 1.0
m[0,37] = 1.0
m[0,38] = 1.0
m[0,39] = 1.0
m[0,40] = 1.0
m[0,41] = 1.0
m[0,42] = 1.0
m[0,43] = 1.0
m[0,44] = 1.0
m[0,45] = 1.0
m[0,46] = 1.0
m[0,47] = 1.0
m[0,48] = 1.0
m[0,49] = 1.0
m[0,50] = 1.0
m[0,51] = 1.0
m[0,52] = 1.0
m[0,53] = 1.0
m[0,54] = 1.0
m[0,55] = 1.0
m[0,56] = 1.0
m[0,57] = 1.0
m[0,58] = 1.0
m[0,59] = 1.0
m[0,60] = 1.0
m[0,61] = 0.0
m[0,62] = 1.0
m[0,63] = 1.0
m[0,64] = 1.0
m[0,65] = 1.0
m[0,66] = 0.0
m[0,67] = 1.0
m[0,68] = 1.0
m[0,69] = 1.0
m[0,70] = 1.0
m[0,71] = 0.0
m[0,72] = 1.0
m[0,73] = 0.0
m[0,74] = 1.0
m[0,75] = 1.0
m[0,76] = 1.0
m[0,77] = 1.0
m[0,78] = 1.0
m[0,79] = 1.0
m[0,80] = 1.0
m[0,81] = 1.0
m[0,82] = 1.0
m[0,83] = 0.0
m[0,84] = 1.0
m[0,85] = 1.0
m[0,86] = 1.0
m[0,87] = 1.0
m[0,88] = 1.0
m[0,89] = 1.0
m[0,90] = 1.0
m[0,91] = 1.0
m[0,92] = 1.0
m[0,93] = 1.0
m[0,94] = 1.0
m[0,95] = 1.0
m[0,96] = 1.0
m[0,97] = 1.0
m[0,98] = 1.0
m[0,99] = 1.0
m[0,100] = 1.0
m[0,101] = 1.0
m[0,102] = 1.0
m[0,103] = 1.0
m[0,104] = 1.0
m[0,105] = 1.0
m[0,106] = 1.0
m[0,107] = 1.0
m[0,108] = 1.0
m[0,109] = 1.0
m[0,110] = 1.0
m[0,111] = 1.0
m[0,112] = 1.0
m[0,113] = 1.0
m[0,114] = 1.0
m[0,115] = 1.0
m[0,116] = 1.0
m[0,117] = 1.0
m[0,118] = 1.0
m[0,119] = 1.0
m[0,120] = 1.0
m[0,121] = 1.0
m[0,122] = 1.0
m[0,123] = 0.0
m[0,124] = 1.0
m[0,125] = 1.0
m[0,126] = 1.0
m[0,127] = 1.0
m[0,128] = 1.0
m[0,129] = 1.0
m[0,130] = 1.0
m[0,131] = 1.0
m[0,132] = 1.0
m[0,133] = 1.0
m[0,134] = 1.0
m[0,135] = 1.0
m[0,136] = 0.0
m[0,137] = 1.0
m[0,138] = 1.0
m[0,139] = 1.0
m[0,140] = 1.0
m[0,141] = 1.0
m[0,142] = 1.0
m[0,143] = 1.0
m[0,144] = 1.0
m[0,145] = 1.0
m[0,146] = 1.0
m[0,147] = 1.0
m[0,148] = 1.0
m[0,149] = 1.0
m[0,150] = 1.0
m[0,151] = 1.0
m[0,152] = 1.0
m[0,153] = 1.0
m[0,154] = 1.0
m[0,155] = 1.0
m[0,156] = 1.0
m[0,157] = 1.0
m[0,158] = 1.0
m[0,159] = 1.0
m[0,160] = 1.0
m[0,161] = 1.0
m[0,162] = 1.0
m[0,163] = 1.0
m[0,164] = 1.0
m[0,165] = 1.0
m[0,166] = 1.0
m[0,167] = 1.0
m[0,168] = 1.0
m[0,169] = 1.0
m[0,170] = 1.0
m[0,171] = 1.0
m[0,172] = 1.0
m[0,173] = 1.0
m[0,174] = 1.0
m[0,175] = 1.0
m[0,176] = 1.0
m[0,177] = 1.0
u[0] = 1.0
u[1] = 1.0
u[2] = 1.0
o_u[0,0] = -0.0
o_u[0,1] = 0.0
o_u[0,2] = 1.0
o_u[0,3] = 0.0
o_u[0,4] = 0.0
o_u[0,5] = 0.0
o_u[0,6] = 0.0
o_u[0,7] = -0.0
o_u[0,8] = 0.0
o_u[1,0] = -0.0
o_u[1,1] = -0.0
o_u[1,2] = -0.0
o_u[1,3] = 1.0
o_u[1,4] = -0.0
o_u[1,5] = -0.0
o_u[1,6] = -0.0
o_u[1,7] = -0.0
o_u[1,8] = -0.0
o_u[2,0] = 1.0
o_u[2,1] = -0.0
o_u[2,2] = -0.0
o_u[2,3] = 0.0
o_u[2,4] = -0.0
o_u[2,5] = 0.0
o_u[2,6] = -0.0
o_u[2,7] = -0.0
o_u[2,8] = -0.0
------------------------------------------------------------------------
------------------------------------------------------------------------
Saved hierarchical tree visualization to milp_tree_levels.png
THIS IS THE INITIAL CORRECTNESS 0.9550561797752809
THIS IS THE INITIAL EXPLAINABILITY 7.0
Inside find_pareto_solution_more_e
----------------------------------
THE CURRENT CORRECTNESS IS: 0.9550561797752809, AND THE CURRENT EXPLAINABILITY IS: 7.0
Gurobi Optimizer version 12.0.3 build v12.0.3rc0 (linux64 - "Ubuntu 22.04.5 LTS")

CPU model: AMD EPYC 7742 64-Core Processor, instruction set [SSE2|AVX|AVX2]
Thread count: 128 physical cores, 256 logical processors, using up to 32 threads

Optimize a model with 72075 rows, 17289 columns and 219598 nonzeros
Model fingerprint: 0x354063cd
Variable types: 0 continuous, 17289 integer (0 binary)
Coefficient statistics:
  Matrix range     [1e+00, 3e+00]
  Objective range  [1e+00, 3e+00]
  Bounds range     [1e+00, 1e+00]
  RHS range        [1e+00, 1e+03]

MIP start from previous solve did not produce a new incumbent solution
MIP start from previous solve violates constraint R72073 by 1.000000000

Presolve removed 61003 rows and 14745 columns
Presolve time: 3.27s
Presolved: 11072 rows, 2544 columns, 36580 nonzeros
Variable types: 0 continuous, 2544 integer (2544 binary)
Found heuristic solution: objective 100.0000000

Root relaxation: objective 1.780000e+02, 4013 iterations, 0.54 seconds (0.49 work units)

    Nodes    |    Current Node    |     Objective Bounds      |     Work
 Expl Unexpl |  Obj  Depth IntInf | Incumbent    BestBd   Gap | It/Node Time

     0     0  178.00000    0  255  100.00000  178.00000  78.0%     -    4s
H    0     0                     103.0000000  178.00000  72.8%     -    4s
H    0     0                     108.0000000  178.00000  64.8%     -    4s
H    0     0                     109.0000000  178.00000  63.3%     -    4s
     0     0  178.00000    0  489  109.00000  178.00000  63.3%     -    5s
H    0     0                     124.0000000  178.00000  43.5%     -    5s
H    0     0                     164.0000000  178.00000  8.54%     -    6s
H    0     0                     168.0000000  178.00000  5.95%     -    6s
     0     0  178.00000    0  484  168.00000  178.00000  5.95%     -    7s
     0     0  178.00000    0  419  168.00000  178.00000  5.95%     -    7s
H    0     0                     169.0000000  178.00000  5.33%     -    7s
     0     0  178.00000    0  420  169.00000  178.00000  5.33%     -    7s
     0     0  178.00000    0  520  169.00000  178.00000  5.33%     -    9s
H    0     0                     170.0000000  178.00000  4.71%     -   10s
H    0     0                     172.0000000  178.00000  3.49%     -   10s
     0     0  178.00000    0  651  172.00000  178.00000  3.49%     -   10s
     0     0  178.00000    0  639  172.00000  178.00000  3.49%     -   10s
     0     0  178.00000    0  540  172.00000  178.00000  3.49%     -   12s
     0     0  178.00000    0  540  172.00000  178.00000  3.49%     -   14s
     0     2  178.00000    0  505  172.00000  178.00000  3.49%     -   16s
   304   261  177.76190   12  857  172.00000  178.00000  3.49%   381   20s
H  344   283                     175.0000000  178.00000  1.71%   369   21s
H  630   345                     176.0000000  178.00000  1.14%   321   22s
  1694   515     cutoff   18       176.00000  178.00000  1.14%   282   25s
  2286   565 infeasible   20       176.00000  178.00000  1.14%   267   30s
  4820   831  177.00000   19  708  176.00000  177.00000  0.57%   221   35s
  7771  1211  177.00000   18  540  176.00000  177.00000  0.57%   227   40s
  7776  1214  177.00000   18  788  176.00000  177.00000  0.57%   227   45s
  7783  1223  177.00000   12 1085  176.00000  177.00000  0.57%   232   50s
  8043  1188  177.00000   18  795  176.00000  177.00000  0.57%   239   55s

Cutting planes:
  Gomory: 2
  Implied bound: 7
  Clique: 22
  MIR: 2
  Zero half: 6
  RLT: 21
  Relax-and-lift: 1

Explored 8271 nodes (2071510 simplex iterations) in 56.37 seconds (54.29 work units)
Thread count was 32 (of 256 available processors)

Solution count 10: 176 175 172 ... 108

Optimal solution found (tolerance 1.00e-04)
Best objective 1.760000000000e+02, best bound 1.760000000000e+02, gap 0.0000%
Objective value: 176.0
lam[0,0] = -0.0
lam[0,1] = 0.0
lam[0,2] = -0.0
lam[0,3] = 1.0
lam[0,4] = 0.0
lam[0,5] = -0.0
lam[0,6] = 0.0
lam[0,7] = 0.0
lam[0,8] = -0.0
lam[1,0] = -0.0
lam[1,1] = 0.0
lam[1,2] = 1.0
lam[1,3] = -0.0
lam[1,4] = 0.0
lam[1,5] = -0.0
lam[1,6] = 0.0
lam[1,7] = 0.0
lam[1,8] = -0.0
lam[2,0] = -0.0
lam[2,1] = 0.0
lam[2,2] = -0.0
lam[2,3] = -0.0
lam[2,4] = 0.0
lam[2,5] = 1.0
lam[2,6] = 0.0
lam[2,7] = 0.0
lam[2,8] = -0.0
tau[0,0,1] = 0.0
tau[0,0,2] = -0.0
tau[0,0,L0] = 0.0
tau[0,0,L1] = 1.0
tau[0,0,L2] = -0.0
tau[0,1,1] = -0.0
tau[0,1,2] = 1.0
tau[0,1,L0] = -0.0
tau[0,1,L1] = 0.0
tau[0,1,L2] = -0.0
tau[0,2,1] = 1.0
tau[0,2,2] = 0.0
tau[0,2,L0] = -0.0
tau[0,2,L1] = -0.0
tau[0,2,L2] = -0.0
tau[0,3,1] = 1.0
tau[0,3,2] = -0.0
tau[0,3,L0] = -0.0
tau[0,3,L1] = -0.0
tau[0,3,L2] = -0.0
tau[0,4,1] = 1.0
tau[0,4,2] = 0.0
tau[0,4,L0] = 0.0
tau[0,4,L1] = 0.0
tau[0,4,L2] = 0.0
tau[0,5,1] = -0.0
tau[0,5,2] = -0.0
tau[0,5,L0] = -0.0
tau[0,5,L1] = -0.0
tau[0,5,L2] = -0.0
tau[1,0,2] = -0.0
tau[1,0,L0] = -0.0
tau[1,0,L1] = -0.0
tau[1,0,L2] = 1.0
tau[1,1,2] = 0.0
tau[1,1,L0] = 0.0
tau[1,1,L1] = 0.0
tau[1,1,L2] = 1.0
tau[1,2,2] = 1.0
tau[1,2,L0] = -0.0
tau[1,2,L1] = -0.0
tau[1,2,L2] = -0.0
tau[1,3,2] = -0.0
tau[1,3,L0] = 1.0
tau[1,3,L1] = 0.0
tau[1,3,L2] = 0.0
tau[1,4,2] = 0.0
tau[1,4,L0] = 1.0
tau[1,4,L1] = 0.0
tau[1,4,L2] = 0.0
tau[1,5,2] = 1.0
tau[1,5,L0] = 0.0
tau[1,5,L1] = 0.0
tau[1,5,L2] = 0.0
tau[2,0,L0] = 0.0
tau[2,0,L1] = 1.0
tau[2,0,L2] = 0.0
tau[2,1,L0] = 0.0
tau[2,1,L1] = 1.0
tau[2,1,L2] = -0.0
tau[2,2,L0] = 1.0
tau[2,2,L1] = 0.0
tau[2,2,L2] = -0.0
tau[2,3,L0] = 1.0
tau[2,3,L1] = 0.0
tau[2,3,L2] = 0.0
tau[2,4,L0] = -0.0
tau[2,4,L1] = -0.0
tau[2,4,L2] = -0.0
tau[2,5,L0] = -0.0
tau[2,5,L1] = -0.0
tau[2,5,L2] = -0.0
m[0,0] = 1.0
m[0,1] = 1.0
m[0,2] = 1.0
m[0,3] = 1.0
m[0,4] = 1.0
m[0,5] = 1.0
m[0,6] = 1.0
m[0,7] = 1.0
m[0,8] = 1.0
m[0,9] = 1.0
m[0,10] = 1.0
m[0,11] = 1.0
m[0,12] = 1.0
m[0,13] = 1.0
m[0,14] = 1.0
m[0,15] = 1.0
m[0,16] = 1.0
m[0,17] = 1.0
m[0,18] = 1.0
m[0,19] = 1.0
m[0,20] = 1.0
m[0,21] = 1.0
m[0,22] = 1.0
m[0,23] = 1.0
m[0,24] = 1.0
m[0,25] = 1.0
m[0,26] = 1.0
m[0,27] = 1.0
m[0,28] = 1.0
m[0,29] = 1.0
m[0,30] = 1.0
m[0,31] = 1.0
m[0,32] = 1.0
m[0,33] = 1.0
m[0,34] = 1.0
m[0,35] = 1.0
m[0,36] = 1.0
m[0,37] = 1.0
m[0,38] = 1.0
m[0,39] = 1.0
m[0,40] = 1.0
m[0,41] = 1.0
m[0,42] = 1.0
m[0,43] = 1.0
m[0,44] = 1.0
m[0,45] = 1.0
m[0,46] = 1.0
m[0,47] = 1.0
m[0,48] = 1.0
m[0,49] = 1.0
m[0,50] = 1.0
m[0,51] = 1.0
m[0,52] = 1.0
m[0,53] = 1.0
m[0,54] = 1.0
m[0,55] = 1.0
m[0,56] = 1.0
m[0,57] = 1.0
m[0,58] = 1.0
m[0,59] = 1.0
m[0,60] = 0.0
m[0,61] = -0.0
m[0,62] = 1.0
m[0,63] = 1.0
m[0,64] = 1.0
m[0,65] = 0.0
m[0,66] = 1.0
m[0,67] = 1.0
m[0,68] = 1.0
m[0,69] = 1.0
m[0,70] = 1.0
m[0,71] = 1.0
m[0,72] = 1.0
m[0,73] = 0.0
m[0,74] = 0.0
m[0,75] = 1.0
m[0,76] = 1.0
m[0,77] = 1.0
m[0,78] = 0.0
m[0,79] = 1.0
m[0,80] = 1.0
m[0,81] = 0.0
m[0,82] = 1.0
m[0,83] = 0.0
m[0,84] = 1.0
m[0,85] = 1.0
m[0,86] = 1.0
m[0,87] = 1.0
m[0,88] = 1.0
m[0,89] = 1.0
m[0,90] = 1.0
m[0,91] = 1.0
m[0,92] = 1.0
m[0,93] = 1.0
m[0,94] = 1.0
m[0,95] = 1.0
m[0,96] = 1.0
m[0,97] = 1.0
m[0,98] = 1.0
m[0,99] = 1.0
m[0,100] = 0.0
m[0,101] = 1.0
m[0,102] = 1.0
m[0,103] = 1.0
m[0,104] = 1.0
m[0,105] = 1.0
m[0,106] = 1.0
m[0,107] = 1.0
m[0,108] = 1.0
m[0,109] = 1.0
m[0,110] = 1.0
m[0,111] = 1.0
m[0,112] = 1.0
m[0,113] = 1.0
m[0,114] = 1.0
m[0,115] = 1.0
m[0,116] = 1.0
m[0,117] = 1.0
m[0,118] = 1.0
m[0,119] = 1.0
m[0,120] = 1.0
m[0,121] = 1.0
m[0,122] = 1.0
m[0,123] = 1.0
m[0,124] = 1.0
m[0,125] = 1.0
m[0,126] = 1.0
m[0,127] = 1.0
m[0,128] = 1.0
m[0,129] = 1.0
m[0,130] = 1.0
m[0,131] = 1.0
m[0,132] = 1.0
m[0,133] = 1.0
m[0,134] = 1.0
m[0,135] = 1.0
m[0,136] = 0.0
m[0,137] = 1.0
m[0,138] = 1.0
m[0,139] = 1.0
m[0,140] = 1.0
m[0,141] = 1.0
m[0,142] = 1.0
m[0,143] = 1.0
m[0,144] = 1.0
m[0,145] = 1.0
m[0,146] = 1.0
m[0,147] = 1.0
m[0,148] = 1.0
m[0,149] = 1.0
m[0,150] = 1.0
m[0,151] = 1.0
m[0,152] = 1.0
m[0,153] = 1.0
m[0,154] = 1.0
m[0,155] = 1.0
m[0,156] = 1.0
m[0,157] = 1.0
m[0,158] = 1.0
m[0,159] = 1.0
m[0,160] = 1.0
m[0,161] = 1.0
m[0,162] = 1.0
m[0,163] = 1.0
m[0,164] = 1.0
m[0,165] = 1.0
m[0,166] = 1.0
m[0,167] = 1.0
m[0,168] = 1.0
m[0,169] = 1.0
m[0,170] = 1.0
m[0,171] = 1.0
m[0,172] = 1.0
m[0,173] = 1.0
m[0,174] = 1.0
m[0,175] = 1.0
m[0,176] = 1.0
m[0,177] = 1.0
u[0] = 1.0
u[1] = 1.0
u[2] = 1.0
o_u[0,0] = -0.0
o_u[0,1] = 0.0
o_u[0,2] = -0.0
o_u[0,3] = 1.0
o_u[0,4] = 0.0
o_u[0,5] = 0.0
o_u[0,6] = 0.0
o_u[0,7] = 0.0
o_u[0,8] = -0.0
o_u[1,0] = -0.0
o_u[1,1] = 0.0
o_u[1,2] = 1.0
o_u[1,3] = -0.0
o_u[1,4] = 0.0
o_u[1,5] = -0.0
o_u[1,6] = 0.0
o_u[1,7] = 0.0
o_u[1,8] = -0.0
o_u[2,0] = -0.0
o_u[2,1] = 0.0
o_u[2,2] = -0.0
o_u[2,3] = -0.0
o_u[2,4] = 0.0
o_u[2,5] = 1.0
o_u[2,6] = 0.0
o_u[2,7] = 0.0
o_u[2,8] = -0.0
THE NEW CORRECTNESS IS: 0.9438202247191011, AND THE NEW EXPLAINABILITY IS: 8.0
************************************************************
New pareto points added, correctness = 0.9438202247191011 , explainability = 8.0
App ending 1......
End of find_pareto_solution_more_e 4 @@@@@@@@@@@@@
Inside find_pareto_solution_more_e
----------------------------------
THE CURRENT CORRECTNESS IS: 0.9438202247191011, AND THE CURRENT EXPLAINABILITY IS: 8.0
Gurobi Optimizer version 12.0.3 build v12.0.3rc0 (linux64 - "Ubuntu 22.04.5 LTS")

CPU model: AMD EPYC 7742 64-Core Processor, instruction set [SSE2|AVX|AVX2]
Thread count: 128 physical cores, 256 logical processors, using up to 32 threads

Optimize a model with 72075 rows, 17289 columns and 219598 nonzeros
Model fingerprint: 0x7092abf8
Variable types: 0 continuous, 17289 integer (0 binary)
Coefficient statistics:
  Matrix range     [1e+00, 3e+00]
  Objective range  [1e+00, 3e+00]
  Bounds range     [1e+00, 1e+00]
  RHS range        [1e+00, 1e+03]

MIP start from previous solve did not produce a new incumbent solution
MIP start from previous solve violates constraint R72075 by 1.000000000

Presolve removed 67460 rows and 16525 columns
Presolve time: 1.77s
Presolved: 4615 rows, 764 columns, 14986 nonzeros
Variable types: 0 continuous, 764 integer (764 binary)
Found heuristic solution: objective 111.0000000
Found heuristic solution: objective 117.0000000

Use crossover to convert LP symmetric solution to basic solution...

Root relaxation: objective 1.760000e+02, 716 iterations, 0.02 seconds (0.02 work units)

    Nodes    |    Current Node    |     Objective Bounds      |     Work
 Expl Unexpl |  Obj  Depth IntInf | Incumbent    BestBd   Gap | It/Node Time

     0     0  176.00000    0  113  117.00000  176.00000  50.4%     -    1s
H    0     0                     124.0000000  176.00000  41.9%     -    1s
H    0     0                     127.0000000  176.00000  38.6%     -    1s
H    0     0                     132.0000000  176.00000  33.3%     -    1s
H    0     0                     154.0000000  176.00000  14.3%     -    2s
H    0     0                     158.0000000  176.00000  11.4%     -    2s
H    0     0                     165.0000000  176.00000  6.67%     -    2s
     0     0  176.00000    0  243  165.00000  176.00000  6.67%     -    2s
     0     0  176.00000    0  169  165.00000  176.00000  6.67%     -    2s
     0     0  176.00000    0  215  165.00000  176.00000  6.67%     -    2s
     0     0  176.00000    0  321  165.00000  176.00000  6.67%     -    3s
H    0     0                     166.0000000  176.00000  6.02%     -    3s
H    0     0                     169.0000000  176.00000  4.14%     -    3s
     0     0  176.00000    0  281  169.00000  176.00000  4.14%     -    3s
     0     0  176.00000    0  254  169.00000  176.00000  4.14%     -    3s
     0     0  176.00000    0  254  169.00000  176.00000  4.14%     -    3s
     0     0  176.00000    0  228  169.00000  176.00000  4.14%     -    4s
     0     0  176.00000    0  205  169.00000  176.00000  4.14%     -    4s
     0     0  176.00000    0  271  169.00000  176.00000  4.14%     -    5s
     0     0  176.00000    0  346  169.00000  176.00000  4.14%     -    5s
     0     0  176.00000    0  462  169.00000  176.00000  4.14%     -    5s
     0     0  176.00000    0  426  169.00000  176.00000  4.14%     -    5s
     0     0  176.00000    0  177  169.00000  176.00000  4.14%     -    6s
     0     0  176.00000    0  278  169.00000  176.00000  4.14%     -    6s
     0     0  176.00000    0  239  169.00000  176.00000  4.14%     -    6s
     0     0  176.00000    0  235  169.00000  176.00000  4.14%     -    6s
     0     2  176.00000    0  223  169.00000  176.00000  4.14%     -    7s

Cutting planes:
  Gomory: 1
  Cover: 23
  Implied bound: 194
  Clique: 129
  MIR: 28
  StrongCG: 1
  Inf proof: 3
  Zero half: 103
  RLT: 195
  Relax-and-lift: 50
  BQP: 89

Explored 140 nodes (56422 simplex iterations) in 7.84 seconds (5.84 work units)
Thread count was 32 (of 256 available processors)

Solution count 10: 169 166 165 ... 111

Optimal solution found (tolerance 1.00e-04)
Best objective 1.690000000000e+02, best bound 1.690000000000e+02, gap 0.0000%
Objective value: 169.0
lam[0,0] = 0.0
lam[0,1] = 0.0
lam[0,2] = 1.0
lam[0,3] = 0.0
lam[0,4] = -0.0
lam[0,5] = 0.0
lam[0,6] = -0.0
lam[0,7] = -0.0
lam[0,8] = 0.0
lam[1,0] = 0.0
lam[1,1] = 0.0
lam[1,2] = 0.0
lam[1,3] = 0.0
lam[1,4] = 0.0
lam[1,5] = 1.0
lam[1,6] = 0.0
lam[1,7] = 0.0
lam[1,8] = 0.0
lam[2,0] = 0.0
lam[2,1] = 0.0
lam[2,2] = 0.0
lam[2,3] = 0.0
lam[2,4] = 0.0
lam[2,5] = 1.0
lam[2,6] = 0.0
lam[2,7] = 0.0
lam[2,8] = 0.0
tau[0,0,1] = -0.0
tau[0,0,2] = -0.0
tau[0,0,L0] = -0.0
tau[0,0,L1] = -0.0
tau[0,0,L2] = 1.0
tau[0,1,1] = -0.0
tau[0,1,2] = -0.0
tau[0,1,L0] = -0.0
tau[0,1,L1] = 1.0
tau[0,1,L2] = -0.0
tau[0,2,1] = -0.0
tau[0,2,2] = 1.0
tau[0,2,L0] = 0.0
tau[0,2,L1] = 0.0
tau[0,2,L2] = 0.0
tau[0,3,1] = -0.0
tau[0,3,2] = 1.0
tau[0,3,L0] = -0.0
tau[0,3,L1] = -0.0
tau[0,3,L2] = 0.0
tau[0,4,1] = 1.0
tau[0,4,2] = 0.0
tau[0,4,L0] = 0.0
tau[0,4,L1] = 0.0
tau[0,4,L2] = 0.0
tau[0,5,1] = 1.0
tau[0,5,2] = -0.0
tau[0,5,L0] = -0.0
tau[0,5,L1] = -0.0
tau[0,5,L2] = 0.0
tau[1,0,2] = -0.0
tau[1,0,L0] = 0.0
tau[1,0,L1] = 1.0
tau[1,0,L2] = -0.0
tau[1,1,2] = -0.0
tau[1,1,L0] = 0.0
tau[1,1,L1] = 1.0
tau[1,1,L2] = -0.0
tau[1,2,2] = -0.0
tau[1,2,L0] = 1.0
tau[1,2,L1] = -0.0
tau[1,2,L2] = 0.0
tau[1,3,2] = -0.0
tau[1,3,L0] = 1.0
tau[1,3,L1] = -0.0
tau[1,3,L2] = 0.0
tau[1,4,2] = -0.0
tau[1,4,L0] = -0.0
tau[1,4,L1] = -0.0
tau[1,4,L2] = 0.0
tau[1,5,2] = -0.0
tau[1,5,L0] = -0.0
tau[1,5,L1] = -0.0
tau[1,5,L2] = 0.0
tau[2,0,L0] = 0.0
tau[2,0,L1] = 1.0
tau[2,0,L2] = -0.0
tau[2,1,L0] = 0.0
tau[2,1,L1] = 1.0
tau[2,1,L2] = -0.0
tau[2,2,L0] = -0.0
tau[2,2,L1] = 1.0
tau[2,2,L2] = -0.0
tau[2,3,L0] = 1.0
tau[2,3,L1] = -0.0
tau[2,3,L2] = 0.0
tau[2,4,L0] = -0.0
tau[2,4,L1] = -0.0
tau[2,4,L2] = 0.0
tau[2,5,L0] = -0.0
tau[2,5,L1] = -0.0
tau[2,5,L2] = 0.0
m[0,0] = 1.0
m[0,1] = 1.0
m[0,2] = 1.0
m[0,3] = 1.0
m[0,4] = 1.0
m[0,5] = 1.0
m[0,6] = 1.0
m[0,7] = 1.0
m[0,8] = 1.0
m[0,9] = 1.0
m[0,10] = 1.0
m[0,11] = 1.0
m[0,12] = 1.0
m[0,13] = 1.0
m[0,14] = 1.0
m[0,15] = 1.0
m[0,16] = 1.0
m[0,17] = 1.0
m[0,18] = 1.0
m[0,19] = 1.0
m[0,20] = 1.0
m[0,21] = -0.0
m[0,22] = 1.0
m[0,23] = 1.0
m[0,24] = 1.0
m[0,25] = 1.0
m[0,26] = 1.0
m[0,27] = 1.0
m[0,28] = 1.0
m[0,29] = 1.0
m[0,30] = 1.0
m[0,31] = 1.0
m[0,32] = 1.0
m[0,33] = 1.0
m[0,34] = 1.0
m[0,35] = 1.0
m[0,36] = 1.0
m[0,37] = 1.0
m[0,38] = 1.0
m[0,39] = 1.0
m[0,40] = 1.0
m[0,41] = 1.0
m[0,42] = 1.0
m[0,43] = 1.0
m[0,44] = 1.0
m[0,45] = 1.0
m[0,46] = 1.0
m[0,47] = 1.0
m[0,48] = 1.0
m[0,49] = 1.0
m[0,50] = 1.0
m[0,51] = 1.0
m[0,52] = 1.0
m[0,53] = 1.0
m[0,54] = 1.0
m[0,55] = 1.0
m[0,56] = 1.0
m[0,57] = 1.0
m[0,58] = 1.0
m[0,59] = -0.0
m[0,60] = -0.0
m[0,61] = -0.0
m[0,62] = 1.0
m[0,63] = 1.0
m[0,64] = 1.0
m[0,65] = 0.0
m[0,66] = 1.0
m[0,67] = 1.0
m[0,68] = -0.0
m[0,69] = -0.0
m[0,70] = -0.0
m[0,71] = 1.0
m[0,72] = 1.0
m[0,73] = -0.0
m[0,74] = 1.0
m[0,75] = 1.0
m[0,76] = 1.0
m[0,77] = -0.0
m[0,78] = 1.0
m[0,79] = 1.0
m[0,80] = 1.0
m[0,81] = 0.0
m[0,82] = 1.0
m[0,83] = 1.0
m[0,84] = 1.0
m[0,85] = 1.0
m[0,86] = 1.0
m[0,87] = 1.0
m[0,88] = 1.0
m[0,89] = 1.0
m[0,90] = 1.0
m[0,91] = -0.0
m[0,92] = -0.0
m[0,93] = 1.0
m[0,94] = 1.0
m[0,95] = 1.0
m[0,96] = -0.0
m[0,97] = 1.0
m[0,98] = 1.0
m[0,99] = 1.0
m[0,100] = 1.0
m[0,101] = -0.0
m[0,102] = 1.0
m[0,103] = 1.0
m[0,104] = 1.0
m[0,105] = 1.0
m[0,106] = 1.0
m[0,107] = 1.0
m[0,108] = 1.0
m[0,109] = -0.0
m[0,110] = 1.0
m[0,111] = 1.0
m[0,112] = 1.0
m[0,113] = 1.0
m[0,114] = 1.0
m[0,115] = 1.0
m[0,116] = 1.0
m[0,117] = 1.0
m[0,118] = -0.0
m[0,119] = 1.0
m[0,120] = 1.0
m[0,121] = 1.0
m[0,122] = 1.0
m[0,123] = 1.0
m[0,124] = 1.0
m[0,125] = 1.0
m[0,126] = 1.0
m[0,127] = 1.0
m[0,128] = 1.0
m[0,129] = 1.0
m[0,130] = 1.0
m[0,131] = 1.0
m[0,132] = 1.0
m[0,133] = 1.0
m[0,134] = 1.0
m[0,135] = 1.0
m[0,136] = 1.0
m[0,137] = 1.0
m[0,138] = 1.0
m[0,139] = 1.0
m[0,140] = 1.0
m[0,141] = 1.0
m[0,142] = 1.0
m[0,143] = 1.0
m[0,144] = 1.0
m[0,145] = 1.0
m[0,146] = 1.0
m[0,147] = 1.0
m[0,148] = 1.0
m[0,149] = 1.0
m[0,150] = -0.0
m[0,151] = 1.0
m[0,152] = 1.0
m[0,153] = 1.0
m[0,154] = 1.0
m[0,155] = 1.0
m[0,156] = 1.0
m[0,157] = 1.0
m[0,158] = 1.0
m[0,159] = 1.0
m[0,160] = 1.0
m[0,161] = 1.0
m[0,162] = 1.0
m[0,163] = 1.0
m[0,164] = 1.0
m[0,165] = 1.0
m[0,166] = 1.0
m[0,167] = 1.0
m[0,168] = 1.0
m[0,169] = 1.0
m[0,170] = 1.0
m[0,171] = 1.0
m[0,172] = 1.0
m[0,173] = 1.0
m[0,174] = 1.0
m[0,175] = 1.0
m[0,176] = 1.0
m[0,177] = 1.0
u[0] = 1.0
u[1] = 1.0
u[2] = 1.0
o_u[0,0] = 0.0
o_u[0,1] = 0.0
o_u[0,2] = 1.0
o_u[0,3] = 0.0
o_u[0,4] = -0.0
o_u[0,5] = 0.0
o_u[0,6] = 0.0
o_u[0,7] = 0.0
o_u[0,8] = 0.0
o_u[1,0] = 0.0
o_u[1,1] = 0.0
o_u[1,2] = 0.0
o_u[1,3] = 0.0
o_u[1,4] = 0.0
o_u[1,5] = 1.0
o_u[1,6] = 0.0
o_u[1,7] = 0.0
o_u[1,8] = 0.0
o_u[2,0] = 0.0
o_u[2,1] = 0.0
o_u[2,2] = 0.0
o_u[2,3] = 0.0
o_u[2,4] = 0.0
o_u[2,5] = 1.0
o_u[2,6] = 0.0
o_u[2,7] = 0.0
o_u[2,8] = 0.0
THE NEW CORRECTNESS IS: 0.898876404494382, AND THE NEW EXPLAINABILITY IS: 9.0
************************************************************
New pareto points added, correctness = 0.898876404494382 , explainability = 9.0
App ending 1......
End of find_pareto_solution_more_e 4 @@@@@@@@@@@@@
Inside find_pareto_solution_more_e
----------------------------------
THE CURRENT CORRECTNESS IS: 0.898876404494382, AND THE CURRENT EXPLAINABILITY IS: 9.0
Gurobi Optimizer version 12.0.3 build v12.0.3rc0 (linux64 - "Ubuntu 22.04.5 LTS")

CPU model: AMD EPYC 7742 64-Core Processor, instruction set [SSE2|AVX|AVX2]
Thread count: 128 physical cores, 256 logical processors, using up to 32 threads

Optimize a model with 72075 rows, 17289 columns and 219598 nonzeros
Model fingerprint: 0xd73936e4
Variable types: 0 continuous, 17289 integer (0 binary)
Coefficient statistics:
  Matrix range     [1e+00, 3e+00]
  Objective range  [1e+00, 3e+00]
  Bounds range     [1e+00, 1e+00]
  RHS range        [1e+00, 1e+03]

MIP start from previous solve did not produce a new incumbent solution
MIP start from previous solve violates constraint R72077 by 1.000000000

Presolve removed 55891 rows and 12384 columns
Presolve time: 0.36s

Explored 0 nodes (0 simplex iterations) in 0.39 seconds (0.28 work units)
Thread count was 1 (of 256 available processors)

Solution count 0
No other solutions better than -1e+100

Model is infeasible
Best objective -, best bound -, gap -
[INFO] Model became infeasible under the new cuts.
End of find_pareto_solution_more_e 2 @@@@@@@@@@@
Inside find_pareto_solution_more_c
Gurobi Optimizer version 12.0.3 build v12.0.3rc0 (linux64 - "Ubuntu 22.04.5 LTS")

CPU model: AMD EPYC 7742 64-Core Processor, instruction set [SSE2|AVX|AVX2]
Thread count: 128 physical cores, 256 logical processors, using up to 32 threads

Optimize a model with 72075 rows, 17289 columns and 219598 nonzeros
Model fingerprint: 0xb7c0a1ff
Variable types: 0 continuous, 17289 integer (0 binary)
Coefficient statistics:
  Matrix range     [1e+00, 3e+00]
  Objective range  [1e+00, 3e+00]
  Bounds range     [1e+00, 1e+00]
  RHS range        [1e+00, 1e+03]

MIP start from previous solve did not produce a new incumbent solution
MIP start from previous solve violates constraint R72073 by 1.000000000

Presolve removed 58450 rows and 13900 columns
Presolve time: 3.88s
Presolved: 13625 rows, 3389 columns, 45260 nonzeros
Variable types: 0 continuous, 3389 integer (3389 binary)

Root simplex log...

Iteration    Objective       Primal Inf.    Dual Inf.      Time
    5018    1.8399972e+02   1.403278e+03   0.000000e+00      5s
    6374    1.8400000e+02   0.000000e+00   0.000000e+00      5s

Root relaxation: objective 1.840000e+02, 6374 iterations, 1.40 seconds (1.50 work units)

    Nodes    |    Current Node    |     Objective Bounds      |     Work
 Expl Unexpl |  Obj  Depth IntInf | Incumbent    BestBd   Gap | It/Node Time

     0     0  184.00000    0 1137          -  184.00000      -     -    6s
     0     0  184.00000    0 1542          -  184.00000      -     -    8s
     0     0  184.00000    0 1536          -  184.00000      -     -    8s
     0     0  184.00000    0  322          -  184.00000      -     -   14s
     0     0  184.00000    0  916          -  184.00000      -     -   17s
H    0     0                     177.0000000  184.00000  3.95%     -   17s
     0     0  184.00000    0  910  177.00000  184.00000  3.95%     -   17s
     0     0  184.00000    0  905  177.00000  184.00000  3.95%     -   18s
     0     0  184.00000    0  922  177.00000  184.00000  3.95%     -   18s
     0     0  184.00000    0  849  177.00000  184.00000  3.95%     -   20s
     0     0  184.00000    0  849  177.00000  184.00000  3.95%     -   20s
     0     2  184.00000    0  849  177.00000  184.00000  3.95%     -   23s
     7    10  184.00000    3 1253  177.00000  184.00000  3.95%  2290   25s
    75    85  184.00000    7 1047  177.00000  184.00000  3.95%   905   30s
   528   110  183.83333   12 1069  177.00000  184.00000  3.95%   439   36s
   860   148  182.83333   17 1358  177.00000  184.00000  3.95%   397   40s
  1982    62     cutoff   22       177.00000  184.00000  3.95%   365   45s

Cutting planes:
  Cover: 5
  Implied bound: 134
  Clique: 320
  MIR: 50
  GUB cover: 1
  Zero half: 66
  RLT: 353
  Relax-and-lift: 14
  BQP: 48

Explored 2441 nodes (946704 simplex iterations) in 47.78 seconds (43.60 work units)
Thread count was 32 (of 256 available processors)

Solution count 1: 177 

Optimal solution found (tolerance 1.00e-04)
Best objective 1.770000000000e+02, best bound 1.770000000000e+02, gap 0.0000%
Objective value: 177.0
lam[0,0] = 0.0
lam[0,1] = 0.0
lam[0,2] = 1.0
lam[0,3] = 0.0
lam[0,4] = 0.0
lam[0,5] = 0.0
lam[0,6] = 0.0
lam[0,7] = 0.0
lam[0,8] = 0.0
lam[1,0] = 0.0
lam[1,1] = 0.0
lam[1,2] = 0.0
lam[1,3] = 0.0
lam[1,4] = 0.0
lam[1,5] = 0.0
lam[1,6] = 0.0
lam[1,7] = 1.0
lam[1,8] = 0.0
lam[2,0] = 1.0
lam[2,1] = 0.0
lam[2,2] = 0.0
lam[2,3] = 0.0
lam[2,4] = 0.0
lam[2,5] = 0.0
lam[2,6] = 0.0
lam[2,7] = 0.0
lam[2,8] = 0.0
tau[0,0,1] = 1.0
tau[0,0,2] = 0.0
tau[0,0,L0] = 0.0
tau[0,0,L1] = 0.0
tau[0,0,L2] = 0.0
tau[0,1,1] = 1.0
tau[0,1,2] = 0.0
tau[0,1,L0] = 0.0
tau[0,1,L1] = 0.0
tau[0,1,L2] = 0.0
tau[0,2,1] = 0.0
tau[0,2,2] = 0.0
tau[0,2,L0] = 0.0
tau[0,2,L1] = 1.0
tau[0,2,L2] = 0.0
tau[0,3,1] = 0.0
tau[0,3,2] = 1.0
tau[0,3,L0] = 0.0
tau[0,3,L1] = 0.0
tau[0,3,L2] = 0.0
tau[0,4,1] = 0.0
tau[0,4,2] = 1.0
tau[0,4,L0] = -0.0
tau[0,4,L1] = 0.0
tau[0,4,L2] = 0.0
tau[0,5,1] = 0.0
tau[0,5,2] = 1.0
tau[0,5,L0] = 0.0
tau[0,5,L1] = 0.0
tau[0,5,L2] = 0.0
tau[1,0,2] = 0.0
tau[1,0,L0] = 0.0
tau[1,0,L1] = 1.0
tau[1,0,L2] = 0.0
tau[1,1,2] = 0.0
tau[1,1,L0] = 0.0
tau[1,1,L1] = 0.0
tau[1,1,L2] = 1.0
tau[1,2,2] = 0.0
tau[1,2,L0] = 0.0
tau[1,2,L1] = 0.0
tau[1,2,L2] = 0.0
tau[1,3,2] = 0.0
tau[1,3,L0] = 0.0
tau[1,3,L1] = 0.0
tau[1,3,L2] = 0.0
tau[1,4,2] = 0.0
tau[1,4,L0] = 0.0
tau[1,4,L1] = 0.0
tau[1,4,L2] = 0.0
tau[1,5,2] = 0.0
tau[1,5,L0] = 0.0
tau[1,5,L1] = 0.0
tau[1,5,L2] = 0.0
tau[2,0,L0] = 0.0
tau[2,0,L1] = 1.0
tau[2,0,L2] = 0.0
tau[2,1,L0] = 1.0
tau[2,1,L1] = 0.0
tau[2,1,L2] = 0.0
tau[2,2,L0] = 1.0
tau[2,2,L1] = 0.0
tau[2,2,L2] = 0.0
tau[2,3,L0] = 1.0
tau[2,3,L1] = 0.0
tau[2,3,L2] = 0.0
tau[2,4,L0] = 0.0
tau[2,4,L1] = 0.0
tau[2,4,L2] = 0.0
tau[2,5,L0] = 0.0
tau[2,5,L1] = 0.0
tau[2,5,L2] = 0.0
m[0,0] = 1.0
m[0,1] = 1.0
m[0,2] = 1.0
m[0,3] = 1.0
m[0,4] = 1.0
m[0,5] = 1.0
m[0,6] = 1.0
m[0,7] = 1.0
m[0,8] = 1.0
m[0,9] = 1.0
m[0,10] = 1.0
m[0,11] = 1.0
m[0,12] = 1.0
m[0,13] = 1.0
m[0,14] = 1.0
m[0,15] = 1.0
m[0,16] = 1.0
m[0,17] = 1.0
m[0,18] = 1.0
m[0,19] = 1.0
m[0,20] = 1.0
m[0,21] = 1.0
m[0,22] = 1.0
m[0,23] = 0.0
m[0,24] = 1.0
m[0,25] = 1.0
m[0,26] = 1.0
m[0,27] = 1.0
m[0,28] = 1.0
m[0,29] = 1.0
m[0,30] = 1.0
m[0,31] = 1.0
m[0,32] = 1.0
m[0,33] = 1.0
m[0,34] = 1.0
m[0,35] = 1.0
m[0,36] = 1.0
m[0,37] = 1.0
m[0,38] = 1.0
m[0,39] = 1.0
m[0,40] = 1.0
m[0,41] = 1.0
m[0,42] = 1.0
m[0,43] = 1.0
m[0,44] = 1.0
m[0,45] = 1.0
m[0,46] = 1.0
m[0,47] = 1.0
m[0,48] = 1.0
m[0,49] = 1.0
m[0,50] = 1.0
m[0,51] = 1.0
m[0,52] = 1.0
m[0,53] = 1.0
m[0,54] = 1.0
m[0,55] = 1.0
m[0,56] = 1.0
m[0,57] = 1.0
m[0,58] = 1.0
m[0,59] = 1.0
m[0,60] = 1.0
m[0,61] = 0.0
m[0,62] = 1.0
m[0,63] = 1.0
m[0,64] = 1.0
m[0,65] = 1.0
m[0,66] = 0.0
m[0,67] = 1.0
m[0,68] = 1.0
m[0,69] = 1.0
m[0,70] = 1.0
m[0,71] = 0.0
m[0,72] = 1.0
m[0,73] = 0.0
m[0,74] = 1.0
m[0,75] = 1.0
m[0,76] = 1.0
m[0,77] = 1.0
m[0,78] = 1.0
m[0,79] = 1.0
m[0,80] = 1.0
m[0,81] = 1.0
m[0,82] = 1.0
m[0,83] = 0.0
m[0,84] = 1.0
m[0,85] = 1.0
m[0,86] = 1.0
m[0,87] = 1.0
m[0,88] = 1.0
m[0,89] = 1.0
m[0,90] = 1.0
m[0,91] = 1.0
m[0,92] = 1.0
m[0,93] = 1.0
m[0,94] = 1.0
m[0,95] = 1.0
m[0,96] = 1.0
m[0,97] = 1.0
m[0,98] = 1.0
m[0,99] = 1.0
m[0,100] = 1.0
m[0,101] = 1.0
m[0,102] = 1.0
m[0,103] = 1.0
m[0,104] = 1.0
m[0,105] = 1.0
m[0,106] = 1.0
m[0,107] = 1.0
m[0,108] = 1.0
m[0,109] = 1.0
m[0,110] = 1.0
m[0,111] = 1.0
m[0,112] = 1.0
m[0,113] = 1.0
m[0,114] = 1.0
m[0,115] = 1.0
m[0,116] = 1.0
m[0,117] = 1.0
m[0,118] = 1.0
m[0,119] = 1.0
m[0,120] = 1.0
m[0,121] = 1.0
m[0,122] = 1.0
m[0,123] = 0.0
m[0,124] = 1.0
m[0,125] = 1.0
m[0,126] = 1.0
m[0,127] = 1.0
m[0,128] = 1.0
m[0,129] = 1.0
m[0,130] = 1.0
m[0,131] = 1.0
m[0,132] = 1.0
m[0,133] = 1.0
m[0,134] = 1.0
m[0,135] = 1.0
m[0,136] = 1.0
m[0,137] = 1.0
m[0,138] = 1.0
m[0,139] = 1.0
m[0,140] = 1.0
m[0,141] = 1.0
m[0,142] = 1.0
m[0,143] = 1.0
m[0,144] = 1.0
m[0,145] = 1.0
m[0,146] = 1.0
m[0,147] = 1.0
m[0,148] = 1.0
m[0,149] = 1.0
m[0,150] = 1.0
m[0,151] = 1.0
m[0,152] = 1.0
m[0,153] = 1.0
m[0,154] = 1.0
m[0,155] = 1.0
m[0,156] = 1.0
m[0,157] = 1.0
m[0,158] = 1.0
m[0,159] = 1.0
m[0,160] = 1.0
m[0,161] = 1.0
m[0,162] = 1.0
m[0,163] = 1.0
m[0,164] = 1.0
m[0,165] = 1.0
m[0,166] = 1.0
m[0,167] = 1.0
m[0,168] = 1.0
m[0,169] = 1.0
m[0,170] = 1.0
m[0,171] = 1.0
m[0,172] = 1.0
m[0,173] = 1.0
m[0,174] = 1.0
m[0,175] = 1.0
m[0,176] = 1.0
m[0,177] = 1.0
u[0] = 1.0
u[1] = 1.0
u[2] = 1.0
o_u[0,0] = 0.0
o_u[0,1] = 0.0
o_u[0,2] = 1.0
o_u[0,3] = 0.0
o_u[0,4] = 0.0
o_u[0,5] = 0.0
o_u[0,6] = 0.0
o_u[0,7] = 0.0
o_u[0,8] = 0.0
o_u[1,0] = 0.0
o_u[1,1] = 0.0
o_u[1,2] = 0.0
o_u[1,3] = 0.0
o_u[1,4] = 0.0
o_u[1,5] = 0.0
o_u[1,6] = 0.0
o_u[1,7] = 1.0
o_u[1,8] = 0.0
o_u[2,0] = 1.0
o_u[2,1] = 0.0
o_u[2,2] = 0.0
o_u[2,3] = 0.0
o_u[2,4] = 0.0
o_u[2,5] = 0.0
o_u[2,6] = 0.0
o_u[2,7] = 0.0
o_u[2,8] = 0.0
New pareto points added, correctness = 0.9606741573033708 , explainability = 6.0
App ending 2.................
End of find_pareto_solution_more_c 4 |||||||||||||||||
Inside find_pareto_solution_more_c
Gurobi Optimizer version 12.0.3 build v12.0.3rc0 (linux64 - "Ubuntu 22.04.5 LTS")

CPU model: AMD EPYC 7742 64-Core Processor, instruction set [SSE2|AVX|AVX2]
Thread count: 128 physical cores, 256 logical processors, using up to 32 threads

Optimize a model with 72075 rows, 17289 columns and 219598 nonzeros
Model fingerprint: 0xe5d15f49
Variable types: 0 continuous, 17289 integer (0 binary)
Coefficient statistics:
  Matrix range     [1e+00, 3e+00]
  Objective range  [1e+00, 3e+00]
  Bounds range     [1e+00, 1e+00]
  RHS range        [1e+00, 1e+03]

MIP start from previous solve did not produce a new incumbent solution
MIP start from previous solve violates constraint R72075 by 1.000000000

Presolve removed 58469 rows and 13908 columns
Presolve time: 3.44s
Presolved: 13606 rows, 3381 columns, 45184 nonzeros
Variable types: 0 continuous, 3381 integer (3381 binary)

Root simplex log...

Iteration    Objective       Primal Inf.    Dual Inf.      Time
    5707    1.8299972e+02   1.213211e+02   0.000000e+00      5s
    7058    1.8300000e+02   0.000000e+00   0.000000e+00      5s

Root relaxation: objective 1.830000e+02, 7058 iterations, 1.92 seconds (1.93 work units)

    Nodes    |    Current Node    |     Objective Bounds      |     Work
 Expl Unexpl |  Obj  Depth IntInf | Incumbent    BestBd   Gap | It/Node Time

     0     0  183.00000    0 1458          -  183.00000      -     -    9s
     0     0  183.00000    0 1442          -  183.00000      -     -   12s
     0     0  183.00000    0 1428          -  183.00000      -     -   12s
     0     0  183.00000    0 1265          -  183.00000      -     -   16s
     0     0  183.00000    0 1257          -  183.00000      -     -   16s
     0     0  183.00000    0 1173          -  183.00000      -     -   19s
     0     0  183.00000    0 1281          -  183.00000      -     -   19s
     0     0  183.00000    0 1405          -  183.00000      -     -   22s
     0     0  183.00000    0 1376          -  183.00000      -     -   22s
     0     0  183.00000    0 1408          -  183.00000      -     -   24s
     0     0  183.00000    0 1407          -  183.00000      -     -   27s
     0     2  183.00000    0 1407          -  183.00000      -     -   31s
    31    60  183.00000    5 1539          -  183.00000      -  1449   35s
   739   253  178.66667   16  781          -  183.00000      -   485   40s
  1992   383  177.85714   14  630          -  183.00000      -   410   45s
  3378   372  179.60000   16  685          -  183.00000      -   374   50s
  4589   321  183.00000   12  943          -  183.00000      -   345   55s

Cutting planes:
  Cover: 17
  Implied bound: 526
  Clique: 386
  MIR: 27
  GUB cover: 2
  Zero half: 56
  RLT: 513
  Relax-and-lift: 9
  BQP: 84

Explored 6272 nodes (2063802 simplex iterations) in 59.26 seconds (54.33 work units)
Thread count was 32 (of 256 available processors)

Solution count 0
No other solutions better than -1e+100

Model is infeasible
Best objective -, best bound -, gap -
[INFO] Model became infeasible under the new cuts.
End of find_pareto_solution_more_c 1 |||||||||||||||||
[0.9438202247191011, 8.0]
Printing original list
[0.9438202247191011, 8.0]
[0.898876404494382, 9.0]
[0.9606741573033708, 6.0]
Printing list after change
[0.9438202247191011, 8.0]
[0.898876404494382, 9.0]
[0.9606741573033708, 6.0]
[0.898876404494382, 9.0]
Printing original list
[0.9438202247191011, 8.0]
[0.898876404494382, 9.0]
[0.9606741573033708, 6.0]
Printing list after change
[0.9438202247191011, 8.0]
[0.898876404494382, 9.0]
[0.9606741573033708, 6.0]
[0.9606741573033708, 6.0]
Printing original list
[0.9438202247191011, 8.0]
[0.898876404494382, 9.0]
[0.9606741573033708, 6.0]
Printing list after change
[0.9438202247191011, 8.0]
[0.898876404494382, 9.0]
[0.9606741573033708, 6.0]
App ending 3....................... c = 0.9550561797752809 , e = 7.0

 Total time taken: 249.46579837799072 seconds