I AM STARTING --------------------
[]
NOW I AM GOING TO SOLVE THE MODEL FOR FIRST SOLUTION
Gurobi Optimizer version 12.0.3 build v12.0.3rc0 (linux64 - "Ubuntu 22.04.5 LTS")

CPU model: AMD EPYC 7742 64-Core Processor, instruction set [SSE2|AVX|AVX2]
Thread count: 128 physical cores, 256 logical processors, using up to 32 threads

Optimize a model with 106711 rows, 25034 columns and 327014 nonzeros
Model fingerprint: 0x922801c9
Variable types: 0 continuous, 25034 integer (0 binary)
Coefficient statistics:
  Matrix range     [1e+00, 3e+00]
  Objective range  [1e+00, 3e+00]
  Bounds range     [1e+00, 1e+00]
  RHS range        [1e+00, 1e+03]
Presolve removed 85384 rows and 19225 columns (presolve time = 5s)...
Presolve removed 86774 rows and 19878 columns
Presolve time: 6.79s
Presolved: 19937 rows, 5156 columns, 66701 nonzeros
Variable types: 0 continuous, 5156 integer (5156 binary)
Found heuristic solution: objective 77.0000000
Found heuristic solution: objective 90.0000000
Found heuristic solution: objective 101.0000000

Root simplex log...

Iteration    Objective       Primal Inf.    Dual Inf.      Time
       0    2.1000000e+02   4.870000e+02   0.000000e+00      7s
    6942    1.9000000e+02   0.000000e+00   0.000000e+00      9s

Root relaxation: objective 1.900000e+02, 6942 iterations, 2.54 seconds (1.45 work units)
Total elapsed time = 10.59s (DegenMoves)

    Nodes    |    Current Node    |     Objective Bounds      |     Work
 Expl Unexpl |  Obj  Depth IntInf | Incumbent    BestBd   Gap | It/Node Time

     0     0  190.00000    0  593  101.00000  190.00000  88.1%     -   11s
H    0     0                     106.0000000  190.00000  79.2%     -   11s
H    0     0                     107.0000000  190.00000  77.6%     -   11s
     0     0  190.00000    0  670  107.00000  190.00000  77.6%     -   13s
H    0     0                     160.0000000  190.00000  18.8%     -   17s
H    0     0                     172.0000000  190.00000  10.5%     -   18s
     0     0  190.00000    0  560  172.00000  190.00000  10.5%     -   19s
     0     0  189.50000    0  823  172.00000  189.50000  10.2%     -   27s
H    0     0                     173.0000000  189.50000  9.54%     -   27s
     0     0  189.50000    0  817  173.00000  189.50000  9.54%     -   27s
H    0     0                     174.0000000  189.00000  8.62%     -   34s
H    0     0                     177.0000000  189.00000  6.78%     -   34s
     0     0  189.00000    0  814  177.00000  189.00000  6.78%     -   34s
     0     0  189.00000    0  815  177.00000  189.00000  6.78%     -   34s
     0     0  189.00000    0  846  177.00000  189.00000  6.78%     -   40s
     0     0  189.00000    0  846  177.00000  189.00000  6.78%     -   41s
     0     2  189.00000    0  846  177.00000  189.00000  6.78%     -   47s
     7    14  189.00000    3  972  177.00000  189.00000  6.78%  3530   50s
H   92   132                     179.0000000  189.00000  5.59%  1394   54s
   137   213  189.00000    8 1072  179.00000  189.00000  5.59%  1115   55s
H  215   213                     180.0000000  189.00000  5.00%   903   55s
H  328   263                     182.0000000  189.00000  3.85%   767   59s
   356   312  188.50000   11 1058  182.00000  189.00000  3.85%   743   61s
H  399   312                     183.0000000  189.00000  3.28%   706   61s
   737   420  187.00000   14 1080  183.00000  189.00000  3.28%   595   65s
  1371   579  186.00000   19 1181  183.00000  189.00000  3.28%   508   70s
  1533   613  185.93333   21 1129  183.00000  189.00000  3.28%   497   77s
  1703   655  184.00000   24  992  183.00000  189.00000  3.28%   488   80s
  1996   721     cutoff   10       183.00000  189.00000  3.28%   474   85s
  2298   773     cutoff   15       183.00000  189.00000  3.28%   469   90s
  2815   873  185.50000   15  737  183.00000  189.00000  3.28%   462   95s
  3132   942  188.00000   12  687  183.00000  189.00000  3.28%   466  100s
  3387   986  187.00000   13  718  183.00000  189.00000  3.28%   465  106s
  3846  1138  185.33333   15  905  183.00000  189.00000  3.28%   467  110s
H 4022  1187                     184.0000000  189.00000  2.72%   467  113s
  4224  1200     cutoff   20       184.00000  189.00000  2.72%   464  115s
  4931  1248     cutoff   13       184.00000  188.80000  2.61%   455  120s
  6140  1300  187.00000   14 1216  184.00000  188.50000  2.45%   443  125s
  7957  1418     cutoff   20       184.00000  188.00000  2.17%   434  134s
  8029  1436  186.00000   20  673  184.00000  188.00000  2.17%   436  137s
  8348  1450     cutoff   22       184.00000  188.00000  2.17%   438  142s
  8705  1497     cutoff   22       184.00000  188.00000  2.17%   439  147s
  9232  1556     cutoff   14       184.00000  188.00000  2.17%   441  153s
  9553  1591     cutoff   15       184.00000  188.00000  2.17%   440  156s
 10553  1616  185.50000    6  846  184.00000  188.00000  2.17%   438  177s
 10555  1617  185.00000   17 1360  184.00000  188.00000  2.17%   438  183s
 10556  1618  185.60000   17 1424  184.00000  188.00000  2.17%   438  186s
 10558  1619  187.75000   13 1182  184.00000  188.00000  2.17%   438  193s
 10560  1621  185.50000    6 1100  184.00000  188.00000  2.17%   438  196s
 10564  1626  188.00000   14  706  184.00000  188.00000  2.17%   444  205s
 10578  1645  188.00000   17  556  184.00000  188.00000  2.17%   446  210s
 10691  1724  188.00000   21 1936  184.00000  188.00000  2.17%   453  216s
 10808  1730  188.00000   22 1390  184.00000  188.00000  2.17%   456  229s
 10850  1750  188.00000   22 1746  184.00000  188.00000  2.17%   458  232s
 10942  1758  187.87500   23 1400  184.00000  188.00000  2.17%   461  235s
 11115  1767     cutoff   26       184.00000  188.00000  2.17%   467  241s
 11324  1732     cutoff   33       184.00000  188.00000  2.17%   469  245s
 11528  1742  188.00000   22 1187  184.00000  188.00000  2.17%   474  252s
 11609  1725  188.00000   24 1008  184.00000  188.00000  2.17%   475  256s
 11654  1712  188.00000   25  815  184.00000  188.00000  2.17%   476  263s
 11704  1708  188.00000   26  752  184.00000  188.00000  2.17%   477  266s
 11882  1689     cutoff   29       184.00000  188.00000  2.17%   481  270s
 12215  1672 infeasible   26       184.00000  188.00000  2.17%   485  276s
 12498  1606  187.66667   27  612  184.00000  188.00000  2.17%   488  283s
 12607  1586  187.00000   28  607  184.00000  188.00000  2.17%   489  286s
 12730  1568  186.22222   29  895  184.00000  188.00000  2.17%   490  290s
 13049  1516  187.87097   26 1130  184.00000  188.00000  2.17%   494  298s
 13195  1518  185.00000   30  877  184.00000  188.00000  2.17%   497  302s
 13361  1477  188.00000   25 1406  184.00000  188.00000  2.17%   499  306s
 13774  1435  186.00000   21  807  184.00000  188.00000  2.17%   502  311s
 14195  1415  188.00000   24  609  184.00000  188.00000  2.17%   507  316s
 14747  1357  188.00000   26 1096  184.00000  188.00000  2.17%   510  320s
 15307  1291  187.00000   30  624  184.00000  188.00000  2.17%   516  327s
 15627  1317  188.00000   26 1058  184.00000  188.00000  2.17%   517  332s
 16012  1421  186.75000   28 1240  184.00000  188.00000  2.17%   520  337s
 16487  1510  186.00000   23  969  184.00000  188.00000  2.17%   521  341s
 17111  1521     cutoff   27       184.00000  188.00000  2.17%   521  347s
 17166  1533 infeasible   28       184.00000  188.00000  2.17%   521  360s
 17359  1589     cutoff   27       184.00000  188.00000  2.17%   522  368s
 17602  1627 infeasible   29       184.00000  188.00000  2.17%   524  372s
 17876  1621  187.92105   28 1259  184.00000  188.00000  2.17%   524  376s
 18282  1646  187.83333   29 1054  184.00000  188.00000  2.17%   524  384s
 18788  1634  187.00000   30  952  184.00000  188.00000  2.17%   525  392s
 19461  1666  186.33333   31  627  184.00000  188.00000  2.17%   525  396s
 20345  1741     cutoff   31       184.00000  188.00000  2.17%   524  400s
 21277  1839  186.83333   27  983  184.00000  188.00000  2.17%   523  406s
 22152  1958  186.00000   32  803  184.00000  188.00000  2.17%   524  413s
 22966  2049  186.66667   35  936  184.00000  188.00000  2.17%   525  420s
 23881  2110  186.83333   34  914  184.00000  188.00000  2.17%   527  425s
 24747  2088  185.40000   35  608  184.00000  187.90476  2.12%   529  430s
 25366  2080  185.75000   26 1124  184.00000  187.75000  2.04%   531  439s
 26415  2036     cutoff   34       184.00000  187.66667  1.99%   530  447s
 27612  1983     cutoff   30       184.00000  187.60000  1.96%   530  453s
 28273  1803     cutoff   28       184.00000  187.60000  1.96%   532  458s
 29732  1645     cutoff   29       184.00000  187.42857  1.86%   529  461s
 30631  1589  185.40000   34  864  184.00000  187.18182  1.73%   530  467s
 31843  1542  186.00000   32  907  184.00000  187.00000  1.63%   531  478s
 33011  1476  185.50000   32  779  184.00000  187.00000  1.63%   533  488s
 34129  1302 infeasible   36       184.00000  187.00000  1.63%   534  493s
 35455   961  186.25000   28  721  184.00000  187.00000  1.63%   535  498s
 36898   546 infeasible   38       184.00000  186.54167  1.38%   534  504s
 38403   216     cutoff   40       184.00000  186.33333  1.27%   534  514s
 39284     0     cutoff   42       184.00000  186.00000  1.09%   534  518s

Cutting planes:
  Gomory: 1
  Implied bound: 4
  Clique: 5
  MIR: 4
  Zero half: 21
  RLT: 27
  BQP: 1

Explored 39733 nodes (21280142 simplex iterations) in 519.32 seconds (423.92 work units)
Thread count was 32 (of 256 available processors)

Solution count 10: 184 183 182 ... 160

Optimal solution found (tolerance 1.00e-04)
Best objective 1.840000000000e+02, best bound 1.840000000000e+02, gap 0.0000%
Objective value: 184.0
lam[0,0] = 0.0
lam[0,1] = 0.0
lam[0,2] = 0.0
lam[0,3] = 1.0
lam[0,4] = 0.0
lam[0,5] = 0.0
lam[0,6] = 0.0
lam[0,7] = 0.0
lam[0,8] = 0.0
lam[1,0] = 0.0
lam[1,1] = 0.0
lam[1,2] = 1.0
lam[1,3] = 0.0
lam[1,4] = 0.0
lam[1,5] = 0.0
lam[1,6] = 0.0
lam[1,7] = 0.0
lam[1,8] = 0.0
lam[2,0] = 0.0
lam[2,1] = 0.0
lam[2,2] = 0.0
lam[2,3] = 0.0
lam[2,4] = 0.0
lam[2,5] = 1.0
lam[2,6] = 0.0
lam[2,7] = 0.0
lam[2,8] = 0.0
lam[3,0] = 0.0
lam[3,1] = 0.0
lam[3,2] = 1.0
lam[3,3] = 0.0
lam[3,4] = 0.0
lam[3,5] = 0.0
lam[3,6] = 0.0
lam[3,7] = 0.0
lam[3,8] = 0.0
tau[0,0,1] = 0.0
tau[0,0,2] = 0.0
tau[0,0,3] = 0.0
tau[0,0,L0] = 0.0
tau[0,0,L1] = 1.0
tau[0,0,L2] = 0.0
tau[0,1,1] = 0.0
tau[0,1,2] = 1.0
tau[0,1,3] = 0.0
tau[0,1,L0] = 0.0
tau[0,1,L1] = 0.0
tau[0,1,L2] = 0.0
tau[0,2,1] = 1.0
tau[0,2,2] = 0.0
tau[0,2,3] = 0.0
tau[0,2,L0] = 0.0
tau[0,2,L1] = 0.0
tau[0,2,L2] = 0.0
tau[0,3,1] = 1.0
tau[0,3,2] = 0.0
tau[0,3,3] = 0.0
tau[0,3,L0] = 0.0
tau[0,3,L1] = 0.0
tau[0,3,L2] = 0.0
tau[0,4,1] = 0.0
tau[0,4,2] = 0.0
tau[0,4,3] = 1.0
tau[0,4,L0] = 0.0
tau[0,4,L1] = 0.0
tau[0,4,L2] = 0.0
tau[0,5,1] = 0.0
tau[0,5,2] = 0.0
tau[0,5,3] = 0.0
tau[0,5,L0] = 0.0
tau[0,5,L1] = 0.0
tau[0,5,L2] = 0.0
tau[1,0,2] = 0.0
tau[1,0,3] = 0.0
tau[1,0,L0] = 0.0
tau[1,0,L1] = 0.0
tau[1,0,L2] = 1.0
tau[1,1,2] = 1.0
tau[1,1,3] = 0.0
tau[1,1,L0] = 0.0
tau[1,1,L1] = 0.0
tau[1,1,L2] = 0.0
tau[1,2,2] = 0.0
tau[1,2,3] = 0.0
tau[1,2,L0] = 0.0
tau[1,2,L1] = 1.0
tau[1,2,L2] = 0.0
tau[1,3,2] = 0.0
tau[1,3,3] = 0.0
tau[1,3,L0] = 1.0
tau[1,3,L1] = 0.0
tau[1,3,L2] = 0.0
tau[1,4,2] = 0.0
tau[1,4,3] = 0.0
tau[1,4,L0] = 1.0
tau[1,4,L1] = 0.0
tau[1,4,L2] = 0.0
tau[1,5,2] = 1.0
tau[1,5,3] = 0.0
tau[1,5,L0] = 0.0
tau[1,5,L1] = 0.0
tau[1,5,L2] = 0.0
tau[2,0,3] = 0.0
tau[2,0,L0] = 0.0
tau[2,0,L1] = 1.0
tau[2,0,L2] = 0.0
tau[2,1,3] = 0.0
tau[2,1,L0] = 0.0
tau[2,1,L1] = 1.0
tau[2,1,L2] = 0.0
tau[2,2,3] = 1.0
tau[2,2,L0] = 0.0
tau[2,2,L1] = 0.0
tau[2,2,L2] = 0.0
tau[2,3,3] = 0.0
tau[2,3,L0] = 1.0
tau[2,3,L1] = 0.0
tau[2,3,L2] = 0.0
tau[2,4,3] = 0.0
tau[2,4,L0] = 0.0
tau[2,4,L1] = 0.0
tau[2,4,L2] = 0.0
tau[2,5,3] = 0.0
tau[2,5,L0] = 0.0
tau[2,5,L1] = 0.0
tau[2,5,L2] = 0.0
tau[3,0,L0] = 0.0
tau[3,0,L1] = 0.0
tau[3,0,L2] = 1.0
tau[3,1,L0] = 0.0
tau[3,1,L1] = 0.0
tau[3,1,L2] = 1.0
tau[3,2,L0] = 0.0
tau[3,2,L1] = 1.0
tau[3,2,L2] = 0.0
tau[3,3,L0] = 0.0
tau[3,3,L1] = 1.0
tau[3,3,L2] = 0.0
tau[3,4,L0] = 1.0
tau[3,4,L1] = 0.0
tau[3,4,L2] = 0.0
tau[3,5,L0] = 1.0
tau[3,5,L1] = 0.0
tau[3,5,L2] = 0.0
m[0,0] = 1.0
m[0,1] = 1.0
m[0,2] = 1.0
m[0,3] = 1.0
m[0,4] = 1.0
m[0,5] = 1.0
m[0,6] = 1.0
m[0,7] = 1.0
m[0,8] = 1.0
m[0,9] = 1.0
m[0,10] = 1.0
m[0,11] = 1.0
m[0,12] = 1.0
m[0,13] = 1.0
m[0,14] = 1.0
m[0,15] = 1.0
m[0,16] = 1.0
m[0,17] = 1.0
m[0,18] = 1.0
m[0,19] = 1.0
m[0,20] = 1.0
m[0,21] = 1.0
m[0,22] = 1.0
m[0,23] = 1.0
m[0,24] = 1.0
m[0,25] = 1.0
m[0,26] = 1.0
m[0,27] = 1.0
m[0,28] = 1.0
m[0,29] = 1.0
m[0,30] = 1.0
m[0,31] = 1.0
m[0,32] = 1.0
m[0,33] = 1.0
m[0,34] = 1.0
m[0,35] = 1.0
m[0,36] = 1.0
m[0,37] = 1.0
m[0,38] = 1.0
m[0,39] = 1.0
m[0,40] = 1.0
m[0,41] = 1.0
m[0,42] = 1.0
m[0,43] = 1.0
m[0,44] = 1.0
m[0,45] = 1.0
m[0,46] = 1.0
m[0,47] = 1.0
m[0,48] = 1.0
m[0,49] = 1.0
m[0,50] = 1.0
m[0,51] = 1.0
m[0,52] = 1.0
m[0,53] = 1.0
m[0,54] = 1.0
m[0,55] = 1.0
m[0,56] = 1.0
m[0,57] = 1.0
m[0,58] = 1.0
m[0,59] = 1.0
m[0,60] = 0.0
m[0,61] = 0.0
m[0,62] = 1.0
m[0,63] = 1.0
m[0,64] = 1.0
m[0,65] = 0.0
m[0,66] = 1.0
m[0,67] = 1.0
m[0,68] = 1.0
m[0,69] = 1.0
m[0,70] = 1.0
m[0,71] = 1.0
m[0,72] = 1.0
m[0,73] = 0.0
m[0,74] = 1.0
m[0,75] = 1.0
m[0,76] = 1.0
m[0,77] = 1.0
m[0,78] = 1.0
m[0,79] = 1.0
m[0,80] = 1.0
m[0,81] = 0.0
m[0,82] = 1.0
m[0,83] = 1.0
m[0,84] = 1.0
m[0,85] = 1.0
m[0,86] = 1.0
m[0,87] = 1.0
m[0,88] = 1.0
m[0,89] = 1.0
m[0,90] = 1.0
m[0,91] = 1.0
m[0,92] = 1.0
m[0,93] = 1.0
m[0,94] = 1.0
m[0,95] = 1.0
m[0,96] = 1.0
m[0,97] = 1.0
m[0,98] = 1.0
m[0,99] = 1.0
m[0,100] = 1.0
m[0,101] = 1.0
m[0,102] = 1.0
m[0,103] = 1.0
m[0,104] = 1.0
m[0,105] = 1.0
m[0,106] = 1.0
m[0,107] = 1.0
m[0,108] = 1.0
m[0,109] = 1.0
m[0,110] = 1.0
m[0,111] = 1.0
m[0,112] = 1.0
m[0,113] = 1.0
m[0,114] = 1.0
m[0,115] = 1.0
m[0,116] = 1.0
m[0,117] = 1.0
m[0,118] = 1.0
m[0,119] = 1.0
m[0,120] = 1.0
m[0,121] = 1.0
m[0,122] = 1.0
m[0,123] = 1.0
m[0,124] = 1.0
m[0,125] = 1.0
m[0,126] = 1.0
m[0,127] = 1.0
m[0,128] = 1.0
m[0,129] = 1.0
m[0,130] = 1.0
m[0,131] = 1.0
m[0,132] = 1.0
m[0,133] = 1.0
m[0,134] = 1.0
m[0,135] = 1.0
m[0,136] = 1.0
m[0,137] = 1.0
m[0,138] = 1.0
m[0,139] = 1.0
m[0,140] = 1.0
m[0,141] = 1.0
m[0,142] = 1.0
m[0,143] = 1.0
m[0,144] = 1.0
m[0,145] = 1.0
m[0,146] = 1.0
m[0,147] = 1.0
m[0,148] = 1.0
m[0,149] = 1.0
m[0,150] = 1.0
m[0,151] = 1.0
m[0,152] = 1.0
m[0,153] = 1.0
m[0,154] = 1.0
m[0,155] = 1.0
m[0,156] = 1.0
m[0,157] = 1.0
m[0,158] = 1.0
m[0,159] = 1.0
m[0,160] = 1.0
m[0,161] = 1.0
m[0,162] = 1.0
m[0,163] = 1.0
m[0,164] = 1.0
m[0,165] = 1.0
m[0,166] = 1.0
m[0,167] = 1.0
m[0,168] = 1.0
m[0,169] = 1.0
m[0,170] = 1.0
m[0,171] = 1.0
m[0,172] = 1.0
m[0,173] = 1.0
m[0,174] = 1.0
m[0,175] = 1.0
m[0,176] = 1.0
m[0,177] = 1.0
u[0] = 1.0
u[1] = 1.0
u[2] = 1.0
u[3] = 1.0
o_u[0,0] = 0.0
o_u[0,1] = 0.0
o_u[0,2] = 0.0
o_u[0,3] = 1.0
o_u[0,4] = 0.0
o_u[0,5] = 0.0
o_u[0,6] = 0.0
o_u[0,7] = 0.0
o_u[0,8] = 0.0
o_u[1,0] = 0.0
o_u[1,1] = 0.0
o_u[1,2] = 1.0
o_u[1,3] = 0.0
o_u[1,4] = 0.0
o_u[1,5] = 0.0
o_u[1,6] = 0.0
o_u[1,7] = 0.0
o_u[1,8] = 0.0
o_u[2,0] = 0.0
o_u[2,1] = 0.0
o_u[2,2] = 0.0
o_u[2,3] = 0.0
o_u[2,4] = 0.0
o_u[2,5] = 1.0
o_u[2,6] = 0.0
o_u[2,7] = 0.0
o_u[2,8] = 0.0
o_u[3,0] = 0.0
o_u[3,1] = 0.0
o_u[3,2] = 1.0
o_u[3,3] = 0.0
o_u[3,4] = 0.0
o_u[3,5] = 0.0
o_u[3,6] = 0.0
o_u[3,7] = 0.0
o_u[3,8] = 0.0
------------------------------------------------------------------------
------------------------------------------------------------------------
Saved hierarchical tree visualization to milp_tree_levels.png
[]
Gurobi Optimizer version 12.0.3 build v12.0.3rc0 (linux64 - "Ubuntu 22.04.5 LTS")

CPU model: AMD EPYC 7742 64-Core Processor, instruction set [SSE2|AVX|AVX2]
Thread count: 128 physical cores, 256 logical processors, using up to 32 threads

Optimize a model with 106711 rows, 25034 columns and 327014 nonzeros
Model fingerprint: 0x922801c9
Variable types: 0 continuous, 25034 integer (0 binary)
Coefficient statistics:
  Matrix range     [1e+00, 3e+00]
  Objective range  [1e+00, 3e+00]
  Bounds range     [1e+00, 1e+00]
  RHS range        [1e+00, 1e+03]
Presolve removed 86774 rows and 19878 columns
Presolve time: 5.07s
Presolved: 19937 rows, 5156 columns, 66701 nonzeros
Variable types: 0 continuous, 5156 integer (5156 binary)
Found heuristic solution: objective 77.0000000
Found heuristic solution: objective 90.0000000
Found heuristic solution: objective 101.0000000

Root simplex log...

Iteration    Objective       Primal Inf.    Dual Inf.      Time
       0    2.1000000e+02   4.870000e+02   0.000000e+00      5s
    6942    1.9000000e+02   0.000000e+00   0.000000e+00      7s

Root relaxation: objective 1.900000e+02, 6942 iterations, 2.01 seconds (1.45 work units)

    Nodes    |    Current Node    |     Objective Bounds      |     Work
 Expl Unexpl |  Obj  Depth IntInf | Incumbent    BestBd   Gap | It/Node Time

     0     0  190.00000    0  593  101.00000  190.00000  88.1%     -    9s
H    0     0                     106.0000000  190.00000  79.2%     -    9s
H    0     0                     107.0000000  190.00000  77.6%     -   10s
     0     0  190.00000    0  670  107.00000  190.00000  77.6%     -   11s
H    0     0                     160.0000000  190.00000  18.8%     -   17s
H    0     0                     172.0000000  190.00000  10.5%     -   17s
     0     0  190.00000    0  560  172.00000  190.00000  10.5%     -   18s
     0     0  189.50000    0  823  172.00000  189.50000  10.2%     -   25s
H    0     0                     173.0000000  189.50000  9.54%     -   25s
     0     0  189.50000    0  817  173.00000  189.50000  9.54%     -   25s
H    0     0                     174.0000000  189.00000  8.62%     -   28s
H    0     0                     177.0000000  189.00000  6.78%     -   28s
     0     0  189.00000    0  814  177.00000  189.00000  6.78%     -   28s
     0     0  189.00000    0  815  177.00000  189.00000  6.78%     -   28s
     0     0  189.00000    0  846  177.00000  189.00000  6.78%     -   32s
     0     0  189.00000    0  846  177.00000  189.00000  6.78%     -   33s
     0     2  189.00000    0  846  177.00000  189.00000  6.78%     -   39s
     1     4  189.00000    1 1081  177.00000  189.00000  6.78% 14051   41s
    29    56  189.00000    5 1107  177.00000  189.00000  6.78%  2025   45s
H   92   132                     179.0000000  189.00000  5.59%  1394   48s
H  215   213                     180.0000000  189.00000  5.00%   903   49s
   248   230  188.80000    9 1328  180.00000  189.00000  5.00%   860   50s
H  328   263                     182.0000000  189.00000  3.85%   767   54s
   356   312  188.50000   11 1058  182.00000  189.00000  3.85%   743   55s
H  399   312                     183.0000000  189.00000  3.28%   706   55s
  1019   501  186.74074   17 1194  183.00000  189.00000  3.28%   543   60s
  1533   613  185.93333   21 1129  183.00000  189.00000  3.28%   497   67s
  1763   676  184.91837   24 1181  183.00000  189.00000  3.28%   488   70s
  2085   745  186.00000   10  670  183.00000  189.00000  3.28%   473   76s
  2413   799  187.50000    9 1039  183.00000  189.00000  3.28%   468   80s
  2943   912  188.66667    9  843  183.00000  189.00000  3.28%   463   86s
  3269   960  187.50000   13  676  183.00000  189.00000  3.28%   463   90s
  3697  1088  188.00000   11  722  183.00000  189.00000  3.28%   464   95s
H 4022  1187                     184.0000000  189.00000  2.72%   467   97s
  4931  1248     cutoff   13       184.00000  188.80000  2.61%   455  100s
  7525  1400  187.00000   15  835  184.00000  188.00000  2.17%   434  106s
  7957  1418     cutoff   20       184.00000  188.00000  2.17%   434  110s
  8348  1450     cutoff   22       184.00000  188.00000  2.17%   438  115s
  9232  1556     cutoff   14       184.00000  188.00000  2.17%   441  120s
 10202  1691     cutoff   16       184.00000  188.00000  2.17%   438  125s
 10553  1616  185.50000    6  846  184.00000  188.00000  2.17%   438  140s
 10555  1617  185.00000   17 1360  184.00000  188.00000  2.17%   438  147s
 10558  1619  187.75000   13 1182  184.00000  188.00000  2.17%   438  155s
 10562  1622  186.90000   13 1100  184.00000  188.00000  2.17%   438  161s
 10564  1626  188.00000   14  706  184.00000  188.00000  2.17%   444  170s
 10578  1645  188.00000   17  556  184.00000  188.00000  2.17%   446  175s
 10652  1701  188.00000   20 1162  184.00000  188.00000  2.17%   451  180s
 10770  1719  188.00000   21 1077  184.00000  188.00000  2.17%   455  185s
 10808  1730  188.00000   22 1390  184.00000  188.00000  2.17%   456  195s
 10898  1755  188.00000   23 1656  184.00000  188.00000  2.17%   460  200s
 10999  1764  188.00000   24  770  184.00000  188.00000  2.17%   463  205s
 11115  1767     cutoff   26       184.00000  188.00000  2.17%   467  210s
 11254  1737  186.42857   30  937  184.00000  188.00000  2.17%   469  215s
 11456  1742  185.50000   29  424  184.00000  188.00000  2.17%   473  221s
 11609  1725  188.00000   24 1008  184.00000  188.00000  2.17%   475  228s
 11654  1712  188.00000   25  815  184.00000  188.00000  2.17%   476  235s
 11765  1703     cutoff   27       184.00000  188.00000  2.17%   478  241s
 11882  1689     cutoff   29       184.00000  188.00000  2.17%   481  245s
 12141  1674  185.81250   25 1179  184.00000  188.00000  2.17%   484  251s
 12310  1648  188.00000   25  847  184.00000  188.00000  2.17%   486  257s
 12426  1611  188.00000   26  993  184.00000  188.00000  2.17%   487  261s
 12498  1606  187.66667   27  612  184.00000  188.00000  2.17%   488  266s
 12730  1568  186.22222   29  895  184.00000  188.00000  2.17%   490  274s
 12896  1537  186.13043   30  786  184.00000  188.00000  2.17%   492  277s
 13049  1516  187.87097   26 1130  184.00000  188.00000  2.17%   494  280s
 13564  1451  187.00000   29  686  184.00000  188.00000  2.17%   501  287s
 13774  1435  186.00000   21  807  184.00000  188.00000  2.17%   502  290s
 14195  1415  188.00000   24  609  184.00000  188.00000  2.17%   507  295s
 14747  1357  188.00000   26 1096  184.00000  188.00000  2.17%   510  300s
 15627  1317  188.00000   26 1058  184.00000  188.00000  2.17%   517  306s
 16487  1510  186.00000   23  969  184.00000  188.00000  2.17%   521  312s
 17111  1521     cutoff   27       184.00000  188.00000  2.17%   521  317s
 17166  1533 infeasible   28       184.00000  188.00000  2.17%   521  327s
 17260  1542  186.42857   27 1023  184.00000  188.00000  2.17%   522  330s
 17359  1589     cutoff   27       184.00000  188.00000  2.17%   522  335s
 17876  1621  187.92105   28 1259  184.00000  188.00000  2.17%   524  345s
 18282  1646  187.83333   29 1054  184.00000  188.00000  2.17%   524  351s
 18788  1634  187.00000   30  952  184.00000  188.00000  2.17%   525  358s
 19461  1666  186.33333   31  627  184.00000  188.00000  2.17%   525  364s
 20345  1741     cutoff   31       184.00000  188.00000  2.17%   524  368s
 21277  1839  186.83333   27  983  184.00000  188.00000  2.17%   523  372s
 22152  1958  186.00000   32  803  184.00000  188.00000  2.17%   524  377s
 22966  2049  186.66667   35  936  184.00000  188.00000  2.17%   525  382s
 23881  2110  186.83333   34  914  184.00000  188.00000  2.17%   527  389s
 24747  2088  185.40000   35  608  184.00000  187.90476  2.12%   529  394s
 25366  2080  185.75000   26 1124  184.00000  187.75000  2.04%   531  400s
 26415  2036     cutoff   34       184.00000  187.66667  1.99%   530  405s
 27612  1983     cutoff   30       184.00000  187.60000  1.96%   530  412s
 28273  1803     cutoff   28       184.00000  187.60000  1.96%   532  416s
 29732  1645     cutoff   29       184.00000  187.42857  1.86%   529  421s
 30631  1589  185.40000   34  864  184.00000  187.18182  1.73%   530  426s
 31843  1542  186.00000   32  907  184.00000  187.00000  1.63%   531  431s
 33011  1476  185.50000   32  779  184.00000  187.00000  1.63%   533  438s
 34129  1302 infeasible   36       184.00000  187.00000  1.63%   534  446s
 35455   961  186.25000   28  721  184.00000  187.00000  1.63%   535  454s
 36898   546 infeasible   38       184.00000  186.54167  1.38%   534  460s
 38403   216     cutoff   40       184.00000  186.33333  1.27%   534  465s

Cutting planes:
  Gomory: 1
  Implied bound: 4
  Clique: 5
  MIR: 4
  Zero half: 21
  RLT: 27
  BQP: 1

Explored 39733 nodes (21280142 simplex iterations) in 467.86 seconds (423.92 work units)
Thread count was 32 (of 256 available processors)

Solution count 10: 184 183 182 ... 160

Optimal solution found (tolerance 1.00e-04)
Best objective 1.840000000000e+02, best bound 1.840000000000e+02, gap 0.0000%
Objective value: 184.0
lam[0,0] = 0.0
lam[0,1] = 0.0
lam[0,2] = 0.0
lam[0,3] = 1.0
lam[0,4] = 0.0
lam[0,5] = 0.0
lam[0,6] = 0.0
lam[0,7] = 0.0
lam[0,8] = 0.0
lam[1,0] = 0.0
lam[1,1] = 0.0
lam[1,2] = 1.0
lam[1,3] = 0.0
lam[1,4] = 0.0
lam[1,5] = 0.0
lam[1,6] = 0.0
lam[1,7] = 0.0
lam[1,8] = 0.0
lam[2,0] = 0.0
lam[2,1] = 0.0
lam[2,2] = 0.0
lam[2,3] = 0.0
lam[2,4] = 0.0
lam[2,5] = 1.0
lam[2,6] = 0.0
lam[2,7] = 0.0
lam[2,8] = 0.0
lam[3,0] = 0.0
lam[3,1] = 0.0
lam[3,2] = 1.0
lam[3,3] = 0.0
lam[3,4] = 0.0
lam[3,5] = 0.0
lam[3,6] = 0.0
lam[3,7] = 0.0
lam[3,8] = 0.0
tau[0,0,1] = 0.0
tau[0,0,2] = 0.0
tau[0,0,3] = 0.0
tau[0,0,L0] = 0.0
tau[0,0,L1] = 1.0
tau[0,0,L2] = 0.0
tau[0,1,1] = 0.0
tau[0,1,2] = 1.0
tau[0,1,3] = 0.0
tau[0,1,L0] = 0.0
tau[0,1,L1] = 0.0
tau[0,1,L2] = 0.0
tau[0,2,1] = 1.0
tau[0,2,2] = 0.0
tau[0,2,3] = 0.0
tau[0,2,L0] = 0.0
tau[0,2,L1] = 0.0
tau[0,2,L2] = 0.0
tau[0,3,1] = 1.0
tau[0,3,2] = 0.0
tau[0,3,3] = 0.0
tau[0,3,L0] = 0.0
tau[0,3,L1] = 0.0
tau[0,3,L2] = 0.0
tau[0,4,1] = 0.0
tau[0,4,2] = 0.0
tau[0,4,3] = 1.0
tau[0,4,L0] = 0.0
tau[0,4,L1] = 0.0
tau[0,4,L2] = 0.0
tau[0,5,1] = 0.0
tau[0,5,2] = 0.0
tau[0,5,3] = 0.0
tau[0,5,L0] = 0.0
tau[0,5,L1] = 0.0
tau[0,5,L2] = 0.0
tau[1,0,2] = 0.0
tau[1,0,3] = 0.0
tau[1,0,L0] = 0.0
tau[1,0,L1] = 0.0
tau[1,0,L2] = 1.0
tau[1,1,2] = 1.0
tau[1,1,3] = 0.0
tau[1,1,L0] = 0.0
tau[1,1,L1] = 0.0
tau[1,1,L2] = 0.0
tau[1,2,2] = 0.0
tau[1,2,3] = 0.0
tau[1,2,L0] = 0.0
tau[1,2,L1] = 1.0
tau[1,2,L2] = 0.0
tau[1,3,2] = 0.0
tau[1,3,3] = 0.0
tau[1,3,L0] = 1.0
tau[1,3,L1] = 0.0
tau[1,3,L2] = 0.0
tau[1,4,2] = 0.0
tau[1,4,3] = 0.0
tau[1,4,L0] = 1.0
tau[1,4,L1] = 0.0
tau[1,4,L2] = 0.0
tau[1,5,2] = 1.0
tau[1,5,3] = 0.0
tau[1,5,L0] = 0.0
tau[1,5,L1] = 0.0
tau[1,5,L2] = 0.0
tau[2,0,3] = 0.0
tau[2,0,L0] = 0.0
tau[2,0,L1] = 1.0
tau[2,0,L2] = 0.0
tau[2,1,3] = 0.0
tau[2,1,L0] = 0.0
tau[2,1,L1] = 1.0
tau[2,1,L2] = 0.0
tau[2,2,3] = 1.0
tau[2,2,L0] = 0.0
tau[2,2,L1] = 0.0
tau[2,2,L2] = 0.0
tau[2,3,3] = 0.0
tau[2,3,L0] = 1.0
tau[2,3,L1] = 0.0
tau[2,3,L2] = 0.0
tau[2,4,3] = 0.0
tau[2,4,L0] = 0.0
tau[2,4,L1] = 0.0
tau[2,4,L2] = 0.0
tau[2,5,3] = 0.0
tau[2,5,L0] = 0.0
tau[2,5,L1] = 0.0
tau[2,5,L2] = 0.0
tau[3,0,L0] = 0.0
tau[3,0,L1] = 0.0
tau[3,0,L2] = 1.0
tau[3,1,L0] = 0.0
tau[3,1,L1] = 0.0
tau[3,1,L2] = 1.0
tau[3,2,L0] = 0.0
tau[3,2,L1] = 1.0
tau[3,2,L2] = 0.0
tau[3,3,L0] = 0.0
tau[3,3,L1] = 1.0
tau[3,3,L2] = 0.0
tau[3,4,L0] = 1.0
tau[3,4,L1] = 0.0
tau[3,4,L2] = 0.0
tau[3,5,L0] = 1.0
tau[3,5,L1] = 0.0
tau[3,5,L2] = 0.0
m[0,0] = 1.0
m[0,1] = 1.0
m[0,2] = 1.0
m[0,3] = 1.0
m[0,4] = 1.0
m[0,5] = 1.0
m[0,6] = 1.0
m[0,7] = 1.0
m[0,8] = 1.0
m[0,9] = 1.0
m[0,10] = 1.0
m[0,11] = 1.0
m[0,12] = 1.0
m[0,13] = 1.0
m[0,14] = 1.0
m[0,15] = 1.0
m[0,16] = 1.0
m[0,17] = 1.0
m[0,18] = 1.0
m[0,19] = 1.0
m[0,20] = 1.0
m[0,21] = 1.0
m[0,22] = 1.0
m[0,23] = 1.0
m[0,24] = 1.0
m[0,25] = 1.0
m[0,26] = 1.0
m[0,27] = 1.0
m[0,28] = 1.0
m[0,29] = 1.0
m[0,30] = 1.0
m[0,31] = 1.0
m[0,32] = 1.0
m[0,33] = 1.0
m[0,34] = 1.0
m[0,35] = 1.0
m[0,36] = 1.0
m[0,37] = 1.0
m[0,38] = 1.0
m[0,39] = 1.0
m[0,40] = 1.0
m[0,41] = 1.0
m[0,42] = 1.0
m[0,43] = 1.0
m[0,44] = 1.0
m[0,45] = 1.0
m[0,46] = 1.0
m[0,47] = 1.0
m[0,48] = 1.0
m[0,49] = 1.0
m[0,50] = 1.0
m[0,51] = 1.0
m[0,52] = 1.0
m[0,53] = 1.0
m[0,54] = 1.0
m[0,55] = 1.0
m[0,56] = 1.0
m[0,57] = 1.0
m[0,58] = 1.0
m[0,59] = 1.0
m[0,60] = 0.0
m[0,61] = 0.0
m[0,62] = 1.0
m[0,63] = 1.0
m[0,64] = 1.0
m[0,65] = 0.0
m[0,66] = 1.0
m[0,67] = 1.0
m[0,68] = 1.0
m[0,69] = 1.0
m[0,70] = 1.0
m[0,71] = 1.0
m[0,72] = 1.0
m[0,73] = 0.0
m[0,74] = 1.0
m[0,75] = 1.0
m[0,76] = 1.0
m[0,77] = 1.0
m[0,78] = 1.0
m[0,79] = 1.0
m[0,80] = 1.0
m[0,81] = 0.0
m[0,82] = 1.0
m[0,83] = 1.0
m[0,84] = 1.0
m[0,85] = 1.0
m[0,86] = 1.0
m[0,87] = 1.0
m[0,88] = 1.0
m[0,89] = 1.0
m[0,90] = 1.0
m[0,91] = 1.0
m[0,92] = 1.0
m[0,93] = 1.0
m[0,94] = 1.0
m[0,95] = 1.0
m[0,96] = 1.0
m[0,97] = 1.0
m[0,98] = 1.0
m[0,99] = 1.0
m[0,100] = 1.0
m[0,101] = 1.0
m[0,102] = 1.0
m[0,103] = 1.0
m[0,104] = 1.0
m[0,105] = 1.0
m[0,106] = 1.0
m[0,107] = 1.0
m[0,108] = 1.0
m[0,109] = 1.0
m[0,110] = 1.0
m[0,111] = 1.0
m[0,112] = 1.0
m[0,113] = 1.0
m[0,114] = 1.0
m[0,115] = 1.0
m[0,116] = 1.0
m[0,117] = 1.0
m[0,118] = 1.0
m[0,119] = 1.0
m[0,120] = 1.0
m[0,121] = 1.0
m[0,122] = 1.0
m[0,123] = 1.0
m[0,124] = 1.0
m[0,125] = 1.0
m[0,126] = 1.0
m[0,127] = 1.0
m[0,128] = 1.0
m[0,129] = 1.0
m[0,130] = 1.0
m[0,131] = 1.0
m[0,132] = 1.0
m[0,133] = 1.0
m[0,134] = 1.0
m[0,135] = 1.0
m[0,136] = 1.0
m[0,137] = 1.0
m[0,138] = 1.0
m[0,139] = 1.0
m[0,140] = 1.0
m[0,141] = 1.0
m[0,142] = 1.0
m[0,143] = 1.0
m[0,144] = 1.0
m[0,145] = 1.0
m[0,146] = 1.0
m[0,147] = 1.0
m[0,148] = 1.0
m[0,149] = 1.0
m[0,150] = 1.0
m[0,151] = 1.0
m[0,152] = 1.0
m[0,153] = 1.0
m[0,154] = 1.0
m[0,155] = 1.0
m[0,156] = 1.0
m[0,157] = 1.0
m[0,158] = 1.0
m[0,159] = 1.0
m[0,160] = 1.0
m[0,161] = 1.0
m[0,162] = 1.0
m[0,163] = 1.0
m[0,164] = 1.0
m[0,165] = 1.0
m[0,166] = 1.0
m[0,167] = 1.0
m[0,168] = 1.0
m[0,169] = 1.0
m[0,170] = 1.0
m[0,171] = 1.0
m[0,172] = 1.0
m[0,173] = 1.0
m[0,174] = 1.0
m[0,175] = 1.0
m[0,176] = 1.0
m[0,177] = 1.0
u[0] = 1.0
u[1] = 1.0
u[2] = 1.0
u[3] = 1.0
o_u[0,0] = 0.0
o_u[0,1] = 0.0
o_u[0,2] = 0.0
o_u[0,3] = 1.0
o_u[0,4] = 0.0
o_u[0,5] = 0.0
o_u[0,6] = 0.0
o_u[0,7] = 0.0
o_u[0,8] = 0.0
o_u[1,0] = 0.0
o_u[1,1] = 0.0
o_u[1,2] = 1.0
o_u[1,3] = 0.0
o_u[1,4] = 0.0
o_u[1,5] = 0.0
o_u[1,6] = 0.0
o_u[1,7] = 0.0
o_u[1,8] = 0.0
o_u[2,0] = 0.0
o_u[2,1] = 0.0
o_u[2,2] = 0.0
o_u[2,3] = 0.0
o_u[2,4] = 0.0
o_u[2,5] = 1.0
o_u[2,6] = 0.0
o_u[2,7] = 0.0
o_u[2,8] = 0.0
o_u[3,0] = 0.0
o_u[3,1] = 0.0
o_u[3,2] = 1.0
o_u[3,3] = 0.0
o_u[3,4] = 0.0
o_u[3,5] = 0.0
o_u[3,6] = 0.0
o_u[3,7] = 0.0
o_u[3,8] = 0.0
------------------------------------------------------------------------
------------------------------------------------------------------------
Saved hierarchical tree visualization to milp_tree_levels.png
THIS IS THE INITIAL CORRECTNESS 0.9719101123595506
THIS IS THE INITIAL EXPLAINABILITY 11.0
Inside find_pareto_solution_more_e
----------------------------------
THE CURRENT CORRECTNESS IS: 0.9719101123595506, AND THE CURRENT EXPLAINABILITY IS: 11.0
Gurobi Optimizer version 12.0.3 build v12.0.3rc0 (linux64 - "Ubuntu 22.04.5 LTS")

CPU model: AMD EPYC 7742 64-Core Processor, instruction set [SSE2|AVX|AVX2]
Thread count: 128 physical cores, 256 logical processors, using up to 32 threads

Optimize a model with 106713 rows, 25034 columns and 327232 nonzeros
Model fingerprint: 0xe7079f91
Variable types: 0 continuous, 25034 integer (0 binary)
Coefficient statistics:
  Matrix range     [1e+00, 3e+00]
  Objective range  [1e+00, 3e+00]
  Bounds range     [1e+00, 1e+00]
  RHS range        [1e+00, 1e+03]

MIP start from previous solve did not produce a new incumbent solution
MIP start from previous solve violates constraint R106711 by 1.000000000

Presolve removed 96866 rows and 23150 columns
Presolve time: 2.27s
Presolved: 9847 rows, 1884 columns, 32255 nonzeros
Variable types: 0 continuous, 1884 integer (1884 binary)
Found heuristic solution: objective 88.0000000
Performing another presolve...
Presolve removed 14 rows and 0 columns
Presolve time: 0.09s

Use crossover to convert LP symmetric solution to basic solution...

Root relaxation: objective 1.840000e+02, 1168 iterations, 0.04 seconds (0.03 work units)

    Nodes    |    Current Node    |     Objective Bounds      |     Work
 Expl Unexpl |  Obj  Depth IntInf | Incumbent    BestBd   Gap | It/Node Time

     0     0  184.00000    0  102   88.00000  184.00000   109%     -    3s
H    0     0                     159.0000000  184.00000  15.7%     -    3s
H    0     0                     169.0000000  184.00000  8.88%     -    3s
H    0     0                     170.0000000  184.00000  8.24%     -    4s
     0     0  184.00000    0  395  170.00000  184.00000  8.24%     -    4s
     0     0  184.00000    0  266  170.00000  184.00000  8.24%     -    4s
H    0     0                     172.0000000  184.00000  6.98%     -    4s
     0     0  184.00000    0  530  172.00000  184.00000  6.98%     -    4s
     0     0  184.00000    0  525  172.00000  184.00000  6.98%     -    6s
     0     0  184.00000    0  589  172.00000  184.00000  6.98%     -    7s
     0     0  184.00000    0  607  172.00000  184.00000  6.98%     -    8s
     0     0  184.00000    0  655  172.00000  184.00000  6.98%     -    8s
     0     0  184.00000    0  612  172.00000  184.00000  6.98%     -    9s
     0     0  184.00000    0  565  172.00000  184.00000  6.98%     -   10s
     0     2  184.00000    0  530  172.00000  184.00000  6.98%     -   11s
   526   141 infeasible    9       172.00000  184.00000  6.98%   462   15s

Cutting planes:
  Gomory: 4
  Cover: 15
  Implied bound: 1104
  Clique: 247
  MIR: 53
  Flow cover: 1
  Inf proof: 2
  Zero half: 127
  RLT: 255
  Relax-and-lift: 30
  BQP: 169

Explored 1508 nodes (449912 simplex iterations) in 17.29 seconds (18.13 work units)
Thread count was 32 (of 256 available processors)

Solution count 5: 172 170 169 ... 88

Optimal solution found (tolerance 1.00e-04)
Best objective 1.720000000000e+02, best bound 1.720000000000e+02, gap 0.0000%
Objective value: 172.0
lam[0,0] = 0.0
lam[0,1] = 0.0
lam[0,2] = 1.0
lam[0,3] = 0.0
lam[0,4] = 0.0
lam[0,5] = 0.0
lam[0,6] = 0.0
lam[0,7] = 0.0
lam[0,8] = 0.0
lam[1,0] = 0.0
lam[1,1] = 0.0
lam[1,2] = 0.0
lam[1,3] = 0.0
lam[1,4] = 0.0
lam[1,5] = 1.0
lam[1,6] = 0.0
lam[1,7] = 0.0
lam[1,8] = 0.0
lam[2,0] = 0.0
lam[2,1] = 0.0
lam[2,2] = 1.0
lam[2,3] = 0.0
lam[2,4] = 0.0
lam[2,5] = -0.0
lam[2,6] = 0.0
lam[2,7] = 0.0
lam[2,8] = 0.0
lam[3,0] = 0.0
lam[3,1] = 0.0
lam[3,2] = 0.0
lam[3,3] = 0.0
lam[3,4] = 0.0
lam[3,5] = 1.0
lam[3,6] = 0.0
lam[3,7] = 0.0
lam[3,8] = 0.0
tau[0,0,1] = -0.0
tau[0,0,2] = -0.0
tau[0,0,3] = 1.0
tau[0,0,L0] = -0.0
tau[0,0,L1] = -0.0
tau[0,0,L2] = -0.0
tau[0,1,1] = -0.0
tau[0,1,2] = -0.0
tau[0,1,3] = -0.0
tau[0,1,L0] = -0.0
tau[0,1,L1] = 1.0
tau[0,1,L2] = -0.0
tau[0,2,1] = 0.0
tau[0,2,2] = -0.0
tau[0,2,3] = 0.0
tau[0,2,L0] = 0.0
tau[0,2,L1] = 1.0
tau[0,2,L2] = -0.0
tau[0,3,1] = 1.0
tau[0,3,2] = -0.0
tau[0,3,3] = -0.0
tau[0,3,L0] = -0.0
tau[0,3,L1] = -0.0
tau[0,3,L2] = 0.0
tau[0,4,1] = 1.0
tau[0,4,2] = -0.0
tau[0,4,3] = 0.0
tau[0,4,L0] = 0.0
tau[0,4,L1] = 0.0
tau[0,4,L2] = 0.0
tau[0,5,1] = 1.0
tau[0,5,2] = -0.0
tau[0,5,3] = -0.0
tau[0,5,L0] = 0.0
tau[0,5,L1] = 0.0
tau[0,5,L2] = 0.0
tau[1,0,2] = -0.0
tau[1,0,3] = -0.0
tau[1,0,L0] = -0.0
tau[1,0,L1] = 1.0
tau[1,0,L2] = -0.0
tau[1,1,2] = -0.0
tau[1,1,3] = -0.0
tau[1,1,L0] = -0.0
tau[1,1,L1] = 1.0
tau[1,1,L2] = -0.0
tau[1,2,2] = 1.0
tau[1,2,3] = -0.0
tau[1,2,L0] = -0.0
tau[1,2,L1] = -0.0
tau[1,2,L2] = -0.0
tau[1,3,2] = -0.0
tau[1,3,3] = -0.0
tau[1,3,L0] = 1.0
tau[1,3,L1] = -0.0
tau[1,3,L2] = 0.0
tau[1,4,2] = -0.0
tau[1,4,3] = -0.0
tau[1,4,L0] = -0.0
tau[1,4,L1] = -0.0
tau[1,4,L2] = 0.0
tau[1,5,2] = -0.0
tau[1,5,3] = -0.0
tau[1,5,L0] = -0.0
tau[1,5,L1] = -0.0
tau[1,5,L2] = 0.0
tau[2,0,3] = -0.0
tau[2,0,L0] = 1.0
tau[2,0,L1] = -0.0
tau[2,0,L2] = -0.0
tau[2,1,3] = 1.0
tau[2,1,L0] = 0.0
tau[2,1,L1] = -0.0
tau[2,1,L2] = 0.0
tau[2,2,3] = 0.0
tau[2,2,L0] = 0.0
tau[2,2,L1] = -0.0
tau[2,2,L2] = 1.0
tau[2,3,3] = -0.0
tau[2,3,L0] = -0.0
tau[2,3,L1] = 1.0
tau[2,3,L2] = 0.0
tau[2,4,3] = -0.0
tau[2,4,L0] = 1.0
tau[2,4,L1] = -0.0
tau[2,4,L2] = 0.0
tau[2,5,3] = -0.0
tau[2,5,L0] = 1.0
tau[2,5,L1] = -0.0
tau[2,5,L2] = 0.0
tau[3,0,L0] = 0.0
tau[3,0,L1] = -0.0
tau[3,0,L2] = 1.0
tau[3,1,L0] = 0.0
tau[3,1,L1] = -0.0
tau[3,1,L2] = 1.0
tau[3,2,L0] = -0.0
tau[3,2,L1] = -0.0
tau[3,2,L2] = 1.0
tau[3,3,L0] = 1.0
tau[3,3,L1] = -0.0
tau[3,3,L2] = 0.0
tau[3,4,L0] = -0.0
tau[3,4,L1] = -0.0
tau[3,4,L2] = 0.0
tau[3,5,L0] = -0.0
tau[3,5,L1] = -0.0
tau[3,5,L2] = 0.0
m[0,0] = 1.0
m[0,1] = 1.0
m[0,2] = 1.0
m[0,3] = 1.0
m[0,4] = 1.0
m[0,5] = 1.0
m[0,6] = 1.0
m[0,7] = 1.0
m[0,8] = 1.0
m[0,9] = 1.0
m[0,10] = 1.0
m[0,11] = 1.0
m[0,12] = 1.0
m[0,13] = 1.0
m[0,14] = 1.0
m[0,15] = 1.0
m[0,16] = 1.0
m[0,17] = 1.0
m[0,18] = 1.0
m[0,19] = 1.0
m[0,20] = 1.0
m[0,21] = -0.0
m[0,22] = 1.0
m[0,23] = 1.0
m[0,24] = 1.0
m[0,25] = 1.0
m[0,26] = 1.0
m[0,27] = 1.0
m[0,28] = 1.0
m[0,29] = 1.0
m[0,30] = 1.0
m[0,31] = 1.0
m[0,32] = 1.0
m[0,33] = 1.0
m[0,34] = 1.0
m[0,35] = 1.0
m[0,36] = 1.0
m[0,37] = 1.0
m[0,38] = 1.0
m[0,39] = 1.0
m[0,40] = 1.0
m[0,41] = 1.0
m[0,42] = 1.0
m[0,43] = 1.0
m[0,44] = 1.0
m[0,45] = 1.0
m[0,46] = 1.0
m[0,47] = 1.0
m[0,48] = 1.0
m[0,49] = 1.0
m[0,50] = 1.0
m[0,51] = 1.0
m[0,52] = 1.0
m[0,53] = 1.0
m[0,54] = 1.0
m[0,55] = 1.0
m[0,56] = 1.0
m[0,57] = 1.0
m[0,58] = 1.0
m[0,59] = -0.0
m[0,60] = -0.0
m[0,61] = -0.0
m[0,62] = 1.0
m[0,63] = 1.0
m[0,64] = 1.0
m[0,65] = 0.0
m[0,66] = 1.0
m[0,67] = 1.0
m[0,68] = -0.0
m[0,69] = -0.0
m[0,70] = -0.0
m[0,71] = 1.0
m[0,72] = 1.0
m[0,73] = 0.0
m[0,74] = 1.0
m[0,75] = 1.0
m[0,76] = 1.0
m[0,77] = -0.0
m[0,78] = 1.0
m[0,79] = 1.0
m[0,80] = 1.0
m[0,81] = 0.0
m[0,82] = 1.0
m[0,83] = 1.0
m[0,84] = 1.0
m[0,85] = 1.0
m[0,86] = 1.0
m[0,87] = 1.0
m[0,88] = 1.0
m[0,89] = 1.0
m[0,90] = 1.0
m[0,91] = -0.0
m[0,92] = -0.0
m[0,93] = 1.0
m[0,94] = 1.0
m[0,95] = 1.0
m[0,96] = -0.0
m[0,97] = 1.0
m[0,98] = 1.0
m[0,99] = 1.0
m[0,100] = 1.0
m[0,101] = -0.0
m[0,102] = 1.0
m[0,103] = 1.0
m[0,104] = 1.0
m[0,105] = 1.0
m[0,106] = 1.0
m[0,107] = 1.0
m[0,108] = 1.0
m[0,109] = 0.0
m[0,110] = 1.0
m[0,111] = 1.0
m[0,112] = 1.0
m[0,113] = 1.0
m[0,114] = 1.0
m[0,115] = 1.0
m[0,116] = 1.0
m[0,117] = 1.0
m[0,118] = -0.0
m[0,119] = 1.0
m[0,120] = 1.0
m[0,121] = 1.0
m[0,122] = 1.0
m[0,123] = 1.0
m[0,124] = 1.0
m[0,125] = 1.0
m[0,126] = 1.0
m[0,127] = 1.0
m[0,128] = 1.0
m[0,129] = 1.0
m[0,130] = 1.0
m[0,131] = 1.0
m[0,132] = 1.0
m[0,133] = 1.0
m[0,134] = 1.0
m[0,135] = 1.0
m[0,136] = 1.0
m[0,137] = 1.0
m[0,138] = 1.0
m[0,139] = 1.0
m[0,140] = 1.0
m[0,141] = 1.0
m[0,142] = 1.0
m[0,143] = 1.0
m[0,144] = 1.0
m[0,145] = 1.0
m[0,146] = 1.0
m[0,147] = 1.0
m[0,148] = 1.0
m[0,149] = 1.0
m[0,150] = -0.0
m[0,151] = 1.0
m[0,152] = 1.0
m[0,153] = 1.0
m[0,154] = 1.0
m[0,155] = 1.0
m[0,156] = 1.0
m[0,157] = 1.0
m[0,158] = 1.0
m[0,159] = 1.0
m[0,160] = 1.0
m[0,161] = 1.0
m[0,162] = 1.0
m[0,163] = 1.0
m[0,164] = 1.0
m[0,165] = 1.0
m[0,166] = 1.0
m[0,167] = 1.0
m[0,168] = 1.0
m[0,169] = 1.0
m[0,170] = 1.0
m[0,171] = 1.0
m[0,172] = 1.0
m[0,173] = 1.0
m[0,174] = 1.0
m[0,175] = 1.0
m[0,176] = 1.0
m[0,177] = 1.0
u[0] = 1.0
u[1] = 1.0
u[2] = 1.0
u[3] = 1.0
o_u[0,0] = 0.0
o_u[0,1] = 0.0
o_u[0,2] = 1.0
o_u[0,3] = 0.0
o_u[0,4] = 0.0
o_u[0,5] = 0.0
o_u[0,6] = 0.0
o_u[0,7] = 0.0
o_u[0,8] = 0.0
o_u[1,0] = 0.0
o_u[1,1] = 0.0
o_u[1,2] = 0.0
o_u[1,3] = 0.0
o_u[1,4] = 0.0
o_u[1,5] = 1.0
o_u[1,6] = 0.0
o_u[1,7] = 0.0
o_u[1,8] = 0.0
o_u[2,0] = 0.0
o_u[2,1] = 0.0
o_u[2,2] = 1.0
o_u[2,3] = 0.0
o_u[2,4] = 0.0
o_u[2,5] = -0.0
o_u[2,6] = 0.0
o_u[2,7] = 0.0
o_u[2,8] = 0.0
o_u[3,0] = 0.0
o_u[3,1] = 0.0
o_u[3,2] = 0.0
o_u[3,3] = 0.0
o_u[3,4] = 0.0
o_u[3,5] = 1.0
o_u[3,6] = 0.0
o_u[3,7] = 0.0
o_u[3,8] = 0.0
THE NEW CORRECTNESS IS: 0.898876404494382, AND THE NEW EXPLAINABILITY IS: 12.0
************************************************************
New pareto points added, correctness = 0.898876404494382 , explainability = 12.0
App ending 1......
End of find_pareto_solution_more_e 4 @@@@@@@@@@@@@
Inside find_pareto_solution_more_e
----------------------------------
THE CURRENT CORRECTNESS IS: 0.898876404494382, AND THE CURRENT EXPLAINABILITY IS: 12.0
Gurobi Optimizer version 12.0.3 build v12.0.3rc0 (linux64 - "Ubuntu 22.04.5 LTS")

CPU model: AMD EPYC 7742 64-Core Processor, instruction set [SSE2|AVX|AVX2]
Thread count: 128 physical cores, 256 logical processors, using up to 32 threads

Optimize a model with 106713 rows, 25034 columns and 327232 nonzeros
Model fingerprint: 0x27f10d5b
Variable types: 0 continuous, 25034 integer (0 binary)
Coefficient statistics:
  Matrix range     [1e+00, 3e+00]
  Objective range  [1e+00, 3e+00]
  Bounds range     [1e+00, 1e+00]
  RHS range        [1e+00, 1e+03]

MIP start from previous solve did not produce a new incumbent solution
MIP start from previous solve violates constraint R106713 by 1.000000000

Presolve removed 76777 rows and 15958 columns
Presolve time: 0.32s

Explored 0 nodes (0 simplex iterations) in 0.35 seconds (0.54 work units)
Thread count was 1 (of 256 available processors)

Solution count 0
No other solutions better than -1e+100

Model is infeasible
Best objective -, best bound -, gap -
[INFO] Model became infeasible under the new cuts.
End of find_pareto_solution_more_e 2 @@@@@@@@@@@
Inside find_pareto_solution_more_c
Gurobi Optimizer version 12.0.3 build v12.0.3rc0 (linux64 - "Ubuntu 22.04.5 LTS")

CPU model: AMD EPYC 7742 64-Core Processor, instruction set [SSE2|AVX|AVX2]
Thread count: 128 physical cores, 256 logical processors, using up to 32 threads

Optimize a model with 106713 rows, 25034 columns and 327232 nonzeros
Model fingerprint: 0x24f36de4
Variable types: 0 continuous, 25034 integer (0 binary)
Coefficient statistics:
  Matrix range     [1e+00, 3e+00]
  Objective range  [1e+00, 3e+00]
  Bounds range     [1e+00, 1e+00]
  RHS range        [1e+00, 1e+03]

MIP start from previous solve did not produce a new incumbent solution
MIP start from previous solve violates constraint R106711 by 1.000000000

Presolve removed 81664 rows and 18551 columns
Presolve time: 4.83s
Presolved: 25049 rows, 6483 columns, 82908 nonzeros
Variable types: 0 continuous, 6483 integer (6483 binary)

Root simplex log...

Iteration    Objective       Primal Inf.    Dual Inf.      Time
    1786    1.8799984e+02   7.009000e+02   0.000000e+00      5s
   12284    1.8800000e+02   0.000000e+00   0.000000e+00      9s

Root relaxation: objective 1.880000e+02, 12284 iterations, 3.64 seconds (5.37 work units)
Total elapsed time = 10.42s (DegenMoves)

    Nodes    |    Current Node    |     Objective Bounds      |     Work
 Expl Unexpl |  Obj  Depth IntInf | Incumbent    BestBd   Gap | It/Node Time

     0     0  188.00000    0 1694          -  188.00000      -     -   15s
     0     0  188.00000    0 2002          -  188.00000      -     -   22s
     0     0  188.00000    0 2340          -  188.00000      -     -   23s
     0     0  188.00000    0 2013          -  188.00000      -     -   46s
     0     0  188.00000    0 2182          -  188.00000      -     -   47s
     0     0  188.00000    0 1122          -  188.00000      -     -   62s
     0     0  188.00000    0 1142          -  188.00000      -     -   63s
     0     0  188.00000    0 1391          -  188.00000      -     -   74s
     0     0  188.00000    0 1446          -  188.00000      -     -   74s
     0     0  188.00000    0 1499          -  188.00000      -     -   80s
     0     0  188.00000    0 1499          -  188.00000      -     -   83s
     0     2  188.00000    0 1247          -  188.00000      -     -   97s
     1     4  188.00000    1 1273          -  188.00000      - 17310  100s
     7    14  188.00000    3  916          -  188.00000      -  4884  106s
    29    56  186.57143    5  754          -  188.00000      -  2512  110s
   496   431  187.81250   13 1220          -  188.00000      -   776  115s
   972   619  187.00000   12 1475          -  188.00000      -   608  120s
  1521   836  182.00000   21  654          -  188.00000      -   517  128s
  1820   943 infeasible   23               -  188.00000      -   485  131s
  2115  1014 infeasible   18               -  188.00000      -   457  135s
  2838  1201  187.50000   15  843          -  188.00000      -   410  142s
  3348  1363  188.00000   18 1034          -  188.00000      -   397  145s
  4583  1691  188.00000   10 1141          -  188.00000      -   366  150s
  6690  2084 infeasible   21               -  188.00000      -   324  155s
  7022  2085  185.20000   20 1499          -  188.00000      -   322  176s
  7024  2086  185.11765   17 1264          -  188.00000      -   322  205s
  7025  2087  187.66667   14 1616          -  188.00000      -   321  218s
  7026  2088  186.66667   17 2130          -  188.00000      -   321  223s
  7027  2088  187.33333   13 1907          -  188.00000      -   321  235s
  7029  2090  185.01111   22 1888          -  188.00000      -   321  258s
  7030  2090  185.00000   18 2001          -  188.00000      -   321  263s
  7031  2091  186.95238   12 1939          -  188.00000      -   321  276s
  7033  2092  188.00000   13 1635          -  188.00000      -   321  298s
  7034  2093  188.00000   14 2454          -  188.00000      -   321  310s
  7035  2094  185.50000   20 2054          -  188.00000      -   321  327s
  7037  2095  186.50000   15 1625          -  188.00000      -   321  337s
  7038  2096  187.23333   16 1619          -  188.00000      -   321  340s
  7039  2096  182.00000   23 1684          -  188.00000      -   321  356s
  7041  2098  185.33333   14 1685          -  188.00000      -   321  370s
  7043  2099  185.50000   14 1601          -  188.00000      -   321  384s
  7044  2100  184.73333   20 1600          -  188.00000      -   321  391s
  7045  2100  185.50000   18 1600          -  188.00000      -   321  397s
  7046  2104  188.00000   15 1616          -  188.00000      -  46.9  418s
  7048  2107  188.00000   16 1987          -  188.00000      -  49.4  422s
  7052  2114  188.00000   17 1759          -  188.00000      -  51.2  426s
  7060  2127  188.00000   18 1780          -  188.00000      -  53.7  436s
  7076  2150  188.00000   19 1599          -  188.00000      -  61.5  443s
  7108  2163  188.00000   20 1167          -  188.00000      -  75.6  447s
  7140  2292  188.00000   21 1243          -  188.00000      -  85.8  458s
  7293  2290  186.50000   24 1139          -  188.00000      -   128  464s
  7355  2314  186.50000   25  764          -  188.00000      -   142  470s
* 7357  2207              26     183.0000000  188.00000  2.73%   142  471s
  7486  2242  186.00000   26 1062  183.00000  188.00000  2.73%   174  481s
H 7540  2124                     184.0000000  188.00000  2.17%   184  481s
  7763  2156 infeasible   28       184.00000  188.00000  2.17%   225  496s
  8236  2050  188.00000   24 1388  184.00000  188.00000  2.17%   278  503s
  8602  1987  187.66667   26 1190  184.00000  188.00000  2.17%   314  512s
  9025  1872  185.12000   28 1394  184.00000  188.00000  2.17%   346  529s
  9110  1851  186.00000   28 1205  184.00000  188.00000  2.17%   353  535s
  9253  1834     cutoff   29       184.00000  188.00000  2.17%   364  541s
  9448  1801  186.87500   27 1005  184.00000  188.00000  2.17%   380  545s
  9762  1740  185.91667   29 1259  184.00000  188.00000  2.17%   397  550s
 10133  1669  188.00000   27 1615  184.00000  188.00000  2.17%   412  555s
 10374  1619  187.50943   29 1563  184.00000  188.00000  2.17%   424  560s
 10631  1574  185.00000   34 1054  184.00000  188.00000  2.17%   437  569s
 10873  1519  186.41667   32 1264  184.00000  188.00000  2.17%   447  577s
 11089  1489 infeasible   29       184.00000  188.00000  2.17%   457  588s
 11371  1429     cutoff   33       184.00000  188.00000  2.17%   467  596s
 11556  1408  186.00000   37  997  184.00000  188.00000  2.17%   473  605s
 11835  1349  187.85714   21 1539  184.00000  188.00000  2.17%   483  621s
 12046  1310  187.25000   23 1417  184.00000  188.00000  2.17%   491  636s
 12399  1208  186.10345   26 1122  184.00000  188.00000  2.17%   501  642s
 12637  1167  187.93333   28 1180  184.00000  188.00000  2.17%   504  648s
 13030  1183  187.80000   27 1463  184.00000  188.00000  2.17%   509  656s
 13331  1216  186.10000   28 1249  184.00000  188.00000  2.17%   512  668s
 13652  1240  186.00820   31 1616  184.00000  188.00000  2.17%   518  675s
 14036  1270     cutoff   31       184.00000  188.00000  2.17%   525  686s
 14533  1315  188.00000   21 1444  184.00000  188.00000  2.17%   531  697s
 14975  1358  188.00000   25 1398  184.00000  188.00000  2.17%   540  709s
 15343  1424     cutoff   32       184.00000  188.00000  2.17%   552  721s
 15724  1478     cutoff   28       184.00000  188.00000  2.17%   565  730s
 16085  1525  185.74324   30 1188  184.00000  188.00000  2.17%   577  740s
 16527  1543  188.00000   24 1110  184.00000  188.00000  2.17%   590  757s
 17033  1583  185.66667   30  960  184.00000  188.00000  2.17%   602  773s
 17651  1625     cutoff   32       184.00000  188.00000  2.17%   614  797s
 17783  1624  186.50000   31  720  184.00000  188.00000  2.17%   618  814s
 18021  1683     cutoff   32       184.00000  188.00000  2.17%   626  822s
 18327  1688  186.00000   30  928  184.00000  188.00000  2.17%   632  836s
 18763  1734  185.00000   31 1107  184.00000  188.00000  2.17%   639  857s
 19360  1729     cutoff   27       184.00000  188.00000  2.17%   645  873s
 19918  1739 infeasible   28       184.00000  188.00000  2.17%   652  881s
 20262  1750     cutoff   32       184.00000  188.00000  2.17%   656  915s
 20313  1714 infeasible   31       184.00000  188.00000  2.17%   657  937s
 20634  1708  186.71429   30  929  184.00000  188.00000  2.17%   657  952s
 21213  1667  186.66667   30 1057  184.00000  187.87500  2.11%   662  990s
 21779  1636  186.50000   31  871  184.00000  187.78378  2.06%   667 1020s
 22662  1580  185.33333   32  902  184.00000  187.68750  2.00%   673 1033s
 23623  1508  186.50000   31  768  184.00000  187.68750  2.00%   676 1048s
 24818  1427  186.16667   31  896  184.00000  187.68750  2.00%   679 1066s
 26074  1392 infeasible   33       184.00000  187.25000  1.77%   681 1091s
 27390  1384  186.75000   32  992  184.00000  187.00000  1.63%   686 1106s
 28613  1338     cutoff   33       184.00000  187.00000  1.63%   691 1146s
 30158   957  186.33333   25  658  184.00000  187.00000  1.63%   695 1185s
 31970   349     cutoff   34       184.00000  186.80769  1.53%   694 1199s
 34018     0     cutoff   37       184.00000  186.33333  1.27%   691 1214s

Cutting planes:
  Cover: 4
  Implied bound: 68
  Clique: 129
  MIR: 1
  Flow cover: 15
  Zero half: 42
  RLT: 382
  Relax-and-lift: 8
  BQP: 52

Explored 34733 nodes (26285865 simplex iterations) in 1214.66 seconds (913.04 work units)
Thread count was 32 (of 256 available processors)

Solution count 2: 184 183 

Optimal solution found (tolerance 1.00e-04)
Best objective 1.840000000000e+02, best bound 1.840000000000e+02, gap 0.0000%
Objective value: 184.0
lam[0,0] = 0.0
lam[0,1] = 0.0
lam[0,2] = 1.0
lam[0,3] = 0.0
lam[0,4] = 0.0
lam[0,5] = 0.0
lam[0,6] = 0.0
lam[0,7] = 0.0
lam[0,8] = 0.0
lam[1,0] = 0.0
lam[1,1] = 0.0
lam[1,2] = 0.0
lam[1,3] = 0.0
lam[1,4] = 0.0
lam[1,5] = 0.0
lam[1,6] = 0.0
lam[1,7] = 1.0
lam[1,8] = 0.0
lam[2,0] = 0.0
lam[2,1] = 0.0
lam[2,2] = 0.0
lam[2,3] = 0.0
lam[2,4] = 0.0
lam[2,5] = 1.0
lam[2,6] = 0.0
lam[2,7] = 0.0
lam[2,8] = 0.0
lam[3,0] = 1.0
lam[3,1] = 0.0
lam[3,2] = 0.0
lam[3,3] = 0.0
lam[3,4] = 0.0
lam[3,5] = 0.0
lam[3,6] = 0.0
lam[3,7] = 0.0
lam[3,8] = 0.0
tau[0,0,1] = 1.0
tau[0,0,2] = 0.0
tau[0,0,3] = 0.0
tau[0,0,L0] = 0.0
tau[0,0,L1] = 0.0
tau[0,0,L2] = 0.0
tau[0,1,1] = 0.0
tau[0,1,2] = 0.0
tau[0,1,3] = 0.0
tau[0,1,L0] = 0.0
tau[0,1,L1] = 1.0
tau[0,1,L2] = 0.0
tau[0,2,1] = 0.0
tau[0,2,2] = 0.0
tau[0,2,3] = 0.0
tau[0,2,L0] = 0.0
tau[0,2,L1] = 1.0
tau[0,2,L2] = 0.0
tau[0,3,1] = 0.0
tau[0,3,2] = 1.0
tau[0,3,3] = 0.0
tau[0,3,L0] = 0.0
tau[0,3,L1] = 0.0
tau[0,3,L2] = 0.0
tau[0,4,1] = 0.0
tau[0,4,2] = 1.0
tau[0,4,3] = 0.0
tau[0,4,L0] = 0.0
tau[0,4,L1] = 0.0
tau[0,4,L2] = 0.0
tau[0,5,1] = 0.0
tau[0,5,2] = 1.0
tau[0,5,3] = 0.0
tau[0,5,L0] = 0.0
tau[0,5,L1] = 0.0
tau[0,5,L2] = 0.0
tau[1,0,2] = 0.0
tau[1,0,3] = 0.0
tau[1,0,L0] = 0.0
tau[1,0,L1] = 1.0
tau[1,0,L2] = 0.0
tau[1,1,2] = 0.0
tau[1,1,3] = 0.0
tau[1,1,L0] = 0.0
tau[1,1,L1] = 0.0
tau[1,1,L2] = 1.0
tau[1,2,2] = 0.0
tau[1,2,3] = 0.0
tau[1,2,L0] = 0.0
tau[1,2,L1] = 0.0
tau[1,2,L2] = 0.0
tau[1,3,2] = 0.0
tau[1,3,3] = 0.0
tau[1,3,L0] = 0.0
tau[1,3,L1] = 0.0
tau[1,3,L2] = 0.0
tau[1,4,2] = 0.0
tau[1,4,3] = 0.0
tau[1,4,L0] = 0.0
tau[1,4,L1] = 0.0
tau[1,4,L2] = 0.0
tau[1,5,2] = 0.0
tau[1,5,3] = 0.0
tau[1,5,L0] = 0.0
tau[1,5,L1] = 0.0
tau[1,5,L2] = 0.0
tau[2,0,3] = 0.0
tau[2,0,L0] = 0.0
tau[2,0,L1] = 1.0
tau[2,0,L2] = 0.0
tau[2,1,3] = 0.0
tau[2,1,L0] = 0.0
tau[2,1,L1] = 1.0
tau[2,1,L2] = 0.0
tau[2,2,3] = 1.0
tau[2,2,L0] = 0.0
tau[2,2,L1] = 0.0
tau[2,2,L2] = 0.0
tau[2,3,3] = 0.0
tau[2,3,L0] = 1.0
tau[2,3,L1] = 0.0
tau[2,3,L2] = 0.0
tau[2,4,3] = 0.0
tau[2,4,L0] = 0.0
tau[2,4,L1] = 0.0
tau[2,4,L2] = 0.0
tau[2,5,3] = 0.0
tau[2,5,L0] = 0.0
tau[2,5,L1] = 0.0
tau[2,5,L2] = 0.0
tau[3,0,L0] = 0.0
tau[3,0,L1] = 1.0
tau[3,0,L2] = 0.0
tau[3,1,L0] = 1.0
tau[3,1,L1] = 0.0
tau[3,1,L2] = 0.0
tau[3,2,L0] = 1.0
tau[3,2,L1] = 0.0
tau[3,2,L2] = 0.0
tau[3,3,L0] = 1.0
tau[3,3,L1] = 0.0
tau[3,3,L2] = 0.0
tau[3,4,L0] = 0.0
tau[3,4,L1] = 0.0
tau[3,4,L2] = 0.0
tau[3,5,L0] = 0.0
tau[3,5,L1] = 0.0
tau[3,5,L2] = 0.0
m[0,0] = 1.0
m[0,1] = 1.0
m[0,2] = 1.0
m[0,3] = 1.0
m[0,4] = 1.0
m[0,5] = 1.0
m[0,6] = 1.0
m[0,7] = 1.0
m[0,8] = 1.0
m[0,9] = 1.0
m[0,10] = 1.0
m[0,11] = 1.0
m[0,12] = 1.0
m[0,13] = 1.0
m[0,14] = 1.0
m[0,15] = 1.0
m[0,16] = 1.0
m[0,17] = 1.0
m[0,18] = 1.0
m[0,19] = 1.0
m[0,20] = 1.0
m[0,21] = 1.0
m[0,22] = 1.0
m[0,23] = 1.0
m[0,24] = 1.0
m[0,25] = 1.0
m[0,26] = 1.0
m[0,27] = 1.0
m[0,28] = 1.0
m[0,29] = 1.0
m[0,30] = 1.0
m[0,31] = 1.0
m[0,32] = 1.0
m[0,33] = 1.0
m[0,34] = 1.0
m[0,35] = 1.0
m[0,36] = 1.0
m[0,37] = 1.0
m[0,38] = 1.0
m[0,39] = 1.0
m[0,40] = 1.0
m[0,41] = 1.0
m[0,42] = 1.0
m[0,43] = 1.0
m[0,44] = 1.0
m[0,45] = 1.0
m[0,46] = 1.0
m[0,47] = 1.0
m[0,48] = 1.0
m[0,49] = 1.0
m[0,50] = 1.0
m[0,51] = 1.0
m[0,52] = 1.0
m[0,53] = 1.0
m[0,54] = 1.0
m[0,55] = 1.0
m[0,56] = 1.0
m[0,57] = 1.0
m[0,58] = 1.0
m[0,59] = 1.0
m[0,60] = 1.0
m[0,61] = 0.0
m[0,62] = 1.0
m[0,63] = 1.0
m[0,64] = 1.0
m[0,65] = 1.0
m[0,66] = 1.0
m[0,67] = 1.0
m[0,68] = 1.0
m[0,69] = 1.0
m[0,70] = 1.0
m[0,71] = 1.0
m[0,72] = 1.0
m[0,73] = 0.0
m[0,74] = 1.0
m[0,75] = 1.0
m[0,76] = 1.0
m[0,77] = 1.0
m[0,78] = 1.0
m[0,79] = 1.0
m[0,80] = 1.0
m[0,81] = 1.0
m[0,82] = 1.0
m[0,83] = 1.0
m[0,84] = 1.0
m[0,85] = 1.0
m[0,86] = 1.0
m[0,87] = 1.0
m[0,88] = 1.0
m[0,89] = 1.0
m[0,90] = 1.0
m[0,91] = 1.0
m[0,92] = 1.0
m[0,93] = 1.0
m[0,94] = 1.0
m[0,95] = 1.0
m[0,96] = 1.0
m[0,97] = 1.0
m[0,98] = 1.0
m[0,99] = 1.0
m[0,100] = 1.0
m[0,101] = 1.0
m[0,102] = 1.0
m[0,103] = 1.0
m[0,104] = 1.0
m[0,105] = 1.0
m[0,106] = 1.0
m[0,107] = 1.0
m[0,108] = 1.0
m[0,109] = 1.0
m[0,110] = 1.0
m[0,111] = 1.0
m[0,112] = 1.0
m[0,113] = 1.0
m[0,114] = 1.0
m[0,115] = 1.0
m[0,116] = 1.0
m[0,117] = 1.0
m[0,118] = 1.0
m[0,119] = 1.0
m[0,120] = 1.0
m[0,121] = 1.0
m[0,122] = 1.0
m[0,123] = 1.0
m[0,124] = 1.0
m[0,125] = 1.0
m[0,126] = 1.0
m[0,127] = 1.0
m[0,128] = 1.0
m[0,129] = 1.0
m[0,130] = 1.0
m[0,131] = 1.0
m[0,132] = 1.0
m[0,133] = 1.0
m[0,134] = 1.0
m[0,135] = 1.0
m[0,136] = 1.0
m[0,137] = 1.0
m[0,138] = 1.0
m[0,139] = 1.0
m[0,140] = 1.0
m[0,141] = 1.0
m[0,142] = 1.0
m[0,143] = 1.0
m[0,144] = 1.0
m[0,145] = 1.0
m[0,146] = 1.0
m[0,147] = 1.0
m[0,148] = 1.0
m[0,149] = 1.0
m[0,150] = 0.0
m[0,151] = 1.0
m[0,152] = 1.0
m[0,153] = 1.0
m[0,154] = 1.0
m[0,155] = 1.0
m[0,156] = 1.0
m[0,157] = 1.0
m[0,158] = 1.0
m[0,159] = 1.0
m[0,160] = 1.0
m[0,161] = 1.0
m[0,162] = 1.0
m[0,163] = 1.0
m[0,164] = 1.0
m[0,165] = 1.0
m[0,166] = 1.0
m[0,167] = 1.0
m[0,168] = 1.0
m[0,169] = 1.0
m[0,170] = 1.0
m[0,171] = 1.0
m[0,172] = 1.0
m[0,173] = 1.0
m[0,174] = 1.0
m[0,175] = 1.0
m[0,176] = 1.0
m[0,177] = 1.0
u[0] = 1.0
u[1] = 1.0
u[2] = 1.0
u[3] = 1.0
o_u[0,0] = 0.0
o_u[0,1] = 0.0
o_u[0,2] = 1.0
o_u[0,3] = 0.0
o_u[0,4] = 0.0
o_u[0,5] = 0.0
o_u[0,6] = 0.0
o_u[0,7] = 0.0
o_u[0,8] = 0.0
o_u[1,0] = 0.0
o_u[1,1] = 0.0
o_u[1,2] = 0.0
o_u[1,3] = 0.0
o_u[1,4] = 0.0
o_u[1,5] = 0.0
o_u[1,6] = 0.0
o_u[1,7] = 1.0
o_u[1,8] = 0.0
o_u[2,0] = 0.0
o_u[2,1] = 0.0
o_u[2,2] = 0.0
o_u[2,3] = 0.0
o_u[2,4] = 0.0
o_u[2,5] = 1.0
o_u[2,6] = 0.0
o_u[2,7] = 0.0
o_u[2,8] = 0.0
o_u[3,0] = 1.0
o_u[3,1] = 0.0
o_u[3,2] = 0.0
o_u[3,3] = 0.0
o_u[3,4] = 0.0
o_u[3,5] = 0.0
o_u[3,6] = 0.0
o_u[3,7] = 0.0
o_u[3,8] = 0.0
New pareto points added, correctness = 0.9831460674157303 , explainability = 9.0
App ending 2.................
End of find_pareto_solution_more_c 4 |||||||||||||||||
Inside find_pareto_solution_more_c
Gurobi Optimizer version 12.0.3 build v12.0.3rc0 (linux64 - "Ubuntu 22.04.5 LTS")

CPU model: AMD EPYC 7742 64-Core Processor, instruction set [SSE2|AVX|AVX2]
Thread count: 128 physical cores, 256 logical processors, using up to 32 threads

Optimize a model with 106713 rows, 25034 columns and 327232 nonzeros
Model fingerprint: 0x45d3da8a
Variable types: 0 continuous, 25034 integer (0 binary)
Coefficient statistics:
  Matrix range     [1e+00, 3e+00]
  Objective range  [1e+00, 3e+00]
  Bounds range     [1e+00, 1e+00]
  RHS range        [1e+00, 1e+03]

MIP start from previous solve did not produce a new incumbent solution
MIP start from previous solve violates constraint R106713 by 1.000000000

Presolve removed 78960 rows and 16981 columns (presolve time = 5s)...
Presolve removed 81672 rows and 18555 columns
Presolve time: 7.67s
Presolved: 25041 rows, 6479 columns, 82899 nonzeros
Variable types: 0 continuous, 6479 integer (6479 binary)

Root simplex log...

Iteration    Objective       Primal Inf.    Dual Inf.      Time
       0    2.1000000e+02   5.675000e+02   0.000000e+00      8s
    7607    1.8599972e+02   2.027733e+03   0.000000e+00     10s
   11764    1.8600000e+02   0.000000e+00   0.000000e+00     12s

Root relaxation: objective 1.860000e+02, 11764 iterations, 3.97 seconds (5.17 work units)
Total elapsed time = 15.19s (DegenMoves)

    Nodes    |    Current Node    |     Objective Bounds      |     Work
 Expl Unexpl |  Obj  Depth IntInf | Incumbent    BestBd   Gap | It/Node Time

     0     0  186.00000    0 1017          -  186.00000      -     -   17s
     0     0  186.00000    0 1657          -  186.00000      -     -   23s
     0     0  186.00000    0 1242          -  186.00000      -     -   24s
     0     0  186.00000    0 1241          -  186.00000      -     -   25s
     0     0  186.00000    0 1855          -  186.00000      -     -   41s
     0     0  186.00000    0 1842          -  186.00000      -     -   41s
     0     0  186.00000    0 1657          -  186.00000      -     -   53s
     0     0  186.00000    0 1890          -  186.00000      -     -   54s
     0     0  186.00000    0 1506          -  186.00000      -     -   73s
     0     0  186.00000    0 1506          -  186.00000      -     -   76s
     0     2  186.00000    0 1506          -  186.00000      -     -   84s
     1     4  186.00000    1 1342          -  186.00000      - 11045   86s
    13    16  186.00000    3 1308          -  186.00000      -  2549   90s
    31    62  186.00000    5 1155          -  186.00000      -  2034   95s
    95   192  186.00000    7 1138          -  186.00000      -  1316  100s
   863   680  186.00000   15 1029          -  186.00000      -   547  110s
  1355   786  186.00000   11 1321          -  186.00000      -   491  117s
  2206   872  185.23077   15 1132          -  186.00000      -   398  123s
  2868   974  186.00000   11 1192          -  186.00000      -   370  128s
  3469  1080 infeasible   17               -  186.00000      -   353  134s
  4126  1151 infeasible   12               -  186.00000      -   338  140s
  4790  1221  185.60000   18  911          -  186.00000      -   329  145s
  6154  1326  186.00000   21  762          -  186.00000      -   312  151s
  7425  1497 infeasible   21               -  186.00000      -   301  155s
  9465  1689  185.25000   19 1025          -  186.00000      -   286  160s
 10040  1690  186.00000    9 1506          -  186.00000      -   285  194s
 10042  1691  186.00000   17 1699          -  186.00000      -   285  217s
 10043  1692  184.16667   17 1237          -  186.00000      -   285  241s
 10044  1693  186.00000   11 1755          -  186.00000      -   285  246s
 10045  1693  185.33333   21 1948          -  186.00000      -   285  253s
 10046  1694  185.40000   19 1937          -  186.00000      -   285  255s
 10047  1695  185.55000   19 1801          -  186.00000      -   285  267s
 10048  1695  186.00000    9 1723          -  186.00000      -   285  270s
 10049  1696  186.00000   12 1748          -  186.00000      -   285  282s
 10050  1697  186.00000   14 1656          -  186.00000      -   285  285s
 10051  1697  186.00000    9 1687          -  186.00000      -   285  298s
 10052  1698  186.00000   16 1573          -  186.00000      -   285  301s
 10053  1699  184.50000   22 1557          -  186.00000      -   285  310s
 10055  1700  185.50000   17 1516          -  186.00000      -   284  319s
 10056  1701  186.00000   14 1535          -  186.00000      -   284  321s
 10057  1701  184.60000   22 1675          -  186.00000      -   284  332s
 10059  1703  184.66667   21 1648          -  186.00000      -   284  342s
 10060  1703  184.72727   23 1658          -  186.00000      -   284  345s
 10061  1704  184.50000   19 1444          -  186.00000      -   284  356s
 10062  1705  184.22222   19 1409          -  186.00000      -   284  363s
 10063  1705  185.70370   16 1409          -  186.00000      -   284  368s
 10064  1709  186.00000   10 1996          -  186.00000      -  29.1  383s
 10066  1712  186.00000   11 1673          -  186.00000      -  30.1  390s
 10078  1732  186.00000   13 1551          -  186.00000      -  34.0  399s
 10094  1759  186.00000   14 1759          -  186.00000      -  36.4  403s
 10126  1780  186.00000   15 1525          -  186.00000      -  43.1  405s
 10158  1892  186.00000   16 1465          -  186.00000      -  45.8  415s
 10316  1890  186.00000   19 1384          -  186.00000      -  73.0  424s
 10451  1869  186.00000   21 1277          -  186.00000      -  98.7  433s
 10561  1842  186.00000   22 1160          -  186.00000      -   127  445s
 10716  1821  184.92857   23 1562          -  186.00000      -   161  458s
 10911  1811 infeasible   26               -  186.00000      -   196  472s
 11129  1747  186.00000   26 1231          -  186.00000      -   241  487s
 11406  1660 infeasible   29               -  186.00000      -   287  499s
 11735  1555 infeasible   22               -  186.00000      -   338  511s
 11984  1489  186.00000   22 1109          -  186.00000      -   378  521s
 12239  1407 infeasible   26               -  186.00000      -   412  530s
 12431  1346 infeasible   27               -  186.00000      -   443  555s
 12669  1280  185.00000   25 1147          -  186.00000      -   475  569s
 12903  1226 infeasible   28               -  186.00000      -   504  584s
 13137  1130  186.00000   24 1150          -  186.00000      -   535  594s
 13346  1081  186.00000   25 1082          -  186.00000      -   563  675s
 13615  1009 infeasible   30               -  186.00000      -   592  682s
 13856   916  186.00000   26 1102          -  186.00000      -   618  697s
 14214   789 infeasible   25               -  186.00000      -   652  711s
 14480   692 infeasible   27               -  186.00000      -   676  729s
 14707   655  185.91667   21 1294          -  186.00000      -   699  743s
 14976   531  186.00000   18 1017          -  186.00000      -   721  754s
 15225   476 infeasible   20               -  186.00000      -   743  764s
 15521   490  186.00000   26 1460          -  186.00000      -   766  785s
 15813   485 infeasible   29               -  186.00000      -   788  800s
 16100   502  184.50000   30 1127          -  186.00000      -   816  825s
 16398   511  186.00000   27 1074          -  186.00000      -   837  838s
 16780   502  186.00000   32 1248          -  186.00000      -   860  850s
 17094   509 infeasible   36               -  186.00000      -   883  862s
 17465   533 infeasible   33               -  186.00000      -   903  882s
 17847   528  185.80000   22 1048          -  186.00000      -   928  906s
 18218   533  185.88462   28 1270          -  186.00000      -   949  932s
 18629   511 infeasible   24               -  186.00000      -   974  953s
 18995   540  186.00000   30 1362          -  186.00000      -   997 1079s
 19293   512 infeasible   31               -  186.00000      -  1013 1096s
 19706   529  186.00000   24 1307          -  186.00000      -  1036 1129s
 20211   549  185.90000   30 1497          -  186.00000      -  1060 1162s
 20622   549 infeasible   32               -  186.00000      -  1082 1180s
 21134   500 infeasible   26               -  186.00000      -  1108 1195s
 21661   449 infeasible   29               -  186.00000      -  1127 1216s
 22234   381 infeasible   22               -  186.00000      -  1147 1241s
 22955   159  185.00000   31  950          -  186.00000      -  1168 1265s
 23690    17 infeasible   25               -  185.66667      -  1180 1282s
 24114     0 infeasible   35               -  185.00000      -  1184 1289s

Cutting planes:
  Cover: 2
  Implied bound: 30
  Clique: 83
  Flow cover: 7
  Zero half: 8
  RLT: 230
  Relax-and-lift: 2
  BQP: 25

Explored 24149 nodes (31565815 simplex iterations) in 1289.37 seconds (1089.43 work units)
Thread count was 32 (of 256 available processors)

Solution count 0
No other solutions better than -1e+100

Model is infeasible
Best objective -, best bound -, gap -
[INFO] Model became infeasible under the new cuts.
End of find_pareto_solution_more_c 1 |||||||||||||||||
[0.898876404494382, 12.0]
Printing original list
[0.898876404494382, 12.0]
[0.9831460674157303, 9.0]
Printing list after change
[0.898876404494382, 12.0]
[0.9831460674157303, 9.0]
[0.9831460674157303, 9.0]
Printing original list
[0.898876404494382, 12.0]
[0.9831460674157303, 9.0]
Printing list after change
[0.898876404494382, 12.0]
[0.9831460674157303, 9.0]
App ending 3....................... c = 0.9719101123595506 , e = 11.0

 Total time taken: 3526.5539226531982 seconds