I AM STARTING --------------------
[]
NOW I AM GOING TO SOLVE THE MODEL FOR FIRST SOLUTION
Gurobi Optimizer version 12.0.3 build v12.0.3rc0 (linux64 - "Ubuntu 22.04.5 LTS")

CPU model: AMD EPYC 7742 64-Core Processor, instruction set [SSE2|AVX|AVX2]
Thread count: 128 physical cores, 256 logical processors, using up to 32 threads

Optimize a model with 189604 rows, 45387 columns and 568998 nonzeros
Model fingerprint: 0xa3baa6d9
Variable types: 45303 continuous, 84 integer (0 binary)
Coefficient statistics:
  Matrix range     [1e+00, 5e+00]
  Objective range  [1e+00, 5e+00]
  Bounds range     [1e+00, 1e+00]
  RHS range        [1e+00, 1e+03]
Presolve removed 165967 rows and 38489 columns
Presolve time: 0.89s
Presolved: 23637 rows, 6898 columns, 69628 nonzeros
Variable types: 4962 continuous, 1936 integer (1936 binary)
Found heuristic solution: objective 48.0000000
Found heuristic solution: objective 236.0000000
Performing another presolve...
Presolve removed 17209 rows and 5135 columns
Presolve time: 1.22s

Root relaxation: objective 4.858333e+02, 2568 iterations, 0.12 seconds (0.12 work units)

    Nodes    |    Current Node    |     Objective Bounds      |     Work
 Expl Unexpl |  Obj  Depth IntInf | Incumbent    BestBd   Gap | It/Node Time

     0     0  485.83333    0  104  236.00000  485.83333   106%     -    2s
H    0     0                     309.0000000  485.83333  57.2%     -    2s
     0     0  484.90614    0  134  309.00000  484.90614  56.9%     -    3s
H    0     0                     337.0000000  484.86503  43.9%     -    3s
     0     0  484.86503    0  140  337.00000  484.86503  43.9%     -    3s
     0     0  484.86503    0  140  337.00000  484.86503  43.9%     -    3s
     0     0  484.00000    0  135  337.00000  484.00000  43.6%     -    3s
     0     0  483.50000    0  130  337.00000  483.50000  43.5%     -    3s
     0     0  483.50000    0  129  337.00000  483.50000  43.5%     -    3s
     0     0  482.00000    0  136  337.00000  482.00000  43.0%     -    4s
     0     0  482.00000    0  128  337.00000  482.00000  43.0%     -    4s
     0     0  482.00000    0  110  337.00000  482.00000  43.0%     -    5s
     0     0  482.00000    0  141  337.00000  482.00000  43.0%     -    5s
     0     0  482.00000    0  147  337.00000  482.00000  43.0%     -    5s
     0     0  482.00000    0  148  337.00000  482.00000  43.0%     -    5s
     0     0  481.12558    0  142  337.00000  481.12558  42.8%     -    6s
     0     0  480.97452    0  139  337.00000  480.97452  42.7%     -    6s
     0     0  480.89782    0  135  337.00000  480.89782  42.7%     -    6s
     0     0  480.87832    0  132  337.00000  480.87832  42.7%     -    6s
     0     0  480.87513    0  131  337.00000  480.87513  42.7%     -    6s
     0     0  480.87513    0  131  337.00000  480.87513  42.7%     -    6s
     0     0  480.63240    0  132  337.00000  480.63240  42.6%     -    6s
     0     0  480.56245    0  134  337.00000  480.56245  42.6%     -    6s
     0     0  480.56245    0  133  337.00000  480.56245  42.6%     -    6s
     0     0  480.56245    0  133  337.00000  480.56245  42.6%     -    6s
     0     0  480.03984    0  141  337.00000  480.03984  42.4%     -    6s
H    0     0                     338.0000000  480.03984  42.0%     -    6s
H    0     0                     343.0000000  478.77419  39.6%     -    6s
     0     0  478.77419    0  146  343.00000  478.77419  39.6%     -    6s
     0     0  478.77419    0  145  343.00000  478.77419  39.6%     -    6s
     0     0  477.95000    0  145  343.00000  477.95000  39.3%     -    6s
     0     0  476.69136    0  149  343.00000  476.69136  39.0%     -    6s
     0     0  474.40000    0  143  343.00000  474.40000  38.3%     -    7s
     0     2  474.40000    0  141  343.00000  474.40000  38.3%     -    7s
H   41    60                     346.0000000  470.40149  36.0%   981    8s
H   96   114                     350.0000000  437.04167  24.9%   679    8s
H  110   114                     354.0000000  437.04167  23.5%   634    8s
H  145   114                     359.0000000  436.88889  21.7%   557    8s
H  467   116                     362.0000000  417.41111  15.3%   273    9s

Cutting planes:
  Gomory: 6
  Implied bound: 164
  Clique: 5
  MIR: 12
  Flow cover: 46
  Zero half: 17
  RLT: 413
  BQP: 317
  PSD: 7

Explored 899 nodes (198410 simplex iterations) in 9.79 seconds (8.70 work units)
Thread count was 32 (of 256 available processors)

Solution count 10: 362 359 354 ... 236

Optimal solution found (tolerance 1.00e-04)
Best objective 3.620000000000e+02, best bound 3.620000000000e+02, gap 0.0000%
Objective value: 362.0
lam[0,0] = 0.0
lam[0,1] = -0.0
lam[0,2] = -0.0
lam[0,3] = 1.0
lam[1,0] = 0.0
lam[1,1] = 1.0
lam[1,2] = -0.0
lam[1,3] = -0.0
lam[2,0] = -0.0
lam[2,1] = -0.0
lam[2,2] = 1.0
lam[2,3] = -0.0
tau[0,0,1] = -0.0
tau[0,0,2] = -0.0
tau[0,0,L0] = 1.0
tau[0,0,L1] = -0.0
tau[0,0,L2] = -0.0
tau[0,1,1] = 1.0
tau[0,1,2] = -0.0
tau[0,1,L0] = -0.0
tau[0,1,L1] = -0.0
tau[0,1,L2] = -0.0
tau[0,2,1] = 1.0
tau[0,2,2] = -0.0
tau[0,2,L0] = -0.0
tau[0,2,L1] = -0.0
tau[0,2,L2] = -0.0
tau[0,3,1] = 0.0
tau[0,3,2] = 0.0
tau[0,3,L0] = -0.0
tau[0,3,L1] = -0.0
tau[0,3,L2] = -0.0
tau[0,4,1] = 0.0
tau[0,4,2] = 0.0
tau[0,4,L0] = -0.0
tau[0,4,L1] = -0.0
tau[0,4,L2] = -0.0
tau[0,5,1] = 0.0
tau[0,5,2] = 0.0
tau[0,5,L0] = -0.0
tau[0,5,L1] = -0.0
tau[0,5,L2] = -0.0
tau[1,0,2] = -0.0
tau[1,0,L0] = -0.0
tau[1,0,L1] = 1.0
tau[1,0,L2] = -0.0
tau[1,1,2] = 1.0
tau[1,1,L0] = -0.0
tau[1,1,L1] = -0.0
tau[1,1,L2] = -0.0
tau[1,2,2] = 1.0
tau[1,2,L0] = -0.0
tau[1,2,L1] = -0.0
tau[1,2,L2] = -0.0
tau[1,3,2] = 0.0
tau[1,3,L0] = -0.0
tau[1,3,L1] = -0.0
tau[1,3,L2] = -0.0
tau[1,4,2] = 0.0
tau[1,4,L0] = -0.0
tau[1,4,L1] = -0.0
tau[1,4,L2] = -0.0
tau[1,5,2] = 0.0
tau[1,5,L0] = -0.0
tau[1,5,L1] = -0.0
tau[1,5,L2] = -0.0
tau[2,0,L0] = 1.0
tau[2,0,L1] = -0.0
tau[2,0,L2] = -0.0
tau[2,1,L0] = 1.0
tau[2,1,L1] = -0.0
tau[2,1,L2] = -0.0
tau[2,2,L0] = -0.0
tau[2,2,L1] = 1.0
tau[2,2,L2] = -0.0
tau[2,3,L0] = -0.0
tau[2,3,L1] = -0.0
tau[2,3,L2] = -0.0
tau[2,4,L0] = -0.0
tau[2,4,L1] = -0.0
tau[2,4,L2] = -0.0
tau[2,5,L0] = -0.0
tau[2,5,L1] = -0.0
tau[2,5,L2] = -0.0
m[0,0] = 1.0
m[0,1] = 0.0
m[0,2] = 1.0
m[0,3] = 0.0
m[0,4] = 1.0
m[0,5] = 1.0
m[0,6] = 0.0
m[0,7] = 1.0
m[0,8] = 1.0
m[0,9] = 0.0
m[0,10] = 1.0
m[0,11] = 1.0
m[0,12] = 1.0
m[0,13] = 1.0
m[0,14] = 1.0
m[0,15] = 1.0
m[0,16] = 1.0
m[0,17] = 1.0
m[0,18] = 1.0
m[0,19] = 1.0
m[0,20] = 1.0
m[0,21] = 1.0
m[0,22] = 0.0
m[0,23] = 0.0
m[0,24] = 1.0
m[0,25] = 1.0
m[0,26] = 1.0
m[0,27] = 1.0
m[0,28] = 1.0
m[0,29] = 1.0
m[0,30] = 1.0
m[0,31] = 1.0
m[0,32] = 1.0
m[0,33] = 0.0
m[0,34] = 1.0
m[0,35] = 0.0
m[0,36] = 1.0
m[0,37] = 1.0
m[0,38] = 0.0
m[0,39] = 0.0
m[0,40] = 1.0
m[0,41] = 1.0
m[0,42] = 1.0
m[0,43] = 1.0
m[0,44] = 1.0
m[0,45] = 0.0
m[0,46] = 0.0
m[0,47] = 1.0
m[0,48] = 1.0
m[0,49] = 1.0
m[0,50] = 1.0
m[0,51] = 1.0
m[0,52] = 0.0
m[0,53] = 1.0
m[0,54] = 1.0
m[0,55] = 0.0
m[0,56] = 1.0
m[0,57] = 0.0
m[0,58] = 1.0
m[0,59] = 1.0
m[0,60] = 0.0
m[0,61] = 0.0
m[0,62] = 1.0
m[0,63] = 1.0
m[0,64] = 1.0
m[0,65] = 0.0
m[0,66] = 0.0
m[0,67] = 0.0
m[0,68] = 1.0
m[0,69] = 1.0
m[0,70] = 0.0
m[0,71] = 1.0
m[0,72] = 0.0
m[0,73] = 0.0
m[0,74] = 1.0
m[0,75] = 1.0
m[0,76] = 1.0
m[0,77] = 0.0
m[0,78] = 1.0
m[0,79] = 1.0
m[0,80] = 1.0
m[0,81] = 1.0
m[0,82] = 1.0
m[0,83] = 1.0
m[0,84] = 1.0
m[0,85] = 0.0
m[0,86] = 0.0
m[0,87] = 1.0
m[0,88] = 1.0
m[0,89] = 1.0
m[0,90] = 0.0
m[0,91] = 1.0
m[0,92] = 1.0
m[0,93] = 1.0
m[0,94] = 1.0
m[0,95] = 1.0
m[0,96] = 1.0
m[0,97] = 1.0
m[0,98] = 1.0
m[0,99] = 0.0
m[0,100] = 1.0
m[0,101] = 1.0
m[0,102] = 1.0
m[0,103] = 1.0
m[0,104] = 1.0
m[0,105] = 0.0
m[0,106] = 1.0
m[0,107] = 1.0
m[0,108] = 1.0
m[0,109] = 1.0
m[0,110] = 1.0
m[0,111] = 1.0
m[0,112] = 0.0
m[0,113] = 1.0
m[0,114] = 1.0
m[0,115] = 1.0
m[0,116] = 1.0
m[0,117] = 0.0
m[0,118] = 1.0
m[0,119] = 0.0
m[0,120] = 1.0
m[0,121] = 1.0
m[0,122] = 1.0
m[0,123] = 1.0
m[0,124] = 1.0
m[0,125] = 1.0
m[0,126] = 1.0
m[0,127] = 1.0
m[0,128] = 0.0
m[0,129] = 1.0
m[0,130] = 1.0
m[0,131] = 0.0
m[0,132] = 1.0
m[0,133] = 1.0
m[0,134] = 0.0
m[0,135] = 1.0
m[0,136] = 1.0
m[0,137] = 1.0
m[0,138] = 1.0
m[0,139] = 0.0
m[0,140] = 1.0
m[0,141] = 1.0
m[0,142] = 1.0
m[0,143] = 1.0
m[0,144] = 1.0
m[0,145] = 1.0
m[0,146] = 1.0
m[0,147] = 1.0
m[0,148] = 1.0
m[0,149] = 0.0
m[0,150] = 1.0
m[0,151] = 1.0
m[0,152] = 1.0
m[0,153] = 1.0
m[0,154] = 1.0
m[0,155] = 1.0
m[0,156] = 1.0
m[0,157] = 0.0
m[0,158] = 1.0
m[0,159] = 1.0
m[0,160] = 1.0
m[0,161] = 1.0
m[0,162] = 1.0
m[0,163] = 0.0
m[0,164] = 1.0
m[0,165] = 1.0
m[0,166] = 0.0
m[0,167] = 1.0
m[0,168] = 1.0
m[0,169] = 0.0
m[0,170] = 1.0
m[0,171] = 1.0
m[0,172] = 1.0
m[0,173] = 1.0
m[0,174] = 1.0
m[0,175] = 0.0
m[0,176] = 0.0
m[0,177] = 1.0
m[0,178] = 1.0
m[0,179] = 1.0
m[0,180] = 0.0
m[0,181] = 0.0
m[0,182] = 0.0
m[0,183] = 1.0
m[0,184] = 0.0
m[0,185] = 1.0
m[0,186] = 1.0
m[0,187] = 1.0
m[0,188] = 1.0
m[0,189] = 1.0
m[0,190] = 1.0
m[0,191] = 0.0
m[0,192] = 0.0
m[0,193] = 1.0
m[0,194] = 1.0
m[0,195] = 1.0
m[0,196] = 1.0
m[0,197] = 1.0
m[0,198] = 1.0
m[0,199] = 1.0
m[0,200] = 0.0
m[0,201] = 1.0
m[0,202] = 1.0
m[0,203] = 1.0
m[0,204] = 1.0
m[0,205] = 0.0
m[0,206] = 1.0
m[0,207] = 1.0
m[0,208] = 1.0
m[0,209] = 0.0
m[0,210] = 1.0
m[0,211] = 1.0
m[0,212] = 0.0
m[0,213] = 1.0
m[0,214] = 0.0
m[0,215] = 1.0
m[0,216] = 1.0
m[0,217] = 1.0
m[0,218] = 1.0
m[0,219] = 0.0
m[0,220] = 1.0
m[0,221] = 1.0
m[0,222] = 1.0
m[0,223] = 1.0
m[0,224] = 1.0
m[0,225] = 1.0
m[0,226] = 1.0
m[0,227] = 1.0
m[0,228] = 1.0
m[0,229] = 1.0
m[0,230] = 0.0
m[0,231] = 1.0
m[0,232] = 1.0
m[0,233] = 1.0
m[0,234] = 1.0
m[0,235] = 1.0
m[0,236] = 1.0
m[0,237] = 0.0
m[0,238] = 0.0
m[0,239] = 1.0
m[0,240] = 0.0
m[0,241] = 1.0
m[0,242] = 1.0
m[0,243] = 0.0
m[0,244] = 1.0
m[0,245] = 1.0
m[0,246] = 1.0
m[0,247] = 1.0
m[0,248] = 1.0
m[0,249] = 1.0
m[0,250] = 1.0
m[0,251] = 1.0
m[0,252] = 1.0
m[0,253] = 1.0
m[0,254] = 1.0
m[0,255] = 1.0
m[0,256] = 1.0
m[0,257] = 1.0
m[0,258] = 1.0
m[0,259] = 1.0
m[0,260] = 0.0
m[0,261] = 0.0
m[0,262] = 1.0
m[0,263] = 1.0
m[0,264] = 0.0
m[0,265] = 0.0
m[0,266] = 1.0
m[0,267] = 1.0
m[0,268] = 1.0
m[0,269] = 1.0
m[0,270] = 0.0
m[0,271] = 1.0
m[0,272] = 1.0
m[0,273] = 1.0
m[0,274] = 1.0
m[0,275] = 1.0
m[0,276] = 1.0
m[0,277] = 1.0
m[0,278] = 1.0
m[0,279] = 1.0
m[0,280] = 1.0
m[0,281] = 1.0
m[0,282] = 1.0
m[0,283] = 0.0
m[0,284] = 0.0
m[0,285] = 0.0
m[0,286] = 1.0
m[0,287] = 1.0
m[0,288] = 1.0
m[0,289] = 1.0
m[0,290] = 1.0
m[0,291] = 1.0
m[0,292] = 1.0
m[0,293] = 1.0
m[0,294] = 1.0
m[0,295] = 1.0
m[0,296] = 1.0
m[0,297] = 1.0
m[0,298] = 1.0
m[0,299] = 1.0
m[0,300] = 0.0
m[0,301] = 1.0
m[0,302] = 1.0
m[0,303] = 1.0
m[0,304] = 0.0
m[0,305] = 1.0
m[0,306] = 1.0
m[0,307] = 1.0
m[0,308] = 0.0
m[0,309] = 1.0
m[0,310] = 1.0
m[0,311] = 1.0
m[0,312] = 1.0
m[0,313] = 1.0
m[0,314] = 1.0
m[0,315] = 1.0
m[0,316] = 1.0
m[0,317] = 0.0
m[0,318] = 1.0
m[0,319] = 1.0
m[0,320] = 0.0
m[0,321] = 1.0
m[0,322] = 1.0
m[0,323] = 1.0
m[0,324] = 1.0
m[0,325] = 0.0
m[0,326] = 1.0
m[0,327] = 1.0
m[0,328] = 0.0
m[0,329] = 1.0
m[0,330] = 1.0
m[0,331] = 1.0
m[0,332] = 0.0
m[0,333] = 1.0
m[0,334] = 1.0
m[0,335] = 1.0
m[0,336] = 1.0
m[0,337] = 1.0
m[0,338] = 1.0
m[0,339] = 0.0
m[0,340] = 1.0
m[0,341] = 1.0
m[0,342] = 0.0
m[0,343] = 0.0
m[0,344] = 1.0
m[0,345] = 1.0
m[0,346] = 1.0
m[0,347] = 1.0
m[0,348] = 0.0
m[0,349] = 1.0
m[0,350] = 1.0
m[0,351] = 1.0
m[0,352] = 1.0
m[0,353] = 0.0
m[0,354] = 0.0
m[0,355] = 1.0
m[0,356] = 1.0
m[0,357] = 1.0
m[0,358] = 1.0
m[0,359] = 0.0
m[0,360] = 1.0
m[0,361] = 1.0
m[0,362] = 1.0
m[0,363] = 1.0
m[0,364] = 1.0
m[0,365] = 1.0
m[0,366] = 1.0
m[0,367] = 1.0
m[0,368] = 1.0
m[0,369] = 1.0
m[0,370] = 1.0
m[0,371] = 1.0
m[0,372] = 1.0
m[0,373] = 0.0
m[0,374] = 1.0
m[0,375] = 1.0
m[0,376] = 1.0
m[0,377] = 1.0
m[0,378] = 1.0
m[0,379] = 0.0
m[0,380] = 0.0
m[0,381] = 1.0
m[0,382] = 1.0
m[0,383] = 0.0
m[0,384] = 0.0
m[0,385] = 1.0
m[0,386] = 1.0
m[0,387] = 0.0
m[0,388] = 1.0
m[0,389] = 1.0
m[0,390] = 1.0
m[0,391] = 1.0
m[0,392] = 0.0
m[0,393] = 1.0
m[0,394] = 1.0
m[0,395] = 0.0
m[0,396] = 0.0
m[0,397] = 1.0
m[0,398] = 0.0
m[0,399] = 1.0
m[0,400] = 1.0
m[0,401] = 1.0
m[0,402] = 0.0
m[0,403] = 1.0
m[0,404] = 1.0
m[0,405] = 1.0
m[0,406] = 0.0
m[0,407] = 1.0
m[0,408] = 1.0
m[0,409] = 1.0
m[0,410] = 1.0
m[0,411] = 0.0
m[0,412] = 1.0
m[0,413] = 0.0
m[0,414] = 0.0
m[0,415] = 1.0
m[0,416] = 1.0
m[0,417] = 1.0
m[0,418] = 0.0
m[0,419] = 1.0
m[0,420] = 1.0
m[0,421] = 1.0
m[0,422] = 1.0
m[0,423] = 1.0
m[0,424] = 1.0
m[0,425] = 0.0
m[0,426] = 0.0
m[0,427] = 0.0
m[0,428] = 1.0
m[0,429] = 0.0
m[0,430] = 0.0
m[0,431] = 0.0
m[0,432] = 1.0
m[0,433] = 0.0
m[0,434] = 1.0
m[0,435] = 1.0
m[0,436] = 0.0
m[0,437] = 0.0
m[0,438] = 0.0
m[0,439] = 0.0
m[0,440] = 0.0
m[0,441] = 0.0
m[0,442] = 0.0
m[0,443] = 0.0
m[0,444] = 0.0
m[0,445] = 1.0
m[0,446] = 1.0
m[0,447] = 1.0
m[0,448] = 1.0
m[0,449] = 1.0
m[0,450] = 1.0
m[0,451] = 1.0
m[0,452] = 0.0
m[0,453] = 1.0
m[0,454] = 0.0
m[0,455] = 1.0
m[0,456] = 1.0
m[0,457] = 1.0
m[0,458] = 1.0
m[0,459] = 1.0
m[0,460] = 0.0
m[0,461] = 1.0
m[0,462] = 0.0
m[0,463] = 1.0
m[0,464] = 1.0
m[0,465] = 1.0
m[0,466] = 1.0
m[0,467] = 1.0
m[0,468] = 0.0
m[0,469] = 0.0
m[0,470] = 1.0
u[0] = 1.0
u[1] = 1.0
u[2] = 1.0
o_u[0,0] = 0.0
o_u[0,1] = -0.0
o_u[0,2] = -0.0
o_u[0,3] = 1.0
o_u[1,0] = 0.0
o_u[1,1] = 1.0
o_u[1,2] = 0.0
o_u[1,3] = 0.0
o_u[2,0] = 0.0
o_u[2,1] = 0.0
o_u[2,2] = 1.0
o_u[2,3] = 0.0
------------------------------------------------------------------------
------------------------------------------------------------------------
Saved hierarchical tree visualization to milp_tree_levels.png
[]
Gurobi Optimizer version 12.0.3 build v12.0.3rc0 (linux64 - "Ubuntu 22.04.5 LTS")

CPU model: AMD EPYC 7742 64-Core Processor, instruction set [SSE2|AVX|AVX2]
Thread count: 128 physical cores, 256 logical processors, using up to 32 threads

Optimize a model with 189604 rows, 45387 columns and 568998 nonzeros
Model fingerprint: 0xa3baa6d9
Variable types: 45303 continuous, 84 integer (0 binary)
Coefficient statistics:
  Matrix range     [1e+00, 5e+00]
  Objective range  [1e+00, 5e+00]
  Bounds range     [1e+00, 1e+00]
  RHS range        [1e+00, 1e+03]
Presolve removed 165967 rows and 38489 columns
Presolve time: 0.72s
Presolved: 23637 rows, 6898 columns, 69628 nonzeros
Variable types: 4962 continuous, 1936 integer (1936 binary)
Found heuristic solution: objective 48.0000000
Found heuristic solution: objective 236.0000000
Performing another presolve...
Presolve removed 17209 rows and 5135 columns
Presolve time: 1.13s

Root relaxation: objective 4.858333e+02, 2568 iterations, 0.12 seconds (0.12 work units)

    Nodes    |    Current Node    |     Objective Bounds      |     Work
 Expl Unexpl |  Obj  Depth IntInf | Incumbent    BestBd   Gap | It/Node Time

     0     0  485.83333    0  104  236.00000  485.83333   106%     -    2s
H    0     0                     309.0000000  485.83333  57.2%     -    2s
     0     0  484.90614    0  134  309.00000  484.90614  56.9%     -    2s
H    0     0                     337.0000000  484.86503  43.9%     -    2s
     0     0  484.86503    0  140  337.00000  484.86503  43.9%     -    2s
     0     0  484.86503    0  140  337.00000  484.86503  43.9%     -    2s
     0     0  484.00000    0  135  337.00000  484.00000  43.6%     -    3s
     0     0  483.50000    0  130  337.00000  483.50000  43.5%     -    3s
     0     0  483.50000    0  129  337.00000  483.50000  43.5%     -    3s
     0     0  482.00000    0  136  337.00000  482.00000  43.0%     -    3s
     0     0  482.00000    0  128  337.00000  482.00000  43.0%     -    4s
     0     0  482.00000    0  110  337.00000  482.00000  43.0%     -    4s
     0     0  482.00000    0  141  337.00000  482.00000  43.0%     -    5s
     0     0  482.00000    0  147  337.00000  482.00000  43.0%     -    5s
     0     0  482.00000    0  148  337.00000  482.00000  43.0%     -    5s
     0     0  481.12558    0  142  337.00000  481.12558  42.8%     -    5s
     0     0  480.97452    0  139  337.00000  480.97452  42.7%     -    5s
     0     0  480.89782    0  135  337.00000  480.89782  42.7%     -    5s
     0     0  480.87832    0  132  337.00000  480.87832  42.7%     -    5s
     0     0  480.87513    0  131  337.00000  480.87513  42.7%     -    5s
     0     0  480.87513    0  131  337.00000  480.87513  42.7%     -    5s
     0     0  480.63240    0  132  337.00000  480.63240  42.6%     -    6s
     0     0  480.56245    0  134  337.00000  480.56245  42.6%     -    6s
     0     0  480.56245    0  133  337.00000  480.56245  42.6%     -    6s
     0     0  480.56245    0  133  337.00000  480.56245  42.6%     -    6s
     0     0  480.03984    0  141  337.00000  480.03984  42.4%     -    6s
H    0     0                     338.0000000  480.03984  42.0%     -    6s
H    0     0                     343.0000000  478.77419  39.6%     -    6s
     0     0  478.77419    0  146  343.00000  478.77419  39.6%     -    6s
     0     0  478.77419    0  145  343.00000  478.77419  39.6%     -    6s
     0     0  477.95000    0  145  343.00000  477.95000  39.3%     -    6s
     0     0  476.69136    0  149  343.00000  476.69136  39.0%     -    6s
     0     0  474.40000    0  143  343.00000  474.40000  38.3%     -    6s
     0     2  474.40000    0  141  343.00000  474.40000  38.3%     -    7s
H   41    60                     346.0000000  470.40149  36.0%   981    8s
H   96   114                     350.0000000  437.04167  24.9%   679    8s
H  110   114                     354.0000000  437.04167  23.5%   634    8s
H  145   114                     359.0000000  436.88889  21.7%   557    8s
H  467   116                     362.0000000  417.41111  15.3%   273    8s

Cutting planes:
  Gomory: 6
  Implied bound: 164
  Clique: 5
  MIR: 12
  Flow cover: 46
  Zero half: 17
  RLT: 413
  BQP: 317
  PSD: 7

Explored 899 nodes (198410 simplex iterations) in 9.42 seconds (8.70 work units)
Thread count was 32 (of 256 available processors)

Solution count 10: 362 359 354 ... 236

Optimal solution found (tolerance 1.00e-04)
Best objective 3.620000000000e+02, best bound 3.620000000000e+02, gap 0.0000%
Objective value: 362.0
lam[0,0] = 0.0
lam[0,1] = -0.0
lam[0,2] = -0.0
lam[0,3] = 1.0
lam[1,0] = 0.0
lam[1,1] = 1.0
lam[1,2] = -0.0
lam[1,3] = -0.0
lam[2,0] = -0.0
lam[2,1] = -0.0
lam[2,2] = 1.0
lam[2,3] = -0.0
tau[0,0,1] = -0.0
tau[0,0,2] = -0.0
tau[0,0,L0] = 1.0
tau[0,0,L1] = -0.0
tau[0,0,L2] = -0.0
tau[0,1,1] = 1.0
tau[0,1,2] = -0.0
tau[0,1,L0] = -0.0
tau[0,1,L1] = -0.0
tau[0,1,L2] = -0.0
tau[0,2,1] = 1.0
tau[0,2,2] = -0.0
tau[0,2,L0] = -0.0
tau[0,2,L1] = -0.0
tau[0,2,L2] = -0.0
tau[0,3,1] = 0.0
tau[0,3,2] = 0.0
tau[0,3,L0] = -0.0
tau[0,3,L1] = -0.0
tau[0,3,L2] = -0.0
tau[0,4,1] = 0.0
tau[0,4,2] = 0.0
tau[0,4,L0] = -0.0
tau[0,4,L1] = -0.0
tau[0,4,L2] = -0.0
tau[0,5,1] = 0.0
tau[0,5,2] = 0.0
tau[0,5,L0] = -0.0
tau[0,5,L1] = -0.0
tau[0,5,L2] = -0.0
tau[1,0,2] = -0.0
tau[1,0,L0] = -0.0
tau[1,0,L1] = 1.0
tau[1,0,L2] = -0.0
tau[1,1,2] = 1.0
tau[1,1,L0] = -0.0
tau[1,1,L1] = -0.0
tau[1,1,L2] = -0.0
tau[1,2,2] = 1.0
tau[1,2,L0] = -0.0
tau[1,2,L1] = -0.0
tau[1,2,L2] = -0.0
tau[1,3,2] = 0.0
tau[1,3,L0] = -0.0
tau[1,3,L1] = -0.0
tau[1,3,L2] = -0.0
tau[1,4,2] = 0.0
tau[1,4,L0] = -0.0
tau[1,4,L1] = -0.0
tau[1,4,L2] = -0.0
tau[1,5,2] = 0.0
tau[1,5,L0] = -0.0
tau[1,5,L1] = -0.0
tau[1,5,L2] = -0.0
tau[2,0,L0] = 1.0
tau[2,0,L1] = -0.0
tau[2,0,L2] = -0.0
tau[2,1,L0] = 1.0
tau[2,1,L1] = -0.0
tau[2,1,L2] = -0.0
tau[2,2,L0] = -0.0
tau[2,2,L1] = 1.0
tau[2,2,L2] = -0.0
tau[2,3,L0] = -0.0
tau[2,3,L1] = -0.0
tau[2,3,L2] = -0.0
tau[2,4,L0] = -0.0
tau[2,4,L1] = -0.0
tau[2,4,L2] = -0.0
tau[2,5,L0] = -0.0
tau[2,5,L1] = -0.0
tau[2,5,L2] = -0.0
m[0,0] = 1.0
m[0,1] = 0.0
m[0,2] = 1.0
m[0,3] = 0.0
m[0,4] = 1.0
m[0,5] = 1.0
m[0,6] = 0.0
m[0,7] = 1.0
m[0,8] = 1.0
m[0,9] = 0.0
m[0,10] = 1.0
m[0,11] = 1.0
m[0,12] = 1.0
m[0,13] = 1.0
m[0,14] = 1.0
m[0,15] = 1.0
m[0,16] = 1.0
m[0,17] = 1.0
m[0,18] = 1.0
m[0,19] = 1.0
m[0,20] = 1.0
m[0,21] = 1.0
m[0,22] = 0.0
m[0,23] = 0.0
m[0,24] = 1.0
m[0,25] = 1.0
m[0,26] = 1.0
m[0,27] = 1.0
m[0,28] = 1.0
m[0,29] = 1.0
m[0,30] = 1.0
m[0,31] = 1.0
m[0,32] = 1.0
m[0,33] = 0.0
m[0,34] = 1.0
m[0,35] = 0.0
m[0,36] = 1.0
m[0,37] = 1.0
m[0,38] = 0.0
m[0,39] = 0.0
m[0,40] = 1.0
m[0,41] = 1.0
m[0,42] = 1.0
m[0,43] = 1.0
m[0,44] = 1.0
m[0,45] = 0.0
m[0,46] = 0.0
m[0,47] = 1.0
m[0,48] = 1.0
m[0,49] = 1.0
m[0,50] = 1.0
m[0,51] = 1.0
m[0,52] = 0.0
m[0,53] = 1.0
m[0,54] = 1.0
m[0,55] = 0.0
m[0,56] = 1.0
m[0,57] = 0.0
m[0,58] = 1.0
m[0,59] = 1.0
m[0,60] = 0.0
m[0,61] = 0.0
m[0,62] = 1.0
m[0,63] = 1.0
m[0,64] = 1.0
m[0,65] = 0.0
m[0,66] = 0.0
m[0,67] = 0.0
m[0,68] = 1.0
m[0,69] = 1.0
m[0,70] = 0.0
m[0,71] = 1.0
m[0,72] = 0.0
m[0,73] = 0.0
m[0,74] = 1.0
m[0,75] = 1.0
m[0,76] = 1.0
m[0,77] = 0.0
m[0,78] = 1.0
m[0,79] = 1.0
m[0,80] = 1.0
m[0,81] = 1.0
m[0,82] = 1.0
m[0,83] = 1.0
m[0,84] = 1.0
m[0,85] = 0.0
m[0,86] = 0.0
m[0,87] = 1.0
m[0,88] = 1.0
m[0,89] = 1.0
m[0,90] = 0.0
m[0,91] = 1.0
m[0,92] = 1.0
m[0,93] = 1.0
m[0,94] = 1.0
m[0,95] = 1.0
m[0,96] = 1.0
m[0,97] = 1.0
m[0,98] = 1.0
m[0,99] = 0.0
m[0,100] = 1.0
m[0,101] = 1.0
m[0,102] = 1.0
m[0,103] = 1.0
m[0,104] = 1.0
m[0,105] = 0.0
m[0,106] = 1.0
m[0,107] = 1.0
m[0,108] = 1.0
m[0,109] = 1.0
m[0,110] = 1.0
m[0,111] = 1.0
m[0,112] = 0.0
m[0,113] = 1.0
m[0,114] = 1.0
m[0,115] = 1.0
m[0,116] = 1.0
m[0,117] = 0.0
m[0,118] = 1.0
m[0,119] = 0.0
m[0,120] = 1.0
m[0,121] = 1.0
m[0,122] = 1.0
m[0,123] = 1.0
m[0,124] = 1.0
m[0,125] = 1.0
m[0,126] = 1.0
m[0,127] = 1.0
m[0,128] = 0.0
m[0,129] = 1.0
m[0,130] = 1.0
m[0,131] = 0.0
m[0,132] = 1.0
m[0,133] = 1.0
m[0,134] = 0.0
m[0,135] = 1.0
m[0,136] = 1.0
m[0,137] = 1.0
m[0,138] = 1.0
m[0,139] = 0.0
m[0,140] = 1.0
m[0,141] = 1.0
m[0,142] = 1.0
m[0,143] = 1.0
m[0,144] = 1.0
m[0,145] = 1.0
m[0,146] = 1.0
m[0,147] = 1.0
m[0,148] = 1.0
m[0,149] = 0.0
m[0,150] = 1.0
m[0,151] = 1.0
m[0,152] = 1.0
m[0,153] = 1.0
m[0,154] = 1.0
m[0,155] = 1.0
m[0,156] = 1.0
m[0,157] = 0.0
m[0,158] = 1.0
m[0,159] = 1.0
m[0,160] = 1.0
m[0,161] = 1.0
m[0,162] = 1.0
m[0,163] = 0.0
m[0,164] = 1.0
m[0,165] = 1.0
m[0,166] = 0.0
m[0,167] = 1.0
m[0,168] = 1.0
m[0,169] = 0.0
m[0,170] = 1.0
m[0,171] = 1.0
m[0,172] = 1.0
m[0,173] = 1.0
m[0,174] = 1.0
m[0,175] = 0.0
m[0,176] = 0.0
m[0,177] = 1.0
m[0,178] = 1.0
m[0,179] = 1.0
m[0,180] = 0.0
m[0,181] = 0.0
m[0,182] = 0.0
m[0,183] = 1.0
m[0,184] = 0.0
m[0,185] = 1.0
m[0,186] = 1.0
m[0,187] = 1.0
m[0,188] = 1.0
m[0,189] = 1.0
m[0,190] = 1.0
m[0,191] = 0.0
m[0,192] = 0.0
m[0,193] = 1.0
m[0,194] = 1.0
m[0,195] = 1.0
m[0,196] = 1.0
m[0,197] = 1.0
m[0,198] = 1.0
m[0,199] = 1.0
m[0,200] = 0.0
m[0,201] = 1.0
m[0,202] = 1.0
m[0,203] = 1.0
m[0,204] = 1.0
m[0,205] = 0.0
m[0,206] = 1.0
m[0,207] = 1.0
m[0,208] = 1.0
m[0,209] = 0.0
m[0,210] = 1.0
m[0,211] = 1.0
m[0,212] = 0.0
m[0,213] = 1.0
m[0,214] = 0.0
m[0,215] = 1.0
m[0,216] = 1.0
m[0,217] = 1.0
m[0,218] = 1.0
m[0,219] = 0.0
m[0,220] = 1.0
m[0,221] = 1.0
m[0,222] = 1.0
m[0,223] = 1.0
m[0,224] = 1.0
m[0,225] = 1.0
m[0,226] = 1.0
m[0,227] = 1.0
m[0,228] = 1.0
m[0,229] = 1.0
m[0,230] = 0.0
m[0,231] = 1.0
m[0,232] = 1.0
m[0,233] = 1.0
m[0,234] = 1.0
m[0,235] = 1.0
m[0,236] = 1.0
m[0,237] = 0.0
m[0,238] = 0.0
m[0,239] = 1.0
m[0,240] = 0.0
m[0,241] = 1.0
m[0,242] = 1.0
m[0,243] = 0.0
m[0,244] = 1.0
m[0,245] = 1.0
m[0,246] = 1.0
m[0,247] = 1.0
m[0,248] = 1.0
m[0,249] = 1.0
m[0,250] = 1.0
m[0,251] = 1.0
m[0,252] = 1.0
m[0,253] = 1.0
m[0,254] = 1.0
m[0,255] = 1.0
m[0,256] = 1.0
m[0,257] = 1.0
m[0,258] = 1.0
m[0,259] = 1.0
m[0,260] = 0.0
m[0,261] = 0.0
m[0,262] = 1.0
m[0,263] = 1.0
m[0,264] = 0.0
m[0,265] = 0.0
m[0,266] = 1.0
m[0,267] = 1.0
m[0,268] = 1.0
m[0,269] = 1.0
m[0,270] = 0.0
m[0,271] = 1.0
m[0,272] = 1.0
m[0,273] = 1.0
m[0,274] = 1.0
m[0,275] = 1.0
m[0,276] = 1.0
m[0,277] = 1.0
m[0,278] = 1.0
m[0,279] = 1.0
m[0,280] = 1.0
m[0,281] = 1.0
m[0,282] = 1.0
m[0,283] = 0.0
m[0,284] = 0.0
m[0,285] = 0.0
m[0,286] = 1.0
m[0,287] = 1.0
m[0,288] = 1.0
m[0,289] = 1.0
m[0,290] = 1.0
m[0,291] = 1.0
m[0,292] = 1.0
m[0,293] = 1.0
m[0,294] = 1.0
m[0,295] = 1.0
m[0,296] = 1.0
m[0,297] = 1.0
m[0,298] = 1.0
m[0,299] = 1.0
m[0,300] = 0.0
m[0,301] = 1.0
m[0,302] = 1.0
m[0,303] = 1.0
m[0,304] = 0.0
m[0,305] = 1.0
m[0,306] = 1.0
m[0,307] = 1.0
m[0,308] = 0.0
m[0,309] = 1.0
m[0,310] = 1.0
m[0,311] = 1.0
m[0,312] = 1.0
m[0,313] = 1.0
m[0,314] = 1.0
m[0,315] = 1.0
m[0,316] = 1.0
m[0,317] = 0.0
m[0,318] = 1.0
m[0,319] = 1.0
m[0,320] = 0.0
m[0,321] = 1.0
m[0,322] = 1.0
m[0,323] = 1.0
m[0,324] = 1.0
m[0,325] = 0.0
m[0,326] = 1.0
m[0,327] = 1.0
m[0,328] = 0.0
m[0,329] = 1.0
m[0,330] = 1.0
m[0,331] = 1.0
m[0,332] = 0.0
m[0,333] = 1.0
m[0,334] = 1.0
m[0,335] = 1.0
m[0,336] = 1.0
m[0,337] = 1.0
m[0,338] = 1.0
m[0,339] = 0.0
m[0,340] = 1.0
m[0,341] = 1.0
m[0,342] = 0.0
m[0,343] = 0.0
m[0,344] = 1.0
m[0,345] = 1.0
m[0,346] = 1.0
m[0,347] = 1.0
m[0,348] = 0.0
m[0,349] = 1.0
m[0,350] = 1.0
m[0,351] = 1.0
m[0,352] = 1.0
m[0,353] = 0.0
m[0,354] = 0.0
m[0,355] = 1.0
m[0,356] = 1.0
m[0,357] = 1.0
m[0,358] = 1.0
m[0,359] = 0.0
m[0,360] = 1.0
m[0,361] = 1.0
m[0,362] = 1.0
m[0,363] = 1.0
m[0,364] = 1.0
m[0,365] = 1.0
m[0,366] = 1.0
m[0,367] = 1.0
m[0,368] = 1.0
m[0,369] = 1.0
m[0,370] = 1.0
m[0,371] = 1.0
m[0,372] = 1.0
m[0,373] = 0.0
m[0,374] = 1.0
m[0,375] = 1.0
m[0,376] = 1.0
m[0,377] = 1.0
m[0,378] = 1.0
m[0,379] = 0.0
m[0,380] = 0.0
m[0,381] = 1.0
m[0,382] = 1.0
m[0,383] = 0.0
m[0,384] = 0.0
m[0,385] = 1.0
m[0,386] = 1.0
m[0,387] = 0.0
m[0,388] = 1.0
m[0,389] = 1.0
m[0,390] = 1.0
m[0,391] = 1.0
m[0,392] = 0.0
m[0,393] = 1.0
m[0,394] = 1.0
m[0,395] = 0.0
m[0,396] = 0.0
m[0,397] = 1.0
m[0,398] = 0.0
m[0,399] = 1.0
m[0,400] = 1.0
m[0,401] = 1.0
m[0,402] = 0.0
m[0,403] = 1.0
m[0,404] = 1.0
m[0,405] = 1.0
m[0,406] = 0.0
m[0,407] = 1.0
m[0,408] = 1.0
m[0,409] = 1.0
m[0,410] = 1.0
m[0,411] = 0.0
m[0,412] = 1.0
m[0,413] = 0.0
m[0,414] = 0.0
m[0,415] = 1.0
m[0,416] = 1.0
m[0,417] = 1.0
m[0,418] = 0.0
m[0,419] = 1.0
m[0,420] = 1.0
m[0,421] = 1.0
m[0,422] = 1.0
m[0,423] = 1.0
m[0,424] = 1.0
m[0,425] = 0.0
m[0,426] = 0.0
m[0,427] = 0.0
m[0,428] = 1.0
m[0,429] = 0.0
m[0,430] = 0.0
m[0,431] = 0.0
m[0,432] = 1.0
m[0,433] = 0.0
m[0,434] = 1.0
m[0,435] = 1.0
m[0,436] = 0.0
m[0,437] = 0.0
m[0,438] = 0.0
m[0,439] = 0.0
m[0,440] = 0.0
m[0,441] = 0.0
m[0,442] = 0.0
m[0,443] = 0.0
m[0,444] = 0.0
m[0,445] = 1.0
m[0,446] = 1.0
m[0,447] = 1.0
m[0,448] = 1.0
m[0,449] = 1.0
m[0,450] = 1.0
m[0,451] = 1.0
m[0,452] = 0.0
m[0,453] = 1.0
m[0,454] = 0.0
m[0,455] = 1.0
m[0,456] = 1.0
m[0,457] = 1.0
m[0,458] = 1.0
m[0,459] = 1.0
m[0,460] = 0.0
m[0,461] = 1.0
m[0,462] = 0.0
m[0,463] = 1.0
m[0,464] = 1.0
m[0,465] = 1.0
m[0,466] = 1.0
m[0,467] = 1.0
m[0,468] = 0.0
m[0,469] = 0.0
m[0,470] = 1.0
u[0] = 1.0
u[1] = 1.0
u[2] = 1.0
o_u[0,0] = 0.0
o_u[0,1] = -0.0
o_u[0,2] = -0.0
o_u[0,3] = 1.0
o_u[1,0] = 0.0
o_u[1,1] = 1.0
o_u[1,2] = 0.0
o_u[1,3] = 0.0
o_u[2,0] = 0.0
o_u[2,1] = 0.0
o_u[2,2] = 1.0
o_u[2,3] = 0.0
------------------------------------------------------------------------
------------------------------------------------------------------------
Saved hierarchical tree visualization to milp_tree_levels.png
THIS IS THE INITIAL CORRECTNESS 0.7430997876857749
THIS IS THE INITIAL EXPLAINABILITY 12.0
Inside find_pareto_solution_more_e
----------------------------------
THE CURRENT CORRECTNESS IS: 0.7430997876857749, AND THE CURRENT EXPLAINABILITY IS: 12.0
Gurobi Optimizer version 12.0.3 build v12.0.3rc0 (linux64 - "Ubuntu 22.04.5 LTS")

CPU model: AMD EPYC 7742 64-Core Processor, instruction set [SSE2|AVX|AVX2]
Thread count: 128 physical cores, 256 logical processors, using up to 32 threads

Optimize a model with 189606 rows, 45387 columns and 569484 nonzeros
Model fingerprint: 0xd5b34a69
Variable types: 45303 continuous, 84 integer (0 binary)
Coefficient statistics:
  Matrix range     [1e+00, 5e+00]
  Objective range  [1e+00, 5e+00]
  Bounds range     [1e+00, 1e+00]
  RHS range        [1e+00, 1e+03]

MIP start from previous solve did not produce a new incumbent solution
MIP start from previous solve violates constraint R189604 by 1.000000000

Presolve removed 160215 rows and 37706 columns
Presolve time: 1.74s
Presolved: 29391 rows, 7681 columns, 89809 nonzeros
Variable types: 6756 continuous, 925 integer (925 binary)
Found heuristic solution: objective 56.0000000
Found heuristic solution: objective 186.0000000

Root relaxation: objective 3.640000e+02, 13393 iterations, 2.77 seconds (3.41 work units)
Total elapsed time = 6.42s (DegenMoves)

    Nodes    |    Current Node    |     Objective Bounds      |     Work
 Expl Unexpl |  Obj  Depth IntInf | Incumbent    BestBd   Gap | It/Node Time

     0     0  364.00000    0   72  186.00000  364.00000  95.7%     -    8s
H    0     0                     221.0000000  364.00000  64.7%     -    8s
H    0     0                     243.0000000  364.00000  49.8%     -   10s
     0     0  363.00000    0  213  243.00000  363.00000  49.4%     -   12s
     0     0  363.00000    0   28  243.00000  363.00000  49.4%     -   14s
H    0     0                     288.0000000  363.00000  26.0%     -   14s
     0     0  363.00000    0   81  288.00000  363.00000  26.0%     -   14s
H    0     0                     290.0000000  363.00000  25.2%     -   14s
     0     0  363.00000    0   76  290.00000  363.00000  25.2%     -   14s
H    0     0                     308.0000000  363.00000  17.9%     -   14s
     0     0  363.00000    0   86  308.00000  363.00000  17.9%     -   14s
     0     0  363.00000    0   85  308.00000  363.00000  17.9%     -   14s
H    0     0                     332.0000000  363.00000  9.34%     -   16s
H    0     0                     334.0000000  362.88199  8.65%     -   16s
H    0     0                     339.0000000  362.88199  7.04%     -   16s
     0     0  362.88199    0   18  339.00000  362.88199  7.04%     -   16s
     0     0  362.81533    0   20  339.00000  362.81533  7.03%     -   16s
     0     0  362.00000    0   23  339.00000  362.00000  6.78%     -   17s
     0     0  362.00000    0   23  339.00000  362.00000  6.78%     -   17s
     0     0  362.00000    0   36  339.00000  362.00000  6.78%     -   18s
     0     0  362.00000    0   23  339.00000  362.00000  6.78%     -   19s
     0     2  362.00000    0   23  339.00000  362.00000  6.78%     -   20s
*  257     2              13     339.0000019  362.00000  6.78%   249   22s

Cutting planes:
  Implied bound: 117
  MIR: 8
  Flow cover: 5
  Zero half: 8
  RLT: 173
  Relax-and-lift: 1
  BQP: 133

Explored 272 nodes (130867 simplex iterations) in 22.46 seconds (23.15 work units)
Thread count was 32 (of 256 available processors)

Solution count 10: 339 339 334 ... 186

Optimal solution found (tolerance 1.00e-04)
Warning: max constraint violation (1.5401e-06) exceeds tolerance
Best objective 3.390000019331e+02, best bound 3.390000019331e+02, gap 0.0000%
Objective value: 339.0000019330896
lam[0,0] = 0.0
lam[0,1] = 0.0
lam[0,2] = 1.0
lam[0,3] = -0.0
lam[1,0] = 0.0
lam[1,1] = 0.0
lam[1,2] = -0.0
lam[1,3] = 1.0
lam[2,0] = 0.0
lam[2,1] = 0.0
lam[2,2] = 1.0
lam[2,3] = 0.0
tau[0,0,1] = -0.0
tau[0,0,2] = 0.0
tau[0,0,L0] = 1.0
tau[0,0,L1] = 0.0
tau[0,0,L2] = -0.0
tau[0,1,1] = 1.0000003833573332
tau[0,1,2] = 0.0
tau[0,1,L0] = -3.8502399979378765e-07
tau[0,1,L1] = -0.0
tau[0,1,L2] = -0.0
tau[0,2,1] = 1.0
tau[0,2,2] = -0.0
tau[0,2,L0] = -0.0
tau[0,2,L1] = 0.0
tau[0,2,L2] = -0.0
tau[0,3,1] = 0.0
tau[0,3,2] = 0.0
tau[0,3,L0] = -0.0
tau[0,3,L1] = -0.0
tau[0,3,L2] = -0.0
tau[0,4,1] = 0.0
tau[0,4,2] = 0.0
tau[0,4,L0] = -0.0
tau[0,4,L1] = -0.0
tau[0,4,L2] = -0.0
tau[0,5,1] = 0.0
tau[0,5,2] = 0.0
tau[0,5,L0] = -0.0
tau[0,5,L1] = -0.0
tau[0,5,L2] = -0.0
tau[1,0,2] = 1.0
tau[1,0,L0] = 0.0
tau[1,0,L1] = -0.0
tau[1,0,L2] = -0.0
tau[1,1,2] = -3.8502399979378765e-07
tau[1,1,L0] = -0.0
tau[1,1,L1] = 1.0000003830239999
tau[1,1,L2] = 0.0
tau[1,2,2] = -0.0
tau[1,2,L0] = -0.0
tau[1,2,L1] = 1.0
tau[1,2,L2] = 0.0
tau[1,3,2] = 0.0
tau[1,3,L0] = -0.0
tau[1,3,L1] = -0.0
tau[1,3,L2] = -0.0
tau[1,4,2] = 0.0
tau[1,4,L0] = -0.0
tau[1,4,L1] = -0.0
tau[1,4,L2] = -0.0
tau[1,5,2] = 0.0
tau[1,5,L0] = -0.0
tau[1,5,L1] = -0.0
tau[1,5,L2] = -0.0
tau[2,0,L0] = 0.0
tau[2,0,L1] = 1.0
tau[2,0,L2] = 0.0
tau[2,1,L0] = 1.0000003825239998
tau[2,1,L1] = -0.0
tau[2,1,L2] = -3.825239997937877e-07
tau[2,2,L0] = 1.0
tau[2,2,L1] = 0.0
tau[2,2,L2] = 0.0
tau[2,3,L0] = -0.0
tau[2,3,L1] = -0.0
tau[2,3,L2] = -0.0
tau[2,4,L0] = -0.0
tau[2,4,L1] = -0.0
tau[2,4,L2] = -0.0
tau[2,5,L0] = -0.0
tau[2,5,L1] = -0.0
tau[2,5,L2] = -0.0
m[0,0] = 1.0
m[0,1] = 0.0
m[0,2] = 1.0000003849587407
m[0,3] = 0.0
m[0,4] = 1.0
m[0,5] = 0.0
m[0,6] = 1.0
m[0,7] = 1.0
m[0,8] = 1.0
m[0,9] = 0.0
m[0,10] = 1.0000003849587407
m[0,11] = 0.0
m[0,12] = 1.0
m[0,13] = 1.0
m[0,14] = 1.0
m[0,15] = 1.0
m[0,16] = 1.0
m[0,17] = 1.0
m[0,18] = 0.0
m[0,19] = 1.0
m[0,20] = 1.0000003849587407
m[0,21] = -3.8470141914862634e-07
m[0,22] = -3.8470141914862634e-07
m[0,23] = 0.0
m[0,24] = 1.0
m[0,25] = 1.0
m[0,26] = 1.0
m[0,27] = -3.8470141914862634e-07
m[0,28] = 1.0
m[0,29] = 1.0
m[0,30] = 1.0
m[0,31] = 0.0
m[0,32] = -3.8470141914862634e-07
m[0,33] = 1.0
m[0,34] = 1.0
m[0,35] = 0.0
m[0,36] = 0.0
m[0,37] = 1.0
m[0,38] = 0.0
m[0,39] = 1.0
m[0,40] = 1.0000003850239998
m[0,41] = 1.0
m[0,42] = 1.0
m[0,43] = 1.0
m[0,44] = 1.0
m[0,45] = 1.0
m[0,46] = 0.0
m[0,47] = -7.69725418942414e-07
m[0,48] = 1.0
m[0,49] = 1.0
m[0,50] = 1.0
m[0,51] = 0.0
m[0,52] = 0.0
m[0,53] = 1.0
m[0,54] = 1.0000003849587407
m[0,55] = 1.0
m[0,56] = 1.0
m[0,57] = 1.0000003849587407
m[0,58] = 1.0
m[0,59] = 1.0000003850239998
m[0,60] = 0.0
m[0,61] = 0.0
m[0,62] = 1.0
m[0,63] = 1.0
m[0,64] = 1.0
m[0,65] = 0.0
m[0,66] = 0.0
m[0,67] = 0.0
m[0,68] = 1.0
m[0,69] = 1.0
m[0,70] = 0.0
m[0,71] = 1.0
m[0,72] = 0.0
m[0,73] = 1.0
m[0,74] = 1.0
m[0,75] = 1.0
m[0,76] = 0.0
m[0,77] = 1.0
m[0,78] = 1.0
m[0,79] = 1.0
m[0,80] = 1.0
m[0,81] = 1.0
m[0,82] = 1.0
m[0,83] = 1.0
m[0,84] = 0.0
m[0,85] = 0.0
m[0,86] = -3.8470141914862634e-07
m[0,87] = 1.0000003849587407
m[0,88] = 1.0
m[0,89] = 1.0
m[0,90] = 0.0
m[0,91] = 1.0
m[0,92] = 1.0
m[0,93] = 1.0
m[0,94] = 1.0
m[0,95] = 1.0
m[0,96] = 1.0
m[0,97] = 1.0
m[0,98] = 1.0
m[0,99] = 0.0
m[0,100] = 1.0
m[0,101] = 1.0
m[0,102] = 1.0000003849587407
m[0,103] = 1.0
m[0,104] = 1.0
m[0,105] = 0.0
m[0,106] = 1.0
m[0,107] = 1.0
m[0,108] = 1.0000003849587407
m[0,109] = 1.0
m[0,110] = 1.0000003850239998
m[0,111] = 1.0
m[0,112] = 0.0
m[0,113] = 1.0000003849587407
m[0,114] = -7.69725418942414e-07
m[0,115] = 1.0
m[0,116] = 1.0
m[0,117] = 0.0
m[0,118] = 1.0
m[0,119] = 0.0
m[0,120] = 1.0000003849587407
m[0,121] = 0.0
m[0,122] = 1.0
m[0,123] = -3.8470141914862634e-07
m[0,124] = 1.0
m[0,125] = 1.0000003849587407
m[0,126] = 1.0
m[0,127] = 1.0
m[0,128] = 0.0
m[0,129] = 1.0
m[0,130] = 1.0
m[0,131] = 1.0000003849587407
m[0,132] = 1.0
m[0,133] = 1.0
m[0,134] = 0.0
m[0,135] = 1.0
m[0,136] = 1.0
m[0,137] = 1.0
m[0,138] = 0.0
m[0,139] = 0.0
m[0,140] = 1.0
m[0,141] = 1.0
m[0,142] = 0.0
m[0,143] = 1.0
m[0,144] = 1.0
m[0,145] = 1.0
m[0,146] = 1.0
m[0,147] = 0.0
m[0,148] = -3.8470141914862634e-07
m[0,149] = -3.8470141914862634e-07
m[0,150] = 1.0
m[0,151] = 1.0000003849587407
m[0,152] = 1.0
m[0,153] = 1.0
m[0,154] = 1.0000003849587407
m[0,155] = 1.0
m[0,156] = 1.0
m[0,157] = 0.0
m[0,158] = 1.0
m[0,159] = 1.0
m[0,160] = 1.0
m[0,161] = 1.0
m[0,162] = 1.0
m[0,163] = 0.0
m[0,164] = 1.0
m[0,165] = 1.0
m[0,166] = 0.0
m[0,167] = 1.0
m[0,168] = 1.0
m[0,169] = -3.8470141914862634e-07
m[0,170] = 1.0
m[0,171] = 1.0
m[0,172] = 1.0
m[0,173] = 1.0
m[0,174] = 1.0
m[0,175] = -3.8470141914862634e-07
m[0,176] = 0.0
m[0,177] = 0.0
m[0,178] = 1.0000003849587407
m[0,179] = 1.0
m[0,180] = -3.8470141914862634e-07
m[0,181] = 0.0
m[0,182] = 1.0000003849587407
m[0,183] = 0.0
m[0,184] = -3.8470141914862634e-07
m[0,185] = 1.0
m[0,186] = 1.0
m[0,187] = 1.0
m[0,188] = 1.0
m[0,189] = 0.0
m[0,190] = 1.0
m[0,191] = 0.0
m[0,192] = 0.0
m[0,193] = 1.0
m[0,194] = 1.0
m[0,195] = 1.0
m[0,196] = 1.0000003850239998
m[0,197] = 1.0
m[0,198] = 1.0
m[0,199] = 1.0
m[0,200] = 0.0
m[0,201] = 1.0
m[0,202] = 1.0
m[0,203] = 1.0
m[0,204] = 1.0000003849587407
m[0,205] = 1.0000003849587407
m[0,206] = 1.0
m[0,207] = 1.0
m[0,208] = 1.0
m[0,209] = 0.0
m[0,210] = 1.0000003849587407
m[0,211] = 1.0
m[0,212] = 0.0
m[0,213] = 1.0
m[0,214] = 0.0
m[0,215] = 1.0
m[0,216] = 0.0
m[0,217] = 1.0
m[0,218] = 0.0
m[0,219] = 0.0
m[0,220] = 1.0
m[0,221] = 1.0
m[0,222] = 1.0
m[0,223] = -3.8470141914862634e-07
m[0,224] = 1.0
m[0,225] = 1.0
m[0,226] = 1.0000003849587407
m[0,227] = 1.0
m[0,228] = 1.0
m[0,229] = 1.0
m[0,230] = 0.0
m[0,231] = 1.0
m[0,232] = 1.0
m[0,233] = 1.0000003849587407
m[0,234] = 1.0
m[0,235] = 1.0
m[0,236] = 1.0
m[0,237] = 0.0
m[0,238] = 0.0
m[0,239] = 1.0
m[0,240] = -3.8470141914862634e-07
m[0,241] = 1.0
m[0,242] = 1.0
m[0,243] = 1.0
m[0,244] = 1.0
m[0,245] = 1.0
m[0,246] = 1.0000003849587407
m[0,247] = 1.0000003849587407
m[0,248] = -3.8470141914862634e-07
m[0,249] = 1.0
m[0,250] = 1.0
m[0,251] = 1.0000003849587407
m[0,252] = 1.0
m[0,253] = 1.0000003849587407
m[0,254] = 0.0
m[0,255] = 1.0
m[0,256] = 1.0
m[0,257] = 1.0
m[0,258] = 1.0
m[0,259] = 1.0
m[0,260] = 0.0
m[0,261] = 0.0
m[0,262] = 1.0000003849587407
m[0,263] = 1.0
m[0,264] = 1.0
m[0,265] = 0.0
m[0,266] = 1.0000003849587407
m[0,267] = 1.0
m[0,268] = 1.0000003849587407
m[0,269] = 1.0
m[0,270] = 0.0
m[0,271] = 1.0
m[0,272] = 1.0
m[0,273] = 1.0
m[0,274] = 1.0
m[0,275] = 0.0
m[0,276] = 1.0
m[0,277] = 1.0
m[0,278] = 1.0
m[0,279] = 1.0
m[0,280] = 0.0
m[0,281] = 1.0
m[0,282] = 1.0
m[0,283] = 1.0000003849587407
m[0,284] = -3.8470141914862634e-07
m[0,285] = 1.0
m[0,286] = 1.0
m[0,287] = 1.0
m[0,288] = 1.0
m[0,289] = 1.0
m[0,290] = -3.8470141914862634e-07
m[0,291] = 1.0
m[0,292] = 1.0000003850239998
m[0,293] = 1.0
m[0,294] = 1.0
m[0,295] = 1.0
m[0,296] = 1.0
m[0,297] = 1.0
m[0,298] = 1.0
m[0,299] = 0.0
m[0,300] = 0.0
m[0,301] = 1.0
m[0,302] = 1.0
m[0,303] = 1.0
m[0,304] = 0.0
m[0,305] = 1.0
m[0,306] = 1.0
m[0,307] = 1.0
m[0,308] = 0.0
m[0,309] = 1.0
m[0,310] = 1.0
m[0,311] = 1.0
m[0,312] = 1.0
m[0,313] = 0.0
m[0,314] = 1.0
m[0,315] = 1.0
m[0,316] = 1.0
m[0,317] = 0.0
m[0,318] = -7.69725418942414e-07
m[0,319] = 1.0
m[0,320] = 0.0
m[0,321] = 1.0
m[0,322] = -7.69725418942414e-07
m[0,323] = 1.0
m[0,324] = 1.0
m[0,325] = 0.0
m[0,326] = 1.0
m[0,327] = 1.0
m[0,328] = 1.0000003849587407
m[0,329] = 1.0
m[0,330] = 1.0
m[0,331] = 1.0
m[0,332] = 0.0
m[0,333] = 1.0000003849587407
m[0,334] = 0.0
m[0,335] = 1.0
m[0,336] = 1.0
m[0,337] = 1.0000003849587407
m[0,338] = 1.0
m[0,339] = 0.0
m[0,340] = 1.0
m[0,341] = 1.0
m[0,342] = 0.0
m[0,343] = 0.0
m[0,344] = 1.0
m[0,345] = 1.0
m[0,346] = 1.0
m[0,347] = 1.0
m[0,348] = 0.0
m[0,349] = 1.0
m[0,350] = 1.0
m[0,351] = 1.0
m[0,352] = 1.0
m[0,353] = 1.0
m[0,354] = 0.0
m[0,355] = 1.0
m[0,356] = 1.0
m[0,357] = -7.69725418942414e-07
m[0,358] = 1.0000003849587407
m[0,359] = 0.0
m[0,360] = 1.0
m[0,361] = 1.0
m[0,362] = 1.0
m[0,363] = 0.0
m[0,364] = 1.0000003849587407
m[0,365] = 1.0
m[0,366] = 1.0
m[0,367] = 1.0
m[0,368] = 1.0000003849587407
m[0,369] = 1.0
m[0,370] = 1.0
m[0,371] = 1.0
m[0,372] = 1.0
m[0,373] = 0.0
m[0,374] = 1.0
m[0,375] = 1.0
m[0,376] = 0.0
m[0,377] = 1.0
m[0,378] = 0.0
m[0,379] = 1.0
m[0,380] = 0.0
m[0,381] = 1.0
m[0,382] = 1.0
m[0,383] = 0.0
m[0,384] = 0.0
m[0,385] = 1.0
m[0,386] = 1.0
m[0,387] = 0.0
m[0,388] = 1.0
m[0,389] = -3.8470141914862634e-07
m[0,390] = 1.0
m[0,391] = 1.0
m[0,392] = 1.0000003849587407
m[0,393] = 1.0000003850239998
m[0,394] = 0.0
m[0,395] = 0.0
m[0,396] = 0.0
m[0,397] = 1.0
m[0,398] = 1.0000003849587407
m[0,399] = 1.0
m[0,400] = 1.0
m[0,401] = 1.0
m[0,402] = 0.0
m[0,403] = 1.0
m[0,404] = 1.0
m[0,405] = 1.0
m[0,406] = -3.8470141914862634e-07
m[0,407] = 0.0
m[0,408] = 1.0
m[0,409] = 1.0
m[0,410] = 1.0
m[0,411] = 0.0
m[0,412] = 1.0
m[0,413] = 0.0
m[0,414] = 0.0
m[0,415] = 1.0000003849587407
m[0,416] = 1.0
m[0,417] = 1.0
m[0,418] = -3.8470141914862634e-07
m[0,419] = 1.0
m[0,420] = -3.8470141914862634e-07
m[0,421] = 1.0
m[0,422] = -7.69725418942414e-07
m[0,423] = 1.0
m[0,424] = 1.0
m[0,425] = 1.0
m[0,426] = 0.0
m[0,427] = 0.0
m[0,428] = 1.0
m[0,429] = -3.8470141914862634e-07
m[0,430] = -3.8470141914862634e-07
m[0,431] = 0.0
m[0,432] = 1.0
m[0,433] = 0.0
m[0,434] = 1.0
m[0,435] = 1.0
m[0,436] = -3.8470141914862634e-07
m[0,437] = 0.0
m[0,438] = 0.0
m[0,439] = 0.0
m[0,440] = 0.0
m[0,441] = 0.0
m[0,442] = 0.0
m[0,443] = -3.8470141914862634e-07
m[0,444] = 0.0
m[0,445] = 1.0
m[0,446] = 1.0
m[0,447] = 1.0000003849587407
m[0,448] = 1.0
m[0,449] = 1.0000003850239998
m[0,450] = 1.0
m[0,451] = 1.0
m[0,452] = -3.8470141914862634e-07
m[0,453] = 1.0
m[0,454] = 0.0
m[0,455] = 1.0
m[0,456] = -3.8470141914862634e-07
m[0,457] = 1.0
m[0,458] = 1.0
m[0,459] = 1.0
m[0,460] = 1.0
m[0,461] = 0.0
m[0,462] = 0.0
m[0,463] = 1.0
m[0,464] = 1.0
m[0,465] = 1.0
m[0,466] = 1.0000003849587407
m[0,467] = 1.0000003849587407
m[0,468] = 0.0
m[0,469] = 0.0
m[0,470] = 1.0
u[0] = 1.0
u[1] = 1.0
u[2] = 0.9999996149760001
o_u[0,0] = 0.0
o_u[0,1] = 0.0
o_u[0,2] = 1.0
o_u[0,3] = -0.0
o_u[1,0] = 0.0
o_u[1,1] = 0.0
o_u[1,2] = 0.0
o_u[1,3] = 1.0
o_u[2,0] = 0.0
o_u[2,1] = 0.0
o_u[2,2] = 0.9999996149760001
o_u[2,3] = 0.0
THE NEW CORRECTNESS IS: 0.6921443810471035, AND THE NEW EXPLAINABILITY IS: 12.999998459904
************************************************************
New pareto points added, correctness = 0.6921443810471035 , explainability = 12.999998459904
App ending 1......
End of find_pareto_solution_more_e 4 @@@@@@@@@@@@@
Inside find_pareto_solution_more_e
----------------------------------
THE CURRENT CORRECTNESS IS: 0.6921443810471035, AND THE CURRENT EXPLAINABILITY IS: 12.999998459904
Gurobi Optimizer version 12.0.3 build v12.0.3rc0 (linux64 - "Ubuntu 22.04.5 LTS")

CPU model: AMD EPYC 7742 64-Core Processor, instruction set [SSE2|AVX|AVX2]
Thread count: 128 physical cores, 256 logical processors, using up to 32 threads

Optimize a model with 189606 rows, 45387 columns and 569484 nonzeros
Model fingerprint: 0x98db1ddf
Variable types: 45303 continuous, 84 integer (0 binary)
Coefficient statistics:
  Matrix range     [1e+00, 5e+00]
  Objective range  [1e+00, 5e+00]
  Bounds range     [1e+00, 1e+00]
  RHS range        [1e+00, 1e+03]

MIP start from previous solve did not produce a new incumbent solution
MIP start from previous solve violates constraint R189606 by 1.000000000

Presolve removed 160215 rows and 37706 columns
Presolve time: 2.23s
Presolved: 29391 rows, 7681 columns, 89809 nonzeros
Variable types: 6756 continuous, 925 integer (925 binary)
Found heuristic solution: objective 56.0000000

Root relaxation: objective 3.400000e+02, 10791 iterations, 2.11 seconds (2.46 work units)
Total elapsed time = 6.23s (DegenMoves)

    Nodes    |    Current Node    |     Objective Bounds      |     Work
 Expl Unexpl |  Obj  Depth IntInf | Incumbent    BestBd   Gap | It/Node Time

     0     0  340.00000    0   46   56.00000  340.00000   507%     -    6s
H    0     0                     140.0000000  340.00000   143%     -    6s
H    0     0                     272.0000000  340.00000  25.0%     -    7s
     0     0  339.00000    0   38  272.00000  339.00000  24.6%     -   12s
     0     0  339.00000    0   16  272.00000  339.00000  24.6%     -   14s
H    0     0                     308.0000000  339.00000  10.1%     -   14s
     0     0  339.00000    0   67  308.00000  339.00000  10.1%     -   14s
     0     0  339.00000    0   31  308.00000  339.00000  10.1%     -   14s
H    0     0                     325.0000000  339.00000  4.31%     -   14s
     0     0  339.00000    0   62  325.00000  339.00000  4.31%     -   14s
H    0     0                     332.0000000  339.00000  2.11%     -   14s
     0     0  339.00000    0   60  332.00000  339.00000  2.11%     -   14s
H    0     0                     332.0000539  339.00000  2.11%     -   14s
H    0     0                     332.0006083  339.00000  2.11%     -   15s
H    0     0                     332.0007593  339.00000  2.11%     -   15s
     0     0  339.00000    0   29  332.00076  339.00000  2.11%     -   16s
     0     0  339.00000    0   27  332.00076  339.00000  2.11%     -   16s
     0     0  332.00076    0   22  332.00076  332.00076  0.00%     -   16s

Cutting planes:
  Implied bound: 13
  MIR: 17
  Flow cover: 7
  Zero half: 3
  RLT: 153
  Relax-and-lift: 2
  BQP: 73

Explored 1 nodes (38668 simplex iterations) in 16.52 seconds (14.87 work units)
Thread count was 32 (of 256 available processors)

Solution count 9: 332.001 332.001 332 ... 56

Optimal solution found (tolerance 1.00e-04)
Best objective 3.320007592673e+02, best bound 3.320007592673e+02, gap 0.0000%
Objective value: 332.00075926732745
lam[0,0] = 1.5380959991751507e-06
lam[0,1] = 0.9999984615706675
lam[0,2] = -0.0
lam[0,3] = 0.0
lam[1,0] = 0.0
lam[1,1] = -0.0
lam[1,2] = 1.0
lam[1,3] = -0.0
lam[2,0] = 0.0
lam[2,1] = -0.0
lam[2,2] = 1.0
lam[2,3] = -0.0
tau[0,0,1] = 0.9999969198080016
tau[0,0,2] = 3.0751919983503013e-06
tau[0,0,L0] = 0.0
tau[0,0,L1] = 1.5350959991751507e-06
tau[0,0,L2] = -0.0
tau[0,1,1] = 1.5350959991751507e-06
tau[0,1,2] = 1.0
tau[0,1,L0] = -0.0
tau[0,1,L1] = -0.0
tau[0,1,L2] = -0.0
tau[0,2,1] = 1.5350959991751507e-06
tau[0,2,2] = 1.0
tau[0,2,L0] = -0.0
tau[0,2,L1] = -0.0
tau[0,2,L2] = -0.0
tau[0,3,1] = 0.0
tau[0,3,2] = 0.0
tau[0,3,L0] = -0.0
tau[0,3,L1] = -0.0
tau[0,3,L2] = -0.0
tau[0,4,1] = 0.0
tau[0,4,2] = 0.0
tau[0,4,L0] = -0.0
tau[0,4,L1] = -0.0
tau[0,4,L2] = -0.0
tau[0,5,1] = 0.0
tau[0,5,2] = 0.0
tau[0,5,L0] = -0.0
tau[0,5,L1] = -0.0
tau[0,5,L2] = -0.0
tau[1,0,2] = 0.0
tau[1,0,L0] = 0.9999953817120025
tau[1,0,L1] = 4.6162879975254515e-06
tau[1,0,L2] = -0.0
tau[1,1,2] = 0.0
tau[1,1,L0] = 1.5380959991751507e-06
tau[1,1,L1] = 0.9999969223080016
tau[1,1,L2] = 1.5375959991751506e-06
tau[1,2,2] = 0.0
tau[1,2,L0] = 3.078191998350301e-06
tau[1,2,L1] = 0.9999953822120025
tau[1,2,L2] = 1.5375959991751506e-06
tau[1,3,2] = 0.0
tau[1,3,L0] = -0.0
tau[1,3,L1] = -0.0
tau[1,3,L2] = -0.0
tau[1,4,2] = 0.0
tau[1,4,L0] = -0.0
tau[1,4,L1] = -0.0
tau[1,4,L2] = -0.0
tau[1,5,2] = 0.0
tau[1,5,L0] = -0.0
tau[1,5,L1] = -0.0
tau[1,5,L2] = -0.0
tau[2,0,L0] = 0.9999969223080016
tau[2,0,L1] = 3.0751919983503013e-06
tau[2,0,L2] = -0.0
tau[2,1,L0] = 0.9999984624040008
tau[2,1,L1] = 1.5350959991751507e-06
tau[2,1,L2] = -0.0
tau[2,2,L0] = 3.0776919983503012e-06
tau[2,2,L1] = 0.9999969223080016
tau[2,2,L2] = -0.0
tau[2,3,L0] = -0.0
tau[2,3,L1] = -0.0
tau[2,3,L2] = -0.0
tau[2,4,L0] = -0.0
tau[2,4,L1] = -0.0
tau[2,4,L2] = -0.0
tau[2,5,L0] = -0.0
tau[2,5,L1] = -0.0
tau[2,5,L2] = -0.0
m[0,0] = 0.9999984599040008
m[0,1] = 1.0
m[0,2] = 1.0
m[0,3] = 1.5400959991751506e-06
m[0,4] = 0.9999984599040008
m[0,5] = 9.240575995050904e-06
m[0,6] = 1.0
m[0,7] = 0.9999984599040008
m[0,8] = 6.1603839967006024e-06
m[0,9] = 1.0
m[0,10] = 1.0
m[0,11] = 9.240575995050904e-06
m[0,12] = 6.1603839967006024e-06
m[0,13] = 1.0
m[0,14] = 1.0
m[0,15] = 6.1603839967006024e-06
m[0,16] = 1.0
m[0,17] = 1.0
m[0,18] = 9.240575995050904e-06
m[0,19] = 1.0
m[0,20] = 1.0
m[0,21] = 1.0
m[0,22] = 6.1603839967006024e-06
m[0,23] = 0.0
m[0,24] = 1.0
m[0,25] = 1.0
m[0,26] = 1.0
m[0,27] = 1.0
m[0,28] = 7.700479995875753e-06
m[0,29] = 0.9999984599040008
m[0,30] = 1.0
m[0,31] = 9.240575995050904e-06
m[0,32] = 1.0
m[0,33] = 1.0
m[0,34] = 0.9999984599040008
m[0,35] = 1.0
m[0,36] = 9.240575995050904e-06
m[0,37] = 0.9999984599040008
m[0,38] = 1.0
m[0,39] = 1.0
m[0,40] = 1.0
m[0,41] = 1.0
m[0,42] = 0.9999984599040008
m[0,43] = 1.0
m[0,44] = 1.0
m[0,45] = 1.0
m[0,46] = 4.620287997525452e-06
m[0,47] = 1.0
m[0,48] = 0.9999984599040008
m[0,49] = 1.0
m[0,50] = 0.9999984599040008
m[0,51] = 1.0780671994226054e-05
m[0,52] = 1.5400959991751506e-06
m[0,53] = 1.0
m[0,54] = 1.0
m[0,55] = 0.9999984599040008
m[0,56] = 7.700479995875753e-06
m[0,57] = 4.620287997525452e-06
m[0,58] = 1.0
m[0,59] = 1.0
m[0,60] = 1.0
m[0,61] = 1.0
m[0,62] = 4.620287997525452e-06
m[0,63] = 0.9999984599040008
m[0,64] = 1.0
m[0,65] = 0.0
m[0,66] = 1.0
m[0,67] = 1.5400959991751506e-06
m[0,68] = 1.0
m[0,69] = 0.9999984599040008
m[0,70] = 1.0
m[0,71] = 0.9999984599040008
m[0,72] = 1.5400959991751506e-06
m[0,73] = 1.0
m[0,74] = 1.0
m[0,75] = 1.0
m[0,76] = 9.240575995050904e-06
m[0,77] = 1.0
m[0,78] = 1.0
m[0,79] = 1.0
m[0,80] = 1.0
m[0,81] = 0.9999984599040008
m[0,82] = 1.0
m[0,83] = 1.0
m[0,84] = 9.240575995050904e-06
m[0,85] = 3.0801919983503012e-06
m[0,86] = 3.0801919983503012e-06
m[0,87] = 1.0
m[0,88] = 1.0
m[0,89] = 0.9999984599040008
m[0,90] = 0.9999984599040008
m[0,91] = 1.0
m[0,92] = 7.700479995875753e-06
m[0,93] = 1.0
m[0,94] = 0.9999984599040008
m[0,95] = 1.0
m[0,96] = 1.0
m[0,97] = 1.0
m[0,98] = 7.700479995875753e-06
m[0,99] = 9.240575995050904e-06
m[0,100] = 1.0
m[0,101] = 1.0
m[0,102] = 1.0
m[0,103] = 1.0
m[0,104] = 1.0
m[0,105] = 0.0
m[0,106] = 1.0
m[0,107] = 4.620287997525452e-06
m[0,108] = 1.0
m[0,109] = 0.9999984599040008
m[0,110] = 1.0
m[0,111] = 1.0
m[0,112] = 4.620287997525452e-06
m[0,113] = 1.0
m[0,114] = 1.0
m[0,115] = 6.1603839967006024e-06
m[0,116] = 1.0
m[0,117] = 1.5400959991751506e-06
m[0,118] = 0.9999984599040008
m[0,119] = 6.1603839967006024e-06
m[0,120] = 1.0
m[0,121] = 9.240575995050904e-06
m[0,122] = 1.0
m[0,123] = 1.0
m[0,124] = 1.0
m[0,125] = 1.0
m[0,126] = 1.0
m[0,127] = 6.1603839967006024e-06
m[0,128] = 1.5400959991751506e-06
m[0,129] = 1.0
m[0,130] = 1.0
m[0,131] = 4.620287997525452e-06
m[0,132] = 1.0
m[0,133] = 1.0
m[0,134] = 3.0801919983503012e-06
m[0,135] = 0.9999984599040008
m[0,136] = 1.0
m[0,137] = 1.0
m[0,138] = 9.240575995050904e-06
m[0,139] = 1.0
m[0,140] = 1.0
m[0,141] = 1.0
m[0,142] = 1.0780671994226054e-05
m[0,143] = 1.0
m[0,144] = 6.1603839967006024e-06
m[0,145] = 1.0
m[0,146] = 0.9999984599040008
m[0,147] = 1.0780671994226054e-05
m[0,148] = 1.0
m[0,149] = 4.620287997525452e-06
m[0,150] = 0.9999984599040008
m[0,151] = 1.0
m[0,152] = 0.9999984599040008
m[0,153] = 1.0
m[0,154] = 1.0
m[0,155] = 1.0
m[0,156] = 1.0
m[0,157] = 6.1603839967006024e-06
m[0,158] = 0.9999984599040008
m[0,159] = 6.1603839967006024e-06
m[0,160] = 1.0
m[0,161] = 1.0
m[0,162] = 1.0
m[0,163] = 1.0
m[0,164] = 1.0
m[0,165] = 1.0
m[0,166] = 1.0
m[0,167] = 1.0
m[0,168] = 1.0
m[0,169] = 4.620287997525452e-06
m[0,170] = 0.9999984599040008
m[0,171] = 0.9999984599040008
m[0,172] = 1.0
m[0,173] = 4.620287997525452e-06
m[0,174] = 1.0
m[0,175] = 3.0801919983503012e-06
m[0,176] = 6.1603839967006024e-06
m[0,177] = 1.0780671994226054e-05
m[0,178] = 1.0
m[0,179] = 0.9999984599040008
m[0,180] = 6.1603839967006024e-06
m[0,181] = 1.0
m[0,182] = 4.620287997525452e-06
m[0,183] = 9.240575995050904e-06
m[0,184] = 4.620287997525452e-06
m[0,185] = 1.0
m[0,186] = 1.0
m[0,187] = 4.620287997525452e-06
m[0,188] = 1.0
m[0,189] = 1.0780671994226054e-05
m[0,190] = 6.1603839967006024e-06
m[0,191] = 0.0
m[0,192] = 0.0
m[0,193] = 0.9999984599040008
m[0,194] = 1.0
m[0,195] = 1.0
m[0,196] = 1.0
m[0,197] = 1.0
m[0,198] = 0.9999984599040008
m[0,199] = 0.9999984599040008
m[0,200] = 3.0801919983503012e-06
m[0,201] = 6.1603839967006024e-06
m[0,202] = 4.620287997525452e-06
m[0,203] = 1.0
m[0,204] = 1.0
m[0,205] = 4.620287997525452e-06
m[0,206] = 0.9999984599040008
m[0,207] = 1.0
m[0,208] = 1.0
m[0,209] = 1.0
m[0,210] = 1.0
m[0,211] = 6.1603839967006024e-06
m[0,212] = 1.5400959991751506e-06
m[0,213] = 1.0
m[0,214] = 6.1603839967006024e-06
m[0,215] = 7.700479995875753e-06
m[0,216] = 1.0780671994226054e-05
m[0,217] = 6.1603839967006024e-06
m[0,218] = 1.0780671994226054e-05
m[0,219] = 1.0780671994226054e-05
m[0,220] = 1.0
m[0,221] = 1.0
m[0,222] = 1.0
m[0,223] = 1.0
m[0,224] = 6.1603839967006024e-06
m[0,225] = 1.0
m[0,226] = 1.0
m[0,227] = 1.0
m[0,228] = 0.9999984599040008
m[0,229] = 1.0
m[0,230] = 6.1603839967006024e-06
m[0,231] = 1.0
m[0,232] = 1.0
m[0,233] = 1.0
m[0,234] = 1.0
m[0,235] = 1.0
m[0,236] = 1.0
m[0,237] = 1.0
m[0,238] = 1.5400959991751506e-06
m[0,239] = 1.0
m[0,240] = 4.620287997525452e-06
m[0,241] = 0.9999984599040008
m[0,242] = 0.9999984599040008
m[0,243] = 1.0
m[0,244] = 1.0
m[0,245] = 1.0
m[0,246] = 1.0
m[0,247] = 1.0
m[0,248] = 1.0
m[0,249] = 1.0
m[0,250] = 1.0
m[0,251] = 1.0
m[0,252] = 4.620287997525452e-06
m[0,253] = 0.9999984599040008
m[0,254] = 9.240575995050904e-06
m[0,255] = 0.9999984599040008
m[0,256] = 1.0
m[0,257] = 6.1603839967006024e-06
m[0,258] = 1.0
m[0,259] = 1.0
m[0,260] = 1.5400959991751506e-06
m[0,261] = 4.620287997525452e-06
m[0,262] = 1.0
m[0,263] = 0.9999984599040008
m[0,264] = 1.0
m[0,265] = 0.0
m[0,266] = 1.0
m[0,267] = 0.9999984599040008
m[0,268] = 1.0
m[0,269] = 1.0
m[0,270] = 1.0
m[0,271] = 1.0
m[0,272] = 4.620287997525452e-06
m[0,273] = 1.0
m[0,274] = 1.0
m[0,275] = 1.0780671994226054e-05
m[0,276] = 4.620287997525452e-06
m[0,277] = 0.9999984599040008
m[0,278] = 1.0
m[0,279] = 1.0
m[0,280] = 9.240575995050904e-06
m[0,281] = 1.0
m[0,282] = 1.0
m[0,283] = 4.620287997525452e-06
m[0,284] = 4.620287997525452e-06
m[0,285] = 1.0
m[0,286] = 1.0
m[0,287] = 1.0
m[0,288] = 6.1603839967006024e-06
m[0,289] = 1.0
m[0,290] = 1.0
m[0,291] = 1.0
m[0,292] = 1.0
m[0,293] = 4.620287997525452e-06
m[0,294] = 1.0
m[0,295] = 1.0
m[0,296] = 1.0
m[0,297] = 0.9999984599040008
m[0,298] = 1.0
m[0,299] = 9.240575995050904e-06
m[0,300] = 0.0
m[0,301] = 0.9999984599040008
m[0,302] = 6.1603839967006024e-06
m[0,303] = 1.0
m[0,304] = 9.240575995050904e-06
m[0,305] = 1.0
m[0,306] = 1.0
m[0,307] = 1.0
m[0,308] = 0.0
m[0,309] = 1.0
m[0,310] = 1.0
m[0,311] = 0.9999984599040008
m[0,312] = 1.0
m[0,313] = 1.0780671994226054e-05
m[0,314] = 1.0
m[0,315] = 0.9999984599040008
m[0,316] = 1.0
m[0,317] = 1.5400959991751506e-06
m[0,318] = 1.0
m[0,319] = 1.0
m[0,320] = 4.620287997525452e-06
m[0,321] = 7.700479995875753e-06
m[0,322] = 1.0
m[0,323] = 6.1603839967006024e-06
m[0,324] = 1.0
m[0,325] = 3.0801919983503012e-06
m[0,326] = 1.0
m[0,327] = 0.9999984599040008
m[0,328] = 4.620287997525452e-06
m[0,329] = 1.0
m[0,330] = 1.0
m[0,331] = 1.0
m[0,332] = 0.0
m[0,333] = 1.0
m[0,334] = 1.0780671994226054e-05
m[0,335] = 1.0
m[0,336] = 4.620287997525452e-06
m[0,337] = 1.0
m[0,338] = 1.0
m[0,339] = 3.0801919983503012e-06
m[0,340] = 1.0
m[0,341] = 1.0
m[0,342] = 4.620287997525452e-06
m[0,343] = 1.0
m[0,344] = 1.0
m[0,345] = 0.9999984599040008
m[0,346] = 7.700479995875753e-06
m[0,347] = 1.0
m[0,348] = 4.620287997525452e-06
m[0,349] = 1.0
m[0,350] = 6.1603839967006024e-06
m[0,351] = 4.620287997525452e-06
m[0,352] = 1.0
m[0,353] = 1.0
m[0,354] = 0.9999984599040008
m[0,355] = 1.0
m[0,356] = 1.0
m[0,357] = 1.0
m[0,358] = 1.0
m[0,359] = 1.0
m[0,360] = 6.1603839967006024e-06
m[0,361] = 1.0
m[0,362] = 6.1603839967006024e-06
m[0,363] = 9.240575995050904e-06
m[0,364] = 1.0
m[0,365] = 1.0
m[0,366] = 4.620287997525452e-06
m[0,367] = 1.0
m[0,368] = 1.0
m[0,369] = 6.1603839967006024e-06
m[0,370] = 1.0
m[0,371] = 0.9999984599040008
m[0,372] = 1.0
m[0,373] = 0.0
m[0,374] = 1.0
m[0,375] = 1.0
m[0,376] = 1.0780671994226054e-05
m[0,377] = 1.0
m[0,378] = 1.0780671994226054e-05
m[0,379] = 1.0
m[0,380] = 1.0
m[0,381] = 1.0
m[0,382] = 0.9999984599040008
m[0,383] = 6.1603839967006024e-06
m[0,384] = 0.0
m[0,385] = 1.0
m[0,386] = 6.1603839967006024e-06
m[0,387] = 3.0801919983503012e-06
m[0,388] = 0.9999984599040008
m[0,389] = 1.0
m[0,390] = 1.0
m[0,391] = 1.0
m[0,392] = 4.620287997525452e-06
m[0,393] = 1.0
m[0,394] = 9.240575995050904e-06
m[0,395] = 6.1603839967006024e-06
m[0,396] = 3.0801919983503012e-06
m[0,397] = 1.0
m[0,398] = 4.620287997525452e-06
m[0,399] = 0.9999984599040008
m[0,400] = 6.1603839967006024e-06
m[0,401] = 0.9999984599040008
m[0,402] = 3.0801919983503012e-06
m[0,403] = 0.9999984599040008
m[0,404] = 1.0
m[0,405] = 1.0
m[0,406] = 6.1603839967006024e-06
m[0,407] = 1.0780671994226054e-05
m[0,408] = 1.0
m[0,409] = 1.0
m[0,410] = 1.0
m[0,411] = 0.0
m[0,412] = 1.0
m[0,413] = 1.0
m[0,414] = 1.0
m[0,415] = 1.0
m[0,416] = 1.0
m[0,417] = 1.0
m[0,418] = 3.0801919983503012e-06
m[0,419] = 1.0
m[0,420] = 1.0
m[0,421] = 1.0
m[0,422] = 1.0
m[0,423] = 1.0
m[0,424] = 1.0
m[0,425] = 1.0
m[0,426] = 0.0
m[0,427] = 6.1603839967006024e-06
m[0,428] = 1.0
m[0,429] = 3.0801919983503012e-06
m[0,430] = 3.0801919983503012e-06
m[0,431] = 6.1603839967006024e-06
m[0,432] = 6.1603839967006024e-06
m[0,433] = 1.5400959991751506e-06
m[0,434] = 4.620287997525452e-06
m[0,435] = 6.1603839967006024e-06
m[0,436] = 3.0801919983503012e-06
m[0,437] = 9.240575995050904e-06
m[0,438] = 1.0
m[0,439] = 9.240575995050904e-06
m[0,440] = 0.0
m[0,441] = 1.0
m[0,442] = 1.0780671994226054e-05
m[0,443] = 3.0801919983503012e-06
m[0,444] = 1.0
m[0,445] = 1.0
m[0,446] = 1.0
m[0,447] = 1.0
m[0,448] = 1.0
m[0,449] = 1.0
m[0,450] = 1.0
m[0,451] = 1.0
m[0,452] = 3.0801919983503012e-06
m[0,453] = 1.0
m[0,454] = 1.0
m[0,455] = 1.0
m[0,456] = 1.0
m[0,457] = 0.9999984599040008
m[0,458] = 0.9999984599040008
m[0,459] = 1.0
m[0,460] = 1.0
m[0,461] = 9.240575995050904e-06
m[0,462] = 3.0801919983503012e-06
m[0,463] = 0.9999984599040008
m[0,464] = 1.0
m[0,465] = 1.0
m[0,466] = 1.0
m[0,467] = 1.0
m[0,468] = 6.1603839967006024e-06
m[0,469] = 1.0
m[0,470] = 1.0
u[0] = 1.0
u[1] = 1.0
u[2] = 1.0
o_u[0,0] = 1.5400959991751506e-06
o_u[0,1] = 0.9999984599040008
o_u[0,2] = 0.0
o_u[0,3] = 0.0
o_u[1,0] = 0.0
o_u[1,1] = 0.0
o_u[1,2] = 1.0
o_u[1,3] = 0.0
o_u[2,0] = 0.0
o_u[2,1] = 0.0
o_u[2,2] = 1.0
o_u[2,3] = 0.0
THE NEW CORRECTNESS IS: 0.6751608509711752, AND THE NEW EXPLAINABILITY IS: 13.999998459904
************************************************************
New pareto points added, correctness = 0.6751608509711752 , explainability = 13.999998459904
App ending 1......
End of find_pareto_solution_more_e 4 @@@@@@@@@@@@@
Inside find_pareto_solution_more_e
----------------------------------
THE CURRENT CORRECTNESS IS: 0.6751608509711752, AND THE CURRENT EXPLAINABILITY IS: 13.999998459904
Gurobi Optimizer version 12.0.3 build v12.0.3rc0 (linux64 - "Ubuntu 22.04.5 LTS")

CPU model: AMD EPYC 7742 64-Core Processor, instruction set [SSE2|AVX|AVX2]
Thread count: 128 physical cores, 256 logical processors, using up to 32 threads

Optimize a model with 189606 rows, 45387 columns and 569484 nonzeros
Model fingerprint: 0xf758201f
Variable types: 45303 continuous, 84 integer (0 binary)
Coefficient statistics:
  Matrix range     [1e+00, 5e+00]
  Objective range  [1e+00, 5e+00]
  Bounds range     [1e+00, 1e+00]
  RHS range        [1e+00, 1e+03]

MIP start from previous solve did not produce a new incumbent solution
MIP start from previous solve violates constraint R189608 by 1.000000000

Presolve removed 160215 rows and 37706 columns
Presolve time: 1.79s
Presolved: 29391 rows, 7681 columns, 89809 nonzeros
Variable types: 6756 continuous, 925 integer (925 binary)

Root relaxation: objective 3.320008e+02, 10138 iterations, 1.86 seconds (2.15 work units)

    Nodes    |    Current Node    |     Objective Bounds      |     Work
 Expl Unexpl |  Obj  Depth IntInf | Incumbent    BestBd   Gap | It/Node Time

     0     0  332.00076    0  116          -  332.00076      -     -    4s
     0     0 infeasible    0               - infeasible      -     -    5s

Cutting planes:
  Gomory: 14
  Implied bound: 354
  Clique: 46
  MIR: 33
  Flow cover: 1
  Zero half: 11
  RLT: 93
  Relax-and-lift: 6
  BQP: 52
  PSD: 54

Explored 1 nodes (13396 simplex iterations) in 5.70 seconds (5.64 work units)
Thread count was 32 (of 256 available processors)

Solution count 0
No other solutions better than -1e+100

Model is infeasible
Best objective -, best bound -, gap -
[INFO] Model became infeasible under the new cuts.
End of find_pareto_solution_more_e 2 @@@@@@@@@@@
Inside find_pareto_solution_more_c
Gurobi Optimizer version 12.0.3 build v12.0.3rc0 (linux64 - "Ubuntu 22.04.5 LTS")

CPU model: AMD EPYC 7742 64-Core Processor, instruction set [SSE2|AVX|AVX2]
Thread count: 128 physical cores, 256 logical processors, using up to 32 threads

Optimize a model with 189606 rows, 45387 columns and 569484 nonzeros
Model fingerprint: 0x975b7779
Variable types: 45303 continuous, 84 integer (0 binary)
Coefficient statistics:
  Matrix range     [1e+00, 5e+00]
  Objective range  [1e+00, 5e+00]
  Bounds range     [1e+00, 1e+00]
  RHS range        [1e+00, 1e+03]

MIP start from previous solve did not produce a new incumbent solution
MIP start from previous solve violates constraint R189604 by 1.000000000

Presolve removed 160243 rows and 37706 columns
Presolve time: 1.90s
Presolved: 29363 rows, 7681 columns, 89753 nonzeros
Variable types: 6756 continuous, 925 integer (925 binary)

Root relaxation: objective 4.820000e+02, 9513 iterations, 2.63 seconds (3.68 work units)
Total elapsed time = 5.71s (DegenMoves)

    Nodes    |    Current Node    |     Objective Bounds      |     Work
 Expl Unexpl |  Obj  Depth IntInf | Incumbent    BestBd   Gap | It/Node Time

     0     0  482.00000    0  142          -  482.00000      -     -    8s
     0     0  482.00000    0  360          -  482.00000      -     -   22s
     0     0  482.00000    0   82          -  482.00000      -     -   24s
     0     0  480.90909    0  128          -  480.90909      -     -   25s
     0     0  480.90909    0  129          -  480.90909      -     -   25s
     0     0  478.98110    0  141          -  478.98110      -     -   26s
     0     0  478.73322    0  142          -  478.73322      -     -   26s
     0     0  478.68544    0  141          -  478.68544      -     -   26s
     0     0  478.68544    0  140          -  478.68544      -     -   26s
     0     0  477.33448    0  135          -  477.33448      -     -   26s
     0     0  477.28776    0  138          -  477.28776      -     -   26s
     0     0  477.23788    0  134          -  477.23788      -     -   26s
     0     0  477.22676    0  135          -  477.22676      -     -   26s
     0     0  477.22099    0  135          -  477.22099      -     -   26s
     0     0  477.21909    0  134          -  477.21909      -     -   26s
     0     0  477.21909    0  134          -  477.21909      -     -   26s
     0     0  476.45610    0  137          -  476.45610      -     -   26s
     0     0  476.39088    0  138          -  476.39088      -     -   26s
     0     0  476.36286    0  139          -  476.36286      -     -   26s
     0     0  476.36151    0  139          -  476.36151      -     -   26s
     0     0  476.29547    0  140          -  476.29547      -     -   26s
     0     0  476.27747    0  141          -  476.27747      -     -   27s
     0     0  476.27629    0  142          -  476.27629      -     -   27s
     0     0  476.27087    0  141          -  476.27087      -     -   27s
     0     0  476.27087    0  139          -  476.27087      -     -   27s
     0     0  475.77778    0  137          -  475.77778      -     -   27s
     0     0  475.77778    0  138          -  475.77778      -     -   27s
     0     0  475.77778    0  144          -  475.77778      -     -   27s
     0     0  475.50000    0  141          -  475.50000      -     -   27s
     0     0  475.50000    0  135          -  475.50000      -     -   27s
     0     2  475.50000    0  132          -  475.50000      -     -   28s
    29    54  468.61037    5  105          -  471.00000      -  1144   30s
  3663  1000 infeasible   12               -  427.00000      -   257   35s

Cutting planes:
  Gomory: 3
  Cover: 1
  Implied bound: 26
  Clique: 1
  MIR: 10
  Flow cover: 36
  Zero half: 6
  RLT: 214
  Relax-and-lift: 2
  BQP: 231

Explored 10180 nodes (1801609 simplex iterations) in 38.68 seconds (37.51 work units)
Thread count was 32 (of 256 available processors)

Solution count 0
No other solutions better than -1e+100

Model is infeasible
Best objective -, best bound -, gap -
[INFO] Model became infeasible under the new cuts.
End of find_pareto_solution_more_c 1 |||||||||||||||||
[0.6921443810471035, 12.999998459904]
Printing original list
[0.6921443810471035, 12.999998459904]
[0.6751608509711752, 13.999998459904]
Printing list after change
[0.6921443810471035, 12.999998459904]
[0.6751608509711752, 13.999998459904]
[0.6751608509711752, 13.999998459904]
Printing original list
[0.6921443810471035, 12.999998459904]
[0.6751608509711752, 13.999998459904]
Printing list after change
[0.6921443810471035, 12.999998459904]
[0.6751608509711752, 13.999998459904]
App ending 3....................... c = 0.7430997876857749 , e = 12.0

 Total time taken: 118.56019353866577 seconds