I AM STARTING --------------------
[]
NOW I AM GOING TO SOLVE THE MODEL FOR FIRST SOLUTION
Gurobi Optimizer version 12.0.3 build v12.0.3rc0 (linux64 - "Ubuntu 22.04.5 LTS")

CPU model: AMD EPYC 7742 64-Core Processor, instruction set [SSE2|AVX|AVX2]
Thread count: 128 physical cores, 256 logical processors, using up to 32 threads

Optimize a model with 505288 rows, 114903 columns and 1544769 nonzeros
Model fingerprint: 0x6347f869
Variable types: 114681 continuous, 222 integer (0 binary)
Coefficient statistics:
  Matrix range     [1e+00, 5e+00]
  Objective range  [1e+00, 5e+00]
  Bounds range     [1e+00, 1e+00]
  RHS range        [1e+00, 1e+03]
Presolve removed 398459 rows and 86609 columns (presolve time = 5s)...
Presolve removed 403991 rows and 90088 columns
Presolve time: 8.02s
Presolved: 101297 rows, 24815 columns, 317995 nonzeros
Variable types: 24565 continuous, 250 integer (250 binary)
Found heuristic solution: objective 51.0000000
Found heuristic solution: objective 79.0000000

Deterministic concurrent LP optimizer: primal and dual simplex (primal and dual model)
Showing primal log only...

Root relaxation presolved: 101210 rows, 24815 columns, 317729 nonzeros


Root simplex log...

Iteration    Objective       Primal Inf.    Dual Inf.      Time
       0    5.0000000e+00   1.000000e+01   3.600056e+07      9s
    5265    4.9893291e+02   0.000000e+00   2.358360e+03     10s
Concurrent spin time: 0.00s

Solved with dual simplex

Root relaxation: objective 5.010000e+02, 8255 iterations, 3.28 seconds (3.08 work units)
Total elapsed time = 16.05s (DegenMoves)

    Nodes    |    Current Node    |     Objective Bounds      |     Work
 Expl Unexpl |  Obj  Depth IntInf | Incumbent    BestBd   Gap | It/Node Time

     0     0  501.00000    0   96   79.00000  501.00000   534%     -   31s
H    0     0                     148.0000000  501.00000   239%     -   31s
H    0     0                     214.0000000  501.00000   134%     -   31s
H    0     0                     221.0000000  501.00000   127%     -   31s
     0     0  500.00000    0  102  221.00000  500.00000   126%     -  111s
     0     0  500.00000    0   35  221.00000  500.00000   126%     -  118s
H    0     0                     311.0000000  500.00000  60.8%     -  118s
H    0     0                     315.0000000  500.00000  58.7%     -  118s
H    0     0                     320.0000000  500.00000  56.2%     -  118s
     0     0  500.00000    0   78  320.00000  500.00000  56.2%     -  121s
     0     0  500.00000    0  151  320.00000  500.00000  56.2%     -  123s
H    0     0                     339.0000000  500.00000  47.5%     -  126s
     0     0  500.00000    0   88  339.00000  500.00000  47.5%     -  126s
     0     0  500.00000    0  104  339.00000  500.00000  47.5%     -  127s
H    0     0                     342.0000000  500.00000  46.2%     -  135s
H    0     0                     346.0000000  499.00000  44.2%     -  135s
H    0     0                     354.0000000  499.00000  41.0%     -  135s
H    0     0                     361.0000000  499.00000  38.2%     -  135s
     0     0  499.00000    0   69  361.00000  499.00000  38.2%     -  135s
     0     0  499.00000    0   69  361.00000  499.00000  38.2%     -  136s
H    0     0                     365.0000000  499.00000  36.7%     -  147s
H    0     0                     371.0000000  499.00000  34.5%     -  148s
     0     0  499.00000    0   68  371.00000  499.00000  34.5%     -  148s
H    0     0                     391.0000000  499.00000  27.6%     -  150s
     0     0  499.00000    0   71  391.00000  499.00000  27.6%     -  150s
     0     0  499.00000    0   67  391.00000  499.00000  27.6%     -  159s
     0     0  499.00000    0   82  391.00000  499.00000  27.6%     -  159s
H    0     0                     393.0000000  499.00000  27.0%     -  167s
H    0     0                     394.0000000  499.00000  26.6%     -  167s
     0     0  499.00000    0   63  394.00000  499.00000  26.6%     -  167s
     0     0  499.00000    0   63  394.00000  499.00000  26.6%     -  170s
     0     2  499.00000    0   63  394.00000  499.00000  26.6%     -  183s
     1     4  499.00000    1  176  394.00000  499.00000  26.6% 15172  186s
    31    64  498.00000    5  110  394.00000  499.00000  26.6%  2213  190s
H   44    64                     396.0000000  499.00000  26.0%  1967  190s
H   49    64                     397.0000000  499.00000  25.7%  1908  190s
H   62    64                     400.0000000  499.00000  24.8%  1809  191s
   172   225  497.76923    8  129  400.00000  499.00000  24.8%  1584  195s
   529   508  497.75000   11   95  400.00000  499.00000  24.8%  1161  200s
   969   835  488.20000   19   95  400.00000  499.00000  24.8%  1021  205s
H 1316  1016                     404.0000000  499.00000  23.5%   965  207s
  1939  1437  498.33333    9   91  404.00000  499.00000  23.5%   881  210s
  2788  2024  448.00000   17   69  404.00000  499.00000  23.5%   846  215s
  4656  2796  454.18182   20  102  404.00000  499.00000  23.5%   747  234s
  4658  2797  498.71429   11   49  404.00000  499.00000  23.5%   746  243s
  4659  2798  485.04167   15  126  404.00000  499.00000  23.5%   746  247s
  4660  2799  498.00000   12   89  404.00000  499.00000  23.5%   746  251s
  4662  2800  498.00000   12  124  404.00000  499.00000  23.5%   746  255s
  4663  2801  444.66667   18   67  404.00000  499.00000  23.5%   745  266s
  4664  2801  454.17857   20   67  404.00000  499.00000  23.5%   745  270s
  4666  2806  499.00000   12  148  404.00000  499.00000  23.5%   765  280s
  4672  2816  499.00000   14  121  404.00000  499.00000  23.5%   768  285s
  4728  2877  499.00000   17  121  404.00000  499.00000  23.5%   789  291s
  4792  2920  442.00000   19   72  404.00000  499.00000  23.5%   801  297s
  4856  2965  498.83333   20  125  404.00000  499.00000  23.5%   810  301s
  4975  3058  498.80000   21   81  404.00000  499.00000  23.5%   820  306s
  5103  3137  498.71429   23   71  404.00000  499.00000  23.5%   831  311s
  5266  3232  494.00000   24   74  404.00000  499.00000  23.5%   845  316s
  5500  3389  471.55556   26   74  404.00000  499.00000  23.5%   854  321s
  5744  3451  475.33333   27   64  404.00000  499.00000  23.5%   852  326s
  6009  3598  450.31818   28   72  404.00000  499.00000  23.5%   859  330s
  6366  3741  452.80952   29   87  404.00000  499.00000  23.5%   855  336s
  6798  3809  431.00000   33   48  404.00000  499.00000  23.5%   848  341s
  7229  3912  476.50000   18   67  404.00000  499.00000  23.5%   850  345s
  7865  4049  440.27273   27   41  404.00000  498.77335  23.5%   853  351s
  8417  4181 infeasible   40       404.00000  498.75758  23.5%   858  355s
  9316  4479  496.44643   22  121  404.00000  498.75000  23.5%   864  361s
  9928  4682  488.85714   19  111  404.00000  498.75000  23.5%   867  365s
 10596  4799  468.77778   26  100  404.00000  498.75000  23.5%   863  370s
 11905  5179  484.73333   24  120  404.00000  498.75000  23.5%   859  377s
 12986  5373  481.33333   29  107  404.00000  498.60000  23.4%   848  381s
 14046  5728  492.50000   27  106  404.00000  497.80000  23.2%   844  387s
 14180  5894  492.12500   28  115  404.00000  497.14286  23.1%   844  391s
 15031  6555  491.37500   23  127  404.00000  497.00000  23.0%   841  397s
 16228  7216  485.25000   29  114  404.00000  497.00000  23.0%   839  402s
 17191  7570  488.95263   20  120  404.00000  496.50000  22.9%   824  405s
 18607  8356  440.75000   27   88  404.00000  496.50000  22.9%   820  411s
 20454  9128  492.90000   26  110  404.00000  496.14286  22.8%   806  418s
 21685  9557  491.66667   22  121  404.00000  496.00000  22.8%   790  421s
 23529 10550  444.93667   31   72  404.00000  495.85156  22.7%   787  428s
 24492 11128  490.87500   27  119  404.00000  495.66667  22.7%   787  431s
 25475 11620  492.12903   27  127  404.00000  495.66667  22.7%   788  435s
 27441 12703  488.63333   26  130  404.00000  495.50000  22.6%   790  442s
 28489 13366  470.00000   33  110  404.00000  495.40741  22.6%   790  445s
 31267 14337  476.86111   31   79  404.00000  495.08383  22.5%   789  452s
 31305 14362  473.37500   32   97  404.00000  495.05556  22.5%   790  458s
 31342 14383  471.91667   32  105  404.00000  495.05556  22.5%   790  462s
 31384 14411  458.93617   33  106  404.00000  495.05263  22.5%   790  465s
 31496 14543  480.17857   31   83  404.00000  495.05263  22.5%   790  474s
 31683 14726  416.50000   35   44  404.00000  495.03472  22.5%   789  479s
 32152 15016  472.91667   31  128  404.00000  495.03472  22.5%   787  484s
 33001 15677  453.62500   31   99  404.00000  495.00000  22.5%   784  490s
 34434 16493  480.62791   27  122  404.00000  495.00000  22.5%   781  497s
 36326 17366  457.85156   32  111  404.00000  494.85000  22.5%   776  502s
 38301 18308  459.58333   30   96  404.00000  494.66667  22.4%   772  508s
 40260 19436  445.50000   28  102  404.00000  494.50000  22.4%   771  513s
 42257 20445  470.25000   30  125  404.00000  494.20000  22.3%   772  519s
 44348 21638     cutoff   34       404.00000  494.20000  22.3%   769  525s
 46578 22604  445.00000   38  112  404.00000  494.00000  22.3%   766  531s
 48832 23447  484.29167   24   93  404.00000  493.75000  22.2%   762  537s
 50913 24456  451.71111   31  130  404.00000  493.62963  22.2%   759  542s
 52849 25401  487.77778   25  140  404.00000  493.50000  22.2%   761  548s
 55015 26384  481.14583   22  142  404.00000  493.35714  22.1%   760  554s
 57236 27641  476.84444   25  125  404.00000  493.12500  22.1%   759  560s
 59626 27642  471.94444   26  102  404.00000  493.12500  22.1%   757  728s
 59628 27643  415.55556   30   76  404.00000  493.12500  22.1%   757  733s
 59629 27644  482.75000   26  159  404.00000  493.12500  22.1%   757  737s
 59630 27645  472.50000   27  154  404.00000  493.12500  22.1%   757  741s
 59633 27647  491.88119   25  200  404.00000  493.12500  22.1%   757  745s
 59634 27647  455.00000   34  200  404.00000  493.12500  22.1%   757  754s
 59635 27648  422.50000   32  204  404.00000  493.12500  22.1%   757  755s
 59636 27649  432.10000   28  206  404.00000  493.12500  22.1%   757  765s
 59639 27651  441.00000   32  202  404.00000  493.12500  22.1%   757  779s
 59640 27651  471.25000   34  192  404.00000  493.12500  22.1%   757  782s
 59641 27652  474.40000   34  195  404.00000  493.12500  22.1%   757  792s
 59643 27653  486.33333   26  188  404.00000  493.12500  22.1%   757  804s
 59644 27654  432.33333   31  191  404.00000  493.12500  22.1%   757  805s
 59645 27655  410.00000   39  187  404.00000  493.12500  22.1%   757  815s
 59647 27656  478.75000   28  198  404.00000  493.12500  22.1%   757  828s
 59648 27657  468.00000   33  195  404.00000  493.12500  22.1%   757  830s
 59649 27657  476.11111   30  197  404.00000  493.12500  22.1%   757  841s
 59651 27659  417.91667   39  192  404.00000  493.12500  22.1%   757  852s
 59653 27660  435.00000   34  195  404.00000  493.12500  22.1%   757  862s
 59654 27661  479.33333   25  196  404.00000  493.12500  22.1%   756  865s
 59655 27661  467.75000   25  192  404.00000  493.12500  22.1%   756  875s
 59657 27663  461.00000   33  192  404.00000  493.12500  22.1%   756  886s
 59659 27664  447.83333   37  194  404.00000  493.12500  22.1%   756  897s
 59661 27665  470.61111   31  192  404.00000  493.12500  22.1%   756  909s
 59662 27666  466.27273   29  191  404.00000  493.12500  22.1%   756  912s
 59664 27667  443.00000   33  192  404.00000  493.12500  22.1%   756  924s
 59665 27668  410.66667   26  170  404.00000  493.12500  22.1%   756  926s
 59666 27669  427.25000   35  165  404.00000  493.12500  22.1%   756  937s
 59668 27670  429.00000   33  187  404.00000  493.12500  22.1%   756  949s
 59669 27671  431.33333   35  191  404.00000  493.12500  22.1%   756  950s
 59670 27671  425.86667   30  194  404.00000  493.12500  22.1%   756  960s
 59672 27673  486.33333   23  183  404.00000  493.12500  22.1%   756  973s
 59674 27674  414.00000   37  181  404.00000  493.12500  22.1%   756  984s
 59675 27675  453.42857   32  149  404.00000  493.12500  22.1%   756  998s
 59676 27675  487.92000   21  187  404.00000  493.12500  22.1%   756 1010s
 59677 27676  482.50000   28  138  404.00000  493.12500  22.1%   756 1027s
 59678 27677  492.50000   27  150  404.00000  493.12500  22.1%   756 1038s
 59679 27677  449.00000   30  166  404.00000  493.12500  22.1%   756 1040s
 59680 27678  459.66667   27  142  404.00000  493.12500  22.1%   756 1052s
 59681 27679  436.50000   36  156  404.00000  493.12500  22.1%   756 1065s
 59682 27679  489.26667   25  155  404.00000  493.12500  22.1%   756 1076s
 59683 27680  491.55000   27  155  404.00000  493.12500  22.1%   756 1090s
 59684 27681  418.50000   41  155  404.00000  493.12500  22.1%   756 1103s
 59685 27681  446.62500   29  155  404.00000  493.12500  22.1%   756 1109s
 59686 27685  493.12500   23  154  404.00000  493.12500  22.1%   759 1116s
 59688 27688  493.12500   24  187  404.00000  493.12500  22.1%   759 1120s
 59700 27708  493.12500   26  178  404.00000  493.12500  22.1%   760 1131s
 59748 27756  493.12500   28  149  404.00000  493.12500  22.1%   762 1135s
 59861 27856  493.12500   30  164  404.00000  493.12500  22.1%   763 1141s
 60080 27968  489.66667   33  121  404.00000  493.12500  22.1%   766 1146s
 60225 28020  437.00000   35   97  404.00000  493.12500  22.1%   767 1150s
 60447 28129  460.66667   39   58  404.00000  493.12500  22.1%   768 1155s
 60837 28262  455.38889   43   59  404.00000  493.12500  22.1%   769 1161s
 61255 28394     cutoff   53       404.00000  493.12500  22.1%   769 1165s
 61626 28512  493.12500   31  104  404.00000  493.12500  22.1%   769 1171s
 61963 28614  493.12500   33  139  404.00000  493.12500  22.1%   770 1176s
 62332 28726  493.12500   37  121  404.00000  493.12500  22.1%   771 1180s
 62985 28936  492.00000   36  117  404.00000  493.12500  22.1%   772 1185s
 63636 29222  493.12500   40  109  404.00000  493.12500  22.1%   774 1190s
 64544 29504  473.82143   45  100  404.00000  493.12500  22.1%   774 1196s

Cutting planes:
  Gomory: 7
  Implied bound: 58
  Clique: 4
  MIR: 36
  Flow cover: 108
  Inf proof: 8
  Zero half: 8
  RLT: 1440
  Relax-and-lift: 3
  BQP: 1671

Explored 64963 nodes (50498118 simplex iterations) in 1196.99 seconds (1522.46 work units)
Thread count was 32 (of 256 available processors)

Solution count 10: 404 400 397 ... 361

Solve interrupted
Best objective 4.040000000000e+02, best bound 4.931250000000e+02, gap 22.0606%
[]
