I AM STARTING --------------------
[]
NOW I AM GOING TO SOLVE THE MODEL FOR FIRST SOLUTION
Gurobi Optimizer version 12.0.3 build v12.0.3rc0 (linux64 - "Ubuntu 22.04.5 LTS")

CPU model: AMD EPYC 7742 64-Core Processor, instruction set [SSE2|AVX|AVX2]
Thread count: 128 physical cores, 256 logical processors, using up to 32 threads

Optimize a model with 112708 rows, 27891 columns and 334449 nonzeros
Model fingerprint: 0xe274f558
Coefficient statistics:
  Matrix range     [1e+00, 5e+00]
  Objective range  [1e+00, 5e+00]
  Bounds range     [1e+00, 1e+00]
  RHS range        [1e+00, 1e+03]
Presolve removed 95220 rows and 22494 columns
Presolve time: 0.07s
Presolved: 17488 rows, 5397 columns, 48889 nonzeros

Concurrent LP optimizer: primal simplex, dual simplex, and barrier
Showing barrier log only...

Ordering time: 0.00s

Barrier statistics:
 Free vars  : 2
 AA' NZ     : 6.967e+03
 Factor NZ  : 1.686e+04 (roughly 3 MB of memory)
 Factor Ops : 2.912e+05 (less than 1 second per iteration)
 Threads    : 1

                  Objective                Residual
Iter       Primal          Dual         Primal    Dual     Compl     Time
   0   4.35330005e+04  1.00000000e+00  1.71e+03 1.00e+00  1.81e+01     0s
   1   1.53562860e+04  2.26999971e+02  1.30e+00 1.63e-01  3.70e+00     0s
   2   2.87838485e+03  3.05886464e+02  4.75e-02 9.88e-03  4.58e-01     0s
   3   6.79732786e+02  4.31206287e+02  3.10e-03 7.49e-04  4.28e-02     0s
   4   5.30235878e+02  4.62975171e+02  6.94e-04 2.42e-04  1.16e-02     0s
   5   4.85291134e+02  4.71220726e+02  6.14e-05 1.18e-04  2.44e-03     0s
   6   4.79050271e+02  4.76995143e+02  3.71e-06 2.33e-05  3.58e-04     0s
   7   4.78500699e+02  4.78498269e+02  1.16e-07 2.79e-09  4.16e-07     0s
   8   4.78500000e+02  4.78500000e+02  1.48e-09 8.99e-15  2.08e-12     0s

Barrier solved model in 8 iterations and 0.11 seconds (0.12 work units)
Optimal objective 4.78500000e+02

Crossover log...

     617 DPushes remaining with DInf 0.0000000e+00                 0s
       0 DPushes remaining with DInf 0.0000000e+00                 0s

     131 PPushes remaining with PInf 0.0000000e+00                 0s
       0 PPushes remaining with PInf 0.0000000e+00                 0s

  Push phase complete: Pinf 0.0000000e+00, Dinf 2.2204460e-16      0s


Solved with barrier
Iteration    Objective       Primal Inf.    Dual Inf.      Time
     703    4.7850000e+02   0.000000e+00   0.000000e+00      0s

Use crossover to convert LP symmetric solution to basic solution...
Crossover log...

       0 DPushes remaining with DInf 0.0000000e+00                 0s

    2233 PPushes remaining with PInf 0.0000000e+00                 0s
       0 PPushes remaining with PInf 0.0000000e+00                 0s

  Push phase complete: Pinf 0.0000000e+00, Dinf 1.5000000e+00      0s

Iteration    Objective       Primal Inf.    Dual Inf.      Time
    2982    4.7850000e+02   0.000000e+00   1.500000e+00      0s
    2983    4.7850000e+02   0.000000e+00   0.000000e+00      0s

Solved in 2983 iterations and 0.19 seconds (0.18 work units)
Optimal objective  4.785000000e+02
Objective value: 478.5000000000001
lam[0,0] = 0.25
lam[0,1] = 0.25
lam[0,2] = 0.25
lam[0,3] = 0.25
lam[1,0] = 0.14285714285714307
lam[1,1] = 0.28571428571428586
lam[1,2] = 0.28571428571428564
lam[1,3] = 0.28571428571428537
tau[0,0,1] = 0.5714285714285714
tau[0,0,L0] = 0.3214285714285714
tau[0,0,L1] = 0.4285714285714286
tau[0,0,L2] = 0.4285714285714286
tau[0,1,1] = 0.5
tau[0,1,L0] = 0.25
tau[0,1,L1] = 0.5
tau[0,1,L2] = 0.5
tau[0,2,1] = 0.5714285714285715
tau[0,2,L0] = 0.3214285714285715
tau[0,2,L1] = 0.4285714285714285
tau[0,2,L2] = 0.4285714285714285
tau[0,3,1] = 0.0
tau[0,3,L0] = 0.0
tau[0,3,L1] = 0.0
tau[0,3,L2] = 0.0
tau[0,4,1] = 0.0
tau[0,4,L0] = 0.0
tau[0,4,L1] = 0.0
tau[0,4,L2] = 0.0
tau[0,5,1] = 0.0
tau[0,5,L0] = 0.0
tau[0,5,L1] = 0.0
tau[0,5,L2] = 0.0
tau[1,0,L0] = 0.5714285714285714
tau[1,0,L1] = 0.5714285714285714
tau[1,0,L2] = 0.5714285714285714
tau[1,1,L0] = 0.5714285714285714
tau[1,1,L1] = 0.5714285714285716
tau[1,1,L2] = 0.5714285714285716
tau[1,2,L0] = 0.5714285714285715
tau[1,2,L1] = 0.5714285714285715
tau[1,2,L2] = 0.5714285714285715
tau[1,3,L0] = 0.0
tau[1,3,L1] = 0.0
tau[1,3,L2] = 0.0
tau[1,4,L0] = 0.0
tau[1,4,L1] = 0.0
tau[1,4,L2] = 0.0
tau[1,5,L0] = 0.0
tau[1,5,L1] = 0.0
tau[1,5,L2] = 0.0
m[0,0] = 1.0
m[0,1] = 1.0
m[0,2] = 1.0
m[0,3] = 1.0
m[0,4] = 1.0
m[0,5] = 1.0
m[0,6] = 1.0
m[0,7] = 1.0
m[0,8] = 1.0
m[0,9] = 1.0
m[0,10] = 1.0
m[0,11] = 1.0
m[0,12] = 1.0
m[0,13] = 1.0
m[0,14] = 1.0
m[0,15] = 1.0
m[0,16] = 1.0
m[0,17] = 1.0
m[0,18] = 1.0
m[0,19] = 1.0
m[0,20] = 1.0
m[0,21] = 1.0
m[0,22] = 1.0
m[0,23] = 1.0
m[0,24] = 1.0
m[0,25] = 1.0
m[0,26] = 1.0
m[0,27] = 1.0
m[0,28] = 1.0
m[0,29] = 1.0
m[0,30] = 1.0
m[0,31] = 1.0
m[0,32] = 1.0
m[0,33] = 1.0
m[0,34] = 1.0
m[0,35] = 1.0
m[0,36] = 1.0
m[0,37] = 1.0
m[0,38] = 1.0
m[0,39] = 1.0
m[0,40] = 1.0
m[0,41] = 1.0
m[0,42] = 1.0
m[0,43] = 1.0
m[0,44] = 1.0
m[0,45] = 1.0
m[0,46] = 1.0
m[0,47] = 1.0
m[0,48] = 1.0
m[0,49] = 1.0
m[0,50] = 1.0
m[0,51] = 1.0
m[0,52] = 1.0
m[0,53] = 1.0
m[0,54] = 1.0
m[0,55] = 1.0
m[0,56] = 1.0
m[0,57] = 1.0
m[0,58] = 1.0
m[0,59] = 1.0
m[0,60] = 1.0
m[0,61] = 1.0
m[0,62] = 1.0
m[0,63] = 1.0
m[0,64] = 1.0
m[0,65] = 1.0
m[0,66] = 1.0
m[0,67] = 1.0
m[0,68] = 1.0
m[0,69] = 1.0
m[0,70] = 1.0
m[0,71] = 1.0
m[0,72] = 1.0
m[0,73] = 1.0
m[0,74] = 1.0
m[0,75] = 1.0
m[0,76] = 1.0
m[0,77] = 1.0
m[0,78] = 1.0
m[0,79] = 1.0
m[0,80] = 1.0
m[0,81] = 1.0
m[0,82] = 1.0
m[0,83] = 1.0
m[0,84] = 1.0
m[0,85] = 1.0
m[0,86] = 1.0
m[0,87] = 1.0
m[0,88] = 1.0
m[0,89] = 1.0
m[0,90] = 1.0
m[0,91] = 1.0
m[0,92] = 1.0
m[0,93] = 1.0
m[0,94] = 1.0
m[0,95] = 1.0
m[0,96] = 1.0
m[0,97] = 1.0
m[0,98] = 1.0
m[0,99] = 1.0
m[0,100] = 1.0
m[0,101] = 1.0
m[0,102] = 1.0
m[0,103] = 1.0
m[0,104] = 1.0
m[0,105] = 1.0
m[0,106] = 1.0
m[0,107] = 1.0
m[0,108] = 1.0
m[0,109] = 1.0
m[0,110] = 1.0
m[0,111] = 1.0
m[0,112] = 1.0
m[0,113] = 1.0
m[0,114] = 1.0
m[0,115] = 1.0
m[0,116] = 1.0
m[0,117] = 1.0
m[0,118] = 1.0
m[0,119] = 1.0
m[0,120] = 1.0
m[0,121] = 1.0
m[0,122] = 1.0
m[0,123] = 1.0
m[0,124] = 1.0
m[0,125] = 1.0
m[0,126] = 1.0
m[0,127] = 1.0
m[0,128] = 1.0
m[0,129] = 1.0
m[0,130] = 1.0
m[0,131] = 1.0
m[0,132] = 1.0
m[0,133] = 1.0
m[0,134] = 1.0
m[0,135] = 1.0
m[0,136] = 1.0
m[0,137] = 1.0
m[0,138] = 1.0
m[0,139] = 1.0
m[0,140] = 1.0
m[0,141] = 1.0
m[0,142] = 1.0
m[0,143] = 1.0
m[0,144] = 1.0
m[0,145] = 1.0
m[0,146] = 0.8928571428571428
m[0,147] = 1.0
m[0,148] = 1.0
m[0,149] = 1.0
m[0,150] = 1.0
m[0,151] = 1.0
m[0,152] = 1.0
m[0,153] = 1.0
m[0,154] = 1.0
m[0,155] = 1.0
m[0,156] = 1.0
m[0,157] = 1.0
m[0,158] = 1.0
m[0,159] = 1.0
m[0,160] = 1.0
m[0,161] = 1.0
m[0,162] = 1.0
m[0,163] = 1.0
m[0,164] = 1.0
m[0,165] = 1.0
m[0,166] = 1.0
m[0,167] = 1.0
m[0,168] = 1.0
m[0,169] = 1.0
m[0,170] = 1.0
m[0,171] = 0.8928571428571428
m[0,172] = 1.0
m[0,173] = 1.0
m[0,174] = 1.0
m[0,175] = 1.0
m[0,176] = 1.0
m[0,177] = 1.0
m[0,178] = 1.0
m[0,179] = 1.0
m[0,180] = 1.0
m[0,181] = 1.0
m[0,182] = 1.0
m[0,183] = 1.0
m[0,184] = 1.0
m[0,185] = 1.0
m[0,186] = 1.0
m[0,187] = 1.0
m[0,188] = 1.0
m[0,189] = 1.0
m[0,190] = 1.0
m[0,191] = 1.0
m[0,192] = 1.0
m[0,193] = 1.0
m[0,194] = 1.0
m[0,195] = 1.0
m[0,196] = 1.0
m[0,197] = 1.0
m[0,198] = 1.0
m[0,199] = 1.0
m[0,200] = 1.0
m[0,201] = 1.0
m[0,202] = 1.0
m[0,203] = 1.0
m[0,204] = 1.0
m[0,205] = 1.0
m[0,206] = 1.0
m[0,207] = 1.0
m[0,208] = 1.0
m[0,209] = 1.0
m[0,210] = 1.0
m[0,211] = 1.0
m[0,212] = 1.0
m[0,213] = 1.0
m[0,214] = 1.0
m[0,215] = 1.0
m[0,216] = 1.0
m[0,217] = 1.0
m[0,218] = 1.0
m[0,219] = 1.0
m[0,220] = 1.0
m[0,221] = 1.0
m[0,222] = 1.0
m[0,223] = 1.0
m[0,224] = 1.0
m[0,225] = 1.0
m[0,226] = 1.0
m[0,227] = 1.0
m[0,228] = 1.0
m[0,229] = 1.0
m[0,230] = 1.0
m[0,231] = 1.0
m[0,232] = 1.0
m[0,233] = 1.0
m[0,234] = 1.0
m[0,235] = 1.0
m[0,236] = 1.0
m[0,237] = 1.0
m[0,238] = 1.0
m[0,239] = 1.0
m[0,240] = 1.0
m[0,241] = 1.0
m[0,242] = 1.0
m[0,243] = 1.0
m[0,244] = 1.0
m[0,245] = 1.0
m[0,246] = 1.0
m[0,247] = 1.0
m[0,248] = 1.0
m[0,249] = 1.0
m[0,250] = 1.0
m[0,251] = 1.0
m[0,252] = 1.0
m[0,253] = 1.0
m[0,254] = 1.0
m[0,255] = 1.0
m[0,256] = 1.0
m[0,257] = 1.0
m[0,258] = 1.0
m[0,259] = 1.0
m[0,260] = 1.0
m[0,261] = 1.0
m[0,262] = 1.0
m[0,263] = 1.0
m[0,264] = 1.0
m[0,265] = 1.0
m[0,266] = 1.0
m[0,267] = 1.0
m[0,268] = 1.0
m[0,269] = 1.0
m[0,270] = 1.0
m[0,271] = 1.0
m[0,272] = 1.0
m[0,273] = 1.0
m[0,274] = 1.0
m[0,275] = 1.0
m[0,276] = 1.0
m[0,277] = 1.0
m[0,278] = 1.0
m[0,279] = 1.0
m[0,280] = 1.0
m[0,281] = 1.0
m[0,282] = 1.0
m[0,283] = 1.0
m[0,284] = 1.0
m[0,285] = 1.0
m[0,286] = 1.0
m[0,287] = 1.0
m[0,288] = 1.0
m[0,289] = 1.0
m[0,290] = 1.0
m[0,291] = 1.0
m[0,292] = 1.0
m[0,293] = 1.0
m[0,294] = 1.0
m[0,295] = 1.0
m[0,296] = 1.0
m[0,297] = 1.0
m[0,298] = 1.0
m[0,299] = 1.0
m[0,300] = 1.0
m[0,301] = 1.0
m[0,302] = 1.0
m[0,303] = 1.0
m[0,304] = 1.0
m[0,305] = 1.0
m[0,306] = 1.0
m[0,307] = 1.0
m[0,308] = 1.0
m[0,309] = 1.0
m[0,310] = 1.0
m[0,311] = 1.0
m[0,312] = 1.0
m[0,313] = 1.0
m[0,314] = 1.0
m[0,315] = 1.0
m[0,316] = 1.0
m[0,317] = 1.0
m[0,318] = 1.0
m[0,319] = 1.0
m[0,320] = 0.892857142857143
m[0,321] = 1.0
m[0,322] = 1.0
m[0,323] = 1.0
m[0,324] = 1.0
m[0,325] = 1.0
m[0,326] = 1.0
m[0,327] = 1.0
m[0,328] = 1.0
m[0,329] = 1.0
m[0,330] = 1.0
m[0,331] = 1.0
m[0,332] = 1.0
m[0,333] = 1.0
m[0,334] = 1.0
m[0,335] = 1.0
m[0,336] = 1.0
m[0,337] = 1.0
m[0,338] = 1.0
m[0,339] = 1.0
m[0,340] = 1.0
m[0,341] = 1.0
m[0,342] = 0.892857142857143
m[0,343] = 1.0
m[0,344] = 1.0
m[0,345] = 1.0
m[0,346] = 1.0
m[0,347] = 1.0
m[0,348] = 0.892857142857143
m[0,349] = 1.0
m[0,350] = 1.0
m[0,351] = 1.0
m[0,352] = 1.0
m[0,353] = 1.0
m[0,354] = 1.0
m[0,355] = 1.0
m[0,356] = 1.0
m[0,357] = 1.0
m[0,358] = 1.0
m[0,359] = 1.0
m[0,360] = 1.0
m[0,361] = 1.0
m[0,362] = 1.0
m[0,363] = 1.0
m[0,364] = 1.0
m[0,365] = 1.0
m[0,366] = 1.0
m[0,367] = 1.0
m[0,368] = 1.0
m[0,369] = 1.0
m[0,370] = 1.0
m[0,371] = 1.0
m[0,372] = 1.0
m[0,373] = 1.0
m[0,374] = 1.0
m[0,375] = 1.0
m[0,376] = 1.0
m[0,377] = 1.0
m[0,378] = 1.0
m[0,379] = 1.0
m[0,380] = 1.0
m[0,381] = 1.0
m[0,382] = 1.0
m[0,383] = 1.0
m[0,384] = 1.0
m[0,385] = 1.0
m[0,386] = 1.0
m[0,387] = 1.0
m[0,388] = 1.0
m[0,389] = 1.0
m[0,390] = 1.0
m[0,391] = 1.0
m[0,392] = 1.0
m[0,393] = 1.0
m[0,394] = 1.0
m[0,395] = 1.0
m[0,396] = 1.0
m[0,397] = 1.0
m[0,398] = 1.0
m[0,399] = 1.0
m[0,400] = 1.0
m[0,401] = 1.0
m[0,402] = 1.0
m[0,403] = 1.0
m[0,404] = 1.0
m[0,405] = 1.0
m[0,406] = 1.0
m[0,407] = 1.0
m[0,408] = 1.0
m[0,409] = 1.0
m[0,410] = 1.0
m[0,411] = 1.0
m[0,412] = 1.0
m[0,413] = 1.0
m[0,414] = 1.0
m[0,415] = 1.0
m[0,416] = 1.0
m[0,417] = 1.0
m[0,418] = 1.0
m[0,419] = 1.0
m[0,420] = 1.0
m[0,421] = 1.0
m[0,422] = 1.0
m[0,423] = 1.0
m[0,424] = 1.0
m[0,425] = 1.0
m[0,426] = 1.0
m[0,427] = 1.0
m[0,428] = 1.0
m[0,429] = 1.0
m[0,430] = 1.0
m[0,431] = 1.0
m[0,432] = 1.0
m[0,433] = 1.0
m[0,434] = 1.0
m[0,435] = 1.0
m[0,436] = 1.0
m[0,437] = 1.0
m[0,438] = 1.0
m[0,439] = 1.0
m[0,440] = 1.0
m[0,441] = 1.0
m[0,442] = 1.0
m[0,443] = 1.0
m[0,444] = 1.0
m[0,445] = 1.0
m[0,446] = 1.0
m[0,447] = 1.0
m[0,448] = 1.0
m[0,449] = 1.0
m[0,450] = 1.0
m[0,451] = 1.0
m[0,452] = 1.0
m[0,453] = 1.0
m[0,454] = 1.0
m[0,455] = 1.0
m[0,456] = 1.0
m[0,457] = 1.0
m[0,458] = 1.0
m[0,459] = 1.0
m[0,460] = 1.0
m[0,461] = 1.0
m[0,462] = 1.0
m[0,463] = 1.0
m[0,464] = 1.0
m[0,465] = 1.0
m[0,466] = 1.0
m[0,467] = 1.0
m[0,468] = 1.0
m[0,469] = 1.0
m[0,470] = 1.0
u[0] = 1.0
u[1] = 0.5714285714285715
o_u[0,0] = 0.25
o_u[0,1] = 0.25
o_u[0,2] = 0.25
o_u[0,3] = 0.25
o_u[1,0] = 0.14285714285714307
o_u[1,1] = 0.28571428571428586
o_u[1,2] = 0.28571428571428564
o_u[1,3] = 0.28571428571428537
------------------------------------------------------------------------
------------------------------------------------------------------------
Saved hierarchical tree visualization to milp_tree_levels.png
[]
Gurobi Optimizer version 12.0.3 build v12.0.3rc0 (linux64 - "Ubuntu 22.04.5 LTS")

CPU model: AMD EPYC 7742 64-Core Processor, instruction set [SSE2|AVX|AVX2]
Thread count: 128 physical cores, 256 logical processors, using up to 32 threads

Optimize a model with 112708 rows, 27891 columns and 334449 nonzeros
Model fingerprint: 0xe274f558
Coefficient statistics:
  Matrix range     [1e+00, 5e+00]
  Objective range  [1e+00, 5e+00]
  Bounds range     [1e+00, 1e+00]
  RHS range        [1e+00, 1e+03]
Presolve removed 95220 rows and 22494 columns
Presolve time: 0.09s
Presolved: 17488 rows, 5397 columns, 48889 nonzeros

Concurrent LP optimizer: primal simplex, dual simplex, and barrier
Showing barrier log only...

Ordering time: 0.00s

Barrier statistics:
 Free vars  : 2
 AA' NZ     : 6.967e+03
 Factor NZ  : 1.686e+04 (roughly 3 MB of memory)
 Factor Ops : 2.912e+05 (less than 1 second per iteration)
 Threads    : 1

                  Objective                Residual
Iter       Primal          Dual         Primal    Dual     Compl     Time
   0   4.35330005e+04  1.00000000e+00  1.71e+03 1.00e+00  1.81e+01     0s
   1   1.53562860e+04  2.26999971e+02  1.30e+00 1.63e-01  3.70e+00     0s
   2   2.87838485e+03  3.05886464e+02  4.75e-02 9.88e-03  4.58e-01     0s
   3   6.79732786e+02  4.31206287e+02  3.10e-03 7.49e-04  4.28e-02     0s
   4   5.30235878e+02  4.62975171e+02  6.94e-04 2.42e-04  1.16e-02     0s
   5   4.85291134e+02  4.71220726e+02  6.14e-05 1.18e-04  2.44e-03     0s
   6   4.79050271e+02  4.76995143e+02  3.71e-06 2.33e-05  3.58e-04     0s
   7   4.78500699e+02  4.78498269e+02  1.16e-07 2.79e-09  4.16e-07     0s
   8   4.78500000e+02  4.78500000e+02  1.48e-09 8.99e-15  2.08e-12     0s

Barrier solved model in 8 iterations and 0.13 seconds (0.12 work units)
Optimal objective 4.78500000e+02

Crossover log...

     617 DPushes remaining with DInf 0.0000000e+00                 0s
       0 DPushes remaining with DInf 0.0000000e+00                 0s

     131 PPushes remaining with PInf 0.0000000e+00                 0s
       0 PPushes remaining with PInf 0.0000000e+00                 0s

  Push phase complete: Pinf 0.0000000e+00, Dinf 2.2204460e-16      0s


Solved with barrier
Iteration    Objective       Primal Inf.    Dual Inf.      Time
     703    4.7850000e+02   0.000000e+00   0.000000e+00      0s

Use crossover to convert LP symmetric solution to basic solution...
Crossover log...

       0 DPushes remaining with DInf 0.0000000e+00                 0s

    2233 PPushes remaining with PInf 0.0000000e+00                 0s
       0 PPushes remaining with PInf 0.0000000e+00                 0s

  Push phase complete: Pinf 0.0000000e+00, Dinf 1.5000000e+00      0s

Iteration    Objective       Primal Inf.    Dual Inf.      Time
    2982    4.7850000e+02   0.000000e+00   1.500000e+00      0s
    2983    4.7850000e+02   0.000000e+00   0.000000e+00      0s

Solved in 2983 iterations and 0.21 seconds (0.18 work units)
Optimal objective  4.785000000e+02
Objective value: 478.5000000000001
lam[0,0] = 0.25
lam[0,1] = 0.25
lam[0,2] = 0.25
lam[0,3] = 0.25
lam[1,0] = 0.14285714285714307
lam[1,1] = 0.28571428571428586
lam[1,2] = 0.28571428571428564
lam[1,3] = 0.28571428571428537
tau[0,0,1] = 0.5714285714285714
tau[0,0,L0] = 0.3214285714285714
tau[0,0,L1] = 0.4285714285714286
tau[0,0,L2] = 0.4285714285714286
tau[0,1,1] = 0.5
tau[0,1,L0] = 0.25
tau[0,1,L1] = 0.5
tau[0,1,L2] = 0.5
tau[0,2,1] = 0.5714285714285715
tau[0,2,L0] = 0.3214285714285715
tau[0,2,L1] = 0.4285714285714285
tau[0,2,L2] = 0.4285714285714285
tau[0,3,1] = 0.0
tau[0,3,L0] = 0.0
tau[0,3,L1] = 0.0
tau[0,3,L2] = 0.0
tau[0,4,1] = 0.0
tau[0,4,L0] = 0.0
tau[0,4,L1] = 0.0
tau[0,4,L2] = 0.0
tau[0,5,1] = 0.0
tau[0,5,L0] = 0.0
tau[0,5,L1] = 0.0
tau[0,5,L2] = 0.0
tau[1,0,L0] = 0.5714285714285714
tau[1,0,L1] = 0.5714285714285714
tau[1,0,L2] = 0.5714285714285714
tau[1,1,L0] = 0.5714285714285714
tau[1,1,L1] = 0.5714285714285716
tau[1,1,L2] = 0.5714285714285716
tau[1,2,L0] = 0.5714285714285715
tau[1,2,L1] = 0.5714285714285715
tau[1,2,L2] = 0.5714285714285715
tau[1,3,L0] = 0.0
tau[1,3,L1] = 0.0
tau[1,3,L2] = 0.0
tau[1,4,L0] = 0.0
tau[1,4,L1] = 0.0
tau[1,4,L2] = 0.0
tau[1,5,L0] = 0.0
tau[1,5,L1] = 0.0
tau[1,5,L2] = 0.0
m[0,0] = 1.0
m[0,1] = 1.0
m[0,2] = 1.0
m[0,3] = 1.0
m[0,4] = 1.0
m[0,5] = 1.0
m[0,6] = 1.0
m[0,7] = 1.0
m[0,8] = 1.0
m[0,9] = 1.0
m[0,10] = 1.0
m[0,11] = 1.0
m[0,12] = 1.0
m[0,13] = 1.0
m[0,14] = 1.0
m[0,15] = 1.0
m[0,16] = 1.0
m[0,17] = 1.0
m[0,18] = 1.0
m[0,19] = 1.0
m[0,20] = 1.0
m[0,21] = 1.0
m[0,22] = 1.0
m[0,23] = 1.0
m[0,24] = 1.0
m[0,25] = 1.0
m[0,26] = 1.0
m[0,27] = 1.0
m[0,28] = 1.0
m[0,29] = 1.0
m[0,30] = 1.0
m[0,31] = 1.0
m[0,32] = 1.0
m[0,33] = 1.0
m[0,34] = 1.0
m[0,35] = 1.0
m[0,36] = 1.0
m[0,37] = 1.0
m[0,38] = 1.0
m[0,39] = 1.0
m[0,40] = 1.0
m[0,41] = 1.0
m[0,42] = 1.0
m[0,43] = 1.0
m[0,44] = 1.0
m[0,45] = 1.0
m[0,46] = 1.0
m[0,47] = 1.0
m[0,48] = 1.0
m[0,49] = 1.0
m[0,50] = 1.0
m[0,51] = 1.0
m[0,52] = 1.0
m[0,53] = 1.0
m[0,54] = 1.0
m[0,55] = 1.0
m[0,56] = 1.0
m[0,57] = 1.0
m[0,58] = 1.0
m[0,59] = 1.0
m[0,60] = 1.0
m[0,61] = 1.0
m[0,62] = 1.0
m[0,63] = 1.0
m[0,64] = 1.0
m[0,65] = 1.0
m[0,66] = 1.0
m[0,67] = 1.0
m[0,68] = 1.0
m[0,69] = 1.0
m[0,70] = 1.0
m[0,71] = 1.0
m[0,72] = 1.0
m[0,73] = 1.0
m[0,74] = 1.0
m[0,75] = 1.0
m[0,76] = 1.0
m[0,77] = 1.0
m[0,78] = 1.0
m[0,79] = 1.0
m[0,80] = 1.0
m[0,81] = 1.0
m[0,82] = 1.0
m[0,83] = 1.0
m[0,84] = 1.0
m[0,85] = 1.0
m[0,86] = 1.0
m[0,87] = 1.0
m[0,88] = 1.0
m[0,89] = 1.0
m[0,90] = 1.0
m[0,91] = 1.0
m[0,92] = 1.0
m[0,93] = 1.0
m[0,94] = 1.0
m[0,95] = 1.0
m[0,96] = 1.0
m[0,97] = 1.0
m[0,98] = 1.0
m[0,99] = 1.0
m[0,100] = 1.0
m[0,101] = 1.0
m[0,102] = 1.0
m[0,103] = 1.0
m[0,104] = 1.0
m[0,105] = 1.0
m[0,106] = 1.0
m[0,107] = 1.0
m[0,108] = 1.0
m[0,109] = 1.0
m[0,110] = 1.0
m[0,111] = 1.0
m[0,112] = 1.0
m[0,113] = 1.0
m[0,114] = 1.0
m[0,115] = 1.0
m[0,116] = 1.0
m[0,117] = 1.0
m[0,118] = 1.0
m[0,119] = 1.0
m[0,120] = 1.0
m[0,121] = 1.0
m[0,122] = 1.0
m[0,123] = 1.0
m[0,124] = 1.0
m[0,125] = 1.0
m[0,126] = 1.0
m[0,127] = 1.0
m[0,128] = 1.0
m[0,129] = 1.0
m[0,130] = 1.0
m[0,131] = 1.0
m[0,132] = 1.0
m[0,133] = 1.0
m[0,134] = 1.0
m[0,135] = 1.0
m[0,136] = 1.0
m[0,137] = 1.0
m[0,138] = 1.0
m[0,139] = 1.0
m[0,140] = 1.0
m[0,141] = 1.0
m[0,142] = 1.0
m[0,143] = 1.0
m[0,144] = 1.0
m[0,145] = 1.0
m[0,146] = 0.8928571428571428
m[0,147] = 1.0
m[0,148] = 1.0
m[0,149] = 1.0
m[0,150] = 1.0
m[0,151] = 1.0
m[0,152] = 1.0
m[0,153] = 1.0
m[0,154] = 1.0
m[0,155] = 1.0
m[0,156] = 1.0
m[0,157] = 1.0
m[0,158] = 1.0
m[0,159] = 1.0
m[0,160] = 1.0
m[0,161] = 1.0
m[0,162] = 1.0
m[0,163] = 1.0
m[0,164] = 1.0
m[0,165] = 1.0
m[0,166] = 1.0
m[0,167] = 1.0
m[0,168] = 1.0
m[0,169] = 1.0
m[0,170] = 1.0
m[0,171] = 0.8928571428571428
m[0,172] = 1.0
m[0,173] = 1.0
m[0,174] = 1.0
m[0,175] = 1.0
m[0,176] = 1.0
m[0,177] = 1.0
m[0,178] = 1.0
m[0,179] = 1.0
m[0,180] = 1.0
m[0,181] = 1.0
m[0,182] = 1.0
m[0,183] = 1.0
m[0,184] = 1.0
m[0,185] = 1.0
m[0,186] = 1.0
m[0,187] = 1.0
m[0,188] = 1.0
m[0,189] = 1.0
m[0,190] = 1.0
m[0,191] = 1.0
m[0,192] = 1.0
m[0,193] = 1.0
m[0,194] = 1.0
m[0,195] = 1.0
m[0,196] = 1.0
m[0,197] = 1.0
m[0,198] = 1.0
m[0,199] = 1.0
m[0,200] = 1.0
m[0,201] = 1.0
m[0,202] = 1.0
m[0,203] = 1.0
m[0,204] = 1.0
m[0,205] = 1.0
m[0,206] = 1.0
m[0,207] = 1.0
m[0,208] = 1.0
m[0,209] = 1.0
m[0,210] = 1.0
m[0,211] = 1.0
m[0,212] = 1.0
m[0,213] = 1.0
m[0,214] = 1.0
m[0,215] = 1.0
m[0,216] = 1.0
m[0,217] = 1.0
m[0,218] = 1.0
m[0,219] = 1.0
m[0,220] = 1.0
m[0,221] = 1.0
m[0,222] = 1.0
m[0,223] = 1.0
m[0,224] = 1.0
m[0,225] = 1.0
m[0,226] = 1.0
m[0,227] = 1.0
m[0,228] = 1.0
m[0,229] = 1.0
m[0,230] = 1.0
m[0,231] = 1.0
m[0,232] = 1.0
m[0,233] = 1.0
m[0,234] = 1.0
m[0,235] = 1.0
m[0,236] = 1.0
m[0,237] = 1.0
m[0,238] = 1.0
m[0,239] = 1.0
m[0,240] = 1.0
m[0,241] = 1.0
m[0,242] = 1.0
m[0,243] = 1.0
m[0,244] = 1.0
m[0,245] = 1.0
m[0,246] = 1.0
m[0,247] = 1.0
m[0,248] = 1.0
m[0,249] = 1.0
m[0,250] = 1.0
m[0,251] = 1.0
m[0,252] = 1.0
m[0,253] = 1.0
m[0,254] = 1.0
m[0,255] = 1.0
m[0,256] = 1.0
m[0,257] = 1.0
m[0,258] = 1.0
m[0,259] = 1.0
m[0,260] = 1.0
m[0,261] = 1.0
m[0,262] = 1.0
m[0,263] = 1.0
m[0,264] = 1.0
m[0,265] = 1.0
m[0,266] = 1.0
m[0,267] = 1.0
m[0,268] = 1.0
m[0,269] = 1.0
m[0,270] = 1.0
m[0,271] = 1.0
m[0,272] = 1.0
m[0,273] = 1.0
m[0,274] = 1.0
m[0,275] = 1.0
m[0,276] = 1.0
m[0,277] = 1.0
m[0,278] = 1.0
m[0,279] = 1.0
m[0,280] = 1.0
m[0,281] = 1.0
m[0,282] = 1.0
m[0,283] = 1.0
m[0,284] = 1.0
m[0,285] = 1.0
m[0,286] = 1.0
m[0,287] = 1.0
m[0,288] = 1.0
m[0,289] = 1.0
m[0,290] = 1.0
m[0,291] = 1.0
m[0,292] = 1.0
m[0,293] = 1.0
m[0,294] = 1.0
m[0,295] = 1.0
m[0,296] = 1.0
m[0,297] = 1.0
m[0,298] = 1.0
m[0,299] = 1.0
m[0,300] = 1.0
m[0,301] = 1.0
m[0,302] = 1.0
m[0,303] = 1.0
m[0,304] = 1.0
m[0,305] = 1.0
m[0,306] = 1.0
m[0,307] = 1.0
m[0,308] = 1.0
m[0,309] = 1.0
m[0,310] = 1.0
m[0,311] = 1.0
m[0,312] = 1.0
m[0,313] = 1.0
m[0,314] = 1.0
m[0,315] = 1.0
m[0,316] = 1.0
m[0,317] = 1.0
m[0,318] = 1.0
m[0,319] = 1.0
m[0,320] = 0.892857142857143
m[0,321] = 1.0
m[0,322] = 1.0
m[0,323] = 1.0
m[0,324] = 1.0
m[0,325] = 1.0
m[0,326] = 1.0
m[0,327] = 1.0
m[0,328] = 1.0
m[0,329] = 1.0
m[0,330] = 1.0
m[0,331] = 1.0
m[0,332] = 1.0
m[0,333] = 1.0
m[0,334] = 1.0
m[0,335] = 1.0
m[0,336] = 1.0
m[0,337] = 1.0
m[0,338] = 1.0
m[0,339] = 1.0
m[0,340] = 1.0
m[0,341] = 1.0
m[0,342] = 0.892857142857143
m[0,343] = 1.0
m[0,344] = 1.0
m[0,345] = 1.0
m[0,346] = 1.0
m[0,347] = 1.0
m[0,348] = 0.892857142857143
m[0,349] = 1.0
m[0,350] = 1.0
m[0,351] = 1.0
m[0,352] = 1.0
m[0,353] = 1.0
m[0,354] = 1.0
m[0,355] = 1.0
m[0,356] = 1.0
m[0,357] = 1.0
m[0,358] = 1.0
m[0,359] = 1.0
m[0,360] = 1.0
m[0,361] = 1.0
m[0,362] = 1.0
m[0,363] = 1.0
m[0,364] = 1.0
m[0,365] = 1.0
m[0,366] = 1.0
m[0,367] = 1.0
m[0,368] = 1.0
m[0,369] = 1.0
m[0,370] = 1.0
m[0,371] = 1.0
m[0,372] = 1.0
m[0,373] = 1.0
m[0,374] = 1.0
m[0,375] = 1.0
m[0,376] = 1.0
m[0,377] = 1.0
m[0,378] = 1.0
m[0,379] = 1.0
m[0,380] = 1.0
m[0,381] = 1.0
m[0,382] = 1.0
m[0,383] = 1.0
m[0,384] = 1.0
m[0,385] = 1.0
m[0,386] = 1.0
m[0,387] = 1.0
m[0,388] = 1.0
m[0,389] = 1.0
m[0,390] = 1.0
m[0,391] = 1.0
m[0,392] = 1.0
m[0,393] = 1.0
m[0,394] = 1.0
m[0,395] = 1.0
m[0,396] = 1.0
m[0,397] = 1.0
m[0,398] = 1.0
m[0,399] = 1.0
m[0,400] = 1.0
m[0,401] = 1.0
m[0,402] = 1.0
m[0,403] = 1.0
m[0,404] = 1.0
m[0,405] = 1.0
m[0,406] = 1.0
m[0,407] = 1.0
m[0,408] = 1.0
m[0,409] = 1.0
m[0,410] = 1.0
m[0,411] = 1.0
m[0,412] = 1.0
m[0,413] = 1.0
m[0,414] = 1.0
m[0,415] = 1.0
m[0,416] = 1.0
m[0,417] = 1.0
m[0,418] = 1.0
m[0,419] = 1.0
m[0,420] = 1.0
m[0,421] = 1.0
m[0,422] = 1.0
m[0,423] = 1.0
m[0,424] = 1.0
m[0,425] = 1.0
m[0,426] = 1.0
m[0,427] = 1.0
m[0,428] = 1.0
m[0,429] = 1.0
m[0,430] = 1.0
m[0,431] = 1.0
m[0,432] = 1.0
m[0,433] = 1.0
m[0,434] = 1.0
m[0,435] = 1.0
m[0,436] = 1.0
m[0,437] = 1.0
m[0,438] = 1.0
m[0,439] = 1.0
m[0,440] = 1.0
m[0,441] = 1.0
m[0,442] = 1.0
m[0,443] = 1.0
m[0,444] = 1.0
m[0,445] = 1.0
m[0,446] = 1.0
m[0,447] = 1.0
m[0,448] = 1.0
m[0,449] = 1.0
m[0,450] = 1.0
m[0,451] = 1.0
m[0,452] = 1.0
m[0,453] = 1.0
m[0,454] = 1.0
m[0,455] = 1.0
m[0,456] = 1.0
m[0,457] = 1.0
m[0,458] = 1.0
m[0,459] = 1.0
m[0,460] = 1.0
m[0,461] = 1.0
m[0,462] = 1.0
m[0,463] = 1.0
m[0,464] = 1.0
m[0,465] = 1.0
m[0,466] = 1.0
m[0,467] = 1.0
m[0,468] = 1.0
m[0,469] = 1.0
m[0,470] = 1.0
u[0] = 1.0
u[1] = 0.5714285714285715
o_u[0,0] = 0.25
o_u[0,1] = 0.25
o_u[0,2] = 0.25
o_u[0,3] = 0.25
o_u[1,0] = 0.14285714285714307
o_u[1,1] = 0.28571428571428586
o_u[1,2] = 0.28571428571428564
o_u[1,3] = 0.28571428571428537
------------------------------------------------------------------------
------------------------------------------------------------------------
Saved hierarchical tree visualization to milp_tree_levels.png
THIS IS THE INITIAL CORRECTNESS 0.9988626023657872
THIS IS THE INITIAL EXPLAINABILITY 8.035714285714285
Inside find_pareto_solution_more_e
----------------------------------
THE CURRENT CORRECTNESS IS: 0.9988626023657872, AND THE CURRENT EXPLAINABILITY IS: 8.035714285714285
Gurobi Optimizer version 12.0.3 build v12.0.3rc0 (linux64 - "Ubuntu 22.04.5 LTS")

CPU model: AMD EPYC 7742 64-Core Processor, instruction set [SSE2|AVX|AVX2]
Thread count: 128 physical cores, 256 logical processors, using up to 32 threads

Optimize a model with 112710 rows, 27891 columns and 334930 nonzeros
Coefficient statistics:
  Matrix range     [1e+00, 5e+00]
  Objective range  [1e+00, 5e+00]
  Bounds range     [1e+00, 1e+00]
  RHS range        [1e+00, 1e+03]
LP warm-start: use basis

Iteration    Objective       Primal Inf.    Dual Inf.      Time
       0    4.7850000e+02   1.125000e+00   0.000000e+00      0s
    3979    4.7736905e+02   0.000000e+00   0.000000e+00      1s

Solved in 3979 iterations and 0.60 seconds (0.93 work units)
Optimal objective  4.773690476e+02
Objective value: 477.36904761904765
lam[0,0] = 0.1547619047619051
lam[0,1] = 0.3452380952380949
lam[0,2] = 0.3452380952380949
lam[0,3] = 0.1547619047619051
lam[1,0] = 0.0
lam[1,1] = 0.5
lam[1,2] = 0.5
lam[1,3] = 0.0
tau[0,0,1] = 0.5
tau[0,0,L0] = 0.3452380952380949
tau[0,0,L1] = 0.3452380952380949
tau[0,0,L2] = 0.4642857142857153
tau[0,1,1] = 0.5
tau[0,1,L0] = 0.3452380952380949
tau[0,1,L1] = 0.5
tau[0,1,L2] = 0.3095238095238102
tau[0,2,1] = 0.5
tau[0,2,L0] = 0.3452380952380949
tau[0,2,L1] = 0.3452380952380949
tau[0,2,L2] = 0.4642857142857153
tau[0,3,1] = 0.0
tau[0,3,L0] = 0.0
tau[0,3,L1] = 0.0
tau[0,3,L2] = 0.0
tau[0,4,1] = 0.0
tau[0,4,L0] = 0.0
tau[0,4,L1] = 0.0
tau[0,4,L2] = 0.0
tau[0,5,1] = 0.0
tau[0,5,L0] = 0.0
tau[0,5,L1] = 0.0
tau[0,5,L2] = 0.0
tau[1,0,L0] = 0.5
tau[1,0,L1] = 0.5
tau[1,0,L2] = 0.5
tau[1,1,L0] = 0.5
tau[1,1,L1] = 0.1904761904761898
tau[1,1,L2] = 0.8095238095238102
tau[1,2,L0] = 0.5
tau[1,2,L1] = 0.5
tau[1,2,L2] = 0.5
tau[1,3,L0] = 0.0
tau[1,3,L1] = 0.0
tau[1,3,L2] = 0.0
tau[1,4,L0] = 0.0
tau[1,4,L1] = 0.0
tau[1,4,L2] = 0.0
tau[1,5,L0] = 0.0
tau[1,5,L1] = 0.0
tau[1,5,L2] = 0.0
m[0,0] = 1.0
m[0,1] = 1.0
m[0,2] = 1.0
m[0,3] = 0.9642857142857153
m[0,4] = 1.0
m[0,5] = 1.0
m[0,6] = 1.0
m[0,7] = 0.8452380952380949
m[0,8] = 1.0
m[0,9] = 1.0
m[0,10] = 1.0
m[0,11] = 1.0
m[0,12] = 1.0
m[0,13] = 1.0
m[0,14] = 1.0
m[0,15] = 1.0
m[0,16] = 1.0
m[0,17] = 1.0
m[0,18] = 1.0
m[0,19] = 1.0
m[0,20] = 1.0
m[0,21] = 1.0
m[0,22] = 1.0
m[0,23] = 1.0
m[0,24] = 1.0
m[0,25] = 1.0
m[0,26] = 1.0
m[0,27] = 1.0
m[0,28] = 1.0
m[0,29] = 1.0
m[0,30] = 1.0
m[0,31] = 1.0
m[0,32] = 1.0
m[0,33] = 1.0
m[0,34] = 1.0
m[0,35] = 1.0
m[0,36] = 1.0
m[0,37] = 1.0
m[0,38] = 1.0
m[0,39] = 1.0
m[0,40] = 1.0
m[0,41] = 1.0
m[0,42] = 1.0
m[0,43] = 1.0
m[0,44] = 1.0
m[0,45] = 1.0
m[0,46] = 1.0
m[0,47] = 1.0
m[0,48] = 1.0
m[0,49] = 1.0
m[0,50] = 1.0
m[0,51] = 1.0
m[0,52] = 0.9642857142857153
m[0,53] = 1.0
m[0,54] = 1.0
m[0,55] = 1.0
m[0,56] = 1.0
m[0,57] = 1.0
m[0,58] = 1.0
m[0,59] = 1.0
m[0,60] = 1.0
m[0,61] = 1.0
m[0,62] = 1.0
m[0,63] = 1.0
m[0,64] = 1.0
m[0,65] = 1.0
m[0,66] = 1.0
m[0,67] = 1.0
m[0,68] = 1.0
m[0,69] = 1.0
m[0,70] = 1.0
m[0,71] = 1.0
m[0,72] = 1.0
m[0,73] = 1.0
m[0,74] = 1.0
m[0,75] = 1.0
m[0,76] = 1.0
m[0,77] = 1.0
m[0,78] = 1.0
m[0,79] = 1.0
m[0,80] = 1.0
m[0,81] = 1.0
m[0,82] = 1.0
m[0,83] = 1.0
m[0,84] = 1.0
m[0,85] = 1.0
m[0,86] = 1.0
m[0,87] = 1.0
m[0,88] = 1.0
m[0,89] = 1.0
m[0,90] = 1.0
m[0,91] = 1.0
m[0,92] = 1.0
m[0,93] = 1.0
m[0,94] = 1.0
m[0,95] = 1.0
m[0,96] = 1.0
m[0,97] = 1.0
m[0,98] = 1.0
m[0,99] = 0.8452380952380949
m[0,100] = 1.0
m[0,101] = 1.0
m[0,102] = 1.0
m[0,103] = 1.0
m[0,104] = 1.0
m[0,105] = 1.0
m[0,106] = 1.0
m[0,107] = 1.0
m[0,108] = 1.0
m[0,109] = 1.0
m[0,110] = 1.0
m[0,111] = 1.0
m[0,112] = 1.0
m[0,113] = 1.0
m[0,114] = 1.0
m[0,115] = 1.0
m[0,116] = 1.0
m[0,117] = 0.9642857142857153
m[0,118] = 1.0
m[0,119] = 1.0
m[0,120] = 1.0
m[0,121] = 1.0
m[0,122] = 1.0
m[0,123] = 1.0
m[0,124] = 1.0
m[0,125] = 1.0
m[0,126] = 1.0
m[0,127] = 1.0
m[0,128] = 0.9642857142857153
m[0,129] = 1.0
m[0,130] = 1.0
m[0,131] = 1.0
m[0,132] = 1.0
m[0,133] = 1.0
m[0,134] = 1.0
m[0,135] = 1.0
m[0,136] = 1.0
m[0,137] = 1.0
m[0,138] = 1.0
m[0,139] = 1.0
m[0,140] = 1.0
m[0,141] = 1.0
m[0,142] = 1.0
m[0,143] = 1.0
m[0,144] = 1.0
m[0,145] = 1.0
m[0,146] = 0.8452380952380949
m[0,147] = 1.0
m[0,148] = 1.0
m[0,149] = 1.0
m[0,150] = 1.0
m[0,151] = 1.0
m[0,152] = 0.8452380952380949
m[0,153] = 1.0
m[0,154] = 1.0
m[0,155] = 1.0
m[0,156] = 1.0
m[0,157] = 1.0
m[0,158] = 0.8452380952380949
m[0,159] = 1.0
m[0,160] = 1.0
m[0,161] = 1.0
m[0,162] = 1.0
m[0,163] = 1.0
m[0,164] = 1.0
m[0,165] = 1.0
m[0,166] = 1.0
m[0,167] = 1.0
m[0,168] = 1.0
m[0,169] = 1.0
m[0,170] = 1.0
m[0,171] = 0.8452380952380949
m[0,172] = 1.0
m[0,173] = 1.0
m[0,174] = 1.0
m[0,175] = 1.0
m[0,176] = 1.0
m[0,177] = 1.0
m[0,178] = 1.0
m[0,179] = 1.0
m[0,180] = 1.0
m[0,181] = 1.0
m[0,182] = 1.0
m[0,183] = 1.0
m[0,184] = 1.0
m[0,185] = 1.0
m[0,186] = 1.0
m[0,187] = 1.0
m[0,188] = 1.0
m[0,189] = 1.0
m[0,190] = 1.0
m[0,191] = 1.0
m[0,192] = 1.0
m[0,193] = 1.0
m[0,194] = 1.0
m[0,195] = 1.0
m[0,196] = 1.0
m[0,197] = 1.0
m[0,198] = 1.0
m[0,199] = 0.8452380952380949
m[0,200] = 1.0
m[0,201] = 1.0
m[0,202] = 1.0
m[0,203] = 1.0
m[0,204] = 1.0
m[0,205] = 1.0
m[0,206] = 1.0
m[0,207] = 1.0
m[0,208] = 1.0
m[0,209] = 1.0
m[0,210] = 1.0
m[0,211] = 1.0
m[0,212] = 0.9642857142857153
m[0,213] = 1.0
m[0,214] = 1.0
m[0,215] = 1.0
m[0,216] = 1.0
m[0,217] = 1.0
m[0,218] = 1.0
m[0,219] = 1.0
m[0,220] = 1.0
m[0,221] = 1.0
m[0,222] = 1.0
m[0,223] = 1.0
m[0,224] = 1.0
m[0,225] = 1.0
m[0,226] = 1.0
m[0,227] = 1.0
m[0,228] = 1.0
m[0,229] = 1.0
m[0,230] = 1.0
m[0,231] = 1.0
m[0,232] = 1.0
m[0,233] = 1.0
m[0,234] = 1.0
m[0,235] = 1.0
m[0,236] = 1.0
m[0,237] = 1.0
m[0,238] = 0.9642857142857153
m[0,239] = 1.0
m[0,240] = 1.0
m[0,241] = 1.0
m[0,242] = 1.0
m[0,243] = 1.0
m[0,244] = 1.0
m[0,245] = 1.0
m[0,246] = 1.0
m[0,247] = 1.0
m[0,248] = 1.0
m[0,249] = 1.0
m[0,250] = 1.0
m[0,251] = 1.0
m[0,252] = 1.0
m[0,253] = 1.0
m[0,254] = 1.0
m[0,255] = 1.0
m[0,256] = 1.0
m[0,257] = 1.0
m[0,258] = 1.0
m[0,259] = 1.0
m[0,260] = 0.9642857142857153
m[0,261] = 1.0
m[0,262] = 1.0
m[0,263] = 1.0
m[0,264] = 1.0
m[0,265] = 1.0
m[0,266] = 1.0
m[0,267] = 1.0
m[0,268] = 1.0
m[0,269] = 1.0
m[0,270] = 1.0
m[0,271] = 1.0
m[0,272] = 1.0
m[0,273] = 1.0
m[0,274] = 1.0
m[0,275] = 1.0
m[0,276] = 1.0
m[0,277] = 1.0
m[0,278] = 1.0
m[0,279] = 1.0
m[0,280] = 1.0
m[0,281] = 1.0
m[0,282] = 1.0
m[0,283] = 1.0
m[0,284] = 1.0
m[0,285] = 1.0
m[0,286] = 1.0
m[0,287] = 1.0
m[0,288] = 1.0
m[0,289] = 1.0
m[0,290] = 1.0
m[0,291] = 1.0
m[0,292] = 1.0
m[0,293] = 1.0
m[0,294] = 1.0
m[0,295] = 1.0
m[0,296] = 1.0
m[0,297] = 1.0
m[0,298] = 1.0
m[0,299] = 1.0
m[0,300] = 1.0
m[0,301] = 1.0
m[0,302] = 1.0
m[0,303] = 1.0
m[0,304] = 0.8452380952380949
m[0,305] = 1.0
m[0,306] = 1.0
m[0,307] = 1.0
m[0,308] = 1.0
m[0,309] = 1.0
m[0,310] = 1.0
m[0,311] = 1.0
m[0,312] = 1.0
m[0,313] = 1.0
m[0,314] = 1.0
m[0,315] = 1.0
m[0,316] = 1.0
m[0,317] = 0.9642857142857153
m[0,318] = 1.0
m[0,319] = 1.0
m[0,320] = 0.8452380952380949
m[0,321] = 1.0
m[0,322] = 1.0
m[0,323] = 1.0
m[0,324] = 1.0
m[0,325] = 1.0
m[0,326] = 1.0
m[0,327] = 0.8452380952380949
m[0,328] = 1.0
m[0,329] = 1.0
m[0,330] = 1.0
m[0,331] = 1.0
m[0,332] = 0.9642857142857153
m[0,333] = 1.0
m[0,334] = 1.0
m[0,335] = 1.0
m[0,336] = 1.0
m[0,337] = 1.0
m[0,338] = 1.0
m[0,339] = 1.0
m[0,340] = 1.0
m[0,341] = 1.0
m[0,342] = 0.8452380952380949
m[0,343] = 1.0
m[0,344] = 1.0
m[0,345] = 1.0
m[0,346] = 1.0
m[0,347] = 1.0
m[0,348] = 0.8452380952380949
m[0,349] = 1.0
m[0,350] = 1.0
m[0,351] = 1.0
m[0,352] = 1.0
m[0,353] = 1.0
m[0,354] = 1.0
m[0,355] = 1.0
m[0,356] = 1.0
m[0,357] = 1.0
m[0,358] = 1.0
m[0,359] = 1.0
m[0,360] = 1.0
m[0,361] = 1.0
m[0,362] = 1.0
m[0,363] = 1.0
m[0,364] = 1.0
m[0,365] = 1.0
m[0,366] = 1.0
m[0,367] = 1.0
m[0,368] = 1.0
m[0,369] = 1.0
m[0,370] = 1.0
m[0,371] = 1.0
m[0,372] = 1.0
m[0,373] = 0.9642857142857153
m[0,374] = 1.0
m[0,375] = 1.0
m[0,376] = 1.0
m[0,377] = 1.0
m[0,378] = 1.0
m[0,379] = 1.0
m[0,380] = 1.0
m[0,381] = 1.0
m[0,382] = 1.0
m[0,383] = 1.0
m[0,384] = 1.0
m[0,385] = 1.0
m[0,386] = 1.0
m[0,387] = 1.0
m[0,388] = 1.0
m[0,389] = 1.0
m[0,390] = 1.0
m[0,391] = 1.0
m[0,392] = 1.0
m[0,393] = 1.0
m[0,394] = 1.0
m[0,395] = 1.0
m[0,396] = 1.0
m[0,397] = 1.0
m[0,398] = 1.0
m[0,399] = 1.0
m[0,400] = 1.0
m[0,401] = 1.0
m[0,402] = 1.0
m[0,403] = 1.0
m[0,404] = 1.0
m[0,405] = 1.0
m[0,406] = 1.0
m[0,407] = 1.0
m[0,408] = 1.0
m[0,409] = 1.0
m[0,410] = 1.0
m[0,411] = 0.9642857142857153
m[0,412] = 1.0
m[0,413] = 1.0
m[0,414] = 1.0
m[0,415] = 1.0
m[0,416] = 1.0
m[0,417] = 1.0
m[0,418] = 1.0
m[0,419] = 1.0
m[0,420] = 1.0
m[0,421] = 1.0
m[0,422] = 1.0
m[0,423] = 1.0
m[0,424] = 1.0
m[0,425] = 1.0
m[0,426] = 0.9642857142857153
m[0,427] = 1.0
m[0,428] = 1.0
m[0,429] = 1.0
m[0,430] = 1.0
m[0,431] = 1.0
m[0,432] = 1.0
m[0,433] = 0.9642857142857153
m[0,434] = 1.0
m[0,435] = 1.0
m[0,436] = 1.0
m[0,437] = 0.8452380952380949
m[0,438] = 1.0
m[0,439] = 0.8452380952380949
m[0,440] = 0.9642857142857153
m[0,441] = 1.0
m[0,442] = 1.0
m[0,443] = 1.0
m[0,444] = 1.0
m[0,445] = 1.0
m[0,446] = 1.0
m[0,447] = 1.0
m[0,448] = 1.0
m[0,449] = 1.0
m[0,450] = 1.0
m[0,451] = 1.0
m[0,452] = 1.0
m[0,453] = 1.0
m[0,454] = 1.0
m[0,455] = 1.0
m[0,456] = 1.0
m[0,457] = 1.0
m[0,458] = 1.0
m[0,459] = 1.0
m[0,460] = 1.0
m[0,461] = 1.0
m[0,462] = 1.0
m[0,463] = 1.0
m[0,464] = 1.0
m[0,465] = 1.0
m[0,466] = 1.0
m[0,467] = 1.0
m[0,468] = 1.0
m[0,469] = 1.0
m[0,470] = 1.0
u[0] = 1.0
u[1] = 0.5
o_u[0,0] = 0.1547619047619051
o_u[0,1] = 0.3452380952380949
o_u[0,2] = 0.3452380952380949
o_u[0,3] = 0.1547619047619051
o_u[1,0] = 0.0
o_u[1,1] = 0.5
o_u[1,2] = 0.5
o_u[1,3] = 0.0
THE NEW CORRECTNESS IS: 0.9943382873319179, AND THE NEW EXPLAINABILITY IS: 9.035714285714285
************************************************************
New pareto points added, correctness = 0.9943382873319179 , explainability = 9.035714285714285
App ending 1......
End of find_pareto_solution_more_e 4 @@@@@@@@@@@@@
Inside find_pareto_solution_more_e
----------------------------------
THE CURRENT CORRECTNESS IS: 0.9943382873319179, AND THE CURRENT EXPLAINABILITY IS: 9.035714285714285
Gurobi Optimizer version 12.0.3 build v12.0.3rc0 (linux64 - "Ubuntu 22.04.5 LTS")

CPU model: AMD EPYC 7742 64-Core Processor, instruction set [SSE2|AVX|AVX2]
Thread count: 128 physical cores, 256 logical processors, using up to 32 threads

Optimize a model with 112710 rows, 27891 columns and 334930 nonzeros
Model fingerprint: 0x307bc211
Coefficient statistics:
  Matrix range     [1e+00, 5e+00]
  Objective range  [1e+00, 5e+00]
  Bounds range     [1e+00, 1e+00]
  RHS range        [1e+00, 1e+03]
Presolve removed 95220 rows and 22494 columns
Presolve time: 0.06s
Presolved: 17490 rows, 5397 columns, 49369 nonzeros

Concurrent LP optimizer: primal simplex, dual simplex, and barrier
Showing barrier log only...

Ordering time: 0.00s

Barrier statistics:
 Dense cols : 1
 Free vars  : 2
 AA' NZ     : 7.096e+03
 Factor NZ  : 1.786e+04 (roughly 3 MB of memory)
 Factor Ops : 3.252e+05 (less than 1 second per iteration)
 Threads    : 1

                  Objective                Residual
Iter       Primal          Dual         Primal    Dual     Compl     Time
   0   9.83727629e+03  4.30094428e+02  3.48e+02 2.85e+00  3.74e+01     0s
   1   6.78047327e+03  4.69354822e+02  1.95e-01 1.67e+00  5.51e+00     0s
   2   4.39082499e+03  4.68150779e+02  2.30e-02 5.25e-01  1.77e+00     0s
   3   3.13295212e+03  4.41751707e+02  9.55e-03 3.46e-01  1.03e+00     0s
   4   1.50527460e+03  4.24173496e+02  8.54e-04 1.73e-01  4.07e-01     0s
   5   8.25078201e+02  4.14873752e+02  2.17e-04 7.45e-02  1.57e-01     0s
   6   6.50288673e+02  4.16844977e+02  1.22e-04 5.17e-02  1.00e-01     0s
   7   6.17068774e+02  4.16066188e+02  1.06e-04 3.77e-02  7.88e-02     0s
   8   5.48332648e+02  4.09907912e+02  7.60e-05 2.62e-02  5.62e-02     0s
   9   4.52965427e+02  4.01039378e+02  3.52e-05 1.94e-02  3.49e-02     0s
  10   3.76265289e+02  3.90416968e+02  3.78e-05 9.42e-03  1.23e-02     0s
  11   3.42998122e+02  3.90461968e+02  2.74e-05 9.24e-03  1.23e-02     0s
  12   2.75944001e+02  3.90351480e+02  2.07e-05 9.14e-03  1.24e-02     0s
  13  -1.20111027e+04  3.90355973e+02  1.85e-05 9.15e-03  7.79e-03     0s
  14  -5.96565702e+07  3.89815870e+02  1.90e-05 9.45e-03  6.07e+02     0s
  15   9.83727629e+03  4.30094428e+02  3.48e+02 2.85e+00  3.74e+01     0s
  16   7.45856082e+02  4.75614706e+02  9.91e+00 5.86e-01  1.01e-01     0s
  17   5.34584009e+02  4.76319763e+02  2.11e+00 2.95e-01  2.09e-02     0s
  18   4.87082454e+02  4.77082726e+02  3.56e-01 7.40e-02  4.02e-03     0s
  19   4.76483666e+02  4.76680271e+02  7.48e-04 4.82e-02  1.46e-02     0s
  20   4.67454418e+02  4.68055343e+02  5.75e-04 3.86e-02  1.34e-02     0s
  21   4.64443138e+02  4.65504206e+02  4.95e-04 3.83e-02  1.24e-02     0s
  22   4.55324661e+02  4.53171303e+02  6.39e-04 3.37e-02  1.53e-02     0s
  23   4.49029534e+02  4.44167855e+02  6.56e-04 3.03e-02  1.60e-02     0s
  24   4.46457866e+02  4.35046206e+02  4.70e-04 2.98e-02  1.62e-02     0s
  25   4.25825784e+02  4.17803683e+02  7.49e-04 2.08e-02  1.20e-02     0s
  26   4.14153493e+02  4.04052100e+02  6.62e-04 1.37e-02  9.35e-03     0s
  27   4.00524697e+02  3.98857125e+02  1.02e-03 1.13e-02  9.15e-03     0s
  28   3.99126192e+02  3.98547785e+02  7.44e-04 1.15e-02  1.25e-02     0s
  29   3.95910981e+02  3.96181162e+02  1.18e-03 1.13e-02  1.74e-02     0s
  30   3.89745197e+02  3.72690756e+02  2.40e-03 1.13e-02  3.21e-02     0s
  31   3.63524637e+02  3.26341289e+02  3.65e-03 1.13e-02  6.69e-02     0s
  32   2.95652641e+02  2.83494911e+02  1.24e-02 1.13e-02  1.42e-01     0s
  33   2.49848009e+02  2.48271419e+02  1.39e-02 1.13e-02  2.56e-01     0s
  34   1.38186530e+02  2.08974438e+02  2.08e-02 1.13e-02  9.06e-01     0s
  35  -3.14782339e+01  1.75384080e+02  2.09e-01 1.13e-02  2.13e+01     0s
  36* -2.11482833e+04  1.97112021e+02  1.20e-05 3.46e-07  1.47e-08     0s
  37* -2.12970364e+10  1.97107972e+02  1.45e-08 3.51e-13  1.47e-14     0s

Barrier performed 37 iterations in 0.15 seconds (0.17 work units)
Unbounded model


Solved with barrier
Concurrent LP optimizer: primal simplex, dual simplex, and barrier
Showing barrier log only...

Ordering time: 0.01s

Barrier statistics:
 Dense cols : 27
 AA' NZ     : 9.812e+04
 Factor NZ  : 2.755e+05 (roughly 12 MB of memory)
 Factor Ops : 5.335e+06 (less than 1 second per iteration)
 Threads    : 30

                  Objective                Residual
Iter       Primal          Dual         Primal    Dual     Compl     Time
   0   2.22950354e+04  1.77498002e+04  2.06e+04 9.16e-01  1.41e+02     0s
   1   6.46531201e+03  3.62248322e+04  5.66e+03 4.17e-02  4.02e+01     0s
   2   6.13972634e+02  3.27393233e+04  1.34e+02 1.47e-02  2.05e+00     0s
   3   5.55998528e+02  1.74772525e+04  8.86e+01 6.04e-03  9.86e-01     0s
   4   5.20946432e+02  1.39943281e+04  7.14e+01 4.51e-03  7.40e-01     0s
   5   5.05759409e+02  1.27423538e+04  6.50e+01 3.96e-03  6.61e-01     0s
   6   4.89628941e+02  1.18823848e+04  5.87e+01 3.64e-03  6.03e-01     0s
   7   4.35922528e+02  7.59310702e+03  3.74e+01 2.15e-03  3.72e-01     0s
   8   4.29224984e+02  5.33077087e+03  3.45e+01 1.45e-03  2.76e-01     0s
   9   3.82906166e+02  3.89797582e+03  1.72e+01 1.05e-03  1.77e-01     0s
  10   3.59630222e+02  2.64032715e+03  7.28e+00 6.99e-04  1.05e-01     0s
  11   3.38875013e+02  1.25976299e+03  2.05e+00 2.72e-04  4.03e-02     0s
  12   3.44048077e+02  5.43954188e+02  1.44e+00 6.62e-05  1.30e-02     0s
  13   3.54469786e+02  2.82958101e+02  1.04e+00 1.57e-05  5.67e-03     0s
  14   3.55299035e+02  6.97510607e+01  1.00e+00 1.27e-05  5.65e-03     0s
  15   3.55554368e+02 -3.19967066e+04  9.94e-01 1.07e-05  1.15e-02     0s
  16   3.56527378e+02 -7.32577060e+04  9.66e-01 5.46e-06  1.41e-02     0s
  17   3.85526486e+02 -1.39338389e+05  1.07e-01 8.39e-06  1.15e-02     0s
  18   3.88395655e+02 -1.44689358e+05  3.55e-02 6.50e-07  1.13e-03     0s
  19   3.89343195e+02 -1.59427873e+05  3.57e-02 6.60e-07  5.89e-05     0s
  20   3.92432537e+02 -1.59467390e+05  4.37e-03 1.59e-08  5.22e-07     0s
  21   3.92452815e+02 -1.59471395e+05  4.39e-03 7.33e-07  3.21e-08     0s
  22   3.92452066e+02 -1.59490612e+05  4.39e-03 1.74e-07  2.19e-09     0s
  23   3.92459790e+02 -1.59493870e+05  4.38e-03 1.86e-07  2.02e-09     0s
  24   3.92457367e+02 -1.59494245e+05  4.39e-03 1.83e-07  2.55e-08     0s
  25   3.92380701e+02 -1.59501958e+05  4.54e-03 1.44e-07  6.07e-09     0s
  26   3.92438232e+02 -1.59502665e+05  4.44e-03 7.78e-07  3.85e-10     0s
  27   3.92480072e+02 -1.59503234e+05  4.30e-03 1.11e-06  4.65e-10     0s
  28   3.92448912e+02 -1.59506117e+05  4.46e-03 2.27e-06  1.11e-08     1s
  29   3.92444734e+02 -1.59508133e+05  4.34e-03 2.15e-06  2.05e-09     1s
  30   3.92459762e+02 -1.59517628e+05  4.42e-03 1.36e-06  2.75e-10     1s
  31   3.92469362e+02 -1.59519141e+05  4.14e-03 1.43e-06  7.65e-09     1s
  32   3.92468258e+02 -1.59521050e+05  4.19e-03 1.31e-06  1.72e-08     1s
  33   3.92469172e+02 -1.59537499e+05  4.27e-03 9.51e-07  1.20e-08     1s
  34   3.92461443e+02 -1.59557238e+05  4.38e-03 7.87e-07  1.22e-09     1s
  35   3.92459121e+02 -1.59569662e+05  4.58e-03 7.54e-07  2.32e-11     1s
  36   3.92468355e+02 -1.59569440e+05  5.41e-03 6.80e-07  2.16e-08     1s
  37   3.92468356e+02 -1.59569856e+05  5.41e-03 9.91e-07  4.42e-09     1s
  38   3.92479723e+02 -1.59569987e+05  5.46e-03 9.51e-07  4.32e-09     1s
  39   3.92428334e+02 -1.59570276e+05  5.43e-03 9.31e-07  1.07e-09     1s
  40   3.92381533e+02 -1.59570298e+05  5.32e-03 9.31e-07  1.04e-07     1s
  41   3.92413298e+02 -1.59570286e+05  5.09e-03 9.15e-07  5.12e-07     1s
  42   3.92458955e+02 -1.59569194e+05  4.52e-03 3.17e-08  2.18e-07     1s
  43   3.92457967e+02 -1.59576165e+05  4.51e-03 3.91e-08  2.05e-07     1s
  44   3.91881638e+02 -1.59454422e+05  4.77e-03 9.31e-09  2.51e-07     1s
  45   3.92152984e+02 -1.59845049e+05  4.42e-03 9.31e-09  1.98e-07     1s
  46   3.92506104e+02 -1.60938219e+05  3.65e-03 1.19e-08  1.21e-07     1s

Barrier performed 46 iterations in 0.77 seconds (0.50 work units)
Numerical trouble encountered

Model may be infeasible or unbounded.  Consider using the
homogeneous algorithm (through parameter 'BarHomogeneous')


Solved with dual simplex

Solved in 7255 iterations and 1.83 seconds (1.27 work units)
Infeasible model
[INFO] Model became infeasible under the new cuts.
End of find_pareto_solution_more_e 2 @@@@@@@@@@@
Inside find_pareto_solution_more_c
Gurobi Optimizer version 12.0.3 build v12.0.3rc0 (linux64 - "Ubuntu 22.04.5 LTS")

CPU model: AMD EPYC 7742 64-Core Processor, instruction set [SSE2|AVX|AVX2]
Thread count: 128 physical cores, 256 logical processors, using up to 32 threads

Optimize a model with 112710 rows, 27891 columns and 334930 nonzeros
Coefficient statistics:
  Matrix range     [1e+00, 5e+00]
  Objective range  [1e+00, 5e+00]
  Bounds range     [1e+00, 1e+00]
  RHS range        [1e+00, 1e+03]
LP warm-start: use basis

Iteration    Objective       Primal Inf.    Dual Inf.      Time
       0    4.7850000e+02   1.125000e+00   0.000000e+00      0s

Solved in 162 iterations and 0.16 seconds (0.08 work units)
Infeasible model
[INFO] Model became infeasible under the new cuts.
End of find_pareto_solution_more_c 1 |||||||||||||||||
[0.9943382873319179, 9.035714285714285]
Printing original list
[0.9943382873319179, 9.035714285714285]
Printing list after change
[0.9943382873319179, 9.035714285714285]
App ending 3....................... c = 0.9988626023657872 , e = 8.035714285714285

 Total time taken: 14.781911611557007 seconds