I AM STARTING --------------------
[]
NOW I AM GOING TO SOLVE THE MODEL FOR FIRST SOLUTION
Gurobi Optimizer version 12.0.3 build v12.0.3rc0 (linux64 - "Ubuntu 22.04.5 LTS")

CPU model: AMD EPYC 7742 64-Core Processor, instruction set [SSE2|AVX|AVX2]
Thread count: 128 physical cores, 256 logical processors, using up to 32 threads

Optimize a model with 106711 rows, 25034 columns and 327014 nonzeros
Model fingerprint: 0xec03782e
Variable types: 24926 continuous, 108 integer (0 binary)
Coefficient statistics:
  Matrix range     [1e+00, 3e+00]
  Objective range  [1e+00, 3e+00]
  Bounds range     [1e+00, 1e+00]
  RHS range        [1e+00, 1e+03]
Presolve removed 84342 rows and 18963 columns
Presolve time: 1.27s
Presolved: 22369 rows, 6071 columns, 94900 nonzeros
Variable types: 5289 continuous, 782 integer (782 binary)
Found heuristic solution: objective 125.0000000
Found heuristic solution: objective 134.0000000

Root relaxation: objective 1.915000e+02, 6886 iterations, 1.11 seconds (1.33 work units)
Total elapsed time = 6.34s (DegenMoves)

    Nodes    |    Current Node    |     Objective Bounds      |     Work
 Expl Unexpl |  Obj  Depth IntInf | Incumbent    BestBd   Gap | It/Node Time

     0     0  191.50000    0  187  134.00000  191.50000  42.9%     -    8s
H    0     0                     150.0000000  191.50000  27.7%     -    8s
H    0     0                     159.0000000  190.00000  19.5%     -   11s
     0     0  190.00000    0  305  159.00000  190.00000  19.5%     -   11s
H    0     0                     172.0000000  190.00000  10.5%     -   12s
     0     0  190.00000    0  325  172.00000  190.00000  10.5%     -   12s
H    0     0                     174.0000000  190.00000  9.20%     -   12s
H    0     0                     178.0000000  190.00000  6.74%     -   12s
     0     0  190.00000    0  323  178.00000  190.00000  6.74%     -   13s
     0     0  190.00000    0   23  178.00000  190.00000  6.74%     -   17s
     0     0  190.00000    0   23  178.00000  190.00000  6.74%     -   22s
     0     2  190.00000    0   23  178.00000  190.00000  6.74%     -   29s
     1     4  190.00000    1   23  178.00000  190.00000  6.74%  7403   30s
     3     8  190.00000    2  213  178.00000  190.00000  6.74%  3209   35s
H   31    60                     179.0000000  190.00000  6.15%  1651   39s
    61    90  189.00000    6  330  179.00000  190.00000  6.15%  1455   40s
   161   229  189.00000    9   64  179.00000  190.00000  6.15%  1149   45s
H  174   229                     181.0000000  190.00000  4.97%  1106   45s
H  490   412                     182.0000000  190.00000  4.40%   702   46s
  1157   680  188.50000   18  146  182.00000  190.00000  4.40%   517   50s
  2363  1012  182.50000   13   63  182.00000  189.66667  4.21%   464   55s
* 3662  1285              18     183.0000000  189.00000  3.28%   425   58s
  4211  1444     cutoff   18       183.00000  189.00000  3.28%   417   60s
* 6386  1885              18     184.0000000  189.00000  2.72%   401   63s
  6642  1883  188.41667   10   23  184.00000  189.00000  2.72%   400   69s
  6644  1884  186.00000   12  180  184.00000  189.00000  2.72%   400   76s
  6645  1885  188.00000   13   75  184.00000  189.00000  2.72%   400   85s
  6647  1886  188.00000   12   77  184.00000  189.00000  2.72%   400   91s
  6649  1888  188.38462   12  162  184.00000  189.00000  2.72%   400  103s
  6650  1888  188.00000   10  336  184.00000  189.00000  2.72%   400  106s
  6651  1889  186.12500   13  124  184.00000  189.00000  2.72%   400  114s
  6652  1890  188.00000   13   32  184.00000  189.00000  2.72%   400  119s
  6653  1890  186.08333   18   32  184.00000  189.00000  2.72%   400  121s
  6654  1894  189.00000   16  145  184.00000  189.00000  2.72%   417  127s
  6660  1904  189.00000   18   94  184.00000  189.00000  2.72%   418  131s
  6684  1944  189.00000   20  130  184.00000  189.00000  2.72%   423  135s
  6940  2086  188.94326   25  265  184.00000  189.00000  2.72%   438  140s
  7369  2112  188.40000   30  157  184.00000  189.00000  2.72%   458  145s
  7714  2132  188.90000   27  110  184.00000  189.00000  2.72%   466  150s
  7806  2145  188.00000   29  147  184.00000  189.00000  2.72%   469  156s
  7891  2148  187.66667   31  162  184.00000  189.00000  2.72%   471  163s
  8016  2158  186.84615   34  137  184.00000  189.00000  2.72%   472  166s
  8433  2146  189.00000   26  147  184.00000  189.00000  2.72%   476  170s
  9486  2098  187.46667   32  221  184.00000  189.00000  2.72%   479  175s
 10709  1985  187.50000   24  246  184.00000  189.00000  2.72%   482  180s
 11629  1829  188.50000   28   97  184.00000  189.00000  2.72%   483  185s
 13483  2090  185.00000   41  171  184.00000  189.00000  2.72%   477  190s
 15411  2500  187.33333   35  115  184.00000  189.00000  2.72%   480  195s
 16928  2870     cutoff   34       184.00000  189.00000  2.72%   492  200s
 18590  3332  187.00000   31  177  184.00000  189.00000  2.72%   499  205s
 19541  3471  184.40000   37  266  184.00000  188.92683  2.68%   506  215s
 20086  3717  187.64000   33  361  184.00000  188.92683  2.68%   507  221s
 21251  4105  187.25000   34  214  184.00000  188.80000  2.61%   512  226s
 22591  4475  187.66667   31  133  184.00000  188.75000  2.58%   518  232s
 23388  4717  187.00000   25   76  184.00000  188.70213  2.56%   520  235s
 24814  5064  187.88889   32  162  184.00000  188.60714  2.50%   525  240s
 26974  5360     cutoff   34       184.00000  188.50000  2.45%   525  246s
 29519  5691     cutoff   32       184.00000  188.36667  2.37%   522  253s
 31046  5833  187.50000   26  110  184.00000  188.33333  2.36%   521  255s
 32739  6073  187.00000   32  239  184.00000  188.00000  2.17%   520  260s
 35631  6311     cutoff   34       184.00000  188.00000  2.17%   519  265s
 38323  6528  187.75000   28  206  184.00000  188.00000  2.17%   518  271s
 40103  6754  184.50000   37  176  184.00000  188.00000  2.17%   518  277s
 41648  6951     cutoff   36       184.00000  188.00000  2.17%   518  280s
 44945  7284  187.00000   30  193  184.00000  188.00000  2.17%   516  286s
 46595  7460  187.46667   25  332  184.00000  188.00000  2.17%   516  290s
 50031  7763  185.66667   34  145  184.00000  188.00000  2.17%   517  297s
 51638  7875  187.00000   33  154  184.00000  188.00000  2.17%   519  301s
 53410  8035  185.00000   38  110  184.00000  187.87500  2.11%   521  305s
 57178  8416  187.00000   36  189  184.00000  187.75000  2.04%   523  314s
 59152  8417  186.50000   29   23  184.00000  187.73057  2.03%   525  413s
 59154  8418  185.83333   37  194  184.00000  187.73057  2.03%   525  419s
 59155  8419  187.00000   30  123  184.00000  187.73057  2.03%   525  430s
 59157  8420  187.30000   35  164  184.00000  187.73057  2.03%   525  453s
 59158  8421  184.50000   29  337  184.00000  187.73057  2.03%   525  463s
 59159  8422  187.00000   25   81  184.00000  187.73057  2.03%   525  486s
 59160  8422  186.61111   36  332  184.00000  187.73057  2.03%   525  498s
 59161  8423  185.50000   36  134  184.00000  187.73057  2.03%   525  521s
 59162  8424  187.00000   33  350  184.00000  187.73057  2.03%   525  530s
 59163  8424  187.00000   36  153  184.00000  187.73057  2.03%   525  554s
 59164  8425  187.00000   30  153  184.00000  187.73057  2.03%   525  568s
 59165  8426  187.66667   30  153  184.00000  187.73057  2.03%   525  574s
 59166  8429  187.73057   28  100  184.00000  187.73057  2.03%   528  596s
 59168  8433  187.73057   29  215  184.00000  187.73057  2.03%   528  600s
 59180  8453  187.73057   31  165  184.00000  187.73057  2.03%   529  606s
 59228  8497  187.73057   33   79  184.00000  187.73057  2.03%   530  617s
 59260  8579  187.73057   34  175  184.00000  187.73057  2.03%   530  620s
 59411  8591  187.73057   36  236  184.00000  187.73057  2.03%   531  626s
 59541  8631  187.73057   37  121  184.00000  187.73057  2.03%   532  630s
 59865  8621  187.73057   38  175  184.00000  187.73057  2.03%   533  636s
 60121  8649  187.73057   41  124  184.00000  187.73057  2.03%   534  640s
 60273  8656     cutoff   42       184.00000  187.73057  2.03%   535  645s
 60529  8689  187.73057   40  128  184.00000  187.73057  2.03%   535  650s
 60982  8692  187.73057   42  124  184.00000  187.73057  2.03%   536  655s
 61709  8706  184.66667   49   55  184.00000  187.73057  2.03%   537  660s
 62564  8616  187.50000   43  304  184.00000  187.73057  2.03%   538  665s
 63605  8477  187.73057   41  127  184.00000  187.73057  2.03%   539  670s
 64691  8360  187.73057   38  112  184.00000  187.73057  2.03%   538  676s
 65792  8340     cutoff   46       184.00000  187.73057  2.03%   538  681s
 66675  8315  187.73057   42  224  184.00000  187.73057  2.03%   539  685s
 68297  8165     cutoff   45       184.00000  187.73057  2.03%   540  691s
 69401  8113     cutoff   41       184.00000  187.73057  2.03%   541  696s
 70579  7976  187.73057   44  102  184.00000  187.73057  2.03%   542  700s
 71916  7823  186.96364   41  335  184.00000  187.73057  2.03%   544  705s
 74411  7370  187.28571   50  210  184.00000  187.73057  2.03%   544  710s
 77208  6616     cutoff   42       184.00000  187.73057  2.03%   544  717s
 79335  6001  185.00000   48  110  184.00000  187.73057  2.03%   544  721s
 81587  5469  185.50000   47   94  184.00000  187.73057  2.03%   544  726s
 83511  5064  186.74074   46  269  184.00000  187.73057  2.03%   546  731s
 85563  5033  185.83333   47  261  184.00000  187.73057  2.03%   548  736s
 87918  5323  186.25000   46  260  184.00000  187.73057  2.03%   550  742s
 89204  5493  185.82500   47  340  184.00000  187.73057  2.03%   550  746s
 91965  5867  187.40476   47  324  184.00000  187.73057  2.03%   553  753s
 93355  5989  187.42391   48  357  184.00000  187.73057  2.03%   555  756s
 94833  6155  184.60000   49  287  184.00000  187.73057  2.03%   556  760s
 97690  6393  185.75000   44  171  184.00000  187.73057  2.03%   559  769s
 99314  6479  185.75000   48  252  184.00000  187.66667  1.99%   560  774s
 100933  6487  186.00000   45  200  184.00000  187.66667  1.99%   562  779s
 102583  6421     cutoff   51       184.00000  187.55556  1.93%   564  784s
 104378  6467     cutoff   45       184.00000  187.50000  1.90%   566  790s
 106137  6462     cutoff   51       184.00000  187.50000  1.90%   569  796s
 108012  6434  184.82692   43  182  184.00000  187.50000  1.90%   570  801s
 109997  6312  185.80000   47  297  184.00000  187.40000  1.85%   573  807s
 112158  6143  184.83333   51  241  184.00000  187.33333  1.81%   574  813s
 114855  6079  185.00000   54   35  184.00000  187.20000  1.74%   574  819s
 117465  5975 infeasible   51       184.00000  187.00000  1.63%   575  825s
 119857  5982     cutoff   47       184.00000  187.00000  1.63%   576  832s
 122157  6022     cutoff   49       184.00000  187.00000  1.63%   578  839s
 124310  6028  185.00000   39   50  184.00000  187.00000  1.63%   581  846s
 126542  6067  184.92271   50  176  184.00000  187.00000  1.63%   584  855s
 129311  6051     cutoff   45       184.00000  187.00000  1.63%   586  863s
 132107  6037  184.88889   47  291  184.00000  186.83333  1.54%   589  872s
 134921  5879  186.00000   55  233  184.00000  186.75000  1.49%   592  881s
 138004  5497     cutoff   56       184.00000  186.64894  1.44%   595  892s
 141063  5392  186.33333   55  230  184.00000  186.50000  1.36%   599  903s
 142248  5043     cutoff   53       184.00000  186.50000  1.36%   601  914s
 145002  4361  186.00000   50   96  184.00000  186.50000  1.36%   606  925s
 148803  3706     cutoff   43       184.00000  186.30000  1.25%   609  936s
 152784  3290     cutoff   53       184.00000  186.00000  1.09%   611  947s
 155803  2669  185.25000   42  322  184.00000  186.00000  1.09%   614  957s
 159561  1702  184.60000   47  233  184.00000  185.84545  1.00%   615  968s
 163390   291     cutoff   58       184.00000  185.71429  0.93%   617  978s
 166625     0  184.66667   56  246  184.00000  185.00000  0.54%   616  980s

Cutting planes:
  Gomory: 10
  Cover: 19
  Implied bound: 199
  Clique: 14
  MIR: 471
  Flow cover: 300
  Inf proof: 13
  Zero half: 25
  RLT: 1646
  Relax-and-lift: 15
  BQP: 1137

Explored 167087 nodes (102935041 simplex iterations) in 980.92 seconds (1468.91 work units)
Thread count was 32 (of 256 available processors)

Solution count 10: 184 184 183 ... 159

Optimal solution found (tolerance 1.00e-04)
Best objective 1.840000000000e+02, best bound 1.840000000000e+02, gap 0.0000%
Objective value: 184.0
lam[0,0] = 0.0
lam[0,1] = 0.0
lam[0,2] = 1.0
lam[0,3] = 0.0
lam[0,4] = 0.0
lam[0,5] = 0.0
lam[0,6] = 0.0
lam[0,7] = 0.0
lam[0,8] = 0.0
lam[1,0] = 0.0
lam[1,1] = 0.0
lam[1,2] = 0.0
lam[1,3] = 1.0
lam[1,4] = 0.0
lam[1,5] = 0.0
lam[1,6] = 0.0
lam[1,7] = 0.0
lam[1,8] = 0.0
lam[2,0] = 0.0
lam[2,1] = 0.0
lam[2,2] = 0.0
lam[2,3] = 0.0
lam[2,4] = 0.0
lam[2,5] = 1.0
lam[2,6] = 0.0
lam[2,7] = 0.0
lam[2,8] = 0.0
lam[3,0] = 1.0
lam[3,1] = 0.0
lam[3,2] = 0.0
lam[3,3] = 0.0
lam[3,4] = 0.0
lam[3,5] = 0.0
lam[3,6] = 0.0
lam[3,7] = 0.0
lam[3,8] = 0.0
tau[1,0,2] = 0.0
tau[1,0,3] = 0.0
tau[1,0,L0] = 0.0
tau[1,0,L1] = 1.0
tau[1,0,L2] = 0.0
tau[1,1,2] = 0.0
tau[1,1,3] = 0.0
tau[1,1,L0] = 0.0
tau[1,1,L1] = 1.0
tau[1,1,L2] = 0.0
tau[1,2,2] = 0.0
tau[1,2,3] = 0.0
tau[1,2,L0] = 0.0
tau[1,2,L1] = 0.0
tau[1,2,L2] = 1.0
tau[1,3,2] = 0.0
tau[1,3,3] = 0.0
tau[1,3,L0] = 0.0
tau[1,3,L1] = 0.0
tau[1,3,L2] = 1.0
tau[1,4,2] = 0.0
tau[1,4,3] = 0.0
tau[1,4,L0] = 0.0
tau[1,4,L1] = 0.0
tau[1,4,L2] = 1.0
tau[1,5,2] = 0.0
tau[1,5,3] = 0.0
tau[1,5,L0] = 0.0
tau[1,5,L1] = 0.0
tau[1,5,L2] = 0.0
tau[2,0,3] = 0.0
tau[2,0,L0] = 0.0
tau[2,0,L1] = 1.0
tau[2,0,L2] = 0.0
tau[2,1,3] = 0.0
tau[2,1,L0] = 0.0
tau[2,1,L1] = 1.0
tau[2,1,L2] = 0.0
tau[2,2,3] = 1.0
tau[2,2,L0] = 0.0
tau[2,2,L1] = 0.0
tau[2,2,L2] = 0.0
tau[2,3,3] = 0.0
tau[2,3,L0] = 1.0
tau[2,3,L1] = 0.0
tau[2,3,L2] = 0.0
tau[2,4,3] = 0.0
tau[2,4,L0] = 0.0
tau[2,4,L1] = 0.0
tau[2,4,L2] = 0.0
tau[2,5,3] = 0.0
tau[2,5,L0] = 0.0
tau[2,5,L1] = 0.0
tau[2,5,L2] = 0.0
tau[3,0,L0] = 0.0
tau[3,0,L1] = 1.0
tau[3,0,L2] = 0.0
tau[3,1,L0] = 1.0
tau[3,1,L1] = 0.0
tau[3,1,L2] = 0.0
tau[3,2,L0] = 1.0
tau[3,2,L1] = 0.0
tau[3,2,L2] = 0.0
tau[3,3,L0] = 1.0
tau[3,3,L1] = 0.0
tau[3,3,L2] = 0.0
tau[3,4,L0] = 0.0
tau[3,4,L1] = 0.0
tau[3,4,L2] = 0.0
tau[3,5,L0] = 0.0
tau[3,5,L1] = 0.0
tau[3,5,L2] = 0.0
tau[0,0,1] = 1.0
tau[0,0,2] = 0.0
tau[0,0,3] = 0.0
tau[0,0,L0] = 0.0
tau[0,0,L1] = 0.0
tau[0,0,L2] = 0.0
tau[0,1,1] = 0.0
tau[0,1,2] = 0.0
tau[0,1,3] = 0.0
tau[0,1,L0] = 0.0
tau[0,1,L1] = 1.0
tau[0,1,L2] = 0.0
tau[0,2,1] = 0.0
tau[0,2,2] = 0.0
tau[0,2,3] = 0.0
tau[0,2,L0] = 0.0
tau[0,2,L1] = 1.0
tau[0,2,L2] = 0.0
tau[0,3,1] = 0.0
tau[0,3,2] = 1.0
tau[0,3,3] = 0.0
tau[0,3,L0] = 0.0
tau[0,3,L1] = 0.0
tau[0,3,L2] = 0.0
tau[0,4,1] = 0.0
tau[0,4,2] = 1.0
tau[0,4,3] = 0.0
tau[0,4,L0] = 0.0
tau[0,4,L1] = 0.0
tau[0,4,L2] = 0.0
tau[0,5,1] = 0.0
tau[0,5,2] = 1.0
tau[0,5,3] = 0.0
tau[0,5,L0] = 0.0
tau[0,5,L1] = 0.0
tau[0,5,L2] = 0.0
m[0,0] = 1.0
m[0,1] = 1.0
m[0,2] = 1.0
m[0,3] = 1.0
m[0,4] = 1.0
m[0,5] = 1.0
m[0,6] = 1.0
m[0,7] = 1.0
m[0,8] = 1.0
m[0,9] = 1.0
m[0,10] = 1.0
m[0,11] = 1.0
m[0,12] = 1.0
m[0,13] = 1.0
m[0,14] = 1.0
m[0,15] = 1.0
m[0,16] = 1.0
m[0,17] = 1.0
m[0,18] = 1.0
m[0,19] = 1.0
m[0,20] = 1.0
m[0,21] = 1.0
m[0,22] = 1.0
m[0,23] = 1.0
m[0,24] = 1.0
m[0,25] = 1.0
m[0,26] = 1.0
m[0,27] = 1.0
m[0,28] = 1.0
m[0,29] = 1.0
m[0,30] = 1.0
m[0,31] = 1.0
m[0,32] = 1.0
m[0,33] = 1.0
m[0,34] = 1.0
m[0,35] = 1.0
m[0,36] = 1.0
m[0,37] = 1.0
m[0,38] = 1.0
m[0,39] = 1.0
m[0,40] = 1.0
m[0,41] = 1.0
m[0,42] = 1.0
m[0,43] = 1.0
m[0,44] = 1.0
m[0,45] = 1.0
m[0,46] = 1.0
m[0,47] = 1.0
m[0,48] = 1.0
m[0,49] = 1.0
m[0,50] = 1.0
m[0,51] = 1.0
m[0,52] = 1.0
m[0,53] = 1.0
m[0,54] = 1.0
m[0,55] = 1.0
m[0,56] = 1.0
m[0,57] = 1.0
m[0,58] = 1.0
m[0,59] = 1.0
m[0,60] = 1.0
m[0,61] = 0.0
m[0,62] = 1.0
m[0,63] = 1.0
m[0,64] = 1.0
m[0,65] = 1.0
m[0,66] = 1.0
m[0,67] = 1.0
m[0,68] = 1.0
m[0,69] = 1.0
m[0,70] = 1.0
m[0,71] = 1.0
m[0,72] = 1.0
m[0,73] = 0.0
m[0,74] = 1.0
m[0,75] = 1.0
m[0,76] = 1.0
m[0,77] = 1.0
m[0,78] = 1.0
m[0,79] = 1.0
m[0,80] = 1.0
m[0,81] = 1.0
m[0,82] = 1.0
m[0,83] = 1.0
m[0,84] = 1.0
m[0,85] = 1.0
m[0,86] = 1.0
m[0,87] = 1.0
m[0,88] = 1.0
m[0,89] = 1.0
m[0,90] = 1.0
m[0,91] = 1.0
m[0,92] = 1.0
m[0,93] = 1.0
m[0,94] = 1.0
m[0,95] = 1.0
m[0,96] = 1.0
m[0,97] = 1.0
m[0,98] = 1.0
m[0,99] = 1.0
m[0,100] = 1.0
m[0,101] = 1.0
m[0,102] = 1.0
m[0,103] = 1.0
m[0,104] = 1.0
m[0,105] = 1.0
m[0,106] = 1.0
m[0,107] = 1.0
m[0,108] = 1.0
m[0,109] = 1.0
m[0,110] = 1.0
m[0,111] = 1.0
m[0,112] = 1.0
m[0,113] = 1.0
m[0,114] = 1.0
m[0,115] = 1.0
m[0,116] = 1.0
m[0,117] = 1.0
m[0,118] = 1.0
m[0,119] = 1.0
m[0,120] = 1.0
m[0,121] = 1.0
m[0,122] = 1.0
m[0,123] = 1.0
m[0,124] = 1.0
m[0,125] = 1.0
m[0,126] = 1.0
m[0,127] = 1.0
m[0,128] = 1.0
m[0,129] = 1.0
m[0,130] = 1.0
m[0,131] = 1.0
m[0,132] = 1.0
m[0,133] = 1.0
m[0,134] = 1.0
m[0,135] = 1.0
m[0,136] = 0.0
m[0,137] = 1.0
m[0,138] = 1.0
m[0,139] = 1.0
m[0,140] = 1.0
m[0,141] = 1.0
m[0,142] = 1.0
m[0,143] = 1.0
m[0,144] = 1.0
m[0,145] = 1.0
m[0,146] = 1.0
m[0,147] = 1.0
m[0,148] = 1.0
m[0,149] = 1.0
m[0,150] = 0.0
m[0,151] = 1.0
m[0,152] = 1.0
m[0,153] = 1.0
m[0,154] = 1.0
m[0,155] = 1.0
m[0,156] = 1.0
m[0,157] = 1.0
m[0,158] = 1.0
m[0,159] = 1.0
m[0,160] = 1.0
m[0,161] = 1.0
m[0,162] = 1.0
m[0,163] = 1.0
m[0,164] = 1.0
m[0,165] = 1.0
m[0,166] = 1.0
m[0,167] = 1.0
m[0,168] = 1.0
m[0,169] = 1.0
m[0,170] = 1.0
m[0,171] = 1.0
m[0,172] = 1.0
m[0,173] = 1.0
m[0,174] = 1.0
m[0,175] = 1.0
m[0,176] = 1.0
m[0,177] = 1.0
u[0] = 1.0
u[1] = 1.0
u[2] = 1.0
u[3] = 1.0
o_u[0,0] = 0.0
o_u[0,1] = 0.0
o_u[0,2] = 1.0
o_u[0,3] = 0.0
o_u[0,4] = 0.0
o_u[0,5] = 0.0
o_u[0,6] = 0.0
o_u[0,7] = 0.0
o_u[0,8] = 0.0
o_u[1,0] = 0.0
o_u[1,1] = 0.0
o_u[1,2] = 0.0
o_u[1,3] = 1.0
o_u[1,4] = 0.0
o_u[1,5] = 0.0
o_u[1,6] = 0.0
o_u[1,7] = 0.0
o_u[1,8] = 0.0
o_u[2,0] = 0.0
o_u[2,1] = 0.0
o_u[2,2] = 0.0
o_u[2,3] = 0.0
o_u[2,4] = 0.0
o_u[2,5] = 1.0
o_u[2,6] = 0.0
o_u[2,7] = 0.0
o_u[2,8] = 0.0
o_u[3,0] = 1.0
o_u[3,1] = 0.0
o_u[3,2] = 0.0
o_u[3,3] = 0.0
o_u[3,4] = 0.0
o_u[3,5] = 0.0
o_u[3,6] = 0.0
o_u[3,7] = 0.0
o_u[3,8] = 0.0
------------------------------------------------------------------------
------------------------------------------------------------------------
Saved hierarchical tree visualization to milp_tree_levels.png
[]
Gurobi Optimizer version 12.0.3 build v12.0.3rc0 (linux64 - "Ubuntu 22.04.5 LTS")

CPU model: AMD EPYC 7742 64-Core Processor, instruction set [SSE2|AVX|AVX2]
Thread count: 128 physical cores, 256 logical processors, using up to 32 threads

Optimize a model with 106711 rows, 25034 columns and 327014 nonzeros
Model fingerprint: 0xec03782e
Variable types: 24926 continuous, 108 integer (0 binary)
Coefficient statistics:
  Matrix range     [1e+00, 3e+00]
  Objective range  [1e+00, 3e+00]
  Bounds range     [1e+00, 1e+00]
  RHS range        [1e+00, 1e+03]
Presolve removed 84342 rows and 18963 columns
Presolve time: 1.30s
Presolved: 22369 rows, 6071 columns, 94900 nonzeros
Variable types: 5289 continuous, 782 integer (782 binary)
Found heuristic solution: objective 125.0000000
Found heuristic solution: objective 134.0000000

Root relaxation: objective 1.915000e+02, 6886 iterations, 1.12 seconds (1.33 work units)
Total elapsed time = 6.40s (DegenMoves)

    Nodes    |    Current Node    |     Objective Bounds      |     Work
 Expl Unexpl |  Obj  Depth IntInf | Incumbent    BestBd   Gap | It/Node Time

     0     0  191.50000    0  187  134.00000  191.50000  42.9%     -    8s
H    0     0                     150.0000000  191.50000  27.7%     -    8s
H    0     0                     159.0000000  190.00000  19.5%     -   11s
     0     0  190.00000    0  305  159.00000  190.00000  19.5%     -   11s
H    0     0                     172.0000000  190.00000  10.5%     -   13s
     0     0  190.00000    0  325  172.00000  190.00000  10.5%     -   13s
H    0     0                     174.0000000  190.00000  9.20%     -   14s
H    0     0                     178.0000000  190.00000  6.74%     -   14s
     0     0  190.00000    0  323  178.00000  190.00000  6.74%     -   14s
     0     0  190.00000    0   23  178.00000  190.00000  6.74%     -   18s
     0     0  190.00000    0   23  178.00000  190.00000  6.74%     -   23s
     0     2  190.00000    0   23  178.00000  190.00000  6.74%     -   30s
     3     8  190.00000    2  213  178.00000  190.00000  6.74%  3209   36s
H   31    60                     179.0000000  190.00000  6.15%  1651   39s
    61    90  189.00000    6  330  179.00000  190.00000  6.15%  1455   40s
H  174   229                     181.0000000  190.00000  4.97%  1106   44s
   233   315  189.00000   10  122  181.00000  190.00000  4.97%   980   45s
H  490   412                     182.0000000  190.00000  4.40%   702   46s
  1296   708  187.81818   20  214  182.00000  190.00000  4.40%   499   50s
  2363  1012  182.50000   13   63  182.00000  189.66667  4.21%   464   55s
* 3662  1285              18     183.0000000  189.00000  3.28%   425   57s
  4771  1580  183.40000   16  128  183.00000  189.00000  3.28%   410   60s
* 6386  1885              18     184.0000000  189.00000  2.72%   401   63s
  6642  1883  188.41667   10   23  184.00000  189.00000  2.72%   400   69s
  6644  1884  186.00000   12  180  184.00000  189.00000  2.72%   400   75s
  6645  1885  188.00000   13   75  184.00000  189.00000  2.72%   400   83s
  6647  1886  188.00000   12   77  184.00000  189.00000  2.72%   400   90s
  6649  1888  188.38462   12  162  184.00000  189.00000  2.72%   400  100s
  6651  1889  186.12500   13  124  184.00000  189.00000  2.72%   400  111s
  6652  1890  188.00000   13   32  184.00000  189.00000  2.72%   400  115s
  6654  1894  189.00000   16  145  184.00000  189.00000  2.72%   417  124s
  6656  1897  189.00000   17   89  184.00000  189.00000  2.72%   417  126s
  6668  1917  189.00000   19  153  184.00000  189.00000  2.72%   419  130s
  6781  2043  189.00000   23  138  184.00000  189.00000  2.72%   432  135s
  7216  2125  188.83333   28  132  184.00000  189.00000  2.72%   453  140s
  7679  2125  189.00000   26  151  184.00000  189.00000  2.72%   465  145s
  7763  2133  188.75000   28  132  184.00000  189.00000  2.72%   466  150s
  7848  2149  188.00000   30  112  184.00000  189.00000  2.72%   469  155s
  7891  2148  187.66667   31  162  184.00000  189.00000  2.72%   471  160s
  8183  2153  186.00000   26  132  184.00000  189.00000  2.72%   475  165s
  8762  2124  188.50000   30  121  184.00000  189.00000  2.72%   476  170s
  9937  2057  184.50000   28   44  184.00000  189.00000  2.72%   480  175s
 11230  1905  188.50000   29  111  184.00000  189.00000  2.72%   483  180s
 13002  1948  186.99083   33  297  184.00000  189.00000  2.72%   478  185s
 15109  2405  188.50000   32   81  184.00000  189.00000  2.72%   478  191s
 16458  2740  188.50000   31  120  184.00000  189.00000  2.72%   487  195s
 18590  3332  187.00000   31  177  184.00000  189.00000  2.72%   499  201s
 19500  3439  185.37500   36  227  184.00000  189.00000  2.72%   506  205s
 19541  3471  184.40000   37  266  184.00000  188.92683  2.68%   506  211s
 20086  3717  187.64000   33  361  184.00000  188.92683  2.68%   507  217s
 21251  4105  187.25000   34  214  184.00000  188.80000  2.61%   512  221s
 22591  4475  187.66667   31  133  184.00000  188.75000  2.58%   518  225s
 24251  4823  184.75000   37  146  184.00000  188.66667  2.54%   523  230s
 26974  5360     cutoff   34       184.00000  188.50000  2.45%   525  237s
 29519  5691     cutoff   32       184.00000  188.36667  2.37%   522  243s
 31046  5833  187.50000   26  110  184.00000  188.33333  2.36%   521  245s
 32739  6073  187.00000   32  239  184.00000  188.00000  2.17%   520  250s
 35631  6311     cutoff   34       184.00000  188.00000  2.17%   519  255s
 38323  6528  187.75000   28  206  184.00000  188.00000  2.17%   518  261s
 40103  6754  184.50000   37  176  184.00000  188.00000  2.17%   518  267s
 41648  6951     cutoff   36       184.00000  188.00000  2.17%   518  270s
 44945  7284  187.00000   30  193  184.00000  188.00000  2.17%   516  276s
 48360  7596  184.70270   42  230  184.00000  188.00000  2.17%   516  283s
 50031  7763  185.66667   34  145  184.00000  188.00000  2.17%   517  286s
 51638  7875  187.00000   33  154  184.00000  188.00000  2.17%   519  290s
 55335  8241  187.50000   34  213  184.00000  187.80000  2.07%   521  298s
 57178  8416  187.00000   36  189  184.00000  187.75000  2.04%   523  303s
 59152  8417  186.50000   29   23  184.00000  187.73057  2.03%   525  395s
 59154  8418  185.83333   37  194  184.00000  187.73057  2.03%   525  400s
 59155  8419  187.00000   30  123  184.00000  187.73057  2.03%   525  412s
 59156  8420  185.88889   35  337  184.00000  187.73057  2.03%   525  415s
 59157  8420  187.30000   35  164  184.00000  187.73057  2.03%   525  433s
 59158  8421  184.50000   29  337  184.00000  187.73057  2.03%   525  443s
 59159  8422  187.00000   25   81  184.00000  187.73057  2.03%   525  465s
 59160  8422  186.61111   36  332  184.00000  187.73057  2.03%   525  475s
 59161  8423  185.50000   36  134  184.00000  187.73057  2.03%   525  497s
 59162  8424  187.00000   33  350  184.00000  187.73057  2.03%   525  507s
 59163  8424  187.00000   36  153  184.00000  187.73057  2.03%   525  531s
 59164  8425  187.00000   30  153  184.00000  187.73057  2.03%   525  545s
 59165  8426  187.66667   30  153  184.00000  187.73057  2.03%   525  552s
 59166  8429  187.73057   28  100  184.00000  187.73057  2.03%   528  574s
 59168  8433  187.73057   29  215  184.00000  187.73057  2.03%   528  578s
 59172  8439  187.73057   30  215  184.00000  187.73057  2.03%   529  581s
 59196  8478  187.73057   32   78  184.00000  187.73057  2.03%   529  587s
 59228  8497  187.73057   33   79  184.00000  187.73057  2.03%   530  595s
 59372  8566  187.73057   35  129  184.00000  187.73057  2.03%   531  600s
 59461  8614  187.73057   36  313  184.00000  187.73057  2.03%   532  606s
 59658  8629  187.73057   37  261  184.00000  187.73057  2.03%   532  610s
 59949  8640  187.73057   39  181  184.00000  187.73057  2.03%   533  615s
 60273  8656     cutoff   42       184.00000  187.73057  2.03%   535  621s
 60529  8689  187.73057   40  128  184.00000  187.73057  2.03%   535  625s
 61121  8702  187.50000   43  119  184.00000  187.73057  2.03%   536  631s
 61709  8706  184.66667   49   55  184.00000  187.73057  2.03%   537  635s
 62564  8616  187.50000   43  304  184.00000  187.73057  2.03%   538  640s
 63605  8477  187.73057   41  127  184.00000  187.73057  2.03%   539  645s
 64691  8360  187.73057   38  112  184.00000  187.73057  2.03%   538  652s
 64904  8388     cutoff   39       184.00000  187.73057  2.03%   538  655s
 66675  8315  187.73057   42  224  184.00000  187.73057  2.03%   539  661s
 68297  8165     cutoff   45       184.00000  187.73057  2.03%   540  666s
 69401  8113     cutoff   41       184.00000  187.73057  2.03%   541  671s
 70579  7976  187.73057   44  102  184.00000  187.73057  2.03%   542  676s
 71916  7823  186.96364   41  335  184.00000  187.73057  2.03%   544  681s
 73463  7560     cutoff   50       184.00000  187.73057  2.03%   544  686s
 75305  7132  187.73057   43  179  184.00000  187.73057  2.03%   544  691s
 77208  6616     cutoff   42       184.00000  187.73057  2.03%   544  696s
 79335  6001  185.00000   48  110  184.00000  187.73057  2.03%   544  701s
 81587  5469  185.50000   47   94  184.00000  187.73057  2.03%   544  705s
 83511  5064  186.74074   46  269  184.00000  187.73057  2.03%   546  710s
 85563  5033  185.83333   47  261  184.00000  187.73057  2.03%   548  716s
 87918  5323  186.25000   46  260  184.00000  187.73057  2.03%   550  722s
 89204  5493  185.82500   47  340  184.00000  187.73057  2.03%   550  727s
 90658  5656  184.91525   52  152  184.00000  187.73057  2.03%   552  730s
 93355  5989  187.42391   48  357  184.00000  187.73057  2.03%   555  737s
 94833  6155  184.60000   49  287  184.00000  187.73057  2.03%   556  741s
 96173  6279  185.66667   49  178  184.00000  187.73057  2.03%   558  745s
 99314  6479  185.75000   48  252  184.00000  187.66667  1.99%   560  753s
 100933  6487  186.00000   45  200  184.00000  187.66667  1.99%   562  758s
 102583  6421     cutoff   51       184.00000  187.55556  1.93%   564  763s
 104378  6467     cutoff   45       184.00000  187.50000  1.90%   566  769s
 106137  6462     cutoff   51       184.00000  187.50000  1.90%   569  775s
 108012  6434  184.82692   43  182  184.00000  187.50000  1.90%   570  780s
 109997  6312  185.80000   47  297  184.00000  187.40000  1.85%   573  785s
 112158  6143  184.83333   51  241  184.00000  187.33333  1.81%   574  791s
 114855  6079  185.00000   54   35  184.00000  187.20000  1.74%   574  796s
 117465  5975 infeasible   51       184.00000  187.00000  1.63%   575  804s
 119857  5982     cutoff   47       184.00000  187.00000  1.63%   576  811s
 122157  6022     cutoff   49       184.00000  187.00000  1.63%   578  817s
 124310  6028  185.00000   39   50  184.00000  187.00000  1.63%   581  824s
 126542  6067  184.92271   50  176  184.00000  187.00000  1.63%   584  833s
 129311  6051     cutoff   45       184.00000  187.00000  1.63%   586  842s
 132107  6037  184.88889   47  291  184.00000  186.83333  1.54%   589  851s
 134921  5879  186.00000   55  233  184.00000  186.75000  1.49%   592  859s
 138004  5497     cutoff   56       184.00000  186.64894  1.44%   595  868s
 141063  5392  186.33333   55  230  184.00000  186.50000  1.36%   599  878s
 142248  5043     cutoff   53       184.00000  186.50000  1.36%   601  889s
 145002  4361  186.00000   50   96  184.00000  186.50000  1.36%   606  899s
 148803  3706     cutoff   43       184.00000  186.30000  1.25%   609  910s
 152784  3290     cutoff   53       184.00000  186.00000  1.09%   611  921s
 155803  2669  185.25000   42  322  184.00000  186.00000  1.09%   614  931s
 159561  1702  184.60000   47  233  184.00000  185.84545  1.00%   615  940s
 163390   291     cutoff   58       184.00000  185.71429  0.93%   617  950s

Cutting planes:
  Gomory: 10
  Cover: 19
  Implied bound: 199
  Clique: 14
  MIR: 471
  Flow cover: 300
  Inf proof: 13
  Zero half: 25
  RLT: 1646
  Relax-and-lift: 15
  BQP: 1137

Explored 167087 nodes (102935041 simplex iterations) in 953.54 seconds (1468.91 work units)
Thread count was 32 (of 256 available processors)

Solution count 10: 184 184 183 ... 159

Optimal solution found (tolerance 1.00e-04)
Best objective 1.840000000000e+02, best bound 1.840000000000e+02, gap 0.0000%
Objective value: 184.0
lam[0,0] = 0.0
lam[0,1] = 0.0
lam[0,2] = 1.0
lam[0,3] = 0.0
lam[0,4] = 0.0
lam[0,5] = 0.0
lam[0,6] = 0.0
lam[0,7] = 0.0
lam[0,8] = 0.0
lam[1,0] = 0.0
lam[1,1] = 0.0
lam[1,2] = 0.0
lam[1,3] = 1.0
lam[1,4] = 0.0
lam[1,5] = 0.0
lam[1,6] = 0.0
lam[1,7] = 0.0
lam[1,8] = 0.0
lam[2,0] = 0.0
lam[2,1] = 0.0
lam[2,2] = 0.0
lam[2,3] = 0.0
lam[2,4] = 0.0
lam[2,5] = 1.0
lam[2,6] = 0.0
lam[2,7] = 0.0
lam[2,8] = 0.0
lam[3,0] = 1.0
lam[3,1] = 0.0
lam[3,2] = 0.0
lam[3,3] = 0.0
lam[3,4] = 0.0
lam[3,5] = 0.0
lam[3,6] = 0.0
lam[3,7] = 0.0
lam[3,8] = 0.0
tau[1,0,2] = 0.0
tau[1,0,3] = 0.0
tau[1,0,L0] = 0.0
tau[1,0,L1] = 1.0
tau[1,0,L2] = 0.0
tau[1,1,2] = 0.0
tau[1,1,3] = 0.0
tau[1,1,L0] = 0.0
tau[1,1,L1] = 1.0
tau[1,1,L2] = 0.0
tau[1,2,2] = 0.0
tau[1,2,3] = 0.0
tau[1,2,L0] = 0.0
tau[1,2,L1] = 0.0
tau[1,2,L2] = 1.0
tau[1,3,2] = 0.0
tau[1,3,3] = 0.0
tau[1,3,L0] = 0.0
tau[1,3,L1] = 0.0
tau[1,3,L2] = 1.0
tau[1,4,2] = 0.0
tau[1,4,3] = 0.0
tau[1,4,L0] = 0.0
tau[1,4,L1] = 0.0
tau[1,4,L2] = 1.0
tau[1,5,2] = 0.0
tau[1,5,3] = 0.0
tau[1,5,L0] = 0.0
tau[1,5,L1] = 0.0
tau[1,5,L2] = 0.0
tau[2,0,3] = 0.0
tau[2,0,L0] = 0.0
tau[2,0,L1] = 1.0
tau[2,0,L2] = 0.0
tau[2,1,3] = 0.0
tau[2,1,L0] = 0.0
tau[2,1,L1] = 1.0
tau[2,1,L2] = 0.0
tau[2,2,3] = 1.0
tau[2,2,L0] = 0.0
tau[2,2,L1] = 0.0
tau[2,2,L2] = 0.0
tau[2,3,3] = 0.0
tau[2,3,L0] = 1.0
tau[2,3,L1] = 0.0
tau[2,3,L2] = 0.0
tau[2,4,3] = 0.0
tau[2,4,L0] = 0.0
tau[2,4,L1] = 0.0
tau[2,4,L2] = 0.0
tau[2,5,3] = 0.0
tau[2,5,L0] = 0.0
tau[2,5,L1] = 0.0
tau[2,5,L2] = 0.0
tau[3,0,L0] = 0.0
tau[3,0,L1] = 1.0
tau[3,0,L2] = 0.0
tau[3,1,L0] = 1.0
tau[3,1,L1] = 0.0
tau[3,1,L2] = 0.0
tau[3,2,L0] = 1.0
tau[3,2,L1] = 0.0
tau[3,2,L2] = 0.0
tau[3,3,L0] = 1.0
tau[3,3,L1] = 0.0
tau[3,3,L2] = 0.0
tau[3,4,L0] = 0.0
tau[3,4,L1] = 0.0
tau[3,4,L2] = 0.0
tau[3,5,L0] = 0.0
tau[3,5,L1] = 0.0
tau[3,5,L2] = 0.0
tau[0,0,1] = 1.0
tau[0,0,2] = 0.0
tau[0,0,3] = 0.0
tau[0,0,L0] = 0.0
tau[0,0,L1] = 0.0
tau[0,0,L2] = 0.0
tau[0,1,1] = 0.0
tau[0,1,2] = 0.0
tau[0,1,3] = 0.0
tau[0,1,L0] = 0.0
tau[0,1,L1] = 1.0
tau[0,1,L2] = 0.0
tau[0,2,1] = 0.0
tau[0,2,2] = 0.0
tau[0,2,3] = 0.0
tau[0,2,L0] = 0.0
tau[0,2,L1] = 1.0
tau[0,2,L2] = 0.0
tau[0,3,1] = 0.0
tau[0,3,2] = 1.0
tau[0,3,3] = 0.0
tau[0,3,L0] = 0.0
tau[0,3,L1] = 0.0
tau[0,3,L2] = 0.0
tau[0,4,1] = 0.0
tau[0,4,2] = 1.0
tau[0,4,3] = 0.0
tau[0,4,L0] = 0.0
tau[0,4,L1] = 0.0
tau[0,4,L2] = 0.0
tau[0,5,1] = 0.0
tau[0,5,2] = 1.0
tau[0,5,3] = 0.0
tau[0,5,L0] = 0.0
tau[0,5,L1] = 0.0
tau[0,5,L2] = 0.0
m[0,0] = 1.0
m[0,1] = 1.0
m[0,2] = 1.0
m[0,3] = 1.0
m[0,4] = 1.0
m[0,5] = 1.0
m[0,6] = 1.0
m[0,7] = 1.0
m[0,8] = 1.0
m[0,9] = 1.0
m[0,10] = 1.0
m[0,11] = 1.0
m[0,12] = 1.0
m[0,13] = 1.0
m[0,14] = 1.0
m[0,15] = 1.0
m[0,16] = 1.0
m[0,17] = 1.0
m[0,18] = 1.0
m[0,19] = 1.0
m[0,20] = 1.0
m[0,21] = 1.0
m[0,22] = 1.0
m[0,23] = 1.0
m[0,24] = 1.0
m[0,25] = 1.0
m[0,26] = 1.0
m[0,27] = 1.0
m[0,28] = 1.0
m[0,29] = 1.0
m[0,30] = 1.0
m[0,31] = 1.0
m[0,32] = 1.0
m[0,33] = 1.0
m[0,34] = 1.0
m[0,35] = 1.0
m[0,36] = 1.0
m[0,37] = 1.0
m[0,38] = 1.0
m[0,39] = 1.0
m[0,40] = 1.0
m[0,41] = 1.0
m[0,42] = 1.0
m[0,43] = 1.0
m[0,44] = 1.0
m[0,45] = 1.0
m[0,46] = 1.0
m[0,47] = 1.0
m[0,48] = 1.0
m[0,49] = 1.0
m[0,50] = 1.0
m[0,51] = 1.0
m[0,52] = 1.0
m[0,53] = 1.0
m[0,54] = 1.0
m[0,55] = 1.0
m[0,56] = 1.0
m[0,57] = 1.0
m[0,58] = 1.0
m[0,59] = 1.0
m[0,60] = 1.0
m[0,61] = 0.0
m[0,62] = 1.0
m[0,63] = 1.0
m[0,64] = 1.0
m[0,65] = 1.0
m[0,66] = 1.0
m[0,67] = 1.0
m[0,68] = 1.0
m[0,69] = 1.0
m[0,70] = 1.0
m[0,71] = 1.0
m[0,72] = 1.0
m[0,73] = 0.0
m[0,74] = 1.0
m[0,75] = 1.0
m[0,76] = 1.0
m[0,77] = 1.0
m[0,78] = 1.0
m[0,79] = 1.0
m[0,80] = 1.0
m[0,81] = 1.0
m[0,82] = 1.0
m[0,83] = 1.0
m[0,84] = 1.0
m[0,85] = 1.0
m[0,86] = 1.0
m[0,87] = 1.0
m[0,88] = 1.0
m[0,89] = 1.0
m[0,90] = 1.0
m[0,91] = 1.0
m[0,92] = 1.0
m[0,93] = 1.0
m[0,94] = 1.0
m[0,95] = 1.0
m[0,96] = 1.0
m[0,97] = 1.0
m[0,98] = 1.0
m[0,99] = 1.0
m[0,100] = 1.0
m[0,101] = 1.0
m[0,102] = 1.0
m[0,103] = 1.0
m[0,104] = 1.0
m[0,105] = 1.0
m[0,106] = 1.0
m[0,107] = 1.0
m[0,108] = 1.0
m[0,109] = 1.0
m[0,110] = 1.0
m[0,111] = 1.0
m[0,112] = 1.0
m[0,113] = 1.0
m[0,114] = 1.0
m[0,115] = 1.0
m[0,116] = 1.0
m[0,117] = 1.0
m[0,118] = 1.0
m[0,119] = 1.0
m[0,120] = 1.0
m[0,121] = 1.0
m[0,122] = 1.0
m[0,123] = 1.0
m[0,124] = 1.0
m[0,125] = 1.0
m[0,126] = 1.0
m[0,127] = 1.0
m[0,128] = 1.0
m[0,129] = 1.0
m[0,130] = 1.0
m[0,131] = 1.0
m[0,132] = 1.0
m[0,133] = 1.0
m[0,134] = 1.0
m[0,135] = 1.0
m[0,136] = 0.0
m[0,137] = 1.0
m[0,138] = 1.0
m[0,139] = 1.0
m[0,140] = 1.0
m[0,141] = 1.0
m[0,142] = 1.0
m[0,143] = 1.0
m[0,144] = 1.0
m[0,145] = 1.0
m[0,146] = 1.0
m[0,147] = 1.0
m[0,148] = 1.0
m[0,149] = 1.0
m[0,150] = 0.0
m[0,151] = 1.0
m[0,152] = 1.0
m[0,153] = 1.0
m[0,154] = 1.0
m[0,155] = 1.0
m[0,156] = 1.0
m[0,157] = 1.0
m[0,158] = 1.0
m[0,159] = 1.0
m[0,160] = 1.0
m[0,161] = 1.0
m[0,162] = 1.0
m[0,163] = 1.0
m[0,164] = 1.0
m[0,165] = 1.0
m[0,166] = 1.0
m[0,167] = 1.0
m[0,168] = 1.0
m[0,169] = 1.0
m[0,170] = 1.0
m[0,171] = 1.0
m[0,172] = 1.0
m[0,173] = 1.0
m[0,174] = 1.0
m[0,175] = 1.0
m[0,176] = 1.0
m[0,177] = 1.0
u[0] = 1.0
u[1] = 1.0
u[2] = 1.0
u[3] = 1.0
o_u[0,0] = 0.0
o_u[0,1] = 0.0
o_u[0,2] = 1.0
o_u[0,3] = 0.0
o_u[0,4] = 0.0
o_u[0,5] = 0.0
o_u[0,6] = 0.0
o_u[0,7] = 0.0
o_u[0,8] = 0.0
o_u[1,0] = 0.0
o_u[1,1] = 0.0
o_u[1,2] = 0.0
o_u[1,3] = 1.0
o_u[1,4] = 0.0
o_u[1,5] = 0.0
o_u[1,6] = 0.0
o_u[1,7] = 0.0
o_u[1,8] = 0.0
o_u[2,0] = 0.0
o_u[2,1] = 0.0
o_u[2,2] = 0.0
o_u[2,3] = 0.0
o_u[2,4] = 0.0
o_u[2,5] = 1.0
o_u[2,6] = 0.0
o_u[2,7] = 0.0
o_u[2,8] = 0.0
o_u[3,0] = 1.0
o_u[3,1] = 0.0
o_u[3,2] = 0.0
o_u[3,3] = 0.0
o_u[3,4] = 0.0
o_u[3,5] = 0.0
o_u[3,6] = 0.0
o_u[3,7] = 0.0
o_u[3,8] = 0.0
------------------------------------------------------------------------
------------------------------------------------------------------------
Saved hierarchical tree visualization to milp_tree_levels.png
THIS IS THE INITIAL CORRECTNESS 0.9775280898876404
THIS IS THE INITIAL EXPLAINABILITY 10.0
Inside find_pareto_solution_more_e
----------------------------------
THE CURRENT CORRECTNESS IS: 0.9775280898876404, AND THE CURRENT EXPLAINABILITY IS: 10.0
Gurobi Optimizer version 12.0.3 build v12.0.3rc0 (linux64 - "Ubuntu 22.04.5 LTS")

CPU model: AMD EPYC 7742 64-Core Processor, instruction set [SSE2|AVX|AVX2]
Thread count: 128 physical cores, 256 logical processors, using up to 32 threads

Optimize a model with 106713 rows, 25034 columns and 327232 nonzeros
Model fingerprint: 0xd2886f7b
Variable types: 24926 continuous, 108 integer (0 binary)
Coefficient statistics:
  Matrix range     [1e+00, 3e+00]
  Objective range  [1e+00, 3e+00]
  Bounds range     [1e+00, 1e+00]
  RHS range        [1e+00, 1e+03]

MIP start from previous solve did not produce a new incumbent solution
MIP start from previous solve violates constraint R106711 by 1.000000000

Presolve removed 78107 rows and 17405 columns
Presolve time: 1.68s
Presolved: 28606 rows, 7629 columns, 121287 nonzeros
Variable types: 6847 continuous, 782 integer (782 binary)

Root relaxation: objective 1.865000e+02, 10856 iterations, 3.04 seconds (3.56 work units)
Total elapsed time = 5.86s (DegenMoves)
Total elapsed time = 13.30s (DegenMoves)

    Nodes    |    Current Node    |     Objective Bounds      |     Work
 Expl Unexpl |  Obj  Depth IntInf | Incumbent    BestBd   Gap | It/Node Time

     0     0  186.50000    0  196          -  186.50000      -     -   14s
H    0     0                      98.0000000  186.50000  90.3%     -   14s
H    0     0                     128.0000000  186.50000  45.7%     -   14s
     0     0  185.00000    0  319  128.00000  185.00000  44.5%     -   18s
H    0     0                     134.0000000  185.00000  38.1%     -   18s
     0     0  185.00000    0  312  134.00000  185.00000  38.1%     -   22s
     0     0  185.00000    0  178  134.00000  185.00000  38.1%     -   31s
H    0     0                     149.0000000  185.00000  24.2%     -   32s
H    0     0                     153.0000000  185.00000  20.9%     -   32s
     0     0  185.00000    0  252  153.00000  185.00000  20.9%     -   34s
     0     0  185.00000    0  273  153.00000  185.00000  20.9%     -   34s
H    0     0                     171.0000000  185.00000  8.19%     -   36s
     0     0  185.00000    0  281  171.00000  185.00000  8.19%     -   36s
     0     0  185.00000    0  196  171.00000  185.00000  8.19%     -   36s
H    0     0                     172.0000000  185.00000  7.56%     -   47s
H    0     0                     173.0000000  185.00000  6.94%     -   47s
H    0     0                     174.0000000  185.00000  6.32%     -   47s
     0     0  185.00000    0   32  174.00000  185.00000  6.32%     -   47s
     0     0  185.00000    0   31  174.00000  185.00000  6.32%     -   48s
H    0     0                     176.0000000  185.00000  5.11%     -   53s
     0     0  185.00000    0   73  176.00000  185.00000  5.11%     -   53s
     0     0  185.00000    0   72  176.00000  185.00000  5.11%     -   53s
H    0     0                     177.0000000  185.00000  4.52%     -   60s
H    0     0                     181.0000000  185.00000  2.21%     -   60s
     0     0  185.00000    0   72  181.00000  185.00000  2.21%     -   60s
     0     0  185.00000    0   72  181.00000  185.00000  2.21%     -   60s
H    0     0                     182.0000000  184.50000  1.37%     -   77s
H    0     0                     182.0000006  184.50000  1.37%     -   77s
     0     0  184.50000    0  104  182.00000  184.50000  1.37%     -   77s
     0     0  184.50000    0   66  182.00000  184.50000  1.37%     -   90s
     0     2  184.50000    0   66  182.00000  184.50000  1.37%     -   99s
     1     4  184.50000    1  209  182.00000  184.50000  1.37%  8637  102s
     3     6 infeasible    2       182.00000  184.50000  1.37%  4368  106s
    25    48  184.50000    5  133  182.00000  184.50000  1.37%  2060  110s
H  120   137                     183.0000000  184.50000  0.82%  1343  113s
   160   166  184.50000    8  123  183.00000  184.50000  0.82%  1221  115s
   241   221  184.50000   10  154  183.00000  184.50000  0.82%  1097  121s
   564   311     cutoff   12       183.00000  184.50000  0.82%   930  125s
  1241   388  184.50000   14  147  183.00000  184.50000  0.82%   839  131s
  1675   461  184.00000   15  109  183.00000  184.50000  0.82%   798  135s
  2164   500  184.00000   13  148  183.00000  184.50000  0.82%   790  140s
  2653   532  184.50000   14  156  183.00000  184.50000  0.82%   781  145s
  3095   513  184.50000   16  103  183.00000  184.50000  0.82%   771  150s
  3695   486  184.00000   10   54  183.00000  184.50000  0.82%   766  155s
  4396   436     cutoff   16       183.00000  184.00000  0.55%   762  163s
  4925   391     cutoff   15       183.00000  184.00000  0.55%   757  166s
  6072   298  184.00000   12   43  183.00000  184.00000  0.55%   766  171s
* 6549   284              15     184.0000000  184.00000  0.00%   770  173s

Cutting planes:
  Gomory: 2
  Implied bound: 424
  MIR: 51
  Flow cover: 57
  Inf proof: 1
  Zero half: 12
  RLT: 252
  BQP: 208

Explored 6717 nodes (5376733 simplex iterations) in 173.99 seconds (186.55 work units)
Thread count was 32 (of 256 available processors)

Solution count 10: 184 183 182 ... 172

Optimal solution found (tolerance 1.00e-04)
Best objective 1.840000000000e+02, best bound 1.840000000000e+02, gap 0.0000%
Objective value: 184.0
lam[0,0] = 0.0
lam[0,1] = 0.0
lam[0,2] = 0.0
lam[0,3] = 1.0
lam[0,4] = -0.0
lam[0,5] = 0.0
lam[0,6] = -0.0
lam[0,7] = 0.0
lam[0,8] = 0.0
lam[1,0] = -0.0
lam[1,1] = 0.0
lam[1,2] = 1.0
lam[1,3] = 0.0
lam[1,4] = -0.0
lam[1,5] = 0.0
lam[1,6] = 0.0
lam[1,7] = -0.0
lam[1,8] = 0.0
lam[2,0] = -0.0
lam[2,1] = -0.0
lam[2,2] = 0.0
lam[2,3] = 0.0
lam[2,4] = -0.0
lam[2,5] = 1.0
lam[2,6] = -0.0
lam[2,7] = -0.0
lam[2,8] = -0.0
lam[3,0] = -0.0
lam[3,1] = -0.0
lam[3,2] = 1.0
lam[3,3] = 0.0
lam[3,4] = -0.0
lam[3,5] = -0.0
lam[3,6] = -0.0
lam[3,7] = 0.0
lam[3,8] = -0.0
tau[1,0,2] = -0.0
tau[1,0,3] = -0.0
tau[1,0,L0] = -0.0
tau[1,0,L1] = -0.0
tau[1,0,L2] = 1.0
tau[1,1,2] = 1.0
tau[1,1,3] = -0.0
tau[1,1,L0] = -0.0
tau[1,1,L1] = -0.0
tau[1,1,L2] = 0.0
tau[1,2,2] = 0.0
tau[1,2,3] = -0.0
tau[1,2,L0] = -0.0
tau[1,2,L1] = 1.0
tau[1,2,L2] = -0.0
tau[1,3,2] = 0.0
tau[1,3,3] = -0.0
tau[1,3,L0] = 1.0
tau[1,3,L1] = -0.0
tau[1,3,L2] = -0.0
tau[1,4,2] = 1.0
tau[1,4,3] = -0.0
tau[1,4,L0] = 0.0
tau[1,4,L1] = -0.0
tau[1,4,L2] = -0.0
tau[1,5,2] = 1.0
tau[1,5,3] = -0.0
tau[1,5,L0] = -0.0
tau[1,5,L1] = -0.0
tau[1,5,L2] = 0.0
tau[2,0,3] = -0.0
tau[2,0,L0] = -0.0
tau[2,0,L1] = 1.0
tau[2,0,L2] = 0.0
tau[2,1,3] = -0.0
tau[2,1,L0] = -0.0
tau[2,1,L1] = 1.0
tau[2,1,L2] = 0.0
tau[2,2,3] = 1.0
tau[2,2,L0] = -0.0
tau[2,2,L1] = 0.0
tau[2,2,L2] = -0.0
tau[2,3,3] = -0.0
tau[2,3,L0] = 1.0
tau[2,3,L1] = 0.0
tau[2,3,L2] = -0.0
tau[2,4,3] = -0.0
tau[2,4,L0] = -0.0
tau[2,4,L1] = -0.0
tau[2,4,L2] = 0.0
tau[2,5,3] = 0.0
tau[2,5,L0] = -0.0
tau[2,5,L1] = -0.0
tau[2,5,L2] = -0.0
tau[3,0,L0] = -0.0
tau[3,0,L1] = 0.0
tau[3,0,L2] = 1.0
tau[3,1,L0] = -0.0
tau[3,1,L1] = 0.0
tau[3,1,L2] = 1.0
tau[3,2,L0] = -0.0
tau[3,2,L1] = 1.0
tau[3,2,L2] = 0.0
tau[3,3,L0] = -0.0
tau[3,3,L1] = 1.0
tau[3,3,L2] = 0.0
tau[3,4,L0] = 1.0
tau[3,4,L1] = 0.0
tau[3,4,L2] = -0.0
tau[3,5,L0] = 1.0
tau[3,5,L1] = -0.0
tau[3,5,L2] = -0.0
tau[0,0,1] = 0.0
tau[0,0,2] = 0.0
tau[0,0,3] = 0.0
tau[0,0,L0] = 0.0
tau[0,0,L1] = 1.0
tau[0,0,L2] = 0.0
tau[0,1,1] = 0.0
tau[0,1,2] = 1.0
tau[0,1,3] = 0.0
tau[0,1,L0] = 0.0
tau[0,1,L1] = 0.0
tau[0,1,L2] = 0.0
tau[0,2,1] = 1.0
tau[0,2,2] = 0.0
tau[0,2,3] = 0.0
tau[0,2,L0] = 0.0
tau[0,2,L1] = 0.0
tau[0,2,L2] = 0.0
tau[0,3,1] = 1.0
tau[0,3,2] = 0.0
tau[0,3,3] = 0.0
tau[0,3,L0] = 0.0
tau[0,3,L1] = 0.0
tau[0,3,L2] = 0.0
tau[0,4,1] = 0.0
tau[0,4,2] = 0.0
tau[0,4,3] = 1.0
tau[0,4,L0] = 0.0
tau[0,4,L1] = 0.0
tau[0,4,L2] = 0.0
tau[0,5,1] = 0.0
tau[0,5,2] = 0.0
tau[0,5,3] = 0.0
tau[0,5,L0] = 0.0
tau[0,5,L1] = 0.0
tau[0,5,L2] = 0.0
m[0,0] = 1.0
m[0,1] = 1.0
m[0,2] = 1.0
m[0,3] = 1.0
m[0,4] = 1.0
m[0,5] = 1.0
m[0,6] = 1.0
m[0,7] = 1.0
m[0,8] = 1.0
m[0,9] = 1.0
m[0,10] = 1.0
m[0,11] = 1.0
m[0,12] = 1.0
m[0,13] = 1.0
m[0,14] = 1.0
m[0,15] = 1.0
m[0,16] = 1.0
m[0,17] = 1.0
m[0,18] = 1.0
m[0,19] = 1.0
m[0,20] = 1.0
m[0,21] = 1.0
m[0,22] = 1.0
m[0,23] = 1.0
m[0,24] = 1.0
m[0,25] = 1.0
m[0,26] = 1.0
m[0,27] = 1.0
m[0,28] = 1.0
m[0,29] = 1.0
m[0,30] = 1.0
m[0,31] = 1.0
m[0,32] = 1.0
m[0,33] = 1.0
m[0,34] = 1.0
m[0,35] = 1.0
m[0,36] = 1.0
m[0,37] = 1.0
m[0,38] = 1.0
m[0,39] = 1.0
m[0,40] = 1.0
m[0,41] = 1.0
m[0,42] = 1.0
m[0,43] = 1.0
m[0,44] = 1.0
m[0,45] = 1.0
m[0,46] = 1.0
m[0,47] = 1.0
m[0,48] = 1.0
m[0,49] = 1.0
m[0,50] = 1.0
m[0,51] = 1.0
m[0,52] = 1.0
m[0,53] = 1.0
m[0,54] = 1.0
m[0,55] = 1.0
m[0,56] = 1.0
m[0,57] = 1.0
m[0,58] = 1.0
m[0,59] = 1.0
m[0,60] = 0.0
m[0,61] = 0.0
m[0,62] = 1.0
m[0,63] = 1.0
m[0,64] = 1.0
m[0,65] = 0.0
m[0,66] = 1.0
m[0,67] = 1.0
m[0,68] = 1.0
m[0,69] = 1.0
m[0,70] = 1.0
m[0,71] = 1.0
m[0,72] = 1.0
m[0,73] = 0.0
m[0,74] = 1.0
m[0,75] = 1.0
m[0,76] = 1.0
m[0,77] = 1.0
m[0,78] = 1.0
m[0,79] = 1.0
m[0,80] = 1.0
m[0,81] = 0.0
m[0,82] = 1.0
m[0,83] = 1.0
m[0,84] = 1.0
m[0,85] = 1.0
m[0,86] = 1.0
m[0,87] = 1.0
m[0,88] = 1.0
m[0,89] = 1.0
m[0,90] = 1.0
m[0,91] = 1.0
m[0,92] = 1.0
m[0,93] = 1.0
m[0,94] = 1.0
m[0,95] = 1.0
m[0,96] = 1.0
m[0,97] = 1.0
m[0,98] = 1.0
m[0,99] = 1.0
m[0,100] = 1.0
m[0,101] = 1.0
m[0,102] = 1.0
m[0,103] = 1.0
m[0,104] = 1.0
m[0,105] = 1.0
m[0,106] = 1.0
m[0,107] = 1.0
m[0,108] = 1.0
m[0,109] = 1.0
m[0,110] = 1.0
m[0,111] = 1.0
m[0,112] = 1.0
m[0,113] = 1.0
m[0,114] = 1.0
m[0,115] = 1.0
m[0,116] = 1.0
m[0,117] = 1.0
m[0,118] = 1.0
m[0,119] = 1.0
m[0,120] = 1.0
m[0,121] = 1.0
m[0,122] = 1.0
m[0,123] = 1.0
m[0,124] = 1.0
m[0,125] = 1.0
m[0,126] = 1.0
m[0,127] = 1.0
m[0,128] = 1.0
m[0,129] = 1.0
m[0,130] = 1.0
m[0,131] = 1.0
m[0,132] = 1.0
m[0,133] = 1.0
m[0,134] = 1.0
m[0,135] = 1.0
m[0,136] = 1.0
m[0,137] = 1.0
m[0,138] = 1.0
m[0,139] = 1.0
m[0,140] = 1.0
m[0,141] = 1.0
m[0,142] = 1.0
m[0,143] = 1.0
m[0,144] = 1.0
m[0,145] = 1.0
m[0,146] = 1.0
m[0,147] = 1.0
m[0,148] = 1.0
m[0,149] = 1.0
m[0,150] = 1.0
m[0,151] = 1.0
m[0,152] = 1.0
m[0,153] = 1.0
m[0,154] = 1.0
m[0,155] = 1.0
m[0,156] = 1.0
m[0,157] = 1.0
m[0,158] = 1.0
m[0,159] = 1.0
m[0,160] = 1.0
m[0,161] = 1.0
m[0,162] = 1.0
m[0,163] = 1.0
m[0,164] = 1.0
m[0,165] = 1.0
m[0,166] = 1.0
m[0,167] = 1.0
m[0,168] = 1.0
m[0,169] = 1.0
m[0,170] = 1.0
m[0,171] = 1.0
m[0,172] = 1.0
m[0,173] = 1.0
m[0,174] = 1.0
m[0,175] = 1.0
m[0,176] = 1.0
m[0,177] = 1.0
u[0] = 1.0
u[1] = 1.0
u[2] = 1.0
u[3] = 1.0
o_u[0,0] = 0.0
o_u[0,1] = 0.0
o_u[0,2] = 0.0
o_u[0,3] = 1.0
o_u[0,4] = 0.0
o_u[0,5] = 0.0
o_u[0,6] = -0.0
o_u[0,7] = 0.0
o_u[0,8] = 0.0
o_u[1,0] = 0.0
o_u[1,1] = 0.0
o_u[1,2] = 1.0
o_u[1,3] = 0.0
o_u[1,4] = 0.0
o_u[1,5] = 0.0
o_u[1,6] = 0.0
o_u[1,7] = 0.0
o_u[1,8] = 0.0
o_u[2,0] = 0.0
o_u[2,1] = 0.0
o_u[2,2] = 0.0
o_u[2,3] = 0.0
o_u[2,4] = 0.0
o_u[2,5] = 1.0
o_u[2,6] = 0.0
o_u[2,7] = 0.0
o_u[2,8] = 0.0
o_u[3,0] = 0.0
o_u[3,1] = 0.0
o_u[3,2] = 1.0
o_u[3,3] = 0.0
o_u[3,4] = 0.0
o_u[3,5] = 0.0
o_u[3,6] = 0.0
o_u[3,7] = 0.0
o_u[3,8] = 0.0
THE NEW CORRECTNESS IS: 0.9719101123595506, AND THE NEW EXPLAINABILITY IS: 11.0
************************************************************
New pareto points added, correctness = 0.9719101123595506 , explainability = 11.0
App ending 1......
End of find_pareto_solution_more_e 4 @@@@@@@@@@@@@
Inside find_pareto_solution_more_e
----------------------------------
THE CURRENT CORRECTNESS IS: 0.9719101123595506, AND THE CURRENT EXPLAINABILITY IS: 11.0
Gurobi Optimizer version 12.0.3 build v12.0.3rc0 (linux64 - "Ubuntu 22.04.5 LTS")

CPU model: AMD EPYC 7742 64-Core Processor, instruction set [SSE2|AVX|AVX2]
Thread count: 128 physical cores, 256 logical processors, using up to 32 threads

Optimize a model with 106713 rows, 25034 columns and 327232 nonzeros
Model fingerprint: 0x3b7ea166
Variable types: 24926 continuous, 108 integer (0 binary)
Coefficient statistics:
  Matrix range     [1e+00, 3e+00]
  Objective range  [1e+00, 3e+00]
  Bounds range     [1e+00, 1e+00]
  RHS range        [1e+00, 1e+03]

MIP start from previous solve did not produce a new incumbent solution
MIP start from previous solve violates constraint R106713 by 1.000000000

Presolve removed 78107 rows and 17405 columns
Presolve time: 2.35s
Presolved: 28606 rows, 7629 columns, 121287 nonzeros
Variable types: 6847 continuous, 782 integer (782 binary)

Root simplex log...

Iteration    Objective       Primal Inf.    Dual Inf.      Time
    9663    1.8549934e+02   1.156642e+01   0.000000e+00      5s
   10055    1.8550000e+02   0.000000e+00   0.000000e+00      5s

Root relaxation: objective 1.855000e+02, 10055 iterations, 2.68 seconds (2.87 work units)
Total elapsed time = 10.22s (DegenMoves)

    Nodes    |    Current Node    |     Objective Bounds      |     Work
 Expl Unexpl |  Obj  Depth IntInf | Incumbent    BestBd   Gap | It/Node Time

     0     0  185.50000    0  191          -  185.50000      -     -   10s
H    0     0                      86.0000000  185.50000   116%     -   10s
H    0     0                     143.0000000  185.50000  29.7%     -   10s
     0     0  184.00000    0  323  143.00000  184.00000  28.7%     -   17s
H    0     0                     148.0000000  184.00000  24.3%     -   18s
H    0     0                     153.0000000  184.00000  20.3%     -   18s
     0     0  184.00000    0  321  153.00000  184.00000  20.3%     -   18s
     0     0  184.00000    0  319  153.00000  184.00000  20.3%     -   22s
     0     0  184.00000    0  187  153.00000  184.00000  20.3%     -   35s
     0     0  184.00000    0  302  153.00000  184.00000  20.3%     -   37s
     0     0  184.00000    0  260  153.00000  184.00000  20.3%     -   38s
H    0     0                     169.0000000  184.00000  8.88%     -   39s
     0     0  184.00000    0  301  169.00000  184.00000  8.88%     -   39s
H    0     0                     172.0000000  184.00000  6.98%     -   39s
     0     0  184.00000    0  287  172.00000  184.00000  6.98%     -   39s
H    0     0                     172.0000063  184.00000  6.98%     -   63s
     0     0  184.00000    0  144  172.00001  184.00000  6.98%     -   63s
     0     0  184.00000    0  148  172.00001  184.00000  6.98%     -   64s
     0     0  184.00000    0   68  172.00001  184.00000  6.98%     -   82s
H    0     0                     172.0000125  184.00000  6.98%     -   82s
     0     0  184.00000    0   70  172.00001  184.00000  6.98%     -   88s
H    0     0                     172.0000138  184.00000  6.98%     -  108s
H    0     0                     172.0000147  184.00000  6.98%     -  108s
     0     0  184.00000    0  110  172.00001  184.00000  6.98%     -  120s
     0     0  184.00000    0  241  172.00001  184.00000  6.98%     -  123s
H    0     0                     172.0000166  184.00000  6.98%     -  136s
     0     0  182.00000    0  140  172.00002  182.00000  5.81%     -  138s
     0     0  182.00000    0  139  172.00002  182.00000  5.81%     -  139s
     0     0  181.00000    0  133  172.00002  181.00000  5.23%     -  147s
     0     0  181.00000    0  133  172.00002  181.00000  5.23%     -  152s
     0     0  181.00000    0    5  172.00002  181.00000  5.23%     -  164s
     0     0  181.00000    0   35  172.00002  181.00000  5.23%     -  165s
     0     0  181.00000    0   36  172.00002  181.00000  5.23%     -  165s
H    0     0                     172.0000188  181.00000  5.23%     -  168s
H    0     0                     172.0000231  181.00000  5.23%     -  168s
     0     0  181.00000    0    8  172.00002  181.00000  5.23%     -  168s
     0     0  181.00000    0   27  172.00002  181.00000  5.23%     -  169s
     0     0  181.00000    0   23  172.00002  181.00000  5.23%     -  171s
     0     0  181.00000    0   41  172.00002  181.00000  5.23%     -  171s
     0     0  181.00000    0   13  172.00002  181.00000  5.23%     -  173s
     0     0  181.00000    0   13  172.00002  181.00000  5.23%     -  174s
     0     0  181.00000    0   23  172.00002  181.00000  5.23%     -  176s
     0     0  181.00000    0   32  172.00002  181.00000  5.23%     -  177s
     0     0  181.00000    0   55  172.00002  181.00000  5.23%     -  177s
H    0     0                     172.0000278  181.00000  5.23%     -  178s
H    0     0                     172.0000296  181.00000  5.23%     -  178s
     0     0  181.00000    0   19  172.00003  181.00000  5.23%     -  178s
     0     0  181.00000    0   19  172.00003  181.00000  5.23%     -  178s
     0     0  181.00000    0   19  172.00003  181.00000  5.23%     -  179s
     0     0  181.00000    0   47  172.00003  181.00000  5.23%     -  179s
H    0     0                     172.0000305  181.00000  5.23%     -  181s
     0     0  181.00000    0   15  172.00003  181.00000  5.23%     -  181s
     0     0  181.00000    0   26  172.00003  181.00000  5.23%     -  181s
     0     0  181.00000    0    8  172.00003  181.00000  5.23%     -  182s
     0     0  181.00000    0   70  172.00003  181.00000  5.23%     -  182s
     0     0  178.00000    0    9  172.00003  178.00000  3.49%     -  184s
     0     0  178.00000    0   30  172.00003  178.00000  3.49%     -  184s
     0     0  176.50000    0    9  172.00003  176.50000  2.62%     -  185s
     0     0  176.50000    0    9  172.00003  176.50000  2.62%     -  185s
     0     2  176.50000    0    9  172.00003  176.50000  2.62%     -  186s
H  234   215                     172.0000315  176.50000  2.62%   141  188s
H  264   215                     172.0000329  176.50000  2.62%   127  188s
H  426   235                     172.0000334  176.50000  2.62%  92.4  188s
  1703   337  175.00000   14   16  172.00003  176.50000  2.62%  45.8  190s

Cutting planes:
  Cover: 1
  Implied bound: 34
  MIR: 24
  Flow cover: 10
  Zero half: 1
  RLT: 83
  BQP: 183

Explored 4192 nodes (401988 simplex iterations) in 191.55 seconds (114.47 work units)
Thread count was 32 (of 256 available processors)

Solution count 10: 172 172 172 ... 86

Optimal solution found (tolerance 1.00e-04)
Best objective 1.720000333565e+02, best bound 1.720000333728e+02, gap 0.0000%
Objective value: 172.00003335650732
lam[0,0] = 0.0
lam[0,1] = 0.0
lam[0,2] = 0.0
lam[0,3] = -0.0
lam[0,4] = 0.0
lam[0,5] = 1.0
lam[0,6] = 0.0
lam[0,7] = 0.0
lam[0,8] = 0.0
lam[1,0] = 0.0
lam[1,1] = 0.0
lam[1,2] = 1.0
lam[1,3] = 0.0
lam[1,4] = 0.0
lam[1,5] = -0.0
lam[1,6] = 0.0
lam[1,7] = 0.0
lam[1,8] = 0.0
lam[2,0] = 0.0
lam[2,1] = 0.0
lam[2,2] = 1.0
lam[2,3] = 0.0
lam[2,4] = 0.0
lam[2,5] = -0.0
lam[2,6] = 0.0
lam[2,7] = 0.0
lam[2,8] = 0.0
lam[3,0] = 0.0
lam[3,1] = 0.0
lam[3,2] = 1.0
lam[3,3] = 0.0
lam[3,4] = 0.0
lam[3,5] = 0.0
lam[3,6] = 0.0
lam[3,7] = 0.0
lam[3,8] = 0.0
tau[1,0,2] = -0.0
tau[1,0,3] = -0.0
tau[1,0,L0] = 1.0
tau[1,0,L1] = 0.0
tau[1,0,L2] = 0.0
tau[1,1,2] = -0.0
tau[1,1,3] = 0.0
tau[1,1,L0] = 1.0
tau[1,1,L1] = 0.0
tau[1,1,L2] = 0.0
tau[1,2,2] = -0.0
tau[1,2,3] = 0.0
tau[1,2,L0] = 0.0
tau[1,2,L1] = 0.0
tau[1,2,L2] = 1.0
tau[1,3,2] = -0.0
tau[1,3,3] = -0.0
tau[1,3,L0] = 1.0
tau[1,3,L1] = 0.0
tau[1,3,L2] = 0.0
tau[1,4,2] = -0.0
tau[1,4,3] = 0.0
tau[1,4,L0] = 1.0
tau[1,4,L1] = 0.0
tau[1,4,L2] = 0.0
tau[1,5,2] = -0.0
tau[1,5,3] = 0.0
tau[1,5,L0] = 1.0
tau[1,5,L1] = 0.0
tau[1,5,L2] = -0.0
tau[2,0,3] = 0.0
tau[2,0,L0] = 0.0
tau[2,0,L1] = -0.0
tau[2,0,L2] = 1.0
tau[2,1,3] = 0.0
tau[2,1,L0] = 0.0
tau[2,1,L1] = 1.0
tau[2,1,L2] = 0.0
tau[2,2,3] = 0.0
tau[2,2,L0] = 0.0
tau[2,2,L1] = 1.0
tau[2,2,L2] = -0.0
tau[2,3,3] = 0.0
tau[2,3,L0] = 0.0
tau[2,3,L1] = 1.0
tau[2,3,L2] = 0.0
tau[2,4,3] = 0.0
tau[2,4,L0] = 0.0
tau[2,4,L1] = 1.0
tau[2,4,L2] = 0.0
tau[2,5,3] = 0.0
tau[2,5,L0] = 0.0
tau[2,5,L1] = 1.0
tau[2,5,L2] = 0.0
tau[3,0,L0] = 0.0
tau[3,0,L1] = 0.0
tau[3,0,L2] = 1.0
tau[3,1,L0] = 0.0
tau[3,1,L1] = -0.0
tau[3,1,L2] = 1.0
tau[3,2,L0] = -0.0
tau[3,2,L1] = 1.0
tau[3,2,L2] = 0.0
tau[3,3,L0] = 0.0
tau[3,3,L1] = 1.0
tau[3,3,L2] = -0.0
tau[3,4,L0] = 1.0
tau[3,4,L1] = 0.0
tau[3,4,L2] = 0.0
tau[3,5,L0] = 1.0
tau[3,5,L1] = 0.0
tau[3,5,L2] = 0.0
tau[0,0,1] = 0.0
tau[0,0,2] = 1.0
tau[0,0,3] = 0.0
tau[0,0,L0] = 0.0
tau[0,0,L1] = 0.0
tau[0,0,L2] = 0.0
tau[0,1,1] = 0.0
tau[0,1,2] = 1.0
tau[0,1,3] = 0.0
tau[0,1,L0] = 0.0
tau[0,1,L1] = 0.0
tau[0,1,L2] = 0.0
tau[0,2,1] = 9.408382293241149e-07
tau[0,2,2] = 0.0
tau[0,2,3] = 1.0
tau[0,2,L0] = 0.0
tau[0,2,L1] = 0.0
tau[0,2,L2] = 0.0
tau[0,3,1] = 0.9999990591617596
tau[0,3,2] = 4.7041912032419475e-07
tau[0,3,3] = 0.0
tau[0,3,L0] = 0.0
tau[0,3,L1] = 9.408382410627308e-07
tau[0,3,L2] = -4.689905495320092e-07
tau[0,4,1] = 0.0
tau[0,4,2] = 0.0
tau[0,4,3] = 0.0
tau[0,4,L0] = 0.0
tau[0,4,L1] = 0.0
tau[0,4,L2] = 0.0
tau[0,5,1] = 0.0
tau[0,5,2] = 0.0
tau[0,5,3] = 0.0
tau[0,5,L0] = 0.0
tau[0,5,L1] = 0.0
tau[0,5,L2] = 0.0
m[0,0] = 1.0
m[0,1] = 1.0000004696021774
m[0,2] = 1.0
m[0,3] = 1.0
m[0,4] = 1.0000004692657813
m[0,5] = 1.0
m[0,6] = 1.0000004696021774
m[0,7] = 1.0000004696021774
m[0,8] = 1.0
m[0,9] = 1.0
m[0,10] = 1.0
m[0,11] = 1.0
m[0,12] = 1.0000004696021774
m[0,13] = 1.0
m[0,14] = 1.0
m[0,15] = 1.0
m[0,16] = 1.0
m[0,17] = 1.0
m[0,18] = 1.0
m[0,19] = 1.0
m[0,20] = 1.0
m[0,21] = 9.408382521947094e-07
m[0,22] = 1.0
m[0,23] = 1.0
m[0,24] = 1.0000004692657813
m[0,25] = 1.0000004692657813
m[0,26] = 1.0
m[0,27] = 1.0
m[0,28] = 1.0
m[0,29] = 1.0
m[0,30] = 1.0
m[0,31] = 1.0
m[0,32] = 1.0000004696021774
m[0,33] = 1.0000004696021774
m[0,34] = 1.0000004696021774
m[0,35] = 1.0
m[0,36] = 1.0000004692657813
m[0,37] = 1.0
m[0,38] = 1.0000004696021774
m[0,39] = 1.0
m[0,40] = 1.0
m[0,41] = 1.0000004696021774
m[0,42] = 1.0
m[0,43] = 1.0000004692657813
m[0,44] = 1.0
m[0,45] = 1.0000004696021774
m[0,46] = 1.0
m[0,47] = 1.0
m[0,48] = 1.0
m[0,49] = 1.0
m[0,50] = 1.0
m[0,51] = 1.0
m[0,52] = 1.0
m[0,53] = 1.0000004682566217
m[0,54] = 1.0
m[0,55] = 1.0000004682566217
m[0,56] = 1.0
m[0,57] = 1.0
m[0,58] = 1.0
m[0,59] = 0.0
m[0,60] = 9.408382295461597e-07
m[0,61] = 0.0
m[0,62] = 1.0
m[0,63] = 1.0
m[0,64] = 1.0
m[0,65] = 9.408382295461597e-07
m[0,66] = 1.0
m[0,67] = 1.0
m[0,68] = 9.408382295461597e-07
m[0,69] = 9.408382295461597e-07
m[0,70] = 9.408382295461597e-07
m[0,71] = 1.0
m[0,72] = 1.0
m[0,73] = 1.8816764821254616e-06
m[0,74] = 1.0
m[0,75] = 1.0
m[0,76] = 1.0
m[0,77] = 0.0
m[0,78] = 1.0
m[0,79] = 1.0
m[0,80] = 1.0
m[0,81] = 9.408382295461597e-07
m[0,82] = 1.0
m[0,83] = 1.0
m[0,84] = 1.0
m[0,85] = 1.0
m[0,86] = 1.0
m[0,87] = 1.0
m[0,88] = 1.0
m[0,89] = 1.0
m[0,90] = 1.0
m[0,91] = 0.0
m[0,92] = 0.0
m[0,93] = 1.0
m[0,94] = 1.0
m[0,95] = 1.0
m[0,96] = 0.0
m[0,97] = 1.0
m[0,98] = 1.0
m[0,99] = 1.0
m[0,100] = 1.0
m[0,101] = 0.0
m[0,102] = 1.0
m[0,103] = 1.0
m[0,104] = 1.0
m[0,105] = 1.0
m[0,106] = 1.0
m[0,107] = 1.0
m[0,108] = 1.0
m[0,109] = 9.408382521947094e-07
m[0,110] = 1.0
m[0,111] = 1.0
m[0,112] = 1.0
m[0,113] = 1.0
m[0,114] = 1.0
m[0,115] = 1.0
m[0,116] = 1.0
m[0,117] = 1.0
m[0,118] = 0.0
m[0,119] = 1.0
m[0,120] = 1.0
m[0,121] = 1.0
m[0,122] = 1.0
m[0,123] = 1.0
m[0,124] = 1.0
m[0,125] = 1.0
m[0,126] = 1.0
m[0,127] = 1.0
m[0,128] = 1.0
m[0,129] = 1.0
m[0,130] = 1.0
m[0,131] = 1.0
m[0,132] = 1.0
m[0,133] = 1.0
m[0,134] = 1.0
m[0,135] = 1.0000009399371879
m[0,136] = 1.0000009386757294
m[0,137] = 1.0
m[0,138] = 1.0
m[0,139] = 1.0
m[0,140] = 1.0
m[0,141] = 1.0000009386757294
m[0,142] = 1.0
m[0,143] = 1.0
m[0,144] = 1.0000009399371879
m[0,145] = 1.0000009369937843
m[0,146] = 1.0
m[0,147] = 1.0
m[0,148] = 1.0
m[0,149] = 1.0
m[0,150] = 0.0
m[0,151] = 1.0
m[0,152] = 1.0
m[0,153] = 1.0000009395167015
m[0,154] = 1.0
m[0,155] = 1.0000009395167015
m[0,156] = 1.0
m[0,157] = 1.0000009399371879
m[0,158] = 1.0
m[0,159] = 1.0
m[0,160] = 1.0
m[0,161] = 1.0000009386757294
m[0,162] = 1.0
m[0,163] = 1.0000009386757294
m[0,164] = 1.0
m[0,165] = 1.0
m[0,166] = 1.0000009399371879
m[0,167] = 1.0000009399371879
m[0,168] = 1.0000009399371879
m[0,169] = 1.0
m[0,170] = 1.0
m[0,171] = 1.0
m[0,172] = 1.0
m[0,173] = 1.0000009399371879
m[0,174] = 1.0000009399371879
m[0,175] = 1.0000009395167015
m[0,176] = 1.0000009395167015
m[0,177] = 1.0
u[0] = 1.0
u[1] = 1.0
u[2] = 1.0
u[3] = 1.0
o_u[0,0] = 0.0
o_u[0,1] = 0.0
o_u[0,2] = 0.0
o_u[0,3] = 0.0
o_u[0,4] = 0.0
o_u[0,5] = 1.0
o_u[0,6] = 0.0
o_u[0,7] = 0.0
o_u[0,8] = 0.0
o_u[1,0] = 0.0
o_u[1,1] = 0.0
o_u[1,2] = 1.0
o_u[1,3] = 0.0
o_u[1,4] = 0.0
o_u[1,5] = -0.0
o_u[1,6] = 0.0
o_u[1,7] = 0.0
o_u[1,8] = 0.0
o_u[2,0] = 0.0
o_u[2,1] = 0.0
o_u[2,2] = 1.0
o_u[2,3] = 0.0
o_u[2,4] = 0.0
o_u[2,5] = 0.0
o_u[2,6] = 0.0
o_u[2,7] = 0.0
o_u[2,8] = 0.0
o_u[3,0] = 0.0
o_u[3,1] = 0.0
o_u[3,2] = 1.0
o_u[3,3] = 0.0
o_u[3,4] = 0.0
o_u[3,5] = 0.0
o_u[3,6] = 0.0
o_u[3,7] = 0.0
o_u[3,8] = 0.0
THE NEW CORRECTNESS IS: 0.8988765918904904, AND THE NEW EXPLAINABILITY IS: 12.0
************************************************************
New pareto points added, correctness = 0.8988765918904904 , explainability = 12.0
App ending 1......
End of find_pareto_solution_more_e 4 @@@@@@@@@@@@@
Inside find_pareto_solution_more_e
----------------------------------
THE CURRENT CORRECTNESS IS: 0.8988765918904904, AND THE CURRENT EXPLAINABILITY IS: 12.0
Gurobi Optimizer version 12.0.3 build v12.0.3rc0 (linux64 - "Ubuntu 22.04.5 LTS")

CPU model: AMD EPYC 7742 64-Core Processor, instruction set [SSE2|AVX|AVX2]
Thread count: 128 physical cores, 256 logical processors, using up to 32 threads

Optimize a model with 106713 rows, 25034 columns and 327232 nonzeros
Model fingerprint: 0xda406493
Variable types: 24926 continuous, 108 integer (0 binary)
Coefficient statistics:
  Matrix range     [1e+00, 3e+00]
  Objective range  [1e+00, 3e+00]
  Bounds range     [1e+00, 1e+00]
  RHS range        [1e+00, 1e+03]

MIP start from previous solve did not produce a new incumbent solution
MIP start from previous solve violates constraint R106715 by 1.000000000

Presolve removed 78107 rows and 17405 columns
Presolve time: 4.32s
Presolved: 28606 rows, 7629 columns, 121287 nonzeros
Variable types: 6847 continuous, 782 integer (782 binary)

Root simplex log...

Iteration    Objective       Primal Inf.    Dual Inf.      Time
    3180    1.7249952e+02   3.728593e+03   0.000000e+00      5s
    9277    1.7250003e+02   0.000000e+00   0.000000e+00      7s

Root relaxation: objective 1.725000e+02, 9277 iterations, 2.87 seconds (2.23 work units)
Total elapsed time = 10.62s (DegenMoves)

    Nodes    |    Current Node    |     Objective Bounds      |     Work
 Expl Unexpl |  Obj  Depth IntInf | Incumbent    BestBd   Gap | It/Node Time

     0     0  172.50003    0  188          -  172.50003      -     -   11s
     0     0 infeasible    0               - infeasible      -     -   12s

Cutting planes:
  Gomory: 8
  Implied bound: 57
  MIR: 13
  Flow cover: 17
  Zero half: 9
  RLT: 31
  BQP: 70

Explored 1 nodes (22351 simplex iterations) in 12.60 seconds (8.51 work units)
Thread count was 32 (of 256 available processors)

Solution count 0
No other solutions better than -1e+100

Model is infeasible
Best objective -, best bound -, gap -
[INFO] Model became infeasible under the new cuts.
End of find_pareto_solution_more_e 2 @@@@@@@@@@@
Inside find_pareto_solution_more_c
Gurobi Optimizer version 12.0.3 build v12.0.3rc0 (linux64 - "Ubuntu 22.04.5 LTS")

CPU model: AMD EPYC 7742 64-Core Processor, instruction set [SSE2|AVX|AVX2]
Thread count: 128 physical cores, 256 logical processors, using up to 32 threads

Optimize a model with 106713 rows, 25034 columns and 327232 nonzeros
Model fingerprint: 0x5459eae8
Variable types: 24926 continuous, 108 integer (0 binary)
Coefficient statistics:
  Matrix range     [1e+00, 3e+00]
  Objective range  [1e+00, 3e+00]
  Bounds range     [1e+00, 1e+00]
  RHS range        [1e+00, 1e+03]

MIP start from previous solve did not produce a new incumbent solution
MIP start from previous solve violates constraint R106711 by 1.000000000

Presolve removed 78108 rows and 17405 columns
Presolve time: 1.91s
Presolved: 28605 rows, 7629 columns, 121285 nonzeros
Variable types: 6847 continuous, 782 integer (782 binary)

Root simplex log...

Iteration    Objective       Primal Inf.    Dual Inf.      Time
    7963    1.8699976e+02   2.373244e+03   0.000000e+00      5s
   14234    1.8700000e+02   0.000000e+00   0.000000e+00      9s

Root relaxation: objective 1.870000e+02, 14234 iterations, 6.74 seconds (7.58 work units)
Total elapsed time = 10.30s (DegenMoves)
Total elapsed time = 22.25s (DegenMoves)

    Nodes    |    Current Node    |     Objective Bounds      |     Work
 Expl Unexpl |  Obj  Depth IntInf | Incumbent    BestBd   Gap | It/Node Time

     0     0  187.00000    0   65          -  187.00000      -     -   24s
     0     0  187.00000    0  447          -  187.00000      -     -   28s
     0     0  187.00000    0  318          -  187.00000      -     -   29s
     0     0  187.00000    0  526          -  187.00000      -     -   35s
     0     0  187.00000    0   79          -  187.00000      -     -   63s
     0     0  187.00000    0  576          -  187.00000      -     -   67s
     0     0  187.00000    0  582          -  187.00000      -     -   68s
     0     0  187.00000    0   34          -  187.00000      -     -   99s
     0     0  187.00000    0   34          -  187.00000      -     -   99s
     0     0  187.00000    0   15          -  187.00000      -     -  153s
     0     0  187.00000    0   61          -  187.00000      -     -  158s
     0     0  187.00000    0   81          -  187.00000      -     -  206s
     0     0  187.00000    0  527          -  187.00000      -     -  216s
     0     0  187.00000    0   30          -  187.00000      -     -  255s
     0     0  187.00000    0   15          -  187.00000      -     -  257s
     0     0  187.00000    0   87          -  187.00000      -     -  284s
     0     0  187.00000    0   87          -  187.00000      -     -  294s
     0     2  187.00000    0   31          -  187.00000      -     -  347s
     3     8  187.00000    2  405          -  187.00000      -  6011  353s
     7    16  187.00000    3  293          -  187.00000      -  3232  356s
    31    60  187.00000    5  333          -  187.00000      -  2460  364s
    61    92  187.00000    6  338          -  187.00000      -  2639  367s
    93   313  187.00000    7  302          -  187.00000      -  2275  373s
   356   472  187.00000   15   85          -  187.00000      -  1248  382s
   719   655  186.00000   17   88          -  187.00000      -   943  388s
  1287   830  184.34783   21  255          -  187.00000      -   731  394s
  1760  1013  186.80000   14  123          -  187.00000      -   674  401s
  2243  1216 infeasible   20               -  187.00000      -   643  416s
  2866  1368  187.00000    7  331          -  187.00000      -   593  430s
  3350  1542  187.00000   11  166          -  187.00000      -   589  440s
  4008  1705  186.75000   12   40          -  187.00000      -   563  449s
  4603  1891  187.00000   13   69          -  187.00000      -   558  458s
  5265  2126  187.00000   13  121          -  187.00000      -   546  469s
  6059  2127  186.00000   16  526          -  187.00000      -   532  497s
  6061  2128  186.25000   15  178          -  187.00000      -   532  516s
  6063  2130  183.50000   18  439          -  187.00000      -   532  520s
  6064  2130  186.00000   17   32          -  187.00000      -   532  559s
  6065  2131  187.00000   12  643          -  187.00000      -   532  579s
  6066  2132  186.00000   17   68          -  187.00000      -   531  602s
  6068  2133  187.00000   15   33          -  187.00000      -   531  623s
  6069  2134  185.00000   17  584          -  187.00000      -   531  627s
  6070  2134  187.00000   14   29          -  187.00000      -   531  650s
  6071  2135  185.64706   17   72          -  187.00000      -   531  689s
  6072  2136  184.00000   18   73          -  187.00000      -   531  690s
  6073  2136  186.83333   17  177          -  187.00000      -   531  702s
  6074  2137  184.17431   13  591          -  187.00000      -   531  707s
  6075  2138  187.00000   15   67          -  187.00000      -   531  738s
  6076  2138  186.22222   14   67          -  187.00000      -   531  766s
  6077  2139  186.00000   14   67          -  187.00000      -   530  787s
  6078  2143  187.00000   16  682          -  187.00000      -   625  817s
  6080  2146  187.00000   17  644          -  187.00000      -   627  824s
  6084  2153  187.00000   18  521          -  187.00000      -   629  829s
  6092  2166  187.00000   19  569          -  187.00000      -   631  839s
  6108  2193  187.00000   20  434          -  187.00000      -   636  844s
  6140  2214  187.00000   21  450          -  187.00000      -   642  846s
  6172  2348  187.00000   22  255          -  187.00000      -   644  859s
  6324  2428  187.00000   23  238          -  187.00000      -   670  873s
  6491  2432  187.00000   25  111          -  187.00000      -   694  895s
  6600  2517  186.90909   27  176          -  187.00000      -   722  908s
  6901  2603  185.77778   31  200          -  187.00000      -   734  926s
  7307  2609  184.00000   36  133          -  187.00000      -   749  936s
  7763  2648  187.00000   25  156          -  187.00000      -   760  944s
  8194  2710  187.00000   26  331          -  187.00000      -   766  962s
  8847  2777  187.00000   29  167          -  187.00000      -   766  984s
  9719  2712  187.00000   30  198          -  187.00000      -   759 1013s
 10619  2707  185.50000   36   83          -  187.00000      -   755 1043s
 11508  2601  187.00000   26  106          -  187.00000      -   750 1065s
 12370  2501  186.50000   30  105          -  187.00000      -   743 1082s
 13246  2707  187.00000   30  326          -  187.00000      -   740 1097s
 14325  2864  186.00000   30  207          -  187.00000      -   731 1108s
 15169  2936  187.00000   30  391          -  187.00000      -   723 1130s
 15379  3159 infeasible   34               -  187.00000      -   722 1162s
 16635  3321  185.42857   37   34          -  187.00000      -   710 1188s
 17517  3511  187.00000   28  331          -  187.00000      -   707 1213s
 18515  3745  186.00000   32  255          -  187.00000      -   704 1230s
 19745  3878 infeasible   35               -  187.00000      -   697 1248s
 20539  4084  185.14286   32  162          -  187.00000      -   695 1278s
 21657  4294  187.00000   26  294          -  187.00000      -   692 1307s
 22812  4462  184.66667   32  137          -  187.00000      -   685 1333s
 23928  4764 infeasible   31               -  187.00000      -   681 1347s
 25323  4854 infeasible   32               -  187.00000      -   672 1358s
 26153  5092  186.70968   34  261          -  187.00000      -   670 1375s
 27435  5318  184.71429   32  183          -  187.00000      -   664 1393s
 28724  5565  183.00000   30   39          -  187.00000      -   661 1424s
 30296  5863 infeasible   26               -  187.00000      -   654 1451s
 32520  5987  185.25000   33   65          -  187.00000      -   643 1459s
 33202  6225 infeasible   34               -  187.00000      -   642 1472s
 34497  6350  185.00000   34  108          -  187.00000      -   638 1484s
 35722  6483  187.00000   33  235          -  187.00000      -   635 1500s
 37037  6636 infeasible   35               -  187.00000      -   633 1512s
 38372  6762  185.50000   33   43          -  187.00000      -   631 1526s
 39756  6906  186.75000   27  226          -  187.00000      -   627 1543s
 40810  7030  187.00000   32  144          -  187.00000      -   625 1558s
 42327  7184  182.00000   41   60          -  187.00000      -   622 1577s
 44344  7361  187.00000   31  180          -  187.00000      -   615 1596s
 46190  7590  185.00000   34   70          -  187.00000      -   611 1611s
*47017  6505              46     184.0000000  187.00000  1.63%   610 1611s
 48055  6471  186.54545   32  293  184.00000  187.00000  1.63%   607 1629s
 48412  6483  185.20000   32  243  184.00000  187.00000  1.63%   607 1643s
 49789  6479  184.33333   33  288  184.00000  187.00000  1.63%   603 1658s
 49941  6497     cutoff   33       184.00000  187.00000  1.63%   603 1675s
 50468  6501  186.50000   37   38  184.00000  187.00000  1.63%   602 1691s
 50680  6490 infeasible   38       184.00000  187.00000  1.63%   602 1715s
 51185  6484  186.00000   34   64  184.00000  187.00000  1.63%   600 1738s
 52167  6451  185.50000   35   61  184.00000  187.00000  1.63%   598 1766s
 54667  6403  185.00000   33  199  184.00000  187.00000  1.63%   591 1796s
 57261  6222     cutoff   35       184.00000  186.78125  1.51%   586 1837s
 60119  5895     cutoff   35       184.00000  186.66667  1.45%   582 1880s
 63540  5900  185.00000   34   52  184.00000  186.50000  1.36%   576 1899s
 63637  5723     cutoff   36       184.00000  186.50000  1.36%   576 1931s
 65939  5153 infeasible   37       184.00000  186.50000  1.36%   572 1961s
 69800  4797 infeasible   39       184.00000  186.25000  1.22%   564 1990s
 73027  4492  184.85714   31  225  184.00000  186.00000  1.09%   561 2013s
 76097  4009  184.66667   36  146  184.00000  186.00000  1.09%   560 2040s
 79456  3293     cutoff   32       184.00000  186.00000  1.09%   557 2057s
 83289  1956  184.13043   34  251  184.00000  185.83333  1.00%   550 2084s
 87511   155     cutoff   37       184.00000  185.25000  0.68%   541 2103s

Cutting planes:
  Cover: 2
  Implied bound: 49
  Clique: 2
  MIR: 100
  Flow cover: 37
  RLT: 564
  Relax-and-lift: 7
  BQP: 223

Explored 91267 nodes (48468087 simplex iterations) in 2105.71 seconds (1347.42 work units)
Thread count was 32 (of 256 available processors)

Solution count 2: 184 184 

Optimal solution found (tolerance 1.00e-04)
Best objective 1.840000000000e+02, best bound 1.840000000000e+02, gap 0.0000%
Objective value: 184.0
lam[0,0] = 0.0
lam[0,1] = 0.0
lam[0,2] = 1.0
lam[0,3] = 0.0
lam[0,4] = 0.0
lam[0,5] = 0.0
lam[0,6] = 0.0
lam[0,7] = 0.0
lam[0,8] = 0.0
lam[1,0] = 0.0
lam[1,1] = 0.0
lam[1,2] = 0.0
lam[1,3] = 0.0
lam[1,4] = 0.0
lam[1,5] = 1.0
lam[1,6] = 0.0
lam[1,7] = 0.0
lam[1,8] = 0.0
lam[2,0] = 1.0
lam[2,1] = 0.0
lam[2,2] = 0.0
lam[2,3] = 0.0
lam[2,4] = 0.0
lam[2,5] = 0.0
lam[2,6] = 0.0
lam[2,7] = 0.0
lam[2,8] = 0.0
lam[3,0] = 0.0
lam[3,1] = 0.0
lam[3,2] = 0.0
lam[3,3] = 0.0
lam[3,4] = 0.0
lam[3,5] = 0.0
lam[3,6] = 0.0
lam[3,7] = 1.0
lam[3,8] = 0.0
tau[1,0,2] = 0.0
tau[1,0,3] = 0.0
tau[1,0,L0] = 0.0
tau[1,0,L1] = 1.0
tau[1,0,L2] = 0.0
tau[1,1,2] = 0.0
tau[1,1,3] = 0.0
tau[1,1,L0] = 0.0
tau[1,1,L1] = 1.0
tau[1,1,L2] = 0.0
tau[1,2,2] = 1.0
tau[1,2,3] = 0.0
tau[1,2,L0] = 0.0
tau[1,2,L1] = 0.0
tau[1,2,L2] = 0.0
tau[1,3,2] = 0.0
tau[1,3,3] = 0.0
tau[1,3,L0] = 1.0
tau[1,3,L1] = 0.0
tau[1,3,L2] = 0.0
tau[1,4,2] = 0.0
tau[1,4,3] = 0.0
tau[1,4,L0] = 0.0
tau[1,4,L1] = 0.0
tau[1,4,L2] = 0.0
tau[1,5,2] = 0.0
tau[1,5,3] = 0.0
tau[1,5,L0] = 0.0
tau[1,5,L1] = 0.0
tau[1,5,L2] = 0.0
tau[2,0,3] = 0.0
tau[2,0,L0] = 0.0
tau[2,0,L1] = 1.0
tau[2,0,L2] = 0.0
tau[2,1,3] = 0.0
tau[2,1,L0] = 1.0
tau[2,1,L1] = 0.0
tau[2,1,L2] = 0.0
tau[2,2,3] = 0.0
tau[2,2,L0] = 1.0
tau[2,2,L1] = 0.0
tau[2,2,L2] = 0.0
tau[2,3,3] = 0.0
tau[2,3,L0] = 1.0
tau[2,3,L1] = 0.0
tau[2,3,L2] = 0.0
tau[2,4,3] = 0.0
tau[2,4,L0] = 0.0
tau[2,4,L1] = 0.0
tau[2,4,L2] = 0.0
tau[2,5,3] = 0.0
tau[2,5,L0] = 0.0
tau[2,5,L1] = 0.0
tau[2,5,L2] = 0.0
tau[3,0,L0] = 0.0
tau[3,0,L1] = 1.0
tau[3,0,L2] = 0.0
tau[3,1,L0] = 0.0
tau[3,1,L1] = 0.0
tau[3,1,L2] = 1.0
tau[3,2,L0] = 0.0
tau[3,2,L1] = 0.0
tau[3,2,L2] = 0.0
tau[3,3,L0] = 0.0
tau[3,3,L1] = 0.0
tau[3,3,L2] = 0.0
tau[3,4,L0] = 0.0
tau[3,4,L1] = 0.0
tau[3,4,L2] = 0.0
tau[3,5,L0] = 0.0
tau[3,5,L1] = 0.0
tau[3,5,L2] = 0.0
tau[0,0,1] = 0.0
tau[0,0,2] = 0.0
tau[0,0,3] = 1.0
tau[0,0,L0] = 0.0
tau[0,0,L1] = 0.0
tau[0,0,L2] = 0.0
tau[0,1,1] = 0.0
tau[0,1,2] = 0.0
tau[0,1,3] = 0.0
tau[0,1,L0] = 0.0
tau[0,1,L1] = 1.0
tau[0,1,L2] = 0.0
tau[0,2,1] = 0.0
tau[0,2,2] = 0.0
tau[0,2,3] = 0.0
tau[0,2,L0] = 0.0
tau[0,2,L1] = 1.0
tau[0,2,L2] = 0.0
tau[0,3,1] = 1.0
tau[0,3,2] = 0.0
tau[0,3,3] = 0.0
tau[0,3,L0] = 0.0
tau[0,3,L1] = 0.0
tau[0,3,L2] = 0.0
tau[0,4,1] = 1.0
tau[0,4,2] = 0.0
tau[0,4,3] = 0.0
tau[0,4,L0] = 0.0
tau[0,4,L1] = 0.0
tau[0,4,L2] = 0.0
tau[0,5,1] = 1.0
tau[0,5,2] = 0.0
tau[0,5,3] = 0.0
tau[0,5,L0] = 0.0
tau[0,5,L1] = 0.0
tau[0,5,L2] = 0.0
m[0,0] = 1.0
m[0,1] = 1.0
m[0,2] = 1.0
m[0,3] = 1.0
m[0,4] = 1.0
m[0,5] = 1.0
m[0,6] = 1.0
m[0,7] = 1.0
m[0,8] = 1.0
m[0,9] = 1.0
m[0,10] = 1.0
m[0,11] = 1.0
m[0,12] = 1.0
m[0,13] = 1.0
m[0,14] = 1.0
m[0,15] = 1.0
m[0,16] = 1.0
m[0,17] = 1.0
m[0,18] = 1.0
m[0,19] = 1.0
m[0,20] = 1.0
m[0,21] = 1.0
m[0,22] = 1.0
m[0,23] = 1.0
m[0,24] = 1.0
m[0,25] = 1.0
m[0,26] = 1.0
m[0,27] = 1.0
m[0,28] = 1.0
m[0,29] = 1.0
m[0,30] = 1.0
m[0,31] = 1.0
m[0,32] = 1.0
m[0,33] = 1.0
m[0,34] = 1.0
m[0,35] = 1.0
m[0,36] = 1.0
m[0,37] = 1.0
m[0,38] = 1.0
m[0,39] = 1.0
m[0,40] = 1.0
m[0,41] = 1.0
m[0,42] = 1.0
m[0,43] = 1.0
m[0,44] = 1.0
m[0,45] = 1.0
m[0,46] = 1.0
m[0,47] = 1.0
m[0,48] = 1.0
m[0,49] = 1.0
m[0,50] = 1.0
m[0,51] = 1.0
m[0,52] = 1.0
m[0,53] = 1.0
m[0,54] = 1.0
m[0,55] = 1.0
m[0,56] = 1.0
m[0,57] = 1.0
m[0,58] = 1.0
m[0,59] = 1.0
m[0,60] = 1.0
m[0,61] = 0.0
m[0,62] = 1.0
m[0,63] = 1.0
m[0,64] = 1.0
m[0,65] = 1.0
m[0,66] = 1.0
m[0,67] = 1.0
m[0,68] = 1.0
m[0,69] = 1.0
m[0,70] = 1.0
m[0,71] = 1.0
m[0,72] = 1.0
m[0,73] = 0.0
m[0,74] = 1.0
m[0,75] = 1.0
m[0,76] = 1.0
m[0,77] = 1.0
m[0,78] = 1.0
m[0,79] = 1.0
m[0,80] = 1.0
m[0,81] = 1.0
m[0,82] = 1.0
m[0,83] = 1.0
m[0,84] = 1.0
m[0,85] = 1.0
m[0,86] = 1.0
m[0,87] = 1.0
m[0,88] = 1.0
m[0,89] = 1.0
m[0,90] = 1.0
m[0,91] = 1.0
m[0,92] = 1.0
m[0,93] = 1.0
m[0,94] = 1.0
m[0,95] = 1.0
m[0,96] = 1.0
m[0,97] = 1.0
m[0,98] = 1.0
m[0,99] = 1.0
m[0,100] = 1.0
m[0,101] = 1.0
m[0,102] = 1.0
m[0,103] = 1.0
m[0,104] = 1.0
m[0,105] = 1.0
m[0,106] = 1.0
m[0,107] = 1.0
m[0,108] = 1.0
m[0,109] = 1.0
m[0,110] = 1.0
m[0,111] = 1.0
m[0,112] = 1.0
m[0,113] = 1.0
m[0,114] = 1.0
m[0,115] = 1.0
m[0,116] = 1.0
m[0,117] = 1.0
m[0,118] = 1.0
m[0,119] = 1.0
m[0,120] = 1.0
m[0,121] = 1.0
m[0,122] = 1.0
m[0,123] = 1.0
m[0,124] = 1.0
m[0,125] = 1.0
m[0,126] = 1.0
m[0,127] = 1.0
m[0,128] = 1.0
m[0,129] = 1.0
m[0,130] = 1.0
m[0,131] = 1.0
m[0,132] = 1.0
m[0,133] = 1.0
m[0,134] = 1.0
m[0,135] = 1.0
m[0,136] = 1.0
m[0,137] = 1.0
m[0,138] = 1.0
m[0,139] = 1.0
m[0,140] = 1.0
m[0,141] = 1.0
m[0,142] = 1.0
m[0,143] = 1.0
m[0,144] = 1.0
m[0,145] = 1.0
m[0,146] = 1.0
m[0,147] = 1.0
m[0,148] = 1.0
m[0,149] = 1.0
m[0,150] = 0.0
m[0,151] = 1.0
m[0,152] = 1.0
m[0,153] = 1.0
m[0,154] = 1.0
m[0,155] = 1.0
m[0,156] = 1.0
m[0,157] = 1.0
m[0,158] = 1.0
m[0,159] = 1.0
m[0,160] = 1.0
m[0,161] = 1.0
m[0,162] = 1.0
m[0,163] = 1.0
m[0,164] = 1.0
m[0,165] = 1.0
m[0,166] = 1.0
m[0,167] = 1.0
m[0,168] = 1.0
m[0,169] = 1.0
m[0,170] = 1.0
m[0,171] = 1.0
m[0,172] = 1.0
m[0,173] = 1.0
m[0,174] = 1.0
m[0,175] = 1.0
m[0,176] = 1.0
m[0,177] = 1.0
u[0] = 1.0
u[1] = 1.0
u[2] = 1.0
u[3] = 1.0
o_u[0,0] = 0.0
o_u[0,1] = 0.0
o_u[0,2] = 1.0
o_u[0,3] = 0.0
o_u[0,4] = 0.0
o_u[0,5] = 0.0
o_u[0,6] = 0.0
o_u[0,7] = 0.0
o_u[0,8] = 0.0
o_u[1,0] = 0.0
o_u[1,1] = 0.0
o_u[1,2] = 0.0
o_u[1,3] = 0.0
o_u[1,4] = 0.0
o_u[1,5] = 1.0
o_u[1,6] = 0.0
o_u[1,7] = 0.0
o_u[1,8] = 0.0
o_u[2,0] = 1.0
o_u[2,1] = 0.0
o_u[2,2] = 0.0
o_u[2,3] = 0.0
o_u[2,4] = 0.0
o_u[2,5] = 0.0
o_u[2,6] = 0.0
o_u[2,7] = 0.0
o_u[2,8] = 0.0
o_u[3,0] = 0.0
o_u[3,1] = 0.0
o_u[3,2] = 0.0
o_u[3,3] = 0.0
o_u[3,4] = 0.0
o_u[3,5] = 0.0
o_u[3,6] = 0.0
o_u[3,7] = 1.0
o_u[3,8] = 0.0
New pareto points added, correctness = 0.9831460674157303 , explainability = 9.0
App ending 2.................
End of find_pareto_solution_more_c 4 |||||||||||||||||
Inside find_pareto_solution_more_c
Gurobi Optimizer version 12.0.3 build v12.0.3rc0 (linux64 - "Ubuntu 22.04.5 LTS")

CPU model: AMD EPYC 7742 64-Core Processor, instruction set [SSE2|AVX|AVX2]
Thread count: 128 physical cores, 256 logical processors, using up to 32 threads

Optimize a model with 106713 rows, 25034 columns and 327232 nonzeros
Model fingerprint: 0x1222634a
Variable types: 24926 continuous, 108 integer (0 binary)
Coefficient statistics:
  Matrix range     [1e+00, 3e+00]
  Objective range  [1e+00, 3e+00]
  Bounds range     [1e+00, 1e+00]
  RHS range        [1e+00, 1e+03]

MIP start from previous solve did not produce a new incumbent solution
MIP start from previous solve violates constraint R106713 by 1.000000000

Presolve removed 78108 rows and 17405 columns
Presolve time: 4.87s
Presolved: 28605 rows, 7629 columns, 121285 nonzeros
Variable types: 6847 continuous, 782 integer (782 binary)

Root simplex log...

Iteration    Objective       Primal Inf.    Dual Inf.      Time
       0    2.1500000e+02   3.624000e+03   0.000000e+00      5s
   11426    1.8599976e+02   1.109319e+02   0.000000e+00     10s
   13868    1.8600000e+02   0.000000e+00   0.000000e+00     11s

Root relaxation: objective 1.860000e+02, 13868 iterations, 6.13 seconds (7.56 work units)
Total elapsed time = 20.52s (DegenMoves)

    Nodes    |    Current Node    |     Objective Bounds      |     Work
 Expl Unexpl |  Obj  Depth IntInf | Incumbent    BestBd   Gap | It/Node Time

     0     0  186.00000    0   17          -  186.00000      -     -   23s
     0     0  186.00000    0  472          -  186.00000      -     -   26s
     0     0  186.00000    0  507          -  186.00000      -     -   30s
     0     0  186.00000    0   64          -  186.00000      -     -   52s
     0     0  186.00000    0  622          -  186.00000      -     -   55s
     0     0  186.00000    0  583          -  186.00000      -     -   57s
     0     0  186.00000    0   25          -  186.00000      -     -   74s
     0     0  186.00000    0  603          -  186.00000      -     -   77s
     0     0  186.00000    0   25          -  186.00000      -     -  111s
     0     0  186.00000    0   25          -  186.00000      -     -  118s
     0     2  186.00000    0   25          -  186.00000      -     -  149s
     1     5  186.00000    1   65          -  186.00000      - 12695  150s
     7    16  186.00000    3  360          -  186.00000      -  5066  158s
    15    32  186.00000    4  354          -  186.00000      -  3622  164s
    31    64  186.00000    5  324          -  186.00000      -  2705  173s
    63    94  186.00000    6  291          -  186.00000      -  2316  176s
    95   185  186.00000    7  266          -  186.00000      -  1920  198s
   196   365  185.50000   10  242          -  186.00000      -  1217  205s
   428   496  184.50000   15  251          -  186.00000      -  1246  224s
   890   578  184.41667   15  190          -  186.00000      -   984  234s
  1408   683 infeasible   20               -  186.00000      -   819  242s
  1865   807  186.00000   11  135          -  186.00000      -   753  252s
  2369   987  185.50000   15   92          -  186.00000      -   733  260s
  2971  1176  186.00000    7  211          -  186.00000      -   705  277s
  3758  1401  186.00000   12   27          -  186.00000      -   668  304s
  4522  1619  184.80000   21   31          -  186.00000      -   651  327s
  5596  1799  185.77778   13  230          -  186.00000      -   621  338s
  6598  2022  185.75000   11  201          -  186.00000      -   604  354s
  7632  2023  186.00000   19  507          -  186.00000      -   594  381s
  7634  2024  186.00000   19   19          -  186.00000      -   594  404s
  7635  2025  185.00000   12  470          -  186.00000      -   594  408s
  7636  2026  183.00000   18  552          -  186.00000      -   594  411s
  7637  2026  183.80000   10   25          -  186.00000      -   594  438s
  7638  2027  185.62791   13  103          -  186.00000      -   594  472s
  7640  2028  184.00000   20   92          -  186.00000      -   594  479s
  7641  2029  183.90000   18   96          -  186.00000      -   594  481s
  7642  2030  183.83333   17   24          -  186.00000      -   593  544s
  7643  2030  184.66667   28   77          -  186.00000      -   593  551s
  7644  2031  185.00000   17  122          -  186.00000      -   593  587s
  7646  2032  185.80000   15  102          -  186.00000      -   593  613s
  7647  2033  185.00000   18  487          -  186.00000      -   593  619s
  7648  2034  184.50000   25   19          -  186.00000      -   593  650s
  7649  2034  186.00000   19   13          -  186.00000      -   593  682s
  7650  2035  185.00000   14   13          -  186.00000      -   593  686s
  7651  2039  186.00000   11  552          -  186.00000      -   642  696s
  7657  2049  186.00000   13  245          -  186.00000      -   644  705s
  7665  2062  186.00000   14  656          -  186.00000      -   647  715s
  7681  2089  186.00000   15  561          -  186.00000      -   651  723s
  7713  2110  186.00000   16  521          -  186.00000      -   658  734s
  7745  2241  186.00000   17  516          -  186.00000      -   659  759s
  7906  2306  186.00000   19  465          -  186.00000      -   680  801s
  8144  2303  186.00000   20   31          -  186.00000      -   721  819s
  8376  2305  186.00000   21  238          -  186.00000      -   743  883s
  8548  2408  185.81818   22  267          -  186.00000      -   773  926s
  9177  2378  186.00000   20  221          -  186.00000      -   805  968s
  9909  2310 infeasible   29               -  186.00000      -   819 1019s
 10754  2195  186.00000   22  212          -  186.00000      -   832 1068s
 12072  1994  186.00000   24  336          -  186.00000      -   831 1130s
 13264  1848  186.00000   21  113          -  186.00000      -   837 1175s
 14882  1874  185.75000   21  191          -  186.00000      -   830 1203s
 16211  2030 infeasible   29               -  186.00000      -   824 1227s
 17720  2277  186.00000   21   93          -  186.00000      -   815 1249s
 19418  2442  186.00000   24  357          -  186.00000      -   810 1259s
 20101  2442  186.00000   24  118          -  186.00000      -   802 1260s
 21257  2494  184.75000   22  131          -  186.00000      -   795 1281s
 21528  2664  186.00000   23  330          -  186.00000      -   793 1294s
 23567  2801 infeasible   38               -  186.00000      -   782 1301s
 24837  2983  186.00000   27   74          -  186.00000      -   777 1309s
 26810  3121  186.00000   21  178          -  186.00000      -   767 1318s
 28348  3314 infeasible   30               -  186.00000      -   763 1325s
 29904  3440  186.00000   21  295          -  186.00000      -   759 1338s
 31628  3522  185.59259   26  249          -  186.00000      -   753 1345s
 32866  3677  184.50909   28  325          -  186.00000      -   752 1354s
 34379  3800  185.50000   28   38          -  186.00000      -   748 1362s
 35699  3895 infeasible   27               -  186.00000      -   747 1369s
 37134  3988  186.00000   28  277          -  186.00000      -   743 1379s
 38421  4095  186.00000   31  343          -  186.00000      -   742 1386s
 39511  4155 infeasible   36               -  186.00000      -   742 1396s
 41039  4315  185.00000   29  187          -  186.00000      -   740 1404s
 42848  4447  186.00000   31  226          -  186.00000      -   737 1416s
 44519  4558  184.80000   28  130          -  186.00000      -   736 1425s
 46316  4693 infeasible   34               -  186.00000      -   732 1433s
 48187  4787 infeasible   32               -  186.00000      -   730 1444s
 49815  5045  186.00000   31  324          -  186.00000      -   729 1452s
 51431  5150  186.00000   25  138          -  186.00000      -   730 1459s
 53378  5368  185.80000   25  158          -  186.00000      -   727 1467s
 55217  5509  185.33333   24  137          -  186.00000      -   727 1477s
 57213  5691  186.00000   31  264          -  186.00000      -   727 1487s
 59439  5852 infeasible   31               -  186.00000      -   726 1678s
 62464  6024  186.00000   31   59          -  186.00000      -   724 1692s
 64061  6232  186.00000   21  318          -  186.00000      -   729 1702s
 66412  6336 infeasible   31               -  186.00000      -   730 1718s
 69448  6430  186.00000   21  128          -  186.00000      -   728 1729s
 72010  6509  184.00000   26   97          -  186.00000      -   728 1740s
 75002  6569 infeasible   31               -  186.00000      -   727 1760s
 75502  6693  185.44444   36  287          -  186.00000      -   727 1779s
 78871  6734  184.50000   32   30          -  186.00000      -   725 1792s
 82633  6813  185.00000   22  161          -  186.00000      -   721 1811s
 86322  6827 infeasible   23               -  186.00000      -   718 1825s
 90363  6878 infeasible   30               -  186.00000      -   711 1838s
 93737  7004  183.50000   28  106          -  186.00000      -   710 1860s
 97656  7154  184.25000   31  272          -  186.00000      -   710 1879s
 100982  6983  184.25000   28  152          -  186.00000      -   711 1899s
 104833  6455  185.25000   25  298          -  186.00000      -   708 1911s
 110133  5997  184.41667   27  194          -  186.00000      -   700 1922s
 114708  5388  182.87500   37  176          -  186.00000      -   693 1932s
 119257  4505 infeasible   33               -  185.00000      -   685 1941s
 123853  3330  183.91667   32  125          -  184.77143      -   677 1950s
 127978  1855  183.66667   35  111          -  184.40000      -   668 1958s
 132255     0 infeasible   35               -  184.00000      -   659 1965s

Cutting planes:
  Implied bound: 108
  Clique: 20
  MIR: 75
  Flow cover: 85
  Zero half: 22
  RLT: 1282
  Relax-and-lift: 5
  BQP: 845
  PSD: 8

Explored 135750 nodes (88263490 simplex iterations) in 1965.62 seconds (2090.33 work units)
Thread count was 32 (of 256 available processors)

Solution count 0
No other solutions better than -1e+100

Model is infeasible
Best objective -, best bound -, gap -
[INFO] Model became infeasible under the new cuts.
End of find_pareto_solution_more_c 1 |||||||||||||||||
[0.9719101123595506, 11.0]
Printing original list
[0.9719101123595506, 11.0]
[0.8988765918904904, 12.0]
[0.9831460674157303, 9.0]
Printing list after change
[0.9719101123595506, 11.0]
[0.8988765918904904, 12.0]
[0.9831460674157303, 9.0]
[0.8988765918904904, 12.0]
Printing original list
[0.9719101123595506, 11.0]
[0.8988765918904904, 12.0]
[0.9831460674157303, 9.0]
Printing list after change
[0.9719101123595506, 11.0]
[0.8988765918904904, 12.0]
[0.9831460674157303, 9.0]
[0.9831460674157303, 9.0]
Printing original list
[0.9719101123595506, 11.0]
[0.8988765918904904, 12.0]
[0.9831460674157303, 9.0]
Printing list after change
[0.9719101123595506, 11.0]
[0.8988765918904904, 12.0]
[0.9831460674157303, 9.0]
App ending 3....................... c = 0.9775280898876404 , e = 10.0

 Total time taken: 6400.821165561676 seconds