I AM STARTING --------------------
[]
NOW I AM GOING TO SOLVE THE MODEL FOR FIRST SOLUTION
Gurobi Optimizer version 12.0.3 build v12.0.3rc0 (linux64 - "Ubuntu 22.04.5 LTS")

CPU model: AMD EPYC 7742 64-Core Processor, instruction set [SSE2|AVX|AVX2]
Thread count: 128 physical cores, 256 logical processors, using up to 32 threads

Optimize a model with 72073 rows, 17289 columns and 219390 nonzeros
Model fingerprint: 0x57e95dd7
Variable types: 17217 continuous, 72 integer (0 binary)
Coefficient statistics:
  Matrix range     [1e+00, 3e+00]
  Objective range  [1e+00, 3e+00]
  Bounds range     [1e+00, 1e+00]
  RHS range        [1e+00, 1e+03]
Presolve removed 58038 rows and 13292 columns
Presolve time: 0.38s
Presolved: 14035 rows, 3997 columns, 44372 nonzeros
Variable types: 3878 continuous, 119 integer (119 binary)
Found heuristic solution: objective 51.0000000
Found heuristic solution: objective 62.0000000

Root relaxation: objective 1.880000e+02, 3853 iterations, 0.19 seconds (0.19 work units)

    Nodes    |    Current Node    |     Objective Bounds      |     Work
 Expl Unexpl |  Obj  Depth IntInf | Incumbent    BestBd   Gap | It/Node Time

     0     0  188.00000    0   27   62.00000  188.00000   203%     -    1s
H    0     0                      67.0000000  188.00000   181%     -    1s
H    0     0                     142.0000000  188.00000  32.4%     -    1s
     0     0  187.00000    0   49  142.00000  187.00000  31.7%     -    2s
H    0     0                     161.5000000  187.00000  15.8%     -    2s
     0     0  187.00000    0   47  161.50000  187.00000  15.8%     -    3s
     0     0  187.00000    0   52  161.50000  187.00000  15.8%     -    4s
     0     0  186.00000    0   24  161.50000  186.00000  15.2%     -    7s
     0     0  186.00000    0   24  161.50000  186.00000  15.2%     -    8s
H    0     0                     164.0000000  186.00000  13.4%     -    9s
H    0     0                     167.0000000  186.00000  11.4%     -    9s
     0     0  186.00000    0   24  167.00000  186.00000  11.4%     -    9s
     0     0  186.00000    0   26  167.00000  186.00000  11.4%     -    9s
     0     0  186.00000    0   22  167.00000  186.00000  11.4%     -    9s
     0     0  186.00000    0   22  167.00000  186.00000  11.4%     -   11s
     0     0  186.00000    0   29  167.00000  186.00000  11.4%     -   13s
H    0     0                     175.5000000  186.00000  5.98%     -   13s
     0     0  186.00000    0   55  175.50000  186.00000  5.98%     -   14s
     0     0  186.00000    0   50  175.50000  186.00000  5.98%     -   14s
     0     0  186.00000    0   51  175.50000  186.00000  5.98%     -   15s
     0     0  186.00000    0   50  175.50000  186.00000  5.98%     -   15s
     0     0  186.00000    0   30  175.50000  186.00000  5.98%     -   18s
     0     0  186.00000    0   29  175.50000  186.00000  5.98%     -   18s
     0     0  186.00000    0   28  175.50000  186.00000  5.98%     -   20s
     0     0  186.00000    0   31  175.50000  186.00000  5.98%     -   20s
     0     0  186.00000    0   23  175.50000  186.00000  5.98%     -   21s
     0     0  186.00000    0   44  175.50000  186.00000  5.98%     -   21s
     0     0  186.00000    0   18  175.50000  186.00000  5.98%     -   24s
     0     0  186.00000    0   21  175.50000  186.00000  5.98%     -   24s
     0     0  186.00000    0   18  175.50000  186.00000  5.98%     -   26s
     0     0  186.00000    0   23  175.50000  186.00000  5.98%     -   26s
     0     0  186.00000    0   27  175.50000  186.00000  5.98%     -   28s
H    0     0                     177.0000000  186.00000  5.08%     -   28s
     0     0  186.00000    0   22  177.00000  186.00000  5.08%     -   30s
     0     2  186.00000    0   22  177.00000  186.00000  5.08%     -   33s
    29    56  186.00000    5   41  177.00000  186.00000  5.08%   894   35s
H   97   159                     179.5000000  186.00000  3.62%   819   35s
H  116   159                     180.0000000  186.00000  3.33%   780   35s
  1020   548  181.50000   17   11  180.00000  186.00000  3.33%   390   40s
  3071  1062  182.33333   16   17  180.00000  186.00000  3.33%   320   45s
  5898  1758  181.22222   19   10  180.00000  185.57143  3.10%   322   50s
  8707  1998  180.66667   18   12  180.00000  185.10000  2.83%   325   55s
  9933  2029     cutoff   20       180.00000  185.00000  2.78%   332   60s
H13858  1586                     180.0000005  184.13636  2.30%   333   64s
 13912  1584  184.00000   20   18  180.00000  184.00000  2.22%   334   65s
H14919  1386                     180.0000010  184.00000  2.22%   333   69s
 15155  1242  182.72727   12   27  180.00000  184.00000  2.22%   332   70s

Cutting planes:
  Gomory: 1
  Cover: 25
  Implied bound: 123
  MIR: 273
  Flow cover: 57
  Inf proof: 4
  Zero half: 1
  RLT: 247
  Relax-and-lift: 9
  BQP: 81

Explored 18687 nodes (5985476 simplex iterations) in 72.63 seconds (91.60 work units)
Thread count was 32 (of 256 available processors)

Solution count 10: 180 180 179.5 ... 67

Optimal solution found (tolerance 1.00e-04)
Best objective 1.800000010000e+02, best bound 1.800000010000e+02, gap 0.0000%
Objective value: 180.000001
lam[0,0] = 0.5
lam[0,1] = 0.0
lam[0,2] = 0.0
lam[0,3] = 0.0
lam[0,4] = 0.0
lam[0,5] = 0.5
lam[0,6] = 0.0
lam[0,7] = 0.0
lam[0,8] = 0.0
lam[1,0] = 0.5
lam[1,1] = 0.0
lam[1,2] = 0.0
lam[1,3] = 0.0
lam[1,4] = 0.0
lam[1,5] = 0.5
lam[1,6] = 0.0
lam[1,7] = 0.0
lam[1,8] = 0.0
lam[2,0] = 0.0
lam[2,1] = 0.0
lam[2,2] = 1.0
lam[2,3] = 0.0
lam[2,4] = 0.0
lam[2,5] = 0.0
lam[2,6] = 0.0
lam[2,7] = 0.0
lam[2,8] = 0.0
tau[0,0,1] = 1.0
tau[0,0,2] = -0.0
tau[0,0,L0] = -0.0
tau[0,0,L1] = -0.0
tau[0,0,L2] = -0.0
tau[0,1,1] = 1.0
tau[0,1,2] = 0.0
tau[0,1,L0] = 0.0
tau[0,1,L1] = 0.0
tau[0,1,L2] = 0.0
tau[0,2,1] = 1.0
tau[0,2,2] = 0.0
tau[0,2,L0] = 0.0
tau[0,2,L1] = 0.0
tau[0,2,L2] = -0.0
tau[0,3,1] = 1.0
tau[0,3,2] = -0.0
tau[0,3,L0] = -0.0
tau[0,3,L1] = -0.0
tau[0,3,L2] = -0.0
tau[0,4,1] = -0.0
tau[0,4,2] = -0.0
tau[0,4,L0] = -0.0
tau[0,4,L1] = -0.0
tau[0,4,L2] = -0.0
tau[0,5,1] = -0.0
tau[0,5,2] = -0.0
tau[0,5,L0] = -0.0
tau[0,5,L1] = -0.0
tau[0,5,L2] = -0.0
tau[1,0,2] = -0.0
tau[1,0,L0] = -0.0
tau[1,0,L1] = 1.0
tau[1,0,L2] = -0.0
tau[1,1,2] = 1.0
tau[1,1,L0] = -0.0
tau[1,1,L1] = -0.0
tau[1,1,L2] = -0.0
tau[1,2,2] = 1.0
tau[1,2,L0] = -0.0
tau[1,2,L1] = -0.0
tau[1,2,L2] = -0.0
tau[1,3,2] = 1.0
tau[1,3,L0] = 0.0
tau[1,3,L1] = 0.0
tau[1,3,L2] = 0.0
tau[1,4,2] = -0.0
tau[1,4,L0] = -0.0
tau[1,4,L1] = -0.0
tau[1,4,L2] = -0.0
tau[1,5,2] = -0.0
tau[1,5,L0] = -0.0
tau[1,5,L1] = -0.0
tau[1,5,L2] = 0.0
tau[2,0,L0] = 0.0
tau[2,0,L1] = 0.0
tau[2,0,L2] = 1.0
tau[2,1,L0] = -0.0
tau[2,1,L1] = 0.0
tau[2,1,L2] = 1.0
tau[2,2,L0] = 0.0
tau[2,2,L1] = 1.0
tau[2,2,L2] = 0.0
tau[2,3,L0] = 1.0
tau[2,3,L1] = 0.0
tau[2,3,L2] = 0.0
tau[2,4,L0] = 1.0
tau[2,4,L1] = 0.0
tau[2,4,L2] = 0.0
tau[2,5,L0] = 1.0
tau[2,5,L1] = -0.0
tau[2,5,L2] = 0.0
m[0,0] = 1.0
m[0,1] = 1.0
m[0,2] = 1.0
m[0,3] = 1.0
m[0,4] = 1.0
m[0,5] = 1.0
m[0,6] = 1.0
m[0,7] = 1.0
m[0,8] = 1.0
m[0,9] = 1.0
m[0,10] = 1.0
m[0,11] = 1.0
m[0,12] = 1.0
m[0,13] = 1.0
m[0,14] = 1.0
m[0,15] = 1.0
m[0,16] = 1.0
m[0,17] = 1.0
m[0,18] = 1.0
m[0,19] = 1.0
m[0,20] = 1.0
m[0,21] = 1.0
m[0,22] = 1.0
m[0,23] = 1.0
m[0,24] = 1.0
m[0,25] = 1.0
m[0,26] = 1.0
m[0,27] = 1.0
m[0,28] = 1.0
m[0,29] = 1.0
m[0,30] = 1.0
m[0,31] = 1.0
m[0,32] = 1.0
m[0,33] = 1.0
m[0,34] = 1.0
m[0,35] = 1.0
m[0,36] = 1.0
m[0,37] = 1.0
m[0,38] = 1.0
m[0,39] = 1.0
m[0,40] = 1.0
m[0,41] = 1.0
m[0,42] = 1.0
m[0,43] = 1.0
m[0,44] = 1.0
m[0,45] = 1.0
m[0,46] = 1.0
m[0,47] = 1.0
m[0,48] = 1.0
m[0,49] = 1.0
m[0,50] = 1.0
m[0,51] = 1.0
m[0,52] = 1.0
m[0,53] = 1.0
m[0,54] = 1.0
m[0,55] = 1.0
m[0,56] = 1.0
m[0,57] = 1.0
m[0,58] = 1.0
m[0,59] = 1.0
m[0,60] = 1.0
m[0,61] = 1.0
m[0,62] = 1.0
m[0,63] = 1.0
m[0,64] = 1.0
m[0,65] = 1.0
m[0,66] = 0.0
m[0,67] = 1.0
m[0,68] = 0.0
m[0,69] = 1.0
m[0,70] = 1.0
m[0,71] = 1.0
m[0,72] = 1.0
m[0,73] = 0.0
m[0,74] = 1.0
m[0,75] = 1.0
m[0,76] = 1.0
m[0,77] = 1.0
m[0,78] = 1.0
m[0,79] = 1.0
m[0,80] = 1.0
m[0,81] = 1.0
m[0,82] = 1.0
m[0,83] = 0.0
m[0,84] = 1.0
m[0,85] = 1.0
m[0,86] = 1.0
m[0,87] = 1.0
m[0,88] = 1.0
m[0,89] = 1.0
m[0,90] = 1.0
m[0,91] = 1.0
m[0,92] = 1.0
m[0,93] = 1.0
m[0,94] = 1.0
m[0,95] = 1.0
m[0,96] = 1.0
m[0,97] = 1.0
m[0,98] = 1.0
m[0,99] = 1.0
m[0,100] = 1.0
m[0,101] = 1.0
m[0,102] = 1.0
m[0,103] = 1.0
m[0,104] = 1.0
m[0,105] = 1.0
m[0,106] = 1.0
m[0,107] = 1.0
m[0,108] = 1.0
m[0,109] = 1.0
m[0,110] = 1.0
m[0,111] = 1.0
m[0,112] = 1.0
m[0,113] = 1.0
m[0,114] = 1.0
m[0,115] = 1.0
m[0,116] = 1.0
m[0,117] = 1.0
m[0,118] = 1.0
m[0,119] = 1.0
m[0,120] = 1.0
m[0,121] = 1.0
m[0,122] = 1.0
m[0,123] = 1.0
m[0,124] = 1.0
m[0,125] = 1.0
m[0,126] = 1.0
m[0,127] = 1.0
m[0,128] = 1.0
m[0,129] = 1.0
m[0,130] = 1.0
m[0,131] = 1.0
m[0,132] = 1.0
m[0,133] = 1.0
m[0,134] = 1.0
m[0,135] = 1.0
m[0,136] = 1.0
m[0,137] = 1.0
m[0,138] = 1.0
m[0,139] = 1.0
m[0,140] = 1.0
m[0,141] = 1.0
m[0,142] = 1.0
m[0,143] = 1.0
m[0,144] = 1.0
m[0,145] = 1.0
m[0,146] = 1.0
m[0,147] = 1.0
m[0,148] = 1.0
m[0,149] = 1.0
m[0,150] = 1.0
m[0,151] = 0.0
m[0,152] = 1.0
m[0,153] = 1.0
m[0,154] = 1.0
m[0,155] = 1.0
m[0,156] = 1.0
m[0,157] = 1.0
m[0,158] = 1.0
m[0,159] = 1.0
m[0,160] = 1.0
m[0,161] = 1.0
m[0,162] = 1.0
m[0,163] = 1.0
m[0,164] = 1.0
m[0,165] = 1.0
m[0,166] = 1.0
m[0,167] = 1.0
m[0,168] = 1.0
m[0,169] = 1.0
m[0,170] = 1.0
m[0,171] = 0.0
m[0,172] = 1.0
m[0,173] = 1.0
m[0,174] = 1.0
m[0,175] = 1.0
m[0,176] = 1.0
m[0,177] = 1.0
u[0] = 1.0
u[1] = 1.0
u[2] = 1.0
o_u[0,0] = 0.5
o_u[0,1] = 0.0
o_u[0,2] = 0.0
o_u[0,3] = 0.0
o_u[0,4] = 0.0
o_u[0,5] = 0.5
o_u[0,6] = 0.0
o_u[0,7] = 0.0
o_u[0,8] = 0.0
o_u[1,0] = 0.5
o_u[1,1] = 0.0
o_u[1,2] = 0.0
o_u[1,3] = 0.0
o_u[1,4] = 0.0
o_u[1,5] = 0.5
o_u[1,6] = 0.0
o_u[1,7] = 0.0
o_u[1,8] = 0.0
o_u[2,0] = 0.0
o_u[2,1] = 0.0
o_u[2,2] = 1.0
o_u[2,3] = 0.0
o_u[2,4] = 0.0
o_u[2,5] = 0.0
o_u[2,6] = 0.0
o_u[2,7] = 0.0
o_u[2,8] = 5.000000002190774e-07
------------------------------------------------------------------------
------------------------------------------------------------------------
Saved hierarchical tree visualization to milp_tree_levels.png
[]
Gurobi Optimizer version 12.0.3 build v12.0.3rc0 (linux64 - "Ubuntu 22.04.5 LTS")

CPU model: AMD EPYC 7742 64-Core Processor, instruction set [SSE2|AVX|AVX2]
Thread count: 128 physical cores, 256 logical processors, using up to 32 threads

Optimize a model with 72073 rows, 17289 columns and 219390 nonzeros
Model fingerprint: 0x57e95dd7
Variable types: 17217 continuous, 72 integer (0 binary)
Coefficient statistics:
  Matrix range     [1e+00, 3e+00]
  Objective range  [1e+00, 3e+00]
  Bounds range     [1e+00, 1e+00]
  RHS range        [1e+00, 1e+03]
Presolve removed 58038 rows and 13292 columns
Presolve time: 0.39s
Presolved: 14035 rows, 3997 columns, 44372 nonzeros
Variable types: 3878 continuous, 119 integer (119 binary)
Found heuristic solution: objective 51.0000000
Found heuristic solution: objective 62.0000000

Root relaxation: objective 1.880000e+02, 3853 iterations, 0.19 seconds (0.19 work units)

    Nodes    |    Current Node    |     Objective Bounds      |     Work
 Expl Unexpl |  Obj  Depth IntInf | Incumbent    BestBd   Gap | It/Node Time

     0     0  188.00000    0   27   62.00000  188.00000   203%     -    1s
H    0     0                      67.0000000  188.00000   181%     -    1s
H    0     0                     142.0000000  188.00000  32.4%     -    1s
     0     0  187.00000    0   49  142.00000  187.00000  31.7%     -    2s
H    0     0                     161.5000000  187.00000  15.8%     -    2s
     0     0  187.00000    0   47  161.50000  187.00000  15.8%     -    3s
     0     0  187.00000    0   52  161.50000  187.00000  15.8%     -    3s
     0     0  186.00000    0   24  161.50000  186.00000  15.2%     -    7s
     0     0  186.00000    0   24  161.50000  186.00000  15.2%     -    7s
H    0     0                     164.0000000  186.00000  13.4%     -    9s
H    0     0                     167.0000000  186.00000  11.4%     -    9s
     0     0  186.00000    0   24  167.00000  186.00000  11.4%     -    9s
     0     0  186.00000    0   26  167.00000  186.00000  11.4%     -    9s
     0     0  186.00000    0   22  167.00000  186.00000  11.4%     -   10s
     0     0  186.00000    0   22  167.00000  186.00000  11.4%     -   11s
     0     0  186.00000    0   29  167.00000  186.00000  11.4%     -   13s
H    0     0                     175.5000000  186.00000  5.98%     -   13s
     0     0  186.00000    0   55  175.50000  186.00000  5.98%     -   14s
     0     0  186.00000    0   50  175.50000  186.00000  5.98%     -   14s
     0     0  186.00000    0   51  175.50000  186.00000  5.98%     -   15s
     0     0  186.00000    0   50  175.50000  186.00000  5.98%     -   15s
     0     0  186.00000    0   30  175.50000  186.00000  5.98%     -   17s
     0     0  186.00000    0   29  175.50000  186.00000  5.98%     -   17s
     0     0  186.00000    0   28  175.50000  186.00000  5.98%     -   18s
     0     0  186.00000    0   31  175.50000  186.00000  5.98%     -   18s
     0     0  186.00000    0   23  175.50000  186.00000  5.98%     -   19s
     0     0  186.00000    0   44  175.50000  186.00000  5.98%     -   20s
     0     0  186.00000    0   18  175.50000  186.00000  5.98%     -   22s
     0     0  186.00000    0   21  175.50000  186.00000  5.98%     -   22s
     0     0  186.00000    0   18  175.50000  186.00000  5.98%     -   23s
     0     0  186.00000    0   23  175.50000  186.00000  5.98%     -   23s
     0     0  186.00000    0   27  175.50000  186.00000  5.98%     -   25s
H    0     0                     177.0000000  186.00000  5.08%     -   25s
     0     0  186.00000    0   22  177.00000  186.00000  5.08%     -   27s
     0     2  186.00000    0   22  177.00000  186.00000  5.08%     -   29s
     7    14  186.00000    3   40  177.00000  186.00000  5.08%  1392   30s
H   97   159                     179.5000000  186.00000  3.62%   819   31s
H  116   159                     180.0000000  186.00000  3.33%   780   31s
   767   445  184.66667   15   16  180.00000  186.00000  3.33%   426   35s
  2681   984  180.48571   20   12  180.00000  186.00000  3.33%   324   40s
  5266  1651     cutoff    9       180.00000  185.66667  3.15%   323   45s
  8707  1998  180.66667   18   12  180.00000  185.10000  2.83%   325   50s
  9933  2029     cutoff   20       180.00000  185.00000  2.78%   332   55s
H13858  1586                     180.0000005  184.13636  2.30%   333   59s
 13912  1584  184.00000   20   18  180.00000  184.00000  2.22%   334   60s
H14919  1386                     180.0000010  184.00000  2.22%   333   64s
 15155  1242  182.72727   12   27  180.00000  184.00000  2.22%   332   65s

Cutting planes:
  Gomory: 1
  Cover: 25
  Implied bound: 123
  MIR: 273
  Flow cover: 57
  Inf proof: 4
  Zero half: 1
  RLT: 247
  Relax-and-lift: 9
  BQP: 81

Explored 18687 nodes (5985476 simplex iterations) in 68.30 seconds (91.60 work units)
Thread count was 32 (of 256 available processors)

Solution count 10: 180 180 179.5 ... 67

Optimal solution found (tolerance 1.00e-04)
Best objective 1.800000010000e+02, best bound 1.800000010000e+02, gap 0.0000%
Objective value: 180.000001
lam[0,0] = 0.5
lam[0,1] = 0.0
lam[0,2] = 0.0
lam[0,3] = 0.0
lam[0,4] = 0.0
lam[0,5] = 0.5
lam[0,6] = 0.0
lam[0,7] = 0.0
lam[0,8] = 0.0
lam[1,0] = 0.5
lam[1,1] = 0.0
lam[1,2] = 0.0
lam[1,3] = 0.0
lam[1,4] = 0.0
lam[1,5] = 0.5
lam[1,6] = 0.0
lam[1,7] = 0.0
lam[1,8] = 0.0
lam[2,0] = 0.0
lam[2,1] = 0.0
lam[2,2] = 1.0
lam[2,3] = 0.0
lam[2,4] = 0.0
lam[2,5] = 0.0
lam[2,6] = 0.0
lam[2,7] = 0.0
lam[2,8] = 0.0
tau[0,0,1] = 1.0
tau[0,0,2] = -0.0
tau[0,0,L0] = -0.0
tau[0,0,L1] = -0.0
tau[0,0,L2] = -0.0
tau[0,1,1] = 1.0
tau[0,1,2] = 0.0
tau[0,1,L0] = 0.0
tau[0,1,L1] = 0.0
tau[0,1,L2] = 0.0
tau[0,2,1] = 1.0
tau[0,2,2] = 0.0
tau[0,2,L0] = 0.0
tau[0,2,L1] = 0.0
tau[0,2,L2] = -0.0
tau[0,3,1] = 1.0
tau[0,3,2] = -0.0
tau[0,3,L0] = -0.0
tau[0,3,L1] = -0.0
tau[0,3,L2] = -0.0
tau[0,4,1] = -0.0
tau[0,4,2] = -0.0
tau[0,4,L0] = -0.0
tau[0,4,L1] = -0.0
tau[0,4,L2] = -0.0
tau[0,5,1] = -0.0
tau[0,5,2] = -0.0
tau[0,5,L0] = -0.0
tau[0,5,L1] = -0.0
tau[0,5,L2] = -0.0
tau[1,0,2] = -0.0
tau[1,0,L0] = -0.0
tau[1,0,L1] = 1.0
tau[1,0,L2] = -0.0
tau[1,1,2] = 1.0
tau[1,1,L0] = -0.0
tau[1,1,L1] = -0.0
tau[1,1,L2] = -0.0
tau[1,2,2] = 1.0
tau[1,2,L0] = -0.0
tau[1,2,L1] = -0.0
tau[1,2,L2] = -0.0
tau[1,3,2] = 1.0
tau[1,3,L0] = 0.0
tau[1,3,L1] = 0.0
tau[1,3,L2] = 0.0
tau[1,4,2] = -0.0
tau[1,4,L0] = -0.0
tau[1,4,L1] = -0.0
tau[1,4,L2] = -0.0
tau[1,5,2] = -0.0
tau[1,5,L0] = -0.0
tau[1,5,L1] = -0.0
tau[1,5,L2] = 0.0
tau[2,0,L0] = 0.0
tau[2,0,L1] = 0.0
tau[2,0,L2] = 1.0
tau[2,1,L0] = -0.0
tau[2,1,L1] = 0.0
tau[2,1,L2] = 1.0
tau[2,2,L0] = 0.0
tau[2,2,L1] = 1.0
tau[2,2,L2] = 0.0
tau[2,3,L0] = 1.0
tau[2,3,L1] = 0.0
tau[2,3,L2] = 0.0
tau[2,4,L0] = 1.0
tau[2,4,L1] = 0.0
tau[2,4,L2] = 0.0
tau[2,5,L0] = 1.0
tau[2,5,L1] = -0.0
tau[2,5,L2] = 0.0
m[0,0] = 1.0
m[0,1] = 1.0
m[0,2] = 1.0
m[0,3] = 1.0
m[0,4] = 1.0
m[0,5] = 1.0
m[0,6] = 1.0
m[0,7] = 1.0
m[0,8] = 1.0
m[0,9] = 1.0
m[0,10] = 1.0
m[0,11] = 1.0
m[0,12] = 1.0
m[0,13] = 1.0
m[0,14] = 1.0
m[0,15] = 1.0
m[0,16] = 1.0
m[0,17] = 1.0
m[0,18] = 1.0
m[0,19] = 1.0
m[0,20] = 1.0
m[0,21] = 1.0
m[0,22] = 1.0
m[0,23] = 1.0
m[0,24] = 1.0
m[0,25] = 1.0
m[0,26] = 1.0
m[0,27] = 1.0
m[0,28] = 1.0
m[0,29] = 1.0
m[0,30] = 1.0
m[0,31] = 1.0
m[0,32] = 1.0
m[0,33] = 1.0
m[0,34] = 1.0
m[0,35] = 1.0
m[0,36] = 1.0
m[0,37] = 1.0
m[0,38] = 1.0
m[0,39] = 1.0
m[0,40] = 1.0
m[0,41] = 1.0
m[0,42] = 1.0
m[0,43] = 1.0
m[0,44] = 1.0
m[0,45] = 1.0
m[0,46] = 1.0
m[0,47] = 1.0
m[0,48] = 1.0
m[0,49] = 1.0
m[0,50] = 1.0
m[0,51] = 1.0
m[0,52] = 1.0
m[0,53] = 1.0
m[0,54] = 1.0
m[0,55] = 1.0
m[0,56] = 1.0
m[0,57] = 1.0
m[0,58] = 1.0
m[0,59] = 1.0
m[0,60] = 1.0
m[0,61] = 1.0
m[0,62] = 1.0
m[0,63] = 1.0
m[0,64] = 1.0
m[0,65] = 1.0
m[0,66] = 0.0
m[0,67] = 1.0
m[0,68] = 0.0
m[0,69] = 1.0
m[0,70] = 1.0
m[0,71] = 1.0
m[0,72] = 1.0
m[0,73] = 0.0
m[0,74] = 1.0
m[0,75] = 1.0
m[0,76] = 1.0
m[0,77] = 1.0
m[0,78] = 1.0
m[0,79] = 1.0
m[0,80] = 1.0
m[0,81] = 1.0
m[0,82] = 1.0
m[0,83] = 0.0
m[0,84] = 1.0
m[0,85] = 1.0
m[0,86] = 1.0
m[0,87] = 1.0
m[0,88] = 1.0
m[0,89] = 1.0
m[0,90] = 1.0
m[0,91] = 1.0
m[0,92] = 1.0
m[0,93] = 1.0
m[0,94] = 1.0
m[0,95] = 1.0
m[0,96] = 1.0
m[0,97] = 1.0
m[0,98] = 1.0
m[0,99] = 1.0
m[0,100] = 1.0
m[0,101] = 1.0
m[0,102] = 1.0
m[0,103] = 1.0
m[0,104] = 1.0
m[0,105] = 1.0
m[0,106] = 1.0
m[0,107] = 1.0
m[0,108] = 1.0
m[0,109] = 1.0
m[0,110] = 1.0
m[0,111] = 1.0
m[0,112] = 1.0
m[0,113] = 1.0
m[0,114] = 1.0
m[0,115] = 1.0
m[0,116] = 1.0
m[0,117] = 1.0
m[0,118] = 1.0
m[0,119] = 1.0
m[0,120] = 1.0
m[0,121] = 1.0
m[0,122] = 1.0
m[0,123] = 1.0
m[0,124] = 1.0
m[0,125] = 1.0
m[0,126] = 1.0
m[0,127] = 1.0
m[0,128] = 1.0
m[0,129] = 1.0
m[0,130] = 1.0
m[0,131] = 1.0
m[0,132] = 1.0
m[0,133] = 1.0
m[0,134] = 1.0
m[0,135] = 1.0
m[0,136] = 1.0
m[0,137] = 1.0
m[0,138] = 1.0
m[0,139] = 1.0
m[0,140] = 1.0
m[0,141] = 1.0
m[0,142] = 1.0
m[0,143] = 1.0
m[0,144] = 1.0
m[0,145] = 1.0
m[0,146] = 1.0
m[0,147] = 1.0
m[0,148] = 1.0
m[0,149] = 1.0
m[0,150] = 1.0
m[0,151] = 0.0
m[0,152] = 1.0
m[0,153] = 1.0
m[0,154] = 1.0
m[0,155] = 1.0
m[0,156] = 1.0
m[0,157] = 1.0
m[0,158] = 1.0
m[0,159] = 1.0
m[0,160] = 1.0
m[0,161] = 1.0
m[0,162] = 1.0
m[0,163] = 1.0
m[0,164] = 1.0
m[0,165] = 1.0
m[0,166] = 1.0
m[0,167] = 1.0
m[0,168] = 1.0
m[0,169] = 1.0
m[0,170] = 1.0
m[0,171] = 0.0
m[0,172] = 1.0
m[0,173] = 1.0
m[0,174] = 1.0
m[0,175] = 1.0
m[0,176] = 1.0
m[0,177] = 1.0
u[0] = 1.0
u[1] = 1.0
u[2] = 1.0
o_u[0,0] = 0.5
o_u[0,1] = 0.0
o_u[0,2] = 0.0
o_u[0,3] = 0.0
o_u[0,4] = 0.0
o_u[0,5] = 0.5
o_u[0,6] = 0.0
o_u[0,7] = 0.0
o_u[0,8] = 0.0
o_u[1,0] = 0.5
o_u[1,1] = 0.0
o_u[1,2] = 0.0
o_u[1,3] = 0.0
o_u[1,4] = 0.0
o_u[1,5] = 0.5
o_u[1,6] = 0.0
o_u[1,7] = 0.0
o_u[1,8] = 0.0
o_u[2,0] = 0.0
o_u[2,1] = 0.0
o_u[2,2] = 1.0
o_u[2,3] = 0.0
o_u[2,4] = 0.0
o_u[2,5] = 0.0
o_u[2,6] = 0.0
o_u[2,7] = 0.0
o_u[2,8] = 5.000000002190774e-07
------------------------------------------------------------------------
------------------------------------------------------------------------
Saved hierarchical tree visualization to milp_tree_levels.png
THIS IS THE INITIAL CORRECTNESS 0.9662921348314607
THIS IS THE INITIAL EXPLAINABILITY 8.000001000000001
Inside find_pareto_solution_more_e
----------------------------------
THE CURRENT CORRECTNESS IS: 0.9662921348314607, AND THE CURRENT EXPLAINABILITY IS: 8.000001000000001
Gurobi Optimizer version 12.0.3 build v12.0.3rc0 (linux64 - "Ubuntu 22.04.5 LTS")

CPU model: AMD EPYC 7742 64-Core Processor, instruction set [SSE2|AVX|AVX2]
Thread count: 128 physical cores, 256 logical processors, using up to 32 threads

Optimize a model with 72075 rows, 17289 columns and 219598 nonzeros
Model fingerprint: 0x94c781e1
Variable types: 17217 continuous, 72 integer (0 binary)
Coefficient statistics:
  Matrix range     [1e+00, 3e+00]
  Objective range  [1e+00, 3e+00]
  Bounds range     [1e+00, 1e+00]
  RHS range        [1e+00, 1e+03]

MIP start from previous solve did not produce a new incumbent solution
MIP start from previous solve violates constraint R72073 by 1.000000000

Presolve removed 57999 rows and 13291 columns
Presolve time: 0.39s
Presolved: 14076 rows, 3998 columns, 45088 nonzeros
Variable types: 3878 continuous, 120 integer (120 binary)

Root relaxation: objective 1.810000e+02, 3831 iterations, 0.21 seconds (0.22 work units)

    Nodes    |    Current Node    |     Objective Bounds      |     Work
 Expl Unexpl |  Obj  Depth IntInf | Incumbent    BestBd   Gap | It/Node Time

     0     0  181.00000    0   15          -  181.00000      -     -    0s
     0     0  180.00000    0   40          -  180.00000      -     -    1s
     0     0  180.00000    0   40          -  180.00000      -     -    1s
H    0     0                      18.0000000  180.00000   900%     -    1s
     0     0  180.00000    0   39   18.00000  180.00000   900%     -    2s
     0     0  180.00000    0   39   18.00000  180.00000   900%     -    2s
     0     0  180.00000    0   10   18.00000  180.00000   900%     -    8s
H    0     0                     169.0000000  180.00000  6.51%     -    8s
     0     0  180.00000    0   15  169.00000  180.00000  6.51%     -    8s
     0     0  180.00000    0   10  169.00000  180.00000  6.51%     -   10s
     0     0  180.00000    0   32  169.00000  180.00000  6.51%     -   11s
     0     0  180.00000    0   34  169.00000  180.00000  6.51%     -   11s
     0     0  169.00000    0   25  169.00000  169.00000  0.00%     -   14s

Cutting planes:
  Gomory: 4
  Cover: 1
  Implied bound: 49
  MIR: 117
  Flow cover: 64
  Zero half: 2
  RLT: 126
  Relax-and-lift: 15
  BQP: 261

Explored 1 nodes (42324 simplex iterations) in 14.38 seconds (13.32 work units)
Thread count was 32 (of 256 available processors)

Solution count 2: 169 18 

Optimal solution found (tolerance 1.00e-04)
Warning: max constraint violation (1.0000e-06) exceeds tolerance
Best objective 1.690000000000e+02, best bound 1.690000000000e+02, gap 0.0000%
Objective value: 169.0
lam[0,0] = 0.0
lam[0,1] = 0.0
lam[0,2] = 0.0
lam[0,3] = 0.0
lam[0,4] = 0.0
lam[0,5] = 1.0
lam[0,6] = 0.0
lam[0,7] = 0.0
lam[0,8] = 0.0
lam[1,0] = 0.0
lam[1,1] = 0.0
lam[1,2] = 1.0
lam[1,3] = 0.0
lam[1,4] = 0.0
lam[1,5] = 0.0
lam[1,6] = 0.0
lam[1,7] = 0.0
lam[1,8] = 0.0
lam[2,0] = 0.0
lam[2,1] = 0.0
lam[2,2] = 1.0
lam[2,3] = 0.0
lam[2,4] = 0.0
lam[2,5] = 0.0
lam[2,6] = 0.0
lam[2,7] = 0.0
lam[2,8] = 0.0
tau[0,0,1] = 0.0
tau[0,0,2] = 1.0
tau[0,0,L0] = -0.0
tau[0,0,L1] = 0.0
tau[0,0,L2] = 0.0
tau[0,1,1] = -0.0
tau[0,1,2] = 1.0
tau[0,1,L0] = -0.0
tau[0,1,L1] = 0.0
tau[0,1,L2] = 0.0
tau[0,2,1] = 1.0
tau[0,2,2] = -0.0
tau[0,2,L0] = 0.0
tau[0,2,L1] = -0.0
tau[0,2,L2] = -0.0
tau[0,3,1] = 0.0
tau[0,3,2] = -0.0
tau[0,3,L0] = 1.0
tau[0,3,L1] = 0.0
tau[0,3,L2] = -0.0
tau[0,4,1] = -0.0
tau[0,4,2] = 0.0
tau[0,4,L0] = -0.0
tau[0,4,L1] = -0.0
tau[0,4,L2] = -0.0
tau[0,5,1] = -0.0
tau[0,5,2] = -0.0
tau[0,5,L0] = -0.0
tau[0,5,L1] = -0.0
tau[0,5,L2] = -0.0
tau[1,0,2] = -0.0
tau[1,0,L0] = -0.0
tau[1,0,L1] = 0.0
tau[1,0,L2] = 1.0
tau[1,1,2] = -0.0
tau[1,1,L0] = -0.0
tau[1,1,L1] = 0.0
tau[1,1,L2] = 1.0
tau[1,2,2] = -0.0
tau[1,2,L0] = 0.0
tau[1,2,L1] = 1.0
tau[1,2,L2] = 0.0
tau[1,3,2] = -0.0
tau[1,3,L0] = 0.0
tau[1,3,L1] = 1.0
tau[1,3,L2] = -0.0
tau[1,4,2] = -0.0
tau[1,4,L0] = 1.0
tau[1,4,L1] = 0.0
tau[1,4,L2] = -0.0
tau[1,5,2] = -0.0
tau[1,5,L0] = 1.0
tau[1,5,L1] = 0.0
tau[1,5,L2] = -0.0
tau[2,0,L0] = -0.0
tau[2,0,L1] = 0.0
tau[2,0,L2] = 1.0
tau[2,1,L0] = -0.0
tau[2,1,L1] = 1.0
tau[2,1,L2] = 0.0
tau[2,2,L0] = 0.0
tau[2,2,L1] = 1.0
tau[2,2,L2] = 0.0
tau[2,3,L0] = 0.0
tau[2,3,L1] = 1.0
tau[2,3,L2] = -0.0
tau[2,4,L0] = 0.0
tau[2,4,L1] = 1.0
tau[2,4,L2] = -0.0
tau[2,5,L0] = -0.0
tau[2,5,L1] = 1.0
tau[2,5,L2] = -0.0
m[0,0] = 1.0
m[0,1] = 1.0
m[0,2] = 1.0
m[0,3] = 1.0
m[0,4] = 1.0
m[0,5] = 1.0
m[0,6] = 1.0
m[0,7] = 1.0
m[0,8] = 1.0
m[0,9] = 1.0
m[0,10] = 1.0
m[0,11] = 1.0
m[0,12] = 1.0
m[0,13] = 1.0
m[0,14] = 1.0
m[0,15] = 1.0
m[0,16] = 1.0
m[0,17] = 1.0
m[0,18] = 1.0
m[0,19] = 1.0
m[0,20] = 1.0
m[0,21] = 0.0
m[0,22] = 1.0
m[0,23] = 1.0
m[0,24] = 1.0
m[0,25] = 1.0
m[0,26] = 1.0
m[0,27] = 1.0
m[0,28] = 1.0
m[0,29] = 1.0
m[0,30] = 1.0
m[0,31] = 1.0
m[0,32] = 1.0
m[0,33] = 1.0
m[0,34] = 1.0
m[0,35] = 1.0
m[0,36] = 1.0
m[0,37] = 1.0
m[0,38] = 1.0
m[0,39] = 1.0
m[0,40] = 1.0
m[0,41] = 1.0
m[0,42] = 1.0
m[0,43] = 1.0
m[0,44] = 1.0
m[0,45] = 1.0
m[0,46] = 1.0
m[0,47] = 1.0
m[0,48] = 1.0
m[0,49] = 1.0
m[0,50] = 1.0
m[0,51] = 1.0
m[0,52] = 1.0
m[0,53] = 1.0
m[0,54] = 1.0
m[0,55] = 1.0
m[0,56] = 1.0
m[0,57] = 1.0
m[0,58] = 1.0
m[0,59] = 0.0
m[0,60] = 0.0
m[0,61] = 0.0
m[0,62] = 1.0
m[0,63] = 1.0
m[0,64] = 1.0
m[0,65] = 0.0
m[0,66] = 1.0
m[0,67] = 1.0
m[0,68] = 0.0
m[0,69] = 0.0
m[0,70] = 0.0
m[0,71] = 1.0
m[0,72] = 1.0
m[0,73] = 0.0
m[0,74] = 1.0
m[0,75] = 1.0
m[0,76] = 1.0
m[0,77] = 0.0
m[0,78] = 1.0
m[0,79] = 1.0
m[0,80] = 1.0
m[0,81] = 0.0
m[0,82] = 1.0
m[0,83] = 1.0
m[0,84] = 1.0
m[0,85] = 1.0
m[0,86] = 1.0
m[0,87] = 1.0
m[0,88] = 1.0
m[0,89] = 1.0
m[0,90] = 1.0
m[0,91] = 0.0
m[0,92] = 0.0
m[0,93] = 1.0
m[0,94] = 1.0
m[0,95] = 1.0
m[0,96] = 0.0
m[0,97] = 1.0
m[0,98] = 1.0
m[0,99] = 1.0
m[0,100] = 1.0
m[0,101] = 0.0
m[0,102] = 1.0
m[0,103] = 1.0
m[0,104] = 1.0
m[0,105] = 1.0
m[0,106] = 1.0
m[0,107] = 1.0
m[0,108] = 1.0
m[0,109] = 0.0
m[0,110] = 1.0
m[0,111] = 1.0
m[0,112] = 1.0
m[0,113] = 1.0
m[0,114] = 1.0
m[0,115] = 1.0
m[0,116] = 1.0
m[0,117] = 1.0
m[0,118] = 0.0
m[0,119] = 1.0
m[0,120] = 1.0
m[0,121] = 1.0
m[0,122] = 1.0
m[0,123] = 1.0
m[0,124] = 1.0
m[0,125] = 1.0
m[0,126] = 1.0
m[0,127] = 1.0
m[0,128] = 1.0
m[0,129] = 1.0
m[0,130] = 1.0
m[0,131] = 1.0
m[0,132] = 1.0
m[0,133] = 1.0
m[0,134] = 1.0
m[0,135] = 1.0
m[0,136] = 1.0
m[0,137] = 1.0
m[0,138] = 1.0
m[0,139] = 1.0
m[0,140] = 1.0
m[0,141] = 1.0
m[0,142] = 1.0
m[0,143] = 1.0
m[0,144] = 1.0
m[0,145] = 1.0
m[0,146] = 1.0
m[0,147] = 1.0
m[0,148] = 1.0
m[0,149] = 1.0
m[0,150] = 0.0
m[0,151] = 1.0
m[0,152] = 1.0
m[0,153] = 1.0
m[0,154] = 1.0
m[0,155] = 1.0
m[0,156] = 1.0
m[0,157] = 1.0
m[0,158] = 1.0
m[0,159] = 1.0
m[0,160] = 1.0
m[0,161] = 1.0
m[0,162] = 1.0
m[0,163] = 1.0
m[0,164] = 1.0
m[0,165] = 1.0
m[0,166] = 1.0
m[0,167] = 1.0
m[0,168] = 1.0
m[0,169] = 1.0
m[0,170] = 1.0
m[0,171] = 1.0
m[0,172] = 1.0
m[0,173] = 1.0
m[0,174] = 1.0
m[0,175] = 1.0
m[0,176] = 1.0
m[0,177] = 1.0
u[0] = 1.0
u[1] = 1.0
u[2] = 1.0
o_u[0,0] = 0.0
o_u[0,1] = 0.0
o_u[0,2] = 0.0
o_u[0,3] = 0.0
o_u[0,4] = 0.0
o_u[0,5] = 1.0
o_u[0,6] = 0.0
o_u[0,7] = 0.0
o_u[0,8] = 0.0
o_u[1,0] = 0.0
o_u[1,1] = 0.0
o_u[1,2] = 1.0
o_u[1,3] = 0.0
o_u[1,4] = 0.0
o_u[1,5] = 0.0
o_u[1,6] = 0.0
o_u[1,7] = 0.0
o_u[1,8] = 0.0
o_u[2,0] = 0.0
o_u[2,1] = 0.0
o_u[2,2] = 1.0
o_u[2,3] = 0.0
o_u[2,4] = 0.0
o_u[2,5] = 0.0
o_u[2,6] = 0.0
o_u[2,7] = 0.0
o_u[2,8] = 0.0
THE NEW CORRECTNESS IS: 0.898876404494382, AND THE NEW EXPLAINABILITY IS: 9.0
************************************************************
New pareto points added, correctness = 0.898876404494382 , explainability = 9.0
App ending 1......
End of find_pareto_solution_more_e 4 @@@@@@@@@@@@@
Inside find_pareto_solution_more_e
----------------------------------
THE CURRENT CORRECTNESS IS: 0.898876404494382, AND THE CURRENT EXPLAINABILITY IS: 9.0
Gurobi Optimizer version 12.0.3 build v12.0.3rc0 (linux64 - "Ubuntu 22.04.5 LTS")

CPU model: AMD EPYC 7742 64-Core Processor, instruction set [SSE2|AVX|AVX2]
Thread count: 128 physical cores, 256 logical processors, using up to 32 threads

Optimize a model with 72075 rows, 17289 columns and 219598 nonzeros
Model fingerprint: 0xf7857bbf
Variable types: 17217 continuous, 72 integer (0 binary)
Coefficient statistics:
  Matrix range     [1e+00, 3e+00]
  Objective range  [1e+00, 3e+00]
  Bounds range     [1e+00, 1e+00]
  RHS range        [1e+00, 1e+03]

MIP start from previous solve did not produce a new incumbent solution
MIP start from previous solve violates constraint R72075 by 1.000000000

Presolve removed 57999 rows and 13291 columns
Presolve time: 0.66s
Presolved: 14076 rows, 3998 columns, 45087 nonzeros
Variable types: 3878 continuous, 120 integer (120 binary)

Root relaxation: objective 1.690000e+02, 3750 iterations, 0.65 seconds (0.45 work units)

    Nodes    |    Current Node    |     Objective Bounds      |     Work
 Expl Unexpl |  Obj  Depth IntInf | Incumbent    BestBd   Gap | It/Node Time

     0     0  169.00000    0   28          -  169.00000      -     -    2s
     0     0 infeasible    0               - infeasible      -     -    3s

Cutting planes:
  Gomory: 5
  Implied bound: 119
  MIR: 26
  Flow cover: 16
  Zero half: 2
  RLT: 37
  BQP: 51

Explored 1 nodes (9242 simplex iterations) in 3.07 seconds (2.61 work units)
Thread count was 32 (of 256 available processors)

Solution count 0
No other solutions better than -1e+100

Model is infeasible
Best objective -, best bound -, gap -
[INFO] Model became infeasible under the new cuts.
End of find_pareto_solution_more_e 2 @@@@@@@@@@@
Inside find_pareto_solution_more_c
Gurobi Optimizer version 12.0.3 build v12.0.3rc0 (linux64 - "Ubuntu 22.04.5 LTS")

CPU model: AMD EPYC 7742 64-Core Processor, instruction set [SSE2|AVX|AVX2]
Thread count: 128 physical cores, 256 logical processors, using up to 32 threads

Optimize a model with 72075 rows, 17289 columns and 219598 nonzeros
Model fingerprint: 0xcd1c53ac
Variable types: 17217 continuous, 72 integer (0 binary)
Coefficient statistics:
  Matrix range     [1e+00, 3e+00]
  Objective range  [1e+00, 3e+00]
  Bounds range     [1e+00, 1e+00]
  RHS range        [1e+00, 1e+03]

MIP start from previous solve did not produce a new incumbent solution
MIP start from previous solve violates constraint R72073 by 1.000000000

Presolve removed 57961 rows and 13294 columns
Presolve time: 0.37s
Presolved: 14114 rows, 3995 columns, 44774 nonzeros
Variable types: 3879 continuous, 116 integer (116 binary)

Root relaxation: objective 1.850000e+02, 5165 iterations, 0.74 seconds (1.11 work units)
Total elapsed time = 6.37s (DegenMoves)

    Nodes    |    Current Node    |     Objective Bounds      |     Work
 Expl Unexpl |  Obj  Depth IntInf | Incumbent    BestBd   Gap | It/Node Time

     0     0  185.00000    0   22          -  185.00000      -     -    6s
     0     0  185.00000    0   58          -  185.00000      -     -    9s
     0     0  185.00000    0   60          -  185.00000      -     -    9s
     0     0  185.00000    0   18          -  185.00000      -     -   16s
     0     0  185.00000    0   19          -  185.00000      -     -   17s
     0     0  185.00000    0   39          -  185.00000      -     -   20s
     0     0  185.00000    0   39          -  185.00000      -     -   20s
     0     0  185.00000    0   35          -  185.00000      -     -   26s
     0     0  185.00000    0   36          -  185.00000      -     -   26s
     0     0  185.00000    0   26          -  185.00000      -     -   29s
     0     0  185.00000    0   23          -  185.00000      -     -   32s
     0     0  185.00000    0   28          -  185.00000      -     -   39s
     0     0  185.00000    0   40          -  185.00000      -     -   41s
     0     0  185.00000    0   36          -  185.00000      -     -   41s
     0     0  185.00000    0   18          -  185.00000      -     -   48s
     0     0  185.00000    0   27          -  185.00000      -     -   48s
     0     0  185.00000    0   21          -  185.00000      -     -   50s
     0     0  185.00000    0   24          -  185.00000      -     -   50s
     0     0  185.00000    0   13          -  185.00000      -     -   52s
     0     0  185.00000    0   13          -  185.00000      -     -   53s
     0     0  185.00000    0   24          -  185.00000      -     -   57s
     0     0  185.00000    0   25          -  185.00000      -     -   57s
     0     0  185.00000    0   15          -  185.00000      -     -   59s
     0     0  185.00000    0   15          -  185.00000      -     -   60s
     0     2  185.00000    0   15          -  185.00000      -     -   63s
     7    14  185.00000    3   26          -  185.00000      -  1063   65s
   710   520  183.50000   15   17          -  185.00000      -   618   70s
  2103  1027  182.00000   18   15          -  185.00000      -   481   75s
  3476  1454 infeasible   24               -  185.00000      -   437   80s
  5822  2160  183.00000   18    8          -  185.00000      -   419   85s
  6490  2259  184.30000   20   20          -  185.00000      -   415   96s
  6493  2261  179.50000   22   13          -  185.00000      -   415  100s
  6497  2264  182.28181   18   11          -  185.00000      -   415  105s
  6501  2267  181.83051   13   10          -  185.00000      -   415  112s
  6507  2271  184.62500   19   13          -  185.00000      -   414  115s
  6512  2279  185.00000   12   18          -  185.00000      -   435  120s
  6912  2378  185.00000   21   18          -  185.00000      -   451  130s
  7874  2357  184.64516   27   20          -  185.00000      -   466  135s
* 8104  2212              29     177.2222222  185.00000  4.39%   468  135s
  9011  1999  182.77778   30   11  177.22222  185.00000  4.39%   470  140s
 10147  1644 infeasible   27       177.22222  185.00000  4.39%   475  145s
 11608  1154 infeasible   29       177.22222  185.00000  4.39%   472  150s
*12491   687              33     178.0000000  184.58423  3.70%   465  151s

Cutting planes:
  Cover: 3
  Implied bound: 9
  MIR: 119
  Flow cover: 18
  RLT: 104
  Relax-and-lift: 1
  BQP: 153

Explored 15825 nodes (6815446 simplex iterations) in 154.38 seconds (199.70 work units)
Thread count was 32 (of 256 available processors)

Solution count 2: 178 177.222 

Optimal solution found (tolerance 1.00e-04)
Best objective 1.780000000000e+02, best bound 1.780000000000e+02, gap 0.0000%
Objective value: 178.0
lam[0,0] = 0.0
lam[0,1] = 0.0
lam[0,2] = 0.0
lam[0,3] = 0.0
lam[0,4] = 0.5
lam[0,5] = 0.0
lam[0,6] = 0.0
lam[0,7] = 0.5
lam[0,8] = 0.0
lam[1,0] = 0.0
lam[1,1] = 0.0
lam[1,2] = 0.0
lam[1,3] = 0.0
lam[1,4] = 0.5
lam[1,5] = 0.0
lam[1,6] = 0.0
lam[1,7] = 0.5
lam[1,8] = 0.0
lam[2,0] = 0.0
lam[2,1] = 0.0
lam[2,2] = 1.0
lam[2,3] = 0.0
lam[2,4] = 0.0
lam[2,5] = 0.0
lam[2,6] = 0.0
lam[2,7] = 0.0
lam[2,8] = 0.0
tau[0,0,1] = 1.0
tau[0,0,2] = -0.0
tau[0,0,L0] = -0.0
tau[0,0,L1] = -0.0
tau[0,0,L2] = -0.0
tau[0,1,1] = 1.0
tau[0,1,2] = -0.0
tau[0,1,L0] = -0.0
tau[0,1,L1] = -0.0
tau[0,1,L2] = 0.0
tau[0,2,1] = -0.0
tau[0,2,2] = -0.0
tau[0,2,L0] = 0.0
tau[0,2,L1] = -0.0
tau[0,2,L2] = -0.0
tau[0,3,1] = -0.0
tau[0,3,2] = -0.0
tau[0,3,L0] = -0.0
tau[0,3,L1] = -0.0
tau[0,3,L2] = -0.0
tau[0,4,1] = -0.0
tau[0,4,2] = -0.0
tau[0,4,L0] = 0.0
tau[0,4,L1] = 0.0
tau[0,4,L2] = 0.0
tau[0,5,1] = -0.0
tau[0,5,2] = -0.0
tau[0,5,L0] = 0.0
tau[0,5,L1] = 0.0
tau[0,5,L2] = 0.0
tau[1,0,2] = -0.0
tau[1,0,L0] = -0.0
tau[1,0,L1] = 1.0
tau[1,0,L2] = -0.0
tau[1,1,2] = 1.0
tau[1,1,L0] = -0.0
tau[1,1,L1] = -0.0
tau[1,1,L2] = -0.0
tau[1,2,2] = -0.0
tau[1,2,L0] = -0.0
tau[1,2,L1] = 0.0
tau[1,2,L2] = -0.0
tau[1,3,2] = -0.0
tau[1,3,L0] = -0.0
tau[1,3,L1] = -0.0
tau[1,3,L2] = 0.0
tau[1,4,2] = -0.0
tau[1,4,L0] = -0.0
tau[1,4,L1] = -0.0
tau[1,4,L2] = -0.0
tau[1,5,2] = -0.0
tau[1,5,L0] = -0.0
tau[1,5,L1] = -0.0
tau[1,5,L2] = 0.0
tau[2,0,L0] = 0.0
tau[2,0,L1] = -0.0
tau[2,0,L2] = 1.0
tau[2,1,L0] = 0.0
tau[2,1,L1] = 0.0
tau[2,1,L2] = 1.0
tau[2,2,L0] = -0.0
tau[2,2,L1] = 1.0
tau[2,2,L2] = -0.0
tau[2,3,L0] = 1.0
tau[2,3,L1] = -0.0
tau[2,3,L2] = -0.0
tau[2,4,L0] = 1.0
tau[2,4,L1] = 0.0
tau[2,4,L2] = -0.0
tau[2,5,L0] = 1.0
tau[2,5,L1] = -0.0
tau[2,5,L2] = 0.0
m[0,0] = 1.0
m[0,1] = 1.0
m[0,2] = 1.0
m[0,3] = 1.0
m[0,4] = 1.0
m[0,5] = 1.0
m[0,6] = 1.0
m[0,7] = 1.0
m[0,8] = 1.0
m[0,9] = 1.0
m[0,10] = 1.0
m[0,11] = 1.0
m[0,12] = 1.0
m[0,13] = 1.0
m[0,14] = 1.0
m[0,15] = 1.0
m[0,16] = 1.0
m[0,17] = 1.0
m[0,18] = 1.0
m[0,19] = 1.0
m[0,20] = 1.0
m[0,21] = 1.0
m[0,22] = 1.0
m[0,23] = 1.0
m[0,24] = 1.0
m[0,25] = 1.0
m[0,26] = 1.0
m[0,27] = 0.0
m[0,28] = 1.0
m[0,29] = 1.0
m[0,30] = 1.0
m[0,31] = 1.0
m[0,32] = 1.0
m[0,33] = 1.0
m[0,34] = 1.0
m[0,35] = 1.0
m[0,36] = 1.0
m[0,37] = 1.0
m[0,38] = 1.0
m[0,39] = 1.0
m[0,40] = 1.0
m[0,41] = 1.0
m[0,42] = 1.0
m[0,43] = 1.0
m[0,44] = 1.0
m[0,45] = 1.0
m[0,46] = 1.0
m[0,47] = 1.0
m[0,48] = 1.0
m[0,49] = 1.0
m[0,50] = 1.0
m[0,51] = 1.0
m[0,52] = 1.0
m[0,53] = 1.0
m[0,54] = 1.0
m[0,55] = 1.0
m[0,56] = 1.0
m[0,57] = 1.0
m[0,58] = 1.0
m[0,59] = 1.0
m[0,60] = 1.0
m[0,61] = 1.0
m[0,62] = 1.0
m[0,63] = 0.0
m[0,64] = 1.0
m[0,65] = 0.0
m[0,66] = 0.0
m[0,67] = 1.0
m[0,68] = 1.0
m[0,69] = 1.0
m[0,70] = 1.0
m[0,71] = 1.0
m[0,72] = 1.0
m[0,73] = 1.0
m[0,74] = 1.0
m[0,75] = 1.0
m[0,76] = 1.0
m[0,77] = 1.0
m[0,78] = 1.0
m[0,79] = 1.0
m[0,80] = 1.0
m[0,81] = 1.0
m[0,82] = 1.0
m[0,83] = 1.0
m[0,84] = 1.0
m[0,85] = 1.0
m[0,86] = 1.0
m[0,87] = 1.0
m[0,88] = 1.0
m[0,89] = 1.0
m[0,90] = 1.0
m[0,91] = 1.0
m[0,92] = 1.0
m[0,93] = 1.0
m[0,94] = 1.0
m[0,95] = 1.0
m[0,96] = 1.0
m[0,97] = 1.0
m[0,98] = 0.0
m[0,99] = 1.0
m[0,100] = 1.0
m[0,101] = 1.0
m[0,102] = 1.0
m[0,103] = 1.0
m[0,104] = 1.0
m[0,105] = 1.0
m[0,106] = 1.0
m[0,107] = 1.0
m[0,108] = 1.0
m[0,109] = 1.0
m[0,110] = 1.0
m[0,111] = 1.0
m[0,112] = 1.0
m[0,113] = 1.0
m[0,114] = 1.0
m[0,115] = 1.0
m[0,116] = 1.0
m[0,117] = 1.0
m[0,118] = 1.0
m[0,119] = 1.0
m[0,120] = 1.0
m[0,121] = 1.0
m[0,122] = 1.0
m[0,123] = 1.0
m[0,124] = 1.0
m[0,125] = 1.0
m[0,126] = 1.0
m[0,127] = 1.0
m[0,128] = 1.0
m[0,129] = 1.0
m[0,130] = 1.0
m[0,131] = 1.0
m[0,132] = 1.0
m[0,133] = 1.0
m[0,134] = 1.0
m[0,135] = 1.0
m[0,136] = 1.0
m[0,137] = 1.0
m[0,138] = 1.0
m[0,139] = 1.0
m[0,140] = 1.0
m[0,141] = 1.0
m[0,142] = 1.0
m[0,143] = 1.0
m[0,144] = 1.0
m[0,145] = 1.0
m[0,146] = 1.0
m[0,147] = 1.0
m[0,148] = 1.0
m[0,149] = 1.0
m[0,150] = 1.0
m[0,151] = 1.0
m[0,152] = 1.0
m[0,153] = 1.0
m[0,154] = 1.0
m[0,155] = 1.0
m[0,156] = 1.0
m[0,157] = 1.0
m[0,158] = 1.0
m[0,159] = 1.0
m[0,160] = 1.0
m[0,161] = 1.0
m[0,162] = 1.0
m[0,163] = 1.0
m[0,164] = 1.0
m[0,165] = 1.0
m[0,166] = 1.0
m[0,167] = 1.0
m[0,168] = 1.0
m[0,169] = 1.0
m[0,170] = 1.0
m[0,171] = 1.0
m[0,172] = 1.0
m[0,173] = 1.0
m[0,174] = 1.0
m[0,175] = 1.0
m[0,176] = 1.0
m[0,177] = 1.0
u[0] = 1.0
u[1] = 1.0
u[2] = 1.0
o_u[0,0] = 0.0
o_u[0,1] = 0.0
o_u[0,2] = 0.0
o_u[0,3] = 0.0
o_u[0,4] = 0.5
o_u[0,5] = 0.0
o_u[0,6] = 0.0
o_u[0,7] = 0.5
o_u[0,8] = 0.0
o_u[1,0] = 0.0
o_u[1,1] = 0.0
o_u[1,2] = 0.0
o_u[1,3] = 0.0
o_u[1,4] = 0.5
o_u[1,5] = 0.0
o_u[1,6] = 0.0
o_u[1,7] = 0.5
o_u[1,8] = 0.0
o_u[2,0] = 0.0
o_u[2,1] = 0.0
o_u[2,2] = 1.0
o_u[2,3] = 0.0
o_u[2,4] = 0.0
o_u[2,5] = 0.0
o_u[2,6] = 0.0
o_u[2,7] = 0.0
o_u[2,8] = 0.0
New pareto points added, correctness = 0.9719101123595506 , explainability = 5.0
App ending 2.................
End of find_pareto_solution_more_c 4 |||||||||||||||||
Inside find_pareto_solution_more_c
Gurobi Optimizer version 12.0.3 build v12.0.3rc0 (linux64 - "Ubuntu 22.04.5 LTS")

CPU model: AMD EPYC 7742 64-Core Processor, instruction set [SSE2|AVX|AVX2]
Thread count: 128 physical cores, 256 logical processors, using up to 32 threads

Optimize a model with 72075 rows, 17289 columns and 219598 nonzeros
Model fingerprint: 0xcc096338
Variable types: 17217 continuous, 72 integer (0 binary)
Coefficient statistics:
  Matrix range     [1e+00, 3e+00]
  Objective range  [1e+00, 3e+00]
  Bounds range     [1e+00, 1e+00]
  RHS range        [1e+00, 1e+03]

MIP start from previous solve did not produce a new incumbent solution
MIP start from previous solve violates constraint R72075 by 1.000000000

Presolve removed 57961 rows and 13294 columns
Presolve time: 0.41s
Presolved: 14114 rows, 3995 columns, 44846 nonzeros
Variable types: 3879 continuous, 116 integer (116 binary)

Root relaxation: objective 1.820000e+02, 4578 iterations, 0.50 seconds (0.77 work units)

    Nodes    |    Current Node    |     Objective Bounds      |     Work
 Expl Unexpl |  Obj  Depth IntInf | Incumbent    BestBd   Gap | It/Node Time

     0     0  182.00000    0   11          -  182.00000      -     -    3s
     0     0  182.00000    0   16          -  182.00000      -     -    4s
     0     0  182.00000    0   22          -  182.00000      -     -   10s
     0     0  182.00000    0   23          -  182.00000      -     -   10s
     0     0  182.00000    0   15          -  182.00000      -     -   13s
     0     0  182.00000    0   19          -  182.00000      -     -   13s
     0     0  182.00000    0   10          -  182.00000      -     -   16s
     0     0  182.00000    0   12          -  182.00000      -     -   17s
     0     0  182.00000    0   14          -  182.00000      -     -   19s
     0     0  182.00000    0   12          -  182.00000      -     -   19s
     0     0  182.00000    0   10          -  182.00000      -     -   24s
     0     0  182.00000    0   21          -  182.00000      -     -   26s
     0     0  182.00000    0   21          -  182.00000      -     -   26s
     0     0  182.00000    0    7          -  182.00000      -     -   29s
     0     0  182.00000    0   12          -  182.00000      -     -   29s
     0     0  182.00000    0   12          -  182.00000      -     -   30s
     0     0  182.00000    0   13          -  182.00000      -     -   31s
     0     0  182.00000    0   18          -  182.00000      -     -   33s
     0     0  182.00000    0   17          -  182.00000      -     -   33s
     0     0  182.00000    0   12          -  182.00000      -     -   34s
     0     0  182.00000    0   17          -  182.00000      -     -   34s
     0     0  182.00000    0   15          -  182.00000      -     -   36s
     0     0  182.00000    0   17          -  182.00000      -     -   36s
     0     0  182.00000    0   20          -  182.00000      -     -   39s
     0     0  182.00000    0   20          -  182.00000      -     -   40s
     0     2  182.00000    0   12          -  182.00000      -     -   45s
   289   272  181.40040   12   25          -  182.00000      -   760   50s
  2541   816  181.94444   15   30          -  182.00000      -   448   55s
  4996  1284  182.00000   10   21          -  182.00000      -   424   60s
  7943  1350  178.57143   22   27          -  181.79167      -   414   65s

Cutting planes:
  Gomory: 1
  Cover: 20
  Implied bound: 79
  MIR: 161
  Flow cover: 94
  GUB cover: 1
  Inf proof: 4
  RLT: 139
  Relax-and-lift: 6
  BQP: 12
  PSD: 1

Explored 11798 nodes (4323247 simplex iterations) in 67.58 seconds (91.50 work units)
Thread count was 32 (of 256 available processors)

Solution count 0
No other solutions better than -1e+100

Model is infeasible
Best objective -, best bound -, gap -
[INFO] Model became infeasible under the new cuts.
End of find_pareto_solution_more_c 1 |||||||||||||||||
[0.898876404494382, 9.0]
Printing original list
[0.898876404494382, 9.0]
[0.9719101123595506, 5.0]
Printing list after change
[0.898876404494382, 9.0]
[0.9719101123595506, 5.0]
[0.9719101123595506, 5.0]
Printing original list
[0.898876404494382, 9.0]
[0.9719101123595506, 5.0]
Printing list after change
[0.898876404494382, 9.0]
[0.9719101123595506, 5.0]
App ending 3....................... c = 0.9662921348314607 , e = 8.000001000000001

 Total time taken: 392.6639084815979 seconds