I AM STARTING --------------------
[]
NOW I AM GOING TO SOLVE THE MODEL FOR FIRST SOLUTION
Gurobi Optimizer version 12.0.3 build v12.0.3rc0 (linux64 - "Ubuntu 22.04.5 LTS")

CPU model: AMD EPYC 7742 64-Core Processor, instruction set [SSE2|AVX|AVX2]
Thread count: 128 physical cores, 256 logical processors, using up to 32 threads

Optimize a model with 106711 rows, 25034 columns and 327014 nonzeros
Model fingerprint: 0x496a8351
Variable types: 24926 continuous, 108 integer (0 binary)
Coefficient statistics:
  Matrix range     [1e+00, 3e+00]
  Objective range  [1e+00, 3e+00]
  Bounds range     [1e+00, 1e+00]
  RHS range        [1e+00, 1e+03]
Presolve removed 83481 rows and 18592 columns
Presolve time: 0.72s
Presolved: 23230 rows, 6442 columns, 75418 nonzeros
Variable types: 6286 continuous, 156 integer (156 binary)
Found heuristic solution: objective 52.0000000
Found heuristic solution: objective 63.0000000

Root relaxation: objective 1.915000e+02, 7837 iterations, 1.21 seconds (1.30 work units)

    Nodes    |    Current Node    |     Objective Bounds      |     Work
 Expl Unexpl |  Obj  Depth IntInf | Incumbent    BestBd   Gap | It/Node Time

     0     0  191.50000    0   35   63.00000  191.50000   204%     -    4s
H    0     0                      79.0000000  191.50000   142%     -    4s
H    0     0                     104.0000000  191.50000  84.1%     -    4s
H    0     0                     109.0000000  191.50000  75.7%     -    4s
H    0     0                     114.0000000  191.50000  68.0%     -    5s
     0     0  190.00000    0   78  114.00000  190.00000  66.7%     -    7s
     0     0  190.00000    0   72  114.00000  190.00000  66.7%     -    7s
H    0     0                     117.0000000  190.00000  62.4%     -    8s
     0     0  190.00000    0   72  117.00000  190.00000  62.4%     -    8s
     0     0  190.00000    0   72  117.00000  190.00000  62.4%     -    8s
H    0     0                     128.0000000  190.00000  48.4%     -   24s
H    0     0                     136.0000000  190.00000  39.7%     -   24s
H    0     0                     148.0000000  190.00000  28.4%     -   24s
H    0     0                     154.0000000  190.00000  23.4%     -   24s
H    0     0                     166.5000000  190.00000  14.1%     -   24s
H    0     0                     171.5000000  190.00000  10.8%     -   24s
H    0     0                     172.5000000  190.00000  10.1%     -   24s
     0     0  190.00000    0   28  172.50000  190.00000  10.1%     -   24s
     0     0  190.00000    0   28  172.50000  190.00000  10.1%     -   25s
H    0     0                     173.0000000  190.00000  9.83%     -   35s
H    0     0                     173.5000000  190.00000  9.51%     -   35s
H    0     0                     174.0000000  190.00000  9.20%     -   35s
H    0     0                     174.5000000  190.00000  8.88%     -   35s
H    0     0                     176.5000000  190.00000  7.65%     -   35s
H    0     0                     177.5000000  190.00000  7.04%     -   35s
H    0     0                     178.0000000  190.00000  6.74%     -   35s
H    0     0                     178.5000000  190.00000  6.44%     -   35s
     0     0  190.00000    0   35  178.50000  190.00000  6.44%     -   35s
     0     0  190.00000    0   41  178.50000  190.00000  6.44%     -   35s
     0     0  190.00000    0   33  178.50000  190.00000  6.44%     -   41s
     0     0  190.00000    0   30  178.50000  190.00000  6.44%     -   48s
     0     2  190.00000    0   30  178.50000  190.00000  6.44%     -   58s
     3     8  190.00000    2   59  178.50000  190.00000  6.44%  4188   61s
   132   197  190.00000    8   30  178.50000  190.00000  6.44%   945   65s
   247   256  188.90000   10   46  178.50000  190.00000  6.44%   862   70s
   365   381  189.00000   13   29  178.50000  190.00000  6.44%   866   75s
H  767   669                     179.3333333  190.00000  5.95%   700   79s
   793   834 infeasible   26       179.33333  190.00000  5.95%   694   81s
H 1045   860                     179.5000000  190.00000  5.85%   635   81s
  1960  1508  189.80000    9   53  179.50000  190.00000  5.85%   527   85s
  2637  1863  189.50000   15   60  179.50000  190.00000  5.85%   516   90s
H 2881  2092                     180.0000000  190.00000  5.56%   515   91s
  3792  2620  184.00000   11   30  180.00000  190.00000  5.56%   504   95s
* 4281  2624              27     181.0000000  190.00000  4.97%   502   96s
  4588  2760  189.66667   12   30  181.00000  190.00000  4.97%   501  125s
H 4590  2622                     183.0000000  190.00000  3.83%   501  138s
H 4590  2491                     184.0000000  190.00000  3.26%   501  138s
  4591  2492  187.03846   27   30  184.00000  190.00000  3.26%   501  145s
  4593  2493  184.50000   12   31  184.00000  190.00000  3.26%   501  158s
  4595  2495  186.77778   26   37  184.00000  190.00000  3.26%   501  165s
  4597  2496  187.85714   27   33  184.00000  190.00000  3.26%   500  174s
  4598  2497  184.00000   32   35  184.00000  190.00000  3.26%   500  175s
  4599  2497  188.00000   20   21  184.00000  190.00000  3.26%   500  180s
  4601  2499  189.00000   20   21  184.00000  189.77778  3.14%   500  190s
H 4602  2374                     184.0000001  189.50000  2.99%   500  201s
H 4604  2257                     184.0000003  189.50000  2.99%   500  212s
  4607  2259  185.00000   32   35  184.00000  189.25000  2.85%   499  229s
  4608  2259  188.66667   10   53  184.00000  189.20000  2.83%   499  231s
  4609  2260  189.00000   12   16  184.00000  189.00000  2.72%   499  243s
  4611  2261  189.00000    9   38  184.00000  189.00000  2.72%   499  253s
  4612  2262  189.00000   23   38  184.00000  189.00000  2.72%   499  259s
  4613  2263  188.50000   22   38  184.00000  189.00000  2.72%   499  262s
  4614  2266  189.00000   10   29  184.00000  189.00000  2.72%   550  270s
  4644  2316  189.00000   14   41  184.00000  189.00000  2.72%   553  276s
H 4735  2246                     184.5000000  189.00000  2.44%   561  278s
  4750  2323  189.00000   17   32  184.50000  189.00000  2.44%   561  280s
  5014  2471  189.00000   20   33  184.50000  189.00000  2.44%   587  285s
H 5151  2343                     185.0000000  189.00000  2.16%   601  289s
  5172  2462  189.00000   21   44  185.00000  189.00000  2.16%   604  291s
  5735  2594     cutoff   25       185.00000  189.00000  2.16%   616  296s
  6239  2664  185.78947   28   37  185.00000  189.00000  2.16%   619  302s
  6284  2672     cutoff   29       185.00000  189.00000  2.16%   619  305s
H 6503  2644                     185.0000003  189.00000  2.16%   621  309s
  6568  2685  188.50000   19   23  185.00000  189.00000  2.16%   621  310s
  7340  2857  188.58621   24   38  185.00000  189.00000  2.16%   622  315s
  8168  2954  186.25000   19   36  185.00000  189.00000  2.16%   623  321s
  8827  3018  189.00000   19   36  185.00000  189.00000  2.16%   630  326s
  9593  3065  189.00000   23   45  185.00000  189.00000  2.16%   638  330s
 10170  3280  186.00000   27   23  185.00000  189.00000  2.16%   643  335s
 11451  3788  186.15000   41   20  185.00000  189.00000  2.16%   656  341s
 12292  3997  186.33333   43   24  185.00000  189.00000  2.16%   659  349s
 12338  4022  186.33333   44   19  185.00000  189.00000  2.16%   660  360s
 12426  4080  185.16667   46   19  185.00000  189.00000  2.16%   661  365s
H12506  4104                     185.0000009  189.00000  2.16%   661  367s
 12591  4182  185.80000   47   21  185.00000  189.00000  2.16%   662  370s
 12909  4337  187.60000   18   35  185.00000  189.00000  2.16%   664  375s
 13356  4524  185.50000   21   25  185.00000  189.00000  2.16%   668  382s
 13677  4636  185.12500   23   23  185.00000  189.00000  2.16%   671  386s
 14078  4776  189.00000   18   35  185.00000  189.00000  2.16%   673  390s
 14584  4885  189.00000   20   25  185.00000  189.00000  2.16%   675  397s
 14672  4968  189.00000   21   30  185.00000  189.00000  2.16%   675  401s
H14722  4968                     185.0000011  189.00000  2.16%   675  401s
 14887  5094  189.00000   22   29  185.00000  189.00000  2.16%   674  405s
 15763  5530     cutoff   42       185.00000  189.00000  2.16%   676  412s
 16384  5873  188.60000   30   38  185.00000  189.00000  2.16%   678  415s
 18040  6454  189.00000   26   37  185.00000  189.00000  2.16%   678  422s
 18829  6747  186.15000   36   32  185.00000  189.00000  2.16%   680  425s
 20811  7338  188.66667   27   34  185.00000  189.00000  2.16%   677  432s
 21956  7628  185.03333   42   26  185.00000  189.00000  2.16%   674  436s
 23180  8093     cutoff   40       185.00000  189.00000  2.16%   671  440s
 25593  8858  188.50000   28   31  185.00000  189.00000  2.16%   666  447s
 26784  9260  189.00000   27   39  185.00000  189.00000  2.16%   666  451s
 28106  9556     cutoff   36       185.00000  189.00000  2.16%   664  455s
H29224  9556                     185.0000040  189.00000  2.16%   661  455s
 29350  9610  186.61905   35   24  185.00000  189.00000  2.16%   661  461s
H29521  9610                     185.0000053  189.00000  2.16%   661  461s
 29668 11088  188.00000   30   23  185.00001  189.00000  2.16%   661  475s
 34631 11102  186.22785   31   14  185.00001  189.00000  2.16%   661  481s
 34812 11183     cutoff   32       185.00001  189.00000  2.16%   660  487s
 35287 11454  186.83333   32   28  185.00001  189.00000  2.16%   660  492s
 36351 11724     cutoff   29       185.00001  189.00000  2.16%   658  497s
 37557 12269  186.32558   29   29  185.00001  189.00000  2.16%   658  502s
 39267 12736     cutoff   25       185.00001  189.00000  2.16%   656  508s
 40832 13201  188.75000   28   39  185.00001  189.00000  2.16%   657  513s
 42443 13663 infeasible   37       185.00001  189.00000  2.16%   659  518s
 44153 14303  188.75000   27   32  185.00001  189.00000  2.16%   661  524s
 45935 14871  188.50000   30   30  185.00001  189.00000  2.16%   663  530s
 47913 15396  186.33333   42   30  185.00001  189.00000  2.16%   664  536s
 50020 16087  188.25000   29   34  185.00001  189.00000  2.16%   663  542s
 52291 16737  187.25000   25   24  185.00001  189.00000  2.16%   662  548s
 54373 17279  188.00000   31   23  185.00001  189.00000  2.16%   662  553s
 56172 17846  185.50000   33   21  185.00001  189.00000  2.16%   662  559s
 58739 17847  185.54545   33   30  185.00001  189.00000  2.16%   661  762s
 58741 17848  186.30000   28   29  185.00001  189.00000  2.16%   661  766s
 58742 17849  186.00000   30   23  185.00001  189.00000  2.16%   661  776s
 58744 17850  187.68981   24   39  185.00001  189.00000  2.16%   661  797s
H58744 16957                     185.0000059  189.00000  2.16%   661  805s
 58746 16959  187.97534   43   45  185.00001  189.00000  2.16%   661  826s
 58747 16959  188.83721   35   61  185.00001  189.00000  2.16%   661  836s
 58748 16960  186.13725   28   40  185.00001  189.00000  2.16%   661  858s
 58749 16961  187.00000   27   51  185.00001  189.00000  2.16%   661  868s
 58750 16961  188.66667   32   42  185.00001  189.00000  2.16%   661  895s
 58751 16962  187.19355   40   37  185.00001  189.00000  2.16%   661  910s
 58753 16966  189.00000   24   33  185.00001  189.00000  2.16%   664  925s
 58759 16975  189.00000   26   24  185.00001  189.00000  2.16%   664  930s
 58782 17009  189.00000   28   42  185.00001  189.00000  2.16%   664  935s
 58843 17044  189.00000   30   31  185.00001  189.00000  2.16%   665  941s
 58877 17067  189.00000   31   44  185.00001  189.00000  2.16%   665  947s
 58973 17131  189.00000   32   49  185.00001  189.00000  2.16%   665  951s
 59180 17196  189.00000   35   39  185.00001  189.00000  2.16%   666  955s
 59504 17278  188.33333   38   31  185.00001  189.00000  2.16%   666  960s
 59816 17295     cutoff   43       185.00001  189.00000  2.16%   667  968s
 59862 17302     cutoff   44       185.00001  189.00000  2.16%   668  970s
 60214 17365  189.00000   30   47  185.00001  189.00000  2.16%   668  975s
 60690 17436  186.00000   45   25  185.00001  189.00000  2.16%   668  980s
 61372 17500  188.58929   38   40  185.00001  189.00000  2.16%   668  985s
 62173 17516  188.33088   40   35  185.00001  189.00000  2.16%   669  990s
 62972 17609  188.71009   37   39  185.00001  189.00000  2.16%   670  995s
 63905 17604  186.45455   43   20  185.00001  189.00000  2.16%   670 1001s
 64567 17656     cutoff   48       185.00001  189.00000  2.16%   671 1006s
 65325 17613  189.00000   41   42  185.00001  189.00000  2.16%   672 1010s
 65938 17615  185.23214   52   21  185.00001  189.00000  2.16%   673 1016s
 66895 17625  186.85714   40   24  185.00001  189.00000  2.16%   674 1020s
 68133 17613  185.45455   38   35  185.00001  189.00000  2.16%   673 1025s
 69279 17677  187.29348   36   33  185.00001  189.00000  2.16%   674 1031s
 70594 17665  187.61111   46   26  185.00001  189.00000  2.16%   675 1037s
 71260 17692  187.80000   32   27  185.00001  189.00000  2.16%   675 1040s
 72051 17601  185.50000   40   23  185.00001  189.00000  2.16%   675 1046s
 73203 17623  186.25000   36   35  185.00001  189.00000  2.16%   676 1051s
 74826 17655  187.68000   38   44  185.00001  189.00000  2.16%   676 1057s
 76545 17517  186.33333   49   33  185.00001  189.00000  2.16%   677 1063s
 77497 17543     cutoff   42       185.00001  189.00000  2.16%   678 1066s
 78544 17478  188.00000   44   31  185.00001  188.87500  2.09%   679 1070s
 80944 17271     cutoff   42       185.00001  188.80000  2.05%   677 1077s
 82033 17269  187.90909   45   36  185.00001  188.80000  2.05%   677 1081s
 83253 17178  185.37500   46   26  185.00001  188.67039  1.98%   677 1085s
 85769 16853     cutoff   44       185.00001  188.60714  1.95%   677 1094s
 87095 16647  187.00000   42   26  185.00001  188.56198  1.93%   677 1098s
 88495 16611  188.00000   40   27  185.00001  188.50000  1.89%   676 1103s
 90177 16246     cutoff   53       185.00001  188.50000  1.89%   675 1107s
 91308 16047  187.37500   35   30  185.00001  188.50000  1.89%   676 1111s
 92583 15871  185.50000   45   25  185.00001  188.50000  1.89%   677 1116s
 94132 15503  186.36601   47   27  185.00001  188.46429  1.87%   677 1121s
 95734 15113     cutoff   46       185.00001  188.41667  1.85%   677 1125s
 97232 14793  186.84615   43   45  185.00001  188.33333  1.80%   678 1131s
 98867 14428  187.66154   43   33  185.00001  188.33333  1.80%   678 1136s
 100523 14061     cutoff   42       185.00001  188.25000  1.76%   678 1141s
 102318 13448     cutoff   47       185.00001  188.23438  1.75%   678 1146s
 103632 13276  186.33333   50   24  185.00001  188.14444  1.70%   679 1153s
 105786 12960  185.08946   49   19  185.00001  188.00000  1.62%   678 1158s
 107909 12546 infeasible   53       185.00001  188.00000  1.62%   677 1164s
 109805 12293  186.79167   48   20  185.00001  188.00000  1.62%   678 1169s
 111853 12603     cutoff   49       185.00001  188.00000  1.62%   678 1176s
 113943 12864     cutoff   46       185.00001  188.00000  1.62%   678 1184s
 116015 13066  186.60000   40   39  185.00001  188.00000  1.62%   679 1191s
 118060 13454  187.90000   38   35  185.00001  188.00000  1.62%   681 1199s
 120932 13559     cutoff   50       185.00001  188.00000  1.62%   681 1207s
 122441 13849  186.25806   49   21  185.00001  188.00000  1.62%   681 1216s
 125753 14112     cutoff   47       185.00001  187.85227  1.54%   679 1224s
 128999 14193  186.57143   49   26  185.00001  187.77778  1.50%   678 1231s
 132060 14374  185.23123   47   26  185.00001  187.75000  1.49%   678 1239s
*133827 11737              55     186.0000000  187.74194  0.94%   677 1239s
 135481 11606     cutoff   54       186.00000  187.68182  0.90%   677 1249s
 135568 11615     cutoff   53       186.00000  187.68182  0.90%   677 1258s
 136224 11386     cutoff   50       186.00000  187.66667  0.90%   676 1269s
 138478 10993  186.51613   51   15  186.00000  187.66667  0.90%   676 1279s
 142338 10698  186.38095   52   13  186.00000  187.66667  0.90%   675 1290s
 145850 10074  186.16667   37   27  186.00000  187.50000  0.81%   674 1299s
 146064 10074  186.64912   42   40  186.00000  187.50000  0.81%   675 1300s
 149335  9291     cutoff   42       186.00000  187.44318  0.78%   675 1309s
 152860  8214     cutoff   48       186.00000  187.33333  0.72%   674 1319s
 156326  7374  186.87879   47   29  186.00000  187.20000  0.65%   673 1329s
 159467  6992  186.14074   46   28  186.00000  187.00000  0.54%   673 1338s
 162219  6725     cutoff   46       186.00000  187.00000  0.54%   674 1348s
 164054  5920  186.40000   46   21  186.00000  187.00000  0.54%   675 1359s
 167389  4457     cutoff   43       186.00000  187.00000  0.54%   676 1370s
 171447  2637     cutoff   34       186.00000  186.83333  0.45%   673 1380s
 175336   551     cutoff   42       186.00000  186.62500  0.34%   670 1389s
 178445     0     cutoff   51       186.00000  186.33333  0.18%   665 1393s

Cutting planes:
  Gomory: 8
  Cover: 5
  Implied bound: 51
  Projected implied bound: 2
  MIR: 2961
  Flow cover: 1354
  Inf proof: 42
  Zero half: 2
  RLT: 698
  Relax-and-lift: 22
  BQP: 726

Explored 179084 nodes (118885368 simplex iterations) in 1393.31 seconds (2067.44 work units)
Thread count was 32 (of 256 available processors)

Solution count 10: 186 186 185 ... 181

Optimal solution found (tolerance 1.00e-04)
Best objective 1.860000000000e+02, best bound 1.860000000000e+02, gap 0.0000%
Objective value: 186.0
lam[0,0] = 0.5
lam[0,1] = 0.0
lam[0,2] = 0.0
lam[0,3] = 0.0
lam[0,4] = 0.0
lam[0,5] = 0.5
lam[0,6] = 0.0
lam[0,7] = 0.0
lam[0,8] = 0.0
lam[1,0] = 0.5
lam[1,1] = 0.0
lam[1,2] = 0.0
lam[1,3] = 0.0
lam[1,4] = 0.0
lam[1,5] = 0.5
lam[1,6] = 0.0
lam[1,7] = 0.0
lam[1,8] = 0.0
lam[2,0] = 0.0
lam[2,1] = 0.0
lam[2,2] = 1.0
lam[2,3] = 0.0
lam[2,4] = 0.0
lam[2,5] = 0.0
lam[2,6] = 0.0
lam[2,7] = 0.0
lam[2,8] = 0.0
lam[3,0] = 0.0
lam[3,1] = 0.0
lam[3,2] = 1.0
lam[3,3] = 0.0
lam[3,4] = 0.0
lam[3,5] = 0.0
lam[3,6] = 0.0
lam[3,7] = 0.0
lam[3,8] = 0.0
tau[0,0,1] = 1.0
tau[0,0,2] = 0.0
tau[0,0,3] = 0.0
tau[0,0,L0] = 0.0
tau[0,0,L1] = 0.0
tau[0,0,L2] = 0.0
tau[0,1,1] = 1.0
tau[0,1,2] = 0.0
tau[0,1,3] = 0.0
tau[0,1,L0] = 0.0
tau[0,1,L1] = 0.0
tau[0,1,L2] = 0.0
tau[0,2,1] = 1.0
tau[0,2,2] = 0.0
tau[0,2,3] = 0.0
tau[0,2,L0] = 0.0
tau[0,2,L1] = 0.0
tau[0,2,L2] = 0.0
tau[0,3,1] = 1.0
tau[0,3,2] = 0.0
tau[0,3,3] = 0.0
tau[0,3,L0] = 0.0
tau[0,3,L1] = 0.0
tau[0,3,L2] = 0.0
tau[0,4,1] = 0.0
tau[0,4,2] = 0.0
tau[0,4,3] = 0.0
tau[0,4,L0] = 0.0
tau[0,4,L1] = 0.0
tau[0,4,L2] = 0.0
tau[0,5,1] = 0.0
tau[0,5,2] = 0.0
tau[0,5,3] = 0.0
tau[0,5,L0] = 0.0
tau[0,5,L1] = 0.0
tau[0,5,L2] = 0.0
tau[1,0,2] = 0.0
tau[1,0,3] = 0.0
tau[1,0,L0] = 0.0
tau[1,0,L1] = 1.0
tau[1,0,L2] = 0.0
tau[1,1,2] = 0.0
tau[1,1,3] = 1.0
tau[1,1,L0] = 0.0
tau[1,1,L1] = 0.0
tau[1,1,L2] = 0.0
tau[1,2,2] = 1.0
tau[1,2,3] = 0.0
tau[1,2,L0] = 0.0
tau[1,2,L1] = 0.0
tau[1,2,L2] = 0.0
tau[1,3,2] = 1.0
tau[1,3,3] = 0.0
tau[1,3,L0] = 0.0
tau[1,3,L1] = 0.0
tau[1,3,L2] = 0.0
tau[1,4,2] = 0.0
tau[1,4,3] = 0.0
tau[1,4,L0] = 0.0
tau[1,4,L1] = 0.0
tau[1,4,L2] = 0.0
tau[1,5,2] = 0.0
tau[1,5,3] = 0.0
tau[1,5,L0] = 0.0
tau[1,5,L1] = 0.0
tau[1,5,L2] = 0.0
tau[2,0,3] = 0.0
tau[2,0,L0] = 0.0
tau[2,0,L1] = 0.0
tau[2,0,L2] = 1.0
tau[2,1,3] = 0.0
tau[2,1,L0] = 0.0
tau[2,1,L1] = 0.0
tau[2,1,L2] = 1.0
tau[2,2,3] = 0.0
tau[2,2,L0] = 0.0
tau[2,2,L1] = 1.0
tau[2,2,L2] = 0.0
tau[2,3,3] = 0.0
tau[2,3,L0] = 1.0
tau[2,3,L1] = 0.0
tau[2,3,L2] = 0.0
tau[2,4,3] = 0.0
tau[2,4,L0] = 1.0
tau[2,4,L1] = 0.0
tau[2,4,L2] = 0.0
tau[2,5,3] = 0.0
tau[2,5,L0] = 1.0
tau[2,5,L1] = 0.0
tau[2,5,L2] = 0.0
tau[3,0,L0] = 0.0
tau[3,0,L1] = 0.0
tau[3,0,L2] = 1.0
tau[3,1,L0] = 0.0
tau[3,1,L1] = 1.0
tau[3,1,L2] = 0.0
tau[3,2,L0] = 1.0
tau[3,2,L1] = 0.0
tau[3,2,L2] = 0.0
tau[3,3,L0] = 0.0
tau[3,3,L1] = 1.0
tau[3,3,L2] = 0.0
tau[3,4,L0] = 1.0
tau[3,4,L1] = 0.0
tau[3,4,L2] = 0.0
tau[3,5,L0] = 0.0
tau[3,5,L1] = 1.0
tau[3,5,L2] = 0.0
m[0,0] = 1.0
m[0,1] = 1.0
m[0,2] = 1.0
m[0,3] = 1.0
m[0,4] = 1.0
m[0,5] = 1.0
m[0,6] = 1.0
m[0,7] = 1.0
m[0,8] = 1.0
m[0,9] = 1.0
m[0,10] = 1.0
m[0,11] = 1.0
m[0,12] = 1.0
m[0,13] = 1.0
m[0,14] = 1.0
m[0,15] = 1.0
m[0,16] = 1.0
m[0,17] = 1.0
m[0,18] = 1.0
m[0,19] = 1.0
m[0,20] = 1.0
m[0,21] = 1.0
m[0,22] = 1.0
m[0,23] = 1.0
m[0,24] = 1.0
m[0,25] = 1.0
m[0,26] = 1.0
m[0,27] = 1.0
m[0,28] = 1.0
m[0,29] = 1.0
m[0,30] = 1.0
m[0,31] = 1.0
m[0,32] = 1.0
m[0,33] = 1.0
m[0,34] = 1.0
m[0,35] = 1.0
m[0,36] = 1.0
m[0,37] = 1.0
m[0,38] = 1.0
m[0,39] = 1.0
m[0,40] = 1.0
m[0,41] = 1.0
m[0,42] = 1.0
m[0,43] = 1.0
m[0,44] = 1.0
m[0,45] = 1.0
m[0,46] = 1.0
m[0,47] = 1.0
m[0,48] = 1.0
m[0,49] = 1.0
m[0,50] = 1.0
m[0,51] = 1.0
m[0,52] = 1.0
m[0,53] = 1.0
m[0,54] = 1.0
m[0,55] = 1.0
m[0,56] = 1.0
m[0,57] = 1.0
m[0,58] = 1.0
m[0,59] = 1.0
m[0,60] = 1.0
m[0,61] = 1.0
m[0,62] = 1.0
m[0,63] = 1.0
m[0,64] = 1.0
m[0,65] = 1.0
m[0,66] = 1.0
m[0,67] = 1.0
m[0,68] = 0.0
m[0,69] = 1.0
m[0,70] = 1.0
m[0,71] = 1.0
m[0,72] = 1.0
m[0,73] = 1.0
m[0,74] = 1.0
m[0,75] = 1.0
m[0,76] = 1.0
m[0,77] = 1.0
m[0,78] = 1.0
m[0,79] = 1.0
m[0,80] = 1.0
m[0,81] = 1.0
m[0,82] = 1.0
m[0,83] = 1.0
m[0,84] = 1.0
m[0,85] = 1.0
m[0,86] = 1.0
m[0,87] = 1.0
m[0,88] = 1.0
m[0,89] = 1.0
m[0,90] = 1.0
m[0,91] = 1.0
m[0,92] = 1.0
m[0,93] = 1.0
m[0,94] = 1.0
m[0,95] = 1.0
m[0,96] = 1.0
m[0,97] = 1.0
m[0,98] = 1.0
m[0,99] = 1.0
m[0,100] = 1.0
m[0,101] = 1.0
m[0,102] = 1.0
m[0,103] = 1.0
m[0,104] = 1.0
m[0,105] = 1.0
m[0,106] = 1.0
m[0,107] = 1.0
m[0,108] = 1.0
m[0,109] = 1.0
m[0,110] = 1.0
m[0,111] = 1.0
m[0,112] = 1.0
m[0,113] = 1.0
m[0,114] = 1.0
m[0,115] = 1.0
m[0,116] = 1.0
m[0,117] = 1.0
m[0,118] = 1.0
m[0,119] = 1.0
m[0,120] = 1.0
m[0,121] = 1.0
m[0,122] = 1.0
m[0,123] = 1.0
m[0,124] = 1.0
m[0,125] = 1.0
m[0,126] = 1.0
m[0,127] = 1.0
m[0,128] = 1.0
m[0,129] = 1.0
m[0,130] = 1.0
m[0,131] = 1.0
m[0,132] = 1.0
m[0,133] = 1.0
m[0,134] = 1.0
m[0,135] = 1.0
m[0,136] = 1.0
m[0,137] = 1.0
m[0,138] = 1.0
m[0,139] = 1.0
m[0,140] = 1.0
m[0,141] = 1.0
m[0,142] = 1.0
m[0,143] = 1.0
m[0,144] = 1.0
m[0,145] = 1.0
m[0,146] = 1.0
m[0,147] = 1.0
m[0,148] = 1.0
m[0,149] = 1.0
m[0,150] = 1.0
m[0,151] = 0.0
m[0,152] = 1.0
m[0,153] = 1.0
m[0,154] = 1.0
m[0,155] = 1.0
m[0,156] = 1.0
m[0,157] = 1.0
m[0,158] = 1.0
m[0,159] = 1.0
m[0,160] = 1.0
m[0,161] = 1.0
m[0,162] = 1.0
m[0,163] = 1.0
m[0,164] = 1.0
m[0,165] = 1.0
m[0,166] = 1.0
m[0,167] = 1.0
m[0,168] = 1.0
m[0,169] = 1.0
m[0,170] = 1.0
m[0,171] = 0.0
m[0,172] = 1.0
m[0,173] = 1.0
m[0,174] = 1.0
m[0,175] = 1.0
m[0,176] = 1.0
m[0,177] = 1.0
u[0] = 1.0
u[1] = 1.0
u[2] = 1.0
u[3] = 1.0
o_u[0,0] = 0.5
o_u[0,1] = 0.0
o_u[0,2] = 0.0
o_u[0,3] = 0.0
o_u[0,4] = 0.0
o_u[0,5] = 0.5
o_u[0,6] = 0.0
o_u[0,7] = 0.0
o_u[0,8] = 0.0
o_u[1,0] = 0.5
o_u[1,1] = 0.0
o_u[1,2] = 0.0
o_u[1,3] = 0.0
o_u[1,4] = 0.0
o_u[1,5] = 0.5
o_u[1,6] = 0.0
o_u[1,7] = 0.0
o_u[1,8] = 0.0
o_u[2,0] = 0.0
o_u[2,1] = 0.0
o_u[2,2] = 1.0
o_u[2,3] = 0.0
o_u[2,4] = 0.0
o_u[2,5] = 0.0
o_u[2,6] = 0.0
o_u[2,7] = 0.0
o_u[2,8] = 0.0
o_u[3,0] = 0.0
o_u[3,1] = 0.0
o_u[3,2] = 1.0
o_u[3,3] = 0.0
o_u[3,4] = 0.0
o_u[3,5] = 0.0
o_u[3,6] = 0.0
o_u[3,7] = 0.0
o_u[3,8] = 0.0
------------------------------------------------------------------------
------------------------------------------------------------------------
Saved hierarchical tree visualization to milp_tree_levels.png
[]
Gurobi Optimizer version 12.0.3 build v12.0.3rc0 (linux64 - "Ubuntu 22.04.5 LTS")

CPU model: AMD EPYC 7742 64-Core Processor, instruction set [SSE2|AVX|AVX2]
Thread count: 128 physical cores, 256 logical processors, using up to 32 threads

Optimize a model with 106711 rows, 25034 columns and 327014 nonzeros
Model fingerprint: 0x496a8351
Variable types: 24926 continuous, 108 integer (0 binary)
Coefficient statistics:
  Matrix range     [1e+00, 3e+00]
  Objective range  [1e+00, 3e+00]
  Bounds range     [1e+00, 1e+00]
  RHS range        [1e+00, 1e+03]
Presolve removed 83481 rows and 18592 columns
Presolve time: 0.67s
Presolved: 23230 rows, 6442 columns, 75418 nonzeros
Variable types: 6286 continuous, 156 integer (156 binary)
Found heuristic solution: objective 52.0000000
Found heuristic solution: objective 63.0000000

Root relaxation: objective 1.915000e+02, 7837 iterations, 1.21 seconds (1.30 work units)

    Nodes    |    Current Node    |     Objective Bounds      |     Work
 Expl Unexpl |  Obj  Depth IntInf | Incumbent    BestBd   Gap | It/Node Time

     0     0  191.50000    0   35   63.00000  191.50000   204%     -    4s
H    0     0                      79.0000000  191.50000   142%     -    4s
H    0     0                     104.0000000  191.50000  84.1%     -    4s
H    0     0                     109.0000000  191.50000  75.7%     -    4s
H    0     0                     114.0000000  191.50000  68.0%     -    4s
     0     0  190.00000    0   78  114.00000  190.00000  66.7%     -    7s
     0     0  190.00000    0   72  114.00000  190.00000  66.7%     -    7s
H    0     0                     117.0000000  190.00000  62.4%     -    8s
     0     0  190.00000    0   72  117.00000  190.00000  62.4%     -    8s
     0     0  190.00000    0   72  117.00000  190.00000  62.4%     -    8s
H    0     0                     128.0000000  190.00000  48.4%     -   24s
H    0     0                     136.0000000  190.00000  39.7%     -   24s
H    0     0                     148.0000000  190.00000  28.4%     -   24s
H    0     0                     154.0000000  190.00000  23.4%     -   24s
H    0     0                     166.5000000  190.00000  14.1%     -   24s
H    0     0                     171.5000000  190.00000  10.8%     -   24s
H    0     0                     172.5000000  190.00000  10.1%     -   24s
     0     0  190.00000    0   28  172.50000  190.00000  10.1%     -   24s
     0     0  190.00000    0   28  172.50000  190.00000  10.1%     -   24s
H    0     0                     173.0000000  190.00000  9.83%     -   35s
H    0     0                     173.5000000  190.00000  9.51%     -   35s
H    0     0                     174.0000000  190.00000  9.20%     -   35s
H    0     0                     174.5000000  190.00000  8.88%     -   35s
H    0     0                     176.5000000  190.00000  7.65%     -   35s
H    0     0                     177.5000000  190.00000  7.04%     -   35s
H    0     0                     178.0000000  190.00000  6.74%     -   35s
H    0     0                     178.5000000  190.00000  6.44%     -   35s
     0     0  190.00000    0   35  178.50000  190.00000  6.44%     -   35s
     0     0  190.00000    0   41  178.50000  190.00000  6.44%     -   35s
     0     0  190.00000    0   33  178.50000  190.00000  6.44%     -   41s
     0     0  190.00000    0   30  178.50000  190.00000  6.44%     -   47s
     0     2  190.00000    0   30  178.50000  190.00000  6.44%     -   58s
     3     8  190.00000    2   59  178.50000  190.00000  6.44%  4188   60s
   132   197  190.00000    8   30  178.50000  190.00000  6.44%   945   65s
   247   256  188.90000   10   46  178.50000  190.00000  6.44%   862   71s
   320   336  189.00000   11   21  178.50000  190.00000  6.44%   866   75s
   754   669  188.00000   26   16  178.50000  190.00000  6.44%   703   80s
H  767   669                     179.3333333  190.00000  5.95%   700   80s
H 1045   860                     179.5000000  190.00000  5.85%   635   81s
  1960  1508  189.80000    9   53  179.50000  190.00000  5.85%   527   85s
  2684  1897  189.50000   16   58  179.50000  190.00000  5.85%   517   90s
H 2881  2092                     180.0000000  190.00000  5.56%   515   91s
  4034  2699  182.29167   15   42  180.00000  190.00000  5.56%   504   95s
* 4281  2624              27     181.0000000  190.00000  4.97%   502   95s
  4588  2760  189.66667   12   30  181.00000  190.00000  4.97%   501  126s
H 4590  2622                     183.0000000  190.00000  3.83%   501  138s
H 4590  2491                     184.0000000  190.00000  3.26%   501  138s
  4591  2492  187.03846   27   30  184.00000  190.00000  3.26%   501  146s
  4593  2493  184.50000   12   31  184.00000  190.00000  3.26%   501  159s
  4595  2495  186.77778   26   37  184.00000  190.00000  3.26%   501  166s
  4597  2496  187.85714   27   33  184.00000  190.00000  3.26%   500  175s
  4599  2497  188.00000   20   21  184.00000  190.00000  3.26%   500  181s
  4601  2499  189.00000   20   21  184.00000  189.77778  3.14%   500  190s
H 4602  2374                     184.0000001  189.50000  2.99%   500  203s
  4604  2376  187.66667   24   51  184.00000  189.50000  2.99%   500  205s
H 4604  2257                     184.0000003  189.50000  2.99%   500  212s
  4607  2259  185.00000   32   35  184.00000  189.25000  2.85%   499  230s
  4609  2260  189.00000   12   16  184.00000  189.00000  2.72%   499  245s
  4611  2261  189.00000    9   38  184.00000  189.00000  2.72%   499  255s
  4612  2262  189.00000   23   38  184.00000  189.00000  2.72%   499  261s
  4614  2266  189.00000   10   29  184.00000  189.00000  2.72%   550  271s
  4628  2290  189.00000   13   35  184.00000  189.00000  2.72%   552  275s
  4708  2369  189.00000   16   35  184.00000  189.00000  2.72%   560  280s
H 4735  2246                     184.5000000  189.00000  2.44%   561  280s
  4908  2432  189.00000   19   26  184.50000  189.00000  2.44%   573  285s
H 5151  2343                     185.0000000  189.00000  2.16%   601  289s
  5172  2462  189.00000   21   44  185.00000  189.00000  2.16%   604  291s
  5735  2594     cutoff   25       185.00000  189.00000  2.16%   616  295s
  6239  2664  185.78947   28   37  185.00000  189.00000  2.16%   619  300s
  6403  2732  188.66667   17   35  185.00000  189.00000  2.16%   621  305s
H 6503  2644                     185.0000003  189.00000  2.16%   621  307s
  6847  2736  186.52273   39   23  185.00000  189.00000  2.16%   621  310s
  7780  2909     cutoff   35       185.00000  189.00000  2.16%   620  315s
  8377  2981     cutoff   22       185.00000  189.00000  2.16%   626  320s
  9042  3079  185.06667   24   32  185.00000  189.00000  2.16%   634  325s
  9734  3096  189.00000   23   50  185.00000  189.00000  2.16%   638  330s
 10817  3447  188.87500   27   39  185.00000  189.00000  2.16%   647  336s
 11886  3979  188.83333   30   39  185.00000  189.00000  2.16%   656  341s
 12292  3997  186.33333   43   24  185.00000  189.00000  2.16%   659  347s
 12338  4022  186.33333   44   19  185.00000  189.00000  2.16%   660  358s
 12377  4053  185.90323   45   19  185.00000  189.00000  2.16%   660  360s
H12506  4104                     185.0000009  189.00000  2.16%   661  364s
 12528  4131  185.89474   46   29  185.00000  189.00000  2.16%   662  366s
 12680  4215  185.20000   48   20  185.00000  189.00000  2.16%   662  370s
 13043  4397  186.45714   19   38  185.00000  189.00000  2.16%   666  376s
 13356  4524  185.50000   21   25  185.00000  189.00000  2.16%   668  381s
 13677  4636  185.12500   23   23  185.00000  189.00000  2.16%   671  386s
 14078  4776  189.00000   18   35  185.00000  189.00000  2.16%   673  392s
 14291  4863  189.00000   19   30  185.00000  189.00000  2.16%   674  395s
 14672  4968  189.00000   21   30  185.00000  189.00000  2.16%   675  403s
H14722  4968                     185.0000011  189.00000  2.16%   675  403s
 14887  5094  189.00000   22   29  185.00000  189.00000  2.16%   674  406s
 15242  5269  188.75000   23   23  185.00000  189.00000  2.16%   675  410s
 16384  5873  188.60000   30   38  185.00000  189.00000  2.16%   678  416s
 17204  6135  185.33333   25   30  185.00000  189.00000  2.16%   677  420s
 18829  6747  186.15000   36   32  185.00000  189.00000  2.16%   680  427s
 19920  6939     cutoff   23       185.00000  189.00000  2.16%   677  430s
 21956  7628  185.03333   42   26  185.00000  189.00000  2.16%   674  437s
 23180  8093     cutoff   40       185.00000  189.00000  2.16%   671  440s
 25593  8858  188.50000   28   31  185.00000  189.00000  2.16%   666  447s
 26784  9260  189.00000   27   39  185.00000  189.00000  2.16%   666  450s
H29224  9556                     185.0000040  189.00000  2.16%   661  453s
 29350  9610  186.61905   35   24  185.00000  189.00000  2.16%   661  459s
H29521  9610                     185.0000053  189.00000  2.16%   661  459s
 29668 11088  188.00000   30   23  185.00001  189.00000  2.16%   661  473s
 34631 11102  186.22785   31   14  185.00001  189.00000  2.16%   661  479s
 34812 11183     cutoff   32       185.00001  189.00000  2.16%   660  485s
 35287 11454  186.83333   32   28  185.00001  189.00000  2.16%   660  490s
 36351 11724     cutoff   29       185.00001  189.00000  2.16%   658  496s
 37557 12269  186.32558   29   29  185.00001  189.00000  2.16%   658  501s
 39267 12736     cutoff   25       185.00001  189.00000  2.16%   656  507s
 40832 13201  188.75000   28   39  185.00001  189.00000  2.16%   657  512s
 42443 13663 infeasible   37       185.00001  189.00000  2.16%   659  518s
 44153 14303  188.75000   27   32  185.00001  189.00000  2.16%   661  525s
 45935 14871  188.50000   30   30  185.00001  189.00000  2.16%   663  532s
 47913 15396  186.33333   42   30  185.00001  189.00000  2.16%   664  538s
 50020 16087  188.25000   29   34  185.00001  189.00000  2.16%   663  545s
 52291 16737  187.25000   25   24  185.00001  189.00000  2.16%   662  552s
 54373 17279  188.00000   31   23  185.00001  189.00000  2.16%   662  558s
 56172 17846  185.50000   33   21  185.00001  189.00000  2.16%   662  566s
 58739 17847  185.54545   33   30  185.00001  189.00000  2.16%   661  769s
 58741 17848  186.30000   28   29  185.00001  189.00000  2.16%   661  773s
 58742 17849  186.00000   30   23  185.00001  189.00000  2.16%   661  783s
 58744 17850  187.68981   24   39  185.00001  189.00000  2.16%   661  802s
H58744 16957                     185.0000059  189.00000  2.16%   661  810s
 58746 16959  187.97534   43   45  185.00001  189.00000  2.16%   661  831s
 58747 16959  188.83721   35   61  185.00001  189.00000  2.16%   661  841s
 58748 16960  186.13725   28   40  185.00001  189.00000  2.16%   661  863s
 58749 16961  187.00000   27   51  185.00001  189.00000  2.16%   661  873s
 58750 16961  188.66667   32   42  185.00001  189.00000  2.16%   661  900s
 58751 16962  187.19355   40   37  185.00001  189.00000  2.16%   661  915s
 58753 16966  189.00000   24   33  185.00001  189.00000  2.16%   664  930s
 58759 16975  189.00000   26   24  185.00001  189.00000  2.16%   664  935s
 58782 17009  189.00000   28   42  185.00001  189.00000  2.16%   664  940s
 58843 17044  189.00000   30   31  185.00001  189.00000  2.16%   665  945s
 58877 17067  189.00000   31   44  185.00001  189.00000  2.16%   665  950s
 59041 17153  189.00000   34   42  185.00001  189.00000  2.16%   665  955s
 59421 17251  188.50000   37   31  185.00001  189.00000  2.16%   666  960s
 59816 17295     cutoff   43       185.00001  189.00000  2.16%   667  968s
 59862 17302     cutoff   44       185.00001  189.00000  2.16%   668  970s
 60214 17365  189.00000   30   47  185.00001  189.00000  2.16%   668  975s
 60833 17483  189.00000   35   35  185.00001  189.00000  2.16%   668  980s
 61372 17500  188.58929   38   40  185.00001  189.00000  2.16%   668  985s
 62173 17516  188.33088   40   35  185.00001  189.00000  2.16%   669  990s
 62972 17609  188.71009   37   39  185.00001  189.00000  2.16%   670  995s
 63905 17604  186.45455   43   20  185.00001  189.00000  2.16%   670 1001s
 64567 17656     cutoff   48       185.00001  189.00000  2.16%   671 1005s
 65325 17613  189.00000   41   42  185.00001  189.00000  2.16%   672 1010s
 65938 17615  185.23214   52   21  185.00001  189.00000  2.16%   673 1015s
 66895 17625  186.85714   40   24  185.00001  189.00000  2.16%   674 1020s
 68133 17613  185.45455   38   35  185.00001  189.00000  2.16%   673 1025s
 69279 17677  187.29348   36   33  185.00001  189.00000  2.16%   674 1030s
 70594 17665  187.61111   46   26  185.00001  189.00000  2.16%   675 1036s
 71260 17692  187.80000   32   27  185.00001  189.00000  2.16%   675 1040s
 72051 17601  185.50000   40   23  185.00001  189.00000  2.16%   675 1046s
 73203 17623  186.25000   36   35  185.00001  189.00000  2.16%   676 1051s
 74826 17655  187.68000   38   44  185.00001  189.00000  2.16%   676 1056s
 76545 17517  186.33333   49   33  185.00001  189.00000  2.16%   677 1062s
 77497 17543     cutoff   42       185.00001  189.00000  2.16%   678 1066s
 78544 17478  188.00000   44   31  185.00001  188.87500  2.09%   679 1071s
 79785 17328     cutoff   44       185.00001  188.83333  2.07%   677 1075s
 82033 17269  187.90909   45   36  185.00001  188.80000  2.05%   677 1081s
 84429 17033     cutoff   50       185.00001  188.66667  1.98%   677 1087s
 85769 16853     cutoff   44       185.00001  188.60714  1.95%   677 1091s
 88495 16611  188.00000   40   27  185.00001  188.50000  1.89%   676 1099s
 90177 16246     cutoff   53       185.00001  188.50000  1.89%   675 1104s
 91308 16047  187.37500   35   30  185.00001  188.50000  1.89%   676 1108s
 92583 15871  185.50000   45   25  185.00001  188.50000  1.89%   677 1113s
 94132 15503  186.36601   47   27  185.00001  188.46429  1.87%   677 1118s
 95734 15113     cutoff   46       185.00001  188.41667  1.85%   677 1122s
 97232 14793  186.84615   43   45  185.00001  188.33333  1.80%   678 1127s
 98867 14428  187.66154   43   33  185.00001  188.33333  1.80%   678 1132s
 100523 14061     cutoff   42       185.00001  188.25000  1.76%   678 1137s
 102318 13448     cutoff   47       185.00001  188.23438  1.75%   678 1142s
 103632 13276  186.33333   50   24  185.00001  188.14444  1.70%   679 1148s
 105786 12960  185.08946   49   19  185.00001  188.00000  1.62%   678 1154s
 107909 12546 infeasible   53       185.00001  188.00000  1.62%   677 1160s
 109805 12293  186.79167   48   20  185.00001  188.00000  1.62%   678 1166s
 111853 12603     cutoff   49       185.00001  188.00000  1.62%   678 1173s
 113943 12864     cutoff   46       185.00001  188.00000  1.62%   678 1180s
 116015 13066  186.60000   40   39  185.00001  188.00000  1.62%   679 1187s
 118060 13454  187.90000   38   35  185.00001  188.00000  1.62%   681 1195s
 120932 13559     cutoff   50       185.00001  188.00000  1.62%   681 1202s
 122441 13849  186.25806   49   21  185.00001  188.00000  1.62%   681 1210s
 125753 14112     cutoff   47       185.00001  187.85227  1.54%   679 1218s
 128999 14193  186.57143   49   26  185.00001  187.77778  1.50%   678 1226s
 132060 14374  185.23123   47   26  185.00001  187.75000  1.49%   678 1234s
*133827 11737              55     186.0000000  187.74194  0.94%   677 1234s
 135481 11606     cutoff   54       186.00000  187.68182  0.90%   677 1245s
 135568 11615     cutoff   53       186.00000  187.68182  0.90%   677 1254s
 136224 11386     cutoff   50       186.00000  187.66667  0.90%   676 1264s
 138478 10993  186.51613   51   15  186.00000  187.66667  0.90%   676 1273s
 142338 10698  186.38095   52   13  186.00000  187.66667  0.90%   675 1283s
 145850 10074  186.16667   37   27  186.00000  187.50000  0.81%   674 1293s
 149335  9291     cutoff   42       186.00000  187.44318  0.78%   675 1302s
 152860  8214     cutoff   48       186.00000  187.33333  0.72%   674 1311s
 156326  7374  186.87879   47   29  186.00000  187.20000  0.65%   673 1320s
 159467  6992  186.14074   46   28  186.00000  187.00000  0.54%   673 1330s
 162219  6725     cutoff   46       186.00000  187.00000  0.54%   674 1340s
 164054  5920  186.40000   46   21  186.00000  187.00000  0.54%   675 1350s
 167389  4457     cutoff   43       186.00000  187.00000  0.54%   676 1361s
 171447  2637     cutoff   34       186.00000  186.83333  0.45%   673 1373s
 175336   551     cutoff   42       186.00000  186.62500  0.34%   670 1382s
 178445     0     cutoff   51       186.00000  186.33333  0.18%   665 1386s

Cutting planes:
  Gomory: 8
  Cover: 5
  Implied bound: 51
  Projected implied bound: 2
  MIR: 2961
  Flow cover: 1354
  Inf proof: 42
  Zero half: 2
  RLT: 698
  Relax-and-lift: 22
  BQP: 726

Explored 179084 nodes (118885368 simplex iterations) in 1386.98 seconds (2067.44 work units)
Thread count was 32 (of 256 available processors)

Solution count 10: 186 186 185 ... 181

Optimal solution found (tolerance 1.00e-04)
Best objective 1.860000000000e+02, best bound 1.860000000000e+02, gap 0.0000%
Objective value: 186.0
lam[0,0] = 0.5
lam[0,1] = 0.0
lam[0,2] = 0.0
lam[0,3] = 0.0
lam[0,4] = 0.0
lam[0,5] = 0.5
lam[0,6] = 0.0
lam[0,7] = 0.0
lam[0,8] = 0.0
lam[1,0] = 0.5
lam[1,1] = 0.0
lam[1,2] = 0.0
lam[1,3] = 0.0
lam[1,4] = 0.0
lam[1,5] = 0.5
lam[1,6] = 0.0
lam[1,7] = 0.0
lam[1,8] = 0.0
lam[2,0] = 0.0
lam[2,1] = 0.0
lam[2,2] = 1.0
lam[2,3] = 0.0
lam[2,4] = 0.0
lam[2,5] = 0.0
lam[2,6] = 0.0
lam[2,7] = 0.0
lam[2,8] = 0.0
lam[3,0] = 0.0
lam[3,1] = 0.0
lam[3,2] = 1.0
lam[3,3] = 0.0
lam[3,4] = 0.0
lam[3,5] = 0.0
lam[3,6] = 0.0
lam[3,7] = 0.0
lam[3,8] = 0.0
tau[0,0,1] = 1.0
tau[0,0,2] = 0.0
tau[0,0,3] = 0.0
tau[0,0,L0] = 0.0
tau[0,0,L1] = 0.0
tau[0,0,L2] = 0.0
tau[0,1,1] = 1.0
tau[0,1,2] = 0.0
tau[0,1,3] = 0.0
tau[0,1,L0] = 0.0
tau[0,1,L1] = 0.0
tau[0,1,L2] = 0.0
tau[0,2,1] = 1.0
tau[0,2,2] = 0.0
tau[0,2,3] = 0.0
tau[0,2,L0] = 0.0
tau[0,2,L1] = 0.0
tau[0,2,L2] = 0.0
tau[0,3,1] = 1.0
tau[0,3,2] = 0.0
tau[0,3,3] = 0.0
tau[0,3,L0] = 0.0
tau[0,3,L1] = 0.0
tau[0,3,L2] = 0.0
tau[0,4,1] = 0.0
tau[0,4,2] = 0.0
tau[0,4,3] = 0.0
tau[0,4,L0] = 0.0
tau[0,4,L1] = 0.0
tau[0,4,L2] = 0.0
tau[0,5,1] = 0.0
tau[0,5,2] = 0.0
tau[0,5,3] = 0.0
tau[0,5,L0] = 0.0
tau[0,5,L1] = 0.0
tau[0,5,L2] = 0.0
tau[1,0,2] = 0.0
tau[1,0,3] = 0.0
tau[1,0,L0] = 0.0
tau[1,0,L1] = 1.0
tau[1,0,L2] = 0.0
tau[1,1,2] = 0.0
tau[1,1,3] = 1.0
tau[1,1,L0] = 0.0
tau[1,1,L1] = 0.0
tau[1,1,L2] = 0.0
tau[1,2,2] = 1.0
tau[1,2,3] = 0.0
tau[1,2,L0] = 0.0
tau[1,2,L1] = 0.0
tau[1,2,L2] = 0.0
tau[1,3,2] = 1.0
tau[1,3,3] = 0.0
tau[1,3,L0] = 0.0
tau[1,3,L1] = 0.0
tau[1,3,L2] = 0.0
tau[1,4,2] = 0.0
tau[1,4,3] = 0.0
tau[1,4,L0] = 0.0
tau[1,4,L1] = 0.0
tau[1,4,L2] = 0.0
tau[1,5,2] = 0.0
tau[1,5,3] = 0.0
tau[1,5,L0] = 0.0
tau[1,5,L1] = 0.0
tau[1,5,L2] = 0.0
tau[2,0,3] = 0.0
tau[2,0,L0] = 0.0
tau[2,0,L1] = 0.0
tau[2,0,L2] = 1.0
tau[2,1,3] = 0.0
tau[2,1,L0] = 0.0
tau[2,1,L1] = 0.0
tau[2,1,L2] = 1.0
tau[2,2,3] = 0.0
tau[2,2,L0] = 0.0
tau[2,2,L1] = 1.0
tau[2,2,L2] = 0.0
tau[2,3,3] = 0.0
tau[2,3,L0] = 1.0
tau[2,3,L1] = 0.0
tau[2,3,L2] = 0.0
tau[2,4,3] = 0.0
tau[2,4,L0] = 1.0
tau[2,4,L1] = 0.0
tau[2,4,L2] = 0.0
tau[2,5,3] = 0.0
tau[2,5,L0] = 1.0
tau[2,5,L1] = 0.0
tau[2,5,L2] = 0.0
tau[3,0,L0] = 0.0
tau[3,0,L1] = 0.0
tau[3,0,L2] = 1.0
tau[3,1,L0] = 0.0
tau[3,1,L1] = 1.0
tau[3,1,L2] = 0.0
tau[3,2,L0] = 1.0
tau[3,2,L1] = 0.0
tau[3,2,L2] = 0.0
tau[3,3,L0] = 0.0
tau[3,3,L1] = 1.0
tau[3,3,L2] = 0.0
tau[3,4,L0] = 1.0
tau[3,4,L1] = 0.0
tau[3,4,L2] = 0.0
tau[3,5,L0] = 0.0
tau[3,5,L1] = 1.0
tau[3,5,L2] = 0.0
m[0,0] = 1.0
m[0,1] = 1.0
m[0,2] = 1.0
m[0,3] = 1.0
m[0,4] = 1.0
m[0,5] = 1.0
m[0,6] = 1.0
m[0,7] = 1.0
m[0,8] = 1.0
m[0,9] = 1.0
m[0,10] = 1.0
m[0,11] = 1.0
m[0,12] = 1.0
m[0,13] = 1.0
m[0,14] = 1.0
m[0,15] = 1.0
m[0,16] = 1.0
m[0,17] = 1.0
m[0,18] = 1.0
m[0,19] = 1.0
m[0,20] = 1.0
m[0,21] = 1.0
m[0,22] = 1.0
m[0,23] = 1.0
m[0,24] = 1.0
m[0,25] = 1.0
m[0,26] = 1.0
m[0,27] = 1.0
m[0,28] = 1.0
m[0,29] = 1.0
m[0,30] = 1.0
m[0,31] = 1.0
m[0,32] = 1.0
m[0,33] = 1.0
m[0,34] = 1.0
m[0,35] = 1.0
m[0,36] = 1.0
m[0,37] = 1.0
m[0,38] = 1.0
m[0,39] = 1.0
m[0,40] = 1.0
m[0,41] = 1.0
m[0,42] = 1.0
m[0,43] = 1.0
m[0,44] = 1.0
m[0,45] = 1.0
m[0,46] = 1.0
m[0,47] = 1.0
m[0,48] = 1.0
m[0,49] = 1.0
m[0,50] = 1.0
m[0,51] = 1.0
m[0,52] = 1.0
m[0,53] = 1.0
m[0,54] = 1.0
m[0,55] = 1.0
m[0,56] = 1.0
m[0,57] = 1.0
m[0,58] = 1.0
m[0,59] = 1.0
m[0,60] = 1.0
m[0,61] = 1.0
m[0,62] = 1.0
m[0,63] = 1.0
m[0,64] = 1.0
m[0,65] = 1.0
m[0,66] = 1.0
m[0,67] = 1.0
m[0,68] = 0.0
m[0,69] = 1.0
m[0,70] = 1.0
m[0,71] = 1.0
m[0,72] = 1.0
m[0,73] = 1.0
m[0,74] = 1.0
m[0,75] = 1.0
m[0,76] = 1.0
m[0,77] = 1.0
m[0,78] = 1.0
m[0,79] = 1.0
m[0,80] = 1.0
m[0,81] = 1.0
m[0,82] = 1.0
m[0,83] = 1.0
m[0,84] = 1.0
m[0,85] = 1.0
m[0,86] = 1.0
m[0,87] = 1.0
m[0,88] = 1.0
m[0,89] = 1.0
m[0,90] = 1.0
m[0,91] = 1.0
m[0,92] = 1.0
m[0,93] = 1.0
m[0,94] = 1.0
m[0,95] = 1.0
m[0,96] = 1.0
m[0,97] = 1.0
m[0,98] = 1.0
m[0,99] = 1.0
m[0,100] = 1.0
m[0,101] = 1.0
m[0,102] = 1.0
m[0,103] = 1.0
m[0,104] = 1.0
m[0,105] = 1.0
m[0,106] = 1.0
m[0,107] = 1.0
m[0,108] = 1.0
m[0,109] = 1.0
m[0,110] = 1.0
m[0,111] = 1.0
m[0,112] = 1.0
m[0,113] = 1.0
m[0,114] = 1.0
m[0,115] = 1.0
m[0,116] = 1.0
m[0,117] = 1.0
m[0,118] = 1.0
m[0,119] = 1.0
m[0,120] = 1.0
m[0,121] = 1.0
m[0,122] = 1.0
m[0,123] = 1.0
m[0,124] = 1.0
m[0,125] = 1.0
m[0,126] = 1.0
m[0,127] = 1.0
m[0,128] = 1.0
m[0,129] = 1.0
m[0,130] = 1.0
m[0,131] = 1.0
m[0,132] = 1.0
m[0,133] = 1.0
m[0,134] = 1.0
m[0,135] = 1.0
m[0,136] = 1.0
m[0,137] = 1.0
m[0,138] = 1.0
m[0,139] = 1.0
m[0,140] = 1.0
m[0,141] = 1.0
m[0,142] = 1.0
m[0,143] = 1.0
m[0,144] = 1.0
m[0,145] = 1.0
m[0,146] = 1.0
m[0,147] = 1.0
m[0,148] = 1.0
m[0,149] = 1.0
m[0,150] = 1.0
m[0,151] = 0.0
m[0,152] = 1.0
m[0,153] = 1.0
m[0,154] = 1.0
m[0,155] = 1.0
m[0,156] = 1.0
m[0,157] = 1.0
m[0,158] = 1.0
m[0,159] = 1.0
m[0,160] = 1.0
m[0,161] = 1.0
m[0,162] = 1.0
m[0,163] = 1.0
m[0,164] = 1.0
m[0,165] = 1.0
m[0,166] = 1.0
m[0,167] = 1.0
m[0,168] = 1.0
m[0,169] = 1.0
m[0,170] = 1.0
m[0,171] = 0.0
m[0,172] = 1.0
m[0,173] = 1.0
m[0,174] = 1.0
m[0,175] = 1.0
m[0,176] = 1.0
m[0,177] = 1.0
u[0] = 1.0
u[1] = 1.0
u[2] = 1.0
u[3] = 1.0
o_u[0,0] = 0.5
o_u[0,1] = 0.0
o_u[0,2] = 0.0
o_u[0,3] = 0.0
o_u[0,4] = 0.0
o_u[0,5] = 0.5
o_u[0,6] = 0.0
o_u[0,7] = 0.0
o_u[0,8] = 0.0
o_u[1,0] = 0.5
o_u[1,1] = 0.0
o_u[1,2] = 0.0
o_u[1,3] = 0.0
o_u[1,4] = 0.0
o_u[1,5] = 0.5
o_u[1,6] = 0.0
o_u[1,7] = 0.0
o_u[1,8] = 0.0
o_u[2,0] = 0.0
o_u[2,1] = 0.0
o_u[2,2] = 1.0
o_u[2,3] = 0.0
o_u[2,4] = 0.0
o_u[2,5] = 0.0
o_u[2,6] = 0.0
o_u[2,7] = 0.0
o_u[2,8] = 0.0
o_u[3,0] = 0.0
o_u[3,1] = 0.0
o_u[3,2] = 1.0
o_u[3,3] = 0.0
o_u[3,4] = 0.0
o_u[3,5] = 0.0
o_u[3,6] = 0.0
o_u[3,7] = 0.0
o_u[3,8] = 0.0
------------------------------------------------------------------------
------------------------------------------------------------------------
Saved hierarchical tree visualization to milp_tree_levels.png
THIS IS THE INITIAL CORRECTNESS 0.9831460674157303
THIS IS THE INITIAL EXPLAINABILITY 11.0
Inside find_pareto_solution_more_e
----------------------------------
THE CURRENT CORRECTNESS IS: 0.9831460674157303, AND THE CURRENT EXPLAINABILITY IS: 11.0
Gurobi Optimizer version 12.0.3 build v12.0.3rc0 (linux64 - "Ubuntu 22.04.5 LTS")

CPU model: AMD EPYC 7742 64-Core Processor, instruction set [SSE2|AVX|AVX2]
Thread count: 128 physical cores, 256 logical processors, using up to 32 threads

Optimize a model with 106713 rows, 25034 columns and 327232 nonzeros
Model fingerprint: 0x86ee63ff
Variable types: 24926 continuous, 108 integer (0 binary)
Coefficient statistics:
  Matrix range     [1e+00, 3e+00]
  Objective range  [1e+00, 3e+00]
  Bounds range     [1e+00, 1e+00]
  RHS range        [1e+00, 1e+03]

MIP start from previous solve did not produce a new incumbent solution
MIP start from previous solve violates constraint R106711 by 1.000000000

Presolve removed 83327 rows and 18591 columns
Presolve time: 0.73s
Presolved: 23386 rows, 6443 columns, 77129 nonzeros
Variable types: 6286 continuous, 157 integer (157 binary)

Root relaxation: objective 1.875000e+02, 7514 iterations, 0.74 seconds (0.86 work units)

    Nodes    |    Current Node    |     Objective Bounds      |     Work
 Expl Unexpl |  Obj  Depth IntInf | Incumbent    BestBd   Gap | It/Node Time

     0     0  187.50000    0   25          -  187.50000      -     -    3s
H    0     0                      97.0000000  187.50000  93.3%     -    3s
     0     0  186.00000    0   59   97.00000  186.00000  91.8%     -    4s
     0     0  186.00000    0   58   97.00000  186.00000  91.8%     -    4s
     0     0  186.00000    0   66   97.00000  186.00000  91.8%     -    6s
H    0     0                     105.0000000  186.00000  77.1%     -    6s
     0     0  186.00000    0   64  105.00000  186.00000  77.1%     -    6s
H    0     0                     169.0000000  186.00000  10.1%     -   15s
H    0     0                     170.0000000  186.00000  9.41%     -   15s
H    0     0                     171.0000000  186.00000  8.77%     -   17s
H    0     0                     172.0000006  186.00000  8.14%     -   17s
     0     0  186.00000    0   18  172.00000  186.00000  8.14%     -   21s
     0     0  186.00000    0   19  172.00000  186.00000  8.14%     -   21s
     0     0  186.00000    0   44  172.00000  186.00000  8.14%     -   35s
     0     0  186.00000    0   46  172.00000  186.00000  8.14%     -   36s
     0     0  186.00000    0   24  172.00000  186.00000  8.14%     -   43s
     0     0  186.00000    0   24  172.00000  186.00000  8.14%     -   43s
     0     0  186.00000    0   39  172.00000  186.00000  8.14%     -   54s
     0     0  186.00000    0   33  172.00000  186.00000  8.14%     -   58s
     0     2  186.00000    0   33  172.00000  186.00000  8.14%     -   66s
     7    12  186.00000    3   29  172.00000  186.00000  8.14%  2128   70s
   341   229  184.70000    8   35  172.00000  186.00000  8.14%   726   76s
H  484   275                     172.0000012  186.00000  8.14%   633   78s
H  642   315                     172.0000220  186.00000  8.14%   557   79s
   658   328     cutoff   11       172.00002  186.00000  8.14%   552   80s
  1797   413  173.00000   13   10  172.00002  186.00000  8.14%   360   85s

Cutting planes:
  Gomory: 1
  Cover: 9
  Implied bound: 151
  Clique: 19
  MIR: 164
  Flow cover: 33
  Inf proof: 1
  RLT: 230
  Relax-and-lift: 20
  BQP: 296

Explored 5016 nodes (1192887 simplex iterations) in 88.35 seconds (110.27 work units)
Thread count was 32 (of 256 available processors)

Solution count 8: 172 172 172 ... 97

Optimal solution found (tolerance 1.00e-04)
Best objective 1.720000219523e+02, best bound 1.720000219525e+02, gap 0.0000%
Objective value: 172.00002195226142
lam[0,0] = 0.0
lam[0,1] = 0.0
lam[0,2] = 0.0
lam[0,3] = 0.0
lam[0,4] = 0.0
lam[0,5] = 1.0
lam[0,6] = 0.0
lam[0,7] = 0.0
lam[0,8] = 0.0
lam[1,0] = 0.0
lam[1,1] = 0.0
lam[1,2] = 0.9999993727745258
lam[1,3] = 6.272254742256678e-07
lam[1,4] = 0.0
lam[1,5] = 0.0
lam[1,6] = 0.0
lam[1,7] = 0.0
lam[1,8] = 0.0
lam[2,0] = 0.0
lam[2,1] = 0.0
lam[2,2] = 0.0
lam[2,3] = 0.0
lam[2,4] = 0.0
lam[2,5] = 1.0
lam[2,6] = 0.0
lam[2,7] = 0.0
lam[2,8] = 0.0
lam[3,0] = 0.0
lam[3,1] = 0.0
lam[3,2] = 1.0
lam[3,3] = 0.0
lam[3,4] = 0.0
lam[3,5] = 0.0
lam[3,6] = 0.0
lam[3,7] = 0.0
lam[3,8] = 0.0
tau[0,0,1] = 1.0
tau[0,0,2] = -0.0
tau[0,0,3] = -0.0
tau[0,0,L0] = 0.0
tau[0,0,L1] = -0.0
tau[0,0,L2] = 0.0
tau[0,1,1] = 1.0
tau[0,1,2] = 0.0
tau[0,1,3] = -0.0
tau[0,1,L0] = 0.0
tau[0,1,L1] = -0.0
tau[0,1,L2] = -0.0
tau[0,2,1] = 1.0
tau[0,2,2] = -0.0
tau[0,2,3] = -0.0
tau[0,2,L0] = -0.0
tau[0,2,L1] = -0.0
tau[0,2,L2] = -0.0
tau[0,3,1] = -0.0
tau[0,3,2] = 0.0
tau[0,3,3] = -0.0
tau[0,3,L0] = 1.0
tau[0,3,L1] = 0.0
tau[0,3,L2] = 0.0
tau[0,4,1] = -0.0
tau[0,4,2] = -0.0
tau[0,4,3] = -0.0
tau[0,4,L0] = -0.0
tau[0,4,L1] = -0.0
tau[0,4,L2] = -0.0
tau[0,5,1] = -0.0
tau[0,5,2] = -0.0
tau[0,5,3] = -0.0
tau[0,5,L0] = -0.0
tau[0,5,L1] = -0.0
tau[0,5,L2] = -0.0
tau[1,0,2] = -0.0
tau[1,0,3] = -0.0
tau[1,0,L0] = -0.0
tau[1,0,L1] = 1.2494509484513356e-06
tau[1,0,L2] = 0.9999993802745257
tau[1,1,2] = 6.222254742256678e-07
tau[1,1,3] = -0.0
tau[1,1,L0] = 6.222254742256678e-07
tau[1,1,L1] = 0.9999993752745259
tau[1,1,L2] = -0.0
tau[1,2,2] = 6.222254742256678e-07
tau[1,2,3] = -0.0
tau[1,2,L0] = -0.0
tau[1,2,L1] = 0.9999993761078592
tau[1,2,L2] = -0.0
tau[1,3,2] = 0.0
tau[1,3,3] = -0.0
tau[1,3,L0] = -0.0
tau[1,3,L1] = 1.0
tau[1,3,L2] = -0.0
tau[1,4,2] = 0.9999987480490505
tau[1,4,3] = -0.0
tau[1,4,L0] = 6.222254742256678e-07
tau[1,4,L1] = 6.272254742811789e-07
tau[1,4,L2] = -0.0
tau[1,5,2] = 1.0
tau[1,5,3] = -0.0
tau[1,5,L0] = -6.2522547433669e-07
tau[1,5,L1] = -0.0
tau[1,5,L2] = 0.0
tau[2,0,3] = 1.0
tau[2,0,L0] = 0.0
tau[2,0,L1] = 0.0
tau[2,0,L2] = 0.0
tau[2,1,3] = 0.9999993752745255
tau[2,1,L0] = -0.0
tau[2,1,L1] = 6.227254744477124e-07
tau[2,1,L2] = -0.0
tau[2,2,3] = -0.0
tau[2,2,L0] = 1.0
tau[2,2,L1] = 0.0
tau[2,2,L2] = -0.0
tau[2,3,3] = -0.0
tau[2,3,L0] = 1.0
tau[2,3,L1] = -0.0
tau[2,3,L2] = -0.0
tau[2,4,3] = 0.0
tau[2,4,L0] = 0.0
tau[2,4,L1] = -0.0
tau[2,4,L2] = 0.0
tau[2,5,3] = -0.0
tau[2,5,L0] = -0.0
tau[2,5,L1] = 0.0
tau[2,5,L2] = -0.0
tau[3,0,L0] = 1.0
tau[3,0,L1] = -0.0
tau[3,0,L2] = -0.0
tau[3,1,L0] = 1.0
tau[3,1,L1] = -0.0
tau[3,1,L2] = -0.0
tau[3,2,L0] = 1.0
tau[3,2,L1] = -0.0
tau[3,2,L2] = -0.0
tau[3,3,L0] = -0.0
tau[3,3,L1] = -0.0
tau[3,3,L2] = 1.0
tau[3,4,L0] = -0.0
tau[3,4,L1] = 1.0
tau[3,4,L2] = -0.0
tau[3,5,L0] = -0.0
tau[3,5,L1] = 1.0
tau[3,5,L2] = 0.0
m[0,0] = 1.0
m[0,1] = 1.0
m[0,2] = 1.0
m[0,3] = 1.0
m[0,4] = 1.0
m[0,5] = 1.0
m[0,6] = 1.0
m[0,7] = 1.0
m[0,8] = 1.0
m[0,9] = 1.0
m[0,10] = 1.0
m[0,11] = 1.0
m[0,12] = 1.0
m[0,13] = 1.0
m[0,14] = 1.0
m[0,15] = 1.0
m[0,16] = 1.0
m[0,17] = 1.0
m[0,18] = 1.0
m[0,19] = 1.0
m[0,20] = 1.0
m[0,21] = 6.272254741146455e-07
m[0,22] = 1.0
m[0,23] = 1.0
m[0,24] = 1.0
m[0,25] = 1.0
m[0,26] = 1.0
m[0,27] = 1.0
m[0,28] = 1.0
m[0,29] = 1.0
m[0,30] = 1.0
m[0,31] = 1.0
m[0,32] = 1.0
m[0,33] = 1.0
m[0,34] = 1.0
m[0,35] = 1.0
m[0,36] = 1.0
m[0,37] = 1.0
m[0,38] = 1.0
m[0,39] = 1.0
m[0,40] = 1.0
m[0,41] = 1.0
m[0,42] = 1.0
m[0,43] = 1.0
m[0,44] = 1.0
m[0,45] = 1.0
m[0,46] = 1.0
m[0,47] = 1.0
m[0,48] = 1.0
m[0,49] = 1.0
m[0,50] = 1.0
m[0,51] = 1.0
m[0,52] = 1.0
m[0,53] = 1.0
m[0,54] = 1.0
m[0,55] = 1.0
m[0,56] = 1.0
m[0,57] = 1.0
m[0,58] = 1.0
m[0,59] = 1.2544509484513355e-06
m[0,60] = 1.8816764226770033e-06
m[0,61] = 1.8816764226770033e-06
m[0,62] = 1.0
m[0,63] = 1.0
m[0,64] = 1.0
m[0,65] = 1.254450948617869e-06
m[0,66] = 1.0
m[0,67] = 1.0
m[0,68] = 1.2544509484513355e-06
m[0,69] = 1.2544509484513355e-06
m[0,70] = 1.2544509484513355e-06
m[0,71] = 1.0
m[0,72] = 1.0
m[0,73] = 0.0
m[0,74] = 1.0
m[0,75] = 1.0
m[0,76] = 1.0
m[0,77] = 1.2544509484513355e-06
m[0,78] = 1.0
m[0,79] = 1.0
m[0,80] = 1.0
m[0,81] = 1.2544509487288913e-06
m[0,82] = 1.0
m[0,83] = 1.0
m[0,84] = 1.0
m[0,85] = 1.0
m[0,86] = 1.0
m[0,87] = 1.0
m[0,88] = 1.0
m[0,89] = 1.0
m[0,90] = 1.0
m[0,91] = 1.8816764226770033e-06
m[0,92] = 1.2544509484513355e-06
m[0,93] = 1.0
m[0,94] = 1.0
m[0,95] = 1.0
m[0,96] = 1.2544509484513355e-06
m[0,97] = 1.0
m[0,98] = 1.0
m[0,99] = 1.0
m[0,100] = 1.0
m[0,101] = 1.2544509484513355e-06
m[0,102] = 1.0
m[0,103] = 1.0
m[0,104] = 1.0
m[0,105] = 1.0
m[0,106] = 1.0
m[0,107] = 1.0
m[0,108] = 1.0
m[0,109] = 6.272254743366901e-07
m[0,110] = 1.0
m[0,111] = 1.0
m[0,112] = 1.0
m[0,113] = 1.0
m[0,114] = 1.0
m[0,115] = 1.0
m[0,116] = 1.0
m[0,117] = 1.0
m[0,118] = 1.8816764226770033e-06
m[0,119] = 1.0
m[0,120] = 1.0
m[0,121] = 1.0000006265953059
m[0,122] = 1.0
m[0,123] = 1.0
m[0,124] = 1.0
m[0,125] = 1.0
m[0,126] = 1.0
m[0,127] = 1.0
m[0,128] = 1.0
m[0,129] = 1.0
m[0,130] = 1.0
m[0,131] = 1.0
m[0,132] = 1.0
m[0,133] = 1.0
m[0,134] = 1.0
m[0,135] = 1.0
m[0,136] = 1.0
m[0,137] = 1.0
m[0,138] = 1.0
m[0,139] = 1.0
m[0,140] = 1.0
m[0,141] = 1.0
m[0,142] = 1.0
m[0,143] = 1.0
m[0,144] = 1.0
m[0,145] = 1.0
m[0,146] = 1.0
m[0,147] = 1.0
m[0,148] = 1.0
m[0,149] = 1.0
m[0,150] = 0.0
m[0,151] = 1.0
m[0,152] = 1.0
m[0,153] = 1.0
m[0,154] = 1.0
m[0,155] = 1.0
m[0,156] = 1.0
m[0,157] = 1.0
m[0,158] = 1.0
m[0,159] = 1.0
m[0,160] = 1.0
m[0,161] = 1.0
m[0,162] = 1.0
m[0,163] = 1.0
m[0,164] = 1.0
m[0,165] = 1.0
m[0,166] = 1.0
m[0,167] = 1.0
m[0,168] = 1.0
m[0,169] = 1.0
m[0,170] = 1.0
m[0,171] = 1.0
m[0,172] = 1.0
m[0,173] = 1.0
m[0,174] = 1.0
m[0,175] = 1.0
m[0,176] = 1.0
m[0,177] = 1.0
u[0] = 1.0
u[1] = 1.0
u[2] = 1.0
u[3] = 0.9999993727745257
o_u[0,0] = 0.0
o_u[0,1] = 0.0
o_u[0,2] = 0.0
o_u[0,3] = 0.0
o_u[0,4] = 0.0
o_u[0,5] = 1.0
o_u[0,6] = 0.0
o_u[0,7] = 0.0
o_u[0,8] = 0.0
o_u[1,0] = 0.0
o_u[1,1] = 0.0
o_u[1,2] = 0.9999993727745258
o_u[1,3] = 6.272254742256678e-07
o_u[1,4] = 0.0
o_u[1,5] = 0.0
o_u[1,6] = 0.0
o_u[1,7] = 0.0
o_u[1,8] = 0.0
o_u[2,0] = 0.0
o_u[2,1] = 0.0
o_u[2,2] = 0.0
o_u[2,3] = 0.0
o_u[2,4] = 0.0
o_u[2,5] = 1.0
o_u[2,6] = 0.0
o_u[2,7] = 0.0
o_u[2,8] = 0.0
o_u[3,0] = 0.0
o_u[3,1] = 0.0
o_u[3,2] = 1.0
o_u[3,3] = 0.0
o_u[3,4] = 0.0
o_u[3,5] = 0.0
o_u[3,6] = 0.0
o_u[3,7] = 0.0
o_u[3,8] = 0.0
THE NEW CORRECTNESS IS: 0.8988765278216937, AND THE NEW EXPLAINABILITY IS: 12.0
************************************************************
New pareto points added, correctness = 0.8988765278216937 , explainability = 12.0
App ending 1......
End of find_pareto_solution_more_e 4 @@@@@@@@@@@@@
Inside find_pareto_solution_more_e
----------------------------------
THE CURRENT CORRECTNESS IS: 0.8988765278216937, AND THE CURRENT EXPLAINABILITY IS: 12.0
Gurobi Optimizer version 12.0.3 build v12.0.3rc0 (linux64 - "Ubuntu 22.04.5 LTS")

CPU model: AMD EPYC 7742 64-Core Processor, instruction set [SSE2|AVX|AVX2]
Thread count: 128 physical cores, 256 logical processors, using up to 32 threads

Optimize a model with 106713 rows, 25034 columns and 327232 nonzeros
Model fingerprint: 0x2ef9cdf0
Variable types: 24926 continuous, 108 integer (0 binary)
Coefficient statistics:
  Matrix range     [1e+00, 3e+00]
  Objective range  [1e+00, 3e+00]
  Bounds range     [1e+00, 1e+00]
  RHS range        [1e+00, 1e+03]

MIP start from previous solve did not produce a new incumbent solution
MIP start from previous solve violates constraint R106713 by 1.000000000

Presolve removed 83327 rows and 18591 columns
Presolve time: 0.70s
Presolved: 23386 rows, 6443 columns, 77128 nonzeros
Variable types: 6286 continuous, 157 integer (157 binary)

Root relaxation: objective 1.725000e+02, 7296 iterations, 1.02 seconds (1.37 work units)
Total elapsed time = 5.79s (DegenMoves)

    Nodes    |    Current Node    |     Objective Bounds      |     Work
 Expl Unexpl |  Obj  Depth IntInf | Incumbent    BestBd   Gap | It/Node Time

     0     0  172.50002    0   25          -  172.50002      -     -    6s
     0     0 infeasible    0               - infeasible      -     -    6s

Cutting planes:
  Gomory: 10
  Implied bound: 19
  MIR: 7
  Flow cover: 3
  Zero half: 1
  RLT: 25
  BQP: 91

Explored 1 nodes (20377 simplex iterations) in 6.61 seconds (8.90 work units)
Thread count was 32 (of 256 available processors)

Solution count 0
No other solutions better than -1e+100

Model is infeasible
Best objective -, best bound -, gap -
[INFO] Model became infeasible under the new cuts.
End of find_pareto_solution_more_e 2 @@@@@@@@@@@
Inside find_pareto_solution_more_c
Gurobi Optimizer version 12.0.3 build v12.0.3rc0 (linux64 - "Ubuntu 22.04.5 LTS")

CPU model: AMD EPYC 7742 64-Core Processor, instruction set [SSE2|AVX|AVX2]
Thread count: 128 physical cores, 256 logical processors, using up to 32 threads

Optimize a model with 106713 rows, 25034 columns and 327232 nonzeros
Model fingerprint: 0x00440172
Variable types: 24926 continuous, 108 integer (0 binary)
Coefficient statistics:
  Matrix range     [1e+00, 3e+00]
  Objective range  [1e+00, 3e+00]
  Bounds range     [1e+00, 1e+00]
  RHS range        [1e+00, 1e+03]

MIP start from previous solve did not produce a new incumbent solution
MIP start from previous solve violates constraint R106711 by 1.000000000

Presolve removed 83366 rows and 18594 columns
Presolve time: 0.73s
Presolved: 23347 rows, 6440 columns, 79092 nonzeros
Variable types: 6287 continuous, 153 integer (153 binary)

Root relaxation: objective 1.880000e+02, 7786 iterations, 1.49 seconds (2.22 work units)
Total elapsed time = 7.34s (DegenMoves)
Total elapsed time = 12.71s (DegenMoves)

    Nodes    |    Current Node    |     Objective Bounds      |     Work
 Expl Unexpl |  Obj  Depth IntInf | Incumbent    BestBd   Gap | It/Node Time

     0     0  188.00000    0   20          -  188.00000      -     -   13s
     0     0  188.00000    0   44          -  188.00000      -     -   17s
     0     0  188.00000    0   11          -  188.00000      -     -   49s
     0     0  188.00000    0   12          -  188.00000      -     -   50s
     0     0  188.00000    0   16          -  188.00000      -     -   59s
     0     0  188.00000    0   16          -  188.00000      -     -   60s
     0     0  188.00000    0   17          -  188.00000      -     -   70s
     0     0  188.00000    0   27          -  188.00000      -     -   70s
     0     0  188.00000    0   38          -  188.00000      -     -   79s
     0     0  188.00000    0   35          -  188.00000      -     -   79s
     0     0  188.00000    0   19          -  188.00000      -     -   93s
     0     0  188.00000    0   21          -  188.00000      -     -   99s
     0     2  188.00000    0   14          -  188.00000      -     -  104s
     1     4  188.00000    1   32          -  188.00000      -  5472  105s
     7    14  188.00000    3   29          -  188.00000      -  2117  110s
    29    54  188.00000    5   47          -  188.00000      -  1827  115s
    89   205  188.00000    7   39          -  188.00000      -  1527  120s
   216   284  188.00000    8   38          -  188.00000      -  1302  127s
   499   675  188.00000   15   31          -  188.00000      -  1102  131s
  1501  1283  186.91667   23   29          -  188.00000      -   689  136s
  3441  2052  188.00000   13   19          -  188.00000      -   534  141s
  5187  2668  186.66667   18   21          -  188.00000      -   487  147s
  5648  2669  186.33333   16   21          -  188.00000      -   485  157s
  5650  2670  187.41667   30   41          -  188.00000      -   485  178s
  5651  2671  186.00000   29   49          -  188.00000      -   485  206s
  5653  2672  187.50000   20   18          -  188.00000      -   485  219s
  5654  2673  186.87500   19   28          -  188.00000      -   485  220s
  5655  2674  186.80000   23    9          -  188.00000      -   485  228s
  5657  2675  187.66667   18    5          -  188.00000      -   485  231s
  5659  2676  187.94444   10    8          -  188.00000      -   484  235s
  5664  2680  186.00000   18    9          -  188.00000      -   484  240s
  5667  2682  187.25000   28   22          -  188.00000      -   484  249s
  5668  2682  186.66667   20   29          -  188.00000      -   484  250s
  5669  2683  185.50000   31   11          -  188.00000      -   484  260s
  5670  2684  184.54545   14   11          -  188.00000      -   484  266s
  5672  2688  188.00000   15   19          -  188.00000      -  33.2  270s
  5686  2711  188.00000   18   30          -  188.00000      -  36.2  275s
  5734  2752  188.00000   20   42          -  188.00000      -  58.0  282s
  5766  2814  188.00000   21   38          -  188.00000      -  63.9  287s
  5868  2821  188.00000   22   31          -  188.00000      -  81.0  294s
  5930  2858  188.00000   22   33          -  188.00000      -  93.4  299s
  6011  2877  188.00000   23   36          -  188.00000      -   110  301s
  6095  2906  188.00000   23   31          -  188.00000      -   123  307s
  6170  2966  188.00000   24   26          -  188.00000      -   142  314s
  6343  3041  188.00000   25   41          -  188.00000      -   167  320s
  6642  3073  188.00000   26   30          -  188.00000      -   198  326s
  6954  3219  188.00000   29   33          -  188.00000      -   233  331s
  7426  3120  188.00000   31   25          -  188.00000      -   269  373s
  7575  3424  188.00000   32   16          -  188.00000      -   282  378s
  8514  3459  187.85714   38   18          -  188.00000      -   336  383s
  9724  3431 infeasible   40               -  188.00000      -   386  388s
 10784  3372  188.00000   42   22          -  188.00000      -   419  394s
 11808  3398  185.66667   34   15          -  188.00000      -   450  404s
 13053  3415  187.50000   38   13          -  188.00000      -   473  411s
 14143  3647  188.00000   31   27          -  188.00000      -   493  416s
 15293  4224  188.00000   29   26          -  188.00000      -   514  423s
 16970  4755 infeasible   50               -  188.00000      -   527  428s
 18812  5132  188.00000   29   25          -  188.00000      -   539  434s
 20277  5749  187.90909   43   26          -  188.00000      -   552  439s
 22150  6223  188.00000   30   20          -  188.00000      -   557  444s
 23839  6617 infeasible   40               -  188.00000      -   566  449s
*24767  6182              46     185.0000000  188.00000  1.62%   573  449s
 25349  6223  187.30000   38   27  185.00000  188.00000  1.62%   574  456s
 25706  6294  187.30000   39   27  185.00000  188.00000  1.62%   573  466s
H25746  6294                     185.0000010  188.00000  1.62%   573  466s
H26419  6344                     185.0000029  188.00000  1.62%   571  472s
 26782  6466 infeasible   41       185.00000  188.00000  1.62%   571  480s
H26958  6466                     185.0000048  188.00000  1.62%   572  480s
 27321  6859 infeasible   41       185.00000  188.00000  1.62%   573  487s
H27593  6859                     185.0000319  188.00000  1.62%   572  487s
 29877  7485  188.00000   37   18  185.00003  188.00000  1.62%   573  495s
 32551  7554  188.00000   37   23  185.00003  188.00000  1.62%   580  501s
H32559  7554                     185.0000324  188.00000  1.62%   580  501s
 32932  7758  188.00000   38   16  185.00003  188.00000  1.62%   581  508s
 33963  7990  188.00000   39   15  185.00003  188.00000  1.62%   583  515s
 35537  8296  188.00000   40   17  185.00003  188.00000  1.62%   581  522s
 37112  8630  187.87500   41   25  185.00003  188.00000  1.62%   582  531s
 38935  8920  186.00000   44   15  185.00003  188.00000  1.62%   583  538s
 41262  9191  188.00000   26   25  185.00003  188.00000  1.62%   583  545s
H41706  9191                     185.0000333  188.00000  1.62%   582  545s
 43080  9410  186.00000   38   15  185.00003  188.00000  1.62%   582  552s
 44562  9867 infeasible   39       185.00003  188.00000  1.62%   583  559s
H44847  9867                     185.0000371  188.00000  1.62%   583  559s
 46744 10101  186.57692   33   28  185.00004  188.00000  1.62%   584  567s
 47741 10371  186.40000   34   28  185.00004  188.00000  1.62%   587  574s
 49277 10556  186.25155   36   35  185.00004  188.00000  1.62%   588  582s
 50721 10881  185.67391   37   29  185.00004  188.00000  1.62%   589  590s
 52973 11356  188.00000   38   22  185.00004  188.00000  1.62%   591  599s
 55878 11802 infeasible   40       185.00004  188.00000  1.62%   591  607s
 58772 11869     cutoff   37       185.00004  188.00000  1.62%   590  759s
 59349 12001 infeasible   42       185.00004  188.00000  1.62%   590  802s
 60436 13311  185.33333   45   14  185.00004  188.00000  1.62%   591  847s
H65582 13311                     185.0000381  188.00000  1.62%   591  847s
 71412 13707 infeasible   45       185.00004  188.00000  1.62%   588  859s
 75520 14072 infeasible   37       185.00004  188.00000  1.62%   590  870s
 79617 14579  186.50967   40   28  185.00004  188.00000  1.62%   591  885s
 83359 15096     cutoff   38       185.00004  188.00000  1.62%   593  895s
 87364 15371     cutoff   39       185.00004  188.00000  1.62%   592  905s
 90330 15945  188.00000   38   21  185.00004  188.00000  1.62%   593  919s
 94740 16154  188.00000   25   27  185.00004  188.00000  1.62%   595  931s
 96591 16632  188.00000   29   42  185.00004  188.00000  1.62%   595  944s
 100398 16714  186.90000   37   26  185.00004  188.00000  1.62%   596  955s
 101138 16864  186.00000   38   22  185.00004  188.00000  1.62%   596  968s
 103081 17305 infeasible   39       185.00004  188.00000  1.62%   597  981s
 106773 17793  187.73438   35   35  185.00004  188.00000  1.62%   596  994s
 110932 18357  185.94737   34   26  185.00004  188.00000  1.62%   596 1006s
 115917 18892  187.81481   34   27  185.00004  188.00000  1.62%   595 1016s
 120276 19423  186.21429   42   17  185.00004  188.00000  1.62%   595 1029s
 124980 19839  185.20290   31   30  185.00004  188.00000  1.62%   597 1038s
 128842 19886  185.75000   31   34  185.00004  188.00000  1.62%   597 1047s
 129410 20113  187.50000   40   12  185.00004  188.00000  1.62%   597 1057s
 131161 20427  188.00000   37   40  185.00004  188.00000  1.62%   597 1071s
 134342 20750  188.00000   25   19  185.00004  188.00000  1.62%   597 1081s
 138296 21250  185.25000   46    6  185.00004  188.00000  1.62%   597 1090s
 142485 21645 infeasible   32       185.00004  188.00000  1.62%   597 1100s
 146258 21926  187.75000   39   23  185.00004  188.00000  1.62%   597 1110s
 149751 22105  187.76923   39   34  185.00004  188.00000  1.62%   596 1124s
 151387 22878  187.66667   40   35  185.00004  188.00000  1.62%   596 1149s
H152159 22878                     185.0000391  188.00000  1.62%   596 1149s
 159774 23382  186.74699   42   26  185.00004  188.00000  1.62%   594 1162s
 163701 23932 infeasible   37       185.00004  188.00000  1.62%   595 1173s
 168467 24228  187.22570   38   23  185.00004  188.00000  1.62%   595 1183s
 172156 24739  187.73334   34   29  185.00004  188.00000  1.62%   595 1193s
 176502 25106  186.63636   27   30  185.00004  188.00000  1.62%   594 1202s
 180031 25632  187.86957   33   41  185.00004  188.00000  1.62%   594 1215s
 185457 25929  188.00000   42   17  185.00004  188.00000  1.62%   593 1223s
 188910 25969  186.85714   33   28  185.00004  188.00000  1.62%   591 1231s
 189336 26027  186.41667   34   31  185.00004  188.00000  1.62%   591 1239s
 190454 26224  188.00000   33   29  185.00004  188.00000  1.62%   591 1253s
 192959 26502 infeasible   37       185.00004  188.00000  1.62%   591 1263s
 196081 26853 infeasible   35       185.00004  188.00000  1.62%   591 1272s
 200097 27061 infeasible   40       185.00004  188.00000  1.62%   590 1281s
 204175 27270 infeasible   39       185.00004  188.00000  1.62%   589 1290s
 209004 27290  186.00000   41   13  185.00004  188.00000  1.62%   587 1303s
 214162 27094  185.11111   49   21  185.00004  188.00000  1.62%   584 1311s
 218070 27231 infeasible   44       185.00004  188.00000  1.62%   582 1319s
 222661 27047  185.66667   42   14  185.00004  188.00000  1.62%   578 1325s
 226425 26857     cutoff   45       185.00004  188.00000  1.62%   576 1332s
 230407 26808 infeasible   37       185.00004  187.74510  1.48%   574 1339s
 234371 26632     cutoff   43       185.00004  187.69231  1.46%   571 1345s
 237914 26545 infeasible   38       185.00004  187.66667  1.44%   569 1351s
 241417 26311  186.83333   39   15  185.00004  187.66667  1.44%   567 1357s
 244939 26183     cutoff   42       185.00004  187.60000  1.41%   565 1362s
 248257 26061  185.90000   43   15  185.00004  187.54545  1.38%   563 1368s
 251900 25938     cutoff   44       185.00004  187.50000  1.35%   561 1373s
 255570 25777  187.00000   38   13  185.00004  187.50000  1.35%   559 1378s
 258855 25639 infeasible   37       185.00004  187.50000  1.35%   557 1383s
 262332 25534  187.25000   46   15  185.00004  187.50000  1.35%   555 1387s
 265519 25311     cutoff   37       185.00004  187.50000  1.35%   553 1392s
 268742 24997  186.66667   42   15  185.00004  187.46667  1.33%   551 1397s
 271979 24688  185.86957   44   18  185.00004  187.41667  1.31%   550 1402s
 275299 24424     cutoff   35       185.00004  187.33333  1.26%   548 1406s
 278869 24147  186.00000   39   10  185.00004  187.33333  1.26%   546 1411s
 282206 23734  185.50000   44   14  185.00004  187.27273  1.23%   545 1416s
 285449 23349 infeasible   41       185.00004  187.25000  1.22%   543 1421s
 289016 23001  186.17949   39   21  185.00004  187.16667  1.17%   541 1425s
 294405 22352  185.55554   42   14  185.00004  187.00210  1.08%   539 1434s
 297162 22021     cutoff   46       185.00004  187.00000  1.08%   538 1438s
 299957 21661  185.62500   40   13  185.00004  187.00000  1.08%   537 1444s
 303530 21264  185.60000   36   27  185.00004  187.00000  1.08%   536 1449s
 306599 21033     cutoff   38       185.00004  187.00000  1.08%   535 1454s
 310043 20775  186.45455   36   21  185.00004  187.00000  1.08%   534 1459s
 313577 20518  186.14286   43   10  185.00004  187.00000  1.08%   532 1464s
 316671 20305     cutoff   36       185.00004  187.00000  1.08%   531 1470s
 319893 20158 infeasible   39       185.00004  187.00000  1.08%   530 1476s
 322627 19963  186.00000   48    9  185.00004  187.00000  1.08%   530 1482s
 325648 19793     cutoff   40       185.00004  187.00000  1.08%   529 1489s
 328736 19649     cutoff   46       185.00004  187.00000  1.08%   529 1494s
 331572 19443  187.00000   30   37  185.00004  187.00000  1.08%   528 1500s
 334923 19021  186.33333   35   29  185.00004  187.00000  1.08%   528 1505s
 338559 18589  185.75000   43   12  185.00004  187.00000  1.08%   526 1511s
 342608 18065  185.91667   47   22  185.00004  187.00000  1.08%   525 1516s
 346182 17583 infeasible   39       185.00004  187.00000  1.08%   523 1521s
 350364 17133  185.50000   39   17  185.00004  186.75000  0.95%   521 1525s
 357612 15943 infeasible   39       185.00004  186.66667  0.90%   518 1534s
 361135 15266     cutoff   41       185.00004  186.64286  0.89%   517 1538s
 364687 14560  185.66667   37   16  185.00004  186.56071  0.84%   515 1542s
 368442 14009  185.53125   39   17  185.00004  186.50000  0.81%   513 1546s
 372020 13422 infeasible   41       185.00004  186.50000  0.81%   511 1550s
 378506 12153 infeasible   39       185.00004  186.50000  0.81%   509 1558s
 381796 11364 infeasible   42       185.00004  186.40000  0.76%   507 1562s
 385142 10586  185.33333   43   14  185.00004  186.33333  0.72%   506 1566s
 388669  9604     cutoff   47       185.00004  186.25641  0.68%   504 1570s
 396010  7731     cutoff   44       185.00004  186.00000  0.54%   500 1577s
 398819  7149     cutoff   37       185.00004  186.00000  0.54%   499 1581s
 400840  6505 infeasible   31       185.00004  186.00000  0.54%   499 1585s
 406206  5826 infeasible   23       185.00004  186.00000  0.54%   497 1593s
 408453  5518  186.00000   33   21  185.00004  186.00000  0.54%   497 1598s
 410662  5089     cutoff   37       185.00004  186.00000  0.54%   497 1602s
 413613  3750  185.50000   37   20  185.00004  186.00000  0.54%   497 1609s
 418119  1857 infeasible   41       185.00004  186.00000  0.54%   495 1614s
 423133     0     cutoff   42       185.00004  185.71426  0.39%   492 1617s

Cutting planes:
  Implied bound: 54
  MIR: 547
  Flow cover: 169
  RLT: 220
  Relax-and-lift: 37
  BQP: 145
  PSD: 1

Explored 426272 nodes (211504449 simplex iterations) in 1617.45 seconds (2924.89 work units)
Thread count was 32 (of 256 available processors)

Solution count 1: 185 

Optimal solution found (tolerance 1.00e-04)
Best objective 1.850000390681e+02, best bound 1.850000390681e+02, gap 0.0000%
Objective value: 185.00003906808445
lam[0,0] = 0.0
lam[0,1] = 0.0
lam[0,2] = 1.0
lam[0,3] = 0.0
lam[0,4] = 0.0
lam[0,5] = 0.0
lam[0,6] = 0.0
lam[0,7] = 0.0
lam[0,8] = 0.0
lam[1,0] = 0.5000004768371893
lam[1,1] = 0.0
lam[1,2] = 0.0
lam[1,3] = 0.0
lam[1,4] = 0.0
lam[1,5] = 0.5000004768371873
lam[1,6] = 0.0
lam[1,7] = 0.0
lam[1,8] = 0.0
lam[2,0] = 0.0
lam[2,1] = 0.0
lam[2,2] = 0.0
lam[2,3] = 0.0
lam[2,4] = 0.0
lam[2,5] = 0.0
lam[2,6] = 0.0
lam[2,7] = 1.0
lam[2,8] = 0.0
lam[3,0] = 0.49999952316281226
lam[3,1] = 0.0
lam[3,2] = 0.0
lam[3,3] = 0.0
lam[3,4] = 0.0
lam[3,5] = 0.49999952316281426
lam[3,6] = 0.0
lam[3,7] = 0.0
lam[3,8] = 0.0
tau[0,0,1] = -0.0
tau[0,0,2] = 1.0
tau[0,0,3] = -0.0
tau[0,0,L0] = -0.0
tau[0,0,L1] = -0.0
tau[0,0,L2] = -0.0
tau[0,1,1] = 1.0
tau[0,1,2] = -0.0
tau[0,1,3] = -0.0
tau[0,1,L0] = -0.0
tau[0,1,L1] = -0.0
tau[0,1,L2] = -0.0
tau[0,2,1] = 1.0
tau[0,2,2] = -0.0
tau[0,2,3] = -0.0
tau[0,2,L0] = -0.0
tau[0,2,L1] = -0.0
tau[0,2,L2] = -0.0
tau[0,3,1] = 1.0
tau[0,3,2] = -0.0
tau[0,3,3] = -0.0
tau[0,3,L0] = -0.0
tau[0,3,L1] = -0.0
tau[0,3,L2] = -0.0
tau[0,4,1] = 1.0
tau[0,4,2] = -0.0
tau[0,4,3] = -0.0
tau[0,4,L0] = -0.0
tau[0,4,L1] = -0.0
tau[0,4,L2] = -0.0
tau[0,5,1] = 1.0
tau[0,5,2] = -0.0
tau[0,5,3] = -0.0
tau[0,5,L0] = 0.0
tau[0,5,L1] = 0.0
tau[0,5,L2] = 0.0
tau[1,0,2] = 0.0
tau[1,0,3] = 1.0
tau[1,0,L0] = -0.0
tau[1,0,L1] = -0.0
tau[1,0,L2] = -0.0
tau[1,1,2] = 0.0
tau[1,1,3] = 1.0
tau[1,1,L0] = -0.0
tau[1,1,L1] = -0.0
tau[1,1,L2] = -0.0
tau[1,2,2] = -0.0
tau[1,2,3] = 1.0
tau[1,2,L0] = -0.0
tau[1,2,L1] = 0.0
tau[1,2,L2] = -0.0
tau[1,3,2] = 0.0
tau[1,3,3] = 1.0
tau[1,3,L0] = -0.0
tau[1,3,L1] = 0.0
tau[1,3,L2] = -0.0
tau[1,4,2] = 0.0
tau[1,4,3] = -0.0
tau[1,4,L0] = -0.0
tau[1,4,L1] = 0.0
tau[1,4,L2] = -0.0
tau[1,5,2] = -0.0
tau[1,5,3] = -0.0
tau[1,5,L0] = -0.0
tau[1,5,L1] = -0.0
tau[1,5,L2] = -0.0
tau[2,0,3] = 0.0
tau[2,0,L0] = -0.0
tau[2,0,L1] = 1.0
tau[2,0,L2] = 0.0
tau[2,1,3] = -0.0
tau[2,1,L0] = -0.0
tau[2,1,L1] = -0.0
tau[2,1,L2] = 1.0
tau[2,2,3] = -0.0
tau[2,2,L0] = -0.0
tau[2,2,L1] = -0.0
tau[2,2,L2] = -0.0
tau[2,3,3] = -0.0
tau[2,3,L0] = -0.0
tau[2,3,L1] = -0.0
tau[2,3,L2] = -0.0
tau[2,4,3] = -0.0
tau[2,4,L0] = -0.0
tau[2,4,L1] = -0.0
tau[2,4,L2] = -0.0
tau[2,5,3] = -0.0
tau[2,5,L0] = -0.0
tau[2,5,L1] = -0.0
tau[2,5,L2] = -0.0
tau[3,0,L0] = -0.0
tau[3,0,L1] = 1.0
tau[3,0,L2] = 0.0
tau[3,1,L0] = -0.0
tau[3,1,L1] = 1.0
tau[3,1,L2] = 0.0
tau[3,2,L0] = 1.0
tau[3,2,L1] = 0.0
tau[3,2,L2] = 0.0
tau[3,3,L0] = 1.0
tau[3,3,L1] = 0.0
tau[3,3,L2] = -0.0
tau[3,4,L0] = 0.0
tau[3,4,L1] = -0.0
tau[3,4,L2] = 0.0
tau[3,5,L0] = -0.0
tau[3,5,L1] = -0.0
tau[3,5,L2] = -0.0
m[0,0] = 1.0
m[0,1] = 1.0
m[0,2] = 1.0
m[0,3] = 1.0
m[0,4] = 1.0
m[0,5] = 1.0
m[0,6] = 1.0
m[0,7] = 1.0
m[0,8] = 1.0
m[0,9] = 1.0
m[0,10] = 1.0
m[0,11] = 1.0
m[0,12] = 1.0
m[0,13] = 1.0
m[0,14] = 1.0
m[0,15] = 1.0
m[0,16] = 1.0
m[0,17] = 1.0
m[0,18] = 1.0
m[0,19] = 1.0
m[0,20] = 1.0
m[0,21] = 1.0
m[0,22] = 1.0
m[0,23] = 1.0
m[0,24] = 1.0
m[0,25] = 1.0
m[0,26] = 1.0
m[0,27] = 1.0
m[0,28] = 1.0
m[0,29] = 1.0
m[0,30] = 1.0
m[0,31] = 1.0
m[0,32] = 1.0
m[0,33] = 1.0
m[0,34] = 1.0
m[0,35] = 1.0
m[0,36] = 1.0
m[0,37] = 1.0
m[0,38] = 1.0
m[0,39] = 1.0
m[0,40] = 1.0
m[0,41] = 1.0
m[0,42] = 1.0
m[0,43] = 1.0
m[0,44] = 1.0
m[0,45] = 1.0
m[0,46] = 1.0
m[0,47] = 1.0
m[0,48] = 1.0
m[0,49] = 1.0
m[0,50] = 1.0
m[0,51] = 1.0
m[0,52] = 1.0
m[0,53] = 1.0
m[0,54] = 1.0
m[0,55] = 1.0
m[0,56] = 1.0
m[0,57] = 1.0
m[0,58] = 1.0
m[0,59] = 1.0
m[0,60] = 1.0
m[0,61] = 9.53674503811897e-07
m[0,62] = 1.0
m[0,63] = 1.0
m[0,64] = 1.0
m[0,65] = 1.0
m[0,66] = 1.0
m[0,67] = 1.0
m[0,68] = 1.0
m[0,69] = 1.0
m[0,70] = 1.0
m[0,71] = 1.0
m[0,72] = 1.0
m[0,73] = 1.0
m[0,74] = 1.0
m[0,75] = 1.0
m[0,76] = 1.0
m[0,77] = 1.000000952209203
m[0,78] = 1.0
m[0,79] = 1.0
m[0,80] = 1.0
m[0,81] = 1.0
m[0,82] = 1.0
m[0,83] = 1.0
m[0,84] = 1.0
m[0,85] = 1.0
m[0,86] = 1.0
m[0,87] = 1.0
m[0,88] = 1.0
m[0,89] = 1.0
m[0,90] = 1.0
m[0,91] = 1.000000952209203
m[0,92] = 1.0
m[0,93] = 1.0
m[0,94] = 1.0
m[0,95] = 1.0
m[0,96] = 1.0
m[0,97] = 1.0
m[0,98] = 1.0
m[0,99] = 1.0
m[0,100] = 1.0
m[0,101] = 1.0
m[0,102] = 1.0
m[0,103] = 1.0
m[0,104] = 1.0
m[0,105] = 1.0
m[0,106] = 1.0
m[0,107] = 1.0
m[0,108] = 1.0
m[0,109] = 1.0
m[0,110] = 1.0
m[0,111] = 1.0
m[0,112] = 1.0
m[0,113] = 1.0
m[0,114] = 1.0
m[0,115] = 1.0
m[0,116] = 1.0
m[0,117] = 1.0
m[0,118] = 1.000000952209203
m[0,119] = 1.0
m[0,120] = 1.0
m[0,121] = 1.0
m[0,122] = 1.0
m[0,123] = 1.0
m[0,124] = 1.0
m[0,125] = 1.0
m[0,126] = 1.0
m[0,127] = 1.0
m[0,128] = 1.0
m[0,129] = 1.0
m[0,130] = 1.000000952209203
m[0,131] = 1.0000009531949572
m[0,132] = 1.0000009531949572
m[0,133] = 1.0000009531949572
m[0,134] = 1.000000952209203
m[0,135] = 1.0
m[0,136] = 1.0
m[0,137] = 1.0000009531949572
m[0,138] = 1.000000952209203
m[0,139] = 1.0000009531949572
m[0,140] = 1.000000952209203
m[0,141] = 1.0
m[0,142] = 1.0000009527842264
m[0,143] = 1.0000009527842264
m[0,144] = 1.0
m[0,145] = 1.000000952209203
m[0,146] = 1.0
m[0,147] = 1.0000009527842264
m[0,148] = 1.0000009527842264
m[0,149] = 1.0000009527842264
m[0,150] = 0.0
m[0,151] = 1.0
m[0,152] = 1.0
m[0,153] = 1.000000953071738
m[0,154] = 1.000000952209203
m[0,155] = 1.000000953071738
m[0,156] = 1.0
m[0,157] = 1.0
m[0,158] = 1.000000952209204
m[0,159] = 1.000000952209203
m[0,160] = 1.0000009527842264
m[0,161] = 1.0
m[0,162] = 1.0000009531949572
m[0,163] = 1.000000952209203
m[0,164] = 1.0000009529759006
m[0,165] = 1.0000009529759006
m[0,166] = 1.0
m[0,167] = 1.0
m[0,168] = 1.0
m[0,169] = 1.0000009529759006
m[0,170] = 1.0000009531949572
m[0,171] = 1.0
m[0,172] = 1.0000009527842264
m[0,173] = 1.0
m[0,174] = 1.0
m[0,175] = 1.000000953071738
m[0,176] = 1.000000953071738
m[0,177] = 1.0000009527842264
u[0] = 1.0
u[1] = 1.0
u[2] = 1.0
u[3] = 1.0
o_u[0,0] = 0.0
o_u[0,1] = 0.0
o_u[0,2] = 1.0
o_u[0,3] = 0.0
o_u[0,4] = 0.0
o_u[0,5] = 0.0
o_u[0,6] = 0.0
o_u[0,7] = 0.0
o_u[0,8] = 0.0
o_u[1,0] = 0.5000004768371893
o_u[1,1] = 0.0
o_u[1,2] = 0.0
o_u[1,3] = 0.0
o_u[1,4] = 0.0
o_u[1,5] = 0.5000004768371873
o_u[1,6] = 0.0
o_u[1,7] = 0.0
o_u[1,8] = 0.0
o_u[2,0] = 0.0
o_u[2,1] = 0.0
o_u[2,2] = 0.0
o_u[2,3] = 0.0
o_u[2,4] = 9.53674504255987e-07
o_u[2,5] = 0.0
o_u[2,6] = 0.0
o_u[2,7] = 1.0
o_u[2,8] = 0.0
o_u[3,0] = 0.5000004768371891
o_u[3,1] = 0.0
o_u[3,2] = 0.0
o_u[3,3] = 0.0
o_u[3,4] = 0.0
o_u[3,5] = 0.5000004768371843
o_u[3,6] = 0.0
o_u[3,7] = 0.0
o_u[3,8] = 0.0
New pareto points added, correctness = 0.9887642322811139 , explainability = 9.000005722046376
App ending 2.................
End of find_pareto_solution_more_c 4 |||||||||||||||||
Inside find_pareto_solution_more_c
Gurobi Optimizer version 12.0.3 build v12.0.3rc0 (linux64 - "Ubuntu 22.04.5 LTS")

CPU model: AMD EPYC 7742 64-Core Processor, instruction set [SSE2|AVX|AVX2]
Thread count: 128 physical cores, 256 logical processors, using up to 32 threads

Optimize a model with 106713 rows, 25034 columns and 327232 nonzeros
Model fingerprint: 0x71581d04
Variable types: 24926 continuous, 108 integer (0 binary)
Coefficient statistics:
  Matrix range     [1e+00, 3e+00]
  Objective range  [1e+00, 3e+00]
  Bounds range     [1e+00, 1e+00]
  RHS range        [1e+00, 1e+03]

MIP start from previous solve did not produce a new incumbent solution
MIP start from previous solve violates constraint R106713 by 1.000000000

Presolve removed 83548 rows and 18645 columns
Presolve time: 0.71s
Presolved: 23165 rows, 6389 columns, 76352 nonzeros
Variable types: 6240 continuous, 149 integer (149 binary)

Root relaxation: objective 1.860000e+02, 9027 iterations, 2.24 seconds (3.31 work units)
Total elapsed time = 9.46s (DegenMoves)
Total elapsed time = 14.26s (DegenMoves)
Total elapsed time = 19.56s (DegenMoves)
Total elapsed time = 23.87s (DegenMoves)

    Nodes    |    Current Node    |     Objective Bounds      |     Work
 Expl Unexpl |  Obj  Depth IntInf | Incumbent    BestBd   Gap | It/Node Time

     0     0  186.00001    0   22          -  186.00001      -     -   29s
     0     0  186.00001    0   45          -  186.00001      -     -   30s
     0     0  186.00001    0   45          -  186.00001      -     -   31s
     0     0  186.00001    0   13          -  186.00001      -     -   57s
     0     0  186.00001    0   18          -  186.00001      -     -   57s
     0     0  186.00001    0   20          -  186.00001      -     -   73s
     0     0  186.00001    0   25          -  186.00001      -     -   74s
     0     0  186.00001    0   23          -  186.00001      -     -   88s
     0     0  186.00001    0   31          -  186.00001      -     -   89s
     0     0  186.00001    0   15          -  186.00001      -     -   97s
     0     0  186.00001    0   15          -  186.00001      -     -   97s
     0     0  186.00001    0   19          -  186.00001      -     -  111s
     0     0  186.00001    0   23          -  186.00001      -     -  112s
     0     0  186.00001    0   13          -  186.00001      -     -  123s
     0     0  186.00001    0   10          -  186.00001      -     -  126s
     0     2  186.00001    0   10          -  186.00001      -     -  131s
     3     8  186.00001    2   67          -  186.00001      -  4221  141s
    15    32  186.00001    4   55          -  186.00001      -  2543  145s
    63    96  186.00001    6   72          -  186.00001      -  1772  150s
    95   316  186.00001    7   51          -  186.00001      -  1651  157s
   345   548  186.00001    9   35          -  186.00001      -  1403  166s
   729   922  186.00001   11   24          -  186.00001      -  1212  173s
  1562  1382  186.00001   20   26          -  186.00001      -   979  181s
  2846  1914 infeasible   30               -  186.00001      -   813  186s
  4112  2504  186.00001   16   13          -  186.00001      -   764  194s
  5618  2505  185.55556   26   10          -  186.00001      -   730  216s
  5620  2506  185.90000   32   11          -  186.00001      -   730  228s
  5621  2507  185.25001   17    9          -  186.00001      -   730  244s
  5623  2508  185.90387   17   18          -  186.00001      -   729  256s
  5625  2510  186.00001   12   30          -  186.00001      -   729  266s
  5627  2511  186.00001   10   12          -  186.00001      -   729  270s
  5629  2512  186.00001   22   17          -  186.00001      -   729  286s
  5631  2514  185.77778   21   23          -  186.00001      -   728  291s
  5633  2515  185.50003   17   16          -  186.00001      -   728  305s
  5637  2518  186.00001   19   13          -  186.00001      -   728  311s
  5638  2518  185.50001   26   11          -  186.00001      -   728  316s
  5640  2523  186.00001   10   14          -  186.00001      -  32.1  321s
  5646  2531  186.00001   12   19          -  186.00001      -  33.7  329s
  5654  2542  186.00001   13   29          -  186.00001      -  39.6  331s
  5668  2563  186.00001   14   26          -  186.00001      -  42.9  335s
  5728  2662  186.00001   16   43          -  186.00001      -  57.4  346s
  5859  2689  186.00001   17   41          -  186.00001      -  96.7  376s
  5962  2771  186.00001   19   16          -  186.00001      -   121  382s
  6188  2848  186.00001   19   19          -  186.00001      -   168  388s
  6506  3034  186.00001   20   19          -  186.00001      -   221  396s
  7239  3214 infeasible   28               -  186.00001      -   303  403s
  8725  2973 infeasible   22               -  186.00001      -   390  409s
  9992  2823 infeasible   31               -  186.00001      -   456  419s
 11344  2441  186.00001   21   38          -  186.00001      -   505  457s
 11581  2789  186.00001   21   37          -  186.00001      -   510  471s
 13422  2526  186.00001   30   30          -  186.00001      -   553  482s
 15005  2903  186.00001   20   25          -  186.00001      -   605  493s
 17254  3171 infeasible   23               -  186.00001      -   635  503s
 18948  3636  186.00001   31   29          -  186.00001      -   670  515s
 21353  3903 infeasible   40               -  186.00001      -   686  524s
 23146  4208  185.50001   29   18          -  186.00001      -   706  536s
 25276  4553  186.00001   20   20          -  186.00001      -   719  544s
 27475  4697  184.74999   42   16          -  186.00001      -   726  551s
 29259  4956  185.91667   40   14          -  186.00001      -   738  559s
 31950  5083  186.00001   27   16          -  186.00001      -   744  565s
 33357  5347  186.00001   32   22          -  186.00001      -   750  571s
 35035  5521  186.00001   33   15          -  186.00001      -   752  584s
 36447  5795  186.00001   36   14          -  186.00001      -   758  593s
 38177  6007 infeasible   34               -  186.00001      -   760  600s
 39892  6086  186.00001   43   24          -  186.00001      -   762  609s
 41381  6298  185.94445   24   34          -  186.00001      -   768  616s
 43133  6436 infeasible   35               -  186.00001      -   769  622s
 44991  6612  186.00001   37   12          -  186.00001      -   770  629s
 46523  6757  186.00001   39   24          -  186.00001      -   774  636s
 48308  6820 infeasible   27               -  186.00001      -   775  642s
 49861  7013  185.60001   27   24          -  186.00001      -   780  648s
 51806  7155  185.65433   33   28          -  186.00001      -   781  655s
 53837  7216  186.00001   32   15          -  186.00001      -   783  662s
 55678  7478 infeasible   29               -  186.00001      -   787  672s
 57933  7590 infeasible   37               -  186.00001      -   787  682s
 59809  7961 infeasible   32               -  186.00001      -   792  877s
 63054  8048 infeasible   36               -  186.00001      -   791  885s
 64849  8221  186.00001   35   11          -  186.00001      -   794  895s
 67236  8459  186.00001   34   20          -  186.00001      -   795  905s
 69745  8449  186.00001   29   28          -  186.00001      -   796  914s
 71921  8704  186.00001   25   28          -  186.00001      -   800  923s
 74653  8875 infeasible   31               -  186.00001      -   801  933s
 77162  9118 infeasible   35               -  186.00001      -   804  943s
 80254  9414  186.00001   25   21          -  186.00001      -   804  957s
 83385  9584  186.00001   26   31          -  186.00001      -   805  969s
 85377  9765  186.00000   37   26          -  186.00001      -   809  980s
 88784  9845  186.00001   34   19          -  186.00001      -   811  994s
 92156 10202 infeasible   40               -  186.00001      -   816 1007s
 95691 10249 infeasible   35               -  186.00001      -   817 1021s
 98792 10529  186.00001   34   21          -  186.00001      -   821 1034s
 102263 10536 infeasible   26               -  186.00001      -   822 1090s
 102494 10772  186.00001   29   25          -  186.00001      -   823 1105s
 106369 10799  186.00001   19   28          -  186.00001      -   823 1119s
 109336 11202  185.88235   32   18          -  186.00001      -   828 1133s
 112966 11448  186.00001   38   13          -  186.00001      -   828 1146s
 116342 11508  186.00001   34   18          -  186.00001      -   830 1159s
 119376 11808 infeasible   40               -  186.00001      -   833 1174s
 123183 11942 infeasible   36               -  186.00001      -   834 1185s
 126071 12192  186.00001   28   27          -  186.00001      -   837 1197s
 129529 12327 infeasible   37               -  186.00001      -   838 1211s
 132374 12739 infeasible   36               -  186.00001      -   841 1224s
 135759 12991  186.00001   24   16          -  186.00001      -   842 1236s
 139371 13099 infeasible   32               -  186.00001      -   842 1247s
 142329 13316  186.00001   31   13          -  186.00001      -   844 1259s
 145840 13281 infeasible   30               -  186.00001      -   844 1273s
 148743 13503 infeasible   40               -  186.00001      -   847 1285s
 151051 13898  186.00001   19   21          -  186.00001      -   848 1299s
 154827 14030  186.00001   31   16          -  186.00001      -   849 1310s
 157683 14315 infeasible   32               -  186.00001      -   851 1322s
 161176 14543 infeasible   27               -  186.00001      -   851 1334s
 164653 14695 infeasible   29               -  186.00001      -   851 1345s
 167409 15053  186.00001   22   28          -  186.00001      -   853 1357s
 171239 15118  185.11429   39   21          -  186.00001      -   852 1369s
 174117 15476 infeasible   28               -  186.00001      -   854 1381s
 177458 15711  186.00001   37    8          -  186.00001      -   854 1393s
 181156 15772 infeasible   38               -  186.00001      -   853 1406s
 184439 16033  186.00001   30   19          -  186.00001      -   855 1420s
 188330 16266  186.00001   29   16          -  186.00001      -   855 1431s
 191949 16263  185.80001   29   24          -  186.00001      -   855 1443s
 194830 16445  186.00001   36   22          -  186.00001      -   856 1454s
 198583 16420  186.00001   27   14          -  186.00001      -   855 1465s
 201416 16693  185.35850   34   24          -  186.00001      -   856 1477s
 205025 16853  185.75611   39   31          -  186.00001      -   856 1488s
 208443 16891 infeasible   38               -  186.00001      -   855 1500s
 211323 17063  186.00001   34   12          -  186.00001      -   856 1511s
 215048 16660  185.70513   32   34          -  186.00001      -   856 1525s
 219164 16380 infeasible   45               -  186.00001      -   855 1535s
 223429 15975 infeasible   43               -  186.00001      -   852 1545s
 227518 15024 infeasible   38               -  186.00001      -   847 1555s
 231373 14141 infeasible   37               -  186.00001      -   843 1565s
 236510 13426 infeasible   32               -  185.78948      -   836 1573s
 240705 12315 infeasible   45               -  185.75001      -   830 1580s
 244152 11212 infeasible   28               -  185.66667      -   826 1588s
 248177  9848 infeasible   40               -  185.63830      -   820 1596s
 252161  8842 infeasible   27               -  185.50001      -   815 1603s
 254855  7677 infeasible   31               -  185.50001      -   812 1609s
 258988  6010 infeasible   32               -  185.50001      -   806 1618s
 262661  4243  185.28421   35   18          -  185.33334      -   801 1624s
 266941  2170 infeasible   38               -  185.25001      -   794 1630s
 270447   344  184.42857   35   20          -  185.00001      -   789 1635s

Cutting planes:
  Implied bound: 48
  Projected implied bound: 1
  MIR: 514
  Flow cover: 117
  Inf proof: 3
  RLT: 206
  Relax-and-lift: 4
  BQP: 85

Explored 274021 nodes (219041631 simplex iterations) in 1637.69 seconds (3080.30 work units)
Thread count was 32 (of 256 available processors)

Solution count 0
No other solutions better than -1e+100

Model is infeasible
Best objective -, best bound -, gap -
[INFO] Model became infeasible under the new cuts.
End of find_pareto_solution_more_c 1 |||||||||||||||||
[0.8988765278216937, 12.0]
Printing original list
[0.8988765278216937, 12.0]
[0.9887642322811139, 9.000005722046376]
Printing list after change
[0.8988765278216937, 12.0]
[0.9887642322811139, 9.000005722046376]
[0.9887642322811139, 9.000005722046376]
Printing original list
[0.8988765278216937, 12.0]
[0.9887642322811139, 9.000005722046376]
Printing list after change
[0.8988765278216937, 12.0]
[0.9887642322811139, 9.000005722046376]
App ending 3....................... c = 0.9831460674157303 , e = 11.0

 Total time taken: 6149.4208834171295 seconds