I AM STARTING --------------------
[]
NOW I AM GOING TO SOLVE THE MODEL FOR FIRST SOLUTION
Gurobi Optimizer version 12.0.3 build v12.0.3rc0 (linux64 - "Ubuntu 22.04.5 LTS")

CPU model: AMD EPYC 7742 64-Core Processor, instruction set [SSE2|AVX|AVX2]
Thread count: 128 physical cores, 256 logical processors, using up to 32 threads

Optimize a model with 192175 rows, 43764 columns and 594270 nonzeros
Model fingerprint: 0x37b2fedb
Variable types: 43566 continuous, 198 integer (0 binary)
Coefficient statistics:
  Matrix range     [1e+00, 3e+00]
  Objective range  [1e+00, 3e+00]
  Bounds range     [1e+00, 1e+00]
  RHS range        [1e+00, 1e+03]
Presolve removed 143124 rows and 30739 columns
Presolve time: 1.72s
Presolved: 49051 rows, 13025 columns, 165963 nonzeros
Variable types: 12778 continuous, 247 integer (247 binary)
Found heuristic solution: objective 54.0000000
Found heuristic solution: objective 65.0000000

Deterministic concurrent LP optimizer: primal and dual simplex (primal and dual model)
Showing primal log only...

Root relaxation presolved: 49051 rows, 13025 columns, 165963 nonzeros

Concurrent spin time: 0.00s

Solved with primal simplex

Root relaxation: objective 1.985000e+02, 20404 iterations, 2.62 seconds (1.73 work units)
Total elapsed time = 8.99s (DegenMoves)
Total elapsed time = 11.98s (DegenMoves)

    Nodes    |    Current Node    |     Objective Bounds      |     Work
 Expl Unexpl |  Obj  Depth IntInf | Incumbent    BestBd   Gap | It/Node Time

     0     0  198.50000    0   35   65.00000  198.50000   205%     -   12s
H    0     0                     134.0000000  198.50000  48.1%     -   12s
H    0     0                     145.0000000  198.50000  36.9%     -   12s
H    0     0                     147.0000000  198.50000  35.0%     -   13s
H    0     0                     148.0000000  198.50000  34.1%     -   13s
H    0     0                     158.0000000  198.06667  25.4%     -   13s
     0     0  196.50000    0   78  158.00000  196.50000  24.4%     -   22s
     0     0  196.50000    0   88  158.00000  196.50000  24.4%     -   24s
     0     0  196.42857    0  115  158.00000  196.42857  24.3%     -   29s
H    0     0                     164.0000000  196.42857  19.8%     -   29s
H    0     0                     166.0000000  196.42857  18.3%     -   29s
     0     0  196.42857    0  121  166.00000  196.42857  18.3%     -   30s
     0     0  196.42857    0  111  166.00000  196.42857  18.3%     -   33s
     0     0  196.40000    0  118  166.00000  196.40000  18.3%     -   34s
H    0     0                     170.0000000  196.40000  15.5%     -   60s
H    0     0                     170.5000000  196.40000  15.2%     -   60s
H    0     0                     172.0000000  196.40000  14.2%     -   60s
H    0     0                     176.0000000  196.40000  11.6%     -   60s
     0     0  196.40000    0   54  176.00000  196.40000  11.6%     -   60s
H    0     0                     178.0000000  196.40000  10.3%     -   60s
H    0     0                     182.0000000  196.40000  7.91%     -   62s
H    0     0                     186.0000000  196.40000  5.59%     -   62s
     0     0  196.40000    0   58  186.00000  196.40000  5.59%     -   62s
H    0     0                     187.5000000  196.40000  4.75%     -   83s
     0     0  196.40000    0   71  187.50000  196.40000  4.75%     -   83s
     0     0  196.40000    0   71  187.50000  196.40000  4.75%     -   84s
H    0     0                     191.0000000  196.40000  2.83%     -  103s
H    0     0                     192.0000000  196.40000  2.29%     -  103s
     0     0  196.40000    0   83  192.00000  196.40000  2.29%     -  116s
     0     0  196.40000    0   79  192.00000  196.40000  2.29%     -  121s
     0     0  196.40000    0   92  192.00000  196.40000  2.29%     -  138s
     0     0  196.40000    0   92  192.00000  196.40000  2.29%     -  153s
     0     2  196.40000    0   92  192.00000  196.40000  2.29%     -  189s
     3     8  196.33333    2   73  192.00000  196.33333  2.26%  6758  193s
     7    16  196.33333    3   67  192.00000  196.33333  2.26%  5418  196s
    15    32  196.33333    4   62  192.00000  196.33333  2.26%  3971  200s
    31    61  196.33333    5   62  192.00000  196.33333  2.26%  3440  209s
    62    93  196.33333    6   64  192.00000  196.33333  2.26%  4084  213s
    94   234  196.33333    7   64  192.00000  196.33333  2.26%  3174  216s
H  104   234                     192.0000004  196.33333  2.26%  2947  216s
H  333   354                     192.0000028  196.33333  2.26%  1803  231s
H  347   354                     192.0000112  196.33333  2.26%  1796  231s
   414   493  196.00000   12   59  192.00001  196.33333  2.26%  1680  237s
H  518   493                     192.5000000  196.33333  1.99%  1503  237s
   716   824  195.75000   17   41  192.50000  196.33333  1.99%  1345  241s
  1081  1073  195.50000   24   54  192.50000  196.33333  1.99%  1166  245s
  1576  1366  195.36957   31   50  192.50000  196.33333  1.99%  1014  257s
  1610  1394  195.36957   32   49  192.50000  196.33333  1.99%  1009  262s
  1686  1456  195.36957   34   46  192.50000  196.33333  1.99%  1003  265s
  1835  1593  195.00000   44   31  192.50000  196.33333  1.99%   977  270s
H 1861  1593                     193.0000000  196.33333  1.73%   973  270s
  2546  1923  195.33333   15   55  193.00000  196.33333  1.73%   890  278s
  2725  2101  195.33333   17   51  193.00000  196.33333  1.73%   888  281s
  3195  2373  195.29630   22   58  193.00000  196.33333  1.73%   854  287s
  3503  2596  194.33333   26   41  193.00000  196.33333  1.73%   852  291s
  3717  2597  195.33333   22   92  193.00000  196.33333  1.73%   841  365s
  3719  2598  196.33333   13   39  193.00000  196.33333  1.73%   841  396s
  3720  2599  195.33333   21   19  193.00000  196.20000  1.66%   841  419s
  3721  2600  196.00000   10   20  193.00000  196.09859  1.61%   840  420s
  3722  2600  196.00000   15   55  193.00000  196.00000  1.55%   840  461s
  3725  2602  194.00000   34   64  193.00000  196.00000  1.55%   840  477s
  3727  2604  194.00000   50   66  193.00000  196.00000  1.55%   839  491s
  3729  2605  195.83333   23   69  193.00000  196.00000  1.55%   839  510s
  3731  2606  193.50000   46   48  193.00000  196.00000  1.55%   838  535s
  3733  2608  194.00000   10   76  193.00000  196.00000  1.55%   838  553s
  3735  2609  195.00000   42   81  193.00000  196.00000  1.55%   837  571s
  3737  2610  194.72000   34   90  193.00000  196.00000  1.55%   837  585s
  3739  2612  196.00000    7   91  193.00000  196.00000  1.55%   836  602s
  3740  2612  195.33333   14   91  193.00000  196.00000  1.55%   836  614s
  3741  2613  195.00000   25   91  193.00000  196.00000  1.55%   836  634s
  3742  2617  196.00000   13   69  193.00000  196.00000  1.55%   913  659s
  3744  2620  196.00000   14   58  193.00000  196.00000  1.55%   915  664s
  3748  2627  196.00000   15   51  193.00000  196.00000  1.55%   917  670s
  3756  2640  196.00000   16   51  193.00000  196.00000  1.55%   921  675s
  3772  2667  196.00000   17   48  193.00000  196.00000  1.55%   929  684s
  3804  2688  196.00000   18   54  193.00000  196.00000  1.55%   943  687s
  3836  2707  196.00000   19   56  193.00000  196.00000  1.55%   953  696s
  3869  2727  196.00000   20   54  193.00000  196.00000  1.55%   963  702s
  3903  2748  196.00000   20   59  193.00000  196.00000  1.55%   971  706s
  3983  2790  196.00000   22   53  193.00000  196.00000  1.55%   987  713s
  4040  2796  196.00000   23   60  193.00000  196.00000  1.55%   996  716s
  4076  2808  196.00000   23   51  193.00000  196.00000  1.55%  1003  721s
  4113  2826  196.00000   24   48  193.00000  196.00000  1.55%  1009  725s
  4217  2846  196.00000   26   40  193.00000  196.00000  1.55%  1022  734s
  4260  2910  196.00000   26   54  193.00000  196.00000  1.55%  1030  742s
  4377  2953  196.00000   27   43  193.00000  196.00000  1.55%  1036  748s
  4514  3048  195.33333   27   50  193.00000  196.00000  1.55%  1043  753s
  4685  3243  196.00000   28   42  193.00000  196.00000  1.55%  1053  758s
  5014  3431  196.00000   30   41  193.00000  196.00000  1.55%  1050  763s
  5437  3598  196.00000   33   31  193.00000  196.00000  1.55%  1030  769s
  5979  3653  196.00000   36   24  193.00000  196.00000  1.55%  1004  774s
  6363  3821  195.96341   38   66  193.00000  196.00000  1.55%   998  779s
  6939  3798  195.66667   40   39  193.00000  196.00000  1.55%   988  784s
  7249  4001  195.66667   41   44  193.00000  196.00000  1.55%   976  789s
  7722  4164  195.66667   43   38  193.00000  196.00000  1.55%   956  795s
  8629  4394  195.66667   50   32  193.00000  196.00000  1.55%   941  805s
  9206  4512  194.00000   53   31  193.00000  196.00000  1.55%   932  810s
  9728  4614     cutoff   65       193.00000  196.00000  1.55%   925  815s
 10668  4829  193.66667   52   35  193.00000  196.00000  1.55%   926  821s
 11158  5034  195.66667   41   31  193.00000  196.00000  1.55%   924  826s
 11770  5189  195.83333   41   41  193.00000  196.00000  1.55%   915  831s
 12309  5471  195.76654   38   61  193.00000  196.00000  1.55%   910  836s
 12793  5782  193.88889   44   51  193.00000  196.00000  1.55%   908  841s
 13313  6133  194.27778   47   39  193.00000  196.00000  1.55%   906  845s
 13876  6160  194.77778   52   38  193.00000  196.00000  1.55%   902  852s
 13910  6181  194.60000   53   34  193.00000  196.00000  1.55%   902  856s
 13953  6229  194.25000   54   33  193.00000  196.00000  1.55%   902  860s
 14018  6297  194.25000   55   34  193.00000  196.00000  1.55%   902  865s
 14176  6403  195.00000   40   43  193.00000  196.00000  1.55%   902  870s
 14379  6556  195.00000   44   24  193.00000  196.00000  1.55%   903  875s
 14660  6580  195.50000   37   47  193.00000  196.00000  1.55%   901  880s
 14700  6612  195.50000   38   50  193.00000  196.00000  1.55%   902  888s
 14732  6644  195.50000   39   32  193.00000  196.00000  1.55%   902  894s
 14766  6759  195.50000   40   32  193.00000  196.00000  1.55%   902  899s
 14989  6918  194.78571   47   53  193.00000  196.00000  1.55%   900  904s
 15311  7111  194.50000   33   33  193.00000  196.00000  1.55%   899  910s
 15662  7405     cutoff   49       193.00000  196.00000  1.55%   903  917s
 16164  7687  196.00000   31   48  193.00000  196.00000  1.55%   905  923s
 16718  8092  196.00000   37   37  193.00000  196.00000  1.55%   907  929s
 17412  8538  194.50000   47   41  193.00000  196.00000  1.55%   907  937s
 18301  8976  194.00000   69   31  193.00000  196.00000  1.55%   900  944s
 18716  8976  193.42857   66   32  193.00000  196.00000  1.55%   898  945s
 19097  9417  195.00000   43   50  193.00000  196.00000  1.55%   899  952s
 19862  9915  195.00000   41   44  193.00000  196.00000  1.55%   904  960s
 20615  9963  194.08333   51   34  193.00000  196.00000  1.55%   909  971s
 20681 10082  193.62500   51   33  193.00000  196.00000  1.55%   910  991s
 20841 10213  194.00000   50   32  193.00000  196.00000  1.55%   910  999s
 21032 10420  194.00000   55   19  193.00000  196.00000  1.55%   910 1006s
 21334 10640  195.00000   47   19  193.00000  196.00000  1.55%   910 1013s
 21706 10926  195.50000   52   33  193.00000  196.00000  1.55%   911 1021s
 22206 11271  193.87179   50   36  193.00000  196.00000  1.55%   911 1030s
 22911 11579  195.00000   35   42  193.00000  196.00000  1.55%   912 1041s
 23498 11988  193.66667   33   37  193.00000  196.00000  1.55%   919 1050s
 24349 12658  196.00000   31   49  193.00000  196.00000  1.55%   922 1060s
 25492 13130  193.80000   63   40  193.00000  196.00000  1.55%   921 1072s
 26606 13607  195.83333   38   50  193.00000  196.00000  1.55%   926 1083s
 27621 14238  194.94444   35   53  193.00000  196.00000  1.55%   935 1094s
 28739 14936  194.00000   44   26  193.00000  196.00000  1.55%   943 1106s
 30338 15789  194.37500   36   41  193.00000  196.00000  1.55%   938 1120s
 32059 16367  195.00000   36   38  193.00000  196.00000  1.55%   937 1130s
 33138 17064  193.18182   53   27  193.00000  196.00000  1.55%   939 1141s
 34429 17645  195.45455   27   52  193.00000  196.00000  1.55%   939 1153s
 35595 18381  194.00000   43   35  193.00000  196.00000  1.55%   942 1164s
 36881 18974  194.00000   47   37  193.00000  196.00000  1.55%   945 1176s
 38089 19645  195.66667   33   57  193.00000  196.00000  1.55%   945 1190s
 39355 20562     cutoff   42       193.00000  196.00000  1.55%   951 1203s
 40897 21506  195.07273   42   45  193.00000  196.00000  1.55%   954 1218s
 42597 22440  194.86364   34   48  193.00000  196.00000  1.55%   953 1233s
 44238 23346  195.66667   32   48  193.00000  196.00000  1.55%   954 1248s
 46092 24335  193.65116   47   45  193.00000  196.00000  1.55%   952 1265s
 47901 24359  194.00000   42   42  193.00000  196.00000  1.55%   951 1284s
 47944 24389  193.96429   43   57  193.00000  196.00000  1.55%   951 1300s
 47978 24598  193.71429   44   57  193.00000  196.00000  1.55%   952 1318s
 48343 25227  193.28000   45   52  193.00000  196.00000  1.55%   952 1337s
 49506 26477     cutoff   46       193.00000  196.00000  1.55%   953 1356s
 51554 27851  193.93269   40   52  193.00000  196.00000  1.55%   953 1376s
 54037 28158  194.50000   39   30  193.00000  196.00000  1.55%   951 1396s
 54640 29283  194.50000   40   30  193.00000  196.00000  1.55%   950 1417s
 56506 30474  193.40882   29   60  193.00000  196.00000  1.55%   953 1439s
 58707 31729  195.00000   29   44  193.00000  196.00000  1.55%   956 1462s
 61184 31730  195.00000   35   92  193.00000  196.00000  1.55%   959 1958s
 61186 31731  194.40000   66   40  193.00000  196.00000  1.55%   959 1978s
 61187 31732  195.00000   45   60  193.00000  196.00000  1.55%   959 2017s
 61188 31733  193.25000   57   95  193.00000  196.00000  1.55%   959 2027s
 61189 31733  195.00000   28   58  193.00000  196.00000  1.55%   959 2075s
 61190 31734  195.25000   36   70  193.00000  196.00000  1.55%   959 2106s
 61191 31735  194.00000   52   89  193.00000  196.00000  1.55%   959 2155s
 61192 31735  195.00000   30   81  193.00000  196.00000  1.55%   959 2185s
 61193 31736  195.00000   30   91  193.00000  196.00000  1.55%   959 2228s
 61194 31737  195.14286   31   78  193.00000  196.00000  1.55%   959 2259s
 61195 31737  194.16667   53   97  193.00000  196.00000  1.55%   959 2300s
 61196 31738  195.37500   31   99  193.00000  196.00000  1.55%   959 2332s
 61197 31739  194.00000   55   93  193.00000  196.00000  1.55%   959 2383s
 61198 31739  195.00000   33   79  193.00000  196.00000  1.55%   959 2413s
 61199 31740  194.83333   40   79  193.00000  196.00000  1.55%   959 2457s
 61200 31741  194.50000   47   81  193.00000  196.00000  1.55%   959 2485s
 61201 31741  194.00000   34   86  193.00000  196.00000  1.55%   959 2533s
 61202 31742  195.00000   38   86  193.00000  196.00000  1.55%   959 2572s
 61203 31743  195.60000   35   86  193.00000  196.00000  1.55%   959 2594s
 61204 31746  196.00000   25   49  193.00000  196.00000  1.55%   963 2620s
 61206 31750  196.00000   26   46  193.00000  196.00000  1.55%   963 2627s
 61210 31756  196.00000   27   59  193.00000  196.00000  1.55%   963 2634s
 61218 31769  196.00000   28   58  193.00000  196.00000  1.55%   964 2642s
 61234 31792  196.00000   29   41  193.00000  196.00000  1.55%   964 2649s
H61261 30195                     193.0000003  196.00000  1.55%   965 2650s
 61297 30244  196.00000   31   50  193.00000  196.00000  1.55%   966 2664s
 61329 30257  196.00000   32   48  193.00000  196.00000  1.55%   966 2669s
 61362 30275  196.00000   32   48  193.00000  196.00000  1.55%   967 2674s
 61402 30289  196.00000   33   67  193.00000  196.00000  1.55%   968 2679s
 61434 30307  196.00000   33   49  193.00000  196.00000  1.55%   968 2684s
 61471 30318  196.00000   34   30  193.00000  196.00000  1.55%   969 2689s
 61508 30334  195.83333   34   63  193.00000  196.00000  1.55%   969 2693s
 61542 30349  196.00000   35   47  193.00000  196.00000  1.55%   969 2699s
 61580 30373  196.00000   35   30  193.00000  196.00000  1.55%   970 2704s
 61621 30384  196.00000   36   38  193.00000  196.00000  1.55%   970 2709s
 61656 30419  196.00000   36   39  193.00000  196.00000  1.55%   970 2717s
 61709 30552  196.00000   37   41  193.00000  196.00000  1.55%   970 2729s
 61907 30832  196.00000   37   40  193.00000  196.00000  1.55%   971 2741s
 62367 30738  195.95833   42   56  193.00000  196.00000  1.55%   973 2752s
 62484 31048  195.87500   46   36  193.00000  196.00000  1.55%   974 2768s
 63029 31333  193.33333   58   33  193.00000  196.00000  1.55%   975 2779s
 63770 31423  195.66667   49   49  193.00000  196.00000  1.55%   976 2787s
 64321 31572     cutoff   57       193.00000  196.00000  1.55%   978 2793s
 64871 31814     cutoff   62       193.00000  196.00000  1.55%   977 2801s
 65453 31957  195.00000   42   62  193.00000  196.00000  1.55%   977 2808s
 66019 32093  194.97619   45   60  193.00000  196.00000  1.55%   976 2814s
 66447 32218  193.50000   60   33  193.00000  196.00000  1.55%   977 2820s
 66833 32383  195.42553   46   55  193.00000  196.00000  1.55%   978 2827s
 67300 32552     cutoff   56       193.00000  196.00000  1.55%   978 2834s
 67740 32715  195.18182   67   47  193.00000  196.00000  1.55%   979 2842s
 68164 32910  195.57143   41   56  193.00000  196.00000  1.55%   979 2851s
 68639 33109  193.45455   47   42  193.00000  196.00000  1.55%   980 2858s
 69203 33264  193.92857   56   36  193.00000  196.00000  1.55%   980 2867s
 69763 33412  195.50000   43   31  193.00000  196.00000  1.55%   980 2873s
 70316 33446  194.75000   46   54  193.00000  196.00000  1.55%   981 2879s
 70753 33599  195.98077   44   70  193.00000  196.00000  1.55%   982 2888s
 71315 33799  195.50000   47   44  193.00000  196.00000  1.55%   983 2896s
 71921 33896  194.17391   68   39  193.00000  196.00000  1.55%   983 2904s
 72445 34097  194.94444   50   40  193.00000  196.00000  1.55%   985 2912s
 73064 34275  194.00000   60   28  193.00000  196.00000  1.55%   986 2923s
 73697 34350  193.98824   56   58  193.00000  196.00000  1.55%   987 2931s
 74202 34413  193.36364   63   28  193.00000  196.00000  1.55%   989 2941s
 74649 34620  196.00000   44   45  193.00000  196.00000  1.55%   991 2950s
 75257 34809  194.33333   58   34  193.00000  196.00000  1.55%   993 2959s
 75824 35067     cutoff   74       193.00000  196.00000  1.55%   994 2969s
 76519 35309  195.80000   45   49  193.00000  196.00000  1.55%   996 2980s
 77262 35565  194.33333   65   56  193.00000  196.00000  1.55%   998 2989s
 78095 35709  195.00000   52   37  193.00000  196.00000  1.55%   999 3002s
 78818 35967  195.00000   50   50  193.00000  196.00000  1.55%  1002 3014s
 79695 35702  195.00000   48   44  193.00000  196.00000  1.55%  1005 3025s
 79730 35712  195.00000   49   38  193.00000  196.00000  1.55%  1005 3036s
 79771 35771  194.66667   50   48  193.00000  196.00000  1.55%  1006 3050s
 79901 35930  194.50000   50   34  193.00000  196.00000  1.55%  1006 3061s
 80258 36096  194.50000   51   34  193.00000  196.00000  1.55%  1008 3074s
 80733 36290  194.00000   49   33  193.00000  196.00000  1.55%  1008 3086s
 81350 36557  193.70000   57   37  193.00000  196.00000  1.55%  1010 3098s
 82080 36918  195.00000   49   29  193.00000  196.00000  1.55%  1010 3113s
 82971 37208  196.00000   46   48  193.00000  196.00000  1.55%  1014 3125s
 83915 37490  195.00000   65   35  193.00000  196.00000  1.55%  1018 3138s
 85086 37372  195.83333   37   57  193.00000  196.00000  1.55%  1021 3152s
 85650 37642  193.54545   47   34  193.00000  196.00000  1.55%  1022 3167s
 86510 38027  194.50000   51   42  193.00000  196.00000  1.55%  1024 3182s
 87651 38296  195.61538   38   65  193.00000  196.00000  1.55%  1026 3197s
 88746 38650  194.75000   56   47  193.00000  196.00000  1.55%  1030 3213s
 89981 39059  195.00000   46   36  193.00000  196.00000  1.55%  1034 3230s
 91356 39608  195.00000   57   19  193.00000  196.00000  1.55%  1037 3249s
 92982 39892  193.10000   53   44  193.00000  196.00000  1.55%  1040 3268s
 94430 40121  195.00000   41   56  193.00000  196.00000  1.55%  1043 3285s
 95715 39781  195.00000   47   53  193.00000  196.00000  1.55%  1048 3302s
 95878 40028  195.00000   48   40  193.00000  196.00000  1.55%  1048 3320s
 96413 40478  195.00000   49   41  193.00000  196.00000  1.55%  1050 3344s
 97622 40857  195.00000   50   35  193.00000  196.00000  1.55%  1052 3365s
 99158 40408  196.00000   37   57  193.00000  196.00000  1.55%  1055 3390s
 99248 40769  196.00000   38   55  193.00000  196.00000  1.55%  1055 3416s
 99920 41162  193.71429   50   53  193.00000  196.00000  1.55%  1056 3442s
 101090 41903  195.83333   39   64  193.00000  196.00000  1.55%  1060 3469s
 103075 42422  195.00000   46   44  193.00000  196.00000  1.55%  1065 3497s
 105661 42581  194.20000   68   35  193.00000  196.00000  1.55%  1067 3524s
 107472 42153  196.00000   45   49  193.00000  196.00000  1.55%  1073 3552s
 107801 42930  194.25000   51   59  193.00000  196.00000  1.55%  1074 3583s
 109393 43784  194.00000   48   30  193.00000  196.00000  1.55%  1078 3615s
 111933 44701  195.82353   46   55  193.00000  196.00000  1.55%  1083 3647s
 114815 45286     cutoff   53       193.00000  196.00000  1.55%  1089 3677s
 117264 45979  195.50000   45   56  193.00000  196.00000  1.55%  1093 3708s
 120030 46568  194.00000   55   57  193.00000  196.00000  1.55%  1098 3740s
 122882 47685  194.00000   57   36  193.00000  196.00000  1.55%  1102 3779s
 126609 46471  195.00000   58   33  193.00000  196.00000  1.55%  1104 3809s
 126658 46803  195.00000   59   33  193.00000  196.00000  1.55%  1105 3845s
H127083 45154                     193.0000006  196.00000  1.55%  1105 3845s
 127309 46277  193.66667   64   32  193.00000  196.00000  1.55%  1106 3883s
 129209 46372  195.00000   45   56  193.00000  196.00000  1.55%  1107 3924s
 130433 48016  194.00000   63   31  193.00000  196.00000  1.55%  1108 3974s
 133996 49333  195.00000   48   44  193.00000  196.00000  1.55%  1111 4021s
 138409 50189  195.80000   40   53  193.00000  196.00000  1.55%  1116 4065s
 142513 51059  194.00000   55   42  193.00000  196.00000  1.55%  1119 4107s
 146322 51998  193.50000   56   38  193.00000  196.00000  1.55%  1121 4146s
 150149 51750  194.75000   45   47  193.00000  196.00000  1.55%  1125 4195s
 150181 51781  194.68182   46   46  193.00000  196.00000  1.55%  1125 4269s
 150213 51804  194.68182   47   39  193.00000  196.00000  1.55%  1125 4309s
 150253 51962  194.42857   48   29  193.00000  196.00000  1.55%  1125 4351s
 150545 52651  193.62238   49   53  193.00000  196.00000  1.55%  1125 4398s
 152083 55050  194.50000   65   37  193.00000  196.00000  1.55%  1125 4454s
 156453 55286  195.42857   42   54  193.00000  196.00000  1.55%  1125 4495s
 156907 57347  195.00000   46   29  193.00000  196.00000  1.55%  1125 4542s
 160703 59198  194.01250   53   56  193.00000  196.00000  1.55%  1128 4588s
 164017 60332  195.77778   48   55  193.00000  196.00000  1.55%  1130 4637s
 166047 62647  195.00000   47   55  193.00000  196.00000  1.55%  1130 4685s
 170439 64851  194.60000   51   47  193.00000  196.00000  1.55%  1133 4731s
 174386 67437  195.87500   42   49  193.00000  196.00000  1.55%  1136 4777s
 178963 67800  193.42857   62   29  193.00000  196.00000  1.55%  1138 4816s
 179940 69814  194.73684   48   64  193.00000  196.00000  1.55%  1138 4859s
 183600 72955  194.50000   50   41  193.00000  196.00000  1.55%  1138 4912s
 189092 74767  194.00000   51   31  193.00000  196.00000  1.55%  1139 4943s
 192190 76789  195.83333   44   59  193.00000  196.00000  1.55%  1140 4975s
 195666 78706     cutoff   53       193.00000  196.00000  1.55%  1141 5009s
 198976 80426  195.00000   52   35  193.00000  196.00000  1.55%  1141 5041s
 201877 80682  193.60000   49   45  193.00000  196.00000  1.55%  1143 5076s
 202305 82030     cutoff   50       193.00000  196.00000  1.55%  1143 5112s
 204782 84038  195.00000   55   49  193.00000  196.00000  1.55%  1145 5150s
 208360 85719  194.00000   57   44  193.00000  196.00000  1.55%  1146 5189s
 211543 87795  195.50000   53   37  193.00000  196.00000  1.55%  1147 5227s
 214758 90488  193.96000   56   52  193.00000  196.00000  1.55%  1151 5275s
 219509 90764  195.87500   40   68  193.00000  196.00000  1.55%  1153 5314s
 220011 91527  195.50000   41   46  193.00000  196.00000  1.55%  1153 5367s
H220561 82935                     193.5000000  196.00000  1.29%  1153 5367s
 221575 85614  195.00000   42   52  193.50000  196.00000  1.29%  1152 5416s
 226710 87906  195.57143   44   59  193.50000  196.00000  1.29%  1154 5454s
 231065 89725  195.80000   42   57  193.50000  195.98347  1.28%  1155 5491s
 234889 91514     cutoff   67       193.50000  195.96296  1.27%  1156 5526s
 238348 93309  195.73529   56   54  193.50000  195.95455  1.27%  1158 5561s
 241823 93768  194.00000   51   38  193.50000  195.94444  1.26%  1160 5597s
H241926 93768                     193.5000014  195.94444  1.26%  1160 5597s
 242715 95751  194.50000   48   40  193.50000  195.94444  1.26%  1161 5635s
 246776 98088  195.73333   42   54  193.50000  195.93750  1.26%  1162 5681s
 251602 99587  194.11538   62   49  193.50000  195.92857  1.26%  1163 5713s
 254909 101293  193.66667   55   35  193.50000  195.92308  1.25%  1164 5745s
 258311 102950  194.00000   46   31  193.50000  195.92105  1.25%  1165 5775s
 261362 104290  195.00000   50   40  193.50000  195.91667  1.25%  1167 5808s
 264245 105782     cutoff   59       193.50000  195.90625  1.24%  1167 5841s
 267426 107348  195.00000   47   49  193.50000  195.90000  1.24%  1168 5875s
 270976 108888  194.75000   52   54  193.50000  195.89655  1.24%  1169 5908s
 274194 110263  194.33333   52   36  193.50000  195.88889  1.23%  1170 5940s
 277893 111843  195.00000   55   36  193.50000  195.88000  1.23%  1170 5986s
 282098 113190  195.00000   48   36  193.50000  195.87500  1.23%  1172 6021s
 284787 115056  195.00000   46   56  193.50000  195.87500  1.23%  1175 6058s
 288687 116624  195.00000   44   51  193.50000  195.87500  1.23%  1176 6093s
 292093 118329  194.00000   68   46  193.50000  195.85714  1.22%  1178 6127s
 295547 119903  194.75000   44   43  193.50000  195.85714  1.22%  1179 6161s
 299375 121290  195.00000   48   56  193.50000  195.84787  1.21%  1179 6193s
 302899 122607  195.35294   50   47  193.50000  195.84615  1.21%  1181 6226s
 306245 124065  195.00000   42   44  193.50000  195.83333  1.21%  1182 6261s
 309660 125845     cutoff   53       193.50000  195.83333  1.21%  1182 6304s
 313793 127106  194.75000   62   58  193.50000  195.83333  1.21%  1184 6339s
 316634 128856     cutoff   46       193.50000  195.83333  1.21%  1185 6377s
 320421 130509  194.00000   57   30  193.50000  195.81818  1.20%  1186 6412s
 324166 132058  195.00000   47   46  193.50000  195.80811  1.19%  1186 6445s
 327485 133665  194.91667   54   63  193.50000  195.80000  1.19%  1187 6477s
 330904 135174  194.90909   48   60  193.50000  195.80000  1.19%  1188 6509s
 334080 136555  194.33333   58   59  193.50000  195.80000  1.19%  1189 6542s
 337010 138274  195.00000   49   38  193.50000  195.80000  1.19%  1191 6576s
 340208 140326  193.93053   52   59  193.50000  195.80000  1.19%  1192 6618s
 344717 141709  195.00000   49   44  193.50000  195.77778  1.18%  1192 6648s
 347865 142973  194.00000   46   43  193.50000  195.76923  1.17%  1193 6681s
 350903 144099     cutoff   64       193.50000  195.75000  1.16%  1194 6713s
 353750 145542  195.00000   52   39  193.50000  195.75000  1.16%  1195 6745s
 356929 146761  195.00000   45   46  193.50000  195.75000  1.16%  1196 6778s
 359944 148124     cutoff   52       193.50000  195.75000  1.16%  1196 6812s
 363094 149709  193.92857   64   39  193.50000  195.75000  1.16%  1197 6845s
 366318 151103  195.25000   45   42  193.50000  195.75000  1.16%  1199 6879s
 369318 152839  193.71429   58   31  193.50000  195.75000  1.16%  1199 6920s
 372871 154418  193.85714   51   38  193.50000  195.75000  1.16%  1200 6958s
 376129 156139  193.92857   58   40  193.50000  195.74854  1.16%  1201 6997s
 380019 157549  194.87500   50   52  193.50000  195.72727  1.15%  1202 7035s
 383337 159035  193.90000   52   43  193.50000  195.71429  1.14%  1203 7070s
 387037 160430  195.00000   48   39  193.50000  195.70000  1.14%  1203 7104s
 389840 160430  194.00000   50   47  193.50000  195.70000  1.14%  1204 7105s
 390618 161906  193.78571   57   42  193.50000  195.68935  1.13%  1204 7139s
 394094 163378  194.00000   55   34  193.50000  195.67068  1.12%  1205 7172s
 397558 164720  193.75000   55   45  193.50000  195.66667  1.12%  1205 7204s
 400507 166390  194.74286   50   50  193.50000  195.66667  1.12%  1205 7245s
 404540 167766  195.50000   47   51  193.50000  195.66667  1.12%  1206 7280s
 407777 169115  194.00000   54   42  193.50000  195.66667  1.12%  1207 7313s
 410814 170386  194.33333   55   42  193.50000  195.66667  1.12%  1207 7349s
 414326 171832     cutoff   88       193.50000  195.66667  1.12%  1207 7383s
 417446 173360     cutoff   48       193.50000  195.66667  1.12%  1208 7417s
 420744 174611     cutoff   59       193.50000  195.66667  1.12%  1209 7452s
 423656 176055  194.00000   53   35  193.50000  195.66667  1.12%  1211 7486s
 426845 177608     cutoff   56       193.50000  195.66667  1.12%  1211 7521s
 430053 179216  194.20000   50   49  193.50000  195.66667  1.12%  1212 7565s
 433692 180606     cutoff   53       193.50000  195.66667  1.12%  1213 7603s
 436459 182141  195.00000   47   52  193.50000  195.66667  1.12%  1214 7643s
 439666 183769  194.00000   41   38  193.50000  195.66667  1.12%  1215 7683s
 443196 185093  195.00000   47   43  193.50000  195.66667  1.12%  1216 7721s
 446300 186597  195.00000   40   47  193.50000  195.65702  1.11%  1216 7762s
 450246 188106     cutoff   60       193.50000  195.63636  1.10%  1217 7800s
 453869 189668  194.44444   55   43  193.50000  195.62500  1.10%  1217 7837s
 457475 191048     cutoff   64       193.50000  195.61290  1.09%  1217 7873s
 460738 192597  195.00000   55   40  193.50000  195.60203  1.09%  1218 7913s
 464760 194016  195.11111   45   56  193.50000  195.60000  1.09%  1219 7949s
 468515 195044  194.75556   49   53  193.50000  195.59459  1.08%  1218 7980s
 471268 196360  194.00000   59   30  193.50000  195.58333  1.08%  1219 8011s
 474518 197495  193.74194   47   61  193.50000  195.57143  1.07%  1219 8043s
 477771 198697     cutoff   55       193.50000  195.56250  1.07%  1220 8074s
 480993 199828     cutoff   65       193.50000  195.55556  1.06%  1220 8107s
 484567 200862     cutoff   62       193.50000  195.53125  1.05%  1220 8139s
 487927 201716  194.26316   51   42  193.50000  195.51852  1.04%  1220 8171s
 490329 203005  193.88889   50   37  193.50000  195.50000  1.03%  1220 8213s
 493390 204411  194.00000   56   43  193.50000  195.50000  1.03%  1222 8256s
 496962 205734  194.54545   51   37  193.50000  195.50000  1.03%  1222 8300s
 501003 207023  195.50000   49   31  193.50000  195.50000  1.03%  1223 8339s
 504953 208550  194.66667   61   39  193.50000  195.50000  1.03%  1223 8375s
 508588 209701  194.00000   64   26  193.50000  195.50000  1.03%  1223 8411s
 511843 210691     cutoff   58       193.50000  195.50000  1.03%  1223 8446s
 514192 212055  193.64286   53   35  193.50000  195.50000  1.03%  1223 8483s
 517929 213391  195.00000   54   46  193.50000  195.50000  1.03%  1224 8520s
 521448 215022  193.76471   64   48  193.50000  195.50000  1.03%  1224 8562s
 525537 216319  194.50000   57   43  193.50000  195.50000  1.03%  1224 8595s
 528536 217708  193.57143   52   51  193.50000  195.50000  1.03%  1224 8628s
 531818 218997  195.00000   39   50  193.50000  195.50000  1.03%  1224 8662s
 534969 220423  195.00000   52   53  193.50000  195.50000  1.03%  1225 8696s
 538230 221537  193.75000   65   39  193.50000  195.50000  1.03%  1225 8731s
 541569 222713     cutoff   62       193.50000  195.50000  1.03%  1225 8765s
 544470 223945  194.56667   47   57  193.50000  195.50000  1.03%  1226 8799s
 547927 225209  194.42857   51   39  193.50000  195.50000  1.03%  1226 8833s
 550977 226596  193.83333   54   27  193.50000  195.50000  1.03%  1226 8873s
 554511 228348  195.08710   55   52  193.50000  195.50000  1.03%  1227 8910s
 558182 229569  194.20000   59   48  193.50000  195.50000  1.03%  1227 8944s
 561514 231067  194.75000   49   37  193.50000  195.50000  1.03%  1227 8978s
 564934 232411  195.50000   48   63  193.50000  195.50000  1.03%  1227 9011s
 568226 233856  194.00000   58   37  193.50000  195.50000  1.03%  1228 9045s
 571230 235197     cutoff   56       193.50000  195.50000  1.03%  1228 9080s
 574137 236539  195.00000   52   36  193.50000  195.50000  1.03%  1229 9115s
 577386 237998     cutoff   56       193.50000  195.50000  1.03%  1229 9153s
 580608 239543     cutoff   62       193.50000  195.50000  1.03%  1229 9193s
 584074 240957  194.25000   61   41  193.50000  195.50000  1.03%  1230 9230s
 587477 242268 infeasible   69       193.50000  195.50000  1.03%  1230 9266s
 590716 243444  194.86801   56   53  193.50000  195.50000  1.03%  1231 9303s
 593322 244905  194.00000   53   29  193.50000  195.50000  1.03%  1231 9344s
 596828 246568  195.00000   49   58  193.50000  195.50000  1.03%  1232 9383s
 600307 248255  194.75000   51   52  193.50000  195.50000  1.03%  1232 9424s
 603741 249442  194.00000   57   30  193.50000  195.50000  1.03%  1233 9462s
 606797 250909  193.87500   63   51  193.50000  195.50000  1.03%  1233 9501s
 610055 252210  195.50000   44   48  193.50000  195.50000  1.03%  1234 9544s
 613457 253397  193.75000   49   40  193.50000  195.50000  1.03%  1235 9584s
 616342 255187     cutoff   73       193.50000  195.50000  1.03%  1236 9626s
 619993 256655  193.94118   55   56  193.50000  195.50000  1.03%  1236 9667s
 622951 258260  194.22222   66   38  193.50000  195.50000  1.03%  1238 9706s
 626566 259899  194.66667   43   60  193.50000  195.50000  1.03%  1238 9748s
 629836 261608  194.95128   65   32  193.50000  195.50000  1.03%  1240 9787s
 633389 263062  193.92000   60   45  193.50000  195.50000  1.03%  1240 9825s
 636731 264548  194.00000   62   34  193.50000  195.50000  1.03%  1241 9865s
 639898 265822  195.00000   41   44  193.50000  195.50000  1.03%  1241 9908s
H640063 265822                     193.5000024  195.50000  1.03%  1241 9908s
H640235 265822                     193.5000053  195.50000  1.03%  1241 9908s
 642724 265997  194.00000   42   54  193.50001  195.50000  1.03%  1242 9958s
H642967 265997                     193.5000058  195.50000  1.03%  1242 9958s
 643108 267592     cutoff   43       193.50001  195.50000  1.03%  1242 10018s
H644819 267592                     193.5000072  195.50000  1.03%  1242 10018s
H646600 268744                     193.5000110  195.50000  1.03%  1243 10075s
 649175 270187  195.00000   60   43  193.50001  195.50000  1.03%  1243 10134s
H651396 173187                     194.0000010  195.50000  0.77%  1243 10135s
 652173 174048     cutoff   58       194.00000  195.50000  0.77%  1243 10196s
 657304 174256  194.33333   62   40  194.00000  195.50000  0.77%  1244 10254s
H657307 174256                     194.0000014  195.50000  0.77%  1244 10254s
H657311 174256                     194.0000019  195.50000  0.77%  1244 10254s
H657390 174256                     194.0000029  195.50000  0.77%  1244 10254s
 657968 175486     cutoff   63       194.00000  195.50000  0.77%  1244 10314s
 661900 176331  194.50000   55   66  194.00000  195.50000  0.77%  1245 10370s
H663679 176331                     194.0000125  195.50000  0.77%  1246 10370s
 664482 177784  195.00000   57   45  194.00001  195.50000  0.77%  1246 10430s
 668887 178378  194.33333   64   24  194.00001  195.50000  0.77%  1247 10473s
H668976 178378                     194.0000144  195.50000  0.77%  1247 10473s
 670651 179735  194.50000   49   44  194.00001  195.50000  0.77%  1247 10542s
 674680 181263  195.00000   48   42  194.00001  195.50000  0.77%  1248 10605s
 679164 182489     cutoff   42       194.00001  195.50000  0.77%  1249 10662s
 683500 183613  195.50000   52   57  194.00001  195.50000  0.77%  1250 10714s
 687578 184714  195.00000   53   30  194.00001  195.50000  0.77%  1251 10762s
 691484 185933     cutoff   60       194.00001  195.50000  0.77%  1252 10809s
 695228 187168  194.94444   39   81  194.00001  195.50000  0.77%  1252 10855s
 698769 188318  195.00000   44   63  194.00001  195.50000  0.77%  1253 10897s
 702149 189424  194.48810   61   51  194.00001  195.50000  0.77%  1253 10938s
 705533 190678  194.40000   56   50  194.00001  195.50000  0.77%  1254 10978s
 708972 191592  194.93103   60   71  194.00001  195.50000  0.77%  1254 11018s
 712356 191631  194.97619   55   69  194.00001  195.50000  0.77%  1254 11057s
 712439 191905  194.90000   56   61  194.00001  195.50000  0.77%  1254 11095s
 713299 193143  195.33333   56   49  194.00001  195.50000  0.77%  1255 11139s
 716654 194165  195.00000   39   34  194.00001  195.50000  0.77%  1255 11183s
 720331 195232  195.00000   49   47  194.00001  195.50000  0.77%  1256 11228s
 723610 196209  195.50000   41   59  194.00001  195.50000  0.77%  1256 11274s
 726619 197361  195.00000   46   53  194.00001  195.50000  0.77%  1257 11318s
 729916 198236  194.66667   48   48  194.00001  195.50000  0.77%  1258 11359s
 732599 199192  195.00000   56   31  194.00001  195.50000  0.77%  1259 11409s
 736195 199966  195.00000   41   60  194.00001  195.50000  0.77%  1260 11455s
 739740 200576  194.50000   62   42  194.00001  195.50000  0.77%  1260 11501s
 743007 201216  195.25000   48   46  194.00001  195.46154  0.75%  1261 11547s
 746725 201916  194.66667   45   45  194.00001  195.44828  0.75%  1261 11593s
 749837 202595  195.00000   59   45  194.00001  195.44444  0.74%  1262 11637s
 753233 202926  195.00000   47   49  194.00001  195.43335  0.74%  1263 11684s
 755359 203548  194.96000   52   66  194.00001  195.42857  0.74%  1263 11732s
 759001 204139  195.00000   40   51  194.00001  195.42308  0.73%  1264 11775s
 762354 204639  194.18056   57   55  194.00001  195.41176  0.73%  1264 11816s
 765506 205225  195.00000   45   65  194.00001  195.40000  0.72%  1265 11857s
 768368 205934  195.00000   46   56  194.00001  195.40000  0.72%  1266 11901s
 771440 206520  194.50000   61   42  194.00001  195.40000  0.72%  1266 11948s
 774839 207049  194.57143   63   39  194.00001  195.38462  0.71%  1267 11990s
 778030 207659 infeasible   53       194.00001  195.37500  0.71%  1267 12035s
 781095 208357  194.33333   58   45  194.00001  195.37500  0.71%  1268 12078s
 784395 209078  194.50000   55   36  194.00001  195.36842  0.71%  1269 12121s
 787983 209351  194.22222   61   49  194.00001  195.36364  0.70%  1269 12166s
 790720 209660  194.20000   59   31  194.00001  195.35000  0.70%  1270 12218s
 794264 210068     cutoff   54       194.00001  195.33333  0.69%  1271 12266s
 797554 210583  195.00000   53   52  194.00001  195.33333  0.69%  1272 12312s
 800851 211244  194.91667   59   52  194.00001  195.33333  0.69%  1272 12362s
 804546 211888  195.00000   49   61  194.00001  195.33333  0.69%  1272 12413s
 807450 212517  194.70000   51   39  194.00001  195.33333  0.69%  1273 12462s
 810853 213153  194.25000   57   39  194.00001  195.33333  0.69%  1273 12514s
 814064 213710  195.00000   52   49  194.00001  195.33333  0.69%  1274 12564s
 817108 214411  194.02830   73   38  194.00001  195.33333  0.69%  1275 12616s
 820062 215218  195.00000   54   59  194.00001  195.33333  0.69%  1276 12665s
 823253 215957  194.83333   41   67  194.00001  195.33333  0.69%  1276 12715s
 826645 216585     cutoff   59       194.00001  195.33333  0.69%  1277 12764s
 829820 217256  195.00000   43   50  194.00001  195.33333  0.69%  1277 12814s
 833585 217456  194.55000   60   51  194.00001  195.33333  0.69%  1278 12861s
 835767 217987  194.91304   56   70  194.00001  195.31250  0.68%  1279 12911s
 839598 218440  194.33333   54   43  194.00001  195.30000  0.67%  1279 12958s
 843386 219003  194.40000   48   49  194.00001  195.28571  0.66%  1279 13006s
 846353 219313  194.93023   56   62  194.00001  195.28571  0.66%  1280 13049s
 849140 219718     cutoff   67       194.00001  195.27778  0.66%  1281 13097s
 852802 220408     cutoff   55       194.00001  195.26316  0.65%  1281 13142s
 856489 221256  195.00000   57   48  194.00001  195.25000  0.64%  1281 13185s
 859752 222150  194.87500   58   40  194.00001  195.25000  0.64%  1281 13231s
 862918 223003     cutoff   64       194.00001  195.25000  0.64%  1282 13275s
 866244 223813  195.00000   61   46  194.00001  195.25000  0.64%  1282 13320s
 869572 224574     cutoff   53       194.00001  195.25000  0.64%  1282 13367s
 872650 225421     cutoff   73       194.00001  195.25000  0.64%  1283 13414s
 875784 225949  195.00000   44   56  194.00001  195.25000  0.64%  1283 13463s
 878427 226833  195.25000   53   54  194.00001  195.25000  0.64%  1284 13516s
 882087 227452  194.70000   51   43  194.00001  195.25000  0.64%  1284 13569s
 885498 227918  195.00000   51   47  194.00001  195.25000  0.64%  1285 13621s
 888707 228321     cutoff   52       194.00001  195.24289  0.64%  1286 13672s
 892431 228734  194.60000   63   43  194.00001  195.22727  0.63%  1286 13722s
 896279 229459  195.12500   40   57  194.00001  195.21667  0.63%  1287 13767s
 899481 229968     cutoff   64       194.00001  195.20833  0.62%  1287 13815s
 903251 230423  194.52326   48   67  194.00001  195.20000  0.62%  1287 13860s
 906171 230730     cutoff   47       194.00001  195.20000  0.62%  1287 13902s
 909020 231091  194.62500   53   59  194.00001  195.20000  0.62%  1288 13949s
 912990 231265     cutoff   60       194.00001  195.18000  0.61%  1288 13993s
 916253 231668  194.80000   57   59  194.00001  195.16667  0.60%  1288 14038s
 919487 232101  194.50000   46   48  194.00001  195.16667  0.60%  1288 14086s
 922551 232488  194.59259   47   61  194.00001  195.16667  0.60%  1289 14133s
 925727 232918     cutoff   51       194.00001  195.16137  0.60%  1289 14179s
 928982 233116     cutoff   47       194.00001  195.14286  0.59%  1290 14228s
 931237 233388  194.63636   56   51  194.00001  195.13709  0.59%  1290 14279s
 934805 233768  194.87273   45   64  194.00001  195.12500  0.58%  1291 14328s
 937897 234070  194.75258   68   57  194.00001  195.11765  0.58%  1291 14371s
 940964 234379  195.00000   46   44  194.00001  195.10714  0.57%  1292 14418s
 944196 234679     cutoff   49       194.00001  195.09493  0.56%  1292 14465s
 947713 234954     cutoff   56       194.00001  195.08333  0.56%  1292 14510s
 950908 235310  194.50000   52   25  194.00001  195.06061  0.55%  1293 14554s
 954434 235394     cutoff   59       194.00001  195.04167  0.54%  1293 14604s
 957491 235580  195.00000   43   25  194.00001  195.00356  0.52%  1293 14650s
 960587 235733     cutoff   62       194.00001  195.00000  0.52%  1294 14701s
 963619 235863  194.50000   63   29  194.00001  195.00000  0.52%  1294 14750s
 966719 236017     cutoff   52       194.00001  195.00000  0.52%  1295 14802s
 969822 236147  194.71154   55   57  194.00001  195.00000  0.52%  1295 14845s
 972421 236354  194.97826   52   63  194.00001  195.00000  0.52%  1296 14903s
 975866 236660  194.17143   73   35  194.00001  195.00000  0.52%  1297 14961s
 979362 236990     cutoff   57       194.00001  195.00000  0.52%  1298 15017s
 983039 237147     cutoff   57       194.00001  195.00000  0.52%  1298 15070s
 985448 237439  194.82609   55   62  194.00001  195.00000  0.52%  1299 15136s
 989220 237760  195.00000   46   38  194.00001  195.00000  0.52%  1300 15195s
 992549 237984     cutoff   58       194.00001  195.00000  0.52%  1301 15253s
 996142 238223  195.00000   51   32  194.00001  195.00000  0.52%  1301 15315s
 999702 238431     cutoff   55       194.00001  195.00000  0.52%  1302 15360s
 1002285 238717     cutoff   51       194.00001  195.00000  0.52%  1303 15419s
 1005635 238989  195.00000   57   40  194.00001  195.00000  0.52%  1303 15479s
 1009324 239216     cutoff   55       194.00001  195.00000  0.52%  1304 15535s
 1012724 239464  194.43750   55   44  194.00001  195.00000  0.52%  1305 15595s
 1016199 239737  194.25974   75   37  194.00001  195.00000  0.52%  1306 15650s
 1019864 240041  194.50000   48   41  194.00001  195.00000  0.52%  1306 15709s
 1023030 240361  194.99107   51   75  194.00001  195.00000  0.52%  1307 15766s
 1026477 240560  194.93333   51   48  194.00001  195.00000  0.52%  1307 15821s
 1029936 240771  194.44444   47   46  194.00001  195.00000  0.52%  1308 15868s
 1032653 241166  194.50000   54   51  194.00001  195.00000  0.52%  1308 15928s
 1036060 241262  194.75000   54   56  194.00001  195.00000  0.52%  1309 15988s
 1038121 241498  194.60000   41   42  194.00001  195.00000  0.52%  1310 16056s
 1041971 241743  195.00000   44   54  194.00001  195.00000  0.52%  1311 16114s
 1045687 242024  194.33333   47   47  194.00001  195.00000  0.52%  1311 16180s
 1049278 242214     cutoff   55       194.00001  195.00000  0.52%  1312 16236s
 1052664 242535  195.00000   50   46  194.00001  195.00000  0.52%  1313 16293s
 1056155 242736  194.71875   64   34  194.00001  195.00000  0.52%  1313 16353s
 1059407 242934     cutoff   52       194.00001  195.00000  0.52%  1314 16405s
 1061922 243241  194.33333   63   40  194.00001  195.00000  0.52%  1315 16464s
 1064392 243241  194.30000   56   36  194.00001  195.00000  0.52%  1315 16465s
 1065568 243549  194.62069   50   37  194.00001  195.00000  0.52%  1315 16525s
 1068802 243858  194.93741   52   53  194.00001  195.00000  0.52%  1316 16583s
 1072290 244109  194.50000   53   27  194.00001  195.00000  0.52%  1317 16643s
 1075520 244351  194.50000   54   48  194.00001  195.00000  0.52%  1318 16703s
 1078877 244632     cutoff   59       194.00001  195.00000  0.52%  1319 16763s
 1082340 244807     cutoff   67       194.00001  195.00000  0.52%  1319 16824s
 1085773 245088     cutoff   57       194.00001  195.00000  0.52%  1320 16888s
 1089278 245302  194.92857   50   43  194.00001  195.00000  0.52%  1321 16936s
 1091881 245572  194.22222   61   36  194.00001  195.00000  0.52%  1321 17000s
 1095071 245906  194.16667   45   35  194.00001  195.00000  0.52%  1322 17062s
 1098584 246238  194.66667   51   30  194.00001  195.00000  0.52%  1323 17121s
 1102233 246325  195.00000   54   40  194.00001  195.00000  0.52%  1323 17188s
 1104459 246710     cutoff   63       194.00001  195.00000  0.52%  1324 17250s
 1108300 246925  194.39583   56   44  194.00001  195.00000  0.52%  1325 17314s
 1111781 247251  195.00000   50   37  194.00001  195.00000  0.52%  1326 17384s
 1115204 247633  194.38182   59   56  194.00001  195.00000  0.52%  1326 17447s
 1118652 247899  194.50000   55   58  194.00001  195.00000  0.52%  1327 17495s
 1121288 248172  194.45455   61   52  194.00001  195.00000  0.52%  1327 17552s
 1124457 248375  194.50000   68   29  194.00001  195.00000  0.52%  1328 17611s
 1127760 248605  194.57753   45   61  194.00001  195.00000  0.52%  1329 17674s
 1131255 248907  194.54545   52   35  194.00001  195.00000  0.52%  1329 17735s
 1134389 249233  195.00000   46   41  194.00001  195.00000  0.52%  1330 17796s
 1137777 249568  195.00000   46   41  194.00001  195.00000  0.52%  1331 17862s
 1141364 249872  195.00000   47   49  194.00001  195.00000  0.52%  1332 17930s
 1144646 250181  195.00000   49   57  194.00001  195.00000  0.52%  1332 17996s
 1147786 250485  194.90909   51   59  194.00001  195.00000  0.52%  1333 18042s
 1150522 250879  194.66667   48   39  194.00001  195.00000  0.52%  1334 18101s
 1153513 251097     cutoff   49       194.00001  195.00000  0.52%  1334 18165s
 1156437 251465  194.50000   61   34  194.00001  195.00000  0.52%  1335 18228s
 1159763 251739  194.49383   46   55  194.00001  195.00000  0.52%  1336 18290s
 1163280 252052  195.00000   51   29  194.00001  195.00000  0.52%  1336 18353s
 1166501 252203  194.66667   51   45  194.00001  195.00000  0.52%  1337 18418s
 1168819 252547  194.50000   57   20  194.00001  195.00000  0.52%  1338 18490s
 1172718 252947 infeasible   63       194.00001  195.00000  0.52%  1339 18562s
 1176573 253200  194.50000   56   39  194.00001  195.00000  0.52%  1339 18630s
 1179871 253330  194.71429   58   40  194.00001  195.00000  0.52%  1340 18681s
 1182285 253482  194.86667   49   60  194.00001  195.00000  0.52%  1341 18745s
 1185846 253715  194.22449   48   42  194.00001  195.00000  0.52%  1341 18804s
 1188953 254020  194.05000   62   35  194.00001  195.00000  0.52%  1342 18866s
 1192456 254218  194.98148   47   53  194.00001  195.00000  0.52%  1343 18935s
 1195909 254374  194.43182   64   56  194.00001  195.00000  0.52%  1344 19001s
 1199728 254637     cutoff   50       194.00001  195.00000  0.52%  1344 19061s
 1203288 254900  194.77394   54   50  194.00001  195.00000  0.52%  1345 19120s
 1206503 255177  194.33333   49   44  194.00001  195.00000  0.52%  1345 19181s
 1209870 255368  194.88889   54   51  194.00001  195.00000  0.52%  1346 19232s
 1212502 255689  195.00000   51   47  194.00001  195.00000  0.52%  1346 19301s
 1216081 255948  194.33333   58   26  194.00001  195.00000  0.52%  1347 19363s
 1219447 256358  194.50000   62   30  194.00001  195.00000  0.52%  1348 19435s
 1222788 256633  194.90000   59   42  194.00001  195.00000  0.52%  1348 19497s
 1226316 257033  194.40000   48   42  194.00001  195.00000  0.52%  1349 19560s
 1229541 257408  194.80000   49   56  194.00001  195.00000  0.52%  1349 19622s
 1233139 257726     cutoff   57       194.00001  195.00000  0.52%  1350 19683s
 1236463 258115  194.90000   50   63  194.00001  195.00000  0.52%  1351 19749s
 1239708 258340  194.80000   66   34  194.00001  195.00000  0.52%  1351 19801s
 1242207 258565     cutoff   57       194.00001  195.00000  0.52%  1352 19865s
 1245574 258773     cutoff   48       194.00001  195.00000  0.52%  1352 19929s
 1248599 259161  194.50000   57   38  194.00001  195.00000  0.52%  1353 19996s
 1252120 259567     cutoff   73       194.00001  195.00000  0.52%  1353 20066s
 1255587 259916  195.00000   50   33  194.00001  195.00000  0.52%  1354 20129s
 1259015 260408  194.25000   63   39  194.00001  195.00000  0.52%  1355 20193s
 1262582 260753  194.20000   59   35  194.00001  195.00000  0.52%  1355 20264s
 1266109 261162     cutoff   49       194.00001  195.00000  0.52%  1356 20327s
 1269523 261480  195.00000   45   46  194.00001  195.00000  0.52%  1356 20375s
 1272015 261796  194.75000   48   36  194.00001  195.00000  0.52%  1357 20441s
 1275296 262320  194.73077   53   47  194.00001  195.00000  0.52%  1358 20509s
 1278849 262646  194.73913   49   59  194.00001  195.00000  0.52%  1358 20575s
 1282029 262960     cutoff   47       194.00001  195.00000  0.52%  1359 20642s
 1285357 263249  194.79558   47   59  194.00001  195.00000  0.52%  1360 20709s
 1288922 263649     cutoff   64       194.00001  195.00000  0.52%  1360 20776s
 1292206 263840     cutoff   58       194.00001  195.00000  0.52%  1361 20845s
 1294631 264349     cutoff   64       194.00001  195.00000  0.52%  1362 20922s
 1298422 264685  194.92308   48   71  194.00001  195.00000  0.52%  1362 20972s
 1301062 265021  194.98298   48   64  194.00001  195.00000  0.52%  1363 21034s
 1304105 265322  194.80986   51   39  194.00001  195.00000  0.52%  1363 21106s
 1307446 265709  195.00000   46   44  194.00001  195.00000  0.52%  1364 21172s
 1310843 266012  194.80000   45   50  194.00001  195.00000  0.52%  1365 21238s
 1314238 266404     cutoff   48       194.00001  195.00000  0.52%  1365 21304s
 1317712 266779  194.50000   53   41  194.00001  195.00000  0.52%  1366 21379s
 1321087 267118  195.00000   57   31  194.00001  195.00000  0.52%  1367 21457s
 1324425 267435  194.75000   48   45  194.00001  195.00000  0.52%  1367 21528s
 1327961 267710  195.00000   49   39  194.00001  195.00000  0.52%  1368 21581s
 1330116 268091     cutoff   45       194.00001  195.00000  0.52%  1369 21690s
 1334096 268431  194.61111   52   42  194.00001  195.00000  0.52%  1369 21812s
 1337763 268693  194.66667   53   55  194.00001  195.00000  0.52%  1370 21918s
 1341281 268904  194.03846   59   39  194.00001  195.00000  0.52%  1370 21992s
 1344839 269056     cutoff   46       194.00001  195.00000  0.52%  1371 22048s

Cutting planes:
  Gomory: 9
  Cover: 27
  Implied bound: 72
  Projected implied bound: 1
  MIR: 10813
  Mixing: 1
  Flow cover: 3444
  Inf proof: 180
  Zero half: 1
  RLT: 1151
  Relax-and-lift: 54
  BQP: 2201
  PSD: 3

Explored 1347576 nodes (1848351203 simplex iterations) in 22048.73 seconds (46854.28 work units)
Thread count was 32 (of 256 available processors)

Solution count 10: 194 194 194 ... 192

Solve interrupted
Best objective 1.940000143506e+02, best bound 1.950000000000e+02, gap 0.5155%
[]
