NOW I AM GOING TO SOLVE THE MODEL FOR FIRST SOLUTION
Set parameter Username
Set parameter LicenseID to value 2716274
Academic license - for non-commercial use only - expires 2026-09-30
Set parameter IntFeasTol to value 1e-09
Gurobi Optimizer version 12.0.3 build v12.0.3rc0 (linux64 - "Ubuntu 22.04.5 LTS")

CPU model: AMD EPYC 7742 64-Core Processor, instruction set [SSE2|AVX|AVX2]
Thread count: 128 physical cores, 256 logical processors, using up to 32 threads

Non-default parameters:
IntFeasTol  1e-09

Optimize a model with 106711 rows, 25034 columns and 327014 nonzeros
Model fingerprint: 0x1e3f09ec
Variable types: 24989 continuous, 45 integer (0 binary)
Coefficient statistics:
  Matrix range     [1e+00, 3e+00]
  Objective range  [1e+00, 3e+00]
  Bounds range     [1e+00, 1e+00]
  RHS range        [1e+00, 1e+03]
Presolve removed 83052 rows and 18530 columns
Presolve time: 0.80s
Presolved: 23659 rows, 6504 columns, 84212 nonzeros
Variable types: 6339 continuous, 165 integer (165 binary)
Found heuristic solution: objective 53.0000000
Found heuristic solution: objective 189.0000000

Root relaxation: objective 1.915000e+02, 7272 iterations, 0.76 seconds (0.83 work units)

    Nodes    |    Current Node    |     Objective Bounds      |     Work
 Expl Unexpl |  Obj  Depth IntInf | Incumbent    BestBd   Gap | It/Node Time

     0     0  191.50000    0    8  189.00000  191.50000  1.32%     -    2s
H    0     0                     190.1000000  191.37500  0.67%     -    3s
     0     0  191.37500    0   75  190.10000  191.37500  0.67%     -    3s
     0     0  191.25000    0   76  190.10000  191.25000  0.60%     -    4s
     0     0  191.22222    0   71  190.10000  191.22222  0.59%     -    5s
     0     0  191.00000    0  113  190.10000  191.00000  0.47%     -    7s
H    0     0                     191.0000000  191.00000  0.00%     -    7s

Cutting planes:
  Gomory: 8
  MIR: 61
  Flow cover: 110
  Zero half: 2
  RLT: 31
  Relax-and-lift: 5
  BQP: 22

Explored 1 nodes (16772 simplex iterations) in 7.25 seconds (5.98 work units)
Thread count was 32 (of 256 available processors)

Solution count 4: 191 190.1 189 53 

Optimal solution found (tolerance 1.00e-04)
Best objective 1.910000000000e+02, best bound 1.910000000000e+02, gap 0.0000%
Objective value: 191.0
lam[0,0] = 0
lam[0,1] = 0
lam[0,2] = 0
lam[0,3] = 0
lam[0,4] = 0
lam[0,5] = 1
lam[0,6] = 0
lam[0,7] = 0
lam[0,8] = 0
lam[1,0] = 0
lam[1,1] = 0
lam[1,2] = 1
lam[1,3] = 0
lam[1,4] = 0
lam[1,5] = 0
lam[1,6] = 0
lam[1,7] = 0
lam[1,8] = 0
lam[2,0] = 0
lam[2,1] = 0
lam[2,2] = 0.5
lam[2,3] = 0
lam[2,4] = 0
lam[2,5] = 0.5
lam[2,6] = 0
lam[2,7] = 0
lam[2,8] = 0
lam[3,0] = 0
lam[3,1] = 0
lam[3,2] = 0.5
lam[3,3] = 0
lam[3,4] = 0
lam[3,5] = 0.5
lam[3,6] = 0
lam[3,7] = 0
lam[3,8] = 0
tau[0,0,1] = 1
tau[0,0,2] = 0
tau[0,0,3] = 0
tau[0,0,L0] = 0
tau[0,0,L1] = 0
tau[0,0,L2] = 0
tau[0,1,1] = 1
tau[0,1,2] = 0
tau[0,1,3] = 0
tau[0,1,L0] = 0
tau[0,1,L1] = 0
tau[0,1,L2] = 0
tau[0,2,1] = 1
tau[0,2,2] = 0
tau[0,2,3] = 0
tau[0,2,L0] = 0
tau[0,2,L1] = 0
tau[0,2,L2] = 0
tau[0,3,1] = 1
tau[0,3,2] = 0
tau[0,3,3] = 0
tau[0,3,L0] = 0
tau[0,3,L1] = 0
tau[0,3,L2] = 0
tau[0,4,1] = 0
tau[0,4,2] = 0
tau[0,4,3] = 0
tau[0,4,L0] = 0
tau[0,4,L1] = 0
tau[0,4,L2] = 0
tau[0,5,1] = 0
tau[0,5,2] = 0
tau[0,5,3] = 0
tau[0,5,L0] = 0
tau[0,5,L1] = 0
tau[0,5,L2] = 0
tau[1,0,2] = 0.5
tau[1,0,3] = 0.5
tau[1,0,L0] = 0
tau[1,0,L1] = 0
tau[1,0,L2] = 0
tau[1,1,2] = 0.5
tau[1,1,3] = 0.5
tau[1,1,L0] = 0
tau[1,1,L1] = 0
tau[1,1,L2] = 0
tau[1,2,2] = 0
tau[1,2,3] = 0
tau[1,2,L0] = 0
tau[1,2,L1] = 1
tau[1,2,L2] = 0
tau[1,3,2] = 0.5
tau[1,3,3] = 0.5
tau[1,3,L0] = 0
tau[1,3,L1] = 0
tau[1,3,L2] = 0
tau[1,4,2] = 0.5
tau[1,4,3] = 0.5
tau[1,4,L0] = 0
tau[1,4,L1] = 0
tau[1,4,L2] = 0
tau[1,5,2] = 0.5
tau[1,5,3] = 0.5
tau[1,5,L0] = 0
tau[1,5,L1] = 0
tau[1,5,L2] = 0
tau[2,0,3] = 0
tau[2,0,L0] = 0
tau[2,0,L1] = 0.5
tau[2,0,L2] = 0.5
tau[2,1,3] = 0.5
tau[2,1,L0] = 0
tau[2,1,L1] = 0
tau[2,1,L2] = 0.5
tau[2,2,3] = 1
tau[2,2,L0] = 0
tau[2,2,L1] = 0
tau[2,2,L2] = 0
tau[2,3,3] = 0
tau[2,3,L0] = 1
tau[2,3,L1] = 0
tau[2,3,L2] = 0
tau[2,4,3] = 0
tau[2,4,L0] = 0.5
tau[2,4,L1] = 0
tau[2,4,L2] = 0
tau[2,5,3] = 0.5
tau[2,5,L0] = 0
tau[2,5,L1] = 0
tau[2,5,L2] = 0
tau[3,0,L0] = 0
tau[3,0,L1] = 1
tau[3,0,L2] = 0.5
tau[3,1,L0] = 0
tau[3,1,L1] = 0.5
tau[3,1,L2] = 0.5
tau[3,2,L0] = 0.5
tau[3,2,L1] = 0.5
tau[3,2,L2] = 0
tau[3,3,L0] = 0.5
tau[3,3,L1] = 0.5
tau[3,3,L2] = 0
tau[3,4,L0] = 0.5
tau[3,4,L1] = 0
tau[3,4,L2] = 0
tau[3,5,L0] = 0.5
tau[3,5,L1] = 0
tau[3,5,L2] = 0
m[0,0] = 1
m[0,1] = 1
m[0,2] = 1
m[0,3] = 1
m[0,4] = 1
m[0,5] = 1
m[0,6] = 1
m[0,7] = 1
m[0,8] = 1
m[0,9] = 1
m[0,10] = 1
m[0,11] = 1
m[0,12] = 1
m[0,13] = 1
m[0,14] = 1
m[0,15] = 1
m[0,16] = 1
m[0,17] = 1
m[0,18] = 1
m[0,19] = 1
m[0,20] = 1
m[0,21] = 1
m[0,22] = 1
m[0,23] = 1
m[0,24] = 1
m[0,25] = 1
m[0,26] = 1
m[0,27] = 1
m[0,28] = 1
m[0,29] = 1
m[0,30] = 1
m[0,31] = 1
m[0,32] = 1
m[0,33] = 1
m[0,34] = 1
m[0,35] = 1
m[0,36] = 1
m[0,37] = 1
m[0,38] = 1
m[0,39] = 1
m[0,40] = 1
m[0,41] = 1
m[0,42] = 1
m[0,43] = 1
m[0,44] = 1
m[0,45] = 1
m[0,46] = 1
m[0,47] = 1
m[0,48] = 1
m[0,49] = 1
m[0,50] = 1
m[0,51] = 1
m[0,52] = 1
m[0,53] = 1
m[0,54] = 1
m[0,55] = 1
m[0,56] = 1
m[0,57] = 1
m[0,58] = 1
m[0,59] = 1
m[0,60] = 1
m[0,61] = 1
m[0,62] = 1
m[0,63] = 1
m[0,64] = 1
m[0,65] = 1
m[0,66] = 1
m[0,67] = 1
m[0,68] = 1
m[0,69] = 1
m[0,70] = 1
m[0,71] = 1
m[0,72] = 1
m[0,73] = 1
m[0,74] = 1
m[0,75] = 1
m[0,76] = 1
m[0,77] = 1
m[0,78] = 1
m[0,79] = 1
m[0,80] = 1
m[0,81] = 1
m[0,82] = 1
m[0,83] = 1
m[0,84] = 1
m[0,85] = 1
m[0,86] = 1
m[0,87] = 1
m[0,88] = 1
m[0,89] = 1
m[0,90] = 1
m[0,91] = 1
m[0,92] = 1
m[0,93] = 1
m[0,94] = 1
m[0,95] = 1
m[0,96] = 1
m[0,97] = 1
m[0,98] = 1
m[0,99] = 1
m[0,100] = 1
m[0,101] = 1
m[0,102] = 1
m[0,103] = 1
m[0,104] = 1
m[0,105] = 1
m[0,106] = 1
m[0,107] = 1
m[0,108] = 1
m[0,109] = 1
m[0,110] = 1
m[0,111] = 1
m[0,112] = 1
m[0,113] = 1
m[0,114] = 1
m[0,115] = 1
m[0,116] = 1
m[0,117] = 1
m[0,118] = 1
m[0,119] = 1
m[0,120] = 1
m[0,121] = 1
m[0,122] = 1
m[0,123] = 1
m[0,124] = 1
m[0,125] = 1
m[0,126] = 1
m[0,127] = 1
m[0,128] = 1
m[0,129] = 1
m[0,130] = 1
m[0,131] = 1
m[0,132] = 1
m[0,133] = 1
m[0,134] = 1
m[0,135] = 1
m[0,136] = 1
m[0,137] = 1
m[0,138] = 1
m[0,139] = 1
m[0,140] = 1
m[0,141] = 1
m[0,142] = 1
m[0,143] = 1
m[0,144] = 1
m[0,145] = 1
m[0,146] = 1
m[0,147] = 1
m[0,148] = 1
m[0,149] = 1
m[0,150] = 1
m[0,151] = 1
m[0,152] = 1
m[0,153] = 1
m[0,154] = 1
m[0,155] = 1
m[0,156] = 1
m[0,157] = 1
m[0,158] = 1
m[0,159] = 1
m[0,160] = 1
m[0,161] = 1
m[0,162] = 1
m[0,163] = 1
m[0,164] = 1
m[0,165] = 1
m[0,166] = 1
m[0,167] = 1
m[0,168] = 1
m[0,169] = 1
m[0,170] = 1
m[0,171] = 1
m[0,172] = 1
m[0,173] = 1
m[0,174] = 1
m[0,175] = 1
m[0,176] = 1
m[0,177] = 1
u[0] = 1
u[1] = 1
u[2] = 0.5
u[3] = 0.5
o_u[0,0] = 0
o_u[0,1] = 0
o_u[0,2] = 0
o_u[0,3] = 0
o_u[0,4] = 0
o_u[0,5] = 1
o_u[0,6] = 0
o_u[0,7] = 0
o_u[0,8] = 0
o_u[1,0] = 0
o_u[1,1] = 0
o_u[1,2] = 1
o_u[1,3] = 0
o_u[1,4] = 0
o_u[1,5] = 0
o_u[1,6] = 0
o_u[1,7] = 0
o_u[1,8] = 0
o_u[2,0] = 0
o_u[2,1] = 0
o_u[2,2] = 0.5
o_u[2,3] = 0
o_u[2,4] = 0
o_u[2,5] = 0.5
o_u[2,6] = 0
o_u[2,7] = 0
o_u[2,8] = 0
o_u[3,0] = 0
o_u[3,1] = 0
o_u[3,2] = 0.5
o_u[3,3] = 0
o_u[3,4] = 0
o_u[3,5] = 0.5
o_u[3,6] = 0
o_u[3,7] = 0
o_u[3,8] = 0
------------------------------------------------------------------------
lam[2,2] = 0.5
lam[2,5] = 0.5
lam[3,2] = 0.5
lam[3,5] = 0.5
tau[1,0,2] = 0.5
tau[1,0,3] = 0.5
tau[1,1,2] = 0.5
tau[1,1,3] = 0.5
tau[1,3,2] = 0.5
tau[1,3,3] = 0.5
tau[1,4,2] = 0.5
tau[1,4,3] = 0.5
tau[1,5,2] = 0.5
tau[1,5,3] = 0.5
tau[2,0,L1] = 0.5
tau[2,0,L2] = 0.5
tau[2,1,3] = 0.5
tau[2,1,L2] = 0.5
tau[2,4,L0] = 0.5
tau[2,5,3] = 0.5
tau[3,0,L2] = 0.5
tau[3,1,L1] = 0.5
tau[3,1,L2] = 0.5
tau[3,2,L0] = 0.5
tau[3,2,L1] = 0.5
tau[3,3,L0] = 0.5
tau[3,3,L1] = 0.5
tau[3,4,L0] = 0.5
tau[3,5,L0] = 0.5
m[2,0] = 0.5
m[2,1] = 0.5
m[2,2] = 0.5
m[2,3] = 0.5
m[2,4] = 0.5
m[2,5] = 0.5
m[2,6] = 0.5
m[2,7] = 0.5
m[2,9] = 0.5
m[2,10] = 0.5
m[2,12] = 0.5
m[2,13] = 0.5
m[2,14] = 0.5
m[2,15] = 0.5
m[2,16] = 0.5
m[2,17] = 0.5
m[2,18] = 0.5
m[2,19] = 0.5
m[2,21] = 0.5
m[2,22] = 0.5
m[2,24] = 0.5
m[2,25] = 0.5
m[2,26] = 0.5
m[2,28] = 0.5
m[2,30] = 0.5
m[2,31] = 0.5
m[2,32] = 0.5
m[2,33] = 0.5
m[2,34] = 0.5
m[2,35] = 0.5
m[2,36] = 0.5
m[2,38] = 0.5
m[2,39] = 0.5
m[2,40] = 0.5
m[2,41] = 0.5
m[2,42] = 0.5
m[2,43] = 0.5
m[2,44] = 0.5
m[2,45] = 0.5
m[2,46] = 0.5
m[2,47] = 0.5
m[2,48] = 0.5
m[2,49] = 0.5
m[2,50] = 0.5
m[2,52] = 0.5
m[2,53] = 0.5
m[2,54] = 0.5
m[2,55] = 0.5
m[2,56] = 0.5
m[2,57] = 0.5
m[2,59] = 0.5
m[2,60] = 0.5
m[2,61] = 0.5
m[2,62] = 0.5
m[2,63] = 0.5
m[2,64] = 0.5
m[2,65] = 0.5
m[2,68] = 0.5
m[2,69] = 0.5
m[2,70] = 0.5
m[2,71] = 0.5
m[2,73] = 0.5
m[2,74] = 0.5
m[2,75] = 0.5
m[2,77] = 0.5
m[2,78] = 0.5
m[2,79] = 0.5
m[2,80] = 0.5
m[2,81] = 0.5
m[2,82] = 0.5
m[2,83] = 0.5
m[2,84] = 0.5
m[2,85] = 0.5
m[2,86] = 0.5
m[2,87] = 0.5
m[2,88] = 0.5
m[2,89] = 0.5
m[2,90] = 0.5
m[2,91] = 0.5
m[2,92] = 0.5
m[2,93] = 0.5
m[2,94] = 0.5
m[2,95] = 0.5
m[2,96] = 0.5
m[2,97] = 0.5
m[2,98] = 0.5
m[2,99] = 0.5
m[2,100] = 0.5
m[2,101] = 0.5
m[2,103] = 0.5
m[2,109] = 0.5
m[2,110] = 0.5
m[2,111] = 0.5
m[2,113] = 0.5
m[2,114] = 0.5
m[2,115] = 0.5
m[2,116] = 0.5
m[2,117] = 0.5
m[2,118] = 0.5
m[2,119] = 0.5
m[2,120] = 0.5
m[2,121] = 0.5
m[2,123] = 0.5
m[2,124] = 0.5
m[2,125] = 0.5
m[2,127] = 0.5
m[2,128] = 0.5
m[2,130] = 0.5
m[2,131] = 0.5
m[2,132] = 0.5
m[2,133] = 0.5
m[2,134] = 0.5
m[2,135] = 0.5
m[2,136] = 0.5
m[2,137] = 0.5
m[2,138] = 0.5
m[2,139] = 0.5
m[2,140] = 0.5
m[2,141] = 0.5
m[2,144] = 0.5
m[2,145] = 0.5
m[2,146] = 0.5
m[2,147] = 0.5
m[2,148] = 0.5
m[2,149] = 0.5
m[2,151] = 0.5
m[2,152] = 0.5
m[2,153] = 0.5
m[2,154] = 0.5
m[2,155] = 0.5
m[2,156] = 0.5
m[2,157] = 0.5
m[2,158] = 0.5
m[2,159] = 0.5
m[2,160] = 0.5
m[2,161] = 0.5
m[2,162] = 0.5
m[2,163] = 0.5
m[2,164] = 0.5
m[2,165] = 0.5
m[2,166] = 0.5
m[2,167] = 0.5
m[2,168] = 0.5
m[2,169] = 0.5
m[2,170] = 0.5
m[2,171] = 0.5
m[2,172] = 0.5
m[2,173] = 0.5
m[2,174] = 0.5
m[2,175] = 0.5
m[2,176] = 0.5
m[2,177] = 0.5
m[3,0] = 0.5
m[3,2] = 0.5
m[3,3] = 0.5
m[3,4] = 0.5
m[3,5] = 0.5
m[3,6] = 0.5
m[3,7] = 0.5
m[3,8] = 0.5
m[3,9] = 0.5
m[3,10] = 0.5
m[3,11] = 0.5
m[3,12] = 0.5
m[3,13] = 0.5
m[3,14] = 0.5
m[3,15] = 0.5
m[3,16] = 0.5
m[3,17] = 0.5
m[3,18] = 0.5
m[3,19] = 0.5
m[3,20] = 0.5
m[3,21] = 0.5
m[3,23] = 0.5
m[3,24] = 0.5
m[3,25] = 0.5
m[3,26] = 0.5
m[3,27] = 0.5
m[3,28] = 0.5
m[3,29] = 0.5
m[3,30] = 0.5
m[3,31] = 0.5
m[3,32] = 0.5
m[3,33] = 0.5
m[3,34] = 0.5
m[3,36] = 0.5
m[3,37] = 0.5
m[3,38] = 0.5
m[3,40] = 0.5
m[3,41] = 0.5
m[3,42] = 0.5
m[3,43] = 0.5
m[3,44] = 0.5
m[3,45] = 0.5
m[3,46] = 0.5
m[3,47] = 0.5
m[3,48] = 0.5
m[3,49] = 0.5
m[3,50] = 0.5
m[3,51] = 0.5
m[3,52] = 0.5
m[3,53] = 0.5
m[3,54] = 0.5
m[3,55] = 0.5
m[3,56] = 0.5
m[3,58] = 0.5
m[3,59] = 0.5
m[3,60] = 0.5
m[3,63] = 0.5
m[3,65] = 0.5
m[3,66] = 0.5
m[3,67] = 0.5
m[3,68] = 0.5
m[3,69] = 0.5
m[3,70] = 0.5
m[3,71] = 0.5
m[3,72] = 0.5
m[3,73] = 0.5
m[3,74] = 0.5
m[3,76] = 0.5
m[3,78] = 0.5
m[3,79] = 0.5
m[3,80] = 0.5
m[3,81] = 0.5
m[3,82] = 0.5
m[3,83] = 0.5
m[3,84] = 0.5
m[3,87] = 0.5
m[3,88] = 0.5
m[3,89] = 0.5
m[3,93] = 0.5
m[3,94] = 0.5
m[3,95] = 0.5
m[3,97] = 0.5
m[3,98] = 0.5
m[3,99] = 0.5
m[3,100] = 0.5
m[3,101] = 0.5
m[3,102] = 0.5
m[3,103] = 0.5
m[3,105] = 0.5
m[3,107] = 0.5
m[3,108] = 0.5
m[3,109] = 0.5
m[3,110] = 0.5
m[3,114] = 0.5
m[3,115] = 0.5
m[3,116] = 0.5
m[3,119] = 0.5
m[3,120] = 0.5
m[3,121] = 0.5
m[3,122] = 0.5
m[3,123] = 0.5
m[3,124] = 0.5
m[3,125] = 0.5
m[3,126] = 0.5
m[3,128] = 0.5
m[3,130] = 0.5
m[3,134] = 0.5
m[3,135] = 0.5
m[3,136] = 0.5
m[3,138] = 0.5
m[3,141] = 0.5
m[3,142] = 0.5
m[3,143] = 0.5
m[3,144] = 0.5
m[3,145] = 0.5
m[3,146] = 0.5
m[3,147] = 0.5
m[3,148] = 0.5
m[3,149] = 0.5
m[3,150] = 0.5
m[3,151] = 0.5
m[3,152] = 0.5
m[3,153] = 0.5
m[3,154] = 0.5
m[3,155] = 0.5
m[3,156] = 0.5
m[3,157] = 0.5
m[3,159] = 0.5
m[3,160] = 0.5
m[3,161] = 0.5
m[3,163] = 0.5
m[3,164] = 0.5
m[3,165] = 0.5
m[3,166] = 0.5
m[3,167] = 0.5
m[3,168] = 0.5
m[3,169] = 0.5
m[3,171] = 0.5
m[3,172] = 0.5
m[3,173] = 0.5
m[3,174] = 0.5
m[3,175] = 0.5
m[3,176] = 0.5
m[3,177] = 0.5
b[2,0,59] = 0.5
b[2,0,60] = 0.5
b[2,0,63] = 0.5
b[2,0,64] = 0.5
b[2,0,68] = 0.5
b[2,0,69] = 0.5
b[2,0,70] = 0.5
b[2,0,71] = 0.5
b[2,0,72] = 0.5
b[2,0,75] = 0.5
b[2,0,76] = 0.5
b[2,0,77] = 0.5
b[2,0,79] = 0.5
b[2,0,80] = 0.5
b[2,0,85] = 0.5
b[2,0,86] = 0.5
b[2,0,90] = 0.5
b[2,0,93] = 0.5
b[2,0,94] = 0.5
b[2,0,96] = 0.5
b[2,0,97] = 0.5
b[2,0,99] = 0.5
b[2,0,101] = 0.5
b[2,0,102] = 0.5
b[2,0,103] = 0.5
b[2,0,105] = 0.5
b[2,0,107] = 0.5
b[2,0,108] = 0.5
b[2,0,111] = 0.5
b[2,0,113] = 0.5
b[2,0,114] = 0.5
b[2,0,115] = 0.5
b[2,0,116] = 0.5
b[2,0,117] = 0.5
b[2,0,121] = 0.5
b[2,0,122] = 0.5
b[2,0,123] = 0.5
b[2,0,124] = 0.5
b[2,0,125] = 0.5
b[2,0,126] = 0.5
b[2,0,127] = 0.5
b[2,0,128] = 0.5
b[2,0,130] = 0.5
b[2,0,131] = 0.5
b[2,0,132] = 0.5
b[2,0,133] = 0.5
b[2,0,134] = 0.5
b[2,0,135] = 0.5
b[2,0,136] = 0.5
b[2,0,137] = 0.5
b[2,0,138] = 0.5
b[2,0,139] = 0.5
b[2,0,140] = 0.5
b[2,0,141] = 0.5
b[2,0,142] = 0.5
b[2,0,143] = 0.5
b[2,0,144] = 0.5
b[2,0,145] = 0.5
b[2,0,147] = 0.5
b[2,0,148] = 0.5
b[2,0,149] = 0.5
b[2,0,153] = 0.5
b[2,0,154] = 0.5
b[2,0,155] = 0.5
b[2,0,157] = 0.5
b[2,0,158] = 0.5
b[2,0,159] = 0.5
b[2,0,160] = 0.5
b[2,0,161] = 0.5
b[2,0,162] = 0.5
b[2,0,163] = 0.5
b[2,0,164] = 0.5
b[2,0,165] = 0.5
b[2,0,166] = 0.5
b[2,0,167] = 0.5
b[2,0,168] = 0.5
b[2,0,169] = 0.5
b[2,0,170] = 0.5
b[2,0,172] = 0.5
b[2,0,173] = 0.5
b[2,0,174] = 0.5
b[2,0,175] = 0.5
b[2,0,176] = 0.5
b[2,0,177] = 0.5
b[2,1,59] = 0.5
b[2,1,62] = 0.5
b[2,1,66] = 0.5
b[2,1,67] = 0.5
b[2,1,75] = 0.5
b[2,1,77] = 0.5
b[2,1,84] = 0.5
b[2,1,90] = 0.5
b[2,1,96] = 0.5
b[2,1,98] = 0.5
b[2,1,101] = 0.5
b[2,1,103] = 0.5
b[2,1,104] = 0.5
b[2,1,106] = 0.5
b[2,1,110] = 0.5
b[2,1,112] = 0.5
b[2,1,116] = 0.5
b[2,1,120] = 0.5
b[2,1,129] = 0.5
b[2,1,130] = 0.5
b[2,1,131] = 0.5
b[2,1,132] = 0.5
b[2,1,133] = 0.5
b[2,1,134] = 0.5
b[2,1,137] = 0.5
b[2,1,138] = 0.5
b[2,1,139] = 0.5
b[2,1,140] = 0.5
b[2,1,142] = 0.5
b[2,1,143] = 0.5
b[2,1,147] = 0.5
b[2,1,148] = 0.5
b[2,1,149] = 0.5
b[2,1,154] = 0.5
b[2,1,158] = 0.5
b[2,1,159] = 0.5
b[2,1,160] = 0.5
b[2,1,162] = 0.5
b[2,1,164] = 0.5
b[2,1,165] = 0.5
b[2,1,169] = 0.5
b[2,1,170] = 0.5
b[2,1,172] = 0.5
b[2,1,177] = 0.5
b[2,2,4] = 0.5
b[2,2,19] = 0.5
b[2,2,20] = 0.5
b[2,2,21] = 0.5
b[2,2,24] = 0.5
b[2,2,25] = 0.5
b[2,2,28] = 0.5
b[2,2,35] = 0.5
b[2,2,36] = 0.5
b[2,2,39] = 0.5
b[2,2,40] = 0.5
b[2,2,43] = 0.5
b[2,2,44] = 0.5
b[2,2,56] = 0.5
b[2,2,60] = 0.5
b[2,2,62] = 0.5
b[2,2,64] = 0.5
b[2,2,65] = 0.5
b[2,2,67] = 0.5
b[2,2,68] = 0.5
b[2,2,69] = 0.5
b[2,2,70] = 0.5
b[2,2,72] = 0.5
b[2,2,74] = 0.5
b[2,2,76] = 0.5
b[2,2,81] = 0.5
b[2,2,85] = 0.5
b[2,2,86] = 0.5
b[2,2,95] = 0.5
b[2,2,100] = 0.5
b[2,2,102] = 0.5
b[2,2,104] = 0.5
b[2,2,105] = 0.5
b[2,2,106] = 0.5
b[2,2,107] = 0.5
b[2,2,108] = 0.5
b[2,2,109] = 0.5
b[2,2,112] = 0.5
b[2,2,113] = 0.5
b[2,2,117] = 0.5
b[2,2,122] = 0.5
b[2,2,129] = 0.5
b[2,2,135] = 0.5
b[2,2,136] = 0.5
b[2,2,141] = 0.5
b[2,2,144] = 0.5
b[2,2,145] = 0.5
b[2,2,153] = 0.5
b[2,2,155] = 0.5
b[2,2,157] = 0.5
b[2,2,161] = 0.5
b[2,2,163] = 0.5
b[2,2,166] = 0.5
b[2,2,167] = 0.5
b[2,2,168] = 0.5
b[2,2,173] = 0.5
b[2,2,174] = 0.5
b[2,2,175] = 0.5
b[2,2,176] = 0.5
b[2,3,0] = 0.5
b[2,3,1] = 0.5
b[2,3,2] = 0.5
b[2,3,3] = 0.5
b[2,3,5] = 0.5
b[2,3,6] = 0.5
b[2,3,7] = 0.5
b[2,3,8] = 0.5
b[2,3,9] = 0.5
b[2,3,10] = 0.5
b[2,3,12] = 0.5
b[2,3,13] = 0.5
b[2,3,14] = 0.5
b[2,3,15] = 0.5
b[2,3,16] = 0.5
b[2,3,17] = 0.5
b[2,3,18] = 0.5
b[2,3,21] = 0.5
b[2,3,22] = 0.5
b[2,3,26] = 0.5
b[2,3,30] = 0.5
b[2,3,31] = 0.5
b[2,3,32] = 0.5
b[2,3,33] = 0.5
b[2,3,34] = 0.5
b[2,3,38] = 0.5
b[2,3,41] = 0.5
b[2,3,42] = 0.5
b[2,3,45] = 0.5
b[2,3,46] = 0.5
b[2,3,47] = 0.5
b[2,3,48] = 0.5
b[2,3,49] = 0.5
b[2,3,50] = 0.5
b[2,3,51] = 0.5
b[2,3,52] = 0.5
b[2,3,53] = 0.5
b[2,3,54] = 0.5
b[2,3,55] = 0.5
b[2,3,57] = 0.5
b[2,3,58] = 0.5
b[2,3,73] = 0.5
b[2,3,74] = 0.5
b[2,3,80] = 0.5
b[2,3,84] = 0.5
b[2,3,93] = 0.5
b[2,3,94] = 0.5
b[2,3,95] = 0.5
b[2,3,100] = 0.5
b[2,3,111] = 0.5
b[2,3,114] = 0.5
b[2,3,115] = 0.5
b[2,3,127] = 0.5
b[2,3,128] = 0.5
b[2,4,1] = 0.5
b[2,4,4] = 0.5
b[2,4,6] = 0.5
b[2,4,7] = 0.5
b[2,4,12] = 0.5
b[2,4,24] = 0.5
b[2,4,25] = 0.5
b[2,4,32] = 0.5
b[2,4,33] = 0.5
b[2,4,34] = 0.5
b[2,4,36] = 0.5
b[2,4,38] = 0.5
b[2,4,41] = 0.5
b[2,4,43] = 0.5
b[2,4,45] = 0.5
b[2,4,53] = 0.5
b[2,4,55] = 0.5
b[2,4,65] = 0.5
b[2,4,71] = 0.5
b[2,4,79] = 0.5
b[2,4,81] = 0.5
b[2,4,97] = 0.5
b[2,4,110] = 0.5
b[2,4,120] = 0.5
b[2,4,123] = 0.5
b[2,4,125] = 0.5
b[2,5,0] = 0.5
b[2,5,2] = 0.5
b[2,5,3] = 0.5
b[2,5,5] = 0.5
b[2,5,8] = 0.5
b[2,5,9] = 0.5
b[2,5,10] = 0.5
b[2,5,13] = 0.5
b[2,5,14] = 0.5
b[2,5,15] = 0.5
b[2,5,16] = 0.5
b[2,5,17] = 0.5
b[2,5,18] = 0.5
b[2,5,19] = 0.5
b[2,5,20] = 0.5
b[2,5,22] = 0.5
b[2,5,26] = 0.5
b[2,5,28] = 0.5
b[2,5,30] = 0.5
b[2,5,31] = 0.5
b[2,5,35] = 0.5
b[2,5,39] = 0.5
b[2,5,40] = 0.5
b[2,5,42] = 0.5
b[2,5,44] = 0.5
b[2,5,46] = 0.5
b[2,5,47] = 0.5
b[2,5,48] = 0.5
b[2,5,49] = 0.5
b[2,5,50] = 0.5
b[2,5,51] = 0.5
b[2,5,52] = 0.5
b[2,5,54] = 0.5
b[2,5,56] = 0.5
b[2,5,57] = 0.5
b[2,5,58] = 0.5
b[2,5,63] = 0.5
b[2,5,66] = 0.5
b[2,5,73] = 0.5
b[2,5,98] = 0.5
b[2,5,99] = 0.5
b[2,5,109] = 0.5
b[2,5,121] = 0.5
b[2,5,124] = 0.5
b[2,5,126] = 0.5
b[3,0,59] = 0.5
b[3,0,60] = 0.5
b[3,0,63] = 0.5
b[3,0,64] = 0.5
b[3,0,68] = 0.5
b[3,0,69] = 0.5
b[3,0,70] = 0.5
b[3,0,71] = 0.5
b[3,0,72] = 0.5
b[3,0,75] = 0.5
b[3,0,76] = 0.5
b[3,0,77] = 0.5
b[3,0,79] = 0.5
b[3,0,80] = 0.5
b[3,0,85] = 0.5
b[3,0,86] = 0.5
b[3,0,90] = 0.5
b[3,0,93] = 0.5
b[3,0,94] = 0.5
b[3,0,96] = 0.5
b[3,0,97] = 0.5
b[3,0,99] = 0.5
b[3,0,101] = 0.5
b[3,0,102] = 0.5
b[3,0,103] = 0.5
b[3,0,105] = 0.5
b[3,0,107] = 0.5
b[3,0,108] = 0.5
b[3,0,111] = 0.5
b[3,0,113] = 0.5
b[3,0,114] = 0.5
b[3,0,115] = 0.5
b[3,0,116] = 0.5
b[3,0,117] = 0.5
b[3,0,121] = 0.5
b[3,0,122] = 0.5
b[3,0,123] = 0.5
b[3,0,124] = 0.5
b[3,0,125] = 0.5
b[3,0,126] = 0.5
b[3,0,127] = 0.5
b[3,0,128] = 0.5
b[3,0,130] = 0.5
b[3,0,131] = 0.5
b[3,0,132] = 0.5
b[3,0,133] = 0.5
b[3,0,134] = 0.5
b[3,0,135] = 0.5
b[3,0,136] = 0.5
b[3,0,137] = 0.5
b[3,0,138] = 0.5
b[3,0,139] = 0.5
b[3,0,140] = 0.5
b[3,0,141] = 0.5
b[3,0,142] = 0.5
b[3,0,143] = 0.5
b[3,0,144] = 0.5
b[3,0,145] = 0.5
b[3,0,147] = 0.5
b[3,0,148] = 0.5
b[3,0,149] = 0.5
b[3,0,153] = 0.5
b[3,0,154] = 0.5
b[3,0,155] = 0.5
b[3,0,157] = 0.5
b[3,0,158] = 0.5
b[3,0,159] = 0.5
b[3,0,160] = 0.5
b[3,0,161] = 0.5
b[3,0,162] = 0.5
b[3,0,163] = 0.5
b[3,0,164] = 0.5
b[3,0,165] = 0.5
b[3,0,166] = 0.5
b[3,0,167] = 0.5
b[3,0,168] = 0.5
b[3,0,169] = 0.5
b[3,0,170] = 0.5
b[3,0,172] = 0.5
b[3,0,173] = 0.5
b[3,0,174] = 0.5
b[3,0,175] = 0.5
b[3,0,176] = 0.5
b[3,0,177] = 0.5
b[3,1,59] = 0.5
b[3,1,62] = 0.5
b[3,1,66] = 0.5
b[3,1,67] = 0.5
b[3,1,75] = 0.5
b[3,1,77] = 0.5
b[3,1,84] = 0.5
b[3,1,90] = 0.5
b[3,1,96] = 0.5
b[3,1,98] = 0.5
b[3,1,101] = 0.5
b[3,1,103] = 0.5
b[3,1,104] = 0.5
b[3,1,106] = 0.5
b[3,1,110] = 0.5
b[3,1,112] = 0.5
b[3,1,116] = 0.5
b[3,1,120] = 0.5
b[3,1,129] = 0.5
b[3,1,130] = 0.5
b[3,1,131] = 0.5
b[3,1,132] = 0.5
b[3,1,133] = 0.5
b[3,1,134] = 0.5
b[3,1,137] = 0.5
b[3,1,138] = 0.5
b[3,1,139] = 0.5
b[3,1,140] = 0.5
b[3,1,142] = 0.5
b[3,1,143] = 0.5
b[3,1,147] = 0.5
b[3,1,148] = 0.5
b[3,1,149] = 0.5
b[3,1,154] = 0.5
b[3,1,158] = 0.5
b[3,1,159] = 0.5
b[3,1,160] = 0.5
b[3,1,162] = 0.5
b[3,1,164] = 0.5
b[3,1,165] = 0.5
b[3,1,169] = 0.5
b[3,1,170] = 0.5
b[3,1,172] = 0.5
b[3,1,177] = 0.5
b[3,2,4] = 0.5
b[3,2,19] = 0.5
b[3,2,20] = 0.5
b[3,2,21] = 0.5
b[3,2,24] = 0.5
b[3,2,25] = 0.5
b[3,2,28] = 0.5
b[3,2,35] = 0.5
b[3,2,36] = 0.5
b[3,2,39] = 0.5
b[3,2,40] = 0.5
b[3,2,43] = 0.5
b[3,2,44] = 0.5
b[3,2,56] = 0.5
b[3,2,60] = 0.5
b[3,2,62] = 0.5
b[3,2,64] = 0.5
b[3,2,65] = 0.5
b[3,2,67] = 0.5
b[3,2,68] = 0.5
b[3,2,69] = 0.5
b[3,2,70] = 0.5
b[3,2,72] = 0.5
b[3,2,74] = 0.5
b[3,2,76] = 0.5
b[3,2,81] = 0.5
b[3,2,85] = 0.5
b[3,2,86] = 0.5
b[3,2,95] = 0.5
b[3,2,100] = 0.5
b[3,2,102] = 0.5
b[3,2,104] = 0.5
b[3,2,105] = 0.5
b[3,2,106] = 0.5
b[3,2,107] = 0.5
b[3,2,108] = 0.5
b[3,2,109] = 0.5
b[3,2,112] = 0.5
b[3,2,113] = 0.5
b[3,2,117] = 0.5
b[3,2,122] = 0.5
b[3,2,129] = 0.5
b[3,2,135] = 0.5
b[3,2,136] = 0.5
b[3,2,141] = 0.5
b[3,2,144] = 0.5
b[3,2,145] = 0.5
b[3,2,153] = 0.5
b[3,2,155] = 0.5
b[3,2,157] = 0.5
b[3,2,161] = 0.5
b[3,2,163] = 0.5
b[3,2,166] = 0.5
b[3,2,167] = 0.5
b[3,2,168] = 0.5
b[3,2,173] = 0.5
b[3,2,174] = 0.5
b[3,2,175] = 0.5
b[3,2,176] = 0.5
b[3,3,0] = 0.5
b[3,3,1] = 0.5
b[3,3,2] = 0.5
b[3,3,3] = 0.5
b[3,3,5] = 0.5
b[3,3,6] = 0.5
b[3,3,7] = 0.5
b[3,3,8] = 0.5
b[3,3,9] = 0.5
b[3,3,10] = 0.5
b[3,3,12] = 0.5
b[3,3,13] = 0.5
b[3,3,14] = 0.5
b[3,3,15] = 0.5
b[3,3,16] = 0.5
b[3,3,17] = 0.5
b[3,3,18] = 0.5
b[3,3,21] = 0.5
b[3,3,22] = 0.5
b[3,3,26] = 0.5
b[3,3,30] = 0.5
b[3,3,31] = 0.5
b[3,3,32] = 0.5
b[3,3,33] = 0.5
b[3,3,34] = 0.5
b[3,3,38] = 0.5
b[3,3,41] = 0.5
b[3,3,42] = 0.5
b[3,3,45] = 0.5
b[3,3,46] = 0.5
b[3,3,47] = 0.5
b[3,3,48] = 0.5
b[3,3,49] = 0.5
b[3,3,50] = 0.5
b[3,3,51] = 0.5
b[3,3,52] = 0.5
b[3,3,53] = 0.5
b[3,3,54] = 0.5
b[3,3,55] = 0.5
b[3,3,57] = 0.5
b[3,3,58] = 0.5
b[3,3,73] = 0.5
b[3,3,74] = 0.5
b[3,3,80] = 0.5
b[3,3,84] = 0.5
b[3,3,93] = 0.5
b[3,3,94] = 0.5
b[3,3,95] = 0.5
b[3,3,100] = 0.5
b[3,3,111] = 0.5
b[3,3,114] = 0.5
b[3,3,115] = 0.5
b[3,3,127] = 0.5
b[3,3,128] = 0.5
b[3,4,1] = 0.5
b[3,4,4] = 0.5
b[3,4,6] = 0.5
b[3,4,7] = 0.5
b[3,4,12] = 0.5
b[3,4,24] = 0.5
b[3,4,25] = 0.5
b[3,4,32] = 0.5
b[3,4,33] = 0.5
b[3,4,34] = 0.5
b[3,4,36] = 0.5
b[3,4,38] = 0.5
b[3,4,41] = 0.5
b[3,4,43] = 0.5
b[3,4,45] = 0.5
b[3,4,53] = 0.5
b[3,4,55] = 0.5
b[3,4,65] = 0.5
b[3,4,71] = 0.5
b[3,4,79] = 0.5
b[3,4,81] = 0.5
b[3,4,97] = 0.5
b[3,4,110] = 0.5
b[3,4,120] = 0.5
b[3,4,123] = 0.5
b[3,4,125] = 0.5
b[3,5,0] = 0.5
b[3,5,2] = 0.5
b[3,5,3] = 0.5
b[3,5,5] = 0.5
b[3,5,8] = 0.5
b[3,5,9] = 0.5
b[3,5,10] = 0.5
b[3,5,13] = 0.5
b[3,5,14] = 0.5
b[3,5,15] = 0.5
b[3,5,16] = 0.5
b[3,5,17] = 0.5
b[3,5,18] = 0.5
b[3,5,19] = 0.5
b[3,5,20] = 0.5
b[3,5,22] = 0.5
b[3,5,26] = 0.5
b[3,5,28] = 0.5
b[3,5,30] = 0.5
b[3,5,31] = 0.5
b[3,5,35] = 0.5
b[3,5,39] = 0.5
b[3,5,40] = 0.5
b[3,5,42] = 0.5
b[3,5,44] = 0.5
b[3,5,46] = 0.5
b[3,5,47] = 0.5
b[3,5,48] = 0.5
b[3,5,49] = 0.5
b[3,5,50] = 0.5
b[3,5,51] = 0.5
b[3,5,52] = 0.5
b[3,5,54] = 0.5
b[3,5,56] = 0.5
b[3,5,57] = 0.5
b[3,5,58] = 0.5
b[3,5,63] = 0.5
b[3,5,66] = 0.5
b[3,5,73] = 0.5
b[3,5,98] = 0.5
b[3,5,99] = 0.5
b[3,5,109] = 0.5
b[3,5,121] = 0.5
b[3,5,124] = 0.5
b[3,5,126] = 0.5
d[1,0,2,59] = 0.5
d[1,0,2,60] = 0.5
d[1,0,2,61] = 0.5
d[1,0,2,68] = 0.5
d[1,0,2,69] = 0.5
d[1,0,2,70] = 0.5
d[1,0,2,77] = 0.5
d[1,0,2,91] = 0.5
d[1,0,2,92] = 0.5
d[1,0,2,96] = 0.5
d[1,0,2,101] = 0.5
d[1,0,2,118] = 0.5
d[1,0,2,130] = 0.5
d[1,0,2,131] = 0.5
d[1,0,2,132] = 0.5
d[1,0,2,133] = 0.5
d[1,0,2,134] = 0.5
d[1,0,2,135] = 0.5
d[1,0,2,136] = 0.5
d[1,0,2,137] = 0.5
d[1,0,2,138] = 0.5
d[1,0,2,139] = 0.5
d[1,0,2,140] = 0.5
d[1,0,2,141] = 0.5
d[1,0,2,142] = 0.5
d[1,0,2,143] = 0.5
d[1,0,2,144] = 0.5
d[1,0,2,145] = 0.5
d[1,0,2,146] = 0.5
d[1,0,2,147] = 0.5
d[1,0,2,148] = 0.5
d[1,0,2,149] = 0.5
d[1,0,2,151] = 0.5
d[1,0,2,152] = 0.5
d[1,0,2,153] = 0.5
d[1,0,2,154] = 0.5
d[1,0,2,155] = 0.5
d[1,0,2,156] = 0.5
d[1,0,2,157] = 0.5
d[1,0,2,158] = 0.5
d[1,0,2,159] = 0.5
d[1,0,2,160] = 0.5
d[1,0,2,161] = 0.5
d[1,0,2,162] = 0.5
d[1,0,2,163] = 0.5
d[1,0,2,164] = 0.5
d[1,0,2,165] = 0.5
d[1,0,2,166] = 0.5
d[1,0,2,167] = 0.5
d[1,0,2,168] = 0.5
d[1,0,2,169] = 0.5
d[1,0,2,170] = 0.5
d[1,0,2,171] = 0.5
d[1,0,2,172] = 0.5
d[1,0,2,173] = 0.5
d[1,0,2,174] = 0.5
d[1,0,2,175] = 0.5
d[1,0,2,176] = 0.5
d[1,0,2,177] = 0.5
d[1,0,3,59] = 0.5
d[1,0,3,60] = 0.5
d[1,0,3,61] = 0.5
d[1,0,3,68] = 0.5
d[1,0,3,69] = 0.5
d[1,0,3,70] = 0.5
d[1,0,3,77] = 0.5
d[1,0,3,91] = 0.5
d[1,0,3,92] = 0.5
d[1,0,3,96] = 0.5
d[1,0,3,101] = 0.5
d[1,0,3,118] = 0.5
d[1,0,3,130] = 0.5
d[1,0,3,131] = 0.5
d[1,0,3,132] = 0.5
d[1,0,3,133] = 0.5
d[1,0,3,134] = 0.5
d[1,0,3,135] = 0.5
d[1,0,3,136] = 0.5
d[1,0,3,137] = 0.5
d[1,0,3,138] = 0.5
d[1,0,3,139] = 0.5
d[1,0,3,140] = 0.5
d[1,0,3,141] = 0.5
d[1,0,3,142] = 0.5
d[1,0,3,143] = 0.5
d[1,0,3,144] = 0.5
d[1,0,3,145] = 0.5
d[1,0,3,146] = 0.5
d[1,0,3,147] = 0.5
d[1,0,3,148] = 0.5
d[1,0,3,149] = 0.5
d[1,0,3,151] = 0.5
d[1,0,3,152] = 0.5
d[1,0,3,153] = 0.5
d[1,0,3,154] = 0.5
d[1,0,3,155] = 0.5
d[1,0,3,156] = 0.5
d[1,0,3,157] = 0.5
d[1,0,3,158] = 0.5
d[1,0,3,159] = 0.5
d[1,0,3,160] = 0.5
d[1,0,3,161] = 0.5
d[1,0,3,162] = 0.5
d[1,0,3,163] = 0.5
d[1,0,3,164] = 0.5
d[1,0,3,165] = 0.5
d[1,0,3,166] = 0.5
d[1,0,3,167] = 0.5
d[1,0,3,168] = 0.5
d[1,0,3,169] = 0.5
d[1,0,3,170] = 0.5
d[1,0,3,171] = 0.5
d[1,0,3,172] = 0.5
d[1,0,3,173] = 0.5
d[1,0,3,174] = 0.5
d[1,0,3,175] = 0.5
d[1,0,3,176] = 0.5
d[1,0,3,177] = 0.5
d[1,1,2,75] = 0.5
d[1,1,2,82] = 0.5
d[1,1,2,83] = 0.5
d[1,1,2,87] = 0.5
d[1,1,2,89] = 0.5
d[1,1,2,90] = 0.5
d[1,1,2,103] = 0.5
d[1,1,2,116] = 0.5
d[1,1,2,119] = 0.5
d[1,1,2,150] = 0.5
d[1,1,3,75] = 0.5
d[1,1,3,82] = 0.5
d[1,1,3,83] = 0.5
d[1,1,3,87] = 0.5
d[1,1,3,89] = 0.5
d[1,1,3,90] = 0.5
d[1,1,3,103] = 0.5
d[1,1,3,116] = 0.5
d[1,1,3,119] = 0.5
d[1,1,3,150] = 0.5
d[1,3,2,11] = 0.5
d[1,3,2,21] = 0.5
d[1,3,2,23] = 0.5
d[1,3,2,27] = 0.5
d[1,3,2,29] = 0.5
d[1,3,2,37] = 0.5
d[1,3,2,74] = 0.5
d[1,3,2,80] = 0.5
d[1,3,2,84] = 0.5
d[1,3,2,93] = 0.5
d[1,3,2,94] = 0.5
d[1,3,2,95] = 0.5
d[1,3,2,100] = 0.5
d[1,3,2,111] = 0.5
d[1,3,2,114] = 0.5
d[1,3,2,115] = 0.5
d[1,3,2,127] = 0.5
d[1,3,2,128] = 0.5
d[1,3,3,11] = 0.5
d[1,3,3,21] = 0.5
d[1,3,3,23] = 0.5
d[1,3,3,27] = 0.5
d[1,3,3,29] = 0.5
d[1,3,3,37] = 0.5
d[1,3,3,74] = 0.5
d[1,3,3,80] = 0.5
d[1,3,3,84] = 0.5
d[1,3,3,93] = 0.5
d[1,3,3,94] = 0.5
d[1,3,3,95] = 0.5
d[1,3,3,100] = 0.5
d[1,3,3,111] = 0.5
d[1,3,3,114] = 0.5
d[1,3,3,115] = 0.5
d[1,3,3,127] = 0.5
d[1,3,3,128] = 0.5
d[1,4,2,1] = 0.5
d[1,4,2,4] = 0.5
d[1,4,2,6] = 0.5
d[1,4,2,7] = 0.5
d[1,4,2,12] = 0.5
d[1,4,2,24] = 0.5
d[1,4,2,25] = 0.5
d[1,4,2,32] = 0.5
d[1,4,2,33] = 0.5
d[1,4,2,34] = 0.5
d[1,4,2,36] = 0.5
d[1,4,2,38] = 0.5
d[1,4,2,41] = 0.5
d[1,4,2,43] = 0.5
d[1,4,2,45] = 0.5
d[1,4,2,53] = 0.5
d[1,4,2,55] = 0.5
d[1,4,2,65] = 0.5
d[1,4,2,71] = 0.5
d[1,4,2,79] = 0.5
d[1,4,2,81] = 0.5
d[1,4,2,97] = 0.5
d[1,4,2,110] = 0.5
d[1,4,2,120] = 0.5
d[1,4,2,123] = 0.5
d[1,4,2,125] = 0.5
d[1,4,3,1] = 0.5
d[1,4,3,4] = 0.5
d[1,4,3,6] = 0.5
d[1,4,3,7] = 0.5
d[1,4,3,12] = 0.5
d[1,4,3,24] = 0.5
d[1,4,3,25] = 0.5
d[1,4,3,32] = 0.5
d[1,4,3,33] = 0.5
d[1,4,3,34] = 0.5
d[1,4,3,36] = 0.5
d[1,4,3,38] = 0.5
d[1,4,3,41] = 0.5
d[1,4,3,43] = 0.5
d[1,4,3,45] = 0.5
d[1,4,3,53] = 0.5
d[1,4,3,55] = 0.5
d[1,4,3,65] = 0.5
d[1,4,3,71] = 0.5
d[1,4,3,79] = 0.5
d[1,4,3,81] = 0.5
d[1,4,3,97] = 0.5
d[1,4,3,110] = 0.5
d[1,4,3,120] = 0.5
d[1,4,3,123] = 0.5
d[1,4,3,125] = 0.5
d[1,5,2,0] = 0.5
d[1,5,2,2] = 0.5
d[1,5,2,3] = 0.5
d[1,5,2,5] = 0.5
d[1,5,2,8] = 0.5
d[1,5,2,9] = 0.5
d[1,5,2,10] = 0.5
d[1,5,2,13] = 0.5
d[1,5,2,14] = 0.5
d[1,5,2,15] = 0.5
d[1,5,2,16] = 0.5
d[1,5,2,17] = 0.5
d[1,5,2,18] = 0.5
d[1,5,2,19] = 0.5
d[1,5,2,20] = 0.5
d[1,5,2,22] = 0.5
d[1,5,2,26] = 0.5
d[1,5,2,28] = 0.5
d[1,5,2,30] = 0.5
d[1,5,2,31] = 0.5
d[1,5,2,35] = 0.5
d[1,5,2,39] = 0.5
d[1,5,2,40] = 0.5
d[1,5,2,42] = 0.5
d[1,5,2,44] = 0.5
d[1,5,2,46] = 0.5
d[1,5,2,47] = 0.5
d[1,5,2,48] = 0.5
d[1,5,2,49] = 0.5
d[1,5,2,50] = 0.5
d[1,5,2,51] = 0.5
d[1,5,2,52] = 0.5
d[1,5,2,54] = 0.5
d[1,5,2,56] = 0.5
d[1,5,2,57] = 0.5
d[1,5,2,58] = 0.5
d[1,5,2,63] = 0.5
d[1,5,2,66] = 0.5
d[1,5,2,73] = 0.5
d[1,5,2,98] = 0.5
d[1,5,2,99] = 0.5
d[1,5,2,109] = 0.5
d[1,5,2,121] = 0.5
d[1,5,2,124] = 0.5
d[1,5,2,126] = 0.5
d[1,5,3,0] = 0.5
d[1,5,3,2] = 0.5
d[1,5,3,3] = 0.5
d[1,5,3,5] = 0.5
d[1,5,3,8] = 0.5
d[1,5,3,9] = 0.5
d[1,5,3,10] = 0.5
d[1,5,3,13] = 0.5
d[1,5,3,14] = 0.5
d[1,5,3,15] = 0.5
d[1,5,3,16] = 0.5
d[1,5,3,17] = 0.5
d[1,5,3,18] = 0.5
d[1,5,3,19] = 0.5
d[1,5,3,20] = 0.5
d[1,5,3,22] = 0.5
d[1,5,3,26] = 0.5
d[1,5,3,28] = 0.5
d[1,5,3,30] = 0.5
d[1,5,3,31] = 0.5
d[1,5,3,35] = 0.5
d[1,5,3,39] = 0.5
d[1,5,3,40] = 0.5
d[1,5,3,42] = 0.5
d[1,5,3,44] = 0.5
d[1,5,3,46] = 0.5
d[1,5,3,47] = 0.5
d[1,5,3,48] = 0.5
d[1,5,3,49] = 0.5
d[1,5,3,50] = 0.5
d[1,5,3,51] = 0.5
d[1,5,3,52] = 0.5
d[1,5,3,54] = 0.5
d[1,5,3,56] = 0.5
d[1,5,3,57] = 0.5
d[1,5,3,58] = 0.5
d[1,5,3,63] = 0.5
d[1,5,3,66] = 0.5
d[1,5,3,73] = 0.5
d[1,5,3,98] = 0.5
d[1,5,3,99] = 0.5
d[1,5,3,109] = 0.5
d[1,5,3,121] = 0.5
d[1,5,3,124] = 0.5
d[1,5,3,126] = 0.5
d[2,0,L1,59] = 0.5
d[2,0,L1,60] = 0.5
d[2,0,L1,61] = 0.5
d[2,0,L1,63] = 0.5
d[2,0,L1,69] = 0.5
d[2,0,L1,71] = 0.5
d[2,0,L1,75] = 0.5
d[2,0,L1,77] = 0.5
d[2,0,L1,79] = 0.5
d[2,0,L1,80] = 0.5
d[2,0,L1,90] = 0.5
d[2,0,L1,91] = 0.5
d[2,0,L1,92] = 0.5
d[2,0,L1,93] = 0.5
d[2,0,L1,94] = 0.5
d[2,0,L1,96] = 0.5
d[2,0,L1,97] = 0.5
d[2,0,L1,99] = 0.5
d[2,0,L1,101] = 0.5
d[2,0,L1,102] = 0.5
d[2,0,L1,103] = 0.5
d[2,0,L1,105] = 0.5
d[2,0,L1,111] = 0.5
d[2,0,L1,114] = 0.5
d[2,0,L1,115] = 0.5
d[2,0,L1,118] = 0.5
d[2,0,L1,122] = 0.5
d[2,0,L1,123] = 0.5
d[2,0,L1,124] = 0.5
d[2,0,L1,125] = 0.5
d[2,0,L1,126] = 0.5
d[2,0,L1,127] = 0.5
d[2,0,L1,128] = 0.5
d[2,0,L2,134] = 0.5
d[2,0,L2,135] = 0.5
d[2,0,L2,136] = 0.5
d[2,0,L2,142] = 0.5
d[2,0,L2,143] = 0.5
d[2,0,L2,144] = 0.5
d[2,0,L2,145] = 0.5
d[2,0,L2,146] = 0.5
d[2,0,L2,147] = 0.5
d[2,0,L2,148] = 0.5
d[2,0,L2,149] = 0.5
d[2,0,L2,151] = 0.5
d[2,0,L2,152] = 0.5
d[2,0,L2,156] = 0.5
d[2,0,L2,157] = 0.5
d[2,0,L2,158] = 0.5
d[2,0,L2,160] = 0.5
d[2,0,L2,164] = 0.5
d[2,0,L2,165] = 0.5
d[2,0,L2,166] = 0.5
d[2,0,L2,167] = 0.5
d[2,0,L2,168] = 0.5
d[2,0,L2,169] = 0.5
d[2,0,L2,171] = 0.5
d[2,0,L2,172] = 0.5
d[2,0,L2,173] = 0.5
d[2,0,L2,174] = 0.5
d[2,0,L2,177] = 0.5
d[2,1,3,59] = 0.5
d[2,1,3,66] = 0.5
d[2,1,3,67] = 0.5
d[2,1,3,82] = 0.5
d[2,1,3,83] = 0.5
d[2,1,3,84] = 0.5
d[2,1,3,87] = 0.5
d[2,1,3,89] = 0.5
d[2,1,3,101] = 0.5
d[2,1,3,110] = 0.5
d[2,1,3,116] = 0.5
d[2,1,3,119] = 0.5
d[2,1,3,120] = 0.5
d[2,1,3,138] = 0.5
d[2,1,3,142] = 0.5
d[2,1,3,143] = 0.5
d[2,1,3,150] = 0.5
d[2,1,3,159] = 0.5
d[2,1,L2,130] = 0.5
d[2,1,L2,131] = 0.5
d[2,1,L2,132] = 0.5
d[2,1,L2,133] = 0.5
d[2,1,L2,137] = 0.5
d[2,1,L2,139] = 0.5
d[2,1,L2,140] = 0.5
d[2,1,L2,147] = 0.5
d[2,1,L2,150] = 0.5
d[2,1,L2,154] = 0.5
d[2,1,L2,158] = 0.5
d[2,1,L2,160] = 0.5
d[2,1,L2,162] = 0.5
d[2,1,L2,170] = 0.5
d[2,2,3,4] = 0.5
d[2,2,3,19] = 0.5
d[2,2,3,20] = 0.5
d[2,2,3,25] = 0.5
d[2,2,3,28] = 0.5
d[2,2,3,35] = 0.5
d[2,2,3,36] = 0.5
d[2,2,3,39] = 0.5
d[2,2,3,44] = 0.5
d[2,2,3,56] = 0.5
d[2,2,3,62] = 0.5
d[2,2,3,64] = 0.5
d[2,2,3,65] = 0.5
d[2,2,3,68] = 0.5
d[2,2,3,70] = 0.5
d[2,2,3,74] = 0.5
d[2,2,3,78] = 0.5
d[2,2,3,81] = 0.5
d[2,2,3,85] = 0.5
d[2,2,3,86] = 0.5
d[2,2,3,88] = 0.5
d[2,2,3,95] = 0.5
d[2,2,3,100] = 0.5
d[2,2,3,109] = 0.5
d[2,2,3,113] = 0.5
d[2,2,3,117] = 0.5
d[2,2,3,141] = 0.5
d[2,2,3,153] = 0.5
d[2,2,3,155] = 0.5
d[2,2,3,161] = 0.5
d[2,2,3,163] = 0.5
d[2,2,3,166] = 0.5
d[2,2,3,168] = 0.5
d[2,2,3,173] = 0.5
d[2,2,3,174] = 0.5
d[2,2,3,175] = 0.5
d[2,2,3,176] = 0.5
d[2,3,L0,0] = 0.5
d[2,3,L0,1] = 0.5
d[2,3,L0,2] = 0.5
d[2,3,L0,3] = 0.5
d[2,3,L0,5] = 0.5
d[2,3,L0,6] = 0.5
d[2,3,L0,7] = 0.5
d[2,3,L0,8] = 0.5
d[2,3,L0,9] = 0.5
d[2,3,L0,10] = 0.5
d[2,3,L0,12] = 0.5
d[2,3,L0,13] = 0.5
d[2,3,L0,14] = 0.5
d[2,3,L0,15] = 0.5
d[2,3,L0,16] = 0.5
d[2,3,L0,17] = 0.5
d[2,3,L0,18] = 0.5
d[2,3,L0,21] = 0.5
d[2,3,L0,22] = 0.5
d[2,3,L0,26] = 0.5
d[2,3,L0,30] = 0.5
d[2,3,L0,31] = 0.5
d[2,3,L0,32] = 0.5
d[2,3,L0,33] = 0.5
d[2,3,L0,34] = 0.5
d[2,3,L0,38] = 0.5
d[2,3,L0,41] = 0.5
d[2,3,L0,42] = 0.5
d[2,3,L0,45] = 0.5
d[2,3,L0,46] = 0.5
d[2,3,L0,47] = 0.5
d[2,3,L0,48] = 0.5
d[2,3,L0,49] = 0.5
d[2,3,L0,50] = 0.5
d[2,3,L0,51] = 0.5
d[2,3,L0,52] = 0.5
d[2,3,L0,53] = 0.5
d[2,3,L0,54] = 0.5
d[2,3,L0,55] = 0.5
d[2,3,L0,57] = 0.5
d[2,3,L0,58] = 0.5
d[2,4,L0,24] = 0.5
d[2,4,L0,41] = 0.5
d[2,4,L0,43] = 0.5
d[2,4,L0,55] = 0.5
d[2,5,3,0] = 0.5
d[2,5,3,8] = 0.5
d[2,5,3,13] = 0.5
d[2,5,3,15] = 0.5
d[2,5,3,20] = 0.5
d[2,5,3,22] = 0.5
d[2,5,3,30] = 0.5
d[2,5,3,40] = 0.5
d[2,5,3,51] = 0.5
d[2,5,3,52] = 0.5
d[2,5,3,57] = 0.5
d[2,5,3,58] = 0.5
d[2,5,3,66] = 0.5
d[2,5,3,73] = 0.5
d[2,5,3,98] = 0.5
d[2,5,3,121] = 0.5
d[2,5,3,126] = 0.5
d[3,0,L1,59] = 0.5
d[3,0,L1,60] = 0.5
d[3,0,L1,63] = 0.5
d[3,0,L1,64] = 0.5
d[3,0,L1,68] = 0.5
d[3,0,L1,69] = 0.5
d[3,0,L1,70] = 0.5
d[3,0,L1,71] = 0.5
d[3,0,L1,72] = 0.5
d[3,0,L1,75] = 0.5
d[3,0,L1,76] = 0.5
d[3,0,L1,77] = 0.5
d[3,0,L1,79] = 0.5
d[3,0,L1,80] = 0.5
d[3,0,L1,85] = 0.5
d[3,0,L1,86] = 0.5
d[3,0,L1,90] = 0.5
d[3,0,L1,93] = 0.5
d[3,0,L1,94] = 0.5
d[3,0,L1,96] = 0.5
d[3,0,L1,97] = 0.5
d[3,0,L1,99] = 0.5
d[3,0,L1,101] = 0.5
d[3,0,L1,102] = 0.5
d[3,0,L1,103] = 0.5
d[3,0,L1,105] = 0.5
d[3,0,L1,107] = 0.5
d[3,0,L1,108] = 0.5
d[3,0,L1,111] = 0.5
d[3,0,L1,113] = 0.5
d[3,0,L1,114] = 0.5
d[3,0,L1,115] = 0.5
d[3,0,L1,116] = 0.5
d[3,0,L1,117] = 0.5
d[3,0,L1,121] = 0.5
d[3,0,L1,122] = 0.5
d[3,0,L1,123] = 0.5
d[3,0,L1,124] = 0.5
d[3,0,L1,125] = 0.5
d[3,0,L1,126] = 0.5
d[3,0,L1,127] = 0.5
d[3,0,L1,128] = 0.5
d[3,0,L2,130] = 0.5
d[3,0,L2,131] = 0.5
d[3,0,L2,132] = 0.5
d[3,0,L2,133] = 0.5
d[3,0,L2,135] = 0.5
d[3,0,L2,136] = 0.5
d[3,0,L2,137] = 0.5
d[3,0,L2,138] = 0.5
d[3,0,L2,139] = 0.5
d[3,0,L2,140] = 0.5
d[3,0,L2,141] = 0.5
d[3,0,L2,144] = 0.5
d[3,0,L2,145] = 0.5
d[3,0,L2,146] = 0.5
d[3,0,L2,148] = 0.5
d[3,0,L2,149] = 0.5
d[3,0,L2,151] = 0.5
d[3,0,L2,152] = 0.5
d[3,0,L2,153] = 0.5
d[3,0,L2,155] = 0.5
d[3,0,L2,156] = 0.5
d[3,0,L2,157] = 0.5
d[3,0,L2,158] = 0.5
d[3,0,L2,159] = 0.5
d[3,0,L2,161] = 0.5
d[3,0,L2,162] = 0.5
d[3,0,L2,163] = 0.5
d[3,0,L2,166] = 0.5
d[3,0,L2,167] = 0.5
d[3,0,L2,168] = 0.5
d[3,0,L2,170] = 0.5
d[3,0,L2,171] = 0.5
d[3,0,L2,172] = 0.5
d[3,0,L2,173] = 0.5
d[3,0,L2,174] = 0.5
d[3,0,L2,175] = 0.5
d[3,0,L2,176] = 0.5
d[3,0,L2,177] = 0.5
d[3,1,L1,62] = 0.5
d[3,1,L1,66] = 0.5
d[3,1,L1,75] = 0.5
d[3,1,L1,77] = 0.5
d[3,1,L1,82] = 0.5
d[3,1,L1,83] = 0.5
d[3,1,L1,84] = 0.5
d[3,1,L1,87] = 0.5
d[3,1,L1,89] = 0.5
d[3,1,L1,90] = 0.5
d[3,1,L1,96] = 0.5
d[3,1,L1,98] = 0.5
d[3,1,L1,104] = 0.5
d[3,1,L1,106] = 0.5
d[3,1,L1,110] = 0.5
d[3,1,L1,112] = 0.5
d[3,1,L1,119] = 0.5
d[3,1,L1,120] = 0.5
d[3,1,L1,129] = 0.5
d[3,1,L2,131] = 0.5
d[3,1,L2,132] = 0.5
d[3,1,L2,133] = 0.5
d[3,1,L2,134] = 0.5
d[3,1,L2,137] = 0.5
d[3,1,L2,139] = 0.5
d[3,1,L2,140] = 0.5
d[3,1,L2,142] = 0.5
d[3,1,L2,143] = 0.5
d[3,1,L2,147] = 0.5
d[3,1,L2,150] = 0.5
d[3,1,L2,154] = 0.5
d[3,1,L2,158] = 0.5
d[3,1,L2,160] = 0.5
d[3,1,L2,162] = 0.5
d[3,1,L2,164] = 0.5
d[3,1,L2,165] = 0.5
d[3,1,L2,169] = 0.5
d[3,1,L2,170] = 0.5
d[3,2,L0,4] = 0.5
d[3,2,L0,19] = 0.5
d[3,2,L0,20] = 0.5
d[3,2,L0,21] = 0.5
d[3,2,L0,24] = 0.5
d[3,2,L0,35] = 0.5
d[3,2,L0,36] = 0.5
d[3,2,L0,39] = 0.5
d[3,2,L0,43] = 0.5
d[3,2,L0,44] = 0.5
d[3,2,L0,56] = 0.5
d[3,2,L1,60] = 0.5
d[3,2,L1,62] = 0.5
d[3,2,L1,64] = 0.5
d[3,2,L1,65] = 0.5
d[3,2,L1,67] = 0.5
d[3,2,L1,72] = 0.5
d[3,2,L1,74] = 0.5
d[3,2,L1,78] = 0.5
d[3,2,L1,81] = 0.5
d[3,2,L1,85] = 0.5
d[3,2,L1,86] = 0.5
d[3,2,L1,88] = 0.5
d[3,2,L1,95] = 0.5
d[3,2,L1,100] = 0.5
d[3,2,L1,104] = 0.5
d[3,2,L1,106] = 0.5
d[3,2,L1,109] = 0.5
d[3,2,L1,112] = 0.5
d[3,2,L1,113] = 0.5
d[3,2,L1,117] = 0.5
d[3,2,L1,129] = 0.5
d[3,3,L0,1] = 0.5
d[3,3,L0,5] = 0.5
d[3,3,L0,7] = 0.5
d[3,3,L0,9] = 0.5
d[3,3,L0,11] = 0.5
d[3,3,L0,14] = 0.5
d[3,3,L0,16] = 0.5
d[3,3,L0,21] = 0.5
d[3,3,L0,22] = 0.5
d[3,3,L0,23] = 0.5
d[3,3,L0,27] = 0.5
d[3,3,L0,29] = 0.5
d[3,3,L0,30] = 0.5
d[3,3,L0,32] = 0.5
d[3,3,L0,37] = 0.5
d[3,3,L0,41] = 0.5
d[3,3,L0,48] = 0.5
d[3,3,L0,49] = 0.5
d[3,3,L0,55] = 0.5
d[3,3,L0,57] = 0.5
d[3,3,L1,73] = 0.5
d[3,3,L1,93] = 0.5
d[3,3,L1,111] = 0.5
d[3,3,L1,127] = 0.5
d[3,4,L0,1] = 0.5
d[3,4,L0,4] = 0.5
d[3,4,L0,6] = 0.5
d[3,4,L0,12] = 0.5
d[3,4,L0,25] = 0.5
d[3,4,L0,33] = 0.5
d[3,4,L0,34] = 0.5
d[3,4,L0,38] = 0.5
d[3,4,L0,41] = 0.5
d[3,4,L0,45] = 0.5
d[3,4,L0,53] = 0.5
d[3,4,L0,55] = 0.5
d[3,5,L0,0] = 0.5
d[3,5,L0,2] = 0.5
d[3,5,L0,3] = 0.5
d[3,5,L0,8] = 0.5
d[3,5,L0,10] = 0.5
d[3,5,L0,13] = 0.5
d[3,5,L0,15] = 0.5
d[3,5,L0,17] = 0.5
d[3,5,L0,18] = 0.5
d[3,5,L0,22] = 0.5
d[3,5,L0,26] = 0.5
d[3,5,L0,28] = 0.5
d[3,5,L0,31] = 0.5
d[3,5,L0,35] = 0.5
d[3,5,L0,39] = 0.5
d[3,5,L0,40] = 0.5
d[3,5,L0,42] = 0.5
d[3,5,L0,46] = 0.5
d[3,5,L0,47] = 0.5
d[3,5,L0,48] = 0.5
d[3,5,L0,50] = 0.5
d[3,5,L0,51] = 0.5
d[3,5,L0,52] = 0.5
d[3,5,L0,54] = 0.5
d[3,5,L0,57] = 0.5
d[3,5,L0,58] = 0.5
u[2] = 0.5
u[3] = 0.5
z_u[1,0,2] = 0.5
z_u[1,0,3] = 0.5
z_u[1,1,2] = 0.5
z_u[1,1,3] = 0.5
z_u[1,3,2] = 0.5
z_u[1,3,3] = 0.5
z_u[1,4,2] = 0.5
z_u[1,4,3] = 0.5
z_u[1,5,2] = 0.5
z_u[1,5,3] = 0.5
z_u[2,2,3] = 0.5
o_u[2,2] = 0.5
o_u[2,5] = 0.5
o_u[3,2] = 0.5
o_u[3,5] = 0.5
------------------------------------------------------------------------
Saved hierarchical tree visualization to milp_tree_levels.png
Set parameter IntFeasTol to value 1e-09
Gurobi Optimizer version 12.0.3 build v12.0.3rc0 (linux64 - "Ubuntu 22.04.5 LTS")

CPU model: AMD EPYC 7742 64-Core Processor, instruction set [SSE2|AVX|AVX2]
Thread count: 128 physical cores, 256 logical processors, using up to 32 threads

Non-default parameters:
IntFeasTol  1e-09

Optimize a model with 106711 rows, 25034 columns and 327014 nonzeros
Model fingerprint: 0x1e3f09ec
Variable types: 24989 continuous, 45 integer (0 binary)
Coefficient statistics:
  Matrix range     [1e+00, 3e+00]
  Objective range  [1e+00, 3e+00]
  Bounds range     [1e+00, 1e+00]
  RHS range        [1e+00, 1e+03]
Presolve removed 83052 rows and 18530 columns
Presolve time: 0.76s
Presolved: 23659 rows, 6504 columns, 84212 nonzeros
Variable types: 6339 continuous, 165 integer (165 binary)
Found heuristic solution: objective 53.0000000
Found heuristic solution: objective 189.0000000

Root relaxation: objective 1.915000e+02, 7272 iterations, 0.75 seconds (0.83 work units)

    Nodes    |    Current Node    |     Objective Bounds      |     Work
 Expl Unexpl |  Obj  Depth IntInf | Incumbent    BestBd   Gap | It/Node Time

     0     0  191.50000    0    8  189.00000  191.50000  1.32%     -    2s
H    0     0                     190.1000000  191.37500  0.67%     -    3s
     0     0  191.37500    0   75  190.10000  191.37500  0.67%     -    3s
     0     0  191.25000    0   76  190.10000  191.25000  0.60%     -    4s
     0     0  191.22222    0   71  190.10000  191.22222  0.59%     -    5s
     0     0  191.00000    0  113  190.10000  191.00000  0.47%     -    6s
H    0     0                     191.0000000  191.00000  0.00%     -    6s

Cutting planes:
  Gomory: 8
  MIR: 61
  Flow cover: 110
  Zero half: 2
  RLT: 31
  Relax-and-lift: 5
  BQP: 22

Explored 1 nodes (16772 simplex iterations) in 6.25 seconds (5.98 work units)
Thread count was 32 (of 256 available processors)

Solution count 4: 191 190.1 189 53 

Optimal solution found (tolerance 1.00e-04)
Best objective 1.910000000000e+02, best bound 1.910000000000e+02, gap 0.0000%
Objective value: 191.0
lam[0,0] = 0
lam[0,1] = 0
lam[0,2] = 0
lam[0,3] = 0
lam[0,4] = 0
lam[0,5] = 1
lam[0,6] = 0
lam[0,7] = 0
lam[0,8] = 0
lam[1,0] = 0
lam[1,1] = 0
lam[1,2] = 1
lam[1,3] = 0
lam[1,4] = 0
lam[1,5] = 0
lam[1,6] = 0
lam[1,7] = 0
lam[1,8] = 0
lam[2,0] = 0
lam[2,1] = 0
lam[2,2] = 0.5
lam[2,3] = 0
lam[2,4] = 0
lam[2,5] = 0.5
lam[2,6] = 0
lam[2,7] = 0
lam[2,8] = 0
lam[3,0] = 0
lam[3,1] = 0
lam[3,2] = 0.5
lam[3,3] = 0
lam[3,4] = 0
lam[3,5] = 0.5
lam[3,6] = 0
lam[3,7] = 0
lam[3,8] = 0
tau[0,0,1] = 1
tau[0,0,2] = 0
tau[0,0,3] = 0
tau[0,0,L0] = 0
tau[0,0,L1] = 0
tau[0,0,L2] = 0
tau[0,1,1] = 1
tau[0,1,2] = 0
tau[0,1,3] = 0
tau[0,1,L0] = 0
tau[0,1,L1] = 0
tau[0,1,L2] = 0
tau[0,2,1] = 1
tau[0,2,2] = 0
tau[0,2,3] = 0
tau[0,2,L0] = 0
tau[0,2,L1] = 0
tau[0,2,L2] = 0
tau[0,3,1] = 1
tau[0,3,2] = 0
tau[0,3,3] = 0
tau[0,3,L0] = 0
tau[0,3,L1] = 0
tau[0,3,L2] = 0
tau[0,4,1] = 0
tau[0,4,2] = 0
tau[0,4,3] = 0
tau[0,4,L0] = 0
tau[0,4,L1] = 0
tau[0,4,L2] = 0
tau[0,5,1] = 0
tau[0,5,2] = 0
tau[0,5,3] = 0
tau[0,5,L0] = 0
tau[0,5,L1] = 0
tau[0,5,L2] = 0
tau[1,0,2] = 0.5
tau[1,0,3] = 0.5
tau[1,0,L0] = 0
tau[1,0,L1] = 0
tau[1,0,L2] = 0
tau[1,1,2] = 0.5
tau[1,1,3] = 0.5
tau[1,1,L0] = 0
tau[1,1,L1] = 0
tau[1,1,L2] = 0
tau[1,2,2] = 0
tau[1,2,3] = 0
tau[1,2,L0] = 0
tau[1,2,L1] = 1
tau[1,2,L2] = 0
tau[1,3,2] = 0.5
tau[1,3,3] = 0.5
tau[1,3,L0] = 0
tau[1,3,L1] = 0
tau[1,3,L2] = 0
tau[1,4,2] = 0.5
tau[1,4,3] = 0.5
tau[1,4,L0] = 0
tau[1,4,L1] = 0
tau[1,4,L2] = 0
tau[1,5,2] = 0.5
tau[1,5,3] = 0.5
tau[1,5,L0] = 0
tau[1,5,L1] = 0
tau[1,5,L2] = 0
tau[2,0,3] = 0
tau[2,0,L0] = 0
tau[2,0,L1] = 0.5
tau[2,0,L2] = 0.5
tau[2,1,3] = 0.5
tau[2,1,L0] = 0
tau[2,1,L1] = 0
tau[2,1,L2] = 0.5
tau[2,2,3] = 1
tau[2,2,L0] = 0
tau[2,2,L1] = 0
tau[2,2,L2] = 0
tau[2,3,3] = 0
tau[2,3,L0] = 1
tau[2,3,L1] = 0
tau[2,3,L2] = 0
tau[2,4,3] = 0
tau[2,4,L0] = 0.5
tau[2,4,L1] = 0
tau[2,4,L2] = 0
tau[2,5,3] = 0.5
tau[2,5,L0] = 0
tau[2,5,L1] = 0
tau[2,5,L2] = 0
tau[3,0,L0] = 0
tau[3,0,L1] = 1
tau[3,0,L2] = 0.5
tau[3,1,L0] = 0
tau[3,1,L1] = 0.5
tau[3,1,L2] = 0.5
tau[3,2,L0] = 0.5
tau[3,2,L1] = 0.5
tau[3,2,L2] = 0
tau[3,3,L0] = 0.5
tau[3,3,L1] = 0.5
tau[3,3,L2] = 0
tau[3,4,L0] = 0.5
tau[3,4,L1] = 0
tau[3,4,L2] = 0
tau[3,5,L0] = 0.5
tau[3,5,L1] = 0
tau[3,5,L2] = 0
m[0,0] = 1
m[0,1] = 1
m[0,2] = 1
m[0,3] = 1
m[0,4] = 1
m[0,5] = 1
m[0,6] = 1
m[0,7] = 1
m[0,8] = 1
m[0,9] = 1
m[0,10] = 1
m[0,11] = 1
m[0,12] = 1
m[0,13] = 1
m[0,14] = 1
m[0,15] = 1
m[0,16] = 1
m[0,17] = 1
m[0,18] = 1
m[0,19] = 1
m[0,20] = 1
m[0,21] = 1
m[0,22] = 1
m[0,23] = 1
m[0,24] = 1
m[0,25] = 1
m[0,26] = 1
m[0,27] = 1
m[0,28] = 1
m[0,29] = 1
m[0,30] = 1
m[0,31] = 1
m[0,32] = 1
m[0,33] = 1
m[0,34] = 1
m[0,35] = 1
m[0,36] = 1
m[0,37] = 1
m[0,38] = 1
m[0,39] = 1
m[0,40] = 1
m[0,41] = 1
m[0,42] = 1
m[0,43] = 1
m[0,44] = 1
m[0,45] = 1
m[0,46] = 1
m[0,47] = 1
m[0,48] = 1
m[0,49] = 1
m[0,50] = 1
m[0,51] = 1
m[0,52] = 1
m[0,53] = 1
m[0,54] = 1
m[0,55] = 1
m[0,56] = 1
m[0,57] = 1
m[0,58] = 1
m[0,59] = 1
m[0,60] = 1
m[0,61] = 1
m[0,62] = 1
m[0,63] = 1
m[0,64] = 1
m[0,65] = 1
m[0,66] = 1
m[0,67] = 1
m[0,68] = 1
m[0,69] = 1
m[0,70] = 1
m[0,71] = 1
m[0,72] = 1
m[0,73] = 1
m[0,74] = 1
m[0,75] = 1
m[0,76] = 1
m[0,77] = 1
m[0,78] = 1
m[0,79] = 1
m[0,80] = 1
m[0,81] = 1
m[0,82] = 1
m[0,83] = 1
m[0,84] = 1
m[0,85] = 1
m[0,86] = 1
m[0,87] = 1
m[0,88] = 1
m[0,89] = 1
m[0,90] = 1
m[0,91] = 1
m[0,92] = 1
m[0,93] = 1
m[0,94] = 1
m[0,95] = 1
m[0,96] = 1
m[0,97] = 1
m[0,98] = 1
m[0,99] = 1
m[0,100] = 1
m[0,101] = 1
m[0,102] = 1
m[0,103] = 1
m[0,104] = 1
m[0,105] = 1
m[0,106] = 1
m[0,107] = 1
m[0,108] = 1
m[0,109] = 1
m[0,110] = 1
m[0,111] = 1
m[0,112] = 1
m[0,113] = 1
m[0,114] = 1
m[0,115] = 1
m[0,116] = 1
m[0,117] = 1
m[0,118] = 1
m[0,119] = 1
m[0,120] = 1
m[0,121] = 1
m[0,122] = 1
m[0,123] = 1
m[0,124] = 1
m[0,125] = 1
m[0,126] = 1
m[0,127] = 1
m[0,128] = 1
m[0,129] = 1
m[0,130] = 1
m[0,131] = 1
m[0,132] = 1
m[0,133] = 1
m[0,134] = 1
m[0,135] = 1
m[0,136] = 1
m[0,137] = 1
m[0,138] = 1
m[0,139] = 1
m[0,140] = 1
m[0,141] = 1
m[0,142] = 1
m[0,143] = 1
m[0,144] = 1
m[0,145] = 1
m[0,146] = 1
m[0,147] = 1
m[0,148] = 1
m[0,149] = 1
m[0,150] = 1
m[0,151] = 1
m[0,152] = 1
m[0,153] = 1
m[0,154] = 1
m[0,155] = 1
m[0,156] = 1
m[0,157] = 1
m[0,158] = 1
m[0,159] = 1
m[0,160] = 1
m[0,161] = 1
m[0,162] = 1
m[0,163] = 1
m[0,164] = 1
m[0,165] = 1
m[0,166] = 1
m[0,167] = 1
m[0,168] = 1
m[0,169] = 1
m[0,170] = 1
m[0,171] = 1
m[0,172] = 1
m[0,173] = 1
m[0,174] = 1
m[0,175] = 1
m[0,176] = 1
m[0,177] = 1
u[0] = 1
u[1] = 1
u[2] = 0.5
u[3] = 0.5
o_u[0,0] = 0
o_u[0,1] = 0
o_u[0,2] = 0
o_u[0,3] = 0
o_u[0,4] = 0
o_u[0,5] = 1
o_u[0,6] = 0
o_u[0,7] = 0
o_u[0,8] = 0
o_u[1,0] = 0
o_u[1,1] = 0
o_u[1,2] = 1
o_u[1,3] = 0
o_u[1,4] = 0
o_u[1,5] = 0
o_u[1,6] = 0
o_u[1,7] = 0
o_u[1,8] = 0
o_u[2,0] = 0
o_u[2,1] = 0
o_u[2,2] = 0.5
o_u[2,3] = 0
o_u[2,4] = 0
o_u[2,5] = 0.5
o_u[2,6] = 0
o_u[2,7] = 0
o_u[2,8] = 0
o_u[3,0] = 0
o_u[3,1] = 0
o_u[3,2] = 0.5
o_u[3,3] = 0
o_u[3,4] = 0
o_u[3,5] = 0.5
o_u[3,6] = 0
o_u[3,7] = 0
o_u[3,8] = 0
------------------------------------------------------------------------
lam[2,2] = 0.5
lam[2,5] = 0.5
lam[3,2] = 0.5
lam[3,5] = 0.5
tau[1,0,2] = 0.5
tau[1,0,3] = 0.5
tau[1,1,2] = 0.5
tau[1,1,3] = 0.5
tau[1,3,2] = 0.5
tau[1,3,3] = 0.5
tau[1,4,2] = 0.5
tau[1,4,3] = 0.5
tau[1,5,2] = 0.5
tau[1,5,3] = 0.5
tau[2,0,L1] = 0.5
tau[2,0,L2] = 0.5
tau[2,1,3] = 0.5
tau[2,1,L2] = 0.5
tau[2,4,L0] = 0.5
tau[2,5,3] = 0.5
tau[3,0,L2] = 0.5
tau[3,1,L1] = 0.5
tau[3,1,L2] = 0.5
tau[3,2,L0] = 0.5
tau[3,2,L1] = 0.5
tau[3,3,L0] = 0.5
tau[3,3,L1] = 0.5
tau[3,4,L0] = 0.5
tau[3,5,L0] = 0.5
m[2,0] = 0.5
m[2,1] = 0.5
m[2,2] = 0.5
m[2,3] = 0.5
m[2,4] = 0.5
m[2,5] = 0.5
m[2,6] = 0.5
m[2,7] = 0.5
m[2,9] = 0.5
m[2,10] = 0.5
m[2,12] = 0.5
m[2,13] = 0.5
m[2,14] = 0.5
m[2,15] = 0.5
m[2,16] = 0.5
m[2,17] = 0.5
m[2,18] = 0.5
m[2,19] = 0.5
m[2,21] = 0.5
m[2,22] = 0.5
m[2,24] = 0.5
m[2,25] = 0.5
m[2,26] = 0.5
m[2,28] = 0.5
m[2,30] = 0.5
m[2,31] = 0.5
m[2,32] = 0.5
m[2,33] = 0.5
m[2,34] = 0.5
m[2,35] = 0.5
m[2,36] = 0.5
m[2,38] = 0.5
m[2,39] = 0.5
m[2,40] = 0.5
m[2,41] = 0.5
m[2,42] = 0.5
m[2,43] = 0.5
m[2,44] = 0.5
m[2,45] = 0.5
m[2,46] = 0.5
m[2,47] = 0.5
m[2,48] = 0.5
m[2,49] = 0.5
m[2,50] = 0.5
m[2,52] = 0.5
m[2,53] = 0.5
m[2,54] = 0.5
m[2,55] = 0.5
m[2,56] = 0.5
m[2,57] = 0.5
m[2,59] = 0.5
m[2,60] = 0.5
m[2,61] = 0.5
m[2,62] = 0.5
m[2,63] = 0.5
m[2,64] = 0.5
m[2,65] = 0.5
m[2,68] = 0.5
m[2,69] = 0.5
m[2,70] = 0.5
m[2,71] = 0.5
m[2,73] = 0.5
m[2,74] = 0.5
m[2,75] = 0.5
m[2,77] = 0.5
m[2,78] = 0.5
m[2,79] = 0.5
m[2,80] = 0.5
m[2,81] = 0.5
m[2,82] = 0.5
m[2,83] = 0.5
m[2,84] = 0.5
m[2,85] = 0.5
m[2,86] = 0.5
m[2,87] = 0.5
m[2,88] = 0.5
m[2,89] = 0.5
m[2,90] = 0.5
m[2,91] = 0.5
m[2,92] = 0.5
m[2,93] = 0.5
m[2,94] = 0.5
m[2,95] = 0.5
m[2,96] = 0.5
m[2,97] = 0.5
m[2,98] = 0.5
m[2,99] = 0.5
m[2,100] = 0.5
m[2,101] = 0.5
m[2,103] = 0.5
m[2,109] = 0.5
m[2,110] = 0.5
m[2,111] = 0.5
m[2,113] = 0.5
m[2,114] = 0.5
m[2,115] = 0.5
m[2,116] = 0.5
m[2,117] = 0.5
m[2,118] = 0.5
m[2,119] = 0.5
m[2,120] = 0.5
m[2,121] = 0.5
m[2,123] = 0.5
m[2,124] = 0.5
m[2,125] = 0.5
m[2,127] = 0.5
m[2,128] = 0.5
m[2,130] = 0.5
m[2,131] = 0.5
m[2,132] = 0.5
m[2,133] = 0.5
m[2,134] = 0.5
m[2,135] = 0.5
m[2,136] = 0.5
m[2,137] = 0.5
m[2,138] = 0.5
m[2,139] = 0.5
m[2,140] = 0.5
m[2,141] = 0.5
m[2,144] = 0.5
m[2,145] = 0.5
m[2,146] = 0.5
m[2,147] = 0.5
m[2,148] = 0.5
m[2,149] = 0.5
m[2,151] = 0.5
m[2,152] = 0.5
m[2,153] = 0.5
m[2,154] = 0.5
m[2,155] = 0.5
m[2,156] = 0.5
m[2,157] = 0.5
m[2,158] = 0.5
m[2,159] = 0.5
m[2,160] = 0.5
m[2,161] = 0.5
m[2,162] = 0.5
m[2,163] = 0.5
m[2,164] = 0.5
m[2,165] = 0.5
m[2,166] = 0.5
m[2,167] = 0.5
m[2,168] = 0.5
m[2,169] = 0.5
m[2,170] = 0.5
m[2,171] = 0.5
m[2,172] = 0.5
m[2,173] = 0.5
m[2,174] = 0.5
m[2,175] = 0.5
m[2,176] = 0.5
m[2,177] = 0.5
m[3,0] = 0.5
m[3,2] = 0.5
m[3,3] = 0.5
m[3,4] = 0.5
m[3,5] = 0.5
m[3,6] = 0.5
m[3,7] = 0.5
m[3,8] = 0.5
m[3,9] = 0.5
m[3,10] = 0.5
m[3,11] = 0.5
m[3,12] = 0.5
m[3,13] = 0.5
m[3,14] = 0.5
m[3,15] = 0.5
m[3,16] = 0.5
m[3,17] = 0.5
m[3,18] = 0.5
m[3,19] = 0.5
m[3,20] = 0.5
m[3,21] = 0.5
m[3,23] = 0.5
m[3,24] = 0.5
m[3,25] = 0.5
m[3,26] = 0.5
m[3,27] = 0.5
m[3,28] = 0.5
m[3,29] = 0.5
m[3,30] = 0.5
m[3,31] = 0.5
m[3,32] = 0.5
m[3,33] = 0.5
m[3,34] = 0.5
m[3,36] = 0.5
m[3,37] = 0.5
m[3,38] = 0.5
m[3,40] = 0.5
m[3,41] = 0.5
m[3,42] = 0.5
m[3,43] = 0.5
m[3,44] = 0.5
m[3,45] = 0.5
m[3,46] = 0.5
m[3,47] = 0.5
m[3,48] = 0.5
m[3,49] = 0.5
m[3,50] = 0.5
m[3,51] = 0.5
m[3,52] = 0.5
m[3,53] = 0.5
m[3,54] = 0.5
m[3,55] = 0.5
m[3,56] = 0.5
m[3,58] = 0.5
m[3,59] = 0.5
m[3,60] = 0.5
m[3,63] = 0.5
m[3,65] = 0.5
m[3,66] = 0.5
m[3,67] = 0.5
m[3,68] = 0.5
m[3,69] = 0.5
m[3,70] = 0.5
m[3,71] = 0.5
m[3,72] = 0.5
m[3,73] = 0.5
m[3,74] = 0.5
m[3,76] = 0.5
m[3,78] = 0.5
m[3,79] = 0.5
m[3,80] = 0.5
m[3,81] = 0.5
m[3,82] = 0.5
m[3,83] = 0.5
m[3,84] = 0.5
m[3,87] = 0.5
m[3,88] = 0.5
m[3,89] = 0.5
m[3,93] = 0.5
m[3,94] = 0.5
m[3,95] = 0.5
m[3,97] = 0.5
m[3,98] = 0.5
m[3,99] = 0.5
m[3,100] = 0.5
m[3,101] = 0.5
m[3,102] = 0.5
m[3,103] = 0.5
m[3,105] = 0.5
m[3,107] = 0.5
m[3,108] = 0.5
m[3,109] = 0.5
m[3,110] = 0.5
m[3,114] = 0.5
m[3,115] = 0.5
m[3,116] = 0.5
m[3,119] = 0.5
m[3,120] = 0.5
m[3,121] = 0.5
m[3,122] = 0.5
m[3,123] = 0.5
m[3,124] = 0.5
m[3,125] = 0.5
m[3,126] = 0.5
m[3,128] = 0.5
m[3,130] = 0.5
m[3,134] = 0.5
m[3,135] = 0.5
m[3,136] = 0.5
m[3,138] = 0.5
m[3,141] = 0.5
m[3,142] = 0.5
m[3,143] = 0.5
m[3,144] = 0.5
m[3,145] = 0.5
m[3,146] = 0.5
m[3,147] = 0.5
m[3,148] = 0.5
m[3,149] = 0.5
m[3,150] = 0.5
m[3,151] = 0.5
m[3,152] = 0.5
m[3,153] = 0.5
m[3,154] = 0.5
m[3,155] = 0.5
m[3,156] = 0.5
m[3,157] = 0.5
m[3,159] = 0.5
m[3,160] = 0.5
m[3,161] = 0.5
m[3,163] = 0.5
m[3,164] = 0.5
m[3,165] = 0.5
m[3,166] = 0.5
m[3,167] = 0.5
m[3,168] = 0.5
m[3,169] = 0.5
m[3,171] = 0.5
m[3,172] = 0.5
m[3,173] = 0.5
m[3,174] = 0.5
m[3,175] = 0.5
m[3,176] = 0.5
m[3,177] = 0.5
b[2,0,59] = 0.5
b[2,0,60] = 0.5
b[2,0,63] = 0.5
b[2,0,64] = 0.5
b[2,0,68] = 0.5
b[2,0,69] = 0.5
b[2,0,70] = 0.5
b[2,0,71] = 0.5
b[2,0,72] = 0.5
b[2,0,75] = 0.5
b[2,0,76] = 0.5
b[2,0,77] = 0.5
b[2,0,79] = 0.5
b[2,0,80] = 0.5
b[2,0,85] = 0.5
b[2,0,86] = 0.5
b[2,0,90] = 0.5
b[2,0,93] = 0.5
b[2,0,94] = 0.5
b[2,0,96] = 0.5
b[2,0,97] = 0.5
b[2,0,99] = 0.5
b[2,0,101] = 0.5
b[2,0,102] = 0.5
b[2,0,103] = 0.5
b[2,0,105] = 0.5
b[2,0,107] = 0.5
b[2,0,108] = 0.5
b[2,0,111] = 0.5
b[2,0,113] = 0.5
b[2,0,114] = 0.5
b[2,0,115] = 0.5
b[2,0,116] = 0.5
b[2,0,117] = 0.5
b[2,0,121] = 0.5
b[2,0,122] = 0.5
b[2,0,123] = 0.5
b[2,0,124] = 0.5
b[2,0,125] = 0.5
b[2,0,126] = 0.5
b[2,0,127] = 0.5
b[2,0,128] = 0.5
b[2,0,130] = 0.5
b[2,0,131] = 0.5
b[2,0,132] = 0.5
b[2,0,133] = 0.5
b[2,0,134] = 0.5
b[2,0,135] = 0.5
b[2,0,136] = 0.5
b[2,0,137] = 0.5
b[2,0,138] = 0.5
b[2,0,139] = 0.5
b[2,0,140] = 0.5
b[2,0,141] = 0.5
b[2,0,142] = 0.5
b[2,0,143] = 0.5
b[2,0,144] = 0.5
b[2,0,145] = 0.5
b[2,0,147] = 0.5
b[2,0,148] = 0.5
b[2,0,149] = 0.5
b[2,0,153] = 0.5
b[2,0,154] = 0.5
b[2,0,155] = 0.5
b[2,0,157] = 0.5
b[2,0,158] = 0.5
b[2,0,159] = 0.5
b[2,0,160] = 0.5
b[2,0,161] = 0.5
b[2,0,162] = 0.5
b[2,0,163] = 0.5
b[2,0,164] = 0.5
b[2,0,165] = 0.5
b[2,0,166] = 0.5
b[2,0,167] = 0.5
b[2,0,168] = 0.5
b[2,0,169] = 0.5
b[2,0,170] = 0.5
b[2,0,172] = 0.5
b[2,0,173] = 0.5
b[2,0,174] = 0.5
b[2,0,175] = 0.5
b[2,0,176] = 0.5
b[2,0,177] = 0.5
b[2,1,59] = 0.5
b[2,1,62] = 0.5
b[2,1,66] = 0.5
b[2,1,67] = 0.5
b[2,1,75] = 0.5
b[2,1,77] = 0.5
b[2,1,84] = 0.5
b[2,1,90] = 0.5
b[2,1,96] = 0.5
b[2,1,98] = 0.5
b[2,1,101] = 0.5
b[2,1,103] = 0.5
b[2,1,104] = 0.5
b[2,1,106] = 0.5
b[2,1,110] = 0.5
b[2,1,112] = 0.5
b[2,1,116] = 0.5
b[2,1,120] = 0.5
b[2,1,129] = 0.5
b[2,1,130] = 0.5
b[2,1,131] = 0.5
b[2,1,132] = 0.5
b[2,1,133] = 0.5
b[2,1,134] = 0.5
b[2,1,137] = 0.5
b[2,1,138] = 0.5
b[2,1,139] = 0.5
b[2,1,140] = 0.5
b[2,1,142] = 0.5
b[2,1,143] = 0.5
b[2,1,147] = 0.5
b[2,1,148] = 0.5
b[2,1,149] = 0.5
b[2,1,154] = 0.5
b[2,1,158] = 0.5
b[2,1,159] = 0.5
b[2,1,160] = 0.5
b[2,1,162] = 0.5
b[2,1,164] = 0.5
b[2,1,165] = 0.5
b[2,1,169] = 0.5
b[2,1,170] = 0.5
b[2,1,172] = 0.5
b[2,1,177] = 0.5
b[2,2,4] = 0.5
b[2,2,19] = 0.5
b[2,2,20] = 0.5
b[2,2,21] = 0.5
b[2,2,24] = 0.5
b[2,2,25] = 0.5
b[2,2,28] = 0.5
b[2,2,35] = 0.5
b[2,2,36] = 0.5
b[2,2,39] = 0.5
b[2,2,40] = 0.5
b[2,2,43] = 0.5
b[2,2,44] = 0.5
b[2,2,56] = 0.5
b[2,2,60] = 0.5
b[2,2,62] = 0.5
b[2,2,64] = 0.5
b[2,2,65] = 0.5
b[2,2,67] = 0.5
b[2,2,68] = 0.5
b[2,2,69] = 0.5
b[2,2,70] = 0.5
b[2,2,72] = 0.5
b[2,2,74] = 0.5
b[2,2,76] = 0.5
b[2,2,81] = 0.5
b[2,2,85] = 0.5
b[2,2,86] = 0.5
b[2,2,95] = 0.5
b[2,2,100] = 0.5
b[2,2,102] = 0.5
b[2,2,104] = 0.5
b[2,2,105] = 0.5
b[2,2,106] = 0.5
b[2,2,107] = 0.5
b[2,2,108] = 0.5
b[2,2,109] = 0.5
b[2,2,112] = 0.5
b[2,2,113] = 0.5
b[2,2,117] = 0.5
b[2,2,122] = 0.5
b[2,2,129] = 0.5
b[2,2,135] = 0.5
b[2,2,136] = 0.5
b[2,2,141] = 0.5
b[2,2,144] = 0.5
b[2,2,145] = 0.5
b[2,2,153] = 0.5
b[2,2,155] = 0.5
b[2,2,157] = 0.5
b[2,2,161] = 0.5
b[2,2,163] = 0.5
b[2,2,166] = 0.5
b[2,2,167] = 0.5
b[2,2,168] = 0.5
b[2,2,173] = 0.5
b[2,2,174] = 0.5
b[2,2,175] = 0.5
b[2,2,176] = 0.5
b[2,3,0] = 0.5
b[2,3,1] = 0.5
b[2,3,2] = 0.5
b[2,3,3] = 0.5
b[2,3,5] = 0.5
b[2,3,6] = 0.5
b[2,3,7] = 0.5
b[2,3,8] = 0.5
b[2,3,9] = 0.5
b[2,3,10] = 0.5
b[2,3,12] = 0.5
b[2,3,13] = 0.5
b[2,3,14] = 0.5
b[2,3,15] = 0.5
b[2,3,16] = 0.5
b[2,3,17] = 0.5
b[2,3,18] = 0.5
b[2,3,21] = 0.5
b[2,3,22] = 0.5
b[2,3,26] = 0.5
b[2,3,30] = 0.5
b[2,3,31] = 0.5
b[2,3,32] = 0.5
b[2,3,33] = 0.5
b[2,3,34] = 0.5
b[2,3,38] = 0.5
b[2,3,41] = 0.5
b[2,3,42] = 0.5
b[2,3,45] = 0.5
b[2,3,46] = 0.5
b[2,3,47] = 0.5
b[2,3,48] = 0.5
b[2,3,49] = 0.5
b[2,3,50] = 0.5
b[2,3,51] = 0.5
b[2,3,52] = 0.5
b[2,3,53] = 0.5
b[2,3,54] = 0.5
b[2,3,55] = 0.5
b[2,3,57] = 0.5
b[2,3,58] = 0.5
b[2,3,73] = 0.5
b[2,3,74] = 0.5
b[2,3,80] = 0.5
b[2,3,84] = 0.5
b[2,3,93] = 0.5
b[2,3,94] = 0.5
b[2,3,95] = 0.5
b[2,3,100] = 0.5
b[2,3,111] = 0.5
b[2,3,114] = 0.5
b[2,3,115] = 0.5
b[2,3,127] = 0.5
b[2,3,128] = 0.5
b[2,4,1] = 0.5
b[2,4,4] = 0.5
b[2,4,6] = 0.5
b[2,4,7] = 0.5
b[2,4,12] = 0.5
b[2,4,24] = 0.5
b[2,4,25] = 0.5
b[2,4,32] = 0.5
b[2,4,33] = 0.5
b[2,4,34] = 0.5
b[2,4,36] = 0.5
b[2,4,38] = 0.5
b[2,4,41] = 0.5
b[2,4,43] = 0.5
b[2,4,45] = 0.5
b[2,4,53] = 0.5
b[2,4,55] = 0.5
b[2,4,65] = 0.5
b[2,4,71] = 0.5
b[2,4,79] = 0.5
b[2,4,81] = 0.5
b[2,4,97] = 0.5
b[2,4,110] = 0.5
b[2,4,120] = 0.5
b[2,4,123] = 0.5
b[2,4,125] = 0.5
b[2,5,0] = 0.5
b[2,5,2] = 0.5
b[2,5,3] = 0.5
b[2,5,5] = 0.5
b[2,5,8] = 0.5
b[2,5,9] = 0.5
b[2,5,10] = 0.5
b[2,5,13] = 0.5
b[2,5,14] = 0.5
b[2,5,15] = 0.5
b[2,5,16] = 0.5
b[2,5,17] = 0.5
b[2,5,18] = 0.5
b[2,5,19] = 0.5
b[2,5,20] = 0.5
b[2,5,22] = 0.5
b[2,5,26] = 0.5
b[2,5,28] = 0.5
b[2,5,30] = 0.5
b[2,5,31] = 0.5
b[2,5,35] = 0.5
b[2,5,39] = 0.5
b[2,5,40] = 0.5
b[2,5,42] = 0.5
b[2,5,44] = 0.5
b[2,5,46] = 0.5
b[2,5,47] = 0.5
b[2,5,48] = 0.5
b[2,5,49] = 0.5
b[2,5,50] = 0.5
b[2,5,51] = 0.5
b[2,5,52] = 0.5
b[2,5,54] = 0.5
b[2,5,56] = 0.5
b[2,5,57] = 0.5
b[2,5,58] = 0.5
b[2,5,63] = 0.5
b[2,5,66] = 0.5
b[2,5,73] = 0.5
b[2,5,98] = 0.5
b[2,5,99] = 0.5
b[2,5,109] = 0.5
b[2,5,121] = 0.5
b[2,5,124] = 0.5
b[2,5,126] = 0.5
b[3,0,59] = 0.5
b[3,0,60] = 0.5
b[3,0,63] = 0.5
b[3,0,64] = 0.5
b[3,0,68] = 0.5
b[3,0,69] = 0.5
b[3,0,70] = 0.5
b[3,0,71] = 0.5
b[3,0,72] = 0.5
b[3,0,75] = 0.5
b[3,0,76] = 0.5
b[3,0,77] = 0.5
b[3,0,79] = 0.5
b[3,0,80] = 0.5
b[3,0,85] = 0.5
b[3,0,86] = 0.5
b[3,0,90] = 0.5
b[3,0,93] = 0.5
b[3,0,94] = 0.5
b[3,0,96] = 0.5
b[3,0,97] = 0.5
b[3,0,99] = 0.5
b[3,0,101] = 0.5
b[3,0,102] = 0.5
b[3,0,103] = 0.5
b[3,0,105] = 0.5
b[3,0,107] = 0.5
b[3,0,108] = 0.5
b[3,0,111] = 0.5
b[3,0,113] = 0.5
b[3,0,114] = 0.5
b[3,0,115] = 0.5
b[3,0,116] = 0.5
b[3,0,117] = 0.5
b[3,0,121] = 0.5
b[3,0,122] = 0.5
b[3,0,123] = 0.5
b[3,0,124] = 0.5
b[3,0,125] = 0.5
b[3,0,126] = 0.5
b[3,0,127] = 0.5
b[3,0,128] = 0.5
b[3,0,130] = 0.5
b[3,0,131] = 0.5
b[3,0,132] = 0.5
b[3,0,133] = 0.5
b[3,0,134] = 0.5
b[3,0,135] = 0.5
b[3,0,136] = 0.5
b[3,0,137] = 0.5
b[3,0,138] = 0.5
b[3,0,139] = 0.5
b[3,0,140] = 0.5
b[3,0,141] = 0.5
b[3,0,142] = 0.5
b[3,0,143] = 0.5
b[3,0,144] = 0.5
b[3,0,145] = 0.5
b[3,0,147] = 0.5
b[3,0,148] = 0.5
b[3,0,149] = 0.5
b[3,0,153] = 0.5
b[3,0,154] = 0.5
b[3,0,155] = 0.5
b[3,0,157] = 0.5
b[3,0,158] = 0.5
b[3,0,159] = 0.5
b[3,0,160] = 0.5
b[3,0,161] = 0.5
b[3,0,162] = 0.5
b[3,0,163] = 0.5
b[3,0,164] = 0.5
b[3,0,165] = 0.5
b[3,0,166] = 0.5
b[3,0,167] = 0.5
b[3,0,168] = 0.5
b[3,0,169] = 0.5
b[3,0,170] = 0.5
b[3,0,172] = 0.5
b[3,0,173] = 0.5
b[3,0,174] = 0.5
b[3,0,175] = 0.5
b[3,0,176] = 0.5
b[3,0,177] = 0.5
b[3,1,59] = 0.5
b[3,1,62] = 0.5
b[3,1,66] = 0.5
b[3,1,67] = 0.5
b[3,1,75] = 0.5
b[3,1,77] = 0.5
b[3,1,84] = 0.5
b[3,1,90] = 0.5
b[3,1,96] = 0.5
b[3,1,98] = 0.5
b[3,1,101] = 0.5
b[3,1,103] = 0.5
b[3,1,104] = 0.5
b[3,1,106] = 0.5
b[3,1,110] = 0.5
b[3,1,112] = 0.5
b[3,1,116] = 0.5
b[3,1,120] = 0.5
b[3,1,129] = 0.5
b[3,1,130] = 0.5
b[3,1,131] = 0.5
b[3,1,132] = 0.5
b[3,1,133] = 0.5
b[3,1,134] = 0.5
b[3,1,137] = 0.5
b[3,1,138] = 0.5
b[3,1,139] = 0.5
b[3,1,140] = 0.5
b[3,1,142] = 0.5
b[3,1,143] = 0.5
b[3,1,147] = 0.5
b[3,1,148] = 0.5
b[3,1,149] = 0.5
b[3,1,154] = 0.5
b[3,1,158] = 0.5
b[3,1,159] = 0.5
b[3,1,160] = 0.5
b[3,1,162] = 0.5
b[3,1,164] = 0.5
b[3,1,165] = 0.5
b[3,1,169] = 0.5
b[3,1,170] = 0.5
b[3,1,172] = 0.5
b[3,1,177] = 0.5
b[3,2,4] = 0.5
b[3,2,19] = 0.5
b[3,2,20] = 0.5
b[3,2,21] = 0.5
b[3,2,24] = 0.5
b[3,2,25] = 0.5
b[3,2,28] = 0.5
b[3,2,35] = 0.5
b[3,2,36] = 0.5
b[3,2,39] = 0.5
b[3,2,40] = 0.5
b[3,2,43] = 0.5
b[3,2,44] = 0.5
b[3,2,56] = 0.5
b[3,2,60] = 0.5
b[3,2,62] = 0.5
b[3,2,64] = 0.5
b[3,2,65] = 0.5
b[3,2,67] = 0.5
b[3,2,68] = 0.5
b[3,2,69] = 0.5
b[3,2,70] = 0.5
b[3,2,72] = 0.5
b[3,2,74] = 0.5
b[3,2,76] = 0.5
b[3,2,81] = 0.5
b[3,2,85] = 0.5
b[3,2,86] = 0.5
b[3,2,95] = 0.5
b[3,2,100] = 0.5
b[3,2,102] = 0.5
b[3,2,104] = 0.5
b[3,2,105] = 0.5
b[3,2,106] = 0.5
b[3,2,107] = 0.5
b[3,2,108] = 0.5
b[3,2,109] = 0.5
b[3,2,112] = 0.5
b[3,2,113] = 0.5
b[3,2,117] = 0.5
b[3,2,122] = 0.5
b[3,2,129] = 0.5
b[3,2,135] = 0.5
b[3,2,136] = 0.5
b[3,2,141] = 0.5
b[3,2,144] = 0.5
b[3,2,145] = 0.5
b[3,2,153] = 0.5
b[3,2,155] = 0.5
b[3,2,157] = 0.5
b[3,2,161] = 0.5
b[3,2,163] = 0.5
b[3,2,166] = 0.5
b[3,2,167] = 0.5
b[3,2,168] = 0.5
b[3,2,173] = 0.5
b[3,2,174] = 0.5
b[3,2,175] = 0.5
b[3,2,176] = 0.5
b[3,3,0] = 0.5
b[3,3,1] = 0.5
b[3,3,2] = 0.5
b[3,3,3] = 0.5
b[3,3,5] = 0.5
b[3,3,6] = 0.5
b[3,3,7] = 0.5
b[3,3,8] = 0.5
b[3,3,9] = 0.5
b[3,3,10] = 0.5
b[3,3,12] = 0.5
b[3,3,13] = 0.5
b[3,3,14] = 0.5
b[3,3,15] = 0.5
b[3,3,16] = 0.5
b[3,3,17] = 0.5
b[3,3,18] = 0.5
b[3,3,21] = 0.5
b[3,3,22] = 0.5
b[3,3,26] = 0.5
b[3,3,30] = 0.5
b[3,3,31] = 0.5
b[3,3,32] = 0.5
b[3,3,33] = 0.5
b[3,3,34] = 0.5
b[3,3,38] = 0.5
b[3,3,41] = 0.5
b[3,3,42] = 0.5
b[3,3,45] = 0.5
b[3,3,46] = 0.5
b[3,3,47] = 0.5
b[3,3,48] = 0.5
b[3,3,49] = 0.5
b[3,3,50] = 0.5
b[3,3,51] = 0.5
b[3,3,52] = 0.5
b[3,3,53] = 0.5
b[3,3,54] = 0.5
b[3,3,55] = 0.5
b[3,3,57] = 0.5
b[3,3,58] = 0.5
b[3,3,73] = 0.5
b[3,3,74] = 0.5
b[3,3,80] = 0.5
b[3,3,84] = 0.5
b[3,3,93] = 0.5
b[3,3,94] = 0.5
b[3,3,95] = 0.5
b[3,3,100] = 0.5
b[3,3,111] = 0.5
b[3,3,114] = 0.5
b[3,3,115] = 0.5
b[3,3,127] = 0.5
b[3,3,128] = 0.5
b[3,4,1] = 0.5
b[3,4,4] = 0.5
b[3,4,6] = 0.5
b[3,4,7] = 0.5
b[3,4,12] = 0.5
b[3,4,24] = 0.5
b[3,4,25] = 0.5
b[3,4,32] = 0.5
b[3,4,33] = 0.5
b[3,4,34] = 0.5
b[3,4,36] = 0.5
b[3,4,38] = 0.5
b[3,4,41] = 0.5
b[3,4,43] = 0.5
b[3,4,45] = 0.5
b[3,4,53] = 0.5
b[3,4,55] = 0.5
b[3,4,65] = 0.5
b[3,4,71] = 0.5
b[3,4,79] = 0.5
b[3,4,81] = 0.5
b[3,4,97] = 0.5
b[3,4,110] = 0.5
b[3,4,120] = 0.5
b[3,4,123] = 0.5
b[3,4,125] = 0.5
b[3,5,0] = 0.5
b[3,5,2] = 0.5
b[3,5,3] = 0.5
b[3,5,5] = 0.5
b[3,5,8] = 0.5
b[3,5,9] = 0.5
b[3,5,10] = 0.5
b[3,5,13] = 0.5
b[3,5,14] = 0.5
b[3,5,15] = 0.5
b[3,5,16] = 0.5
b[3,5,17] = 0.5
b[3,5,18] = 0.5
b[3,5,19] = 0.5
b[3,5,20] = 0.5
b[3,5,22] = 0.5
b[3,5,26] = 0.5
b[3,5,28] = 0.5
b[3,5,30] = 0.5
b[3,5,31] = 0.5
b[3,5,35] = 0.5
b[3,5,39] = 0.5
b[3,5,40] = 0.5
b[3,5,42] = 0.5
b[3,5,44] = 0.5
b[3,5,46] = 0.5
b[3,5,47] = 0.5
b[3,5,48] = 0.5
b[3,5,49] = 0.5
b[3,5,50] = 0.5
b[3,5,51] = 0.5
b[3,5,52] = 0.5
b[3,5,54] = 0.5
b[3,5,56] = 0.5
b[3,5,57] = 0.5
b[3,5,58] = 0.5
b[3,5,63] = 0.5
b[3,5,66] = 0.5
b[3,5,73] = 0.5
b[3,5,98] = 0.5
b[3,5,99] = 0.5
b[3,5,109] = 0.5
b[3,5,121] = 0.5
b[3,5,124] = 0.5
b[3,5,126] = 0.5
d[1,0,2,59] = 0.5
d[1,0,2,60] = 0.5
d[1,0,2,61] = 0.5
d[1,0,2,68] = 0.5
d[1,0,2,69] = 0.5
d[1,0,2,70] = 0.5
d[1,0,2,77] = 0.5
d[1,0,2,91] = 0.5
d[1,0,2,92] = 0.5
d[1,0,2,96] = 0.5
d[1,0,2,101] = 0.5
d[1,0,2,118] = 0.5
d[1,0,2,130] = 0.5
d[1,0,2,131] = 0.5
d[1,0,2,132] = 0.5
d[1,0,2,133] = 0.5
d[1,0,2,134] = 0.5
d[1,0,2,135] = 0.5
d[1,0,2,136] = 0.5
d[1,0,2,137] = 0.5
d[1,0,2,138] = 0.5
d[1,0,2,139] = 0.5
d[1,0,2,140] = 0.5
d[1,0,2,141] = 0.5
d[1,0,2,142] = 0.5
d[1,0,2,143] = 0.5
d[1,0,2,144] = 0.5
d[1,0,2,145] = 0.5
d[1,0,2,146] = 0.5
d[1,0,2,147] = 0.5
d[1,0,2,148] = 0.5
d[1,0,2,149] = 0.5
d[1,0,2,151] = 0.5
d[1,0,2,152] = 0.5
d[1,0,2,153] = 0.5
d[1,0,2,154] = 0.5
d[1,0,2,155] = 0.5
d[1,0,2,156] = 0.5
d[1,0,2,157] = 0.5
d[1,0,2,158] = 0.5
d[1,0,2,159] = 0.5
d[1,0,2,160] = 0.5
d[1,0,2,161] = 0.5
d[1,0,2,162] = 0.5
d[1,0,2,163] = 0.5
d[1,0,2,164] = 0.5
d[1,0,2,165] = 0.5
d[1,0,2,166] = 0.5
d[1,0,2,167] = 0.5
d[1,0,2,168] = 0.5
d[1,0,2,169] = 0.5
d[1,0,2,170] = 0.5
d[1,0,2,171] = 0.5
d[1,0,2,172] = 0.5
d[1,0,2,173] = 0.5
d[1,0,2,174] = 0.5
d[1,0,2,175] = 0.5
d[1,0,2,176] = 0.5
d[1,0,2,177] = 0.5
d[1,0,3,59] = 0.5
d[1,0,3,60] = 0.5
d[1,0,3,61] = 0.5
d[1,0,3,68] = 0.5
d[1,0,3,69] = 0.5
d[1,0,3,70] = 0.5
d[1,0,3,77] = 0.5
d[1,0,3,91] = 0.5
d[1,0,3,92] = 0.5
d[1,0,3,96] = 0.5
d[1,0,3,101] = 0.5
d[1,0,3,118] = 0.5
d[1,0,3,130] = 0.5
d[1,0,3,131] = 0.5
d[1,0,3,132] = 0.5
d[1,0,3,133] = 0.5
d[1,0,3,134] = 0.5
d[1,0,3,135] = 0.5
d[1,0,3,136] = 0.5
d[1,0,3,137] = 0.5
d[1,0,3,138] = 0.5
d[1,0,3,139] = 0.5
d[1,0,3,140] = 0.5
d[1,0,3,141] = 0.5
d[1,0,3,142] = 0.5
d[1,0,3,143] = 0.5
d[1,0,3,144] = 0.5
d[1,0,3,145] = 0.5
d[1,0,3,146] = 0.5
d[1,0,3,147] = 0.5
d[1,0,3,148] = 0.5
d[1,0,3,149] = 0.5
d[1,0,3,151] = 0.5
d[1,0,3,152] = 0.5
d[1,0,3,153] = 0.5
d[1,0,3,154] = 0.5
d[1,0,3,155] = 0.5
d[1,0,3,156] = 0.5
d[1,0,3,157] = 0.5
d[1,0,3,158] = 0.5
d[1,0,3,159] = 0.5
d[1,0,3,160] = 0.5
d[1,0,3,161] = 0.5
d[1,0,3,162] = 0.5
d[1,0,3,163] = 0.5
d[1,0,3,164] = 0.5
d[1,0,3,165] = 0.5
d[1,0,3,166] = 0.5
d[1,0,3,167] = 0.5
d[1,0,3,168] = 0.5
d[1,0,3,169] = 0.5
d[1,0,3,170] = 0.5
d[1,0,3,171] = 0.5
d[1,0,3,172] = 0.5
d[1,0,3,173] = 0.5
d[1,0,3,174] = 0.5
d[1,0,3,175] = 0.5
d[1,0,3,176] = 0.5
d[1,0,3,177] = 0.5
d[1,1,2,75] = 0.5
d[1,1,2,82] = 0.5
d[1,1,2,83] = 0.5
d[1,1,2,87] = 0.5
d[1,1,2,89] = 0.5
d[1,1,2,90] = 0.5
d[1,1,2,103] = 0.5
d[1,1,2,116] = 0.5
d[1,1,2,119] = 0.5
d[1,1,2,150] = 0.5
d[1,1,3,75] = 0.5
d[1,1,3,82] = 0.5
d[1,1,3,83] = 0.5
d[1,1,3,87] = 0.5
d[1,1,3,89] = 0.5
d[1,1,3,90] = 0.5
d[1,1,3,103] = 0.5
d[1,1,3,116] = 0.5
d[1,1,3,119] = 0.5
d[1,1,3,150] = 0.5
d[1,3,2,11] = 0.5
d[1,3,2,21] = 0.5
d[1,3,2,23] = 0.5
d[1,3,2,27] = 0.5
d[1,3,2,29] = 0.5
d[1,3,2,37] = 0.5
d[1,3,2,74] = 0.5
d[1,3,2,80] = 0.5
d[1,3,2,84] = 0.5
d[1,3,2,93] = 0.5
d[1,3,2,94] = 0.5
d[1,3,2,95] = 0.5
d[1,3,2,100] = 0.5
d[1,3,2,111] = 0.5
d[1,3,2,114] = 0.5
d[1,3,2,115] = 0.5
d[1,3,2,127] = 0.5
d[1,3,2,128] = 0.5
d[1,3,3,11] = 0.5
d[1,3,3,21] = 0.5
d[1,3,3,23] = 0.5
d[1,3,3,27] = 0.5
d[1,3,3,29] = 0.5
d[1,3,3,37] = 0.5
d[1,3,3,74] = 0.5
d[1,3,3,80] = 0.5
d[1,3,3,84] = 0.5
d[1,3,3,93] = 0.5
d[1,3,3,94] = 0.5
d[1,3,3,95] = 0.5
d[1,3,3,100] = 0.5
d[1,3,3,111] = 0.5
d[1,3,3,114] = 0.5
d[1,3,3,115] = 0.5
d[1,3,3,127] = 0.5
d[1,3,3,128] = 0.5
d[1,4,2,1] = 0.5
d[1,4,2,4] = 0.5
d[1,4,2,6] = 0.5
d[1,4,2,7] = 0.5
d[1,4,2,12] = 0.5
d[1,4,2,24] = 0.5
d[1,4,2,25] = 0.5
d[1,4,2,32] = 0.5
d[1,4,2,33] = 0.5
d[1,4,2,34] = 0.5
d[1,4,2,36] = 0.5
d[1,4,2,38] = 0.5
d[1,4,2,41] = 0.5
d[1,4,2,43] = 0.5
d[1,4,2,45] = 0.5
d[1,4,2,53] = 0.5
d[1,4,2,55] = 0.5
d[1,4,2,65] = 0.5
d[1,4,2,71] = 0.5
d[1,4,2,79] = 0.5
d[1,4,2,81] = 0.5
d[1,4,2,97] = 0.5
d[1,4,2,110] = 0.5
d[1,4,2,120] = 0.5
d[1,4,2,123] = 0.5
d[1,4,2,125] = 0.5
d[1,4,3,1] = 0.5
d[1,4,3,4] = 0.5
d[1,4,3,6] = 0.5
d[1,4,3,7] = 0.5
d[1,4,3,12] = 0.5
d[1,4,3,24] = 0.5
d[1,4,3,25] = 0.5
d[1,4,3,32] = 0.5
d[1,4,3,33] = 0.5
d[1,4,3,34] = 0.5
d[1,4,3,36] = 0.5
d[1,4,3,38] = 0.5
d[1,4,3,41] = 0.5
d[1,4,3,43] = 0.5
d[1,4,3,45] = 0.5
d[1,4,3,53] = 0.5
d[1,4,3,55] = 0.5
d[1,4,3,65] = 0.5
d[1,4,3,71] = 0.5
d[1,4,3,79] = 0.5
d[1,4,3,81] = 0.5
d[1,4,3,97] = 0.5
d[1,4,3,110] = 0.5
d[1,4,3,120] = 0.5
d[1,4,3,123] = 0.5
d[1,4,3,125] = 0.5
d[1,5,2,0] = 0.5
d[1,5,2,2] = 0.5
d[1,5,2,3] = 0.5
d[1,5,2,5] = 0.5
d[1,5,2,8] = 0.5
d[1,5,2,9] = 0.5
d[1,5,2,10] = 0.5
d[1,5,2,13] = 0.5
d[1,5,2,14] = 0.5
d[1,5,2,15] = 0.5
d[1,5,2,16] = 0.5
d[1,5,2,17] = 0.5
d[1,5,2,18] = 0.5
d[1,5,2,19] = 0.5
d[1,5,2,20] = 0.5
d[1,5,2,22] = 0.5
d[1,5,2,26] = 0.5
d[1,5,2,28] = 0.5
d[1,5,2,30] = 0.5
d[1,5,2,31] = 0.5
d[1,5,2,35] = 0.5
d[1,5,2,39] = 0.5
d[1,5,2,40] = 0.5
d[1,5,2,42] = 0.5
d[1,5,2,44] = 0.5
d[1,5,2,46] = 0.5
d[1,5,2,47] = 0.5
d[1,5,2,48] = 0.5
d[1,5,2,49] = 0.5
d[1,5,2,50] = 0.5
d[1,5,2,51] = 0.5
d[1,5,2,52] = 0.5
d[1,5,2,54] = 0.5
d[1,5,2,56] = 0.5
d[1,5,2,57] = 0.5
d[1,5,2,58] = 0.5
d[1,5,2,63] = 0.5
d[1,5,2,66] = 0.5
d[1,5,2,73] = 0.5
d[1,5,2,98] = 0.5
d[1,5,2,99] = 0.5
d[1,5,2,109] = 0.5
d[1,5,2,121] = 0.5
d[1,5,2,124] = 0.5
d[1,5,2,126] = 0.5
d[1,5,3,0] = 0.5
d[1,5,3,2] = 0.5
d[1,5,3,3] = 0.5
d[1,5,3,5] = 0.5
d[1,5,3,8] = 0.5
d[1,5,3,9] = 0.5
d[1,5,3,10] = 0.5
d[1,5,3,13] = 0.5
d[1,5,3,14] = 0.5
d[1,5,3,15] = 0.5
d[1,5,3,16] = 0.5
d[1,5,3,17] = 0.5
d[1,5,3,18] = 0.5
d[1,5,3,19] = 0.5
d[1,5,3,20] = 0.5
d[1,5,3,22] = 0.5
d[1,5,3,26] = 0.5
d[1,5,3,28] = 0.5
d[1,5,3,30] = 0.5
d[1,5,3,31] = 0.5
d[1,5,3,35] = 0.5
d[1,5,3,39] = 0.5
d[1,5,3,40] = 0.5
d[1,5,3,42] = 0.5
d[1,5,3,44] = 0.5
d[1,5,3,46] = 0.5
d[1,5,3,47] = 0.5
d[1,5,3,48] = 0.5
d[1,5,3,49] = 0.5
d[1,5,3,50] = 0.5
d[1,5,3,51] = 0.5
d[1,5,3,52] = 0.5
d[1,5,3,54] = 0.5
d[1,5,3,56] = 0.5
d[1,5,3,57] = 0.5
d[1,5,3,58] = 0.5
d[1,5,3,63] = 0.5
d[1,5,3,66] = 0.5
d[1,5,3,73] = 0.5
d[1,5,3,98] = 0.5
d[1,5,3,99] = 0.5
d[1,5,3,109] = 0.5
d[1,5,3,121] = 0.5
d[1,5,3,124] = 0.5
d[1,5,3,126] = 0.5
d[2,0,L1,59] = 0.5
d[2,0,L1,60] = 0.5
d[2,0,L1,61] = 0.5
d[2,0,L1,63] = 0.5
d[2,0,L1,69] = 0.5
d[2,0,L1,71] = 0.5
d[2,0,L1,75] = 0.5
d[2,0,L1,77] = 0.5
d[2,0,L1,79] = 0.5
d[2,0,L1,80] = 0.5
d[2,0,L1,90] = 0.5
d[2,0,L1,91] = 0.5
d[2,0,L1,92] = 0.5
d[2,0,L1,93] = 0.5
d[2,0,L1,94] = 0.5
d[2,0,L1,96] = 0.5
d[2,0,L1,97] = 0.5
d[2,0,L1,99] = 0.5
d[2,0,L1,101] = 0.5
d[2,0,L1,102] = 0.5
d[2,0,L1,103] = 0.5
d[2,0,L1,105] = 0.5
d[2,0,L1,111] = 0.5
d[2,0,L1,114] = 0.5
d[2,0,L1,115] = 0.5
d[2,0,L1,118] = 0.5
d[2,0,L1,122] = 0.5
d[2,0,L1,123] = 0.5
d[2,0,L1,124] = 0.5
d[2,0,L1,125] = 0.5
d[2,0,L1,126] = 0.5
d[2,0,L1,127] = 0.5
d[2,0,L1,128] = 0.5
d[2,0,L2,134] = 0.5
d[2,0,L2,135] = 0.5
d[2,0,L2,136] = 0.5
d[2,0,L2,142] = 0.5
d[2,0,L2,143] = 0.5
d[2,0,L2,144] = 0.5
d[2,0,L2,145] = 0.5
d[2,0,L2,146] = 0.5
d[2,0,L2,147] = 0.5
d[2,0,L2,148] = 0.5
d[2,0,L2,149] = 0.5
d[2,0,L2,151] = 0.5
d[2,0,L2,152] = 0.5
d[2,0,L2,156] = 0.5
d[2,0,L2,157] = 0.5
d[2,0,L2,158] = 0.5
d[2,0,L2,160] = 0.5
d[2,0,L2,164] = 0.5
d[2,0,L2,165] = 0.5
d[2,0,L2,166] = 0.5
d[2,0,L2,167] = 0.5
d[2,0,L2,168] = 0.5
d[2,0,L2,169] = 0.5
d[2,0,L2,171] = 0.5
d[2,0,L2,172] = 0.5
d[2,0,L2,173] = 0.5
d[2,0,L2,174] = 0.5
d[2,0,L2,177] = 0.5
d[2,1,3,59] = 0.5
d[2,1,3,66] = 0.5
d[2,1,3,67] = 0.5
d[2,1,3,82] = 0.5
d[2,1,3,83] = 0.5
d[2,1,3,84] = 0.5
d[2,1,3,87] = 0.5
d[2,1,3,89] = 0.5
d[2,1,3,101] = 0.5
d[2,1,3,110] = 0.5
d[2,1,3,116] = 0.5
d[2,1,3,119] = 0.5
d[2,1,3,120] = 0.5
d[2,1,3,138] = 0.5
d[2,1,3,142] = 0.5
d[2,1,3,143] = 0.5
d[2,1,3,150] = 0.5
d[2,1,3,159] = 0.5
d[2,1,L2,130] = 0.5
d[2,1,L2,131] = 0.5
d[2,1,L2,132] = 0.5
d[2,1,L2,133] = 0.5
d[2,1,L2,137] = 0.5
d[2,1,L2,139] = 0.5
d[2,1,L2,140] = 0.5
d[2,1,L2,147] = 0.5
d[2,1,L2,150] = 0.5
d[2,1,L2,154] = 0.5
d[2,1,L2,158] = 0.5
d[2,1,L2,160] = 0.5
d[2,1,L2,162] = 0.5
d[2,1,L2,170] = 0.5
d[2,2,3,4] = 0.5
d[2,2,3,19] = 0.5
d[2,2,3,20] = 0.5
d[2,2,3,25] = 0.5
d[2,2,3,28] = 0.5
d[2,2,3,35] = 0.5
d[2,2,3,36] = 0.5
d[2,2,3,39] = 0.5
d[2,2,3,44] = 0.5
d[2,2,3,56] = 0.5
d[2,2,3,62] = 0.5
d[2,2,3,64] = 0.5
d[2,2,3,65] = 0.5
d[2,2,3,68] = 0.5
d[2,2,3,70] = 0.5
d[2,2,3,74] = 0.5
d[2,2,3,78] = 0.5
d[2,2,3,81] = 0.5
d[2,2,3,85] = 0.5
d[2,2,3,86] = 0.5
d[2,2,3,88] = 0.5
d[2,2,3,95] = 0.5
d[2,2,3,100] = 0.5
d[2,2,3,109] = 0.5
d[2,2,3,113] = 0.5
d[2,2,3,117] = 0.5
d[2,2,3,141] = 0.5
d[2,2,3,153] = 0.5
d[2,2,3,155] = 0.5
d[2,2,3,161] = 0.5
d[2,2,3,163] = 0.5
d[2,2,3,166] = 0.5
d[2,2,3,168] = 0.5
d[2,2,3,173] = 0.5
d[2,2,3,174] = 0.5
d[2,2,3,175] = 0.5
d[2,2,3,176] = 0.5
d[2,3,L0,0] = 0.5
d[2,3,L0,1] = 0.5
d[2,3,L0,2] = 0.5
d[2,3,L0,3] = 0.5
d[2,3,L0,5] = 0.5
d[2,3,L0,6] = 0.5
d[2,3,L0,7] = 0.5
d[2,3,L0,8] = 0.5
d[2,3,L0,9] = 0.5
d[2,3,L0,10] = 0.5
d[2,3,L0,12] = 0.5
d[2,3,L0,13] = 0.5
d[2,3,L0,14] = 0.5
d[2,3,L0,15] = 0.5
d[2,3,L0,16] = 0.5
d[2,3,L0,17] = 0.5
d[2,3,L0,18] = 0.5
d[2,3,L0,21] = 0.5
d[2,3,L0,22] = 0.5
d[2,3,L0,26] = 0.5
d[2,3,L0,30] = 0.5
d[2,3,L0,31] = 0.5
d[2,3,L0,32] = 0.5
d[2,3,L0,33] = 0.5
d[2,3,L0,34] = 0.5
d[2,3,L0,38] = 0.5
d[2,3,L0,41] = 0.5
d[2,3,L0,42] = 0.5
d[2,3,L0,45] = 0.5
d[2,3,L0,46] = 0.5
d[2,3,L0,47] = 0.5
d[2,3,L0,48] = 0.5
d[2,3,L0,49] = 0.5
d[2,3,L0,50] = 0.5
d[2,3,L0,51] = 0.5
d[2,3,L0,52] = 0.5
d[2,3,L0,53] = 0.5
d[2,3,L0,54] = 0.5
d[2,3,L0,55] = 0.5
d[2,3,L0,57] = 0.5
d[2,3,L0,58] = 0.5
d[2,4,L0,24] = 0.5
d[2,4,L0,41] = 0.5
d[2,4,L0,43] = 0.5
d[2,4,L0,55] = 0.5
d[2,5,3,0] = 0.5
d[2,5,3,8] = 0.5
d[2,5,3,13] = 0.5
d[2,5,3,15] = 0.5
d[2,5,3,20] = 0.5
d[2,5,3,22] = 0.5
d[2,5,3,30] = 0.5
d[2,5,3,40] = 0.5
d[2,5,3,51] = 0.5
d[2,5,3,52] = 0.5
d[2,5,3,57] = 0.5
d[2,5,3,58] = 0.5
d[2,5,3,66] = 0.5
d[2,5,3,73] = 0.5
d[2,5,3,98] = 0.5
d[2,5,3,121] = 0.5
d[2,5,3,126] = 0.5
d[3,0,L1,59] = 0.5
d[3,0,L1,60] = 0.5
d[3,0,L1,63] = 0.5
d[3,0,L1,64] = 0.5
d[3,0,L1,68] = 0.5
d[3,0,L1,69] = 0.5
d[3,0,L1,70] = 0.5
d[3,0,L1,71] = 0.5
d[3,0,L1,72] = 0.5
d[3,0,L1,75] = 0.5
d[3,0,L1,76] = 0.5
d[3,0,L1,77] = 0.5
d[3,0,L1,79] = 0.5
d[3,0,L1,80] = 0.5
d[3,0,L1,85] = 0.5
d[3,0,L1,86] = 0.5
d[3,0,L1,90] = 0.5
d[3,0,L1,93] = 0.5
d[3,0,L1,94] = 0.5
d[3,0,L1,96] = 0.5
d[3,0,L1,97] = 0.5
d[3,0,L1,99] = 0.5
d[3,0,L1,101] = 0.5
d[3,0,L1,102] = 0.5
d[3,0,L1,103] = 0.5
d[3,0,L1,105] = 0.5
d[3,0,L1,107] = 0.5
d[3,0,L1,108] = 0.5
d[3,0,L1,111] = 0.5
d[3,0,L1,113] = 0.5
d[3,0,L1,114] = 0.5
d[3,0,L1,115] = 0.5
d[3,0,L1,116] = 0.5
d[3,0,L1,117] = 0.5
d[3,0,L1,121] = 0.5
d[3,0,L1,122] = 0.5
d[3,0,L1,123] = 0.5
d[3,0,L1,124] = 0.5
d[3,0,L1,125] = 0.5
d[3,0,L1,126] = 0.5
d[3,0,L1,127] = 0.5
d[3,0,L1,128] = 0.5
d[3,0,L2,130] = 0.5
d[3,0,L2,131] = 0.5
d[3,0,L2,132] = 0.5
d[3,0,L2,133] = 0.5
d[3,0,L2,135] = 0.5
d[3,0,L2,136] = 0.5
d[3,0,L2,137] = 0.5
d[3,0,L2,138] = 0.5
d[3,0,L2,139] = 0.5
d[3,0,L2,140] = 0.5
d[3,0,L2,141] = 0.5
d[3,0,L2,144] = 0.5
d[3,0,L2,145] = 0.5
d[3,0,L2,146] = 0.5
d[3,0,L2,148] = 0.5
d[3,0,L2,149] = 0.5
d[3,0,L2,151] = 0.5
d[3,0,L2,152] = 0.5
d[3,0,L2,153] = 0.5
d[3,0,L2,155] = 0.5
d[3,0,L2,156] = 0.5
d[3,0,L2,157] = 0.5
d[3,0,L2,158] = 0.5
d[3,0,L2,159] = 0.5
d[3,0,L2,161] = 0.5
d[3,0,L2,162] = 0.5
d[3,0,L2,163] = 0.5
d[3,0,L2,166] = 0.5
d[3,0,L2,167] = 0.5
d[3,0,L2,168] = 0.5
d[3,0,L2,170] = 0.5
d[3,0,L2,171] = 0.5
d[3,0,L2,172] = 0.5
d[3,0,L2,173] = 0.5
d[3,0,L2,174] = 0.5
d[3,0,L2,175] = 0.5
d[3,0,L2,176] = 0.5
d[3,0,L2,177] = 0.5
d[3,1,L1,62] = 0.5
d[3,1,L1,66] = 0.5
d[3,1,L1,75] = 0.5
d[3,1,L1,77] = 0.5
d[3,1,L1,82] = 0.5
d[3,1,L1,83] = 0.5
d[3,1,L1,84] = 0.5
d[3,1,L1,87] = 0.5
d[3,1,L1,89] = 0.5
d[3,1,L1,90] = 0.5
d[3,1,L1,96] = 0.5
d[3,1,L1,98] = 0.5
d[3,1,L1,104] = 0.5
d[3,1,L1,106] = 0.5
d[3,1,L1,110] = 0.5
d[3,1,L1,112] = 0.5
d[3,1,L1,119] = 0.5
d[3,1,L1,120] = 0.5
d[3,1,L1,129] = 0.5
d[3,1,L2,131] = 0.5
d[3,1,L2,132] = 0.5
d[3,1,L2,133] = 0.5
d[3,1,L2,134] = 0.5
d[3,1,L2,137] = 0.5
d[3,1,L2,139] = 0.5
d[3,1,L2,140] = 0.5
d[3,1,L2,142] = 0.5
d[3,1,L2,143] = 0.5
d[3,1,L2,147] = 0.5
d[3,1,L2,150] = 0.5
d[3,1,L2,154] = 0.5
d[3,1,L2,158] = 0.5
d[3,1,L2,160] = 0.5
d[3,1,L2,162] = 0.5
d[3,1,L2,164] = 0.5
d[3,1,L2,165] = 0.5
d[3,1,L2,169] = 0.5
d[3,1,L2,170] = 0.5
d[3,2,L0,4] = 0.5
d[3,2,L0,19] = 0.5
d[3,2,L0,20] = 0.5
d[3,2,L0,21] = 0.5
d[3,2,L0,24] = 0.5
d[3,2,L0,35] = 0.5
d[3,2,L0,36] = 0.5
d[3,2,L0,39] = 0.5
d[3,2,L0,43] = 0.5
d[3,2,L0,44] = 0.5
d[3,2,L0,56] = 0.5
d[3,2,L1,60] = 0.5
d[3,2,L1,62] = 0.5
d[3,2,L1,64] = 0.5
d[3,2,L1,65] = 0.5
d[3,2,L1,67] = 0.5
d[3,2,L1,72] = 0.5
d[3,2,L1,74] = 0.5
d[3,2,L1,78] = 0.5
d[3,2,L1,81] = 0.5
d[3,2,L1,85] = 0.5
d[3,2,L1,86] = 0.5
d[3,2,L1,88] = 0.5
d[3,2,L1,95] = 0.5
d[3,2,L1,100] = 0.5
d[3,2,L1,104] = 0.5
d[3,2,L1,106] = 0.5
d[3,2,L1,109] = 0.5
d[3,2,L1,112] = 0.5
d[3,2,L1,113] = 0.5
d[3,2,L1,117] = 0.5
d[3,2,L1,129] = 0.5
d[3,3,L0,1] = 0.5
d[3,3,L0,5] = 0.5
d[3,3,L0,7] = 0.5
d[3,3,L0,9] = 0.5
d[3,3,L0,11] = 0.5
d[3,3,L0,14] = 0.5
d[3,3,L0,16] = 0.5
d[3,3,L0,21] = 0.5
d[3,3,L0,22] = 0.5
d[3,3,L0,23] = 0.5
d[3,3,L0,27] = 0.5
d[3,3,L0,29] = 0.5
d[3,3,L0,30] = 0.5
d[3,3,L0,32] = 0.5
d[3,3,L0,37] = 0.5
d[3,3,L0,41] = 0.5
d[3,3,L0,48] = 0.5
d[3,3,L0,49] = 0.5
d[3,3,L0,55] = 0.5
d[3,3,L0,57] = 0.5
d[3,3,L1,73] = 0.5
d[3,3,L1,93] = 0.5
d[3,3,L1,111] = 0.5
d[3,3,L1,127] = 0.5
d[3,4,L0,1] = 0.5
d[3,4,L0,4] = 0.5
d[3,4,L0,6] = 0.5
d[3,4,L0,12] = 0.5
d[3,4,L0,25] = 0.5
d[3,4,L0,33] = 0.5
d[3,4,L0,34] = 0.5
d[3,4,L0,38] = 0.5
d[3,4,L0,41] = 0.5
d[3,4,L0,45] = 0.5
d[3,4,L0,53] = 0.5
d[3,4,L0,55] = 0.5
d[3,5,L0,0] = 0.5
d[3,5,L0,2] = 0.5
d[3,5,L0,3] = 0.5
d[3,5,L0,8] = 0.5
d[3,5,L0,10] = 0.5
d[3,5,L0,13] = 0.5
d[3,5,L0,15] = 0.5
d[3,5,L0,17] = 0.5
d[3,5,L0,18] = 0.5
d[3,5,L0,22] = 0.5
d[3,5,L0,26] = 0.5
d[3,5,L0,28] = 0.5
d[3,5,L0,31] = 0.5
d[3,5,L0,35] = 0.5
d[3,5,L0,39] = 0.5
d[3,5,L0,40] = 0.5
d[3,5,L0,42] = 0.5
d[3,5,L0,46] = 0.5
d[3,5,L0,47] = 0.5
d[3,5,L0,48] = 0.5
d[3,5,L0,50] = 0.5
d[3,5,L0,51] = 0.5
d[3,5,L0,52] = 0.5
d[3,5,L0,54] = 0.5
d[3,5,L0,57] = 0.5
d[3,5,L0,58] = 0.5
u[2] = 0.5
u[3] = 0.5
z_u[1,0,2] = 0.5
z_u[1,0,3] = 0.5
z_u[1,1,2] = 0.5
z_u[1,1,3] = 0.5
z_u[1,3,2] = 0.5
z_u[1,3,3] = 0.5
z_u[1,4,2] = 0.5
z_u[1,4,3] = 0.5
z_u[1,5,2] = 0.5
z_u[1,5,3] = 0.5
z_u[2,2,3] = 0.5
o_u[2,2] = 0.5
o_u[2,5] = 0.5
o_u[3,2] = 0.5
o_u[3,5] = 0.5
------------------------------------------------------------------------
Saved hierarchical tree visualization to milp_tree_levels.png
THIS IS THE INITIAL CORRECTNESS 1.0
THIS IS THE INITIAL EXPLAINABILITY 13.0
Inside find_pareto_solution_more_e
----------------------------------
THE CURRENT CORRECTNESS IS: 1.0, AND THE CURRENT EXPLAINABILITY IS: 13.0
Gurobi Optimizer version 12.0.3 build v12.0.3rc0 (linux64 - "Ubuntu 22.04.5 LTS")

CPU model: AMD EPYC 7742 64-Core Processor, instruction set [SSE2|AVX|AVX2]
Thread count: 128 physical cores, 256 logical processors, using up to 32 threads

Non-default parameters:
IntFeasTol  1e-09

Optimize a model with 106713 rows, 25034 columns and 327232 nonzeros
Model fingerprint: 0x924a19fb
Variable types: 24989 continuous, 45 integer (0 binary)
Coefficient statistics:
  Matrix range     [1e+00, 3e+00]
  Objective range  [1e+00, 3e+00]
  Bounds range     [1e+00, 1e+00]
  RHS range        [1e+00, 1e+03]

MIP start from previous solve did not produce a new incumbent solution
MIP start from previous solve violates constraint R106711 by 1.000000000

Presolve removed 78589 rows and 17398 columns
Presolve time: 0.63s
Presolved: 28124 rows, 7636 columns, 92689 nonzeros
Variable types: 7580 continuous, 56 integer (56 binary)

Root relaxation: infeasible, 2072 iterations, 0.49 seconds (0.64 work units)

    Nodes    |    Current Node    |     Objective Bounds      |     Work
 Expl Unexpl |  Obj  Depth IntInf | Incumbent    BestBd   Gap | It/Node Time

     0     0 infeasible    0               - infeasible      -     -    1s

Explored 1 nodes (435 simplex iterations) in 1.60 seconds (2.27 work units)
Thread count was 32 (of 256 available processors)

Solution count 0
No other solutions better than -1e+100

Model is infeasible
Best objective -, best bound -, gap -
[INFO] Model became infeasible under the new cuts.
End of find_pareto_solution_more_e 2 @@@@@@@@@@@
Inside find_pareto_solution_more_c
Gurobi Optimizer version 12.0.3 build v12.0.3rc0 (linux64 - "Ubuntu 22.04.5 LTS")

CPU model: AMD EPYC 7742 64-Core Processor, instruction set [SSE2|AVX|AVX2]
Thread count: 128 physical cores, 256 logical processors, using up to 32 threads

Non-default parameters:
IntFeasTol  1e-09

Optimize a model with 106713 rows, 25034 columns and 327232 nonzeros
Model fingerprint: 0x6d96da15
Variable types: 24989 continuous, 45 integer (0 binary)
Coefficient statistics:
  Matrix range     [1e+00, 3e+00]
  Objective range  [1e+00, 3e+00]
  Bounds range     [1e+00, 1e+00]
  RHS range        [1e+00, 1e+03]

MIP start from previous solve did not produce a new incumbent solution
MIP start from previous solve violates constraint R106711 by 1.000000000

Presolve removed 1 rows and 72 columns
Presolve time: 0.03s

Explored 0 nodes (0 simplex iterations) in 0.06 seconds (0.07 work units)
Thread count was 1 (of 256 available processors)

Solution count 0
No other solutions better than -1e+100

Model is infeasible
Best objective -, best bound -, gap -
