I AM STARTING --------------------
[]
NOW I AM GOING TO SOLVE THE MODEL FOR FIRST SOLUTION
Gurobi Optimizer version 12.0.3 build v12.0.3rc0 (linux64 - "Ubuntu 22.04.5 LTS")

CPU model: AMD EPYC 7742 64-Core Processor, instruction set [SSE2|AVX|AVX2]
Thread count: 128 physical cores, 256 logical processors, using up to 32 threads

Optimize a model with 72073 rows, 17289 columns and 219390 nonzeros
Model fingerprint: 0xc0ce4c3c
Variable types: 17232 continuous, 57 integer (0 binary)
Coefficient statistics:
  Matrix range     [1e+00, 3e+00]
  Objective range  [1e+00, 3e+00]
  Bounds range     [1e+00, 1e+00]
  RHS range        [1e+00, 1e+03]
Presolve removed 57838 rows and 13274 columns
Presolve time: 3.76s
Presolved: 14235 rows, 4015 columns, 58494 nonzeros
Variable types: 3596 continuous, 419 integer (419 binary)
Found heuristic solution: objective 52.0000000
Found heuristic solution: objective 62.0000000
Found heuristic solution: objective 100.0000000

Root relaxation: objective 1.880000e+02, 4474 iterations, 0.78 seconds (0.30 work units)
Total elapsed time = 5.06s (DegenMoves)

    Nodes    |    Current Node    |     Objective Bounds      |     Work
 Expl Unexpl |  Obj  Depth IntInf | Incumbent    BestBd   Gap | It/Node Time

     0     0  188.00000    0  118  100.00000  188.00000  88.0%     -    5s
H    0     0                     148.0000000  188.00000  27.0%     -    5s
H    0     0                     167.0000000  188.00000  12.6%     -    5s
     0     0  187.00000    0  180  167.00000  187.00000  12.0%     -    7s
     0     0  187.00000    0  215  167.00000  187.00000  12.0%     -   10s
     0     0  187.00000    0  216  167.00000  187.00000  12.0%     -   11s
H    0     0                     169.0000000  186.33333  10.3%     -   16s
H    0     0                     170.0000000  186.33333  9.61%     -   16s
H    0     0                     176.0000000  186.33333  5.87%     -   16s
     0     0  186.33333    0    8  176.00000  186.33333  5.87%     -   16s
     0     0  186.16667    0    8  176.00000  186.16667  5.78%     -   17s
     0     2  186.16667    0    8  176.00000  186.16667  5.78%     -   17s
     3     8  186.16667    2  248  176.00000  186.16667  5.78%  1854   21s
    31    62  186.00000    5  166  176.00000  186.16667  5.78%  1233   25s
   285   195  184.63636   12  121  176.00000  186.16667  5.78%   570   30s
   610   247  184.00000   14  111  176.00000  186.00000  5.68%   499   35s
   926   260  178.29545    8  122  176.00000  186.00000  5.68%   460   42s
   992   258  177.11765    9  108  176.00000  186.00000  5.68%   458   45s
  1134   293 infeasible   10       176.00000  185.50000  5.40%   453   50s
  1388   328     cutoff   15       176.00000  185.50000  5.40%   440   57s
  1440   339  184.00000   13   85  176.00000  185.00000  5.11%   439   60s
  1595   350  179.66667   12   93  176.00000  185.00000  5.11%   435   69s
  1680   357  184.87302   14  179  176.00000  185.00000  5.11%   432   72s
  1772   365  184.25000   18  139  176.00000  185.00000  5.11%   432   76s
  1885   356     cutoff   21       176.00000  185.00000  5.11%   427   84s
  2032   358     cutoff   17       176.00000  185.00000  5.11%   421   90s
  2164   343  176.50000   17   71  176.00000  185.00000  5.11%   421   95s
  2308   333  179.50000   11  131  176.00000  185.00000  5.11%   418  101s
  2398   325  178.73684   12  129  176.00000  185.00000  5.11%   417  107s
  2557   320  183.75000   11   86  176.00000  185.00000  5.11%   414  114s
* 2572   320               7     177.0000000  185.00000  4.52%   413  114s
  2738   279  180.06250   15    4  177.00000  185.00000  4.52%   410  121s
  2900   274  180.60000   13  121  177.00000  184.00000  3.95%   412  129s
  3081   254  180.14894   12  131  177.00000  183.66667  3.77%   410  135s
  3295   229  180.27586   13  127  177.00000  183.66667  3.77%   406  143s
  3490   169  181.00000   18   98  177.00000  183.50000  3.67%   402  149s
  3739   129  179.60000   16    6  177.00000  183.00000  3.39%   395  153s
  3841    71     cutoff   10       177.00000  183.00000  3.39%   392  158s
  4034    14     cutoff   23       177.00000  183.00000  3.39%   382  162s
  4155     0  177.50000   16    8  177.00000  182.33333  3.01%   377  165s

Cutting planes:
  Gomory: 6
  MIR: 115
  Flow cover: 96
  RLT: 330
  BQP: 389

Explored 4181 nodes (1587711 simplex iterations) in 165.48 seconds (21.54 work units)
Thread count was 32 (of 256 available processors)

Solution count 9: 177 176 170 ... 52

Optimal solution found (tolerance 1.00e-04)
Best objective 1.770000000000e+02, best bound 1.770000000000e+02, gap 0.0000%
Objective value: 177.0
lam[0,0] = 0.0
lam[0,1] = 0.0
lam[0,2] = 1.0
lam[0,3] = 0.0
lam[0,4] = -0.0
lam[0,5] = 0.0
lam[0,6] = -0.0
lam[0,7] = -0.0
lam[0,8] = -0.0
lam[1,0] = 1.0
lam[1,1] = 0.0
lam[1,2] = -0.0
lam[1,3] = -0.0
lam[1,4] = -0.0
lam[1,5] = 0.0
lam[1,6] = 0.0
lam[1,7] = -0.0
lam[1,8] = 0.0
lam[2,0] = 0.0
lam[2,1] = 0.0
lam[2,2] = -0.0
lam[2,3] = 1.0
lam[2,4] = -0.0
lam[2,5] = 0.0
lam[2,6] = 0.0
lam[2,7] = 0.0
lam[2,8] = -0.0
tau[0,0,1] = -0.0
tau[0,0,2] = 1.0
tau[0,0,L0] = -0.0
tau[0,0,L1] = -0.0
tau[0,0,L2] = -0.0
tau[0,1,1] = 0.0
tau[0,1,2] = 1.0
tau[0,1,L0] = -0.0
tau[0,1,L1] = 0.0
tau[0,1,L2] = -0.0
tau[0,2,1] = -0.0
tau[0,2,2] = -0.0
tau[0,2,L0] = -0.0
tau[0,2,L1] = 1.0
tau[0,2,L2] = 0.0
tau[0,3,1] = 1.0
tau[0,3,2] = -0.0
tau[0,3,L0] = -0.0
tau[0,3,L1] = -0.0
tau[0,3,L2] = 0.0
tau[0,4,1] = 1.0
tau[0,4,2] = 0.0
tau[0,4,L0] = -0.0
tau[0,4,L1] = -0.0
tau[0,4,L2] = -0.0
tau[0,5,1] = 1.0
tau[0,5,2] = -0.0
tau[0,5,L0] = -0.0
tau[0,5,L1] = -0.0
tau[0,5,L2] = -0.0
tau[1,0,2] = 0.0
tau[1,0,L0] = 0.0
tau[1,0,L1] = 1.0
tau[1,0,L2] = 0.0
tau[1,1,2] = 0.0
tau[1,1,L0] = 1.0
tau[1,1,L1] = 0.0
tau[1,1,L2] = 0.0
tau[1,2,2] = 0.0
tau[1,2,L0] = 1.0
tau[1,2,L1] = 0.0
tau[1,2,L2] = 0.0
tau[1,3,2] = 0.0
tau[1,3,L0] = 1.0
tau[1,3,L1] = 0.0
tau[1,3,L2] = 0.0
tau[1,4,2] = 0.0
tau[1,4,L0] = 0.0
tau[1,4,L1] = 0.0
tau[1,4,L2] = 0.0
tau[1,5,2] = 0.0
tau[1,5,L0] = 0.0
tau[1,5,L1] = 0.0
tau[1,5,L2] = 0.0
tau[2,0,L0] = 0.0
tau[2,0,L1] = 1.0
tau[2,0,L2] = 0.0
tau[2,1,L0] = 0.0
tau[2,1,L1] = 1.0
tau[2,1,L2] = 0.0
tau[2,2,L0] = 0.0
tau[2,2,L1] = 0.0
tau[2,2,L2] = 1.0
tau[2,3,L0] = 0.0
tau[2,3,L1] = 0.0
tau[2,3,L2] = 1.0
tau[2,4,L0] = 0.0
tau[2,4,L1] = 0.0
tau[2,4,L2] = 1.0
tau[2,5,L0] = 0.0
tau[2,5,L1] = 0.0
tau[2,5,L2] = 0.0
m[0,0] = 1.0
m[0,1] = 1.0
m[0,2] = 1.0
m[0,3] = 1.0
m[0,4] = 1.0
m[0,5] = 1.0
m[0,6] = 1.0
m[0,7] = 1.0
m[0,8] = 1.0
m[0,9] = 1.0
m[0,10] = 1.0
m[0,11] = 1.0
m[0,12] = 1.0
m[0,13] = 1.0
m[0,14] = 1.0
m[0,15] = 1.0
m[0,16] = 1.0
m[0,17] = 1.0
m[0,18] = 1.0
m[0,19] = 1.0
m[0,20] = 1.0
m[0,21] = 1.0
m[0,22] = 1.0
m[0,23] = 0.0
m[0,24] = 1.0
m[0,25] = 1.0
m[0,26] = 1.0
m[0,27] = 1.0
m[0,28] = 1.0
m[0,29] = 1.0
m[0,30] = 1.0
m[0,31] = 1.0
m[0,32] = 1.0
m[0,33] = 1.0
m[0,34] = 1.0
m[0,35] = 1.0
m[0,36] = 1.0
m[0,37] = 1.0
m[0,38] = 1.0
m[0,39] = 1.0
m[0,40] = 1.0
m[0,41] = 1.0
m[0,42] = 1.0
m[0,43] = 1.0
m[0,44] = 1.0
m[0,45] = 1.0
m[0,46] = 1.0
m[0,47] = 1.0
m[0,48] = 1.0
m[0,49] = 1.0
m[0,50] = 1.0
m[0,51] = 1.0
m[0,52] = 1.0
m[0,53] = 1.0
m[0,54] = 1.0
m[0,55] = 1.0
m[0,56] = 1.0
m[0,57] = 1.0
m[0,58] = 1.0
m[0,59] = 1.0
m[0,60] = 1.0
m[0,61] = 0.0
m[0,62] = 1.0
m[0,63] = 1.0
m[0,64] = 1.0
m[0,65] = 1.0
m[0,66] = 0.0
m[0,67] = 1.0
m[0,68] = 1.0
m[0,69] = 1.0
m[0,70] = 1.0
m[0,71] = 0.0
m[0,72] = 1.0
m[0,73] = 0.0
m[0,74] = 1.0
m[0,75] = 1.0
m[0,76] = 1.0
m[0,77] = 1.0
m[0,78] = 1.0
m[0,79] = 1.0
m[0,80] = 1.0
m[0,81] = 1.0
m[0,82] = 1.0
m[0,83] = 0.0
m[0,84] = 1.0
m[0,85] = 1.0
m[0,86] = 1.0
m[0,87] = 1.0
m[0,88] = 1.0
m[0,89] = 1.0
m[0,90] = 1.0
m[0,91] = 1.0
m[0,92] = 1.0
m[0,93] = 1.0
m[0,94] = 1.0
m[0,95] = 1.0
m[0,96] = 1.0
m[0,97] = 1.0
m[0,98] = 1.0
m[0,99] = 1.0
m[0,100] = 1.0
m[0,101] = 1.0
m[0,102] = 1.0
m[0,103] = 1.0
m[0,104] = 1.0
m[0,105] = 1.0
m[0,106] = 1.0
m[0,107] = 1.0
m[0,108] = 1.0
m[0,109] = 1.0
m[0,110] = 1.0
m[0,111] = 1.0
m[0,112] = 1.0
m[0,113] = 1.0
m[0,114] = 1.0
m[0,115] = 1.0
m[0,116] = 1.0
m[0,117] = 1.0
m[0,118] = 1.0
m[0,119] = 1.0
m[0,120] = 1.0
m[0,121] = 1.0
m[0,122] = 1.0
m[0,123] = 0.0
m[0,124] = 1.0
m[0,125] = 1.0
m[0,126] = 1.0
m[0,127] = 1.0
m[0,128] = 1.0
m[0,129] = 1.0
m[0,130] = 1.0
m[0,131] = 1.0
m[0,132] = 1.0
m[0,133] = 1.0
m[0,134] = 1.0
m[0,135] = 1.0
m[0,136] = 0.0
m[0,137] = 1.0
m[0,138] = 1.0
m[0,139] = 1.0
m[0,140] = 1.0
m[0,141] = 1.0
m[0,142] = 1.0
m[0,143] = 1.0
m[0,144] = 1.0
m[0,145] = 1.0
m[0,146] = 1.0
m[0,147] = 1.0
m[0,148] = 1.0
m[0,149] = 1.0
m[0,150] = 1.0
m[0,151] = 1.0
m[0,152] = 1.0
m[0,153] = 1.0
m[0,154] = 1.0
m[0,155] = 1.0
m[0,156] = 1.0
m[0,157] = 1.0
m[0,158] = 1.0
m[0,159] = 1.0
m[0,160] = 1.0
m[0,161] = 1.0
m[0,162] = 1.0
m[0,163] = 1.0
m[0,164] = 1.0
m[0,165] = 1.0
m[0,166] = 1.0
m[0,167] = 1.0
m[0,168] = 1.0
m[0,169] = 1.0
m[0,170] = 1.0
m[0,171] = 1.0
m[0,172] = 1.0
m[0,173] = 1.0
m[0,174] = 1.0
m[0,175] = 1.0
m[0,176] = 1.0
m[0,177] = 1.0
u[0] = 1.0
u[1] = 1.0
u[2] = 1.0
o_u[0,0] = 0.0
o_u[0,1] = 0.0
o_u[0,2] = 1.0
o_u[0,3] = 0.0
o_u[0,4] = -0.0
o_u[0,5] = 0.0
o_u[0,6] = 0.0
o_u[0,7] = 0.0
o_u[0,8] = 0.0
o_u[1,0] = 1.0
o_u[1,1] = 0.0
o_u[1,2] = 0.0
o_u[1,3] = 0.0
o_u[1,4] = 0.0
o_u[1,5] = 0.0
o_u[1,6] = 0.0
o_u[1,7] = 0.0
o_u[1,8] = 0.0
o_u[2,0] = 0.0
o_u[2,1] = 0.0
o_u[2,2] = 0.0
o_u[2,3] = 1.0
o_u[2,4] = 0.0
o_u[2,5] = 0.0
o_u[2,6] = 0.0
o_u[2,7] = 0.0
o_u[2,8] = 0.0
------------------------------------------------------------------------
------------------------------------------------------------------------
Saved hierarchical tree visualization to milp_tree_levels.png
[]
Gurobi Optimizer version 12.0.3 build v12.0.3rc0 (linux64 - "Ubuntu 22.04.5 LTS")

CPU model: AMD EPYC 7742 64-Core Processor, instruction set [SSE2|AVX|AVX2]
Thread count: 128 physical cores, 256 logical processors, using up to 32 threads

Optimize a model with 72073 rows, 17289 columns and 219390 nonzeros
Model fingerprint: 0xc0ce4c3c
Variable types: 17232 continuous, 57 integer (0 binary)
Coefficient statistics:
  Matrix range     [1e+00, 3e+00]
  Objective range  [1e+00, 3e+00]
  Bounds range     [1e+00, 1e+00]
  RHS range        [1e+00, 1e+03]
Presolve removed 57482 rows and 13144 columns (presolve time = 5s)...
Presolve removed 57838 rows and 13274 columns
Presolve time: 7.90s
Presolved: 14235 rows, 4015 columns, 58494 nonzeros
Variable types: 3596 continuous, 419 integer (419 binary)
Found heuristic solution: objective 52.0000000
Found heuristic solution: objective 62.0000000
Found heuristic solution: objective 100.0000000

Root simplex log...

Iteration    Objective       Primal Inf.    Dual Inf.      Time
       0    2.0900000e+02   1.732000e+03   0.000000e+00      9s
    3366    1.8799945e+02   1.164125e+03   0.000000e+00     10s
    4474    1.8800000e+02   0.000000e+00   0.000000e+00     11s

Root relaxation: objective 1.880000e+02, 4474 iterations, 2.13 seconds (0.30 work units)

    Nodes    |    Current Node    |     Objective Bounds      |     Work
 Expl Unexpl |  Obj  Depth IntInf | Incumbent    BestBd   Gap | It/Node Time

     0     0  188.00000    0  118  100.00000  188.00000  88.0%     -   11s
H    0     0                     148.0000000  188.00000  27.0%     -   11s
H    0     0                     167.0000000  188.00000  12.6%     -   12s
     0     0  187.00000    0  180  167.00000  187.00000  12.0%     -   34s
     0     0  187.00000    0  215  167.00000  187.00000  12.0%     -   47s
     0     0  187.00000    0  216  167.00000  187.00000  12.0%     -   49s
H    0     0                     169.0000000  186.33333  10.3%     -   71s
H    0     0                     170.0000000  186.33333  9.61%     -   71s
H    0     0                     176.0000000  186.33333  5.87%     -   71s
     0     0  186.33333    0    8  176.00000  186.33333  5.87%     -   71s
     0     0  186.16667    0    8  176.00000  186.16667  5.78%     -   73s
     0     2  186.16667    0    8  176.00000  186.16667  5.78%     -   73s
     3     8  186.16667    2  248  176.00000  186.16667  5.78%  1854   76s
    15    32  186.00000    4  211  176.00000  186.16667  5.78%  1527   85s
    31    62  186.00000    5  166  176.00000  186.16667  5.78%  1233   91s
    63    92  186.00000    6  164  176.00000  186.16667  5.78%  1033   96s
    95   147  186.00000    7  130  176.00000  186.16667  5.78%   844  100s
   194   181  185.00000   10   75  176.00000  186.16667  5.78%   634  105s
   361   207  184.00000   13   95  176.00000  186.14286  5.76%   551  111s
   527   241  178.50000   14   68  176.00000  186.00000  5.68%   513  119s
   610   247  184.00000   14  111  176.00000  186.00000  5.68%   499  122s
   686   242  184.00000   16   58  176.00000  186.00000  5.68%   489  125s
   834   246  181.04667    7  137  176.00000  186.00000  5.68%   471  136s
   926   260  178.29545    8  122  176.00000  186.00000  5.68%   460  141s
   992   258  177.11765    9  108  176.00000  186.00000  5.68%   458  146s
  1089   272  176.25000    9   96  176.00000  185.66667  5.49%   451  150s
  1134   293 infeasible   10       176.00000  185.50000  5.40%   453  162s
  1295   322  178.93333   13   90  176.00000  185.50000  5.40%   440  166s
  1440   339  184.00000   13   85  176.00000  185.00000  5.11%   439  178s
  1514   340     cutoff   20       176.00000  185.00000  5.11%   435  183s
  1595   350  179.66667   12   93  176.00000  185.00000  5.11%   435  187s
  1680   357  184.87302   14  179  176.00000  185.00000  5.11%   432  194s
  1772   365  184.25000   18  139  176.00000  185.00000  5.11%   432  203s
  1885   356     cutoff   21       176.00000  185.00000  5.11%   427  211s
  2032   358     cutoff   17       176.00000  185.00000  5.11%   421  218s
  2164   343  176.50000   17   71  176.00000  185.00000  5.11%   421  225s
  2308   333  179.50000   11  131  176.00000  185.00000  5.11%   418  233s
  2398   325  178.73684   12  129  176.00000  185.00000  5.11%   417  243s
  2557   320  183.75000   11   86  176.00000  185.00000  5.11%   414  255s
* 2572   320               7     177.0000000  185.00000  4.52%   413  255s
  2738   279  180.06250   15    4  177.00000  185.00000  4.52%   410  263s
  2900   274  180.60000   13  121  177.00000  184.00000  3.95%   412  271s
  3081   254  180.14894   12  131  177.00000  183.66667  3.77%   410  282s
  3295   229  180.27586   13  127  177.00000  183.66667  3.77%   406  298s
  3490   169  181.00000   18   98  177.00000  183.50000  3.67%   402  306s
  3739   129  179.60000   16    6  177.00000  183.00000  3.39%   395  317s
  3841    71     cutoff   10       177.00000  183.00000  3.39%   392  323s
  4034    14     cutoff   23       177.00000  183.00000  3.39%   382  327s
  4155     0  177.50000   16    8  177.00000  182.33333  3.01%   377  330s

Cutting planes:
  Gomory: 6
  MIR: 115
  Flow cover: 96
  RLT: 330
  BQP: 389

Explored 4181 nodes (1587711 simplex iterations) in 331.00 seconds (21.54 work units)
Thread count was 32 (of 256 available processors)

Solution count 9: 177 176 170 ... 52

Optimal solution found (tolerance 1.00e-04)
Best objective 1.770000000000e+02, best bound 1.770000000000e+02, gap 0.0000%
Objective value: 177.0
lam[0,0] = 0.0
lam[0,1] = 0.0
lam[0,2] = 1.0
lam[0,3] = 0.0
lam[0,4] = -0.0
lam[0,5] = 0.0
lam[0,6] = -0.0
lam[0,7] = -0.0
lam[0,8] = -0.0
lam[1,0] = 1.0
lam[1,1] = 0.0
lam[1,2] = -0.0
lam[1,3] = -0.0
lam[1,4] = -0.0
lam[1,5] = 0.0
lam[1,6] = 0.0
lam[1,7] = -0.0
lam[1,8] = 0.0
lam[2,0] = 0.0
lam[2,1] = 0.0
lam[2,2] = -0.0
lam[2,3] = 1.0
lam[2,4] = -0.0
lam[2,5] = 0.0
lam[2,6] = 0.0
lam[2,7] = 0.0
lam[2,8] = -0.0
tau[0,0,1] = -0.0
tau[0,0,2] = 1.0
tau[0,0,L0] = -0.0
tau[0,0,L1] = -0.0
tau[0,0,L2] = -0.0
tau[0,1,1] = 0.0
tau[0,1,2] = 1.0
tau[0,1,L0] = -0.0
tau[0,1,L1] = 0.0
tau[0,1,L2] = -0.0
tau[0,2,1] = -0.0
tau[0,2,2] = -0.0
tau[0,2,L0] = -0.0
tau[0,2,L1] = 1.0
tau[0,2,L2] = 0.0
tau[0,3,1] = 1.0
tau[0,3,2] = -0.0
tau[0,3,L0] = -0.0
tau[0,3,L1] = -0.0
tau[0,3,L2] = 0.0
tau[0,4,1] = 1.0
tau[0,4,2] = 0.0
tau[0,4,L0] = -0.0
tau[0,4,L1] = -0.0
tau[0,4,L2] = -0.0
tau[0,5,1] = 1.0
tau[0,5,2] = -0.0
tau[0,5,L0] = -0.0
tau[0,5,L1] = -0.0
tau[0,5,L2] = -0.0
tau[1,0,2] = 0.0
tau[1,0,L0] = 0.0
tau[1,0,L1] = 1.0
tau[1,0,L2] = 0.0
tau[1,1,2] = 0.0
tau[1,1,L0] = 1.0
tau[1,1,L1] = 0.0
tau[1,1,L2] = 0.0
tau[1,2,2] = 0.0
tau[1,2,L0] = 1.0
tau[1,2,L1] = 0.0
tau[1,2,L2] = 0.0
tau[1,3,2] = 0.0
tau[1,3,L0] = 1.0
tau[1,3,L1] = 0.0
tau[1,3,L2] = 0.0
tau[1,4,2] = 0.0
tau[1,4,L0] = 0.0
tau[1,4,L1] = 0.0
tau[1,4,L2] = 0.0
tau[1,5,2] = 0.0
tau[1,5,L0] = 0.0
tau[1,5,L1] = 0.0
tau[1,5,L2] = 0.0
tau[2,0,L0] = 0.0
tau[2,0,L1] = 1.0
tau[2,0,L2] = 0.0
tau[2,1,L0] = 0.0
tau[2,1,L1] = 1.0
tau[2,1,L2] = 0.0
tau[2,2,L0] = 0.0
tau[2,2,L1] = 0.0
tau[2,2,L2] = 1.0
tau[2,3,L0] = 0.0
tau[2,3,L1] = 0.0
tau[2,3,L2] = 1.0
tau[2,4,L0] = 0.0
tau[2,4,L1] = 0.0
tau[2,4,L2] = 1.0
tau[2,5,L0] = 0.0
tau[2,5,L1] = 0.0
tau[2,5,L2] = 0.0
m[0,0] = 1.0
m[0,1] = 1.0
m[0,2] = 1.0
m[0,3] = 1.0
m[0,4] = 1.0
m[0,5] = 1.0
m[0,6] = 1.0
m[0,7] = 1.0
m[0,8] = 1.0
m[0,9] = 1.0
m[0,10] = 1.0
m[0,11] = 1.0
m[0,12] = 1.0
m[0,13] = 1.0
m[0,14] = 1.0
m[0,15] = 1.0
m[0,16] = 1.0
m[0,17] = 1.0
m[0,18] = 1.0
m[0,19] = 1.0
m[0,20] = 1.0
m[0,21] = 1.0
m[0,22] = 1.0
m[0,23] = 0.0
m[0,24] = 1.0
m[0,25] = 1.0
m[0,26] = 1.0
m[0,27] = 1.0
m[0,28] = 1.0
m[0,29] = 1.0
m[0,30] = 1.0
m[0,31] = 1.0
m[0,32] = 1.0
m[0,33] = 1.0
m[0,34] = 1.0
m[0,35] = 1.0
m[0,36] = 1.0
m[0,37] = 1.0
m[0,38] = 1.0
m[0,39] = 1.0
m[0,40] = 1.0
m[0,41] = 1.0
m[0,42] = 1.0
m[0,43] = 1.0
m[0,44] = 1.0
m[0,45] = 1.0
m[0,46] = 1.0
m[0,47] = 1.0
m[0,48] = 1.0
m[0,49] = 1.0
m[0,50] = 1.0
m[0,51] = 1.0
m[0,52] = 1.0
m[0,53] = 1.0
m[0,54] = 1.0
m[0,55] = 1.0
m[0,56] = 1.0
m[0,57] = 1.0
m[0,58] = 1.0
m[0,59] = 1.0
m[0,60] = 1.0
m[0,61] = 0.0
m[0,62] = 1.0
m[0,63] = 1.0
m[0,64] = 1.0
m[0,65] = 1.0
m[0,66] = 0.0
m[0,67] = 1.0
m[0,68] = 1.0
m[0,69] = 1.0
m[0,70] = 1.0
m[0,71] = 0.0
m[0,72] = 1.0
m[0,73] = 0.0
m[0,74] = 1.0
m[0,75] = 1.0
m[0,76] = 1.0
m[0,77] = 1.0
m[0,78] = 1.0
m[0,79] = 1.0
m[0,80] = 1.0
m[0,81] = 1.0
m[0,82] = 1.0
m[0,83] = 0.0
m[0,84] = 1.0
m[0,85] = 1.0
m[0,86] = 1.0
m[0,87] = 1.0
m[0,88] = 1.0
m[0,89] = 1.0
m[0,90] = 1.0
m[0,91] = 1.0
m[0,92] = 1.0
m[0,93] = 1.0
m[0,94] = 1.0
m[0,95] = 1.0
m[0,96] = 1.0
m[0,97] = 1.0
m[0,98] = 1.0
m[0,99] = 1.0
m[0,100] = 1.0
m[0,101] = 1.0
m[0,102] = 1.0
m[0,103] = 1.0
m[0,104] = 1.0
m[0,105] = 1.0
m[0,106] = 1.0
m[0,107] = 1.0
m[0,108] = 1.0
m[0,109] = 1.0
m[0,110] = 1.0
m[0,111] = 1.0
m[0,112] = 1.0
m[0,113] = 1.0
m[0,114] = 1.0
m[0,115] = 1.0
m[0,116] = 1.0
m[0,117] = 1.0
m[0,118] = 1.0
m[0,119] = 1.0
m[0,120] = 1.0
m[0,121] = 1.0
m[0,122] = 1.0
m[0,123] = 0.0
m[0,124] = 1.0
m[0,125] = 1.0
m[0,126] = 1.0
m[0,127] = 1.0
m[0,128] = 1.0
m[0,129] = 1.0
m[0,130] = 1.0
m[0,131] = 1.0
m[0,132] = 1.0
m[0,133] = 1.0
m[0,134] = 1.0
m[0,135] = 1.0
m[0,136] = 0.0
m[0,137] = 1.0
m[0,138] = 1.0
m[0,139] = 1.0
m[0,140] = 1.0
m[0,141] = 1.0
m[0,142] = 1.0
m[0,143] = 1.0
m[0,144] = 1.0
m[0,145] = 1.0
m[0,146] = 1.0
m[0,147] = 1.0
m[0,148] = 1.0
m[0,149] = 1.0
m[0,150] = 1.0
m[0,151] = 1.0
m[0,152] = 1.0
m[0,153] = 1.0
m[0,154] = 1.0
m[0,155] = 1.0
m[0,156] = 1.0
m[0,157] = 1.0
m[0,158] = 1.0
m[0,159] = 1.0
m[0,160] = 1.0
m[0,161] = 1.0
m[0,162] = 1.0
m[0,163] = 1.0
m[0,164] = 1.0
m[0,165] = 1.0
m[0,166] = 1.0
m[0,167] = 1.0
m[0,168] = 1.0
m[0,169] = 1.0
m[0,170] = 1.0
m[0,171] = 1.0
m[0,172] = 1.0
m[0,173] = 1.0
m[0,174] = 1.0
m[0,175] = 1.0
m[0,176] = 1.0
m[0,177] = 1.0
u[0] = 1.0
u[1] = 1.0
u[2] = 1.0
o_u[0,0] = 0.0
o_u[0,1] = 0.0
o_u[0,2] = 1.0
o_u[0,3] = 0.0
o_u[0,4] = -0.0
o_u[0,5] = 0.0
o_u[0,6] = 0.0
o_u[0,7] = 0.0
o_u[0,8] = 0.0
o_u[1,0] = 1.0
o_u[1,1] = 0.0
o_u[1,2] = 0.0
o_u[1,3] = 0.0
o_u[1,4] = 0.0
o_u[1,5] = 0.0
o_u[1,6] = 0.0
o_u[1,7] = 0.0
o_u[1,8] = 0.0
o_u[2,0] = 0.0
o_u[2,1] = 0.0
o_u[2,2] = 0.0
o_u[2,3] = 1.0
o_u[2,4] = 0.0
o_u[2,5] = 0.0
o_u[2,6] = 0.0
o_u[2,7] = 0.0
o_u[2,8] = 0.0
------------------------------------------------------------------------
------------------------------------------------------------------------
Saved hierarchical tree visualization to milp_tree_levels.png
THIS IS THE INITIAL CORRECTNESS 0.9550561797752809
THIS IS THE INITIAL EXPLAINABILITY 7.0
Inside find_pareto_solution_more_e
----------------------------------
THE CURRENT CORRECTNESS IS: 0.9550561797752809, AND THE CURRENT EXPLAINABILITY IS: 7.0
Gurobi Optimizer version 12.0.3 build v12.0.3rc0 (linux64 - "Ubuntu 22.04.5 LTS")

CPU model: AMD EPYC 7742 64-Core Processor, instruction set [SSE2|AVX|AVX2]
Thread count: 128 physical cores, 256 logical processors, using up to 32 threads

Optimize a model with 72075 rows, 17289 columns and 219598 nonzeros
Model fingerprint: 0xc5d9376a
Variable types: 17232 continuous, 57 integer (0 binary)
Coefficient statistics:
  Matrix range     [1e+00, 3e+00]
  Objective range  [1e+00, 3e+00]
  Bounds range     [1e+00, 1e+00]
  RHS range        [1e+00, 1e+03]

MIP start from previous solve did not produce a new incumbent solution
MIP start from previous solve violates constraint R72073 by 1.000000000

Presolve removed 56210 rows and 12863 columns
Presolve time: 3.56s
Presolved: 15865 rows, 4426 columns, 66293 nonzeros
Variable types: 4006 continuous, 420 integer (420 binary)

Root simplex log...

Iteration    Objective       Primal Inf.    Dual Inf.      Time
    3268    1.7899958e+02   2.701667e+02   0.000000e+00      5s
    5698    1.7900000e+02   0.000000e+00   0.000000e+00      6s

Root relaxation: objective 1.790000e+02, 5698 iterations, 2.40 seconds (0.78 work units)
Total elapsed time = 11.56s (DegenMoves)

    Nodes    |    Current Node    |     Objective Bounds      |     Work
 Expl Unexpl |  Obj  Depth IntInf | Incumbent    BestBd   Gap | It/Node Time

     0     0  179.00000    0  118          -  179.00000      -     -   14s
H    0     0                     137.0000000  179.00000  30.7%     -   15s
H    0     0                     153.0000000  179.00000  17.0%     -   16s
H    0     0                     155.0000000  179.00000  15.5%     -   19s
     0     0  178.00000    0  276  155.00000  178.00000  14.8%     -   22s
H    0     0                     157.0000000  178.00000  13.4%     -   22s
     0     0  178.00000    0  278  157.00000  178.00000  13.4%     -   25s
     0     0  178.00000    0  117  157.00000  178.00000  13.4%     -   30s
H    0     0                     166.0000000  178.00000  7.23%     -   30s
     0     0  178.00000    0  180  166.00000  178.00000  7.23%     -   31s
H    0     0                     173.0000000  178.00000  2.89%     -   32s
     0     0  178.00000    0  179  173.00000  178.00000  2.89%     -   32s
     0     0  178.00000    0  215  173.00000  178.00000  2.89%     -   34s
     0     0  178.00000    0  180  173.00000  178.00000  2.89%     -   34s
     0     0  178.00000    0    6  173.00000  178.00000  2.89%     -   39s
     0     0  177.95076    0    6  173.00000  177.95076  2.86%     -   40s
     0     0  177.95076    0    6  173.00000  177.95076  2.86%     -   40s
     0     0  177.78000    0    6  173.00000  177.78000  2.76%     -   40s
     0     2  177.78000    0    6  173.00000  177.78000  2.76%     -   41s
     7    14  177.78000    3  181  173.00000  177.78000  2.76%  1620   45s
H   28    24                     174.0000000  177.78000  2.17%  1023   49s
    29    42  177.78000    5  171  174.00000  177.78000  2.17%  1100   51s
H  102    57                     175.0000000  177.78000  1.59%   819   54s
   147    43 infeasible    8       175.00000  177.22535  1.27%   680   55s
   311    24     cutoff   13       175.00000  177.08696  1.19%   588   60s
*  321    24              11     176.0000000  177.08696  0.62%   592   60s

Cutting planes:
  Gomory: 7
  MIR: 142
  Flow cover: 66
  Zero half: 2
  RLT: 288
  BQP: 190

Explored 379 nodes (262803 simplex iterations) in 63.46 seconds (14.94 work units)
Thread count was 32 (of 256 available processors)

Solution count 9: 176 175 174 ... 137

Optimal solution found (tolerance 1.00e-04)
Best objective 1.760000000000e+02, best bound 1.760000000000e+02, gap 0.0000%
Objective value: 176.0
lam[0,0] = -0.0
lam[0,1] = -0.0
lam[0,2] = 1.0
lam[0,3] = -0.0
lam[0,4] = -0.0
lam[0,5] = 0.0
lam[0,6] = -0.0
lam[0,7] = -0.0
lam[0,8] = 0.0
lam[1,0] = -0.0
lam[1,1] = 0.0
lam[1,2] = -0.0
lam[1,3] = 1.0
lam[1,4] = -0.0
lam[1,5] = -0.0
lam[1,6] = 0.0
lam[1,7] = -0.0
lam[1,8] = 0.0
lam[2,0] = 0.0
lam[2,1] = 0.0
lam[2,2] = -0.0
lam[2,3] = 0.0
lam[2,4] = -0.0
lam[2,5] = 1.0
lam[2,6] = -0.0
lam[2,7] = -0.0
lam[2,8] = 0.0
tau[0,0,1] = 1.0
tau[0,0,2] = -0.0
tau[0,0,L0] = -0.0
tau[0,0,L1] = -0.0
tau[0,0,L2] = -0.0
tau[0,1,1] = 0.0
tau[0,1,2] = 0.0
tau[0,1,L0] = -0.0
tau[0,1,L1] = 1.0
tau[0,1,L2] = 0.0
tau[0,2,1] = -0.0
tau[0,2,2] = -0.0
tau[0,2,L0] = 0.0
tau[0,2,L1] = 1.0
tau[0,2,L2] = 0.0
tau[0,3,1] = -0.0
tau[0,3,2] = 1.0
tau[0,3,L0] = 0.0
tau[0,3,L1] = 0.0
tau[0,3,L2] = -0.0
tau[0,4,1] = 0.0
tau[0,4,2] = 1.0
tau[0,4,L0] = -0.0
tau[0,4,L1] = -0.0
tau[0,4,L2] = -0.0
tau[0,5,1] = -0.0
tau[0,5,2] = 1.0
tau[0,5,L0] = 0.0
tau[0,5,L1] = 0.0
tau[0,5,L2] = 0.0
tau[1,0,2] = 0.0
tau[1,0,L0] = 0.0
tau[1,0,L1] = 1.0
tau[1,0,L2] = 0.0
tau[1,1,2] = 0.0
tau[1,1,L0] = 0.0
tau[1,1,L1] = 1.0
tau[1,1,L2] = 0.0
tau[1,2,2] = 0.0
tau[1,2,L0] = 0.0
tau[1,2,L1] = 0.0
tau[1,2,L2] = 1.0
tau[1,3,2] = 0.0
tau[1,3,L0] = 0.0
tau[1,3,L1] = 0.0
tau[1,3,L2] = 1.0
tau[1,4,2] = 0.0
tau[1,4,L0] = 0.0
tau[1,4,L1] = 0.0
tau[1,4,L2] = 1.0
tau[1,5,2] = 0.0
tau[1,5,L0] = 0.0
tau[1,5,L1] = 0.0
tau[1,5,L2] = 0.0
tau[2,0,L0] = 0.0
tau[2,0,L1] = 1.0
tau[2,0,L2] = 0.0
tau[2,1,L0] = 0.0
tau[2,1,L1] = 1.0
tau[2,1,L2] = 0.0
tau[2,2,L0] = 1.0
tau[2,2,L1] = 0.0
tau[2,2,L2] = 0.0
tau[2,3,L0] = 1.0
tau[2,3,L1] = 0.0
tau[2,3,L2] = 0.0
tau[2,4,L0] = 0.0
tau[2,4,L1] = 0.0
tau[2,4,L2] = 0.0
tau[2,5,L0] = 0.0
tau[2,5,L1] = 0.0
tau[2,5,L2] = 0.0
m[0,0] = 1.0
m[0,1] = 1.0
m[0,2] = 1.0
m[0,3] = 1.0
m[0,4] = 1.0
m[0,5] = 1.0
m[0,6] = 1.0
m[0,7] = 1.0
m[0,8] = 1.0
m[0,9] = 1.0
m[0,10] = 1.0
m[0,11] = 1.0
m[0,12] = 1.0
m[0,13] = 1.0
m[0,14] = 1.0
m[0,15] = 1.0
m[0,16] = 1.0
m[0,17] = 1.0
m[0,18] = 1.0
m[0,19] = 1.0
m[0,20] = 1.0
m[0,21] = 1.0
m[0,22] = 1.0
m[0,23] = 1.0
m[0,24] = 1.0
m[0,25] = 1.0
m[0,26] = 1.0
m[0,27] = 1.0
m[0,28] = 1.0
m[0,29] = 1.0
m[0,30] = 1.0
m[0,31] = 1.0
m[0,32] = 1.0
m[0,33] = 1.0
m[0,34] = 1.0
m[0,35] = 1.0
m[0,36] = 1.0
m[0,37] = 1.0
m[0,38] = 1.0
m[0,39] = 1.0
m[0,40] = 1.0
m[0,41] = 1.0
m[0,42] = 1.0
m[0,43] = 1.0
m[0,44] = 1.0
m[0,45] = 1.0
m[0,46] = 1.0
m[0,47] = 1.0
m[0,48] = 1.0
m[0,49] = 1.0
m[0,50] = 1.0
m[0,51] = 1.0
m[0,52] = 1.0
m[0,53] = 1.0
m[0,54] = 1.0
m[0,55] = 1.0
m[0,56] = 1.0
m[0,57] = 1.0
m[0,58] = 1.0
m[0,59] = 1.0
m[0,60] = 1.0
m[0,61] = 0.0
m[0,62] = 1.0
m[0,63] = 1.0
m[0,64] = 1.0
m[0,65] = 0.0
m[0,66] = 1.0
m[0,67] = 1.0
m[0,68] = 1.0
m[0,69] = 1.0
m[0,70] = 1.0
m[0,71] = 1.0
m[0,72] = 1.0
m[0,73] = 0.0
m[0,74] = 0.0
m[0,75] = 1.0
m[0,76] = 1.0
m[0,77] = 1.0
m[0,78] = 1.0
m[0,79] = 1.0
m[0,80] = 1.0
m[0,81] = 0.0
m[0,82] = 1.0
m[0,83] = 1.0
m[0,84] = 1.0
m[0,85] = 1.0
m[0,86] = 1.0
m[0,87] = 1.0
m[0,88] = 1.0
m[0,89] = 1.0
m[0,90] = 1.0
m[0,91] = 1.0
m[0,92] = 1.0
m[0,93] = 1.0
m[0,94] = 1.0
m[0,95] = 0.0
m[0,96] = 1.0
m[0,97] = 1.0
m[0,98] = 1.0
m[0,99] = 1.0
m[0,100] = 0.0
m[0,101] = 1.0
m[0,102] = 1.0
m[0,103] = 1.0
m[0,104] = 1.0
m[0,105] = 1.0
m[0,106] = 1.0
m[0,107] = 1.0
m[0,108] = 1.0
m[0,109] = 0.0
m[0,110] = 1.0
m[0,111] = 1.0
m[0,112] = 1.0
m[0,113] = 1.0
m[0,114] = 1.0
m[0,115] = 1.0
m[0,116] = 1.0
m[0,117] = 1.0
m[0,118] = 1.0
m[0,119] = 1.0
m[0,120] = 1.0
m[0,121] = 1.0
m[0,122] = 1.0
m[0,123] = 1.0
m[0,124] = 1.0
m[0,125] = 1.0
m[0,126] = 1.0
m[0,127] = 1.0
m[0,128] = 1.0
m[0,129] = 1.0
m[0,130] = 1.0
m[0,131] = 1.0
m[0,132] = 1.0
m[0,133] = 1.0
m[0,134] = 1.0
m[0,135] = 1.0
m[0,136] = 0.0
m[0,137] = 1.0
m[0,138] = 1.0
m[0,139] = 1.0
m[0,140] = 1.0
m[0,141] = 1.0
m[0,142] = 1.0
m[0,143] = 1.0
m[0,144] = 1.0
m[0,145] = 1.0
m[0,146] = 1.0
m[0,147] = 1.0
m[0,148] = 1.0
m[0,149] = 1.0
m[0,150] = 0.0
m[0,151] = 1.0
m[0,152] = 1.0
m[0,153] = 1.0
m[0,154] = 1.0
m[0,155] = 1.0
m[0,156] = 1.0
m[0,157] = 1.0
m[0,158] = 1.0
m[0,159] = 1.0
m[0,160] = 1.0
m[0,161] = 1.0
m[0,162] = 1.0
m[0,163] = 1.0
m[0,164] = 1.0
m[0,165] = 1.0
m[0,166] = 1.0
m[0,167] = 1.0
m[0,168] = 1.0
m[0,169] = 1.0
m[0,170] = 1.0
m[0,171] = 1.0
m[0,172] = 1.0
m[0,173] = 1.0
m[0,174] = 1.0
m[0,175] = 1.0
m[0,176] = 1.0
m[0,177] = 1.0
u[0] = 1.0
u[1] = 1.0
u[2] = 1.0
o_u[0,0] = 0.0
o_u[0,1] = -0.0
o_u[0,2] = 1.0
o_u[0,3] = -0.0
o_u[0,4] = 0.0
o_u[0,5] = 0.0
o_u[0,6] = -0.0
o_u[0,7] = 0.0
o_u[0,8] = 0.0
o_u[1,0] = 0.0
o_u[1,1] = 0.0
o_u[1,2] = 0.0
o_u[1,3] = 1.0
o_u[1,4] = 0.0
o_u[1,5] = 0.0
o_u[1,6] = 0.0
o_u[1,7] = 0.0
o_u[1,8] = 0.0
o_u[2,0] = 0.0
o_u[2,1] = 0.0
o_u[2,2] = 0.0
o_u[2,3] = 0.0
o_u[2,4] = 0.0
o_u[2,5] = 1.0
o_u[2,6] = 0.0
o_u[2,7] = 0.0
o_u[2,8] = 0.0
THE NEW CORRECTNESS IS: 0.9438202247191011, AND THE NEW EXPLAINABILITY IS: 8.0
************************************************************
New pareto points added, correctness = 0.9438202247191011 , explainability = 8.0
App ending 1......
End of find_pareto_solution_more_e 4 @@@@@@@@@@@@@
Inside find_pareto_solution_more_e
----------------------------------
THE CURRENT CORRECTNESS IS: 0.9438202247191011, AND THE CURRENT EXPLAINABILITY IS: 8.0
Gurobi Optimizer version 12.0.3 build v12.0.3rc0 (linux64 - "Ubuntu 22.04.5 LTS")

CPU model: AMD EPYC 7742 64-Core Processor, instruction set [SSE2|AVX|AVX2]
Thread count: 128 physical cores, 256 logical processors, using up to 32 threads

Optimize a model with 72075 rows, 17289 columns and 219598 nonzeros
Model fingerprint: 0x6d512276
Variable types: 17232 continuous, 57 integer (0 binary)
Coefficient statistics:
  Matrix range     [1e+00, 3e+00]
  Objective range  [1e+00, 3e+00]
  Bounds range     [1e+00, 1e+00]
  RHS range        [1e+00, 1e+03]

MIP start from previous solve did not produce a new incumbent solution
MIP start from previous solve violates constraint R72075 by 1.000000000

Presolve removed 56210 rows and 12863 columns
Presolve time: 4.11s
Presolved: 15865 rows, 4426 columns, 66293 nonzeros
Variable types: 4006 continuous, 420 integer (420 binary)

Root simplex log...

Iteration    Objective       Primal Inf.    Dual Inf.      Time
    1782    1.7699964e+02   8.900000e+01   0.000000e+00      5s
    5595    1.7700000e+02   0.000000e+00   0.000000e+00      7s

Root relaxation: objective 1.770000e+02, 5595 iterations, 2.99 seconds (0.68 work units)

    Nodes    |    Current Node    |     Objective Bounds      |     Work
 Expl Unexpl |  Obj  Depth IntInf | Incumbent    BestBd   Gap | It/Node Time

     0     0  177.00000    0  114          -  177.00000      -     -    9s
H    0     0                     169.8333333  177.00000  4.22%     -    9s
     0     0  176.50000    0  216  169.83333  176.50000  3.93%     -   18s
     0     0  176.00000    0  248  169.83333  176.00000  3.63%     -   23s
     0     0  176.00000    0  116  169.83333  176.00000  3.63%     -   32s
     0     0  176.00000    0  177  169.83333  176.00000  3.63%     -   40s
     0     0  176.00000    0  177  169.83333  176.00000  3.63%     -   43s
     0     0  176.00000    0  211  169.83333  176.00000  3.63%     -   49s
     0     0  176.00000    0  211  169.83333  176.00000  3.63%     -   51s
H    0     0                     170.0000000  176.00000  3.53%     -   57s
H    0     0                     171.0000000  176.00000  2.92%     -   57s
     0     0  176.00000    0   44  171.00000  176.00000  2.92%     -   69s
     0     0  176.00000    0   44  171.00000  176.00000  2.92%     -   70s
     0     0  171.00000    0   65  171.00000  171.00000  0.00%     -   83s

Cutting planes:
  Gomory: 4
  MIR: 84
  Flow cover: 8
  Zero half: 1
  RLT: 167
  BQP: 104

Explored 1 nodes (31100 simplex iterations) in 83.64 seconds (7.44 work units)
Thread count was 32 (of 256 available processors)

Solution count 3: 171 170 169.833 

Optimal solution found (tolerance 1.00e-04)
Best objective 1.710000000000e+02, best bound 1.710000000000e+02, gap 0.0000%
Objective value: 171.0
lam[0,0] = -0.0
lam[0,1] = -0.0
lam[0,2] = 1.0
lam[0,3] = -0.0
lam[0,4] = -0.0
lam[0,5] = -0.0
lam[0,6] = -0.0
lam[0,7] = -0.0
lam[0,8] = 0.0
lam[1,0] = 0.0
lam[1,1] = 0.0
lam[1,2] = -0.0
lam[1,3] = 0.0
lam[1,4] = -0.0
lam[1,5] = 1.0
lam[1,6] = -0.0
lam[1,7] = -0.0
lam[1,8] = 0.0
lam[2,0] = -0.0
lam[2,1] = -0.0
lam[2,2] = 1.0
lam[2,3] = 0.0
lam[2,4] = -0.0
lam[2,5] = 0.0
lam[2,6] = 0.0
lam[2,7] = 0.0
lam[2,8] = 0.0
tau[0,0,1] = -0.0
tau[0,0,2] = -0.0
tau[0,0,L0] = -0.0
tau[0,0,L1] = 0.0
tau[0,0,L2] = 1.0
tau[0,1,1] = 1.0
tau[0,1,2] = -0.0
tau[0,1,L0] = 0.0
tau[0,1,L1] = 0.0
tau[0,1,L2] = 0.0
tau[0,2,1] = -0.0
tau[0,2,2] = -0.0
tau[0,2,L0] = -0.0
tau[0,2,L1] = 1.0
tau[0,2,L2] = -0.0
tau[0,3,1] = 1.0
tau[0,3,2] = -0.0
tau[0,3,L0] = 0.0
tau[0,3,L1] = -0.0
tau[0,3,L2] = -0.0
tau[0,4,1] = 1.0
tau[0,4,2] = -0.0
tau[0,4,L0] = -0.0
tau[0,4,L1] = -0.0
tau[0,4,L2] = -0.0
tau[0,5,1] = 1.0
tau[0,5,2] = -0.0
tau[0,5,L0] = -0.0
tau[0,5,L1] = 0.0
tau[0,5,L2] = 0.0
tau[1,0,2] = 0.0
tau[1,0,L0] = 0.0
tau[1,0,L1] = 1.0
tau[1,0,L2] = 0.0
tau[1,1,2] = 0.5
tau[1,1,L0] = 0.0
tau[1,1,L1] = 0.5
tau[1,1,L2] = 0.0
tau[1,2,2] = 0.5
tau[1,2,L0] = 0.5
tau[1,2,L1] = 0.0
tau[1,2,L2] = 0.0
tau[1,3,2] = 0.5
tau[1,3,L0] = 0.5
tau[1,3,L1] = 0.0
tau[1,3,L2] = 0.0
tau[1,4,2] = 0.0
tau[1,4,L0] = 0.0
tau[1,4,L1] = 0.0
tau[1,4,L2] = 0.0
tau[1,5,2] = 0.0
tau[1,5,L0] = 0.0
tau[1,5,L1] = 0.0
tau[1,5,L2] = 0.0
tau[2,0,L0] = 0.0
tau[2,0,L1] = 0.5
tau[2,0,L2] = 0.5
tau[2,1,L0] = 0.0
tau[2,1,L1] = 0.5
tau[2,1,L2] = 0.5
tau[2,2,L0] = 1.0
tau[2,2,L1] = 0.0
tau[2,2,L2] = 0.0
tau[2,3,L0] = 0.5
tau[2,3,L1] = 0.5
tau[2,3,L2] = 0.0
tau[2,4,L0] = 0.5
tau[2,4,L1] = 0.5
tau[2,4,L2] = 0.0
tau[2,5,L0] = 0.5
tau[2,5,L1] = 0.5
tau[2,5,L2] = 0.0
m[0,0] = 1.0
m[0,1] = 1.0
m[0,2] = 1.0
m[0,3] = 1.0
m[0,4] = 1.0
m[0,5] = 1.0
m[0,6] = 1.0
m[0,7] = 1.0
m[0,8] = 1.0
m[0,9] = 1.0
m[0,10] = 1.0
m[0,11] = 1.0
m[0,12] = 1.0
m[0,13] = 1.0
m[0,14] = 1.0
m[0,15] = 1.0
m[0,16] = 1.0
m[0,17] = 1.0
m[0,18] = 1.0
m[0,19] = 1.0
m[0,20] = 1.0
m[0,21] = 1.0
m[0,22] = 1.0
m[0,23] = 1.0
m[0,24] = 1.0
m[0,25] = 1.0
m[0,26] = 1.0
m[0,27] = 1.0
m[0,28] = 1.0
m[0,29] = 1.0
m[0,30] = 1.0
m[0,31] = 1.0
m[0,32] = 1.0
m[0,33] = 1.0
m[0,34] = 1.0
m[0,35] = 1.0
m[0,36] = 1.0
m[0,37] = 1.0
m[0,38] = 1.0
m[0,39] = 1.0
m[0,40] = 1.0
m[0,41] = 1.0
m[0,42] = 1.0
m[0,43] = 1.0
m[0,44] = 1.0
m[0,45] = 1.0
m[0,46] = 1.0
m[0,47] = 1.0
m[0,48] = 1.0
m[0,49] = 1.0
m[0,50] = 1.0
m[0,51] = 1.0
m[0,52] = 1.0
m[0,53] = 1.0
m[0,54] = 1.0
m[0,55] = 1.0
m[0,56] = 1.0
m[0,57] = 1.0
m[0,58] = 1.0
m[0,59] = 0.0
m[0,60] = 0.0
m[0,61] = 0.0
m[0,62] = 1.0
m[0,63] = 1.0
m[0,64] = 1.0
m[0,65] = 0.5
m[0,66] = 1.0
m[0,67] = 1.0
m[0,68] = 0.0
m[0,69] = 0.0
m[0,70] = 0.0
m[0,71] = 1.0
m[0,72] = 1.0
m[0,73] = 0.5
m[0,74] = 0.5
m[0,75] = 1.0
m[0,76] = 1.0
m[0,77] = 0.0
m[0,78] = 1.0
m[0,79] = 1.0
m[0,80] = 1.0
m[0,81] = 0.5
m[0,82] = 1.0
m[0,83] = 1.0
m[0,84] = 1.0
m[0,85] = 1.0
m[0,86] = 1.0
m[0,87] = 1.0
m[0,88] = 1.0
m[0,89] = 1.0
m[0,90] = 1.0
m[0,91] = 0.0
m[0,92] = 0.0
m[0,93] = 1.0
m[0,94] = 1.0
m[0,95] = 0.5
m[0,96] = 0.0
m[0,97] = 1.0
m[0,98] = 1.0
m[0,99] = 1.0
m[0,100] = 0.5
m[0,101] = 0.0
m[0,102] = 1.0
m[0,103] = 1.0
m[0,104] = 1.0
m[0,105] = 1.0
m[0,106] = 1.0
m[0,107] = 1.0
m[0,108] = 1.0
m[0,109] = 0.5
m[0,110] = 1.0
m[0,111] = 1.0
m[0,112] = 1.0
m[0,113] = 1.0
m[0,114] = 1.0
m[0,115] = 1.0
m[0,116] = 1.0
m[0,117] = 1.0
m[0,118] = 0.0
m[0,119] = 1.0
m[0,120] = 1.0
m[0,121] = 1.0
m[0,122] = 1.0
m[0,123] = 1.0
m[0,124] = 1.0
m[0,125] = 1.0
m[0,126] = 1.0
m[0,127] = 1.0
m[0,128] = 1.0
m[0,129] = 1.0
m[0,130] = 1.0
m[0,131] = 1.0
m[0,132] = 1.0
m[0,133] = 1.0
m[0,134] = 1.0
m[0,135] = 1.0
m[0,136] = 1.0
m[0,137] = 1.0
m[0,138] = 1.0
m[0,139] = 1.0
m[0,140] = 1.0
m[0,141] = 1.0
m[0,142] = 1.0
m[0,143] = 1.0
m[0,144] = 1.0
m[0,145] = 1.0
m[0,146] = 1.0
m[0,147] = 1.0
m[0,148] = 1.0
m[0,149] = 1.0
m[0,150] = 0.5
m[0,151] = 1.0
m[0,152] = 1.0
m[0,153] = 1.0
m[0,154] = 1.0
m[0,155] = 1.0
m[0,156] = 1.0
m[0,157] = 1.0
m[0,158] = 1.0
m[0,159] = 1.0
m[0,160] = 1.0
m[0,161] = 1.0
m[0,162] = 1.0
m[0,163] = 1.0
m[0,164] = 1.0
m[0,165] = 1.0
m[0,166] = 1.0
m[0,167] = 1.0
m[0,168] = 1.0
m[0,169] = 1.0
m[0,170] = 1.0
m[0,171] = 1.0
m[0,172] = 1.0
m[0,173] = 1.0
m[0,174] = 1.0
m[0,175] = 1.0
m[0,176] = 1.0
m[0,177] = 1.0
u[0] = 1.0
u[1] = 1.0
u[2] = 1.0
o_u[0,0] = 0.0
o_u[0,1] = -0.0
o_u[0,2] = 1.0
o_u[0,3] = -0.0
o_u[0,4] = 0.0
o_u[0,5] = -0.0
o_u[0,6] = -0.0
o_u[0,7] = 0.0
o_u[0,8] = 0.0
o_u[1,0] = 0.0
o_u[1,1] = 0.0
o_u[1,2] = 0.0
o_u[1,3] = 0.0
o_u[1,4] = 0.0
o_u[1,5] = 1.0
o_u[1,6] = 0.0
o_u[1,7] = 0.0
o_u[1,8] = 0.0
o_u[2,0] = 0.0
o_u[2,1] = 0.0
o_u[2,2] = 1.0
o_u[2,3] = 0.0
o_u[2,4] = 0.0
o_u[2,5] = 0.0
o_u[2,6] = 0.0
o_u[2,7] = 0.0
o_u[2,8] = 0.0
THE NEW CORRECTNESS IS: 0.9101123595505618, AND THE NEW EXPLAINABILITY IS: 9.0
************************************************************
New pareto points added, correctness = 0.9101123595505618 , explainability = 9.0
App ending 1......
End of find_pareto_solution_more_e 4 @@@@@@@@@@@@@
Inside find_pareto_solution_more_e
----------------------------------
THE CURRENT CORRECTNESS IS: 0.9101123595505618, AND THE CURRENT EXPLAINABILITY IS: 9.0
Gurobi Optimizer version 12.0.3 build v12.0.3rc0 (linux64 - "Ubuntu 22.04.5 LTS")

CPU model: AMD EPYC 7742 64-Core Processor, instruction set [SSE2|AVX|AVX2]
Thread count: 128 physical cores, 256 logical processors, using up to 32 threads

Optimize a model with 72075 rows, 17289 columns and 219598 nonzeros
Model fingerprint: 0x7841fdf0
Variable types: 17232 continuous, 57 integer (0 binary)
Coefficient statistics:
  Matrix range     [1e+00, 3e+00]
  Objective range  [1e+00, 3e+00]
  Bounds range     [1e+00, 1e+00]
  RHS range        [1e+00, 1e+03]

MIP start from previous solve did not produce a new incumbent solution
MIP start from previous solve violates constraint R72077 by 1.000000000

Presolve removed 48505 rows and 11329 columns (presolve time = 5s)...
Presolve removed 55043 rows and 12375 columns (presolve time = 10s)...
Presolve removed 55098 rows and 12438 columns (presolve time = 15s)...
Presolve removed 55628 rows and 12732 columns
Presolve time: 17.15s
Presolved: 16447 rows, 4557 columns, 62865 nonzeros
Variable types: 4247 continuous, 310 integer (310 binary)

Root simplex log...

Iteration    Objective       Primal Inf.    Dual Inf.      Time
       0    1.7700000e+02   7.240000e+02   0.000000e+00     19s
    3351    1.7099955e+02   5.470000e+01   0.000000e+00     20s
    5860    1.7100000e+02   0.000000e+00   0.000000e+00     22s

Root relaxation: objective 1.710000e+02, 5860 iterations, 3.75 seconds (0.78 work units)
Total elapsed time = 29.35s (DegenMoves)

    Nodes    |    Current Node    |     Objective Bounds      |     Work
 Expl Unexpl |  Obj  Depth IntInf | Incumbent    BestBd   Gap | It/Node Time

     0     0  171.00000    0  116          -  171.00000      -     -   30s
     0     0 infeasible    0               - infeasible      -     -   36s

Cutting planes:
  Gomory: 3
  MIR: 127
  Flow cover: 8
  RLT: 54
  BQP: 122

Explored 1 nodes (12093 simplex iterations) in 36.27 seconds (3.48 work units)
Thread count was 32 (of 256 available processors)

Solution count 0
No other solutions better than -1e+100

Model is infeasible
Best objective -, best bound -, gap -
[INFO] Model became infeasible under the new cuts.
End of find_pareto_solution_more_e 2 @@@@@@@@@@@
Inside find_pareto_solution_more_c
Gurobi Optimizer version 12.0.3 build v12.0.3rc0 (linux64 - "Ubuntu 22.04.5 LTS")

CPU model: AMD EPYC 7742 64-Core Processor, instruction set [SSE2|AVX|AVX2]
Thread count: 128 physical cores, 256 logical processors, using up to 32 threads

Optimize a model with 72075 rows, 17289 columns and 219598 nonzeros
Model fingerprint: 0x598ac1b1
Variable types: 17232 continuous, 57 integer (0 binary)
Coefficient statistics:
  Matrix range     [1e+00, 3e+00]
  Objective range  [1e+00, 3e+00]
  Bounds range     [1e+00, 1e+00]
  RHS range        [1e+00, 1e+03]

MIP start from previous solve did not produce a new incumbent solution
MIP start from previous solve violates constraint R72073 by 1.000000000

Presolve removed 55833 rows and 12750 columns (presolve time = 5s)...
Presolve removed 56166 rows and 12866 columns
Presolve time: 6.95s
Presolved: 15909 rows, 4423 columns, 65784 nonzeros
Variable types: 4006 continuous, 417 integer (417 binary)

Root simplex log...

Iteration    Objective       Primal Inf.    Dual Inf.      Time
       0    2.0900000e+02   1.960000e+03   0.000000e+00      8s
    1874    1.8399978e+02   1.436458e+02   0.000000e+00     10s
    3856    1.8399976e+02   1.946675e+03   0.000000e+00     15s
    5556    1.8399975e+02   2.808316e+02   0.000000e+00     20s
    6650    1.8400000e+02   0.000000e+00   0.000000e+00     25s

Root relaxation: objective 1.840000e+02, 6650 iterations, 16.87 seconds (1.82 work units)
Total elapsed time = 28.89s (DegenMoves)

    Nodes    |    Current Node    |     Objective Bounds      |     Work
 Expl Unexpl |  Obj  Depth IntInf | Incumbent    BestBd   Gap | It/Node Time

     0     0  184.00000    0    8          -  184.00000      -     -   29s
     0     0  184.00000    0  293          -  184.00000      -     -   62s
     0     0  184.00000    0  282          -  184.00000      -     -   65s
     0     0  184.00000    0    8          -  184.00000      -     -   73s
     0     0  184.00000    0  320          -  184.00000      -     -   95s
     0     0  184.00000    0  304          -  184.00000      -     -  105s
     0     0  184.00000    0   53          -  184.00000      -     -  155s
     0     0  184.00000    0    8          -  184.00000      -     -  177s
     0     0  184.00000    0   48          -  184.00000      -     -  211s
     0     0  184.00000    0   48          -  184.00000      -     -  212s
     0     0  184.00000    0   53          -  184.00000      -     -  254s
     0     0  184.00000    0   53          -  184.00000      -     -  255s
     0     0  184.00000    0    4          -  184.00000      -     -  272s
     0     0  184.00000    0   60          -  184.00000      -     -  279s
     0     0  184.00000    0   60          -  184.00000      -     -  282s
     0     2  184.00000    0   60          -  184.00000      -     -  308s
     1     5  184.00000    1  179          -  184.00000      -   813  310s
     3     8  184.00000    2  125          -  184.00000      -   688  324s
     7    16  184.00000    3  215          -  184.00000      -   955  331s
    15    28  184.00000    4  228          -  184.00000      -   989  361s
    31    44  184.00000    5  376          -  184.00000      -  1039  389s
    59    64  184.00000    6  346          -  184.00000      -   936  405s
    91   133  184.00000    7  345          -  184.00000      -   778  424s
   206   148  184.00000   10    8          -  184.00000      -   561  439s
   283   177  184.00000   11  282          -  184.00000      -   566  450s
   372   181  184.00000   11  191          -  184.00000      -   547  470s
*  466   181              10     177.0000000  184.00000  3.95%   498  470s
   482   171  184.00000   12  285  177.00000  184.00000  3.95%   488  498s
   578   178  184.00000   13  197  177.00000  184.00000  3.95%   463  525s
   661   195  184.00000   14  128  177.00000  184.00000  3.95%   457  534s
   721   183  184.00000   15  105  177.00000  184.00000  3.95%   468  544s
   810   190  184.00000   16   72  177.00000  184.00000  3.95%   468  602s
   877   208  182.50000   16    6  177.00000  184.00000  3.95%   470  609s
   975   219  180.50000   18    4  177.00000  184.00000  3.95%   463  619s
  1032   218  179.00000   19    2  177.00000  184.00000  3.95%   464  627s
  1128   219  184.00000   14  168  177.00000  184.00000  3.95%   450  631s
  1187   228  183.80000   15  123  177.00000  184.00000  3.95%   448  635s
  1252   239  182.40000   16  121  177.00000  184.00000  3.95%   443  648s
  1300   244  181.85714   17  117  177.00000  184.00000  3.95%   445  656s
  1368   242  180.62069   18   93  177.00000  184.00000  3.95%   438  663s
  1442   234  180.88235   16  191  177.00000  184.00000  3.95%   432  672s
  1554   242  184.00000   11  157  177.00000  184.00000  3.95%   425  693s
  1627   237  184.00000   12  118  177.00000  184.00000  3.95%   423  703s
  1776   218  183.00000   14   96  177.00000  184.00000  3.95%   413  714s
H 1876   218                     177.0000005  184.00000  3.95%   408  714s
  1891   213  179.80000   14    6  177.00000  184.00000  3.95%   407  720s
  2067   209  178.16000   14  124  177.00000  184.00000  3.95%   400  725s
  2160   181     cutoff   21       177.00000  184.00000  3.95%   396  733s
  2332   183  182.80000   17   99  177.00000  184.00000  3.95%   390  739s
H 2347   183                     177.0000010  184.00000  3.95%   391  739s
  2419   115 infeasible   17       177.00000  184.00000  3.95%   388  754s
  2614    61     cutoff   11       177.00000  184.00000  3.95%   379  760s
  2808    22  184.00000   12  121  177.00000  184.00000  3.95%   372  770s
  2926    10  183.50000   13  113  177.00000  184.00000  3.95%   367  775s

Cutting planes:
  Cover: 1
  MIR: 42
  Flow cover: 54
  Inf proof: 2
  RLT: 208
  BQP: 63

Explored 3018 nodes (1156877 simplex iterations) in 777.57 seconds (47.62 work units)
Thread count was 32 (of 256 available processors)

Solution count 2: 177 177 

Optimal solution found (tolerance 1.00e-04)
Best objective 1.770000009887e+02, best bound 1.770000009887e+02, gap 0.0000%
Objective value: 177.0000009886622
lam[0,0] = -0.0
lam[0,1] = -0.0
lam[0,2] = 1.0
lam[0,3] = -0.0
lam[0,4] = -0.0
lam[0,5] = -0.0
lam[0,6] = -0.0
lam[0,7] = -0.0
lam[0,8] = -0.0
lam[1,0] = 1.0
lam[1,1] = -0.0
lam[1,2] = -0.0
lam[1,3] = -0.0
lam[1,4] = 0.0
lam[1,5] = -0.0
lam[1,6] = 0.0
lam[1,7] = 0.0
lam[1,8] = 0.0
lam[2,0] = 0.0
lam[2,1] = 0.0
lam[2,2] = 0.0
lam[2,3] = -0.0
lam[2,4] = -0.0
lam[2,5] = -0.0
lam[2,6] = 0.0
lam[2,7] = 1.0
lam[2,8] = -0.0
tau[0,0,1] = 0.0
tau[0,0,2] = 1.0
tau[0,0,L0] = 0.0
tau[0,0,L1] = -0.0
tau[0,0,L2] = 0.0
tau[0,1,1] = 0.0
tau[0,1,2] = 1.0
tau[0,1,L0] = 0.0
tau[0,1,L1] = 0.0
tau[0,1,L2] = 0.0
tau[0,2,1] = -0.0
tau[0,2,2] = -0.0
tau[0,2,L0] = -0.0
tau[0,2,L1] = 1.0
tau[0,2,L2] = -0.0
tau[0,3,1] = 1.0
tau[0,3,2] = -0.0
tau[0,3,L0] = -0.0
tau[0,3,L1] = -0.0
tau[0,3,L2] = -0.0
tau[0,4,1] = 1.0
tau[0,4,2] = 0.0
tau[0,4,L0] = -0.0
tau[0,4,L1] = 0.0
tau[0,4,L2] = 0.0
tau[0,5,1] = 1.0
tau[0,5,2] = 0.0
tau[0,5,L0] = 0.0
tau[0,5,L1] = 0.0
tau[0,5,L2] = 0.0
tau[1,0,2] = 0.0
tau[1,0,L0] = 0.0
tau[1,0,L1] = 1.0
tau[1,0,L2] = 0.0
tau[1,1,2] = 0.0
tau[1,1,L0] = 1.0
tau[1,1,L1] = 0.0
tau[1,1,L2] = 0.0
tau[1,2,2] = 0.0
tau[1,2,L0] = 1.0
tau[1,2,L1] = 0.0
tau[1,2,L2] = 0.0
tau[1,3,2] = 0.0
tau[1,3,L0] = 1.0
tau[1,3,L1] = 0.0
tau[1,3,L2] = 0.0
tau[1,4,2] = 0.0
tau[1,4,L0] = 0.0
tau[1,4,L1] = 0.0
tau[1,4,L2] = 0.0
tau[1,5,2] = 0.0
tau[1,5,L0] = 0.0
tau[1,5,L1] = 0.0
tau[1,5,L2] = 0.0
tau[2,0,L0] = 0.0
tau[2,0,L1] = 1.0
tau[2,0,L2] = 0.0
tau[2,1,L0] = 0.0
tau[2,1,L1] = 0.0
tau[2,1,L2] = 1.0
tau[2,2,L0] = 0.0
tau[2,2,L1] = 0.0
tau[2,2,L2] = 0.0
tau[2,3,L0] = 0.0
tau[2,3,L1] = 0.0
tau[2,3,L2] = 0.0
tau[2,4,L0] = 0.0
tau[2,4,L1] = 0.0
tau[2,4,L2] = 0.0
tau[2,5,L0] = 0.0
tau[2,5,L1] = 0.0
tau[2,5,L2] = 0.0
m[0,0] = 1.0
m[0,1] = 1.0
m[0,2] = 1.0
m[0,3] = 1.0
m[0,4] = 1.0
m[0,5] = 1.0
m[0,6] = 1.0
m[0,7] = 1.0
m[0,8] = 1.0
m[0,9] = 1.0
m[0,10] = 1.0
m[0,11] = 1.0
m[0,12] = 1.0
m[0,13] = 1.0
m[0,14] = 1.0
m[0,15] = 1.0
m[0,16] = 1.0
m[0,17] = 1.0
m[0,18] = 1.0
m[0,19] = 1.0
m[0,20] = 1.0
m[0,21] = 1.0
m[0,22] = 1.0
m[0,23] = 4.943311007199469e-07
m[0,24] = 1.0
m[0,25] = 1.0
m[0,26] = 1.0
m[0,27] = 1.0
m[0,28] = 1.0
m[0,29] = 1.0
m[0,30] = 1.0
m[0,31] = 1.0
m[0,32] = 1.0
m[0,33] = 1.0
m[0,34] = 1.0
m[0,35] = 1.0
m[0,36] = 1.0
m[0,37] = 1.0
m[0,38] = 1.0
m[0,39] = 1.0
m[0,40] = 1.0
m[0,41] = 1.0
m[0,42] = 1.0
m[0,43] = 1.0
m[0,44] = 1.0
m[0,45] = 1.0
m[0,46] = 1.0
m[0,47] = 1.0
m[0,48] = 1.0
m[0,49] = 1.0
m[0,50] = 1.0
m[0,51] = 1.0
m[0,52] = 1.0
m[0,53] = 1.0
m[0,54] = 1.0
m[0,55] = 1.0
m[0,56] = 1.0
m[0,57] = 1.0
m[0,58] = 1.0
m[0,59] = 1.0
m[0,60] = 1.0
m[0,61] = 0.0
m[0,62] = 1.0
m[0,63] = 1.0
m[0,64] = 1.0
m[0,65] = 1.0
m[0,66] = 0.0
m[0,67] = 1.0
m[0,68] = 1.0
m[0,69] = 1.0
m[0,70] = 1.0
m[0,71] = 0.0
m[0,72] = 1.0
m[0,73] = 0.0
m[0,74] = 1.0
m[0,75] = 1.0
m[0,76] = 1.0
m[0,77] = 1.0
m[0,78] = 1.0
m[0,79] = 1.0
m[0,80] = 1.0
m[0,81] = 1.0
m[0,82] = 1.0
m[0,83] = 4.943311007199469e-07
m[0,84] = 1.0
m[0,85] = 1.0
m[0,86] = 1.0
m[0,87] = 1.0
m[0,88] = 1.0
m[0,89] = 1.0
m[0,90] = 1.0
m[0,91] = 1.0
m[0,92] = 1.0
m[0,93] = 1.0
m[0,94] = 1.0
m[0,95] = 1.0
m[0,96] = 1.0
m[0,97] = 1.0
m[0,98] = 1.0
m[0,99] = 1.0
m[0,100] = 1.0
m[0,101] = 1.0
m[0,102] = 1.0
m[0,103] = 1.0
m[0,104] = 1.0
m[0,105] = 1.0
m[0,106] = 1.0
m[0,107] = 1.0
m[0,108] = 1.0
m[0,109] = 1.0
m[0,110] = 1.0
m[0,111] = 1.0
m[0,112] = 1.0
m[0,113] = 1.0
m[0,114] = 1.0
m[0,115] = 1.0
m[0,116] = 1.0
m[0,117] = 1.0
m[0,118] = 1.0
m[0,119] = 1.0
m[0,120] = 1.0
m[0,121] = 1.0
m[0,122] = 1.0
m[0,123] = 0.0
m[0,124] = 1.0
m[0,125] = 1.0
m[0,126] = 1.0
m[0,127] = 1.0
m[0,128] = 1.0
m[0,129] = 1.0
m[0,130] = 1.0
m[0,131] = 1.0
m[0,132] = 1.0
m[0,133] = 1.0
m[0,134] = 1.0
m[0,135] = 1.0
m[0,136] = 1.0
m[0,137] = 1.0
m[0,138] = 1.0
m[0,139] = 1.0
m[0,140] = 1.0
m[0,141] = 1.0
m[0,142] = 1.0
m[0,143] = 1.0
m[0,144] = 1.0
m[0,145] = 1.0
m[0,146] = 1.0
m[0,147] = 1.0
m[0,148] = 1.0
m[0,149] = 1.0
m[0,150] = 1.0
m[0,151] = 1.0
m[0,152] = 1.0
m[0,153] = 1.0
m[0,154] = 1.0
m[0,155] = 1.0
m[0,156] = 1.0
m[0,157] = 1.0
m[0,158] = 1.0
m[0,159] = 1.0
m[0,160] = 1.0
m[0,161] = 1.0
m[0,162] = 1.0
m[0,163] = 1.0
m[0,164] = 1.0
m[0,165] = 1.0
m[0,166] = 1.0
m[0,167] = 1.0
m[0,168] = 1.0
m[0,169] = 1.0
m[0,170] = 1.0
m[0,171] = 1.0
m[0,172] = 1.0
m[0,173] = 1.0
m[0,174] = 1.0
m[0,175] = 1.0
m[0,176] = 1.0
m[0,177] = 1.0
u[0] = 1.0
u[1] = 1.0
u[2] = 1.0
o_u[0,0] = 0.0
o_u[0,1] = -0.0
o_u[0,2] = 1.0
o_u[0,3] = -0.0
o_u[0,4] = 0.0
o_u[0,5] = -0.0
o_u[0,6] = -0.0
o_u[0,7] = 0.0
o_u[0,8] = -0.0
o_u[1,0] = 1.0
o_u[1,1] = 0.0
o_u[1,2] = 0.0
o_u[1,3] = 0.0
o_u[1,4] = 0.0
o_u[1,5] = 0.0
o_u[1,6] = 0.0
o_u[1,7] = 0.0
o_u[1,8] = 0.0
o_u[2,0] = 0.0
o_u[2,1] = 0.0
o_u[2,2] = 0.0
o_u[2,3] = 0.0
o_u[2,4] = 0.0
o_u[2,5] = 0.0
o_u[2,6] = 0.0
o_u[2,7] = 1.0
o_u[2,8] = 0.0
New pareto points added, correctness = 0.9606741628576528 , explainability = 6.0
App ending 2.................
End of find_pareto_solution_more_c 4 |||||||||||||||||
Inside find_pareto_solution_more_c
Gurobi Optimizer version 12.0.3 build v12.0.3rc0 (linux64 - "Ubuntu 22.04.5 LTS")

CPU model: AMD EPYC 7742 64-Core Processor, instruction set [SSE2|AVX|AVX2]
Thread count: 128 physical cores, 256 logical processors, using up to 32 threads

Optimize a model with 72075 rows, 17289 columns and 219598 nonzeros
Model fingerprint: 0x7f42b04c
Variable types: 17232 continuous, 57 integer (0 binary)
Coefficient statistics:
  Matrix range     [1e+00, 3e+00]
  Objective range  [1e+00, 3e+00]
  Bounds range     [1e+00, 1e+00]
  RHS range        [1e+00, 1e+03]

MIP start from previous solve did not produce a new incumbent solution
MIP start from previous solve violates constraint R72075 by 1.000000000

Presolve removed 47615 rows and 11329 columns (presolve time = 6s)...
Presolve removed 48745 rows and 11570 columns (presolve time = 10s)...
Presolve removed 52861 rows and 11572 columns (presolve time = 15s)...
Presolve removed 53266 rows and 11977 columns (presolve time = 21s)...
Presolve removed 55832 rows and 12702 columns (presolve time = 26s)...
Presolve removed 55833 rows and 12750 columns (presolve time = 31s)...
Presolve removed 56129 rows and 12866 columns (presolve time = 35s)...
Presolve removed 56166 rows and 12866 columns (presolve time = 41s)...
Presolve removed 56166 rows and 12866 columns
Presolve time: 42.66s
Presolved: 15909 rows, 4423 columns, 65800 nonzeros
Variable types: 4006 continuous, 417 integer (417 binary)

Root simplex log...

Iteration    Objective       Primal Inf.    Dual Inf.      Time
       0    2.0900000e+02   1.960250e+03   0.000000e+00     45s
    6539    1.8300000e+02   0.000000e+00   0.000000e+00     49s

Root relaxation: objective 1.830000e+02, 6539 iterations, 3.60 seconds (1.77 work units)
Total elapsed time = 51.68s (DegenMoves)

    Nodes    |    Current Node    |     Objective Bounds      |     Work
 Expl Unexpl |  Obj  Depth IntInf | Incumbent    BestBd   Gap | It/Node Time

     0     0  183.00000    0  125          -  183.00000      -     -   52s
     0     0  183.00000    0  331          -  183.00000      -     -   89s
     0     0  183.00000    0  327          -  183.00000      -     -   92s
     0     0  183.00000    0  296          -  183.00000      -     -  101s
     0     0  183.00000    0    4          -  183.00000      -     -  115s
     0     0  183.00000    0  278          -  183.00000      -     -  117s
     0     0  183.00000    0  278          -  183.00000      -     -  118s
     0     0  183.00000    0   60          -  183.00000      -     -  149s
     0     0  183.00000    0   60          -  183.00000      -     -  151s
     0     0  183.00000    0    6          -  183.00000      -     -  180s
     0     0  183.00000    0  348          -  183.00000      -     -  181s
     0     0  183.00000    0  133          -  183.00000      -     -  198s
     0     0  183.00000    0  133          -  183.00000      -     -  198s
     0     0  183.00000    0  139          -  183.00000      -     -  202s
     0     0  183.00000    0    4          -  183.00000      -     -  251s
     0     0  183.00000    0    4          -  183.00000      -     -  253s
     0     2  183.00000    0    4          -  183.00000      -     -  262s
     3     8  183.00000    2  317          -  183.00000      -  1909  265s
     7    16  183.00000    3  359          -  183.00000      -  1446  271s
    15    28  183.00000    4  278          -  183.00000      -  1252  282s
    31    46  183.00000    5  225          -  183.00000      -  1090  287s
    59    68  183.00000    6  230          -  183.00000      -   920  290s
    91   121  183.00000    7  196          -  183.00000      -   807  298s
   192   147  183.00000    9   98          -  183.00000      -   620  306s
   266   164  182.66667   11   99          -  183.00000      -   615  310s
   347   163 infeasible   12               -  183.00000      -   591  316s
   433   170  182.33333   12   88          -  183.00000      -   574  321s
   516   185 infeasible   14               -  183.00000      -   573  328s
   603   197  182.33333   11   84          -  183.00000      -   565  334s
   695   184  179.50000   12   60          -  183.00000      -   559  337s
   804   192 infeasible   13               -  183.00000      -   532  343s
   882   203  182.81818   11  209          -  183.00000      -   542  351s
   963   201  182.00000   14   66          -  183.00000      -   548  356s
  1186   197  183.00000   13  221          -  183.00000      -   544  361s
  1296   204  183.00000   15  226          -  183.00000      -   545  373s
  1409   190  182.50000   14  216          -  183.00000      -   548  375s
  2330    51  178.37666   14  134          -  183.00000      -   485  380s

Cutting planes:
  Cover: 1
  MIR: 125
  Flow cover: 147
  RLT: 385
  BQP: 131

Explored 2701 nodes (1353699 simplex iterations) in 381.90 seconds (53.88 work units)
Thread count was 32 (of 256 available processors)

Solution count 0
No other solutions better than -1e+100

Model is infeasible
Best objective -, best bound -, gap -
[INFO] Model became infeasible under the new cuts.
End of find_pareto_solution_more_c 1 |||||||||||||||||
[0.9438202247191011, 8.0]
Printing original list
[0.9438202247191011, 8.0]
[0.9101123595505618, 9.0]
[0.9606741628576528, 6.0]
Printing list after change
[0.9438202247191011, 8.0]
[0.9101123595505618, 9.0]
[0.9606741628576528, 6.0]
[0.9101123595505618, 9.0]
Printing original list
[0.9438202247191011, 8.0]
[0.9101123595505618, 9.0]
[0.9606741628576528, 6.0]
Printing list after change
[0.9438202247191011, 8.0]
[0.9101123595505618, 9.0]
[0.9606741628576528, 6.0]
[0.9606741628576528, 6.0]
Printing original list
[0.9438202247191011, 8.0]
[0.9101123595505618, 9.0]
[0.9606741628576528, 6.0]
Printing list after change
[0.9438202247191011, 8.0]
[0.9101123595505618, 9.0]
[0.9606741628576528, 6.0]
App ending 3....................... c = 0.9550561797752809 , e = 7.0

 Total time taken: 1894.6818535327911 seconds