I AM STARTING --------------------
[]
NOW I AM GOING TO SOLVE THE MODEL FOR FIRST SOLUTION
Gurobi Optimizer version 12.0.3 build v12.0.3rc0 (linux64 - "Ubuntu 22.04.5 LTS")

CPU model: AMD EPYC 7742 64-Core Processor, instruction set [SSE2|AVX|AVX2]
Thread count: 128 physical cores, 256 logical processors, using up to 32 threads

Optimize a model with 72073 rows, 17289 columns and 219390 nonzeros
Model fingerprint: 0xa6882dbc
Variable types: 17190 continuous, 99 integer (0 binary)
Coefficient statistics:
  Matrix range     [1e+00, 3e+00]
  Objective range  [1e+00, 3e+00]
  Bounds range     [1e+00, 1e+00]
  RHS range        [1e+00, 1e+03]
Presolve removed 59074 rows and 13650 columns
Presolve time: 0.79s
Presolved: 12999 rows, 3639 columns, 53855 nonzeros
Variable types: 2988 continuous, 651 integer (651 binary)
Found heuristic solution: objective 52.0000000
Found heuristic solution: objective 119.0000000
Found heuristic solution: objective 133.0000000

Root relaxation: objective 1.880000e+02, 4302 iterations, 0.22 seconds (0.24 work units)

    Nodes    |    Current Node    |     Objective Bounds      |     Work
 Expl Unexpl |  Obj  Depth IntInf | Incumbent    BestBd   Gap | It/Node Time

     0     0  188.00000    0  183  133.00000  188.00000  41.4%     -    1s
H    0     0                     135.0000000  188.00000  39.3%     -    1s
     0     0  187.00000    0  290  135.00000  187.00000  38.5%     -    2s
H    0     0                     136.0000000  187.00000  37.5%     -    2s
H    0     0                     139.0000000  187.00000  34.5%     -    3s
H    0     0                     142.0000000  187.00000  31.7%     -    3s
     0     0  187.00000    0  382  142.00000  187.00000  31.7%     -    3s
H    0     0                     151.0000000  187.00000  23.8%     -    3s
     0     0  187.00000    0  376  151.00000  187.00000  23.8%     -    3s
H    0     0                     165.0000000  187.00000  13.3%     -    3s
H    0     0                     169.0000000  187.00000  10.7%     -    3s
     0     0  186.00000    0  152  169.00000  186.00000  10.1%     -    7s
     0     0  186.00000    0  141  169.00000  186.00000  10.1%     -    7s
     0     0  185.50000    0  197  169.00000  185.50000  9.76%     -   10s
     0     0  185.50000    0  221  169.00000  185.50000  9.76%     -   10s
H    0     0                     170.0000000  185.50000  9.12%     -   12s
H    0     0                     171.0000000  185.50000  8.48%     -   12s
H    0     0                     172.0000000  185.50000  7.85%     -   12s
     0     0  185.14286    0  163  172.00000  185.14286  7.64%     -   12s
     0     0  185.00000    0  327  172.00000  185.00000  7.56%     -   13s
     0     0  185.00000    0  133  172.00000  185.00000  7.56%     -   14s
     0     0  185.00000    0  243  172.00000  185.00000  7.56%     -   14s
H    0     0                     176.0000000  184.66667  4.92%     -   18s
     0     0  184.66667    0  121  176.00000  184.66667  4.92%     -   18s
     0     0  184.66667    0  118  176.00000  184.66667  4.92%     -   19s
     0     2  184.66667    0   58  176.00000  184.66667  4.92%     -   21s
   306   192  184.66667   10  214  176.00000  184.66667  4.92%   621   25s
*  433   215              12     177.0000000  184.66667  4.33%   569   27s
   864   260     cutoff   15       177.00000  184.66667  4.33%   503   30s
  1657   257  183.08333   12  254  177.00000  184.66667  4.33%   480   35s
  2188   144  181.40000   19  267  177.00000  184.66667  4.33%   450   40s

Cutting planes:
  Gomory: 4
  Implied bound: 599
  Clique: 21
  MIR: 67
  Flow cover: 53
  Zero half: 57
  RLT: 463
  Relax-and-lift: 1
  BQP: 396
  PSD: 9

Explored 2639 nodes (1188883 simplex iterations) in 41.97 seconds (44.66 work units)
Thread count was 32 (of 256 available processors)

Solution count 10: 177 176 172 ... 139

Optimal solution found (tolerance 1.00e-04)
Best objective 1.770000000000e+02, best bound 1.770000000000e+02, gap 0.0000%
Objective value: 177.0
lam[0,0] = -0.0
lam[0,1] = -0.0
lam[0,2] = 1.0
lam[0,3] = 0.0
lam[0,4] = -0.0
lam[0,5] = 0.0
lam[0,6] = -0.0
lam[0,7] = -0.0
lam[0,8] = 0.0
lam[1,0] = 0.0
lam[1,1] = 0.0
lam[1,2] = 0.0
lam[1,3] = 0.0
lam[1,4] = -0.0
lam[1,5] = 0.0
lam[1,6] = -0.0
lam[1,7] = 1.0
lam[1,8] = 0.0
lam[2,0] = 1.0
lam[2,1] = 0.0
lam[2,2] = 0.0
lam[2,3] = -0.0
lam[2,4] = 0.0
lam[2,5] = 0.0
lam[2,6] = -0.0
lam[2,7] = -0.0
lam[2,8] = -0.0
tau[0,0,1] = 1.0
tau[0,0,2] = -0.0
tau[0,0,L0] = -0.0
tau[0,0,L1] = -0.0
tau[0,0,L2] = 0.0
tau[0,1,1] = 1.0
tau[0,1,2] = -0.0
tau[0,1,L0] = -0.0
tau[0,1,L1] = 0.0
tau[0,1,L2] = -0.0
tau[0,2,1] = -0.0
tau[0,2,2] = 0.0
tau[0,2,L0] = 0.0
tau[0,2,L1] = 1.0
tau[0,2,L2] = -0.0
tau[0,3,1] = -0.0
tau[0,3,2] = 1.0
tau[0,3,L0] = 0.0
tau[0,3,L1] = -0.0
tau[0,3,L2] = -0.0
tau[0,4,1] = 0.0
tau[0,4,2] = 1.0
tau[0,4,L0] = -0.0
tau[0,4,L1] = -0.0
tau[0,4,L2] = -0.0
tau[0,5,1] = 0.0
tau[0,5,2] = 1.0
tau[0,5,L0] = -0.0
tau[0,5,L1] = -0.0
tau[0,5,L2] = -0.0
tau[1,0,2] = 0.0
tau[1,0,L0] = 0.0
tau[1,0,L1] = 1.0
tau[1,0,L2] = -0.0
tau[1,1,2] = 0.0
tau[1,1,L0] = -0.0
tau[1,1,L1] = -0.0
tau[1,1,L2] = 1.0
tau[1,2,2] = -0.0
tau[1,2,L0] = -0.0
tau[1,2,L1] = -0.0
tau[1,2,L2] = 0.0
tau[1,3,2] = 0.0
tau[1,3,L0] = -0.0
tau[1,3,L1] = -0.0
tau[1,3,L2] = -0.0
tau[1,4,2] = 0.0
tau[1,4,L0] = -0.0
tau[1,4,L1] = 0.0
tau[1,4,L2] = -0.0
tau[1,5,2] = 0.0
tau[1,5,L0] = -0.0
tau[1,5,L1] = -0.0
tau[1,5,L2] = -0.0
tau[2,0,L0] = -0.0
tau[2,0,L1] = 1.0
tau[2,0,L2] = 0.0
tau[2,1,L0] = 1.0
tau[2,1,L1] = 0.0
tau[2,1,L2] = -0.0
tau[2,2,L0] = 1.0
tau[2,2,L1] = -0.0
tau[2,2,L2] = 0.0
tau[2,3,L0] = 1.0
tau[2,3,L1] = -0.0
tau[2,3,L2] = 0.0
tau[2,4,L0] = 0.0
tau[2,4,L1] = -0.0
tau[2,4,L2] = 0.0
tau[2,5,L0] = -0.0
tau[2,5,L1] = -0.0
tau[2,5,L2] = -0.0
m[0,0] = 1.0
m[0,1] = 1.0
m[0,2] = 1.0
m[0,3] = 1.0
m[0,4] = 1.0
m[0,5] = 1.0
m[0,6] = 1.0
m[0,7] = 1.0
m[0,8] = 1.0
m[0,9] = 1.0
m[0,10] = 1.0
m[0,11] = 1.0
m[0,12] = 1.0
m[0,13] = 1.0
m[0,14] = 1.0
m[0,15] = 1.0
m[0,16] = 1.0
m[0,17] = 1.0
m[0,18] = 1.0
m[0,19] = 1.0
m[0,20] = 1.0
m[0,21] = 1.0
m[0,22] = 1.0
m[0,23] = 0.0
m[0,24] = 1.0
m[0,25] = 1.0
m[0,26] = 1.0
m[0,27] = 1.0
m[0,28] = 1.0
m[0,29] = 1.0
m[0,30] = 1.0
m[0,31] = 1.0
m[0,32] = 1.0
m[0,33] = 1.0
m[0,34] = 1.0
m[0,35] = 1.0
m[0,36] = 1.0
m[0,37] = 1.0
m[0,38] = 1.0
m[0,39] = 1.0
m[0,40] = 1.0
m[0,41] = 1.0
m[0,42] = 1.0
m[0,43] = 1.0
m[0,44] = 1.0
m[0,45] = 1.0
m[0,46] = 1.0
m[0,47] = 1.0
m[0,48] = 1.0
m[0,49] = 1.0
m[0,50] = 1.0
m[0,51] = 1.0
m[0,52] = 1.0
m[0,53] = 1.0
m[0,54] = 1.0
m[0,55] = 1.0
m[0,56] = 1.0
m[0,57] = 1.0
m[0,58] = 1.0
m[0,59] = 1.0
m[0,60] = 1.0
m[0,61] = 0.0
m[0,62] = 1.0
m[0,63] = 1.0
m[0,64] = 1.0
m[0,65] = 1.0
m[0,66] = 0.0
m[0,67] = 1.0
m[0,68] = 1.0
m[0,69] = 1.0
m[0,70] = 1.0
m[0,71] = 0.0
m[0,72] = 1.0
m[0,73] = 0.0
m[0,74] = 1.0
m[0,75] = 1.0
m[0,76] = 1.0
m[0,77] = 1.0
m[0,78] = 1.0
m[0,79] = 1.0
m[0,80] = 1.0
m[0,81] = 1.0
m[0,82] = 1.0
m[0,83] = 0.0
m[0,84] = 1.0
m[0,85] = 1.0
m[0,86] = 1.0
m[0,87] = 1.0
m[0,88] = 1.0
m[0,89] = 1.0
m[0,90] = 1.0
m[0,91] = 1.0
m[0,92] = 1.0
m[0,93] = 1.0
m[0,94] = 1.0
m[0,95] = 1.0
m[0,96] = 1.0
m[0,97] = 1.0
m[0,98] = 1.0
m[0,99] = 1.0
m[0,100] = 1.0
m[0,101] = 1.0
m[0,102] = 1.0
m[0,103] = 1.0
m[0,104] = 1.0
m[0,105] = 1.0
m[0,106] = 1.0
m[0,107] = 1.0
m[0,108] = 1.0
m[0,109] = 1.0
m[0,110] = 1.0
m[0,111] = 1.0
m[0,112] = 1.0
m[0,113] = 1.0
m[0,114] = 1.0
m[0,115] = 1.0
m[0,116] = 1.0
m[0,117] = 1.0
m[0,118] = 1.0
m[0,119] = 1.0
m[0,120] = 1.0
m[0,121] = 1.0
m[0,122] = 1.0
m[0,123] = 0.0
m[0,124] = 1.0
m[0,125] = 1.0
m[0,126] = 1.0
m[0,127] = 1.0
m[0,128] = 1.0
m[0,129] = 1.0
m[0,130] = 1.0
m[0,131] = 1.0
m[0,132] = 1.0
m[0,133] = 1.0
m[0,134] = 1.0
m[0,135] = 1.0
m[0,136] = 1.0
m[0,137] = 1.0
m[0,138] = 1.0
m[0,139] = 1.0
m[0,140] = 1.0
m[0,141] = 1.0
m[0,142] = 1.0
m[0,143] = 1.0
m[0,144] = 1.0
m[0,145] = 1.0
m[0,146] = 1.0
m[0,147] = 1.0
m[0,148] = 1.0
m[0,149] = 1.0
m[0,150] = 1.0
m[0,151] = 1.0
m[0,152] = 1.0
m[0,153] = 1.0
m[0,154] = 1.0
m[0,155] = 1.0
m[0,156] = 1.0
m[0,157] = 1.0
m[0,158] = 1.0
m[0,159] = 1.0
m[0,160] = 1.0
m[0,161] = 1.0
m[0,162] = 1.0
m[0,163] = 1.0
m[0,164] = 1.0
m[0,165] = 1.0
m[0,166] = 1.0
m[0,167] = 1.0
m[0,168] = 1.0
m[0,169] = 1.0
m[0,170] = 1.0
m[0,171] = 1.0
m[0,172] = 1.0
m[0,173] = 1.0
m[0,174] = 1.0
m[0,175] = 1.0
m[0,176] = 1.0
m[0,177] = 1.0
u[0] = 1.0
u[1] = 1.0
u[2] = 1.0
o_u[0,0] = -0.0
o_u[0,1] = 0.0
o_u[0,2] = 1.0
o_u[0,3] = 0.0
o_u[0,4] = 0.0
o_u[0,5] = 0.0
o_u[0,6] = 0.0
o_u[0,7] = -0.0
o_u[0,8] = 0.0
o_u[1,0] = 0.0
o_u[1,1] = 0.0
o_u[1,2] = 0.0
o_u[1,3] = 0.0
o_u[1,4] = 0.0
o_u[1,5] = 0.0
o_u[1,6] = 0.0
o_u[1,7] = 1.0
o_u[1,8] = 0.0
o_u[2,0] = 1.0
o_u[2,1] = 0.0
o_u[2,2] = 0.0
o_u[2,3] = 0.0
o_u[2,4] = 0.0
o_u[2,5] = 0.0
o_u[2,6] = 0.0
o_u[2,7] = 0.0
o_u[2,8] = 0.0
------------------------------------------------------------------------
------------------------------------------------------------------------
Saved hierarchical tree visualization to milp_tree_levels.png
[]
Gurobi Optimizer version 12.0.3 build v12.0.3rc0 (linux64 - "Ubuntu 22.04.5 LTS")

CPU model: AMD EPYC 7742 64-Core Processor, instruction set [SSE2|AVX|AVX2]
Thread count: 128 physical cores, 256 logical processors, using up to 32 threads

Optimize a model with 72073 rows, 17289 columns and 219390 nonzeros
Model fingerprint: 0xa6882dbc
Variable types: 17190 continuous, 99 integer (0 binary)
Coefficient statistics:
  Matrix range     [1e+00, 3e+00]
  Objective range  [1e+00, 3e+00]
  Bounds range     [1e+00, 1e+00]
  RHS range        [1e+00, 1e+03]
Presolve removed 59074 rows and 13650 columns
Presolve time: 0.79s
Presolved: 12999 rows, 3639 columns, 53855 nonzeros
Variable types: 2988 continuous, 651 integer (651 binary)
Found heuristic solution: objective 52.0000000
Found heuristic solution: objective 119.0000000
Found heuristic solution: objective 133.0000000

Root relaxation: objective 1.880000e+02, 4302 iterations, 0.22 seconds (0.24 work units)

    Nodes    |    Current Node    |     Objective Bounds      |     Work
 Expl Unexpl |  Obj  Depth IntInf | Incumbent    BestBd   Gap | It/Node Time

     0     0  188.00000    0  183  133.00000  188.00000  41.4%     -    1s
H    0     0                     135.0000000  188.00000  39.3%     -    1s
     0     0  187.00000    0  290  135.00000  187.00000  38.5%     -    2s
H    0     0                     136.0000000  187.00000  37.5%     -    2s
H    0     0                     139.0000000  187.00000  34.5%     -    3s
H    0     0                     142.0000000  187.00000  31.7%     -    3s
     0     0  187.00000    0  382  142.00000  187.00000  31.7%     -    3s
H    0     0                     151.0000000  187.00000  23.8%     -    3s
     0     0  187.00000    0  376  151.00000  187.00000  23.8%     -    3s
H    0     0                     165.0000000  187.00000  13.3%     -    3s
H    0     0                     169.0000000  187.00000  10.7%     -    3s
     0     0  186.00000    0  152  169.00000  186.00000  10.1%     -    7s
     0     0  186.00000    0  141  169.00000  186.00000  10.1%     -    7s
     0     0  185.50000    0  197  169.00000  185.50000  9.76%     -   10s
     0     0  185.50000    0  221  169.00000  185.50000  9.76%     -   10s
H    0     0                     170.0000000  185.50000  9.12%     -   12s
H    0     0                     171.0000000  185.50000  8.48%     -   12s
H    0     0                     172.0000000  185.50000  7.85%     -   12s
     0     0  185.14286    0  163  172.00000  185.14286  7.64%     -   12s
     0     0  185.00000    0  327  172.00000  185.00000  7.56%     -   12s
     0     0  185.00000    0  133  172.00000  185.00000  7.56%     -   14s
     0     0  185.00000    0  243  172.00000  185.00000  7.56%     -   14s
H    0     0                     176.0000000  184.66667  4.92%     -   18s
     0     0  184.66667    0  121  176.00000  184.66667  4.92%     -   18s
     0     0  184.66667    0  118  176.00000  184.66667  4.92%     -   19s
     0     2  184.66667    0   58  176.00000  184.66667  4.92%     -   21s
   347   206  183.32258   11  285  176.00000  184.66667  4.92%   596   26s
*  433   215              12     177.0000000  184.66667  4.33%   569   27s
   778   258  180.00000   14  120  177.00000  184.66667  4.33%   511   30s
  1657   257  183.08333   12  254  177.00000  184.66667  4.33%   480   36s
  2188   144  181.40000   19  267  177.00000  184.66667  4.33%   450   40s

Cutting planes:
  Gomory: 4
  Implied bound: 599
  Clique: 21
  MIR: 67
  Flow cover: 53
  Zero half: 57
  RLT: 463
  Relax-and-lift: 1
  BQP: 396
  PSD: 9

Explored 2639 nodes (1188883 simplex iterations) in 42.06 seconds (44.66 work units)
Thread count was 32 (of 256 available processors)

Solution count 10: 177 176 172 ... 139

Optimal solution found (tolerance 1.00e-04)
Best objective 1.770000000000e+02, best bound 1.770000000000e+02, gap 0.0000%
Objective value: 177.0
lam[0,0] = -0.0
lam[0,1] = -0.0
lam[0,2] = 1.0
lam[0,3] = 0.0
lam[0,4] = -0.0
lam[0,5] = 0.0
lam[0,6] = -0.0
lam[0,7] = -0.0
lam[0,8] = 0.0
lam[1,0] = 0.0
lam[1,1] = 0.0
lam[1,2] = 0.0
lam[1,3] = 0.0
lam[1,4] = -0.0
lam[1,5] = 0.0
lam[1,6] = -0.0
lam[1,7] = 1.0
lam[1,8] = 0.0
lam[2,0] = 1.0
lam[2,1] = 0.0
lam[2,2] = 0.0
lam[2,3] = -0.0
lam[2,4] = 0.0
lam[2,5] = 0.0
lam[2,6] = -0.0
lam[2,7] = -0.0
lam[2,8] = -0.0
tau[0,0,1] = 1.0
tau[0,0,2] = -0.0
tau[0,0,L0] = -0.0
tau[0,0,L1] = -0.0
tau[0,0,L2] = 0.0
tau[0,1,1] = 1.0
tau[0,1,2] = -0.0
tau[0,1,L0] = -0.0
tau[0,1,L1] = 0.0
tau[0,1,L2] = -0.0
tau[0,2,1] = -0.0
tau[0,2,2] = 0.0
tau[0,2,L0] = 0.0
tau[0,2,L1] = 1.0
tau[0,2,L2] = -0.0
tau[0,3,1] = -0.0
tau[0,3,2] = 1.0
tau[0,3,L0] = 0.0
tau[0,3,L1] = -0.0
tau[0,3,L2] = -0.0
tau[0,4,1] = 0.0
tau[0,4,2] = 1.0
tau[0,4,L0] = -0.0
tau[0,4,L1] = -0.0
tau[0,4,L2] = -0.0
tau[0,5,1] = 0.0
tau[0,5,2] = 1.0
tau[0,5,L0] = -0.0
tau[0,5,L1] = -0.0
tau[0,5,L2] = -0.0
tau[1,0,2] = 0.0
tau[1,0,L0] = 0.0
tau[1,0,L1] = 1.0
tau[1,0,L2] = -0.0
tau[1,1,2] = 0.0
tau[1,1,L0] = -0.0
tau[1,1,L1] = -0.0
tau[1,1,L2] = 1.0
tau[1,2,2] = -0.0
tau[1,2,L0] = -0.0
tau[1,2,L1] = -0.0
tau[1,2,L2] = 0.0
tau[1,3,2] = 0.0
tau[1,3,L0] = -0.0
tau[1,3,L1] = -0.0
tau[1,3,L2] = -0.0
tau[1,4,2] = 0.0
tau[1,4,L0] = -0.0
tau[1,4,L1] = 0.0
tau[1,4,L2] = -0.0
tau[1,5,2] = 0.0
tau[1,5,L0] = -0.0
tau[1,5,L1] = -0.0
tau[1,5,L2] = -0.0
tau[2,0,L0] = -0.0
tau[2,0,L1] = 1.0
tau[2,0,L2] = 0.0
tau[2,1,L0] = 1.0
tau[2,1,L1] = 0.0
tau[2,1,L2] = -0.0
tau[2,2,L0] = 1.0
tau[2,2,L1] = -0.0
tau[2,2,L2] = 0.0
tau[2,3,L0] = 1.0
tau[2,3,L1] = -0.0
tau[2,3,L2] = 0.0
tau[2,4,L0] = 0.0
tau[2,4,L1] = -0.0
tau[2,4,L2] = 0.0
tau[2,5,L0] = -0.0
tau[2,5,L1] = -0.0
tau[2,5,L2] = -0.0
m[0,0] = 1.0
m[0,1] = 1.0
m[0,2] = 1.0
m[0,3] = 1.0
m[0,4] = 1.0
m[0,5] = 1.0
m[0,6] = 1.0
m[0,7] = 1.0
m[0,8] = 1.0
m[0,9] = 1.0
m[0,10] = 1.0
m[0,11] = 1.0
m[0,12] = 1.0
m[0,13] = 1.0
m[0,14] = 1.0
m[0,15] = 1.0
m[0,16] = 1.0
m[0,17] = 1.0
m[0,18] = 1.0
m[0,19] = 1.0
m[0,20] = 1.0
m[0,21] = 1.0
m[0,22] = 1.0
m[0,23] = 0.0
m[0,24] = 1.0
m[0,25] = 1.0
m[0,26] = 1.0
m[0,27] = 1.0
m[0,28] = 1.0
m[0,29] = 1.0
m[0,30] = 1.0
m[0,31] = 1.0
m[0,32] = 1.0
m[0,33] = 1.0
m[0,34] = 1.0
m[0,35] = 1.0
m[0,36] = 1.0
m[0,37] = 1.0
m[0,38] = 1.0
m[0,39] = 1.0
m[0,40] = 1.0
m[0,41] = 1.0
m[0,42] = 1.0
m[0,43] = 1.0
m[0,44] = 1.0
m[0,45] = 1.0
m[0,46] = 1.0
m[0,47] = 1.0
m[0,48] = 1.0
m[0,49] = 1.0
m[0,50] = 1.0
m[0,51] = 1.0
m[0,52] = 1.0
m[0,53] = 1.0
m[0,54] = 1.0
m[0,55] = 1.0
m[0,56] = 1.0
m[0,57] = 1.0
m[0,58] = 1.0
m[0,59] = 1.0
m[0,60] = 1.0
m[0,61] = 0.0
m[0,62] = 1.0
m[0,63] = 1.0
m[0,64] = 1.0
m[0,65] = 1.0
m[0,66] = 0.0
m[0,67] = 1.0
m[0,68] = 1.0
m[0,69] = 1.0
m[0,70] = 1.0
m[0,71] = 0.0
m[0,72] = 1.0
m[0,73] = 0.0
m[0,74] = 1.0
m[0,75] = 1.0
m[0,76] = 1.0
m[0,77] = 1.0
m[0,78] = 1.0
m[0,79] = 1.0
m[0,80] = 1.0
m[0,81] = 1.0
m[0,82] = 1.0
m[0,83] = 0.0
m[0,84] = 1.0
m[0,85] = 1.0
m[0,86] = 1.0
m[0,87] = 1.0
m[0,88] = 1.0
m[0,89] = 1.0
m[0,90] = 1.0
m[0,91] = 1.0
m[0,92] = 1.0
m[0,93] = 1.0
m[0,94] = 1.0
m[0,95] = 1.0
m[0,96] = 1.0
m[0,97] = 1.0
m[0,98] = 1.0
m[0,99] = 1.0
m[0,100] = 1.0
m[0,101] = 1.0
m[0,102] = 1.0
m[0,103] = 1.0
m[0,104] = 1.0
m[0,105] = 1.0
m[0,106] = 1.0
m[0,107] = 1.0
m[0,108] = 1.0
m[0,109] = 1.0
m[0,110] = 1.0
m[0,111] = 1.0
m[0,112] = 1.0
m[0,113] = 1.0
m[0,114] = 1.0
m[0,115] = 1.0
m[0,116] = 1.0
m[0,117] = 1.0
m[0,118] = 1.0
m[0,119] = 1.0
m[0,120] = 1.0
m[0,121] = 1.0
m[0,122] = 1.0
m[0,123] = 0.0
m[0,124] = 1.0
m[0,125] = 1.0
m[0,126] = 1.0
m[0,127] = 1.0
m[0,128] = 1.0
m[0,129] = 1.0
m[0,130] = 1.0
m[0,131] = 1.0
m[0,132] = 1.0
m[0,133] = 1.0
m[0,134] = 1.0
m[0,135] = 1.0
m[0,136] = 1.0
m[0,137] = 1.0
m[0,138] = 1.0
m[0,139] = 1.0
m[0,140] = 1.0
m[0,141] = 1.0
m[0,142] = 1.0
m[0,143] = 1.0
m[0,144] = 1.0
m[0,145] = 1.0
m[0,146] = 1.0
m[0,147] = 1.0
m[0,148] = 1.0
m[0,149] = 1.0
m[0,150] = 1.0
m[0,151] = 1.0
m[0,152] = 1.0
m[0,153] = 1.0
m[0,154] = 1.0
m[0,155] = 1.0
m[0,156] = 1.0
m[0,157] = 1.0
m[0,158] = 1.0
m[0,159] = 1.0
m[0,160] = 1.0
m[0,161] = 1.0
m[0,162] = 1.0
m[0,163] = 1.0
m[0,164] = 1.0
m[0,165] = 1.0
m[0,166] = 1.0
m[0,167] = 1.0
m[0,168] = 1.0
m[0,169] = 1.0
m[0,170] = 1.0
m[0,171] = 1.0
m[0,172] = 1.0
m[0,173] = 1.0
m[0,174] = 1.0
m[0,175] = 1.0
m[0,176] = 1.0
m[0,177] = 1.0
u[0] = 1.0
u[1] = 1.0
u[2] = 1.0
o_u[0,0] = -0.0
o_u[0,1] = 0.0
o_u[0,2] = 1.0
o_u[0,3] = 0.0
o_u[0,4] = 0.0
o_u[0,5] = 0.0
o_u[0,6] = 0.0
o_u[0,7] = -0.0
o_u[0,8] = 0.0
o_u[1,0] = 0.0
o_u[1,1] = 0.0
o_u[1,2] = 0.0
o_u[1,3] = 0.0
o_u[1,4] = 0.0
o_u[1,5] = 0.0
o_u[1,6] = 0.0
o_u[1,7] = 1.0
o_u[1,8] = 0.0
o_u[2,0] = 1.0
o_u[2,1] = 0.0
o_u[2,2] = 0.0
o_u[2,3] = 0.0
o_u[2,4] = 0.0
o_u[2,5] = 0.0
o_u[2,6] = 0.0
o_u[2,7] = 0.0
o_u[2,8] = 0.0
------------------------------------------------------------------------
------------------------------------------------------------------------
Saved hierarchical tree visualization to milp_tree_levels.png
THIS IS THE INITIAL CORRECTNESS 0.9606741573033708
THIS IS THE INITIAL EXPLAINABILITY 6.0
Inside find_pareto_solution_more_e
----------------------------------
THE CURRENT CORRECTNESS IS: 0.9606741573033708, AND THE CURRENT EXPLAINABILITY IS: 6.0
Gurobi Optimizer version 12.0.3 build v12.0.3rc0 (linux64 - "Ubuntu 22.04.5 LTS")

CPU model: AMD EPYC 7742 64-Core Processor, instruction set [SSE2|AVX|AVX2]
Thread count: 128 physical cores, 256 logical processors, using up to 32 threads

Optimize a model with 72075 rows, 17289 columns and 219598 nonzeros
Model fingerprint: 0xf9c9c73d
Variable types: 17190 continuous, 99 integer (0 binary)
Coefficient statistics:
  Matrix range     [1e+00, 3e+00]
  Objective range  [1e+00, 3e+00]
  Bounds range     [1e+00, 1e+00]
  RHS range        [1e+00, 1e+03]

MIP start from previous solve did not produce a new incumbent solution
MIP start from previous solve violates constraint R72073 by 1.000000000

Presolve removed 55466 rows and 12757 columns
Presolve time: 1.03s
Presolved: 16609 rows, 4532 columns, 69270 nonzeros
Variable types: 3880 continuous, 652 integer (652 binary)
Found heuristic solution: objective 32.0000000

Root relaxation: objective 1.800000e+02, 5505 iterations, 0.49 seconds (0.50 work units)

    Nodes    |    Current Node    |     Objective Bounds      |     Work
 Expl Unexpl |  Obj  Depth IntInf | Incumbent    BestBd   Gap | It/Node Time

     0     0  180.00000    0  153   32.00000  180.00000   462%     -    1s
H    0     0                      91.0000000  180.00000  97.8%     -    1s
H    0     0                     139.0000000  180.00000  29.5%     -    1s
H    0     0                     143.0000000  179.50000  25.5%     -    2s
H    0     0                     162.0000000  179.50000  10.8%     -    3s
     0     0  179.50000    0  270  162.00000  179.50000  10.8%     -    3s
     0     0  179.50000    0  260  162.00000  179.50000  10.8%     -    3s
     0     0  179.00000    0  383  162.00000  179.00000  10.5%     -    4s
     0     0  179.00000    0  155  162.00000  179.00000  10.5%     -    5s
H    0     0                     166.0000000  179.00000  7.83%     -    6s
     0     0  179.00000    0  386  166.00000  179.00000  7.83%     -    6s
H    0     0                     167.0000000  179.00000  7.19%     -    7s
     0     0  179.00000    0  385  167.00000  179.00000  7.19%     -    7s
     0     0  179.00000    0  377  167.00000  179.00000  7.19%     -    7s
     0     0  179.00000    0  372  167.00000  179.00000  7.19%     -    8s
H    0     0                     169.0000000  179.00000  5.92%     -   11s
H    0     0                     172.0000000  179.00000  4.07%     -   11s
     0     0  179.00000    0  188  172.00000  179.00000  4.07%     -   11s
H    0     0                     174.0000000  179.00000  2.87%     -   11s
     0     0  179.00000    0  168  174.00000  179.00000  2.87%     -   11s
H    0     0                     175.0000000  178.16667  1.81%     -   15s
     0     0  178.16667    0  170  175.00000  178.16667  1.81%     -   15s
     0     0  178.16667    0  172  175.00000  178.16667  1.81%     -   15s
     0     0  178.00000    0  207  175.00000  178.00000  1.71%     -   16s
     0     0  178.00000    0  130  175.00000  178.00000  1.71%     -   17s
     0     2  178.00000    0  130  175.00000  178.00000  1.71%     -   20s
*  152   135               8     176.0000000  178.00000  1.14%   813   23s
H  252   141                     177.0000000  178.00000  0.56%   658   24s
   384    72  178.00000   10  153  177.00000  178.00000  0.56%   541   25s

Cutting planes:
  Gomory: 3
  Implied bound: 277
  Clique: 6
  MIR: 39
  Flow cover: 49
  Zero half: 14
  RLT: 239
  BQP: 147
  PSD: 1

Explored 686 nodes (400186 simplex iterations) in 28.02 seconds (29.24 work units)
Thread count was 32 (of 256 available processors)

Solution count 10: 177 176 175 ... 143

Optimal solution found (tolerance 1.00e-04)
Best objective 1.770000000000e+02, best bound 1.770000000000e+02, gap 0.0000%
Objective value: 177.0
lam[0,0] = -0.0
lam[0,1] = -0.0
lam[0,2] = 1.0
lam[0,3] = -0.0
lam[0,4] = -0.0
lam[0,5] = -0.0
lam[0,6] = -0.0
lam[0,7] = -0.0
lam[0,8] = -0.0
lam[1,0] = 1.0
lam[1,1] = 0.0
lam[1,2] = -0.0
lam[1,3] = -0.0
lam[1,4] = -0.0
lam[1,5] = 0.0
lam[1,6] = -0.0
lam[1,7] = -0.0
lam[1,8] = -0.0
lam[2,0] = 0.0
lam[2,1] = -0.0
lam[2,2] = -0.0
lam[2,3] = 1.0
lam[2,4] = -0.0
lam[2,5] = -0.0
lam[2,6] = 0.0
lam[2,7] = -0.0
lam[2,8] = -0.0
tau[0,0,1] = -0.0
tau[0,0,2] = 1.0
tau[0,0,L0] = -0.0
tau[0,0,L1] = -0.0
tau[0,0,L2] = -0.0
tau[0,1,1] = -0.0
tau[0,1,2] = 1.0
tau[0,1,L0] = 0.0
tau[0,1,L1] = -0.0
tau[0,1,L2] = 0.0
tau[0,2,1] = -0.0
tau[0,2,2] = -0.0
tau[0,2,L0] = -0.0
tau[0,2,L1] = 1.0
tau[0,2,L2] = -0.0
tau[0,3,1] = 1.0
tau[0,3,2] = -0.0
tau[0,3,L0] = 0.0
tau[0,3,L1] = 0.0
tau[0,3,L2] = 0.0
tau[0,4,1] = 1.0
tau[0,4,2] = -0.0
tau[0,4,L0] = -0.0
tau[0,4,L1] = -0.0
tau[0,4,L2] = -0.0
tau[0,5,1] = 1.0
tau[0,5,2] = 0.0
tau[0,5,L0] = 0.0
tau[0,5,L1] = 0.0
tau[0,5,L2] = 0.0
tau[1,0,2] = 0.0
tau[1,0,L0] = 0.0
tau[1,0,L1] = 1.0
tau[1,0,L2] = 0.0
tau[1,1,2] = 0.0
tau[1,1,L0] = 1.0
tau[1,1,L1] = 0.0
tau[1,1,L2] = 0.0
tau[1,2,2] = -0.0
tau[1,2,L0] = 1.0
tau[1,2,L1] = -0.0
tau[1,2,L2] = -0.0
tau[1,3,2] = 0.0
tau[1,3,L0] = 1.0
tau[1,3,L1] = 0.0
tau[1,3,L2] = 0.0
tau[1,4,2] = 0.0
tau[1,4,L0] = 0.0
tau[1,4,L1] = 0.0
tau[1,4,L2] = 0.0
tau[1,5,2] = -0.0
tau[1,5,L0] = -0.0
tau[1,5,L1] = -0.0
tau[1,5,L2] = -0.0
tau[2,0,L0] = 0.0
tau[2,0,L1] = 1.0
tau[2,0,L2] = 0.0
tau[2,1,L0] = 0.0
tau[2,1,L1] = 1.0
tau[2,1,L2] = 0.0
tau[2,2,L0] = -0.0
tau[2,2,L1] = 0.0
tau[2,2,L2] = 1.0
tau[2,3,L0] = 0.0
tau[2,3,L1] = 0.0
tau[2,3,L2] = 1.0
tau[2,4,L0] = -0.0
tau[2,4,L1] = 0.0
tau[2,4,L2] = 1.0
tau[2,5,L0] = -0.0
tau[2,5,L1] = -0.0
tau[2,5,L2] = -0.0
m[0,0] = 1.0
m[0,1] = 1.0
m[0,2] = 1.0
m[0,3] = 1.0
m[0,4] = 1.0
m[0,5] = 1.0
m[0,6] = 1.0
m[0,7] = 1.0
m[0,8] = 1.0
m[0,9] = 1.0
m[0,10] = 1.0
m[0,11] = 1.0
m[0,12] = 1.0
m[0,13] = 1.0
m[0,14] = 1.0
m[0,15] = 1.0
m[0,16] = 1.0
m[0,17] = 1.0
m[0,18] = 1.0
m[0,19] = 1.0
m[0,20] = 1.0
m[0,21] = 1.0
m[0,22] = 1.0
m[0,23] = 0.0
m[0,24] = 1.0
m[0,25] = 1.0
m[0,26] = 1.0
m[0,27] = 1.0
m[0,28] = 1.0
m[0,29] = 1.0
m[0,30] = 1.0
m[0,31] = 1.0
m[0,32] = 1.0
m[0,33] = 1.0
m[0,34] = 1.0
m[0,35] = 1.0
m[0,36] = 1.0
m[0,37] = 1.0
m[0,38] = 1.0
m[0,39] = 1.0
m[0,40] = 1.0
m[0,41] = 1.0
m[0,42] = 1.0
m[0,43] = 1.0
m[0,44] = 1.0
m[0,45] = 1.0
m[0,46] = 1.0
m[0,47] = 1.0
m[0,48] = 1.0
m[0,49] = 1.0
m[0,50] = 1.0
m[0,51] = 1.0
m[0,52] = 1.0
m[0,53] = 1.0
m[0,54] = 1.0
m[0,55] = 1.0
m[0,56] = 1.0
m[0,57] = 1.0
m[0,58] = 1.0
m[0,59] = 1.0
m[0,60] = 1.0
m[0,61] = 0.0
m[0,62] = 1.0
m[0,63] = 1.0
m[0,64] = 1.0
m[0,65] = 1.0
m[0,66] = 0.0
m[0,67] = 1.0
m[0,68] = 1.0
m[0,69] = 1.0
m[0,70] = 1.0
m[0,71] = 0.0
m[0,72] = 1.0
m[0,73] = 0.0
m[0,74] = 1.0
m[0,75] = 1.0
m[0,76] = 1.0
m[0,77] = 1.0
m[0,78] = 1.0
m[0,79] = 1.0
m[0,80] = 1.0
m[0,81] = 1.0
m[0,82] = 1.0
m[0,83] = 0.0
m[0,84] = 1.0
m[0,85] = 1.0
m[0,86] = 1.0
m[0,87] = 1.0
m[0,88] = 1.0
m[0,89] = 1.0
m[0,90] = 1.0
m[0,91] = 1.0
m[0,92] = 1.0
m[0,93] = 1.0
m[0,94] = 1.0
m[0,95] = 1.0
m[0,96] = 1.0
m[0,97] = 1.0
m[0,98] = 1.0
m[0,99] = 1.0
m[0,100] = 1.0
m[0,101] = 1.0
m[0,102] = 1.0
m[0,103] = 1.0
m[0,104] = 1.0
m[0,105] = 1.0
m[0,106] = 1.0
m[0,107] = 1.0
m[0,108] = 1.0
m[0,109] = 1.0
m[0,110] = 1.0
m[0,111] = 1.0
m[0,112] = 1.0
m[0,113] = 1.0
m[0,114] = 1.0
m[0,115] = 1.0
m[0,116] = 1.0
m[0,117] = 1.0
m[0,118] = 1.0
m[0,119] = 1.0
m[0,120] = 1.0
m[0,121] = 1.0
m[0,122] = 1.0
m[0,123] = 0.0
m[0,124] = 1.0
m[0,125] = 1.0
m[0,126] = 1.0
m[0,127] = 1.0
m[0,128] = 1.0
m[0,129] = 1.0
m[0,130] = 1.0
m[0,131] = 1.0
m[0,132] = 1.0
m[0,133] = 1.0
m[0,134] = 1.0
m[0,135] = 1.0
m[0,136] = 0.0
m[0,137] = 1.0
m[0,138] = 1.0
m[0,139] = 1.0
m[0,140] = 1.0
m[0,141] = 1.0
m[0,142] = 1.0
m[0,143] = 1.0
m[0,144] = 1.0
m[0,145] = 1.0
m[0,146] = 1.0
m[0,147] = 1.0
m[0,148] = 1.0
m[0,149] = 1.0
m[0,150] = 1.0
m[0,151] = 1.0
m[0,152] = 1.0
m[0,153] = 1.0
m[0,154] = 1.0
m[0,155] = 1.0
m[0,156] = 1.0
m[0,157] = 1.0
m[0,158] = 1.0
m[0,159] = 1.0
m[0,160] = 1.0
m[0,161] = 1.0
m[0,162] = 1.0
m[0,163] = 1.0
m[0,164] = 1.0
m[0,165] = 1.0
m[0,166] = 1.0
m[0,167] = 1.0
m[0,168] = 1.0
m[0,169] = 1.0
m[0,170] = 1.0
m[0,171] = 1.0
m[0,172] = 1.0
m[0,173] = 1.0
m[0,174] = 1.0
m[0,175] = 1.0
m[0,176] = 1.0
m[0,177] = 1.0
u[0] = 1.0
u[1] = 1.0
u[2] = 1.0
o_u[0,0] = -0.0
o_u[0,1] = 0.0
o_u[0,2] = 1.0
o_u[0,3] = 0.0
o_u[0,4] = -0.0
o_u[0,5] = 0.0
o_u[0,6] = 0.0
o_u[0,7] = 0.0
o_u[0,8] = -0.0
o_u[1,0] = 1.0
o_u[1,1] = 0.0
o_u[1,2] = 0.0
o_u[1,3] = 0.0
o_u[1,4] = 0.0
o_u[1,5] = 0.0
o_u[1,6] = 0.0
o_u[1,7] = 0.0
o_u[1,8] = 0.0
o_u[2,0] = 0.0
o_u[2,1] = 0.0
o_u[2,2] = 0.0
o_u[2,3] = 1.0
o_u[2,4] = 0.0
o_u[2,5] = 0.0
o_u[2,6] = 0.0
o_u[2,7] = 0.0
o_u[2,8] = 0.0
THE NEW CORRECTNESS IS: 0.9550561797752809, AND THE NEW EXPLAINABILITY IS: 7.0
************************************************************
New pareto points added, correctness = 0.9550561797752809 , explainability = 7.0
App ending 1......
End of find_pareto_solution_more_e 4 @@@@@@@@@@@@@
Inside find_pareto_solution_more_e
----------------------------------
THE CURRENT CORRECTNESS IS: 0.9550561797752809, AND THE CURRENT EXPLAINABILITY IS: 7.0
Gurobi Optimizer version 12.0.3 build v12.0.3rc0 (linux64 - "Ubuntu 22.04.5 LTS")

CPU model: AMD EPYC 7742 64-Core Processor, instruction set [SSE2|AVX|AVX2]
Thread count: 128 physical cores, 256 logical processors, using up to 32 threads

Optimize a model with 72075 rows, 17289 columns and 219598 nonzeros
Model fingerprint: 0x12c31f11
Variable types: 17190 continuous, 99 integer (0 binary)
Coefficient statistics:
  Matrix range     [1e+00, 3e+00]
  Objective range  [1e+00, 3e+00]
  Bounds range     [1e+00, 1e+00]
  RHS range        [1e+00, 1e+03]

MIP start from previous solve did not produce a new incumbent solution
MIP start from previous solve violates constraint R72075 by 1.000000000

Presolve removed 55466 rows and 12757 columns
Presolve time: 0.97s
Presolved: 16609 rows, 4532 columns, 69269 nonzeros
Variable types: 3880 continuous, 652 integer (652 binary)

Root relaxation: objective 1.790000e+02, 5508 iterations, 0.61 seconds (0.73 work units)

    Nodes    |    Current Node    |     Objective Bounds      |     Work
 Expl Unexpl |  Obj  Depth IntInf | Incumbent    BestBd   Gap | It/Node Time

     0     0  179.00000    0  177          -  179.00000      -     -    3s
H    0     0                     100.0000000  179.00000  79.0%     -    3s
H    0     0                     131.0000000  179.00000  36.6%     -    3s
H    0     0                     139.0000000  179.00000  28.8%     -    3s
H    0     0                     142.0000000  178.50000  25.7%     -    3s
     0     0  178.00000    0  315  142.00000  178.00000  25.4%     -    4s
H    0     0                     153.0000000  178.00000  16.3%     -    4s
H    0     0                     159.0000000  178.00000  11.9%     -    4s
     0     0  178.00000    0  396  159.00000  178.00000  11.9%     -    5s
     0     0  178.00000    0  218  159.00000  178.00000  11.9%     -    6s
H    0     0                     160.0000000  178.00000  11.2%     -    6s
     0     0  178.00000    0  311  160.00000  178.00000  11.2%     -    8s
     0     0  178.00000    0  308  160.00000  178.00000  11.2%     -    8s
     0     0  178.00000    0  368  160.00000  178.00000  11.2%     -    9s
     0     0  178.00000    0  360  160.00000  178.00000  11.2%     -    9s
H    0     0                     167.0000000  178.00000  6.59%     -   13s
H    0     0                     168.0000000  178.00000  5.95%     -   13s
H    0     0                     169.0000000  177.00000  4.73%     -   14s
H    0     0                     176.0000000  177.00000  0.57%     -   14s
     0     0  177.00000    0   90  176.00000  177.00000  0.57%     -   15s
     0     0  177.00000    0   89  176.00000  177.00000  0.57%     -   15s
     0     0  177.00000    0   46  176.00000  177.00000  0.57%     -   19s
     0     0  177.00000    0   46  176.00000  177.00000  0.57%     -   20s
     0     0  177.00000    0   45  176.00000  177.00000  0.57%     -   21s
     0     0  177.00000    0   45  176.00000  177.00000  0.57%     -   21s
     0     2  177.00000    0   45  176.00000  177.00000  0.57%     -   23s
     7    14  177.00000    3  307  176.00000  177.00000  0.57%  1395   25s
   447    27  177.00000   10  180  176.00000  177.00000  0.57%   550   30s

Cutting planes:
  Gomory: 6
  Implied bound: 81
  Clique: 11
  MIR: 21
  Flow cover: 35
  Zero half: 7
  RLT: 247
  Relax-and-lift: 3
  BQP: 340

Explored 556 nodes (362965 simplex iterations) in 30.56 seconds (34.62 work units)
Thread count was 32 (of 256 available processors)

Solution count 10: 176 169 168 ... 131

Optimal solution found (tolerance 1.00e-04)
Best objective 1.760000000000e+02, best bound 1.760000000000e+02, gap 0.0000%
Objective value: 176.0
lam[0,0] = -0.0
lam[0,1] = -0.0
lam[0,2] = 1.0
lam[0,3] = 0.0
lam[0,4] = -0.0
lam[0,5] = 0.0
lam[0,6] = -0.0
lam[0,7] = -0.0
lam[0,8] = 0.0
lam[1,0] = 0.0
lam[1,1] = -0.0
lam[1,2] = 0.0
lam[1,3] = 1.0
lam[1,4] = 0.0
lam[1,5] = 0.0
lam[1,6] = 0.0
lam[1,7] = -0.0
lam[1,8] = -0.0
lam[2,0] = 0.0
lam[2,1] = -0.0
lam[2,2] = 0.0
lam[2,3] = 0.0
lam[2,4] = -0.0
lam[2,5] = 1.0
lam[2,6] = -0.0
lam[2,7] = -0.0
lam[2,8] = 0.0
tau[0,0,1] = 1.0
tau[0,0,2] = -0.0
tau[0,0,L0] = -0.0
tau[0,0,L1] = -0.0
tau[0,0,L2] = 0.0
tau[0,1,1] = 0.0
tau[0,1,2] = 0.0
tau[0,1,L0] = -0.0
tau[0,1,L1] = 1.0
tau[0,1,L2] = -0.0
tau[0,2,1] = 0.0
tau[0,2,2] = -0.0
tau[0,2,L0] = 0.0
tau[0,2,L1] = 1.0
tau[0,2,L2] = -0.0
tau[0,3,1] = -0.0
tau[0,3,2] = 1.0
tau[0,3,L0] = -0.0
tau[0,3,L1] = 0.0
tau[0,3,L2] = -0.0
tau[0,4,1] = -0.0
tau[0,4,2] = 1.0
tau[0,4,L0] = -0.0
tau[0,4,L1] = 0.0
tau[0,4,L2] = -0.0
tau[0,5,1] = -0.0
tau[0,5,2] = 1.0
tau[0,5,L0] = -0.0
tau[0,5,L1] = 0.0
tau[0,5,L2] = 0.0
tau[1,0,2] = 0.0
tau[1,0,L0] = -0.0
tau[1,0,L1] = 1.0
tau[1,0,L2] = 0.0
tau[1,1,2] = 0.0
tau[1,1,L0] = -0.0
tau[1,1,L1] = 1.0
tau[1,1,L2] = -0.0
tau[1,2,2] = 0.0
tau[1,2,L0] = -0.0
tau[1,2,L1] = -0.0
tau[1,2,L2] = 1.0
tau[1,3,2] = 0.0
tau[1,3,L0] = 0.0
tau[1,3,L1] = 0.0
tau[1,3,L2] = 1.0
tau[1,4,2] = -0.0
tau[1,4,L0] = -0.0
tau[1,4,L1] = -0.0
tau[1,4,L2] = 1.0
tau[1,5,2] = -0.0
tau[1,5,L0] = -0.0
tau[1,5,L1] = -0.0
tau[1,5,L2] = -0.0
tau[2,0,L0] = -0.0
tau[2,0,L1] = 1.0
tau[2,0,L2] = 0.0
tau[2,1,L0] = -0.0
tau[2,1,L1] = 1.0
tau[2,1,L2] = 0.0
tau[2,2,L0] = 1.0
tau[2,2,L1] = 0.0
tau[2,2,L2] = 0.0
tau[2,3,L0] = 1.0
tau[2,3,L1] = 0.0
tau[2,3,L2] = -0.0
tau[2,4,L0] = -0.0
tau[2,4,L1] = -0.0
tau[2,4,L2] = 0.0
tau[2,5,L0] = -0.0
tau[2,5,L1] = -0.0
tau[2,5,L2] = -0.0
m[0,0] = 1.0
m[0,1] = 1.0
m[0,2] = 1.0
m[0,3] = 1.0
m[0,4] = 1.0
m[0,5] = 1.0
m[0,6] = 1.0
m[0,7] = 1.0
m[0,8] = 1.0
m[0,9] = 1.0
m[0,10] = 1.0
m[0,11] = 1.0
m[0,12] = 1.0
m[0,13] = 1.0
m[0,14] = 1.0
m[0,15] = 1.0
m[0,16] = 1.0
m[0,17] = 1.0
m[0,18] = 1.0
m[0,19] = 1.0
m[0,20] = 1.0
m[0,21] = 1.0
m[0,22] = 1.0
m[0,23] = 1.0
m[0,24] = 1.0
m[0,25] = 1.0
m[0,26] = 1.0
m[0,27] = 1.0
m[0,28] = 1.0
m[0,29] = 1.0
m[0,30] = 1.0
m[0,31] = 1.0
m[0,32] = 1.0
m[0,33] = 1.0
m[0,34] = 1.0
m[0,35] = 1.0
m[0,36] = 1.0
m[0,37] = 1.0
m[0,38] = 1.0
m[0,39] = 1.0
m[0,40] = 1.0
m[0,41] = 1.0
m[0,42] = 1.0
m[0,43] = 1.0
m[0,44] = 1.0
m[0,45] = 1.0
m[0,46] = 1.0
m[0,47] = 1.0
m[0,48] = 1.0
m[0,49] = 1.0
m[0,50] = 1.0
m[0,51] = 1.0
m[0,52] = 1.0
m[0,53] = 1.0
m[0,54] = 1.0
m[0,55] = 1.0
m[0,56] = 1.0
m[0,57] = 1.0
m[0,58] = 1.0
m[0,59] = 1.0
m[0,60] = 1.0
m[0,61] = 0.0
m[0,62] = 1.0
m[0,63] = 1.0
m[0,64] = 1.0
m[0,65] = 0.0
m[0,66] = 1.0
m[0,67] = 1.0
m[0,68] = 1.0
m[0,69] = 1.0
m[0,70] = 1.0
m[0,71] = 1.0
m[0,72] = 1.0
m[0,73] = 0.0
m[0,74] = 0.0
m[0,75] = 1.0
m[0,76] = 1.0
m[0,77] = 1.0
m[0,78] = 1.0
m[0,79] = 1.0
m[0,80] = 1.0
m[0,81] = 0.0
m[0,82] = 1.0
m[0,83] = 1.0
m[0,84] = 1.0
m[0,85] = 1.0
m[0,86] = 1.0
m[0,87] = 1.0
m[0,88] = 1.0
m[0,89] = 1.0
m[0,90] = 1.0
m[0,91] = 1.0
m[0,92] = 1.0
m[0,93] = 1.0
m[0,94] = 1.0
m[0,95] = 0.0
m[0,96] = 1.0
m[0,97] = 1.0
m[0,98] = 1.0
m[0,99] = 1.0
m[0,100] = 0.0
m[0,101] = 1.0
m[0,102] = 1.0
m[0,103] = 1.0
m[0,104] = 1.0
m[0,105] = 1.0
m[0,106] = 1.0
m[0,107] = 1.0
m[0,108] = 1.0
m[0,109] = 0.0
m[0,110] = 1.0
m[0,111] = 1.0
m[0,112] = 1.0
m[0,113] = 1.0
m[0,114] = 1.0
m[0,115] = 1.0
m[0,116] = 1.0
m[0,117] = 1.0
m[0,118] = 1.0
m[0,119] = 1.0
m[0,120] = 1.0
m[0,121] = 1.0
m[0,122] = 1.0
m[0,123] = 1.0
m[0,124] = 1.0
m[0,125] = 1.0
m[0,126] = 1.0
m[0,127] = 1.0
m[0,128] = 1.0
m[0,129] = 1.0
m[0,130] = 1.0
m[0,131] = 1.0
m[0,132] = 1.0
m[0,133] = 1.0
m[0,134] = 1.0
m[0,135] = 1.0
m[0,136] = 0.0
m[0,137] = 1.0
m[0,138] = 1.0
m[0,139] = 1.0
m[0,140] = 1.0
m[0,141] = 1.0
m[0,142] = 1.0
m[0,143] = 1.0
m[0,144] = 1.0
m[0,145] = 1.0
m[0,146] = 1.0
m[0,147] = 1.0
m[0,148] = 1.0
m[0,149] = 1.0
m[0,150] = 0.0
m[0,151] = 1.0
m[0,152] = 1.0
m[0,153] = 1.0
m[0,154] = 1.0
m[0,155] = 1.0
m[0,156] = 1.0
m[0,157] = 1.0
m[0,158] = 1.0
m[0,159] = 1.0
m[0,160] = 1.0
m[0,161] = 1.0
m[0,162] = 1.0
m[0,163] = 1.0
m[0,164] = 1.0
m[0,165] = 1.0
m[0,166] = 1.0
m[0,167] = 1.0
m[0,168] = 1.0
m[0,169] = 1.0
m[0,170] = 1.0
m[0,171] = 1.0
m[0,172] = 1.0
m[0,173] = 1.0
m[0,174] = 1.0
m[0,175] = 1.0
m[0,176] = 1.0
m[0,177] = 1.0
u[0] = 1.0
u[1] = 1.0
u[2] = 1.0
o_u[0,0] = -0.0
o_u[0,1] = 0.0
o_u[0,2] = 1.0
o_u[0,3] = 0.0
o_u[0,4] = -0.0
o_u[0,5] = 0.0
o_u[0,6] = 0.0
o_u[0,7] = 0.0
o_u[0,8] = 0.0
o_u[1,0] = 0.0
o_u[1,1] = 0.0
o_u[1,2] = 0.0
o_u[1,3] = 1.0
o_u[1,4] = 0.0
o_u[1,5] = 0.0
o_u[1,6] = 0.0
o_u[1,7] = 0.0
o_u[1,8] = 0.0
o_u[2,0] = 0.0
o_u[2,1] = 0.0
o_u[2,2] = 0.0
o_u[2,3] = 0.0
o_u[2,4] = 0.0
o_u[2,5] = 1.0
o_u[2,6] = 0.0
o_u[2,7] = 0.0
o_u[2,8] = 0.0
THE NEW CORRECTNESS IS: 0.9438202247191011, AND THE NEW EXPLAINABILITY IS: 8.0
************************************************************
New pareto points added, correctness = 0.9438202247191011 , explainability = 8.0
App ending 1......
End of find_pareto_solution_more_e 4 @@@@@@@@@@@@@
Inside find_pareto_solution_more_e
----------------------------------
THE CURRENT CORRECTNESS IS: 0.9438202247191011, AND THE CURRENT EXPLAINABILITY IS: 8.0
Gurobi Optimizer version 12.0.3 build v12.0.3rc0 (linux64 - "Ubuntu 22.04.5 LTS")

CPU model: AMD EPYC 7742 64-Core Processor, instruction set [SSE2|AVX|AVX2]
Thread count: 128 physical cores, 256 logical processors, using up to 32 threads

Optimize a model with 72075 rows, 17289 columns and 219598 nonzeros
Model fingerprint: 0xb3be4ede
Variable types: 17190 continuous, 99 integer (0 binary)
Coefficient statistics:
  Matrix range     [1e+00, 3e+00]
  Objective range  [1e+00, 3e+00]
  Bounds range     [1e+00, 1e+00]
  RHS range        [1e+00, 1e+03]

MIP start from previous solve did not produce a new incumbent solution
MIP start from previous solve violates constraint R72077 by 1.000000000

Presolve removed 55466 rows and 12757 columns
Presolve time: 0.96s
Presolved: 16609 rows, 4532 columns, 69269 nonzeros
Variable types: 3880 continuous, 652 integer (652 binary)

Root relaxation: objective 1.770000e+02, 4921 iterations, 0.53 seconds (0.60 work units)

    Nodes    |    Current Node    |     Objective Bounds      |     Work
 Expl Unexpl |  Obj  Depth IntInf | Incumbent    BestBd   Gap | It/Node Time

     0     0  177.00000    0  155          -  177.00000      -     -    2s
H    0     0                     103.0000000  177.00000  71.8%     -    2s
H    0     0                     117.0000000  177.00000  51.3%     -    2s
     0     0  176.50000    0  279  117.00000  176.50000  50.9%     -    3s
H    0     0                     124.0000000  176.50000  42.3%     -    3s
     0     0  176.00000    0  317  124.00000  176.00000  41.9%     -    4s
     0     0  176.00000    0  172  124.00000  176.00000  41.9%     -    7s
H    0     0                     154.0000000  176.00000  14.3%     -    7s
     0     0  176.00000    0  260  154.00000  176.00000  14.3%     -    8s
     0     0  176.00000    0  260  154.00000  176.00000  14.3%     -    8s
H    0     0                     166.0000000  176.00000  6.02%     -    8s
     0     0  176.00000    0  330  166.00000  176.00000  6.02%     -    9s
     0     0  176.00000    0  247  166.00000  176.00000  6.02%     -    9s
H    0     0                     169.0000000  176.00000  4.14%     -   10s
     0     0  175.50000    0   71  169.00000  175.50000  3.85%     -   10s
     0     0  175.50000    0   71  169.00000  175.50000  3.85%     -   10s
     0     0  169.00000    0  133  169.00000  169.00000  0.00%     -   11s

Cutting planes:
  Gomory: 4
  Implied bound: 21
  MIR: 43
  Flow cover: 5
  Zero half: 16
  RLT: 121
  Relax-and-lift: 3
  BQP: 83

Explored 1 nodes (36989 simplex iterations) in 11.36 seconds (9.00 work units)
Thread count was 32 (of 256 available processors)

Solution count 6: 169 166 154 ... 103

Optimal solution found (tolerance 1.00e-04)
Best objective 1.690000000000e+02, best bound 1.690000000000e+02, gap 0.0000%
Objective value: 169.0
lam[0,0] = -0.0
lam[0,1] = -0.0
lam[0,2] = 1.0
lam[0,3] = -0.0
lam[0,4] = -0.0
lam[0,5] = -0.0
lam[0,6] = -0.0
lam[0,7] = -0.0
lam[0,8] = -0.0
lam[1,0] = -0.0
lam[1,1] = -0.0
lam[1,2] = -0.0
lam[1,3] = -0.0
lam[1,4] = -0.0
lam[1,5] = 1.0
lam[1,6] = -0.0
lam[1,7] = -0.0
lam[1,8] = -0.0
lam[2,0] = -0.0
lam[2,1] = -0.0
lam[2,2] = 1.0
lam[2,3] = -0.0
lam[2,4] = -0.0
lam[2,5] = -0.0
lam[2,6] = -0.0
lam[2,7] = -0.0
lam[2,8] = -0.0
tau[0,0,1] = -0.0
tau[0,0,2] = -0.0
tau[0,0,L0] = 0.0
tau[0,0,L1] = 0.0
tau[0,0,L2] = 1.0
tau[0,1,1] = 1.0
tau[0,1,2] = -0.0
tau[0,1,L0] = -0.0
tau[0,1,L1] = 0.0
tau[0,1,L2] = 0.0
tau[0,2,1] = -0.0
tau[0,2,2] = -0.0
tau[0,2,L0] = -0.0
tau[0,2,L1] = 1.0
tau[0,2,L2] = 0.0
tau[0,3,1] = 1.0
tau[0,3,2] = -0.0
tau[0,3,L0] = -0.0
tau[0,3,L1] = -0.0
tau[0,3,L2] = -0.0
tau[0,4,1] = 1.0
tau[0,4,2] = -0.0
tau[0,4,L0] = -0.0
tau[0,4,L1] = -0.0
tau[0,4,L2] = -0.0
tau[0,5,1] = 1.0
tau[0,5,2] = -0.0
tau[0,5,L0] = -0.0
tau[0,5,L1] = -0.0
tau[0,5,L2] = -0.0
tau[1,0,2] = -0.0
tau[1,0,L0] = -0.0
tau[1,0,L1] = 1.0
tau[1,0,L2] = -0.0
tau[1,1,2] = -0.0
tau[1,1,L0] = -0.0
tau[1,1,L1] = 1.0
tau[1,1,L2] = -0.0
tau[1,2,2] = 1.0
tau[1,2,L0] = -0.0
tau[1,2,L1] = -0.0
tau[1,2,L2] = -0.0
tau[1,3,2] = -0.0
tau[1,3,L0] = 1.0
tau[1,3,L1] = 0.0
tau[1,3,L2] = 0.0
tau[1,4,2] = -0.0
tau[1,4,L0] = -0.0
tau[1,4,L1] = -0.0
tau[1,4,L2] = -0.0
tau[1,5,2] = -0.0
tau[1,5,L0] = -0.0
tau[1,5,L1] = -0.0
tau[1,5,L2] = -0.0
tau[2,0,L0] = -0.0
tau[2,0,L1] = 0.0
tau[2,0,L2] = 1.0
tau[2,1,L0] = 1.0
tau[2,1,L1] = 0.0
tau[2,1,L2] = 0.0
tau[2,2,L0] = 0.0
tau[2,2,L1] = 0.0
tau[2,2,L2] = 1.0
tau[2,3,L0] = 0.0
tau[2,3,L1] = 1.0
tau[2,3,L2] = 0.0
tau[2,4,L0] = 1.0
tau[2,4,L1] = 0.0
tau[2,4,L2] = 0.0
tau[2,5,L0] = 1.0
tau[2,5,L1] = -0.0
tau[2,5,L2] = -0.0
m[0,0] = 1.0
m[0,1] = 1.0
m[0,2] = 1.0
m[0,3] = 1.0
m[0,4] = 1.0
m[0,5] = 1.0
m[0,6] = 1.0
m[0,7] = 1.0
m[0,8] = 1.0
m[0,9] = 1.0
m[0,10] = 1.0
m[0,11] = 1.0
m[0,12] = 1.0
m[0,13] = 1.0
m[0,14] = 1.0
m[0,15] = 1.0
m[0,16] = 1.0
m[0,17] = 1.0
m[0,18] = 1.0
m[0,19] = 1.0
m[0,20] = 1.0
m[0,21] = 0.0
m[0,22] = 1.0
m[0,23] = 1.0
m[0,24] = 1.0
m[0,25] = 1.0
m[0,26] = 1.0
m[0,27] = 1.0
m[0,28] = 1.0
m[0,29] = 1.0
m[0,30] = 1.0
m[0,31] = 1.0
m[0,32] = 1.0
m[0,33] = 1.0
m[0,34] = 1.0
m[0,35] = 1.0
m[0,36] = 1.0
m[0,37] = 1.0
m[0,38] = 1.0
m[0,39] = 1.0
m[0,40] = 1.0
m[0,41] = 1.0
m[0,42] = 1.0
m[0,43] = 1.0
m[0,44] = 1.0
m[0,45] = 1.0
m[0,46] = 1.0
m[0,47] = 1.0
m[0,48] = 1.0
m[0,49] = 1.0
m[0,50] = 1.0
m[0,51] = 1.0
m[0,52] = 1.0
m[0,53] = 1.0
m[0,54] = 1.0
m[0,55] = 1.0
m[0,56] = 1.0
m[0,57] = 1.0
m[0,58] = 1.0
m[0,59] = 0.0
m[0,60] = 0.0
m[0,61] = 0.0
m[0,62] = 1.0
m[0,63] = 1.0
m[0,64] = 1.0
m[0,65] = 0.0
m[0,66] = 1.0
m[0,67] = 1.0
m[0,68] = 0.0
m[0,69] = 0.0
m[0,70] = 0.0
m[0,71] = 1.0
m[0,72] = 1.0
m[0,73] = 0.0
m[0,74] = 1.0
m[0,75] = 1.0
m[0,76] = 1.0
m[0,77] = 0.0
m[0,78] = 1.0
m[0,79] = 1.0
m[0,80] = 1.0
m[0,81] = 0.0
m[0,82] = 1.0
m[0,83] = 1.0
m[0,84] = 1.0
m[0,85] = 1.0
m[0,86] = 1.0
m[0,87] = 1.0
m[0,88] = 1.0
m[0,89] = 1.0
m[0,90] = 1.0
m[0,91] = 0.0
m[0,92] = 0.0
m[0,93] = 1.0
m[0,94] = 1.0
m[0,95] = 1.0
m[0,96] = 0.0
m[0,97] = 1.0
m[0,98] = 1.0
m[0,99] = 1.0
m[0,100] = 1.0
m[0,101] = 0.0
m[0,102] = 1.0
m[0,103] = 1.0
m[0,104] = 1.0
m[0,105] = 1.0
m[0,106] = 1.0
m[0,107] = 1.0
m[0,108] = 1.0
m[0,109] = 0.0
m[0,110] = 1.0
m[0,111] = 1.0
m[0,112] = 1.0
m[0,113] = 1.0
m[0,114] = 1.0
m[0,115] = 1.0
m[0,116] = 1.0
m[0,117] = 1.0
m[0,118] = 0.0
m[0,119] = 1.0
m[0,120] = 1.0
m[0,121] = 1.0
m[0,122] = 1.0
m[0,123] = 1.0
m[0,124] = 1.0
m[0,125] = 1.0
m[0,126] = 1.0
m[0,127] = 1.0
m[0,128] = 1.0
m[0,129] = 1.0
m[0,130] = 1.0
m[0,131] = 1.0
m[0,132] = 1.0
m[0,133] = 1.0
m[0,134] = 1.0
m[0,135] = 1.0
m[0,136] = 1.0
m[0,137] = 1.0
m[0,138] = 1.0
m[0,139] = 1.0
m[0,140] = 1.0
m[0,141] = 1.0
m[0,142] = 1.0
m[0,143] = 1.0
m[0,144] = 1.0
m[0,145] = 1.0
m[0,146] = 1.0
m[0,147] = 1.0
m[0,148] = 1.0
m[0,149] = 1.0
m[0,150] = 0.0
m[0,151] = 1.0
m[0,152] = 1.0
m[0,153] = 1.0
m[0,154] = 1.0
m[0,155] = 1.0
m[0,156] = 1.0
m[0,157] = 1.0
m[0,158] = 1.0
m[0,159] = 1.0
m[0,160] = 1.0
m[0,161] = 1.0
m[0,162] = 1.0
m[0,163] = 1.0
m[0,164] = 1.0
m[0,165] = 1.0
m[0,166] = 1.0
m[0,167] = 1.0
m[0,168] = 1.0
m[0,169] = 1.0
m[0,170] = 1.0
m[0,171] = 1.0
m[0,172] = 1.0
m[0,173] = 1.0
m[0,174] = 1.0
m[0,175] = 1.0
m[0,176] = 1.0
m[0,177] = 1.0
u[0] = 1.0
u[1] = 1.0
u[2] = 1.0
o_u[0,0] = -0.0
o_u[0,1] = 0.0
o_u[0,2] = 1.0
o_u[0,3] = 0.0
o_u[0,4] = -0.0
o_u[0,5] = 0.0
o_u[0,6] = 0.0
o_u[0,7] = 0.0
o_u[0,8] = -0.0
o_u[1,0] = 0.0
o_u[1,1] = 0.0
o_u[1,2] = 0.0
o_u[1,3] = 0.0
o_u[1,4] = 0.0
o_u[1,5] = 1.0
o_u[1,6] = 0.0
o_u[1,7] = 0.0
o_u[1,8] = 0.0
o_u[2,0] = 0.0
o_u[2,1] = 0.0
o_u[2,2] = 1.0
o_u[2,3] = 0.0
o_u[2,4] = 0.0
o_u[2,5] = 0.0
o_u[2,6] = 0.0
o_u[2,7] = 0.0
o_u[2,8] = 0.0
THE NEW CORRECTNESS IS: 0.898876404494382, AND THE NEW EXPLAINABILITY IS: 9.0
************************************************************
New pareto points added, correctness = 0.898876404494382 , explainability = 9.0
App ending 1......
End of find_pareto_solution_more_e 4 @@@@@@@@@@@@@
Inside find_pareto_solution_more_e
----------------------------------
THE CURRENT CORRECTNESS IS: 0.898876404494382, AND THE CURRENT EXPLAINABILITY IS: 9.0
Gurobi Optimizer version 12.0.3 build v12.0.3rc0 (linux64 - "Ubuntu 22.04.5 LTS")

CPU model: AMD EPYC 7742 64-Core Processor, instruction set [SSE2|AVX|AVX2]
Thread count: 128 physical cores, 256 logical processors, using up to 32 threads

Optimize a model with 72075 rows, 17289 columns and 219598 nonzeros
Model fingerprint: 0xaf7d7d52
Variable types: 17190 continuous, 99 integer (0 binary)
Coefficient statistics:
  Matrix range     [1e+00, 3e+00]
  Objective range  [1e+00, 3e+00]
  Bounds range     [1e+00, 1e+00]
  RHS range        [1e+00, 1e+03]

MIP start from previous solve did not produce a new incumbent solution
MIP start from previous solve violates constraint R72079 by 1.000000000

Presolve removed 57369 rows and 13271 columns
Presolve time: 0.88s
Presolved: 14706 rows, 4018 columns, 56443 nonzeros
Variable types: 3476 continuous, 542 integer (542 binary)

Root relaxation: objective 1.690000e+02, 5267 iterations, 0.57 seconds (0.74 work units)

    Nodes    |    Current Node    |     Objective Bounds      |     Work
 Expl Unexpl |  Obj  Depth IntInf | Incumbent    BestBd   Gap | It/Node Time

     0     0  169.00000    0  147          -  169.00000      -     -    2s
     0     0 infeasible    0               - infeasible      -     -    4s

Cutting planes:
  Gomory: 8
  Implied bound: 22
  MIR: 11
  Flow cover: 5
  Zero half: 6
  RLT: 55
  BQP: 314

Explored 1 nodes (17710 simplex iterations) in 4.17 seconds (4.00 work units)
Thread count was 32 (of 256 available processors)

Solution count 0
No other solutions better than -1e+100

Model is infeasible
Best objective -, best bound -, gap -
[INFO] Model became infeasible under the new cuts.
End of find_pareto_solution_more_e 2 @@@@@@@@@@@
Inside find_pareto_solution_more_c
Gurobi Optimizer version 12.0.3 build v12.0.3rc0 (linux64 - "Ubuntu 22.04.5 LTS")

CPU model: AMD EPYC 7742 64-Core Processor, instruction set [SSE2|AVX|AVX2]
Thread count: 128 physical cores, 256 logical processors, using up to 32 threads

Optimize a model with 72075 rows, 17289 columns and 219598 nonzeros
Model fingerprint: 0xdcf56eb8
Variable types: 17190 continuous, 99 integer (0 binary)
Coefficient statistics:
  Matrix range     [1e+00, 3e+00]
  Objective range  [1e+00, 3e+00]
  Bounds range     [1e+00, 1e+00]
  RHS range        [1e+00, 1e+03]

MIP start from previous solve did not produce a new incumbent solution
MIP start from previous solve violates constraint R72073 by 1.000000000

Presolve removed 55421 rows and 12760 columns
Presolve time: 0.95s
Presolved: 16654 rows, 4529 columns, 68756 nonzeros
Variable types: 3880 continuous, 649 integer (649 binary)

Root relaxation: objective 1.830000e+02, 7294 iterations, 1.42 seconds (2.11 work units)

    Nodes    |    Current Node    |     Objective Bounds      |     Work
 Expl Unexpl |  Obj  Depth IntInf | Incumbent    BestBd   Gap | It/Node Time

     0     0  183.00000    0  153          -  183.00000      -     -    4s
     0     0  183.00000    0  383          -  183.00000      -     -    8s
     0     0  183.00000    0  397          -  183.00000      -     -    8s
     0     0  183.00000    0  454          -  183.00000      -     -    9s
     0     0  183.00000    0   93          -  183.00000      -     -   14s
     0     0  183.00000    0  307          -  183.00000      -     -   16s
     0     0  183.00000    0  308          -  183.00000      -     -   16s
     0     0  183.00000    0  215          -  183.00000      -     -   21s
     0     0  183.00000    0  434          -  183.00000      -     -   21s
     0     0  183.00000    0   73          -  183.00000      -     -   24s
     0     0  183.00000    0  448          -  183.00000      -     -   25s
     0     0  183.00000    0  310          -  183.00000      -     -   30s
     0     0  183.00000    0  331          -  183.00000      -     -   30s
     0     0  183.00000    0  214          -  183.00000      -     -   33s
     0     0  183.00000    0  420          -  183.00000      -     -   33s
     0     0  183.00000    0   70          -  183.00000      -     -   38s
     0     0  183.00000    0   70          -  183.00000      -     -   40s
     0     2  183.00000    0   70          -  183.00000      -     -   47s
    15    24  183.00000    4  419          -  183.00000      -  1843   50s
   391   252  182.50000   15  200          -  183.00000      -   785   55s
   745   285  177.03846   19  173          -  183.00000      -   658   60s
  1033   320  179.69231   12  147          -  183.00000      -   648   65s
  1449   329  181.33333   16  204          -  183.00000      -   582   70s
  2087   368  178.50000   19  115          -  183.00000      -   531   75s

Cutting planes:
  Gomory: 2
  Implied bound: 840
  Clique: 10
  MIR: 40
  Flow cover: 88
  Zero half: 10
  RLT: 608
  Relax-and-lift: 12
  BQP: 579

Explored 4714 nodes (1992628 simplex iterations) in 79.25 seconds (92.36 work units)
Thread count was 32 (of 256 available processors)

Solution count 0
No other solutions better than -1e+100

Model is infeasible
Best objective -, best bound -, gap -
[INFO] Model became infeasible under the new cuts.
End of find_pareto_solution_more_c 1 |||||||||||||||||
[0.9550561797752809, 7.0]
Printing original list
[0.9550561797752809, 7.0]
[0.9438202247191011, 8.0]
[0.898876404494382, 9.0]
Printing list after change
[0.9550561797752809, 7.0]
[0.9438202247191011, 8.0]
[0.898876404494382, 9.0]
[0.9438202247191011, 8.0]
Printing original list
[0.9550561797752809, 7.0]
[0.9438202247191011, 8.0]
[0.898876404494382, 9.0]
Printing list after change
[0.9550561797752809, 7.0]
[0.9438202247191011, 8.0]
[0.898876404494382, 9.0]
[0.898876404494382, 9.0]
Printing original list
[0.9550561797752809, 7.0]
[0.9438202247191011, 8.0]
[0.898876404494382, 9.0]
Printing list after change
[0.9550561797752809, 7.0]
[0.9438202247191011, 8.0]
[0.898876404494382, 9.0]
App ending 3....................... c = 0.9606741573033708 , e = 6.0

 Total time taken: 252.05307126045227 seconds