I AM STARTING --------------------
[]
NOW I AM GOING TO SOLVE THE MODEL FOR FIRST SOLUTION
Gurobi Optimizer version 12.0.3 build v12.0.3rc0 (linux64 - "Ubuntu 22.04.5 LTS")

CPU model: AMD EPYC 7742 64-Core Processor, instruction set [SSE2|AVX|AVX2]
Thread count: 128 physical cores, 256 logical processors, using up to 32 threads

Optimize a model with 106711 rows, 25034 columns and 327014 nonzeros
Model fingerprint: 0x53c41b0a
Variable types: 24890 continuous, 144 integer (0 binary)
Coefficient statistics:
  Matrix range     [1e+00, 3e+00]
  Objective range  [1e+00, 3e+00]
  Bounds range     [1e+00, 1e+00]
  RHS range        [1e+00, 1e+03]
Presolve removed 84609 rows and 19002 columns
Presolve time: 1.29s
Presolved: 22102 rows, 6032 columns, 93834 nonzeros
Variable types: 5215 continuous, 817 integer (817 binary)
Found heuristic solution: objective 53.0000000
Found heuristic solution: objective 59.0000000
Found heuristic solution: objective 101.0000000

Root relaxation: objective 1.915000e+02, 8075 iterations, 1.34 seconds (1.49 work units)

    Nodes    |    Current Node    |     Objective Bounds      |     Work
 Expl Unexpl |  Obj  Depth IntInf | Incumbent    BestBd   Gap | It/Node Time

     0     0  191.50000    0  194  101.00000  191.50000  89.6%     -    4s
H    0     0                     109.0000000  191.50000  75.7%     -    4s
H    0     0                     121.0000000  191.50000  58.3%     -    4s
H    0     0                     148.0000000  191.50000  29.4%     -    4s
     0     0  190.00000    0  466  148.00000  190.00000  28.4%     -    7s
     0     0  190.00000    0  470  148.00000  190.00000  28.4%     -    7s
H    0     0                     163.0000000  190.00000  16.6%     -   10s
H    0     0                     165.0000000  190.00000  15.2%     -   10s
H    0     0                     170.0000000  190.00000  11.8%     -   10s
     0     0  190.00000    0  537  170.00000  190.00000  11.8%     -   10s
H    0     0                     172.0000000  190.00000  10.5%     -   10s
     0     0  190.00000    0  534  172.00000  190.00000  10.5%     -   10s
H    0     0                     176.0000000  190.00000  7.95%     -   23s
H    0     0                     178.0000000  190.00000  6.74%     -   23s
     0     0  189.50000    0  140  178.00000  189.50000  6.46%     -   23s
     0     0  189.50000    0  477  178.00000  189.50000  6.46%     -   25s
H    0     0                     179.0000000  189.50000  5.87%     -   33s
     0     0  189.50000    0   91  179.00000  189.50000  5.87%     -   33s
     0     0  189.50000    0   92  179.00000  189.50000  5.87%     -   34s
     0     0  189.50000    0  119  179.00000  189.50000  5.87%     -   35s
     0     0  189.50000    0  120  179.00000  189.50000  5.87%     -   36s
     0     0  189.50000    0  120  179.00000  189.50000  5.87%     -   37s
     0     0  189.50000    0  107  179.00000  189.50000  5.87%     -   38s
     0     2  189.50000    0  107  179.00000  189.50000  5.87%     -   49s
     1     4  189.50000    1  472  179.00000  189.50000  5.87%  9688   51s
    31    64  189.50000    5  351  179.00000  189.50000  5.87%  2085   55s
H   61    64                     180.0000000  189.50000  5.28%  1651   55s
   127   169  189.50000    8  222  180.00000  189.50000  5.28%  1346   60s
H  187   234                     181.0000000  189.50000  4.70%  1183   61s
H  230   234                     182.0000000  189.50000  4.12%  1084   61s
   763   536  187.00000   17  124  182.00000  189.50000  4.12%   735   65s
H 1077   602                     183.0000000  189.50000  3.55%   679   67s
  1724   786  186.74000   13  377  183.00000  189.50000  3.55%   609   70s
  2796  1078  185.62500   17  181  183.00000  189.50000  3.55%   574   75s
  4245  1454     cutoff   19       183.00000  189.00000  3.28%   542   80s
H 4486  1490                     183.0000025  189.00000  3.28%   540   83s
  4753  1647  188.00000   13  105  183.00000  189.00000  3.28%   544   85s
  6191  1902  188.20000   12  107  183.00000  189.00000  3.28%   549   96s
  6193  1903  188.00000   14  189  183.00000  189.00000  3.28%   548  100s
  6194  1904  188.50000   12  150  183.00000  189.00000  3.28%   548  109s
  6195  1905  188.50000   10  513  183.00000  189.00000  3.28%   548  112s
  6196  1905  184.49020   16  183  183.00000  189.00000  3.28%   548  125s
  6198  1907  187.33333   13  115  183.00000  189.00000  3.28%   548  136s
  6200  1908  188.00000   12   86  183.00000  189.00000  3.28%   548  149s
  6201  1909  187.33333   14  470  183.00000  189.00000  3.28%   548  152s
H 6201  1813                     183.0000045  189.00000  3.28%   548  165s
  6203  1814  186.00000   14  107  183.00000  189.00000  3.28%   548  172s
  6205  1818  189.00000   10  379  183.00000  189.00000  3.28%   576  179s
  6207  1822  189.00000   11  260  183.00000  189.00000  3.28%   577  181s
  6235  1868  189.00000   14  170  183.00000  189.00000  3.28%   580  186s
  6331  1932  189.00000   17  245  183.00000  189.00000  3.28%   592  191s
H 6374  1860                     184.0000000  189.00000  2.72%   595  193s
  6536  1877  188.66667   19  193  184.00000  189.00000  2.72%   597  195s
  6892  1867  186.75000   23  166  184.00000  189.00000  2.72%   598  200s
  7265  1862  185.18182   27  139  184.00000  189.00000  2.72%   598  205s
  7645  1844  187.50000   23   83  184.00000  189.00000  2.72%   598  210s
  8646  1794  188.00000   20  234  184.00000  189.00000  2.72%   585  215s
 10207  1634  187.50000   21  142  184.00000  189.00000  2.72%   575  220s
 12069  1497  187.18182   20  152  184.00000  188.75000  2.58%   564  225s
 14150  1803  187.00000   26  159  184.00000  188.33333  2.36%   553  230s
 15899  2080  187.50000   21  192  184.00000  188.00000  2.17%   547  235s
 17884  2305  185.98413   25  311  184.00000  188.00000  2.17%   548  241s
 19129  2366  186.36842   24  162  184.00000  188.00000  2.17%   547  245s
 19524  2386     cutoff   29       184.00000  187.80000  2.07%   548  250s
 20144  2491  184.50000   30   61  184.00000  187.75000  2.04%   549  255s
 22732  2458  185.00000   29  289  184.00000  187.50000  1.90%   540  261s
 24566  2363  185.00000   30  112  184.00000  187.33333  1.81%   537  266s
 26080  2336 infeasible   26       184.00000  187.00000  1.63%   535  270s
 29001  2230  186.50000   29  247  184.00000  187.00000  1.63%   536  276s
 31238  2021     cutoff   23       184.00000  186.75000  1.49%   534  280s
 34596  1342     cutoff   28       184.00000  186.40000  1.30%   531  287s
 37306   652     cutoff   28       184.00000  186.00000  1.09%   530  292s
 40088     0  184.75000   30  170  184.00000  185.00000  0.54%   525  295s

Cutting planes:
  Gomory: 13
  Cover: 13
  Implied bound: 128
  Clique: 26
  MIR: 44
  Flow cover: 99
  Zero half: 11
  RLT: 1185
  Relax-and-lift: 14
  BQP: 706

Explored 40185 nodes (21203087 simplex iterations) in 295.67 seconds (408.54 work units)
Thread count was 32 (of 256 available processors)

Solution count 10: 184 183 183 ... 176

Optimal solution found (tolerance 1.00e-04)
Best objective 1.840000000000e+02, best bound 1.840000000000e+02, gap 0.0000%
Objective value: 184.0
lam[0,0] = 0.0
lam[0,1] = 0.0
lam[0,2] = 1.0
lam[0,3] = 0.0
lam[0,4] = 0.0
lam[0,5] = 0.0
lam[0,6] = 0.0
lam[0,7] = 0.0
lam[0,8] = 0.0
lam[1,0] = 0.0
lam[1,1] = 0.0
lam[1,2] = 0.0
lam[1,3] = 0.0
lam[1,4] = 0.0
lam[1,5] = 0.0
lam[1,6] = 0.0
lam[1,7] = 1.0
lam[1,8] = 0.0
lam[2,0] = 0.0
lam[2,1] = 0.0
lam[2,2] = 0.0
lam[2,3] = 0.0
lam[2,4] = 0.0
lam[2,5] = 1.0
lam[2,6] = 0.0
lam[2,7] = 0.0
lam[2,8] = 0.0
lam[3,0] = 1.0
lam[3,1] = 0.0
lam[3,2] = 0.0
lam[3,3] = 0.0
lam[3,4] = 0.0
lam[3,5] = 0.0
lam[3,6] = 0.0
lam[3,7] = 0.0
lam[3,8] = 0.0
tau[0,0,1] = 1.0
tau[0,0,2] = 0.0
tau[0,0,3] = 0.0
tau[0,0,L0] = 0.0
tau[0,0,L1] = 0.0
tau[0,0,L2] = 0.0
tau[0,1,1] = 1.0
tau[0,1,2] = 0.0
tau[0,1,3] = 0.0
tau[0,1,L0] = 0.0
tau[0,1,L1] = 0.0
tau[0,1,L2] = 0.0
tau[0,2,1] = 0.0
tau[0,2,2] = 1.0
tau[0,2,3] = 0.0
tau[0,2,L0] = 0.0
tau[0,2,L1] = 0.0
tau[0,2,L2] = 0.0
tau[0,3,1] = 0.0
tau[0,3,2] = 1.0
tau[0,3,3] = 0.0
tau[0,3,L0] = 0.0
tau[0,3,L1] = 0.0
tau[0,3,L2] = 0.0
tau[0,4,1] = 0.0
tau[0,4,2] = 1.0
tau[0,4,3] = 0.0
tau[0,4,L0] = 0.0
tau[0,4,L1] = 0.0
tau[0,4,L2] = 0.0
tau[0,5,1] = 0.0
tau[0,5,2] = 1.0
tau[0,5,3] = 0.0
tau[0,5,L0] = 0.0
tau[0,5,L1] = 0.0
tau[0,5,L2] = 0.0
tau[1,0,2] = 0.0
tau[1,0,3] = 0.0
tau[1,0,L0] = 0.0
tau[1,0,L1] = 1.0
tau[1,0,L2] = 0.0
tau[1,1,2] = 0.0
tau[1,1,3] = 0.0
tau[1,1,L0] = 0.0
tau[1,1,L1] = 0.0
tau[1,1,L2] = 1.0
tau[1,2,2] = 0.0
tau[1,2,3] = 0.0
tau[1,2,L0] = 0.0
tau[1,2,L1] = 0.0
tau[1,2,L2] = 0.0
tau[1,3,2] = 0.0
tau[1,3,3] = 0.0
tau[1,3,L0] = 0.0
tau[1,3,L1] = 0.0
tau[1,3,L2] = 0.0
tau[1,4,2] = 0.0
tau[1,4,3] = 0.0
tau[1,4,L0] = 0.0
tau[1,4,L1] = 0.0
tau[1,4,L2] = 0.0
tau[1,5,2] = 0.0
tau[1,5,3] = 0.0
tau[1,5,L0] = 0.0
tau[1,5,L1] = 0.0
tau[1,5,L2] = 0.0
tau[2,0,3] = 0.0
tau[2,0,L0] = 0.0
tau[2,0,L1] = 1.0
tau[2,0,L2] = 0.0
tau[2,1,3] = 0.0
tau[2,1,L0] = 0.0
tau[2,1,L1] = 1.0
tau[2,1,L2] = 0.0
tau[2,2,3] = 1.0
tau[2,2,L0] = 0.0
tau[2,2,L1] = 0.0
tau[2,2,L2] = 0.0
tau[2,3,3] = 0.0
tau[2,3,L0] = 1.0
tau[2,3,L1] = 0.0
tau[2,3,L2] = 0.0
tau[2,4,3] = 0.0
tau[2,4,L0] = 0.0
tau[2,4,L1] = 0.0
tau[2,4,L2] = 0.0
tau[2,5,3] = 0.0
tau[2,5,L0] = 0.0
tau[2,5,L1] = 0.0
tau[2,5,L2] = 0.0
tau[3,0,L0] = 0.0
tau[3,0,L1] = 1.0
tau[3,0,L2] = 0.0
tau[3,1,L0] = 1.0
tau[3,1,L1] = 0.0
tau[3,1,L2] = 0.0
tau[3,2,L0] = 1.0
tau[3,2,L1] = 0.0
tau[3,2,L2] = 0.0
tau[3,3,L0] = 1.0
tau[3,3,L1] = 0.0
tau[3,3,L2] = 0.0
tau[3,4,L0] = 0.0
tau[3,4,L1] = 0.0
tau[3,4,L2] = 0.0
tau[3,5,L0] = 0.0
tau[3,5,L1] = 0.0
tau[3,5,L2] = 0.0
m[0,0] = 1.0
m[0,1] = 1.0
m[0,2] = 1.0
m[0,3] = 1.0
m[0,4] = 1.0
m[0,5] = 1.0
m[0,6] = 1.0
m[0,7] = 1.0
m[0,8] = 1.0
m[0,9] = 1.0
m[0,10] = 1.0
m[0,11] = 1.0
m[0,12] = 1.0
m[0,13] = 1.0
m[0,14] = 1.0
m[0,15] = 1.0
m[0,16] = 1.0
m[0,17] = 1.0
m[0,18] = 1.0
m[0,19] = 1.0
m[0,20] = 1.0
m[0,21] = 1.0
m[0,22] = 1.0
m[0,23] = 1.0
m[0,24] = 1.0
m[0,25] = 1.0
m[0,26] = 1.0
m[0,27] = 1.0
m[0,28] = 1.0
m[0,29] = 1.0
m[0,30] = 1.0
m[0,31] = 1.0
m[0,32] = 1.0
m[0,33] = 1.0
m[0,34] = 1.0
m[0,35] = 1.0
m[0,36] = 1.0
m[0,37] = 1.0
m[0,38] = 1.0
m[0,39] = 1.0
m[0,40] = 1.0
m[0,41] = 1.0
m[0,42] = 1.0
m[0,43] = 1.0
m[0,44] = 1.0
m[0,45] = 1.0
m[0,46] = 1.0
m[0,47] = 1.0
m[0,48] = 1.0
m[0,49] = 1.0
m[0,50] = 1.0
m[0,51] = 1.0
m[0,52] = 1.0
m[0,53] = 1.0
m[0,54] = 1.0
m[0,55] = 1.0
m[0,56] = 1.0
m[0,57] = 1.0
m[0,58] = 1.0
m[0,59] = 1.0
m[0,60] = 1.0
m[0,61] = 0.0
m[0,62] = 1.0
m[0,63] = 1.0
m[0,64] = 1.0
m[0,65] = 1.0
m[0,66] = 1.0
m[0,67] = 1.0
m[0,68] = 1.0
m[0,69] = 1.0
m[0,70] = 1.0
m[0,71] = 1.0
m[0,72] = 1.0
m[0,73] = 0.0
m[0,74] = 1.0
m[0,75] = 1.0
m[0,76] = 1.0
m[0,77] = 1.0
m[0,78] = 1.0
m[0,79] = 1.0
m[0,80] = 1.0
m[0,81] = 1.0
m[0,82] = 1.0
m[0,83] = 0.0
m[0,84] = 1.0
m[0,85] = 1.0
m[0,86] = 1.0
m[0,87] = 1.0
m[0,88] = 1.0
m[0,89] = 1.0
m[0,90] = 1.0
m[0,91] = 1.0
m[0,92] = 1.0
m[0,93] = 1.0
m[0,94] = 1.0
m[0,95] = 1.0
m[0,96] = 1.0
m[0,97] = 1.0
m[0,98] = 1.0
m[0,99] = 1.0
m[0,100] = 1.0
m[0,101] = 1.0
m[0,102] = 1.0
m[0,103] = 1.0
m[0,104] = 1.0
m[0,105] = 1.0
m[0,106] = 1.0
m[0,107] = 1.0
m[0,108] = 1.0
m[0,109] = 1.0
m[0,110] = 1.0
m[0,111] = 1.0
m[0,112] = 1.0
m[0,113] = 1.0
m[0,114] = 1.0
m[0,115] = 1.0
m[0,116] = 1.0
m[0,117] = 1.0
m[0,118] = 1.0
m[0,119] = 1.0
m[0,120] = 1.0
m[0,121] = 1.0
m[0,122] = 1.0
m[0,123] = 1.0
m[0,124] = 1.0
m[0,125] = 1.0
m[0,126] = 1.0
m[0,127] = 1.0
m[0,128] = 1.0
m[0,129] = 1.0
m[0,130] = 1.0
m[0,131] = 1.0
m[0,132] = 1.0
m[0,133] = 1.0
m[0,134] = 1.0
m[0,135] = 1.0
m[0,136] = 1.0
m[0,137] = 1.0
m[0,138] = 1.0
m[0,139] = 1.0
m[0,140] = 1.0
m[0,141] = 1.0
m[0,142] = 1.0
m[0,143] = 1.0
m[0,144] = 1.0
m[0,145] = 1.0
m[0,146] = 1.0
m[0,147] = 1.0
m[0,148] = 1.0
m[0,149] = 1.0
m[0,150] = 1.0
m[0,151] = 1.0
m[0,152] = 1.0
m[0,153] = 1.0
m[0,154] = 1.0
m[0,155] = 1.0
m[0,156] = 1.0
m[0,157] = 1.0
m[0,158] = 1.0
m[0,159] = 1.0
m[0,160] = 1.0
m[0,161] = 1.0
m[0,162] = 1.0
m[0,163] = 1.0
m[0,164] = 1.0
m[0,165] = 1.0
m[0,166] = 1.0
m[0,167] = 1.0
m[0,168] = 1.0
m[0,169] = 1.0
m[0,170] = 1.0
m[0,171] = 1.0
m[0,172] = 1.0
m[0,173] = 1.0
m[0,174] = 1.0
m[0,175] = 1.0
m[0,176] = 1.0
m[0,177] = 1.0
u[0] = 1.0
u[1] = 1.0
u[2] = 1.0
u[3] = 1.0
o_u[0,0] = 0.0
o_u[0,1] = 0.0
o_u[0,2] = 1.0
o_u[0,3] = 0.0
o_u[0,4] = 0.0
o_u[0,5] = 0.0
o_u[0,6] = 0.0
o_u[0,7] = 0.0
o_u[0,8] = 0.0
o_u[1,0] = 0.0
o_u[1,1] = 0.0
o_u[1,2] = 0.0
o_u[1,3] = 0.0
o_u[1,4] = 0.0
o_u[1,5] = 0.0
o_u[1,6] = 0.0
o_u[1,7] = 1.0
o_u[1,8] = 0.0
o_u[2,0] = 0.0
o_u[2,1] = 0.0
o_u[2,2] = 0.0
o_u[2,3] = 0.0
o_u[2,4] = 0.0
o_u[2,5] = 1.0
o_u[2,6] = 0.0
o_u[2,7] = 0.0
o_u[2,8] = 0.0
o_u[3,0] = 1.0
o_u[3,1] = 0.0
o_u[3,2] = 0.0
o_u[3,3] = 0.0
o_u[3,4] = 0.0
o_u[3,5] = 0.0
o_u[3,6] = 0.0
o_u[3,7] = 0.0
o_u[3,8] = 0.0
------------------------------------------------------------------------
------------------------------------------------------------------------
Saved hierarchical tree visualization to milp_tree_levels.png
[]
Gurobi Optimizer version 12.0.3 build v12.0.3rc0 (linux64 - "Ubuntu 22.04.5 LTS")

CPU model: AMD EPYC 7742 64-Core Processor, instruction set [SSE2|AVX|AVX2]
Thread count: 128 physical cores, 256 logical processors, using up to 32 threads

Optimize a model with 106711 rows, 25034 columns and 327014 nonzeros
Model fingerprint: 0x53c41b0a
Variable types: 24890 continuous, 144 integer (0 binary)
Coefficient statistics:
  Matrix range     [1e+00, 3e+00]
  Objective range  [1e+00, 3e+00]
  Bounds range     [1e+00, 1e+00]
  RHS range        [1e+00, 1e+03]
Presolve removed 84609 rows and 19002 columns
Presolve time: 1.27s
Presolved: 22102 rows, 6032 columns, 93834 nonzeros
Variable types: 5215 continuous, 817 integer (817 binary)
Found heuristic solution: objective 53.0000000
Found heuristic solution: objective 59.0000000
Found heuristic solution: objective 101.0000000

Root relaxation: objective 1.915000e+02, 8075 iterations, 1.36 seconds (1.49 work units)

    Nodes    |    Current Node    |     Objective Bounds      |     Work
 Expl Unexpl |  Obj  Depth IntInf | Incumbent    BestBd   Gap | It/Node Time

     0     0  191.50000    0  194  101.00000  191.50000  89.6%     -    4s
H    0     0                     109.0000000  191.50000  75.7%     -    4s
H    0     0                     121.0000000  191.50000  58.3%     -    4s
H    0     0                     148.0000000  191.50000  29.4%     -    4s
     0     0  190.00000    0  466  148.00000  190.00000  28.4%     -    7s
     0     0  190.00000    0  470  148.00000  190.00000  28.4%     -    7s
H    0     0                     163.0000000  190.00000  16.6%     -   10s
H    0     0                     165.0000000  190.00000  15.2%     -   10s
H    0     0                     170.0000000  190.00000  11.8%     -   10s
     0     0  190.00000    0  537  170.00000  190.00000  11.8%     -   10s
H    0     0                     172.0000000  190.00000  10.5%     -   10s
     0     0  190.00000    0  534  172.00000  190.00000  10.5%     -   10s
H    0     0                     176.0000000  190.00000  7.95%     -   23s
H    0     0                     178.0000000  190.00000  6.74%     -   23s
     0     0  189.50000    0  140  178.00000  189.50000  6.46%     -   23s
     0     0  189.50000    0  477  178.00000  189.50000  6.46%     -   25s
H    0     0                     179.0000000  189.50000  5.87%     -   32s
     0     0  189.50000    0   91  179.00000  189.50000  5.87%     -   32s
     0     0  189.50000    0   92  179.00000  189.50000  5.87%     -   32s
     0     0  189.50000    0  119  179.00000  189.50000  5.87%     -   33s
     0     0  189.50000    0  120  179.00000  189.50000  5.87%     -   33s
     0     0  189.50000    0  120  179.00000  189.50000  5.87%     -   35s
     0     0  189.50000    0  107  179.00000  189.50000  5.87%     -   36s
     0     2  189.50000    0  107  179.00000  189.50000  5.87%     -   47s
     1     4  189.50000    1  472  179.00000  189.50000  5.87%  9688   50s
H   61    64                     180.0000000  189.50000  5.28%  1651   54s
    63    96  189.50000    6  343  180.00000  189.50000  5.28%  1667   55s
   168   234  189.50000    9  201  180.00000  189.50000  5.28%  1234   60s
H  187   234                     181.0000000  189.50000  4.70%  1183   60s
H  230   234                     182.0000000  189.50000  4.12%  1084   60s
   958   570     cutoff   21       182.00000  189.50000  4.12%   690   65s
H 1077   602                     183.0000000  189.50000  3.55%   679   65s
  2039   849  185.30000   17  243  183.00000  189.50000  3.55%   582   70s
  2488  1001  188.66667   15  123  183.00000  189.50000  3.55%   577   75s
  4245  1454     cutoff   19       183.00000  189.00000  3.28%   542   81s
H 4486  1490                     183.0000025  189.00000  3.28%   540   84s
  4511  1565     cutoff   19       183.00000  189.00000  3.28%   541   85s
  6191  1902  188.20000   12  107  183.00000  189.00000  3.28%   549   98s
  6193  1903  188.00000   14  189  183.00000  189.00000  3.28%   548  102s
  6194  1904  188.50000   12  150  183.00000  189.00000  3.28%   548  112s
  6196  1905  184.49020   16  183  183.00000  189.00000  3.28%   548  128s
  6197  1906  187.00000   10  555  183.00000  189.00000  3.28%   548  131s
  6198  1907  187.33333   13  115  183.00000  189.00000  3.28%   548  140s
  6200  1908  188.00000   12   86  183.00000  189.00000  3.28%   548  153s
  6201  1909  187.33333   14  470  183.00000  189.00000  3.28%   548  156s
H 6201  1813                     183.0000045  189.00000  3.28%   548  168s
  6203  1814  186.00000   14  107  183.00000  189.00000  3.28%   548  175s
  6205  1818  189.00000   10  379  183.00000  189.00000  3.28%   576  182s
  6211  1828  189.00000   12  196  183.00000  189.00000  3.28%   579  186s
  6267  1889  189.00000   15  253  183.00000  189.00000  3.28%   584  190s
  6367  1953  189.00000   17  196  183.00000  189.00000  3.28%   594  196s
H 6374  1860                     184.0000000  189.00000  2.72%   595  196s
  6734  1868  189.00000   20   41  184.00000  189.00000  2.72%   598  200s
  7099  1860  185.57143   26  124  184.00000  189.00000  2.72%   599  206s
  7469  1824  184.80000   30  157  184.00000  189.00000  2.72%   597  210s
  8163  1858  188.83128   18  267  184.00000  189.00000  2.72%   594  215s
  9127  1751  187.50000   21  145  184.00000  189.00000  2.72%   583  220s
 10207  1634  187.50000   21  142  184.00000  189.00000  2.72%   575  225s
 12069  1497  187.18182   20  152  184.00000  188.75000  2.58%   564  230s
 14150  1803  187.00000   26  159  184.00000  188.33333  2.36%   553  235s
 15899  2080  187.50000   21  192  184.00000  188.00000  2.17%   547  240s
 17355  2296  187.50000   20  251  184.00000  188.00000  2.17%   547  245s
 19460  2372  185.32000   29  231  184.00000  187.80000  2.07%   548  251s
 19681  2391  186.33333   22  153  184.00000  187.75000  2.04%   548  256s
 21964  2503  186.00000   31  248  184.00000  187.50000  1.90%   541  261s
 23654  2415     cutoff   31       184.00000  187.50000  1.90%   538  265s
 25560  2320  184.16667   27  177  184.00000  187.07692  1.67%   535  270s
 27008  2310  185.50000   25  214  184.00000  187.00000  1.63%   535  275s
 29001  2230  186.50000   29  247  184.00000  187.00000  1.63%   536  280s
 31238  2021     cutoff   23       184.00000  186.75000  1.49%   534  285s
 33744  1677     cutoff   30       184.00000  186.50000  1.36%   531  291s
 35986  1090     cutoff   28       184.00000  186.00000  1.09%   530  297s
 38796    54     cutoff   35       184.00000  185.83333  1.00%   528  301s

Cutting planes:
  Gomory: 13
  Cover: 13
  Implied bound: 128
  Clique: 26
  MIR: 44
  Flow cover: 99
  Zero half: 11
  RLT: 1185
  Relax-and-lift: 14
  BQP: 706

Explored 40185 nodes (21203087 simplex iterations) in 302.87 seconds (408.54 work units)
Thread count was 32 (of 256 available processors)

Solution count 10: 184 183 183 ... 176

Optimal solution found (tolerance 1.00e-04)
Best objective 1.840000000000e+02, best bound 1.840000000000e+02, gap 0.0000%
Objective value: 184.0
lam[0,0] = 0.0
lam[0,1] = 0.0
lam[0,2] = 1.0
lam[0,3] = 0.0
lam[0,4] = 0.0
lam[0,5] = 0.0
lam[0,6] = 0.0
lam[0,7] = 0.0
lam[0,8] = 0.0
lam[1,0] = 0.0
lam[1,1] = 0.0
lam[1,2] = 0.0
lam[1,3] = 0.0
lam[1,4] = 0.0
lam[1,5] = 0.0
lam[1,6] = 0.0
lam[1,7] = 1.0
lam[1,8] = 0.0
lam[2,0] = 0.0
lam[2,1] = 0.0
lam[2,2] = 0.0
lam[2,3] = 0.0
lam[2,4] = 0.0
lam[2,5] = 1.0
lam[2,6] = 0.0
lam[2,7] = 0.0
lam[2,8] = 0.0
lam[3,0] = 1.0
lam[3,1] = 0.0
lam[3,2] = 0.0
lam[3,3] = 0.0
lam[3,4] = 0.0
lam[3,5] = 0.0
lam[3,6] = 0.0
lam[3,7] = 0.0
lam[3,8] = 0.0
tau[0,0,1] = 1.0
tau[0,0,2] = 0.0
tau[0,0,3] = 0.0
tau[0,0,L0] = 0.0
tau[0,0,L1] = 0.0
tau[0,0,L2] = 0.0
tau[0,1,1] = 1.0
tau[0,1,2] = 0.0
tau[0,1,3] = 0.0
tau[0,1,L0] = 0.0
tau[0,1,L1] = 0.0
tau[0,1,L2] = 0.0
tau[0,2,1] = 0.0
tau[0,2,2] = 1.0
tau[0,2,3] = 0.0
tau[0,2,L0] = 0.0
tau[0,2,L1] = 0.0
tau[0,2,L2] = 0.0
tau[0,3,1] = 0.0
tau[0,3,2] = 1.0
tau[0,3,3] = 0.0
tau[0,3,L0] = 0.0
tau[0,3,L1] = 0.0
tau[0,3,L2] = 0.0
tau[0,4,1] = 0.0
tau[0,4,2] = 1.0
tau[0,4,3] = 0.0
tau[0,4,L0] = 0.0
tau[0,4,L1] = 0.0
tau[0,4,L2] = 0.0
tau[0,5,1] = 0.0
tau[0,5,2] = 1.0
tau[0,5,3] = 0.0
tau[0,5,L0] = 0.0
tau[0,5,L1] = 0.0
tau[0,5,L2] = 0.0
tau[1,0,2] = 0.0
tau[1,0,3] = 0.0
tau[1,0,L0] = 0.0
tau[1,0,L1] = 1.0
tau[1,0,L2] = 0.0
tau[1,1,2] = 0.0
tau[1,1,3] = 0.0
tau[1,1,L0] = 0.0
tau[1,1,L1] = 0.0
tau[1,1,L2] = 1.0
tau[1,2,2] = 0.0
tau[1,2,3] = 0.0
tau[1,2,L0] = 0.0
tau[1,2,L1] = 0.0
tau[1,2,L2] = 0.0
tau[1,3,2] = 0.0
tau[1,3,3] = 0.0
tau[1,3,L0] = 0.0
tau[1,3,L1] = 0.0
tau[1,3,L2] = 0.0
tau[1,4,2] = 0.0
tau[1,4,3] = 0.0
tau[1,4,L0] = 0.0
tau[1,4,L1] = 0.0
tau[1,4,L2] = 0.0
tau[1,5,2] = 0.0
tau[1,5,3] = 0.0
tau[1,5,L0] = 0.0
tau[1,5,L1] = 0.0
tau[1,5,L2] = 0.0
tau[2,0,3] = 0.0
tau[2,0,L0] = 0.0
tau[2,0,L1] = 1.0
tau[2,0,L2] = 0.0
tau[2,1,3] = 0.0
tau[2,1,L0] = 0.0
tau[2,1,L1] = 1.0
tau[2,1,L2] = 0.0
tau[2,2,3] = 1.0
tau[2,2,L0] = 0.0
tau[2,2,L1] = 0.0
tau[2,2,L2] = 0.0
tau[2,3,3] = 0.0
tau[2,3,L0] = 1.0
tau[2,3,L1] = 0.0
tau[2,3,L2] = 0.0
tau[2,4,3] = 0.0
tau[2,4,L0] = 0.0
tau[2,4,L1] = 0.0
tau[2,4,L2] = 0.0
tau[2,5,3] = 0.0
tau[2,5,L0] = 0.0
tau[2,5,L1] = 0.0
tau[2,5,L2] = 0.0
tau[3,0,L0] = 0.0
tau[3,0,L1] = 1.0
tau[3,0,L2] = 0.0
tau[3,1,L0] = 1.0
tau[3,1,L1] = 0.0
tau[3,1,L2] = 0.0
tau[3,2,L0] = 1.0
tau[3,2,L1] = 0.0
tau[3,2,L2] = 0.0
tau[3,3,L0] = 1.0
tau[3,3,L1] = 0.0
tau[3,3,L2] = 0.0
tau[3,4,L0] = 0.0
tau[3,4,L1] = 0.0
tau[3,4,L2] = 0.0
tau[3,5,L0] = 0.0
tau[3,5,L1] = 0.0
tau[3,5,L2] = 0.0
m[0,0] = 1.0
m[0,1] = 1.0
m[0,2] = 1.0
m[0,3] = 1.0
m[0,4] = 1.0
m[0,5] = 1.0
m[0,6] = 1.0
m[0,7] = 1.0
m[0,8] = 1.0
m[0,9] = 1.0
m[0,10] = 1.0
m[0,11] = 1.0
m[0,12] = 1.0
m[0,13] = 1.0
m[0,14] = 1.0
m[0,15] = 1.0
m[0,16] = 1.0
m[0,17] = 1.0
m[0,18] = 1.0
m[0,19] = 1.0
m[0,20] = 1.0
m[0,21] = 1.0
m[0,22] = 1.0
m[0,23] = 1.0
m[0,24] = 1.0
m[0,25] = 1.0
m[0,26] = 1.0
m[0,27] = 1.0
m[0,28] = 1.0
m[0,29] = 1.0
m[0,30] = 1.0
m[0,31] = 1.0
m[0,32] = 1.0
m[0,33] = 1.0
m[0,34] = 1.0
m[0,35] = 1.0
m[0,36] = 1.0
m[0,37] = 1.0
m[0,38] = 1.0
m[0,39] = 1.0
m[0,40] = 1.0
m[0,41] = 1.0
m[0,42] = 1.0
m[0,43] = 1.0
m[0,44] = 1.0
m[0,45] = 1.0
m[0,46] = 1.0
m[0,47] = 1.0
m[0,48] = 1.0
m[0,49] = 1.0
m[0,50] = 1.0
m[0,51] = 1.0
m[0,52] = 1.0
m[0,53] = 1.0
m[0,54] = 1.0
m[0,55] = 1.0
m[0,56] = 1.0
m[0,57] = 1.0
m[0,58] = 1.0
m[0,59] = 1.0
m[0,60] = 1.0
m[0,61] = 0.0
m[0,62] = 1.0
m[0,63] = 1.0
m[0,64] = 1.0
m[0,65] = 1.0
m[0,66] = 1.0
m[0,67] = 1.0
m[0,68] = 1.0
m[0,69] = 1.0
m[0,70] = 1.0
m[0,71] = 1.0
m[0,72] = 1.0
m[0,73] = 0.0
m[0,74] = 1.0
m[0,75] = 1.0
m[0,76] = 1.0
m[0,77] = 1.0
m[0,78] = 1.0
m[0,79] = 1.0
m[0,80] = 1.0
m[0,81] = 1.0
m[0,82] = 1.0
m[0,83] = 0.0
m[0,84] = 1.0
m[0,85] = 1.0
m[0,86] = 1.0
m[0,87] = 1.0
m[0,88] = 1.0
m[0,89] = 1.0
m[0,90] = 1.0
m[0,91] = 1.0
m[0,92] = 1.0
m[0,93] = 1.0
m[0,94] = 1.0
m[0,95] = 1.0
m[0,96] = 1.0
m[0,97] = 1.0
m[0,98] = 1.0
m[0,99] = 1.0
m[0,100] = 1.0
m[0,101] = 1.0
m[0,102] = 1.0
m[0,103] = 1.0
m[0,104] = 1.0
m[0,105] = 1.0
m[0,106] = 1.0
m[0,107] = 1.0
m[0,108] = 1.0
m[0,109] = 1.0
m[0,110] = 1.0
m[0,111] = 1.0
m[0,112] = 1.0
m[0,113] = 1.0
m[0,114] = 1.0
m[0,115] = 1.0
m[0,116] = 1.0
m[0,117] = 1.0
m[0,118] = 1.0
m[0,119] = 1.0
m[0,120] = 1.0
m[0,121] = 1.0
m[0,122] = 1.0
m[0,123] = 1.0
m[0,124] = 1.0
m[0,125] = 1.0
m[0,126] = 1.0
m[0,127] = 1.0
m[0,128] = 1.0
m[0,129] = 1.0
m[0,130] = 1.0
m[0,131] = 1.0
m[0,132] = 1.0
m[0,133] = 1.0
m[0,134] = 1.0
m[0,135] = 1.0
m[0,136] = 1.0
m[0,137] = 1.0
m[0,138] = 1.0
m[0,139] = 1.0
m[0,140] = 1.0
m[0,141] = 1.0
m[0,142] = 1.0
m[0,143] = 1.0
m[0,144] = 1.0
m[0,145] = 1.0
m[0,146] = 1.0
m[0,147] = 1.0
m[0,148] = 1.0
m[0,149] = 1.0
m[0,150] = 1.0
m[0,151] = 1.0
m[0,152] = 1.0
m[0,153] = 1.0
m[0,154] = 1.0
m[0,155] = 1.0
m[0,156] = 1.0
m[0,157] = 1.0
m[0,158] = 1.0
m[0,159] = 1.0
m[0,160] = 1.0
m[0,161] = 1.0
m[0,162] = 1.0
m[0,163] = 1.0
m[0,164] = 1.0
m[0,165] = 1.0
m[0,166] = 1.0
m[0,167] = 1.0
m[0,168] = 1.0
m[0,169] = 1.0
m[0,170] = 1.0
m[0,171] = 1.0
m[0,172] = 1.0
m[0,173] = 1.0
m[0,174] = 1.0
m[0,175] = 1.0
m[0,176] = 1.0
m[0,177] = 1.0
u[0] = 1.0
u[1] = 1.0
u[2] = 1.0
u[3] = 1.0
o_u[0,0] = 0.0
o_u[0,1] = 0.0
o_u[0,2] = 1.0
o_u[0,3] = 0.0
o_u[0,4] = 0.0
o_u[0,5] = 0.0
o_u[0,6] = 0.0
o_u[0,7] = 0.0
o_u[0,8] = 0.0
o_u[1,0] = 0.0
o_u[1,1] = 0.0
o_u[1,2] = 0.0
o_u[1,3] = 0.0
o_u[1,4] = 0.0
o_u[1,5] = 0.0
o_u[1,6] = 0.0
o_u[1,7] = 1.0
o_u[1,8] = 0.0
o_u[2,0] = 0.0
o_u[2,1] = 0.0
o_u[2,2] = 0.0
o_u[2,3] = 0.0
o_u[2,4] = 0.0
o_u[2,5] = 1.0
o_u[2,6] = 0.0
o_u[2,7] = 0.0
o_u[2,8] = 0.0
o_u[3,0] = 1.0
o_u[3,1] = 0.0
o_u[3,2] = 0.0
o_u[3,3] = 0.0
o_u[3,4] = 0.0
o_u[3,5] = 0.0
o_u[3,6] = 0.0
o_u[3,7] = 0.0
o_u[3,8] = 0.0
------------------------------------------------------------------------
------------------------------------------------------------------------
Saved hierarchical tree visualization to milp_tree_levels.png
THIS IS THE INITIAL CORRECTNESS 0.9831460674157303
THIS IS THE INITIAL EXPLAINABILITY 9.0
Inside find_pareto_solution_more_e
----------------------------------
THE CURRENT CORRECTNESS IS: 0.9831460674157303, AND THE CURRENT EXPLAINABILITY IS: 9.0
Gurobi Optimizer version 12.0.3 build v12.0.3rc0 (linux64 - "Ubuntu 22.04.5 LTS")

CPU model: AMD EPYC 7742 64-Core Processor, instruction set [SSE2|AVX|AVX2]
Thread count: 128 physical cores, 256 logical processors, using up to 32 threads

Optimize a model with 106713 rows, 25034 columns and 327232 nonzeros
Model fingerprint: 0xb095c422
Variable types: 24890 continuous, 144 integer (0 binary)
Coefficient statistics:
  Matrix range     [1e+00, 3e+00]
  Objective range  [1e+00, 3e+00]
  Bounds range     [1e+00, 1e+00]
  RHS range        [1e+00, 1e+03]

MIP start from previous solve did not produce a new incumbent solution
MIP start from previous solve violates constraint R106711 by 1.000000000

Presolve removed 78219 rows and 17450 columns
Presolve time: 1.71s
Presolved: 28494 rows, 7584 columns, 121885 nonzeros
Variable types: 6766 continuous, 818 integer (818 binary)

Root relaxation: objective 1.875000e+02, 9092 iterations, 1.11 seconds (1.28 work units)
Total elapsed time = 5.09s (DegenMoves)

    Nodes    |    Current Node    |     Objective Bounds      |     Work
 Expl Unexpl |  Obj  Depth IntInf | Incumbent    BestBd   Gap | It/Node Time

     0     0  187.50000    0  194          -  187.50000      -     -    7s
H    0     0                      53.0000000  187.50000   254%     -    7s
H    0     0                      93.0000000  187.50000   102%     -    7s
H    0     0                     123.0000000  187.50000  52.4%     -    7s
H    0     0                     125.0000000  187.50000  50.0%     -    7s
H    0     0                     129.0000000  187.50000  45.3%     -    7s
     0     0  187.47115    0  355  129.00000  187.47115  45.3%     -    9s
H    0     0                     145.0000000  187.00000  29.0%     -    9s
H    0     0                     155.0000000  187.00000  20.6%     -    9s
     0     0  186.83333    0  393  155.00000  186.83333  20.5%     -   11s
     0     0  186.83333    0  219  155.00000  186.83333  20.5%     -   12s
H    0     0                     159.0000000  186.83333  17.5%     -   12s
     0     0  186.50000    0  314  159.00000  186.50000  17.3%     -   15s
     0     0  186.50000    0  369  159.00000  186.50000  17.3%     -   15s
     0     0  186.00000    0  450  159.00000  186.00000  17.0%     -   18s
H    0     0                     165.0000000  186.00000  12.7%     -   18s
     0     0  186.00000    0  479  165.00000  186.00000  12.7%     -   18s
H    0     0                     167.0000000  186.00000  11.4%     -   18s
     0     0  186.00000    0  516  167.00000  186.00000  11.4%     -   19s
     0     0  186.00000    0  531  167.00000  186.00000  11.4%     -   20s
H    0     0                     169.0000000  186.00000  10.1%     -   29s
H    0     0                     170.0000000  186.00000  9.41%     -   29s
H    0     0                     172.0000000  186.00000  8.14%     -   29s
H    0     0                     173.0000000  186.00000  7.51%     -   29s
H    0     0                     174.0000000  186.00000  6.90%     -   29s
H    0     0                     175.0000000  186.00000  6.29%     -   29s
     0     0  186.00000    0  127  175.00000  186.00000  6.29%     -   29s
     0     0  186.00000    0  127  175.00000  186.00000  6.29%     -   30s
H    0     0                     176.0000000  186.00000  5.68%     -   35s
H    0     0                     179.0000000  186.00000  3.91%     -   35s
H    0     0                     181.0000000  186.00000  2.76%     -   35s
     0     0  186.00000    0  131  181.00000  186.00000  2.76%     -   35s
     0     0  186.00000    0  128  181.00000  186.00000  2.76%     -   35s
     0     0  185.66667    0  157  181.00000  185.66667  2.58%     -   44s
     0     0  185.50000    0  358  181.00000  185.50000  2.49%     -   45s
     0     0  185.50000    0  152  181.00000  185.50000  2.49%     -   50s
     0     0  185.50000    0   35  181.00000  185.50000  2.49%     -   56s
     0     2  185.50000    0   31  181.00000  185.50000  2.49%     -   64s
     1     4  185.50000    1  182  181.00000  185.50000  2.49%  7981   66s
     7    16  185.50000    3  399  181.00000  185.50000  2.49%  3133   70s
H   32    58                     182.0000000  185.50000  1.92%  1906   73s
H   45    58                     184.0000000  185.50000  0.82%  1673   73s
    95   126  185.21822    7  364  184.00000  185.50000  0.82%  1555   75s
   315   215     cutoff   11       184.00000  185.50000  0.82%   955   80s
   938   268  184.78689   13  171  184.00000  185.50000  0.82%   757   85s
H 1155   273                     184.0000009  185.50000  0.82%   768   86s
  1408   277  185.00000   13  125  184.00000  185.50000  0.82%   760   90s
  1933   229  184.66667   10  141  184.00000  185.50000  0.82%   763   95s
  2793   125  184.50000   12   76  184.00000  185.00000  0.54%   764  100s
  3736     9  184.44444   17  109  184.00000  184.66667  0.36%   745  105s

Cutting planes:
  Gomory: 6
  Implied bound: 582
  Clique: 6
  MIR: 32
  Flow cover: 57
  Zero half: 13
  RLT: 611
  Relax-and-lift: 3
  BQP: 786

Explored 3795 nodes (2970561 simplex iterations) in 106.02 seconds (128.41 work units)
Thread count was 32 (of 256 available processors)

Solution count 10: 184 184 182 ... 172

Optimal solution found (tolerance 1.00e-04)
Best objective 1.840000008692e+02, best bound 1.840000008692e+02, gap 0.0000%
Objective value: 184.00000086918251
lam[0,0] = -0.0
lam[0,1] = -0.0
lam[0,2] = 1.0
lam[0,3] = -0.0
lam[0,4] = -0.0
lam[0,5] = -0.0
lam[0,6] = -0.0
lam[0,7] = -0.0
lam[0,8] = -0.0
lam[1,0] = -0.0
lam[1,1] = -0.0
lam[1,2] = 0.0
lam[1,3] = -0.0
lam[1,4] = -0.0
lam[1,5] = 1.0
lam[1,6] = 0.0
lam[1,7] = 0.0
lam[1,8] = 0.0
lam[2,0] = -0.0
lam[2,1] = -0.0
lam[2,2] = 0.0
lam[2,3] = 1.0
lam[2,4] = -0.0
lam[2,5] = -0.0
lam[2,6] = -0.0
lam[2,7] = -0.0
lam[2,8] = -0.0
lam[3,0] = 1.0
lam[3,1] = -0.0
lam[3,2] = -0.0
lam[3,3] = -0.0
lam[3,4] = -0.0
lam[3,5] = -0.0
lam[3,6] = -0.0
lam[3,7] = -0.0
lam[3,8] = -0.0
tau[0,0,1] = 0.0
tau[0,0,2] = 1.0
tau[0,0,3] = 0.0
tau[0,0,L0] = 0.0
tau[0,0,L1] = 0.0
tau[0,0,L2] = 0.0
tau[0,1,1] = 1.0
tau[0,1,2] = 0.0
tau[0,1,3] = 0.0
tau[0,1,L0] = 0.0
tau[0,1,L1] = 0.0
tau[0,1,L2] = 0.0
tau[0,2,1] = -0.0
tau[0,2,2] = -0.0
tau[0,2,3] = -0.0
tau[0,2,L0] = -0.0
tau[0,2,L1] = 1.0
tau[0,2,L2] = -0.0
tau[0,3,1] = 1.0
tau[0,3,2] = 0.0
tau[0,3,3] = 0.0
tau[0,3,L0] = 0.0
tau[0,3,L1] = 0.0
tau[0,3,L2] = 0.0
tau[0,4,1] = 1.0
tau[0,4,2] = 0.0
tau[0,4,3] = -0.0
tau[0,4,L0] = 0.0
tau[0,4,L1] = 0.0
tau[0,4,L2] = 0.0
tau[0,5,1] = 1.0
tau[0,5,2] = 0.0
tau[0,5,3] = 0.0
tau[0,5,L0] = -0.0
tau[0,5,L1] = 0.0
tau[0,5,L2] = 0.0
tau[1,0,2] = 0.0
tau[1,0,3] = 0.0
tau[1,0,L0] = 0.0
tau[1,0,L1] = 1.0
tau[1,0,L2] = 0.0
tau[1,1,2] = 0.0
tau[1,1,3] = -0.0
tau[1,1,L0] = 0.0
tau[1,1,L1] = 1.0
tau[1,1,L2] = 0.0
tau[1,2,2] = 0.0
tau[1,2,3] = 1.0
tau[1,2,L0] = 0.0
tau[1,2,L1] = 0.0
tau[1,2,L2] = 0.0
tau[1,3,2] = 0.0
tau[1,3,3] = 0.0
tau[1,3,L0] = 1.0
tau[1,3,L1] = 0.0
tau[1,3,L2] = 0.0
tau[1,4,2] = 0.0
tau[1,4,3] = 0.0
tau[1,4,L0] = 0.0
tau[1,4,L1] = 0.0
tau[1,4,L2] = 0.0
tau[1,5,2] = 0.0
tau[1,5,3] = 0.0
tau[1,5,L0] = 0.0
tau[1,5,L1] = 0.0
tau[1,5,L2] = 0.0
tau[2,0,3] = 0.0
tau[2,0,L0] = -0.0
tau[2,0,L1] = 1.0
tau[2,0,L2] = 0.0
tau[2,1,3] = 1.0
tau[2,1,L0] = 0.0
tau[2,1,L1] = 0.0
tau[2,1,L2] = 0.0
tau[2,2,3] = -0.0
tau[2,2,L0] = -0.0
tau[2,2,L1] = -0.0
tau[2,2,L2] = 1.0
tau[2,3,3] = -0.0
tau[2,3,L0] = -0.0
tau[2,3,L1] = -0.0
tau[2,3,L2] = 1.0
tau[2,4,3] = 0.0
tau[2,4,L0] = 0.0
tau[2,4,L1] = 0.0
tau[2,4,L2] = 1.0
tau[2,5,3] = -0.0
tau[2,5,L0] = -0.0
tau[2,5,L1] = -0.0
tau[2,5,L2] = -0.0
tau[3,0,L0] = -0.0
tau[3,0,L1] = 1.0
tau[3,0,L2] = -0.0
tau[3,1,L0] = 1.0
tau[3,1,L1] = -0.0
tau[3,1,L2] = -0.0
tau[3,2,L0] = 1.0
tau[3,2,L1] = -0.0
tau[3,2,L2] = -0.0
tau[3,3,L0] = 1.0
tau[3,3,L1] = -0.0
tau[3,3,L2] = -0.0
tau[3,4,L0] = -0.0
tau[3,4,L1] = -0.0
tau[3,4,L2] = -0.0
tau[3,5,L0] = -0.0
tau[3,5,L1] = -0.0
tau[3,5,L2] = -0.0
m[0,0] = 1.0
m[0,1] = 1.0
m[0,2] = 1.0
m[0,3] = 1.0
m[0,4] = 1.0
m[0,5] = 1.0
m[0,6] = 1.0
m[0,7] = 1.0
m[0,8] = 1.0
m[0,9] = 1.0
m[0,10] = 1.0
m[0,11] = 1.0
m[0,12] = 1.0
m[0,13] = 1.0
m[0,14] = 1.0
m[0,15] = 1.0
m[0,16] = 1.0
m[0,17] = 1.0
m[0,18] = 1.0
m[0,19] = 1.0
m[0,20] = 1.0
m[0,21] = 1.0
m[0,22] = 1.0
m[0,23] = 1.0
m[0,24] = 1.0
m[0,25] = 1.0
m[0,26] = 1.0
m[0,27] = 1.0
m[0,28] = 1.0
m[0,29] = 1.0
m[0,30] = 1.0
m[0,31] = 1.0
m[0,32] = 1.0
m[0,33] = 1.0
m[0,34] = 1.0
m[0,35] = 1.0
m[0,36] = 1.0
m[0,37] = 1.0
m[0,38] = 1.0
m[0,39] = 1.0
m[0,40] = 1.0
m[0,41] = 1.0
m[0,42] = 1.0
m[0,43] = 1.0
m[0,44] = 1.0
m[0,45] = 1.0
m[0,46] = 1.0
m[0,47] = 1.0
m[0,48] = 1.0
m[0,49] = 1.0
m[0,50] = 1.0
m[0,51] = 1.0
m[0,52] = 1.0
m[0,53] = 1.0
m[0,54] = 1.0
m[0,55] = 1.0
m[0,56] = 1.0
m[0,57] = 1.0
m[0,58] = 1.0
m[0,59] = 1.0
m[0,60] = 1.0
m[0,61] = 0.0
m[0,62] = 1.0
m[0,63] = 1.0
m[0,64] = 1.0
m[0,65] = 1.0
m[0,66] = 1.0
m[0,67] = 1.0
m[0,68] = 1.0
m[0,69] = 1.0
m[0,70] = 1.0
m[0,71] = 1.0
m[0,72] = 1.0
m[0,73] = 0.0
m[0,74] = 1.0
m[0,75] = 1.0
m[0,76] = 1.0
m[0,77] = 1.0
m[0,78] = 1.0
m[0,79] = 1.0
m[0,80] = 1.0
m[0,81] = 1.0
m[0,82] = 1.0
m[0,83] = 1.0
m[0,84] = 1.0
m[0,85] = 1.0
m[0,86] = 1.0
m[0,87] = 1.0
m[0,88] = 1.0
m[0,89] = 1.0
m[0,90] = 1.0
m[0,91] = 1.0
m[0,92] = 1.0
m[0,93] = 1.0
m[0,94] = 1.0
m[0,95] = 1.0
m[0,96] = 1.0
m[0,97] = 1.0
m[0,98] = 1.0
m[0,99] = 1.0
m[0,100] = 1.0
m[0,101] = 1.0
m[0,102] = 1.0
m[0,103] = 1.0
m[0,104] = 1.0
m[0,105] = 1.0
m[0,106] = 1.0
m[0,107] = 1.0
m[0,108] = 1.0
m[0,109] = 1.0
m[0,110] = 1.0
m[0,111] = 1.0
m[0,112] = 1.0
m[0,113] = 1.0
m[0,114] = 1.0
m[0,115] = 1.0
m[0,116] = 1.0
m[0,117] = 1.0
m[0,118] = 1.0
m[0,119] = 1.0
m[0,120] = 1.0
m[0,121] = 1.0
m[0,122] = 1.0
m[0,123] = 1.0
m[0,124] = 1.0
m[0,125] = 1.0
m[0,126] = 1.0
m[0,127] = 1.0
m[0,128] = 1.0
m[0,129] = 1.0
m[0,130] = 1.0
m[0,131] = 1.0
m[0,132] = 1.0
m[0,133] = 1.0
m[0,134] = 1.0
m[0,135] = 1.0
m[0,136] = 0.0
m[0,137] = 1.0
m[0,138] = 1.0
m[0,139] = 1.0
m[0,140] = 1.0
m[0,141] = 1.0
m[0,142] = 1.0
m[0,143] = 1.0
m[0,144] = 1.0
m[0,145] = 1.0
m[0,146] = 1.0
m[0,147] = 1.0
m[0,148] = 1.0
m[0,149] = 1.0
m[0,150] = 0.0
m[0,151] = 1.0
m[0,152] = 1.0
m[0,153] = 1.0
m[0,154] = 1.0
m[0,155] = 1.0
m[0,156] = 1.0
m[0,157] = 1.0
m[0,158] = 1.0
m[0,159] = 1.0
m[0,160] = 1.0
m[0,161] = 1.0
m[0,162] = 1.0
m[0,163] = 1.0
m[0,164] = 1.0
m[0,165] = 1.0
m[0,166] = 1.0
m[0,167] = 1.0
m[0,168] = 1.0
m[0,169] = 1.0
m[0,170] = 1.0
m[0,171] = 1.0
m[0,172] = 1.0
m[0,173] = 1.0
m[0,174] = 1.0
m[0,175] = 1.0
m[0,176] = 1.0
m[0,177] = 1.0
u[0] = 1.0
u[1] = 0.9999991308174915
u[2] = 1.0
u[3] = 1.0
o_u[0,0] = -0.0
o_u[0,1] = -0.0
o_u[0,2] = 1.0
o_u[0,3] = 0.0
o_u[0,4] = 0.0
o_u[0,5] = 0.0
o_u[0,6] = 0.0
o_u[0,7] = 0.0
o_u[0,8] = 0.0
o_u[1,0] = 0.0
o_u[1,1] = 0.0
o_u[1,2] = 0.0
o_u[1,3] = 0.0
o_u[1,4] = 0.0
o_u[1,5] = 1.0
o_u[1,6] = 0.0
o_u[1,7] = 0.0
o_u[1,8] = 0.0
o_u[2,0] = 0.0
o_u[2,1] = 0.0
o_u[2,2] = 0.0
o_u[2,3] = 1.0
o_u[2,4] = 0.0
o_u[2,5] = 0.0
o_u[2,6] = 0.0
o_u[2,7] = 0.0
o_u[2,8] = 0.0
o_u[3,0] = 1.0
o_u[3,1] = 0.0
o_u[3,2] = 0.0
o_u[3,3] = 0.0
o_u[3,4] = 0.0
o_u[3,5] = 0.0
o_u[3,6] = 0.0
o_u[3,7] = 0.0
o_u[3,8] = 0.0
THE NEW CORRECTNESS IS: 0.9775280898876404, AND THE NEW EXPLAINABILITY IS: 10.000000869182509
************************************************************
New pareto points added, correctness = 0.9775280898876404 , explainability = 10.000000869182509
App ending 1......
End of find_pareto_solution_more_e 4 @@@@@@@@@@@@@
Inside find_pareto_solution_more_e
----------------------------------
THE CURRENT CORRECTNESS IS: 0.9775280898876404, AND THE CURRENT EXPLAINABILITY IS: 10.000000869182509
Gurobi Optimizer version 12.0.3 build v12.0.3rc0 (linux64 - "Ubuntu 22.04.5 LTS")

CPU model: AMD EPYC 7742 64-Core Processor, instruction set [SSE2|AVX|AVX2]
Thread count: 128 physical cores, 256 logical processors, using up to 32 threads

Optimize a model with 106713 rows, 25034 columns and 327232 nonzeros
Model fingerprint: 0x8a3ccaa8
Variable types: 24890 continuous, 144 integer (0 binary)
Coefficient statistics:
  Matrix range     [1e+00, 3e+00]
  Objective range  [1e+00, 3e+00]
  Bounds range     [1e+00, 1e+00]
  RHS range        [1e+00, 1e+03]

MIP start from previous solve did not produce a new incumbent solution
MIP start from previous solve violates constraint R106713 by 1.000000000

Presolve removed 78219 rows and 17450 columns
Presolve time: 1.72s
Presolved: 28494 rows, 7584 columns, 121885 nonzeros
Variable types: 6766 continuous, 818 integer (818 binary)

Root relaxation: objective 1.865000e+02, 9603 iterations, 1.27 seconds (1.52 work units)
Total elapsed time = 5.61s (DegenMoves)

    Nodes    |    Current Node    |     Objective Bounds      |     Work
 Expl Unexpl |  Obj  Depth IntInf | Incumbent    BestBd   Gap | It/Node Time

     0     0  186.50000    0  206          -  186.50000      -     -    5s
H    0     0                      42.0000000  186.50000   344%     -    5s
H    0     0                     129.0000000  186.50000  44.6%     -    5s
H    0     0                     139.0000000  186.50000  34.2%     -    5s
H    0     0                     145.0000000  186.47596  28.6%     -    8s
H    0     0                     146.0000000  186.00000  27.4%     -    9s
     0     0  186.00000    0  352  146.00000  186.00000  27.4%     -    9s
H    0     0                     148.0000000  186.00000  25.7%     -    9s
     0     0  185.83333    0  343  148.00000  185.83333  25.6%     -   13s
     0     0  185.83333    0  188  148.00000  185.83333  25.6%     -   14s
H    0     0                     155.0000000  185.83333  19.9%     -   14s
H    0     0                     172.0000000  185.33333  7.75%     -   16s
     0     0  185.33333    0  374  172.00000  185.33333  7.75%     -   17s
     0     0  185.33333    0  411  172.00000  185.33333  7.75%     -   17s
     0     0  185.00000    0  452  172.00000  185.00000  7.56%     -   18s
     0     0  185.00000    0  480  172.00000  185.00000  7.56%     -   19s
     0     0  185.00000    0  528  172.00000  185.00000  7.56%     -   21s
     0     0  185.00000    0  514  172.00000  185.00000  7.56%     -   21s
     0     0  185.00000    0  171  172.00000  185.00000  7.56%     -   31s
     0     0  185.00000    0  171  172.00000  185.00000  7.56%     -   31s
H    0     0                     177.0000000  185.00000  4.52%     -   39s
     0     0  185.00000    0   94  177.00000  185.00000  4.52%     -   39s
     0     0  185.00000    0  293  177.00000  185.00000  4.52%     -   40s
H    0     0                     178.0000000  185.00000  3.93%     -   49s
H    0     0                     181.0000000  184.50000  1.93%     -   49s
     0     0  184.50000    0   97  181.00000  184.50000  1.93%     -   49s
     0     0  184.50000    0  472  181.00000  184.50000  1.93%     -   51s
     0     0  184.50000    0  135  181.00000  184.50000  1.93%     -   59s
     0     0  184.50000    0  135  181.00000  184.50000  1.93%     -   62s
     0     2  184.50000    0   81  181.00000  184.50000  1.93%     -   68s
     3     8  184.50000    2  454  181.00000  184.50000  1.93%  5557   71s
    59    82  184.50000    6  225  181.00000  184.50000  1.93%  1610   76s
H  117   112                     181.0000002  184.50000  1.93%  1417   77s
H  164   149                     181.0000009  184.50000  1.93%  1233   78s
   263   212  184.50000   12  140  181.00000  184.50000  1.93%  1077   80s
   906   274  184.50000   12  250  181.00000  184.50000  1.93%   779   85s
H 1105   274                     182.0000000  184.50000  1.37%   763   86s
  1650   310  184.00000   18   47  182.00000  184.50000  1.37%   751   90s
  2295   295  184.00000   17  186  182.00000  184.50000  1.37%   762   95s
H 2581   290                     182.0000004  184.50000  1.37%   760   96s
  3263   238 infeasible   12       182.00000  184.50000  1.37%   744  101s
  3929   160  184.00000   11   80  182.00000  184.00000  1.10%   758  105s
* 4168   147              18     183.0000000  184.00000  0.55%   758  106s
* 4194   147              18     184.0000000  184.00000  0.00%   757  106s

Cutting planes:
  Gomory: 6
  Cover: 1
  Implied bound: 483
  Clique: 6
  MIR: 58
  Flow cover: 77
  Zero half: 20
  RLT: 628
  Relax-and-lift: 8
  BQP: 861

Explored 4367 nodes (3455842 simplex iterations) in 106.13 seconds (128.80 work units)
Thread count was 32 (of 256 available processors)

Solution count 10: 184 183 182 ... 155

Optimal solution found (tolerance 1.00e-04)
Best objective 1.840000000000e+02, best bound 1.840000000000e+02, gap 0.0000%
Objective value: 184.0
lam[0,0] = 0.0
lam[0,1] = -0.0
lam[0,2] = 0.0
lam[0,3] = 1.0
lam[0,4] = -0.0
lam[0,5] = -0.0
lam[0,6] = -0.0
lam[0,7] = -0.0
lam[0,8] = 0.0
lam[1,0] = 0.0
lam[1,1] = -0.0
lam[1,2] = 1.0
lam[1,3] = -0.0
lam[1,4] = -0.0
lam[1,5] = -0.0
lam[1,6] = -0.0
lam[1,7] = -0.0
lam[1,8] = -0.0
lam[2,0] = -0.0
lam[2,1] = -0.0
lam[2,2] = 0.0
lam[2,3] = 0.0
lam[2,4] = -0.0
lam[2,5] = 1.0
lam[2,6] = -0.0
lam[2,7] = -0.0
lam[2,8] = -0.0
lam[3,0] = -0.0
lam[3,1] = -0.0
lam[3,2] = 1.0
lam[3,3] = -0.0
lam[3,4] = 0.0
lam[3,5] = -0.0
lam[3,6] = 0.0
lam[3,7] = -0.0
lam[3,8] = 0.0
tau[0,0,1] = 0.0
tau[0,0,2] = -0.0
tau[0,0,3] = 0.0
tau[0,0,L0] = -0.0
tau[0,0,L1] = 1.0
tau[0,0,L2] = 0.0
tau[0,1,1] = -0.0
tau[0,1,2] = 1.0
tau[0,1,3] = -0.0
tau[0,1,L0] = -0.0
tau[0,1,L1] = 0.0
tau[0,1,L2] = -0.0
tau[0,2,1] = 1.0
tau[0,2,2] = -0.0
tau[0,2,3] = 0.0
tau[0,2,L0] = -0.0
tau[0,2,L1] = -0.0
tau[0,2,L2] = -0.0
tau[0,3,1] = 1.0
tau[0,3,2] = -0.0
tau[0,3,3] = 0.0
tau[0,3,L0] = -0.0
tau[0,3,L1] = -0.0
tau[0,3,L2] = -0.0
tau[0,4,1] = 0.0
tau[0,4,2] = -0.0
tau[0,4,3] = 1.0
tau[0,4,L0] = -0.0
tau[0,4,L1] = -0.0
tau[0,4,L2] = -0.0
tau[0,5,1] = -0.0
tau[0,5,2] = 0.0
tau[0,5,3] = -0.0
tau[0,5,L0] = -0.0
tau[0,5,L1] = -0.0
tau[0,5,L2] = 0.0
tau[1,0,2] = 0.0
tau[1,0,3] = -0.0
tau[1,0,L0] = -0.0
tau[1,0,L1] = -0.0
tau[1,0,L2] = 1.0
tau[1,1,2] = 1.0
tau[1,1,3] = -0.0
tau[1,1,L0] = -0.0
tau[1,1,L1] = 0.0
tau[1,1,L2] = -0.0
tau[1,2,2] = 1.0
tau[1,2,3] = -0.0
tau[1,2,L0] = -0.0
tau[1,2,L1] = 0.0
tau[1,2,L2] = -0.0
tau[1,3,2] = 0.0
tau[1,3,3] = -0.0
tau[1,3,L0] = 1.0
tau[1,3,L1] = -0.0
tau[1,3,L2] = -0.0
tau[1,4,2] = 0.0
tau[1,4,3] = -0.0
tau[1,4,L0] = 1.0
tau[1,4,L1] = 0.0
tau[1,4,L2] = 0.0
tau[1,5,2] = 1.0
tau[1,5,3] = -0.0
tau[1,5,L0] = -0.0
tau[1,5,L1] = 0.0
tau[1,5,L2] = -0.0
tau[2,0,3] = -0.0
tau[2,0,L0] = -0.0
tau[2,0,L1] = 1.0
tau[2,0,L2] = 0.0
tau[2,1,3] = -0.0
tau[2,1,L0] = -0.0
tau[2,1,L1] = 1.0
tau[2,1,L2] = 0.0
tau[2,2,3] = 1.0
tau[2,2,L0] = -0.0
tau[2,2,L1] = 0.0
tau[2,2,L2] = -0.0
tau[2,3,3] = 0.0
tau[2,3,L0] = 1.0
tau[2,3,L1] = 0.0
tau[2,3,L2] = 0.0
tau[2,4,3] = -0.0
tau[2,4,L0] = -0.0
tau[2,4,L1] = -0.0
tau[2,4,L2] = 0.0
tau[2,5,3] = 0.0
tau[2,5,L0] = -0.0
tau[2,5,L1] = -0.0
tau[2,5,L2] = -0.0
tau[3,0,L0] = -0.0
tau[3,0,L1] = -0.0
tau[3,0,L2] = 1.0
tau[3,1,L0] = -0.0
tau[3,1,L1] = 0.0
tau[3,1,L2] = 1.0
tau[3,2,L0] = -0.0
tau[3,2,L1] = 1.0
tau[3,2,L2] = 0.0
tau[3,3,L0] = 0.0
tau[3,3,L1] = 1.0
tau[3,3,L2] = -0.0
tau[3,4,L0] = 1.0
tau[3,4,L1] = 0.0
tau[3,4,L2] = -0.0
tau[3,5,L0] = 1.0
tau[3,5,L1] = -0.0
tau[3,5,L2] = 0.0
m[0,0] = 1.0
m[0,1] = 1.0
m[0,2] = 1.0
m[0,3] = 1.0
m[0,4] = 1.0
m[0,5] = 1.0
m[0,6] = 1.0
m[0,7] = 1.0
m[0,8] = 1.0
m[0,9] = 1.0
m[0,10] = 1.0
m[0,11] = 1.0
m[0,12] = 1.0
m[0,13] = 1.0
m[0,14] = 1.0
m[0,15] = 1.0
m[0,16] = 1.0
m[0,17] = 1.0
m[0,18] = 1.0
m[0,19] = 1.0
m[0,20] = 1.0
m[0,21] = 1.0
m[0,22] = 1.0
m[0,23] = 1.0
m[0,24] = 1.0
m[0,25] = 1.0
m[0,26] = 1.0
m[0,27] = 1.0
m[0,28] = 1.0
m[0,29] = 1.0
m[0,30] = 1.0
m[0,31] = 1.0
m[0,32] = 1.0
m[0,33] = 1.0
m[0,34] = 1.0
m[0,35] = 1.0
m[0,36] = 1.0
m[0,37] = 1.0
m[0,38] = 1.0
m[0,39] = 1.0
m[0,40] = 1.0
m[0,41] = 1.0
m[0,42] = 1.0
m[0,43] = 1.0
m[0,44] = 1.0
m[0,45] = 1.0
m[0,46] = 1.0
m[0,47] = 1.0
m[0,48] = 1.0
m[0,49] = 1.0
m[0,50] = 1.0
m[0,51] = 1.0
m[0,52] = 1.0
m[0,53] = 1.0
m[0,54] = 1.0
m[0,55] = 1.0
m[0,56] = 1.0
m[0,57] = 1.0
m[0,58] = 1.0
m[0,59] = 1.0
m[0,60] = 0.0
m[0,61] = 0.0
m[0,62] = 1.0
m[0,63] = 1.0
m[0,64] = 1.0
m[0,65] = 0.0
m[0,66] = 1.0
m[0,67] = 1.0
m[0,68] = 1.0
m[0,69] = 1.0
m[0,70] = 1.0
m[0,71] = 1.0
m[0,72] = 1.0
m[0,73] = 0.0
m[0,74] = 1.0
m[0,75] = 1.0
m[0,76] = 1.0
m[0,77] = 1.0
m[0,78] = 1.0
m[0,79] = 1.0
m[0,80] = 1.0
m[0,81] = 0.0
m[0,82] = 1.0
m[0,83] = 1.0
m[0,84] = 1.0
m[0,85] = 1.0
m[0,86] = 1.0
m[0,87] = 1.0
m[0,88] = 1.0
m[0,89] = 1.0
m[0,90] = 1.0
m[0,91] = 1.0
m[0,92] = 1.0
m[0,93] = 1.0
m[0,94] = 1.0
m[0,95] = 1.0
m[0,96] = 1.0
m[0,97] = 1.0
m[0,98] = 1.0
m[0,99] = 1.0
m[0,100] = 1.0
m[0,101] = 1.0
m[0,102] = 1.0
m[0,103] = 1.0
m[0,104] = 1.0
m[0,105] = 1.0
m[0,106] = 1.0
m[0,107] = 1.0
m[0,108] = 1.0
m[0,109] = 1.0
m[0,110] = 1.0
m[0,111] = 1.0
m[0,112] = 1.0
m[0,113] = 1.0
m[0,114] = 1.0
m[0,115] = 1.0
m[0,116] = 1.0
m[0,117] = 1.0
m[0,118] = 1.0
m[0,119] = 1.0
m[0,120] = 1.0
m[0,121] = 1.0
m[0,122] = 1.0
m[0,123] = 1.0
m[0,124] = 1.0
m[0,125] = 1.0
m[0,126] = 1.0
m[0,127] = 1.0
m[0,128] = 1.0
m[0,129] = 1.0
m[0,130] = 1.0
m[0,131] = 1.0
m[0,132] = 1.0
m[0,133] = 1.0
m[0,134] = 1.0
m[0,135] = 1.0
m[0,136] = 1.0
m[0,137] = 1.0
m[0,138] = 1.0
m[0,139] = 1.0
m[0,140] = 1.0
m[0,141] = 1.0
m[0,142] = 1.0
m[0,143] = 1.0
m[0,144] = 1.0
m[0,145] = 1.0
m[0,146] = 1.0
m[0,147] = 1.0
m[0,148] = 1.0
m[0,149] = 1.0
m[0,150] = 1.0
m[0,151] = 1.0
m[0,152] = 1.0
m[0,153] = 1.0
m[0,154] = 1.0
m[0,155] = 1.0
m[0,156] = 1.0
m[0,157] = 1.0
m[0,158] = 1.0
m[0,159] = 1.0
m[0,160] = 1.0
m[0,161] = 1.0
m[0,162] = 1.0
m[0,163] = 1.0
m[0,164] = 1.0
m[0,165] = 1.0
m[0,166] = 1.0
m[0,167] = 1.0
m[0,168] = 1.0
m[0,169] = 1.0
m[0,170] = 1.0
m[0,171] = 1.0
m[0,172] = 1.0
m[0,173] = 1.0
m[0,174] = 1.0
m[0,175] = 1.0
m[0,176] = 1.0
m[0,177] = 1.0
u[0] = 1.0
u[1] = 1.0
u[2] = 1.0
u[3] = 1.0
o_u[0,0] = 0.0
o_u[0,1] = -0.0
o_u[0,2] = 0.0
o_u[0,3] = 1.0
o_u[0,4] = 0.0
o_u[0,5] = 0.0
o_u[0,6] = 0.0
o_u[0,7] = 0.0
o_u[0,8] = 0.0
o_u[1,0] = 0.0
o_u[1,1] = 0.0
o_u[1,2] = 1.0
o_u[1,3] = 0.0
o_u[1,4] = 0.0
o_u[1,5] = 0.0
o_u[1,6] = 0.0
o_u[1,7] = 0.0
o_u[1,8] = 0.0
o_u[2,0] = 0.0
o_u[2,1] = 0.0
o_u[2,2] = 0.0
o_u[2,3] = 0.0
o_u[2,4] = 0.0
o_u[2,5] = 1.0
o_u[2,6] = 0.0
o_u[2,7] = 0.0
o_u[2,8] = 0.0
o_u[3,0] = 0.0
o_u[3,1] = 0.0
o_u[3,2] = 1.0
o_u[3,3] = 0.0
o_u[3,4] = 0.0
o_u[3,5] = 0.0
o_u[3,6] = 0.0
o_u[3,7] = 0.0
o_u[3,8] = 0.0
THE NEW CORRECTNESS IS: 0.9719101123595506, AND THE NEW EXPLAINABILITY IS: 11.0
************************************************************
New pareto points added, correctness = 0.9719101123595506 , explainability = 11.0
App ending 1......
End of find_pareto_solution_more_e 4 @@@@@@@@@@@@@
Inside find_pareto_solution_more_e
----------------------------------
THE CURRENT CORRECTNESS IS: 0.9719101123595506, AND THE CURRENT EXPLAINABILITY IS: 11.0
Gurobi Optimizer version 12.0.3 build v12.0.3rc0 (linux64 - "Ubuntu 22.04.5 LTS")

CPU model: AMD EPYC 7742 64-Core Processor, instruction set [SSE2|AVX|AVX2]
Thread count: 128 physical cores, 256 logical processors, using up to 32 threads

Optimize a model with 106713 rows, 25034 columns and 327232 nonzeros
Model fingerprint: 0x810be192
Variable types: 24890 continuous, 144 integer (0 binary)
Coefficient statistics:
  Matrix range     [1e+00, 3e+00]
  Objective range  [1e+00, 3e+00]
  Bounds range     [1e+00, 1e+00]
  RHS range        [1e+00, 1e+03]

MIP start from previous solve did not produce a new incumbent solution
MIP start from previous solve violates constraint R106715 by 1.000000000

Presolve removed 78219 rows and 17450 columns
Presolve time: 2.01s
Presolved: 28494 rows, 7584 columns, 121885 nonzeros
Variable types: 6766 continuous, 818 integer (818 binary)

Root relaxation: objective 1.855000e+02, 8956 iterations, 1.05 seconds (1.15 work units)

    Nodes    |    Current Node    |     Objective Bounds      |     Work
 Expl Unexpl |  Obj  Depth IntInf | Incumbent    BestBd   Gap | It/Node Time

     0     0  185.50000    0  194          -  185.50000      -     -    4s
H    0     0                      61.0000000  185.50000   204%     -    5s
     0     0  184.50000    0  434   61.00000  184.50000   202%     -    8s
H    0     0                     138.0000000  184.50000  33.7%     -    8s
H    0     0                     147.0000000  184.50000  25.5%     -    8s
     0     0  184.00000    0  469  147.00000  184.00000  25.2%     -   12s
     0     0  184.00000    0  203  147.00000  184.00000  25.2%     -   14s
     0     0  184.00000    0  496  147.00000  184.00000  25.2%     -   17s
     0     0  184.00000    0  487  147.00000  184.00000  25.2%     -   18s
H    0     0                     149.0000000  184.00000  23.5%     -   20s
H    0     0                     155.0000000  184.00000  18.7%     -   20s
     0     0  184.00000    0  527  155.00000  184.00000  18.7%     -   20s
     0     0  184.00000    0  526  155.00000  184.00000  18.7%     -   20s
H    0     0                     162.0000000  184.00000  13.6%     -   31s
H    0     0                     170.0000000  184.00000  8.24%     -   31s
H    0     0                     171.0000000  184.00000  7.60%     -   31s
H    0     0                     172.0000000  184.00000  6.98%     -   31s
H    0     0                     172.0000006  184.00000  6.98%     -   31s
H    0     0                     172.0000009  184.00000  6.98%     -   31s
     0     0  184.00000    0  124  172.00000  184.00000  6.98%     -   31s
     0     0  184.00000    0  185  172.00000  184.00000  6.98%     -   31s
     0     0  183.00000    0   84  172.00000  183.00000  6.40%     -   37s
     0     0  183.00000    0   81  172.00000  183.00000  6.40%     -   37s
     0     0  176.00000    0   29  172.00000  176.00000  2.33%     -   54s
     0     0  175.00000    0   88  172.00000  175.00000  1.74%     -   55s
     0     0  174.00000    0   23  172.00000  174.00000  1.16%     -   57s
     0     0  174.00000    0   26  172.00000  174.00000  1.16%     -   59s
     0     0  173.75000    0   26  172.00000  173.75000  1.02%     -   60s
     0     0  173.75000    0   77  172.00000  173.75000  1.02%     -   67s
     0     0  173.75000    0   89  172.00000  173.75000  1.02%     -   68s
     0     0  173.75000    0   80  172.00000  173.75000  1.02%     -   69s
     0     0  173.75000    0  185  172.00000  173.75000  1.02%     -   69s
     0     0  173.75000    0  224  172.00000  173.75000  1.02%     -   70s
     0     0  173.75000    0   22  172.00000  173.75000  1.02%     -   73s
     0     0  173.75000    0   22  172.00000  173.75000  1.02%     -   73s
     0     0  173.75000    0   23  172.00000  173.75000  1.02%     -   77s
     0     0  173.75000    0   22  172.00000  173.75000  1.02%     -   77s
     0     0  173.75000    0   26  172.00000  173.75000  1.02%     -   79s
     0     0  173.75000    0   26  172.00000  173.75000  1.02%     -   82s
     0     2  173.75000    0   19  172.00000  173.75000  1.02%     -   88s
     3     4 infeasible    2       172.00000  173.75000  1.02%  3545   90s
H  445   189                     172.0000035  173.75000  1.02%   310   94s
   472   198  173.00000   12   59  172.00000  173.75000  1.02%   302   95s
H 1562   201                     172.0000039  173.75000  1.02%   159   96s

Cutting planes:
  Gomory: 6
  Implied bound: 261
  Clique: 3
  MIR: 61
  Flow cover: 36
  Zero half: 5
  RLT: 160
  Relax-and-lift: 3
  BQP: 207
  PSD: 2

Explored 2982 nodes (503051 simplex iterations) in 98.01 seconds (102.41 work units)
Thread count was 32 (of 256 available processors)

Solution count 10: 172 172 172 ... 149

Optimal solution found (tolerance 1.00e-04)
Best objective 1.720000039300e+02, best bound 1.720000039300e+02, gap 0.0000%
Objective value: 172.00000392995204
lam[0,0] = -0.0
lam[0,1] = -0.0
lam[0,2] = 0.0
lam[0,3] = -0.0
lam[0,4] = -0.0
lam[0,5] = 1.0
lam[0,6] = -0.0
lam[0,7] = -0.0
lam[0,8] = -0.0
lam[1,0] = 0.0
lam[1,1] = 0.0
lam[1,2] = 1.0
lam[1,3] = 0.0
lam[1,4] = 0.0
lam[1,5] = 0.0
lam[1,6] = 0.0
lam[1,7] = 0.0
lam[1,8] = 0.0
lam[2,0] = 0.0
lam[2,1] = 0.0
lam[2,2] = 1.0
lam[2,3] = 0.0
lam[2,4] = 0.0
lam[2,5] = 0.0
lam[2,6] = 0.0
lam[2,7] = 0.0
lam[2,8] = 0.0
lam[3,0] = -0.0
lam[3,1] = -0.0
lam[3,2] = -0.0
lam[3,3] = -0.0
lam[3,4] = -0.0
lam[3,5] = 1.0
lam[3,6] = -0.0
lam[3,7] = -0.0
lam[3,8] = -0.0
tau[0,0,1] = 1.0
tau[0,0,2] = 0.0
tau[0,0,3] = -0.0
tau[0,0,L0] = 0.0
tau[0,0,L1] = 0.0
tau[0,0,L2] = 0.0
tau[0,1,1] = 1.0
tau[0,1,2] = 0.0
tau[0,1,3] = -0.0
tau[0,1,L0] = 0.0
tau[0,1,L1] = 0.0
tau[0,1,L2] = 0.0
tau[0,2,1] = 1.0
tau[0,2,2] = -0.0
tau[0,2,3] = -0.0
tau[0,2,L0] = -0.0
tau[0,2,L1] = -0.0
tau[0,2,L2] = -0.0
tau[0,3,1] = 0.0
tau[0,3,2] = 1.0
tau[0,3,3] = -0.0
tau[0,3,L0] = 0.0
tau[0,3,L1] = 0.0
tau[0,3,L2] = 0.0
tau[0,4,1] = -0.0
tau[0,4,2] = -0.0
tau[0,4,3] = -0.0
tau[0,4,L0] = -0.0
tau[0,4,L1] = -0.0
tau[0,4,L2] = -0.0
tau[0,5,1] = -0.0
tau[0,5,2] = -0.0
tau[0,5,3] = -0.0
tau[0,5,L0] = -0.0
tau[0,5,L1] = 0.0
tau[0,5,L2] = 0.0
tau[1,0,2] = 0.0
tau[1,0,3] = 0.0
tau[1,0,L0] = 0.0
tau[1,0,L1] = 0.0
tau[1,0,L2] = 1.0
tau[1,1,2] = 0.0
tau[1,1,3] = 1.0
tau[1,1,L0] = 0.0
tau[1,1,L1] = 0.0
tau[1,1,L2] = 0.0
tau[1,2,2] = 0.0
tau[1,2,3] = 0.0
tau[1,2,L0] = 0.0
tau[1,2,L1] = 1.0
tau[1,2,L2] = 0.0
tau[1,3,2] = 0.0
tau[1,3,3] = 0.0
tau[1,3,L0] = 0.0
tau[1,3,L1] = 1.0
tau[1,3,L2] = 0.0
tau[1,4,2] = 0.0
tau[1,4,3] = 1.0
tau[1,4,L0] = 0.0
tau[1,4,L1] = 0.0
tau[1,4,L2] = 0.0
tau[1,5,2] = 0.0
tau[1,5,3] = 1.0
tau[1,5,L0] = 0.0
tau[1,5,L1] = 0.0
tau[1,5,L2] = 0.0
tau[2,0,3] = 0.0
tau[2,0,L0] = 0.0
tau[2,0,L1] = 1.0
tau[2,0,L2] = 0.0
tau[2,1,3] = -0.0
tau[2,1,L0] = 0.0
tau[2,1,L1] = 1.0
tau[2,1,L2] = -0.0
tau[2,2,3] = -0.0
tau[2,2,L0] = -0.0
tau[2,2,L1] = 1.0
tau[2,2,L2] = -0.0
tau[2,3,3] = 0.0
tau[2,3,L0] = 1.0
tau[2,3,L1] = 0.0
tau[2,3,L2] = 0.0
tau[2,4,3] = 0.0
tau[2,4,L0] = 1.0
tau[2,4,L1] = 0.0
tau[2,4,L2] = 0.0
tau[2,5,3] = 1.0
tau[2,5,L0] = 0.0
tau[2,5,L1] = 0.0
tau[2,5,L2] = 0.0
tau[3,0,L0] = -0.0
tau[3,0,L1] = 1.0
tau[3,0,L2] = -0.0
tau[3,1,L0] = -0.0
tau[3,1,L1] = 1.0
tau[3,1,L2] = -0.0
tau[3,2,L0] = 1.0
tau[3,2,L1] = -0.0
tau[3,2,L2] = -0.0
tau[3,3,L0] = 1.0
tau[3,3,L1] = -0.0
tau[3,3,L2] = -0.0
tau[3,4,L0] = -0.0
tau[3,4,L1] = -0.0
tau[3,4,L2] = -0.0
tau[3,5,L0] = -0.0
tau[3,5,L1] = -0.0
tau[3,5,L2] = -0.0
m[0,0] = 1.0
m[0,1] = 1.0
m[0,2] = 1.0
m[0,3] = 1.0
m[0,4] = 1.0
m[0,5] = 1.0
m[0,6] = 1.0
m[0,7] = 1.0
m[0,8] = 1.0
m[0,9] = 1.0
m[0,10] = 1.0
m[0,11] = 1.0
m[0,12] = 1.0
m[0,13] = 1.0
m[0,14] = 1.0
m[0,15] = 1.0
m[0,16] = 1.0
m[0,17] = 1.0
m[0,18] = 1.0
m[0,19] = 1.0
m[0,20] = 1.0
m[0,21] = 0.0
m[0,22] = 1.0
m[0,23] = 1.0000009800165863
m[0,24] = 1.0
m[0,25] = 1.0
m[0,26] = 1.0
m[0,27] = 1.0000009800165863
m[0,28] = 1.0
m[0,29] = 1.0
m[0,30] = 1.0
m[0,31] = 1.0
m[0,32] = 1.0
m[0,33] = 1.0
m[0,34] = 1.0
m[0,35] = 1.0
m[0,36] = 1.0
m[0,37] = 1.0
m[0,38] = 1.0000009800165863
m[0,39] = 1.0
m[0,40] = 1.0
m[0,41] = 1.0
m[0,42] = 1.0
m[0,43] = 1.0
m[0,44] = 1.0
m[0,45] = 1.0
m[0,46] = 1.0
m[0,47] = 1.0
m[0,48] = 1.0
m[0,49] = 1.0
m[0,50] = 1.0
m[0,51] = 1.0
m[0,52] = 1.0
m[0,53] = 1.0
m[0,54] = 1.0
m[0,55] = 1.0
m[0,56] = 1.0
m[0,57] = 1.0
m[0,58] = 1.0
m[0,59] = 0.0
m[0,60] = 0.0
m[0,61] = 0.0
m[0,62] = 1.0
m[0,63] = 1.0
m[0,64] = 1.0
m[0,65] = 0.0
m[0,66] = 1.0
m[0,67] = 1.0
m[0,68] = 0.0
m[0,69] = 0.0
m[0,70] = 0.0
m[0,71] = 1.0
m[0,72] = 1.0
m[0,73] = 9.899023010184749e-07
m[0,74] = 1.0
m[0,75] = 1.0
m[0,76] = 1.0
m[0,77] = 0.0
m[0,78] = 1.0
m[0,79] = 1.0
m[0,80] = 1.0
m[0,81] = 0.0
m[0,82] = 1.0
m[0,83] = 1.0
m[0,84] = 1.0
m[0,85] = 1.0
m[0,86] = 1.0
m[0,87] = 1.0
m[0,88] = 1.0
m[0,89] = 1.0
m[0,90] = 1.0
m[0,91] = 0.0
m[0,92] = 0.0
m[0,93] = 1.0
m[0,94] = 1.0
m[0,95] = 1.0
m[0,96] = 0.0
m[0,97] = 1.0
m[0,98] = 1.0
m[0,99] = 1.0
m[0,100] = 1.0
m[0,101] = 0.0
m[0,102] = 1.0
m[0,103] = 1.0
m[0,104] = 1.0
m[0,105] = 1.0
m[0,106] = 1.0
m[0,107] = 1.0
m[0,108] = 1.0
m[0,109] = 0.0
m[0,110] = 1.0
m[0,111] = 1.0
m[0,112] = 1.0
m[0,113] = 1.0
m[0,114] = 1.0
m[0,115] = 1.0
m[0,116] = 1.0
m[0,117] = 1.0
m[0,118] = 0.0
m[0,119] = 1.0
m[0,120] = 1.0
m[0,121] = 1.0
m[0,122] = 1.0
m[0,123] = 1.0
m[0,124] = 1.0
m[0,125] = 1.0
m[0,126] = 1.0
m[0,127] = 1.0
m[0,128] = 1.0
m[0,129] = 1.0
m[0,130] = 1.0
m[0,131] = 1.0
m[0,132] = 1.0
m[0,133] = 1.0
m[0,134] = 1.0
m[0,135] = 1.0
m[0,136] = 1.0
m[0,137] = 1.0
m[0,138] = 1.0
m[0,139] = 1.0
m[0,140] = 1.0
m[0,141] = 1.0
m[0,142] = 1.0
m[0,143] = 1.0
m[0,144] = 1.0
m[0,145] = 1.0
m[0,146] = 1.0
m[0,147] = 1.0
m[0,148] = 1.0
m[0,149] = 1.0
m[0,150] = 0.0
m[0,151] = 1.0
m[0,152] = 1.0
m[0,153] = 1.0
m[0,154] = 1.0
m[0,155] = 1.0
m[0,156] = 1.0
m[0,157] = 1.0
m[0,158] = 1.0
m[0,159] = 1.0
m[0,160] = 1.0
m[0,161] = 1.0
m[0,162] = 1.0
m[0,163] = 1.0
m[0,164] = 1.0
m[0,165] = 1.0
m[0,166] = 1.0
m[0,167] = 1.0
m[0,168] = 1.0
m[0,169] = 1.0
m[0,170] = 1.0
m[0,171] = 1.0
m[0,172] = 1.0
m[0,173] = 1.0
m[0,174] = 1.0
m[0,175] = 1.0
m[0,176] = 1.0
m[0,177] = 1.0
u[0] = 1.0
u[1] = 1.0
u[2] = 1.0
u[3] = 1.0
o_u[0,0] = -0.0
o_u[0,1] = -0.0
o_u[0,2] = 0.0
o_u[0,3] = 0.0
o_u[0,4] = 0.0
o_u[0,5] = 1.0
o_u[0,6] = 0.0
o_u[0,7] = 0.0
o_u[0,8] = 0.0
o_u[1,0] = 0.0
o_u[1,1] = 0.0
o_u[1,2] = 1.0
o_u[1,3] = 0.0
o_u[1,4] = 0.0
o_u[1,5] = 0.0
o_u[1,6] = 0.0
o_u[1,7] = 0.0
o_u[1,8] = 0.0
o_u[2,0] = 0.0
o_u[2,1] = 0.0
o_u[2,2] = 1.0
o_u[2,3] = 0.0
o_u[2,4] = 0.0
o_u[2,5] = 0.0
o_u[2,6] = 0.0
o_u[2,7] = 0.0
o_u[2,8] = 0.0
o_u[3,0] = 0.0
o_u[3,1] = 0.0
o_u[3,2] = 0.0
o_u[3,3] = 0.0
o_u[3,4] = 0.0
o_u[3,5] = 1.0
o_u[3,6] = 0.0
o_u[3,7] = 0.0
o_u[3,8] = 0.0
THE NEW CORRECTNESS IS: 0.8988764265727645, AND THE NEW EXPLAINABILITY IS: 12.0
************************************************************
New pareto points added, correctness = 0.8988764265727645 , explainability = 12.0
App ending 1......
End of find_pareto_solution_more_e 4 @@@@@@@@@@@@@
Inside find_pareto_solution_more_e
----------------------------------
THE CURRENT CORRECTNESS IS: 0.8988764265727645, AND THE CURRENT EXPLAINABILITY IS: 12.0
Gurobi Optimizer version 12.0.3 build v12.0.3rc0 (linux64 - "Ubuntu 22.04.5 LTS")

CPU model: AMD EPYC 7742 64-Core Processor, instruction set [SSE2|AVX|AVX2]
Thread count: 128 physical cores, 256 logical processors, using up to 32 threads

Optimize a model with 106713 rows, 25034 columns and 327232 nonzeros
Model fingerprint: 0x1e96411b
Variable types: 24890 continuous, 144 integer (0 binary)
Coefficient statistics:
  Matrix range     [1e+00, 3e+00]
  Objective range  [1e+00, 3e+00]
  Bounds range     [1e+00, 1e+00]
  RHS range        [1e+00, 1e+03]

MIP start from previous solve did not produce a new incumbent solution
MIP start from previous solve violates constraint R106717 by 1.000000000

Presolve removed 78219 rows and 17450 columns
Presolve time: 1.68s
Presolved: 28494 rows, 7584 columns, 121884 nonzeros
Variable types: 6766 continuous, 818 integer (818 binary)

Root relaxation: objective 1.725000e+02, 8260 iterations, 1.53 seconds (1.98 work units)

    Nodes    |    Current Node    |     Objective Bounds      |     Work
 Expl Unexpl |  Obj  Depth IntInf | Incumbent    BestBd   Gap | It/Node Time

     0     0  172.50000    0  190          -  172.50000      -     -    5s
     0     0 infeasible    0               - infeasible      -     -    6s

Cutting planes:
  Gomory: 15
  Implied bound: 15
  MIR: 9
  Flow cover: 1
  Zero half: 3
  RLT: 18
  BQP: 72

Explored 1 nodes (20890 simplex iterations) in 6.11 seconds (7.07 work units)
Thread count was 32 (of 256 available processors)

Solution count 0
No other solutions better than -1e+100

Model is infeasible
Best objective -, best bound -, gap -
[INFO] Model became infeasible under the new cuts.
End of find_pareto_solution_more_e 2 @@@@@@@@@@@
Inside find_pareto_solution_more_c
Gurobi Optimizer version 12.0.3 build v12.0.3rc0 (linux64 - "Ubuntu 22.04.5 LTS")

CPU model: AMD EPYC 7742 64-Core Processor, instruction set [SSE2|AVX|AVX2]
Thread count: 128 physical cores, 256 logical processors, using up to 32 threads

Optimize a model with 106713 rows, 25034 columns and 327232 nonzeros
Model fingerprint: 0x60a7729e
Variable types: 24890 continuous, 144 integer (0 binary)
Coefficient statistics:
  Matrix range     [1e+00, 3e+00]
  Objective range  [1e+00, 3e+00]
  Bounds range     [1e+00, 1e+00]
  RHS range        [1e+00, 1e+03]

MIP start from previous solve did not produce a new incumbent solution
MIP start from previous solve violates constraint R106711 by 1.000000000

Presolve removed 78269 rows and 17453 columns
Presolve time: 1.70s
Presolved: 28444 rows, 7581 columns, 124036 nonzeros
Variable types: 6766 continuous, 815 integer (815 binary)

Root simplex log...

Iteration    Objective       Primal Inf.    Dual Inf.      Time
   10515    1.8599978e+02   1.840622e+03   0.000000e+00      5s
   14278    1.8600000e+02   0.000000e+00   0.000000e+00      7s

Root relaxation: objective 1.860000e+02, 14278 iterations, 4.91 seconds (7.37 work units)
Total elapsed time = 15.99s (DegenMoves)

    Nodes    |    Current Node    |     Objective Bounds      |     Work
 Expl Unexpl |  Obj  Depth IntInf | Incumbent    BestBd   Gap | It/Node Time

     0     0  186.00000    0   33          -  186.00000      -     -   16s
     0     0  186.00000    0  415          -  186.00000      -     -   21s
     0     0  186.00000    0  412          -  186.00000      -     -   24s
     0     0  186.00000    0   33          -  186.00000      -     -   37s
     0     0  186.00000    0  522          -  186.00000      -     -   41s
     0     0  186.00000    0  522          -  186.00000      -     -   42s
     0     0  186.00000    0  119          -  186.00000      -     -   55s
     0     0  186.00000    0  205          -  186.00000      -     -   65s
     0     0  186.00000    0  202          -  186.00000      -     -   66s
     0     0  186.00000    0   83          -  186.00000      -     -   80s
     0     0  186.00000    0   83          -  186.00000      -     -   80s
     0     0  186.00000    0   37          -  186.00000      -     -   93s
     0     0  186.00000    0   37          -  186.00000      -     -  101s
     0     2  186.00000    0   37          -  186.00000      -     -  121s
     3     8  186.00000    2  498          -  186.00000      -  8860  133s
     7    16  186.00000    3  367          -  186.00000      -  5538  136s
    31    60  186.00000    5  326          -  186.00000      -  3056  141s
    93   258  186.00000    7  170          -  186.00000      -  2163  148s
   334   384  186.00000   12  198          -  186.00000      -  1535  155s
   635   486  186.00000   14  207          -  186.00000      -  1236  160s
  1450   693  186.00000   13  101          -  186.00000      -   931  169s
  1866   840  186.00000    8  430          -  186.00000      -   887  174s
  2428   925  186.00000   11  307          -  186.00000      -   860  178s
  3268  1043  186.00000   18  295          -  186.00000      -   775  185s
  4552  1200  184.20000   16  116          -  186.00000      -   748  194s
  5335  1294  182.37500   19  203          -  186.00000      -   725  201s
  6091  1422  186.00000   10  236          -  186.00000      -   714  207s
  6849  1526  186.00000   13  152          -  186.00000      -   700  212s
  7649  1632 infeasible   22               -  186.00000      -   690  218s
  8531  1733  186.00000   15   98          -  186.00000      -   678  223s
  9352  1734  184.50000   18  412          -  186.00000      -   670  253s
  9354  1735  185.60000   17   33          -  186.00000      -   670  269s
  9355  1736  186.00000   17  580          -  186.00000      -   669  274s
  9356  1737  185.00000   22  532          -  186.00000      -   669  275s
  9357  1737  184.60000   22   24          -  186.00000      -   669  294s
  9358  1738  185.00000   10   27          -  186.00000      -   669  303s
  9360  1739  185.25000   14   79          -  186.00000      -   669  315s
  9362  1741  186.00000   12  110          -  186.00000      -   669  328s
  9363  1741  186.00000   15  643          -  186.00000      -   669  332s
  9364  1742  184.50000   18   31          -  186.00000      -   669  349s
  9365  1743  185.02941   15  471          -  186.00000      -   669  352s
  9366  1743  185.66667   15   32          -  186.00000      -   669  373s
  9367  1744  186.00000   14  666          -  186.00000      -   669  377s
  9368  1745  183.00000   17   76          -  186.00000      -   669  401s
  9369  1745  186.00000   12   76          -  186.00000      -   668  417s
  9370  1746  184.33333   22   76          -  186.00000      -   668  429s
  9371  1750  186.00000   11  471          -  186.00000      -   718  459s
  9373  1753  186.00000   12  496          -  186.00000      -   719  462s
  9377  1760  186.00000   13  450          -  186.00000      -   720  465s
  9401  1800  186.00000   15  411          -  186.00000      -   723  473s
  9465  1919  186.00000   17  346          -  186.00000      -   729  479s
  9632  1900  186.00000   18  341          -  186.00000      -   743  486s
  9741  1911  186.00000   19  396          -  186.00000      -   756  494s
  9877  1889  186.00000   20  109          -  186.00000      -   766  501s
 10195  1816  186.00000   23  108          -  186.00000      -   780  507s
 10570  1737 infeasible   26               -  186.00000      -   788  519s
 10791  1696 infeasible   18               -  186.00000      -   795  526s
 11302  1540  186.00000   17  343          -  186.00000      -   801  535s
 11612  1531  185.50000   22  182          -  186.00000      -   810  541s
 12046  1405 infeasible   25               -  186.00000      -   818  547s
 12408  1323  184.00000   21  172          -  186.00000      -   831  551s
 12906  1138 infeasible   26               -  186.00000      -   837  558s
 13530   935 infeasible   30               -  186.00000      -   837  564s
 13974   793  185.66667   28  232          -  186.00000      -   842  569s
 14423   679  186.00000   21  187          -  186.00000      -   850  575s
 14880   672  186.00000   30  200          -  186.00000      -   856  581s
 15315   733  186.00000   27  253          -  186.00000      -   864  586s
 15764   807 infeasible   32               -  186.00000      -   870  591s
 16288   885  185.50000   32  145          -  186.00000      -   873  597s
 16914   978  186.00000   28  400          -  186.00000      -   876  601s
 17509  1026  186.00000   31  126          -  186.00000      -   879  605s
 18129  1094 infeasible   35               -  186.00000      -   881  610s
 19197  1216  186.00000   30  140          -  186.00000      -   894  619s
 19880  1275  185.00000   31  192          -  186.00000      -   899  635s
 20142  1323  185.00000   32  166          -  186.00000      -   900  640s
 20968  1358  186.00000   31  172          -  186.00000      -   901  645s
 21611  1435  185.00000   25  218          -  186.00000      -   908  650s
 22299  1490  186.00000   25  298          -  186.00000      -   910  655s
 23282  1562  184.75000   27  142          -  186.00000      -   907  660s
 24206  1629  186.00000   33  259          -  186.00000      -   905  667s
 24906  1657  185.60000   25  239          -  186.00000      -   910  676s
 25876  1756  186.00000   29  284          -  186.00000      -   911  683s
 26900  1749  185.75000   29  183          -  186.00000      -   911  689s
 27747  1791  186.00000   21  260          -  186.00000      -   912  697s
 28636  1875  184.33333   36  155          -  186.00000      -   914  703s
 29773  1964 infeasible   21               -  186.00000      -   913  713s
 31120  2009  186.00000   30  147          -  186.00000      -   912  720s
 31973  2017  184.00000   29  240          -  186.00000      -   914  726s
 32930  2057  186.00000   30  133          -  186.00000      -   914  733s
 34018  2043  182.43590   32  335          -  186.00000      -   914  744s
 35230  2063  186.00000   32  209          -  186.00000      -   914  750s
 36438  2058 infeasible   32               -  186.00000      -   913  760s
 37600  2049  186.00000   33  315          -  186.00000      -   912  766s
 39024  2060  183.00000   34  140          -  186.00000      -   908  772s
 40490  2022  183.87500   27  161          -  186.00000      -   904  779s
 42184  1867  186.00000   31  226          -  186.00000      -   899  786s
 43912  1663  186.00000   33  280          -  186.00000      -   891  792s
 46046  1557 infeasible   38               -  186.00000      -   880  811s
 46718  1064  184.80000   31  260          -  186.00000      -   876  818s
 49323   330  183.00000   34  182          -  185.00000      -   861  825s
 51593    16 infeasible   35               -  184.33333      -   846  831s

Cutting planes:
  Implied bound: 132
  Clique: 9
  MIR: 27
  Flow cover: 17
  Zero half: 1
  RLT: 650
  Relax-and-lift: 2
  BQP: 338

Explored 52648 nodes (44205715 simplex iterations) in 832.83 seconds (1269.20 work units)
Thread count was 32 (of 256 available processors)

Solution count 0
No other solutions better than -1e+100

Model is infeasible
Best objective -, best bound -, gap -
[INFO] Model became infeasible under the new cuts.
End of find_pareto_solution_more_c 1 |||||||||||||||||
[0.9775280898876404, 10.000000869182509]
Printing original list
[0.9775280898876404, 10.000000869182509]
[0.9719101123595506, 11.0]
[0.8988764265727645, 12.0]
Printing list after change
[0.9775280898876404, 10.000000869182509]
[0.9719101123595506, 11.0]
[0.8988764265727645, 12.0]
[0.9719101123595506, 11.0]
Printing original list
[0.9775280898876404, 10.000000869182509]
[0.9719101123595506, 11.0]
[0.8988764265727645, 12.0]
Printing list after change
[0.9775280898876404, 10.000000869182509]
[0.9719101123595506, 11.0]
[0.8988764265727645, 12.0]
[0.8988764265727645, 12.0]
Printing original list
[0.9775280898876404, 10.000000869182509]
[0.9719101123595506, 11.0]
[0.8988764265727645, 12.0]
Printing list after change
[0.9775280898876404, 10.000000869182509]
[0.9719101123595506, 11.0]
[0.8988764265727645, 12.0]
App ending 3....................... c = 0.9831460674157303 , e = 9.0

 Total time taken: 1763.3566765785217 seconds