I AM STARTING --------------------
[]
NOW I AM GOING TO SOLVE THE MODEL FOR FIRST SOLUTION
Gurobi Optimizer version 12.0.3 build v12.0.3rc0 (linux64 - "Ubuntu 22.04.5 LTS")

CPU model: AMD EPYC 7742 64-Core Processor, instruction set [SSE2|AVX|AVX2]
Thread count: 128 physical cores, 256 logical processors, using up to 32 threads

Optimize a model with 106711 rows, 25034 columns and 327014 nonzeros
Model fingerprint: 0xec03782e
Variable types: 24926 continuous, 108 integer (0 binary)
Coefficient statistics:
  Matrix range     [1e+00, 3e+00]
  Objective range  [1e+00, 3e+00]
  Bounds range     [1e+00, 1e+00]
  RHS range        [1e+00, 1e+03]
Presolve removed 84342 rows and 18963 columns
Presolve time: 1.25s
Presolved: 22369 rows, 6071 columns, 94900 nonzeros
Variable types: 5289 continuous, 782 integer (782 binary)
Found heuristic solution: objective 125.0000000
Found heuristic solution: objective 134.0000000

Root relaxation: objective 1.915000e+02, 6886 iterations, 1.11 seconds (1.33 work units)
Total elapsed time = 6.31s (DegenMoves)

    Nodes    |    Current Node    |     Objective Bounds      |     Work
 Expl Unexpl |  Obj  Depth IntInf | Incumbent    BestBd   Gap | It/Node Time

     0     0  191.50000    0  187  134.00000  191.50000  42.9%     -    8s
H    0     0                     150.0000000  191.50000  27.7%     -    8s
H    0     0                     159.0000000  190.00000  19.5%     -   11s
     0     0  190.00000    0  305  159.00000  190.00000  19.5%     -   11s
H    0     0                     172.0000000  190.00000  10.5%     -   13s
     0     0  190.00000    0  325  172.00000  190.00000  10.5%     -   13s
H    0     0                     174.0000000  190.00000  9.20%     -   13s
H    0     0                     178.0000000  190.00000  6.74%     -   13s
     0     0  190.00000    0  323  178.00000  190.00000  6.74%     -   14s
     0     0  190.00000    0   23  178.00000  190.00000  6.74%     -   19s
     0     0  190.00000    0   23  178.00000  190.00000  6.74%     -   24s
     0     2  190.00000    0   23  178.00000  190.00000  6.74%     -   34s
     1     4  190.00000    1   23  178.00000  190.00000  6.74%  7403   35s
     7    16  190.00000    3   98  178.00000  190.00000  6.74%  2453   41s
H   31    60                     179.0000000  190.00000  6.15%  1651   43s
    93   122  189.00000    7  225  179.00000  190.00000  6.15%  1350   45s
H  174   229                     181.0000000  190.00000  4.97%  1106   49s
   233   315  189.00000   10  122  181.00000  190.00000  4.97%   980   50s
H  490   412                     182.0000000  190.00000  4.40%   702   50s
  1515   778  187.77273   22  175  182.00000  190.00000  4.40%   493   55s
  2741  1121     cutoff   18       182.00000  189.50000  4.12%   453   60s
* 3662  1285              18     183.0000000  189.00000  3.28%   425   61s
  4519  1513  185.45714   13  184  183.00000  189.00000  3.28%   410   65s
* 6386  1885              18     184.0000000  189.00000  2.72%   401   69s
  6642  1883  188.41667   10   23  184.00000  189.00000  2.72%   400   75s
  6644  1884  186.00000   12  180  184.00000  189.00000  2.72%   400   81s
  6645  1885  188.00000   13   75  184.00000  189.00000  2.72%   400   89s
  6646  1886  185.00000   15  132  184.00000  189.00000  2.72%   400   91s
  6647  1886  188.00000   12   77  184.00000  189.00000  2.72%   400   95s
  6649  1888  188.38462   12  162  184.00000  189.00000  2.72%   400  105s
  6651  1889  186.12500   13  124  184.00000  189.00000  2.72%   400  116s
  6652  1890  188.00000   13   32  184.00000  189.00000  2.72%   400  120s
  6654  1894  189.00000   16  145  184.00000  189.00000  2.72%   417  130s
  6668  1917  189.00000   19  153  184.00000  189.00000  2.72%   419  135s
  6781  2043  189.00000   23  138  184.00000  189.00000  2.72%   432  141s
  7073  2107  188.91026   26  163  184.00000  189.00000  2.72%   445  145s
  7369  2112  188.40000   30  157  184.00000  189.00000  2.72%   458  150s
  7714  2132  188.90000   27  110  184.00000  189.00000  2.72%   466  155s
  7806  2145  188.00000   29  147  184.00000  189.00000  2.72%   469  161s
  7891  2148  187.66667   31  162  184.00000  189.00000  2.72%   471  168s
  7949  2160  187.53846   32  168  184.00000  189.00000  2.72%   471  170s
  8304  2141     cutoff   30       184.00000  189.00000  2.72%   476  175s
  9085  2115     cutoff   32       184.00000  189.00000  2.72%   477  180s
  9937  2057  184.50000   28   44  184.00000  189.00000  2.72%   480  186s
 10709  1985  187.50000   24  246  184.00000  189.00000  2.72%   482  190s
 12528  1824  188.87970   26  254  184.00000  189.00000  2.72%   478  195s
 14555  2344     cutoff   29       184.00000  189.00000  2.72%   477  200s
 16458  2740  188.50000   31  120  184.00000  189.00000  2.72%   487  206s
 18068  3176  187.93333   28  343  184.00000  189.00000  2.72%   495  210s
 19500  3439  185.37500   36  227  184.00000  189.00000  2.72%   506  217s
 19541  3471  184.40000   37  266  184.00000  188.92683  2.68%   506  222s
 19660  3573     cutoff   37       184.00000  188.92683  2.68%   506  225s
 20642  3905  184.83333   33   16  184.00000  188.92683  2.68%   510  230s
 22591  4475  187.66667   31  133  184.00000  188.75000  2.58%   518  236s
 24251  4823  184.75000   37  146  184.00000  188.66667  2.54%   523  242s
 24814  5064  187.88889   32  162  184.00000  188.60714  2.50%   525  245s
 26974  5360     cutoff   34       184.00000  188.50000  2.45%   525  251s
 29519  5691     cutoff   32       184.00000  188.36667  2.37%   522  258s
 31046  5833  187.50000   26  110  184.00000  188.33333  2.36%   521  260s
 32739  6073  187.00000   32  239  184.00000  188.00000  2.17%   520  265s
 35631  6311     cutoff   34       184.00000  188.00000  2.17%   519  270s
 38323  6528  187.75000   28  206  184.00000  188.00000  2.17%   518  276s
 40103  6754  184.50000   37  176  184.00000  188.00000  2.17%   518  282s
 41648  6951     cutoff   36       184.00000  188.00000  2.17%   518  285s
 44945  7284  187.00000   30  193  184.00000  188.00000  2.17%   516  291s
 46595  7460  187.46667   25  332  184.00000  188.00000  2.17%   516  295s
 50031  7763  185.66667   34  145  184.00000  188.00000  2.17%   517  304s
 51638  7875  187.00000   33  154  184.00000  188.00000  2.17%   519  308s
 53410  8035  185.00000   38  110  184.00000  187.87500  2.11%   521  312s
 55335  8241  187.50000   34  213  184.00000  187.80000  2.07%   521  316s
 57178  8416  187.00000   36  189  184.00000  187.75000  2.04%   523  320s
 59152  8417  186.50000   29   23  184.00000  187.73057  2.03%   525  414s
 59154  8418  185.83333   37  194  184.00000  187.73057  2.03%   525  420s
 59155  8419  187.00000   30  123  184.00000  187.73057  2.03%   525  431s
 59156  8420  185.88889   35  337  184.00000  187.73057  2.03%   525  435s
 59157  8420  187.30000   35  164  184.00000  187.73057  2.03%   525  455s
 59158  8421  184.50000   29  337  184.00000  187.73057  2.03%   525  466s
 59159  8422  187.00000   25   81  184.00000  187.73057  2.03%   525  489s
 59160  8422  186.61111   36  332  184.00000  187.73057  2.03%   525  500s
 59161  8423  185.50000   36  134  184.00000  187.73057  2.03%   525  523s
 59162  8424  187.00000   33  350  184.00000  187.73057  2.03%   525  532s
 59163  8424  187.00000   36  153  184.00000  187.73057  2.03%   525  555s
 59164  8425  187.00000   30  153  184.00000  187.73057  2.03%   525  569s
 59165  8426  187.66667   30  153  184.00000  187.73057  2.03%   525  576s
 59166  8429  187.73057   28  100  184.00000  187.73057  2.03%   528  597s
 59168  8433  187.73057   29  215  184.00000  187.73057  2.03%   528  601s
 59180  8453  187.73057   31  165  184.00000  187.73057  2.03%   529  607s
 59196  8478  187.73057   32   78  184.00000  187.73057  2.03%   529  610s
 59228  8497  187.73057   33   79  184.00000  187.73057  2.03%   530  618s
 59260  8579  187.73057   34  175  184.00000  187.73057  2.03%   530  621s
 59411  8591  187.73057   36  236  184.00000  187.73057  2.03%   531  628s
 59461  8614  187.73057   36  313  184.00000  187.73057  2.03%   532  630s
 59767  8618  187.73057   38  260  184.00000  187.73057  2.03%   532  636s
 59949  8640  187.73057   39  181  184.00000  187.73057  2.03%   533  640s
 60219  8650  187.73057   42  160  184.00000  187.73057  2.03%   534  645s
 60334  8670     cutoff   43       184.00000  187.73057  2.03%   535  650s
 60696  8680  187.73057   39  130  184.00000  187.73057  2.03%   535  655s
 61272  8709  187.50000   42  125  184.00000  187.73057  2.03%   537  660s
 62260  8650  185.50000   50   33  184.00000  187.73057  2.03%   538  666s
 62891  8593  185.00000   50  101  184.00000  187.73057  2.03%   538  670s
 64076  8453  187.73057   35  110  184.00000  187.73057  2.03%   538  675s
 64904  8388     cutoff   39       184.00000  187.73057  2.03%   538  681s
 65792  8340     cutoff   46       184.00000  187.73057  2.03%   538  685s
 67171  8279  187.73057   47  103  184.00000  187.73057  2.03%   539  690s
 68863  8135     cutoff   48       184.00000  187.73057  2.03%   540  696s
 69939  8051  186.33333   40  158  184.00000  187.73057  2.03%   542  701s
 71221  7888  187.00000   45  175  184.00000  187.73057  2.03%   543  705s
 73463  7560     cutoff   50       184.00000  187.73057  2.03%   544  710s
 76208  6931  187.73057   47  352  184.00000  187.73057  2.03%   544  716s
 78261  6323     cutoff   47       184.00000  187.73057  2.03%   544  721s
 80442  5751  187.00000   38  240  184.00000  187.73057  2.03%   544  725s
 82573  5289  187.50000   47  147  184.00000  187.73057  2.03%   545  730s
 84515  4911  185.47826   49  304  184.00000  187.73057  2.03%   547  735s
 86739  5173  185.50000   46  148  184.00000  187.73057  2.03%   549  741s
 89204  5493  185.82500   47  340  184.00000  187.73057  2.03%   550  749s
 90658  5656  184.91525   52  152  184.00000  187.73057  2.03%   552  753s
 91965  5867  187.40476   47  324  184.00000  187.73057  2.03%   553  757s
 93355  5989  187.42391   48  357  184.00000  187.73057  2.03%   555  761s
 94833  6155  184.60000   49  287  184.00000  187.73057  2.03%   556  765s
 97690  6393  185.75000   44  171  184.00000  187.73057  2.03%   559  773s
 99314  6479  185.75000   48  252  184.00000  187.66667  1.99%   560  777s
 100933  6487  186.00000   45  200  184.00000  187.66667  1.99%   562  782s
 102583  6421     cutoff   51       184.00000  187.55556  1.93%   564  787s
 104378  6467     cutoff   45       184.00000  187.50000  1.90%   566  793s
 106137  6462     cutoff   51       184.00000  187.50000  1.90%   569  799s
 108012  6434  184.82692   43  182  184.00000  187.50000  1.90%   570  805s
 109997  6312  185.80000   47  297  184.00000  187.40000  1.85%   573  811s
 112158  6143  184.83333   51  241  184.00000  187.33333  1.81%   574  817s
 114855  6079  185.00000   54   35  184.00000  187.20000  1.74%   574  823s
 117465  5975 infeasible   51       184.00000  187.00000  1.63%   575  830s
 119857  5982     cutoff   47       184.00000  187.00000  1.63%   576  836s
 122157  6022     cutoff   49       184.00000  187.00000  1.63%   578  843s
 124310  6028  185.00000   39   50  184.00000  187.00000  1.63%   581  850s
 126542  6067  184.92271   50  176  184.00000  187.00000  1.63%   584  859s
 129311  6051     cutoff   45       184.00000  187.00000  1.63%   586  867s
 132107  6037  184.88889   47  291  184.00000  186.83333  1.54%   589  876s
 134921  5879  186.00000   55  233  184.00000  186.75000  1.49%   592  885s
 138004  5497     cutoff   56       184.00000  186.64894  1.44%   595  895s
 141063  5392  186.33333   55  230  184.00000  186.50000  1.36%   599  905s
 142248  5043     cutoff   53       184.00000  186.50000  1.36%   601  917s
 145002  4361  186.00000   50   96  184.00000  186.50000  1.36%   606  928s
 148803  3706     cutoff   43       184.00000  186.30000  1.25%   609  939s
 152784  3290     cutoff   53       184.00000  186.00000  1.09%   611  949s
 155803  2669  185.25000   42  322  184.00000  186.00000  1.09%   614  960s
 159561  1702  184.60000   47  233  184.00000  185.84545  1.00%   615  970s
 163390   291     cutoff   58       184.00000  185.71429  0.93%   617  980s

Cutting planes:
  Gomory: 10
  Cover: 19
  Implied bound: 199
  Clique: 14
  MIR: 471
  Flow cover: 300
  Inf proof: 13
  Zero half: 25
  RLT: 1646
  Relax-and-lift: 15
  BQP: 1137

Explored 167087 nodes (102935041 simplex iterations) in 983.32 seconds (1468.91 work units)
Thread count was 32 (of 256 available processors)

Solution count 10: 184 184 183 ... 159

Optimal solution found (tolerance 1.00e-04)
Best objective 1.840000000000e+02, best bound 1.840000000000e+02, gap 0.0000%
Objective value: 184.0
lam[0,0] = 0.0
lam[0,1] = 0.0
lam[0,2] = 1.0
lam[0,3] = 0.0
lam[0,4] = 0.0
lam[0,5] = 0.0
lam[0,6] = 0.0
lam[0,7] = 0.0
lam[0,8] = 0.0
lam[1,0] = 0.0
lam[1,1] = 0.0
lam[1,2] = 0.0
lam[1,3] = 1.0
lam[1,4] = 0.0
lam[1,5] = 0.0
lam[1,6] = 0.0
lam[1,7] = 0.0
lam[1,8] = 0.0
lam[2,0] = 0.0
lam[2,1] = 0.0
lam[2,2] = 0.0
lam[2,3] = 0.0
lam[2,4] = 0.0
lam[2,5] = 1.0
lam[2,6] = 0.0
lam[2,7] = 0.0
lam[2,8] = 0.0
lam[3,0] = 1.0
lam[3,1] = 0.0
lam[3,2] = 0.0
lam[3,3] = 0.0
lam[3,4] = 0.0
lam[3,5] = 0.0
lam[3,6] = 0.0
lam[3,7] = 0.0
lam[3,8] = 0.0
tau[1,0,2] = 0.0
tau[1,0,3] = 0.0
tau[1,0,L0] = 0.0
tau[1,0,L1] = 1.0
tau[1,0,L2] = 0.0
tau[1,1,2] = 0.0
tau[1,1,3] = 0.0
tau[1,1,L0] = 0.0
tau[1,1,L1] = 1.0
tau[1,1,L2] = 0.0
tau[1,2,2] = 0.0
tau[1,2,3] = 0.0
tau[1,2,L0] = 0.0
tau[1,2,L1] = 0.0
tau[1,2,L2] = 1.0
tau[1,3,2] = 0.0
tau[1,3,3] = 0.0
tau[1,3,L0] = 0.0
tau[1,3,L1] = 0.0
tau[1,3,L2] = 1.0
tau[1,4,2] = 0.0
tau[1,4,3] = 0.0
tau[1,4,L0] = 0.0
tau[1,4,L1] = 0.0
tau[1,4,L2] = 1.0
tau[1,5,2] = 0.0
tau[1,5,3] = 0.0
tau[1,5,L0] = 0.0
tau[1,5,L1] = 0.0
tau[1,5,L2] = 0.0
tau[2,0,3] = 0.0
tau[2,0,L0] = 0.0
tau[2,0,L1] = 1.0
tau[2,0,L2] = 0.0
tau[2,1,3] = 0.0
tau[2,1,L0] = 0.0
tau[2,1,L1] = 1.0
tau[2,1,L2] = 0.0
tau[2,2,3] = 1.0
tau[2,2,L0] = 0.0
tau[2,2,L1] = 0.0
tau[2,2,L2] = 0.0
tau[2,3,3] = 0.0
tau[2,3,L0] = 1.0
tau[2,3,L1] = 0.0
tau[2,3,L2] = 0.0
tau[2,4,3] = 0.0
tau[2,4,L0] = 0.0
tau[2,4,L1] = 0.0
tau[2,4,L2] = 0.0
tau[2,5,3] = 0.0
tau[2,5,L0] = 0.0
tau[2,5,L1] = 0.0
tau[2,5,L2] = 0.0
tau[3,0,L0] = 0.0
tau[3,0,L1] = 1.0
tau[3,0,L2] = 0.0
tau[3,1,L0] = 1.0
tau[3,1,L1] = 0.0
tau[3,1,L2] = 0.0
tau[3,2,L0] = 1.0
tau[3,2,L1] = 0.0
tau[3,2,L2] = 0.0
tau[3,3,L0] = 1.0
tau[3,3,L1] = 0.0
tau[3,3,L2] = 0.0
tau[3,4,L0] = 0.0
tau[3,4,L1] = 0.0
tau[3,4,L2] = 0.0
tau[3,5,L0] = 0.0
tau[3,5,L1] = 0.0
tau[3,5,L2] = 0.0
tau[0,0,1] = 1.0
tau[0,0,2] = 0.0
tau[0,0,3] = 0.0
tau[0,0,L0] = 0.0
tau[0,0,L1] = 0.0
tau[0,0,L2] = 0.0
tau[0,1,1] = 0.0
tau[0,1,2] = 0.0
tau[0,1,3] = 0.0
tau[0,1,L0] = 0.0
tau[0,1,L1] = 1.0
tau[0,1,L2] = 0.0
tau[0,2,1] = 0.0
tau[0,2,2] = 0.0
tau[0,2,3] = 0.0
tau[0,2,L0] = 0.0
tau[0,2,L1] = 1.0
tau[0,2,L2] = 0.0
tau[0,3,1] = 0.0
tau[0,3,2] = 1.0
tau[0,3,3] = 0.0
tau[0,3,L0] = 0.0
tau[0,3,L1] = 0.0
tau[0,3,L2] = 0.0
tau[0,4,1] = 0.0
tau[0,4,2] = 1.0
tau[0,4,3] = 0.0
tau[0,4,L0] = 0.0
tau[0,4,L1] = 0.0
tau[0,4,L2] = 0.0
tau[0,5,1] = 0.0
tau[0,5,2] = 1.0
tau[0,5,3] = 0.0
tau[0,5,L0] = 0.0
tau[0,5,L1] = 0.0
tau[0,5,L2] = 0.0
m[0,0] = 1.0
m[0,1] = 1.0
m[0,2] = 1.0
m[0,3] = 1.0
m[0,4] = 1.0
m[0,5] = 1.0
m[0,6] = 1.0
m[0,7] = 1.0
m[0,8] = 1.0
m[0,9] = 1.0
m[0,10] = 1.0
m[0,11] = 1.0
m[0,12] = 1.0
m[0,13] = 1.0
m[0,14] = 1.0
m[0,15] = 1.0
m[0,16] = 1.0
m[0,17] = 1.0
m[0,18] = 1.0
m[0,19] = 1.0
m[0,20] = 1.0
m[0,21] = 1.0
m[0,22] = 1.0
m[0,23] = 1.0
m[0,24] = 1.0
m[0,25] = 1.0
m[0,26] = 1.0
m[0,27] = 1.0
m[0,28] = 1.0
m[0,29] = 1.0
m[0,30] = 1.0
m[0,31] = 1.0
m[0,32] = 1.0
m[0,33] = 1.0
m[0,34] = 1.0
m[0,35] = 1.0
m[0,36] = 1.0
m[0,37] = 1.0
m[0,38] = 1.0
m[0,39] = 1.0
m[0,40] = 1.0
m[0,41] = 1.0
m[0,42] = 1.0
m[0,43] = 1.0
m[0,44] = 1.0
m[0,45] = 1.0
m[0,46] = 1.0
m[0,47] = 1.0
m[0,48] = 1.0
m[0,49] = 1.0
m[0,50] = 1.0
m[0,51] = 1.0
m[0,52] = 1.0
m[0,53] = 1.0
m[0,54] = 1.0
m[0,55] = 1.0
m[0,56] = 1.0
m[0,57] = 1.0
m[0,58] = 1.0
m[0,59] = 1.0
m[0,60] = 1.0
m[0,61] = 0.0
m[0,62] = 1.0
m[0,63] = 1.0
m[0,64] = 1.0
m[0,65] = 1.0
m[0,66] = 1.0
m[0,67] = 1.0
m[0,68] = 1.0
m[0,69] = 1.0
m[0,70] = 1.0
m[0,71] = 1.0
m[0,72] = 1.0
m[0,73] = 0.0
m[0,74] = 1.0
m[0,75] = 1.0
m[0,76] = 1.0
m[0,77] = 1.0
m[0,78] = 1.0
m[0,79] = 1.0
m[0,80] = 1.0
m[0,81] = 1.0
m[0,82] = 1.0
m[0,83] = 1.0
m[0,84] = 1.0
m[0,85] = 1.0
m[0,86] = 1.0
m[0,87] = 1.0
m[0,88] = 1.0
m[0,89] = 1.0
m[0,90] = 1.0
m[0,91] = 1.0
m[0,92] = 1.0
m[0,93] = 1.0
m[0,94] = 1.0
m[0,95] = 1.0
m[0,96] = 1.0
m[0,97] = 1.0
m[0,98] = 1.0
m[0,99] = 1.0
m[0,100] = 1.0
m[0,101] = 1.0
m[0,102] = 1.0
m[0,103] = 1.0
m[0,104] = 1.0
m[0,105] = 1.0
m[0,106] = 1.0
m[0,107] = 1.0
m[0,108] = 1.0
m[0,109] = 1.0
m[0,110] = 1.0
m[0,111] = 1.0
m[0,112] = 1.0
m[0,113] = 1.0
m[0,114] = 1.0
m[0,115] = 1.0
m[0,116] = 1.0
m[0,117] = 1.0
m[0,118] = 1.0
m[0,119] = 1.0
m[0,120] = 1.0
m[0,121] = 1.0
m[0,122] = 1.0
m[0,123] = 1.0
m[0,124] = 1.0
m[0,125] = 1.0
m[0,126] = 1.0
m[0,127] = 1.0
m[0,128] = 1.0
m[0,129] = 1.0
m[0,130] = 1.0
m[0,131] = 1.0
m[0,132] = 1.0
m[0,133] = 1.0
m[0,134] = 1.0
m[0,135] = 1.0
m[0,136] = 0.0
m[0,137] = 1.0
m[0,138] = 1.0
m[0,139] = 1.0
m[0,140] = 1.0
m[0,141] = 1.0
m[0,142] = 1.0
m[0,143] = 1.0
m[0,144] = 1.0
m[0,145] = 1.0
m[0,146] = 1.0
m[0,147] = 1.0
m[0,148] = 1.0
m[0,149] = 1.0
m[0,150] = 0.0
m[0,151] = 1.0
m[0,152] = 1.0
m[0,153] = 1.0
m[0,154] = 1.0
m[0,155] = 1.0
m[0,156] = 1.0
m[0,157] = 1.0
m[0,158] = 1.0
m[0,159] = 1.0
m[0,160] = 1.0
m[0,161] = 1.0
m[0,162] = 1.0
m[0,163] = 1.0
m[0,164] = 1.0
m[0,165] = 1.0
m[0,166] = 1.0
m[0,167] = 1.0
m[0,168] = 1.0
m[0,169] = 1.0
m[0,170] = 1.0
m[0,171] = 1.0
m[0,172] = 1.0
m[0,173] = 1.0
m[0,174] = 1.0
m[0,175] = 1.0
m[0,176] = 1.0
m[0,177] = 1.0
u[0] = 1.0
u[1] = 1.0
u[2] = 1.0
u[3] = 1.0
o_u[0,0] = 0.0
o_u[0,1] = 0.0
o_u[0,2] = 1.0
o_u[0,3] = 0.0
o_u[0,4] = 0.0
o_u[0,5] = 0.0
o_u[0,6] = 0.0
o_u[0,7] = 0.0
o_u[0,8] = 0.0
o_u[1,0] = 0.0
o_u[1,1] = 0.0
o_u[1,2] = 0.0
o_u[1,3] = 1.0
o_u[1,4] = 0.0
o_u[1,5] = 0.0
o_u[1,6] = 0.0
o_u[1,7] = 0.0
o_u[1,8] = 0.0
o_u[2,0] = 0.0
o_u[2,1] = 0.0
o_u[2,2] = 0.0
o_u[2,3] = 0.0
o_u[2,4] = 0.0
o_u[2,5] = 1.0
o_u[2,6] = 0.0
o_u[2,7] = 0.0
o_u[2,8] = 0.0
o_u[3,0] = 1.0
o_u[3,1] = 0.0
o_u[3,2] = 0.0
o_u[3,3] = 0.0
o_u[3,4] = 0.0
o_u[3,5] = 0.0
o_u[3,6] = 0.0
o_u[3,7] = 0.0
o_u[3,8] = 0.0
------------------------------------------------------------------------
------------------------------------------------------------------------
Saved hierarchical tree visualization to milp_tree_levels.png
[]
Gurobi Optimizer version 12.0.3 build v12.0.3rc0 (linux64 - "Ubuntu 22.04.5 LTS")

CPU model: AMD EPYC 7742 64-Core Processor, instruction set [SSE2|AVX|AVX2]
Thread count: 128 physical cores, 256 logical processors, using up to 32 threads

Optimize a model with 106711 rows, 25034 columns and 327014 nonzeros
Model fingerprint: 0xec03782e
Variable types: 24926 continuous, 108 integer (0 binary)
Coefficient statistics:
  Matrix range     [1e+00, 3e+00]
  Objective range  [1e+00, 3e+00]
  Bounds range     [1e+00, 1e+00]
  RHS range        [1e+00, 1e+03]
Presolve removed 84342 rows and 18963 columns
Presolve time: 1.64s
Presolved: 22369 rows, 6071 columns, 94900 nonzeros
Variable types: 5289 continuous, 782 integer (782 binary)
Found heuristic solution: objective 125.0000000
Found heuristic solution: objective 134.0000000

Root relaxation: objective 1.915000e+02, 6886 iterations, 1.99 seconds (1.33 work units)
Total elapsed time = 5.75s (DegenMoves)

    Nodes    |    Current Node    |     Objective Bounds      |     Work
 Expl Unexpl |  Obj  Depth IntInf | Incumbent    BestBd   Gap | It/Node Time

     0     0  191.50000    0  187  134.00000  191.50000  42.9%     -   10s
H    0     0                     150.0000000  191.50000  27.7%     -   10s
H    0     0                     159.0000000  190.00000  19.5%     -   12s
     0     0  190.00000    0  305  159.00000  190.00000  19.5%     -   12s
H    0     0                     172.0000000  190.00000  10.5%     -   14s
     0     0  190.00000    0  325  172.00000  190.00000  10.5%     -   14s
H    0     0                     174.0000000  190.00000  9.20%     -   14s
H    0     0                     178.0000000  190.00000  6.74%     -   14s
     0     0  190.00000    0  323  178.00000  190.00000  6.74%     -   14s
     0     0  190.00000    0   23  178.00000  190.00000  6.74%     -   19s
     0     0  190.00000    0   23  178.00000  190.00000  6.74%     -   25s
     0     2  190.00000    0   23  178.00000  190.00000  6.74%     -   32s
     3     8  190.00000    2  213  178.00000  190.00000  6.74%  3209   40s
H   31    60                     179.0000000  190.00000  6.15%  1651   43s
    93   122  189.00000    7  225  179.00000  190.00000  6.15%  1350   45s
H  174   229                     181.0000000  190.00000  4.97%  1106   48s
   481   412  188.87500   11   90  181.00000  190.00000  4.97%   712   50s
H  490   412                     182.0000000  190.00000  4.40%   702   50s
  1603   821  187.71429   23  129  182.00000  190.00000  4.40%   489   55s
  3447  1285  187.45833   15  200  182.00000  189.00000  3.85%   431   60s
* 3662  1285              18     183.0000000  189.00000  3.28%   425   60s
  5981  1848  188.95652    8  160  183.00000  189.00000  3.28%   403   65s
* 6386  1885              18     184.0000000  189.00000  2.72%   401   65s
  6642  1883  188.41667   10   23  184.00000  189.00000  2.72%   400   71s
  6644  1884  186.00000   12  180  184.00000  189.00000  2.72%   400   77s
  6645  1885  188.00000   13   75  184.00000  189.00000  2.72%   400   85s
  6647  1886  188.00000   12   77  184.00000  189.00000  2.72%   400   91s
  6649  1888  188.38462   12  162  184.00000  189.00000  2.72%   400  101s
  6651  1889  186.12500   13  124  184.00000  189.00000  2.72%   400  112s
  6652  1890  188.00000   13   32  184.00000  189.00000  2.72%   400  116s
  6654  1894  189.00000   16  145  184.00000  189.00000  2.72%   417  124s
  6656  1897  189.00000   17   89  184.00000  189.00000  2.72%   417  126s
  6668  1917  189.00000   19  153  184.00000  189.00000  2.72%   419  130s
  6781  2043  189.00000   23  138  184.00000  189.00000  2.72%   432  135s
  7147  2125  188.84906   27  270  184.00000  189.00000  2.72%   450  140s
  7594  2130     cutoff   34       184.00000  189.00000  2.72%   463  145s
  7763  2133  188.75000   28  132  184.00000  189.00000  2.72%   466  151s
  7848  2149  188.00000   30  112  184.00000  189.00000  2.72%   469  156s
  7891  2148  187.66667   31  162  184.00000  189.00000  2.72%   471  160s
  8183  2153  186.00000   26  132  184.00000  189.00000  2.72%   475  165s
  8762  2124  188.50000   30  121  184.00000  189.00000  2.72%   476  170s
  9704  2067  185.00000   34   67  184.00000  189.00000  2.72%   480  175s
 10709  1985  187.50000   24  246  184.00000  189.00000  2.72%   482  180s
 12528  1824  188.87970   26  254  184.00000  189.00000  2.72%   478  185s
 14555  2344     cutoff   29       184.00000  189.00000  2.72%   477  190s
 16458  2740  188.50000   31  120  184.00000  189.00000  2.72%   487  196s
 18068  3176  187.93333   28  343  184.00000  189.00000  2.72%   495  200s
 19500  3439  185.37500   36  227  184.00000  189.00000  2.72%   506  207s
 19541  3471  184.40000   37  266  184.00000  188.92683  2.68%   506  212s
 19660  3573     cutoff   37       184.00000  188.92683  2.68%   506  215s
 20642  3905  184.83333   33   16  184.00000  188.92683  2.68%   510  221s
 21926  4268  187.00000   29  206  184.00000  188.75000  2.58%   516  225s
 24251  4823  184.75000   37  146  184.00000  188.66667  2.54%   523  232s
 25784  5257  187.78642   28  222  184.00000  188.58209  2.49%   526  236s
 28359  5491  187.60000   31  235  184.00000  188.50000  2.45%   522  241s
 29519  5691     cutoff   32       184.00000  188.36667  2.37%   522  245s
 32739  6073  187.00000   32  239  184.00000  188.00000  2.17%   520  252s
 34219  6191  185.90000   33  208  184.00000  188.00000  2.17%   520  255s
 37003  6465     cutoff   35       184.00000  188.00000  2.17%   519  260s
 38847  6643     cutoff   37       184.00000  188.00000  2.17%   519  266s
 41648  6951     cutoff   36       184.00000  188.00000  2.17%   518  272s
 43259  7076  186.66667   31   85  184.00000  188.00000  2.17%   517  275s
 46595  7460  187.46667   25  332  184.00000  188.00000  2.17%   516  282s
 48360  7596  184.70270   42  230  184.00000  188.00000  2.17%   516  285s
 51638  7875  187.00000   33  154  184.00000  188.00000  2.17%   519  293s
 53410  8035  185.00000   38  110  184.00000  187.87500  2.11%   521  297s
 55335  8241  187.50000   34  213  184.00000  187.80000  2.07%   521  301s
 57178  8416  187.00000   36  189  184.00000  187.75000  2.04%   523  305s
 59152  8417  186.50000   29   23  184.00000  187.73057  2.03%   525  402s
 59154  8418  185.83333   37  194  184.00000  187.73057  2.03%   525  408s
 59155  8419  187.00000   30  123  184.00000  187.73057  2.03%   525  420s
 59157  8420  187.30000   35  164  184.00000  187.73057  2.03%   525  442s
 59158  8421  184.50000   29  337  184.00000  187.73057  2.03%   525  452s
 59159  8422  187.00000   25   81  184.00000  187.73057  2.03%   525  474s
 59160  8422  186.61111   36  332  184.00000  187.73057  2.03%   525  484s
 59161  8423  185.50000   36  134  184.00000  187.73057  2.03%   525  507s
 59162  8424  187.00000   33  350  184.00000  187.73057  2.03%   525  516s
 59163  8424  187.00000   36  153  184.00000  187.73057  2.03%   525  539s
 59164  8425  187.00000   30  153  184.00000  187.73057  2.03%   525  553s
 59165  8426  187.66667   30  153  184.00000  187.73057  2.03%   525  559s
 59166  8429  187.73057   28  100  184.00000  187.73057  2.03%   528  581s
 59168  8433  187.73057   29  215  184.00000  187.73057  2.03%   528  585s
 59180  8453  187.73057   31  165  184.00000  187.73057  2.03%   529  591s
 59228  8497  187.73057   33   79  184.00000  187.73057  2.03%   530  601s
 59260  8579  187.73057   34  175  184.00000  187.73057  2.03%   530  605s
 59411  8591  187.73057   36  236  184.00000  187.73057  2.03%   531  610s
 59541  8631  187.73057   37  121  184.00000  187.73057  2.03%   532  615s
 59865  8621  187.73057   38  175  184.00000  187.73057  2.03%   533  620s
 60219  8650  187.73057   42  160  184.00000  187.73057  2.03%   534  626s
 60334  8670     cutoff   43       184.00000  187.73057  2.03%   535  630s
 60696  8680  187.73057   39  130  184.00000  187.73057  2.03%   535  635s
 61272  8709  187.50000   42  125  184.00000  187.73057  2.03%   537  640s
 61966  8670  184.50000   46   93  184.00000  187.73057  2.03%   538  645s
 62891  8593  185.00000   50  101  184.00000  187.73057  2.03%   538  650s
 64076  8453  187.73057   35  110  184.00000  187.73057  2.03%   538  655s
 64904  8388     cutoff   39       184.00000  187.73057  2.03%   538  661s
 65792  8340     cutoff   46       184.00000  187.73057  2.03%   538  665s
 67171  8279  187.73057   47  103  184.00000  187.73057  2.03%   539  671s
 68297  8165     cutoff   45       184.00000  187.73057  2.03%   540  675s
 69939  8051  186.33333   40  158  184.00000  187.73057  2.03%   542  682s
 71221  7888  187.00000   45  175  184.00000  187.73057  2.03%   543  685s
 73463  7560     cutoff   50       184.00000  187.73057  2.03%   544  691s
 75305  7132  187.73057   43  179  184.00000  187.73057  2.03%   544  695s
 78261  6323     cutoff   47       184.00000  187.73057  2.03%   544  701s
 80442  5751  187.00000   38  240  184.00000  187.73057  2.03%   544  706s
 82573  5289  187.50000   47  147  184.00000  187.73057  2.03%   545  711s
 84515  4911  185.47826   49  304  184.00000  187.73057  2.03%   547  717s
 85563  5033  185.83333   47  261  184.00000  187.73057  2.03%   548  720s
 87918  5323  186.25000   46  260  184.00000  187.73057  2.03%   550  726s
 89204  5493  185.82500   47  340  184.00000  187.73057  2.03%   550  730s
 91965  5867  187.40476   47  324  184.00000  187.73057  2.03%   553  738s
 93355  5989  187.42391   48  357  184.00000  187.73057  2.03%   555  741s
 94833  6155  184.60000   49  287  184.00000  187.73057  2.03%   556  745s
 97690  6393  185.75000   44  171  184.00000  187.73057  2.03%   559  754s
 99314  6479  185.75000   48  252  184.00000  187.66667  1.99%   560  758s
 100933  6487  186.00000   45  200  184.00000  187.66667  1.99%   562  762s
 102583  6421     cutoff   51       184.00000  187.55556  1.93%   564  767s
 104378  6467     cutoff   45       184.00000  187.50000  1.90%   566  772s
 106137  6462     cutoff   51       184.00000  187.50000  1.90%   569  777s
 108012  6434  184.82692   43  182  184.00000  187.50000  1.90%   570  782s
 109997  6312  185.80000   47  297  184.00000  187.40000  1.85%   573  787s
 112158  6143  184.83333   51  241  184.00000  187.33333  1.81%   574  793s
 114855  6079  185.00000   54   35  184.00000  187.20000  1.74%   574  799s
 117465  5975 infeasible   51       184.00000  187.00000  1.63%   575  804s
 119857  5982     cutoff   47       184.00000  187.00000  1.63%   576  810s
 122157  6022     cutoff   49       184.00000  187.00000  1.63%   578  817s
 124310  6028  185.00000   39   50  184.00000  187.00000  1.63%   581  824s
 126542  6067  184.92271   50  176  184.00000  187.00000  1.63%   584  833s
 129311  6051     cutoff   45       184.00000  187.00000  1.63%   586  841s
 132107  6037  184.88889   47  291  184.00000  186.83333  1.54%   589  851s
 134921  5879  186.00000   55  233  184.00000  186.75000  1.49%   592  860s
 138004  5497     cutoff   56       184.00000  186.64894  1.44%   595  870s
 141063  5392  186.33333   55  230  184.00000  186.50000  1.36%   599  881s
 142248  5043     cutoff   53       184.00000  186.50000  1.36%   601  892s
 145002  4361  186.00000   50   96  184.00000  186.50000  1.36%   606  903s
 148803  3706     cutoff   43       184.00000  186.30000  1.25%   609  915s
 152784  3290     cutoff   53       184.00000  186.00000  1.09%   611  925s
 155803  2669  185.25000   42  322  184.00000  186.00000  1.09%   614  936s
 159561  1702  184.60000   47  233  184.00000  185.84545  1.00%   615  946s
 163390   291     cutoff   58       184.00000  185.71429  0.93%   617  957s
 166625     0  184.66667   56  246  184.00000  185.00000  0.54%   616  960s

Cutting planes:
  Gomory: 10
  Cover: 19
  Implied bound: 199
  Clique: 14
  MIR: 471
  Flow cover: 300
  Inf proof: 13
  Zero half: 25
  RLT: 1646
  Relax-and-lift: 15
  BQP: 1137

Explored 167087 nodes (102935041 simplex iterations) in 960.74 seconds (1468.91 work units)
Thread count was 32 (of 256 available processors)

Solution count 10: 184 184 183 ... 159

Optimal solution found (tolerance 1.00e-04)
Best objective 1.840000000000e+02, best bound 1.840000000000e+02, gap 0.0000%
Objective value: 184.0
lam[0,0] = 0.0
lam[0,1] = 0.0
lam[0,2] = 1.0
lam[0,3] = 0.0
lam[0,4] = 0.0
lam[0,5] = 0.0
lam[0,6] = 0.0
lam[0,7] = 0.0
lam[0,8] = 0.0
lam[1,0] = 0.0
lam[1,1] = 0.0
lam[1,2] = 0.0
lam[1,3] = 1.0
lam[1,4] = 0.0
lam[1,5] = 0.0
lam[1,6] = 0.0
lam[1,7] = 0.0
lam[1,8] = 0.0
lam[2,0] = 0.0
lam[2,1] = 0.0
lam[2,2] = 0.0
lam[2,3] = 0.0
lam[2,4] = 0.0
lam[2,5] = 1.0
lam[2,6] = 0.0
lam[2,7] = 0.0
lam[2,8] = 0.0
lam[3,0] = 1.0
lam[3,1] = 0.0
lam[3,2] = 0.0
lam[3,3] = 0.0
lam[3,4] = 0.0
lam[3,5] = 0.0
lam[3,6] = 0.0
lam[3,7] = 0.0
lam[3,8] = 0.0
tau[1,0,2] = 0.0
tau[1,0,3] = 0.0
tau[1,0,L0] = 0.0
tau[1,0,L1] = 1.0
tau[1,0,L2] = 0.0
tau[1,1,2] = 0.0
tau[1,1,3] = 0.0
tau[1,1,L0] = 0.0
tau[1,1,L1] = 1.0
tau[1,1,L2] = 0.0
tau[1,2,2] = 0.0
tau[1,2,3] = 0.0
tau[1,2,L0] = 0.0
tau[1,2,L1] = 0.0
tau[1,2,L2] = 1.0
tau[1,3,2] = 0.0
tau[1,3,3] = 0.0
tau[1,3,L0] = 0.0
tau[1,3,L1] = 0.0
tau[1,3,L2] = 1.0
tau[1,4,2] = 0.0
tau[1,4,3] = 0.0
tau[1,4,L0] = 0.0
tau[1,4,L1] = 0.0
tau[1,4,L2] = 1.0
tau[1,5,2] = 0.0
tau[1,5,3] = 0.0
tau[1,5,L0] = 0.0
tau[1,5,L1] = 0.0
tau[1,5,L2] = 0.0
tau[2,0,3] = 0.0
tau[2,0,L0] = 0.0
tau[2,0,L1] = 1.0
tau[2,0,L2] = 0.0
tau[2,1,3] = 0.0
tau[2,1,L0] = 0.0
tau[2,1,L1] = 1.0
tau[2,1,L2] = 0.0
tau[2,2,3] = 1.0
tau[2,2,L0] = 0.0
tau[2,2,L1] = 0.0
tau[2,2,L2] = 0.0
tau[2,3,3] = 0.0
tau[2,3,L0] = 1.0
tau[2,3,L1] = 0.0
tau[2,3,L2] = 0.0
tau[2,4,3] = 0.0
tau[2,4,L0] = 0.0
tau[2,4,L1] = 0.0
tau[2,4,L2] = 0.0
tau[2,5,3] = 0.0
tau[2,5,L0] = 0.0
tau[2,5,L1] = 0.0
tau[2,5,L2] = 0.0
tau[3,0,L0] = 0.0
tau[3,0,L1] = 1.0
tau[3,0,L2] = 0.0
tau[3,1,L0] = 1.0
tau[3,1,L1] = 0.0
tau[3,1,L2] = 0.0
tau[3,2,L0] = 1.0
tau[3,2,L1] = 0.0
tau[3,2,L2] = 0.0
tau[3,3,L0] = 1.0
tau[3,3,L1] = 0.0
tau[3,3,L2] = 0.0
tau[3,4,L0] = 0.0
tau[3,4,L1] = 0.0
tau[3,4,L2] = 0.0
tau[3,5,L0] = 0.0
tau[3,5,L1] = 0.0
tau[3,5,L2] = 0.0
tau[0,0,1] = 1.0
tau[0,0,2] = 0.0
tau[0,0,3] = 0.0
tau[0,0,L0] = 0.0
tau[0,0,L1] = 0.0
tau[0,0,L2] = 0.0
tau[0,1,1] = 0.0
tau[0,1,2] = 0.0
tau[0,1,3] = 0.0
tau[0,1,L0] = 0.0
tau[0,1,L1] = 1.0
tau[0,1,L2] = 0.0
tau[0,2,1] = 0.0
tau[0,2,2] = 0.0
tau[0,2,3] = 0.0
tau[0,2,L0] = 0.0
tau[0,2,L1] = 1.0
tau[0,2,L2] = 0.0
tau[0,3,1] = 0.0
tau[0,3,2] = 1.0
tau[0,3,3] = 0.0
tau[0,3,L0] = 0.0
tau[0,3,L1] = 0.0
tau[0,3,L2] = 0.0
tau[0,4,1] = 0.0
tau[0,4,2] = 1.0
tau[0,4,3] = 0.0
tau[0,4,L0] = 0.0
tau[0,4,L1] = 0.0
tau[0,4,L2] = 0.0
tau[0,5,1] = 0.0
tau[0,5,2] = 1.0
tau[0,5,3] = 0.0
tau[0,5,L0] = 0.0
tau[0,5,L1] = 0.0
tau[0,5,L2] = 0.0
m[0,0] = 1.0
m[0,1] = 1.0
m[0,2] = 1.0
m[0,3] = 1.0
m[0,4] = 1.0
m[0,5] = 1.0
m[0,6] = 1.0
m[0,7] = 1.0
m[0,8] = 1.0
m[0,9] = 1.0
m[0,10] = 1.0
m[0,11] = 1.0
m[0,12] = 1.0
m[0,13] = 1.0
m[0,14] = 1.0
m[0,15] = 1.0
m[0,16] = 1.0
m[0,17] = 1.0
m[0,18] = 1.0
m[0,19] = 1.0
m[0,20] = 1.0
m[0,21] = 1.0
m[0,22] = 1.0
m[0,23] = 1.0
m[0,24] = 1.0
m[0,25] = 1.0
m[0,26] = 1.0
m[0,27] = 1.0
m[0,28] = 1.0
m[0,29] = 1.0
m[0,30] = 1.0
m[0,31] = 1.0
m[0,32] = 1.0
m[0,33] = 1.0
m[0,34] = 1.0
m[0,35] = 1.0
m[0,36] = 1.0
m[0,37] = 1.0
m[0,38] = 1.0
m[0,39] = 1.0
m[0,40] = 1.0
m[0,41] = 1.0
m[0,42] = 1.0
m[0,43] = 1.0
m[0,44] = 1.0
m[0,45] = 1.0
m[0,46] = 1.0
m[0,47] = 1.0
m[0,48] = 1.0
m[0,49] = 1.0
m[0,50] = 1.0
m[0,51] = 1.0
m[0,52] = 1.0
m[0,53] = 1.0
m[0,54] = 1.0
m[0,55] = 1.0
m[0,56] = 1.0
m[0,57] = 1.0
m[0,58] = 1.0
m[0,59] = 1.0
m[0,60] = 1.0
m[0,61] = 0.0
m[0,62] = 1.0
m[0,63] = 1.0
m[0,64] = 1.0
m[0,65] = 1.0
m[0,66] = 1.0
m[0,67] = 1.0
m[0,68] = 1.0
m[0,69] = 1.0
m[0,70] = 1.0
m[0,71] = 1.0
m[0,72] = 1.0
m[0,73] = 0.0
m[0,74] = 1.0
m[0,75] = 1.0
m[0,76] = 1.0
m[0,77] = 1.0
m[0,78] = 1.0
m[0,79] = 1.0
m[0,80] = 1.0
m[0,81] = 1.0
m[0,82] = 1.0
m[0,83] = 1.0
m[0,84] = 1.0
m[0,85] = 1.0
m[0,86] = 1.0
m[0,87] = 1.0
m[0,88] = 1.0
m[0,89] = 1.0
m[0,90] = 1.0
m[0,91] = 1.0
m[0,92] = 1.0
m[0,93] = 1.0
m[0,94] = 1.0
m[0,95] = 1.0
m[0,96] = 1.0
m[0,97] = 1.0
m[0,98] = 1.0
m[0,99] = 1.0
m[0,100] = 1.0
m[0,101] = 1.0
m[0,102] = 1.0
m[0,103] = 1.0
m[0,104] = 1.0
m[0,105] = 1.0
m[0,106] = 1.0
m[0,107] = 1.0
m[0,108] = 1.0
m[0,109] = 1.0
m[0,110] = 1.0
m[0,111] = 1.0
m[0,112] = 1.0
m[0,113] = 1.0
m[0,114] = 1.0
m[0,115] = 1.0
m[0,116] = 1.0
m[0,117] = 1.0
m[0,118] = 1.0
m[0,119] = 1.0
m[0,120] = 1.0
m[0,121] = 1.0
m[0,122] = 1.0
m[0,123] = 1.0
m[0,124] = 1.0
m[0,125] = 1.0
m[0,126] = 1.0
m[0,127] = 1.0
m[0,128] = 1.0
m[0,129] = 1.0
m[0,130] = 1.0
m[0,131] = 1.0
m[0,132] = 1.0
m[0,133] = 1.0
m[0,134] = 1.0
m[0,135] = 1.0
m[0,136] = 0.0
m[0,137] = 1.0
m[0,138] = 1.0
m[0,139] = 1.0
m[0,140] = 1.0
m[0,141] = 1.0
m[0,142] = 1.0
m[0,143] = 1.0
m[0,144] = 1.0
m[0,145] = 1.0
m[0,146] = 1.0
m[0,147] = 1.0
m[0,148] = 1.0
m[0,149] = 1.0
m[0,150] = 0.0
m[0,151] = 1.0
m[0,152] = 1.0
m[0,153] = 1.0
m[0,154] = 1.0
m[0,155] = 1.0
m[0,156] = 1.0
m[0,157] = 1.0
m[0,158] = 1.0
m[0,159] = 1.0
m[0,160] = 1.0
m[0,161] = 1.0
m[0,162] = 1.0
m[0,163] = 1.0
m[0,164] = 1.0
m[0,165] = 1.0
m[0,166] = 1.0
m[0,167] = 1.0
m[0,168] = 1.0
m[0,169] = 1.0
m[0,170] = 1.0
m[0,171] = 1.0
m[0,172] = 1.0
m[0,173] = 1.0
m[0,174] = 1.0
m[0,175] = 1.0
m[0,176] = 1.0
m[0,177] = 1.0
u[0] = 1.0
u[1] = 1.0
u[2] = 1.0
u[3] = 1.0
o_u[0,0] = 0.0
o_u[0,1] = 0.0
o_u[0,2] = 1.0
o_u[0,3] = 0.0
o_u[0,4] = 0.0
o_u[0,5] = 0.0
o_u[0,6] = 0.0
o_u[0,7] = 0.0
o_u[0,8] = 0.0
o_u[1,0] = 0.0
o_u[1,1] = 0.0
o_u[1,2] = 0.0
o_u[1,3] = 1.0
o_u[1,4] = 0.0
o_u[1,5] = 0.0
o_u[1,6] = 0.0
o_u[1,7] = 0.0
o_u[1,8] = 0.0
o_u[2,0] = 0.0
o_u[2,1] = 0.0
o_u[2,2] = 0.0
o_u[2,3] = 0.0
o_u[2,4] = 0.0
o_u[2,5] = 1.0
o_u[2,6] = 0.0
o_u[2,7] = 0.0
o_u[2,8] = 0.0
o_u[3,0] = 1.0
o_u[3,1] = 0.0
o_u[3,2] = 0.0
o_u[3,3] = 0.0
o_u[3,4] = 0.0
o_u[3,5] = 0.0
o_u[3,6] = 0.0
o_u[3,7] = 0.0
o_u[3,8] = 0.0
------------------------------------------------------------------------
------------------------------------------------------------------------
Saved hierarchical tree visualization to milp_tree_levels.png
THIS IS THE INITIAL CORRECTNESS 0.9775280898876404
THIS IS THE INITIAL EXPLAINABILITY 10.0
Inside find_pareto_solution_more_e
----------------------------------
THE CURRENT CORRECTNESS IS: 0.9775280898876404, AND THE CURRENT EXPLAINABILITY IS: 10.0
Gurobi Optimizer version 12.0.3 build v12.0.3rc0 (linux64 - "Ubuntu 22.04.5 LTS")

CPU model: AMD EPYC 7742 64-Core Processor, instruction set [SSE2|AVX|AVX2]
Thread count: 128 physical cores, 256 logical processors, using up to 32 threads

Optimize a model with 106713 rows, 25034 columns and 327232 nonzeros
Model fingerprint: 0xd2886f7b
Variable types: 24926 continuous, 108 integer (0 binary)
Coefficient statistics:
  Matrix range     [1e+00, 3e+00]
  Objective range  [1e+00, 3e+00]
  Bounds range     [1e+00, 1e+00]
  RHS range        [1e+00, 1e+03]

MIP start from previous solve did not produce a new incumbent solution
MIP start from previous solve violates constraint R106711 by 1.000000000

Presolve removed 78107 rows and 17405 columns
Presolve time: 1.70s
Presolved: 28606 rows, 7629 columns, 121287 nonzeros
Variable types: 6847 continuous, 782 integer (782 binary)

Root simplex log...

Iteration    Objective       Primal Inf.    Dual Inf.      Time
    9768    1.8649933e+02   2.546081e+02   0.000000e+00      5s
   10856    1.8650000e+02   0.000000e+00   0.000000e+00      6s

Root relaxation: objective 1.865000e+02, 10856 iterations, 3.85 seconds (3.56 work units)
Total elapsed time = 14.13s (DegenMoves)

    Nodes    |    Current Node    |     Objective Bounds      |     Work
 Expl Unexpl |  Obj  Depth IntInf | Incumbent    BestBd   Gap | It/Node Time

     0     0  186.50000    0  196          -  186.50000      -     -   14s
H    0     0                      98.0000000  186.50000  90.3%     -   14s
H    0     0                     128.0000000  186.50000  45.7%     -   15s
     0     0  185.00000    0  319  128.00000  185.00000  44.5%     -   20s
H    0     0                     134.0000000  185.00000  38.1%     -   20s
     0     0  185.00000    0  312  134.00000  185.00000  38.1%     -   23s
     0     0  185.00000    0  178  134.00000  185.00000  38.1%     -   31s
H    0     0                     149.0000000  185.00000  24.2%     -   31s
H    0     0                     153.0000000  185.00000  20.9%     -   31s
     0     0  185.00000    0  252  153.00000  185.00000  20.9%     -   33s
     0     0  185.00000    0  273  153.00000  185.00000  20.9%     -   34s
H    0     0                     171.0000000  185.00000  8.19%     -   36s
     0     0  185.00000    0  281  171.00000  185.00000  8.19%     -   36s
     0     0  185.00000    0  196  171.00000  185.00000  8.19%     -   36s
H    0     0                     172.0000000  185.00000  7.56%     -   47s
H    0     0                     173.0000000  185.00000  6.94%     -   47s
H    0     0                     174.0000000  185.00000  6.32%     -   47s
     0     0  185.00000    0   32  174.00000  185.00000  6.32%     -   48s
     0     0  185.00000    0   31  174.00000  185.00000  6.32%     -   48s
H    0     0                     176.0000000  185.00000  5.11%     -   52s
     0     0  185.00000    0   73  176.00000  185.00000  5.11%     -   53s
     0     0  185.00000    0   72  176.00000  185.00000  5.11%     -   53s
H    0     0                     177.0000000  185.00000  4.52%     -   60s
H    0     0                     181.0000000  185.00000  2.21%     -   60s
     0     0  185.00000    0   72  181.00000  185.00000  2.21%     -   60s
     0     0  185.00000    0   72  181.00000  185.00000  2.21%     -   60s
H    0     0                     182.0000000  184.50000  1.37%     -   75s
H    0     0                     182.0000006  184.50000  1.37%     -   75s
     0     0  184.50000    0  104  182.00000  184.50000  1.37%     -   75s
     0     0  184.50000    0   66  182.00000  184.50000  1.37%     -   88s
     0     2  184.50000    0   66  182.00000  184.50000  1.37%     -   95s
     3     6 infeasible    2       182.00000  184.50000  1.37%  4368  101s
    25    48  184.50000    5  133  182.00000  184.50000  1.37%  2060  105s
H  120   137                     183.0000000  184.50000  0.82%  1343  107s
   195   185  184.50000    9  124  183.00000  184.50000  0.82%  1149  111s
   390   282  184.00000   11  156  183.00000  184.50000  0.82%   994  115s
  1241   388  184.50000   14  147  183.00000  184.50000  0.82%   839  121s
  1897   489     cutoff   15       183.00000  184.50000  0.82%   792  125s
  2653   532  184.50000   14  156  183.00000  184.50000  0.82%   781  131s
  3481   508     cutoff   13       183.00000  184.50000  0.82%   768  135s
  4396   436     cutoff   16       183.00000  184.00000  0.55%   762  141s
  6072   298  184.00000   12   43  183.00000  184.00000  0.55%   766  145s
* 6549   284              15     184.0000000  184.00000  0.00%   770  146s

Cutting planes:
  Gomory: 2
  Implied bound: 424
  MIR: 51
  Flow cover: 57
  Inf proof: 1
  Zero half: 12
  RLT: 252
  BQP: 208

Explored 6717 nodes (5376733 simplex iterations) in 146.74 seconds (186.55 work units)
Thread count was 32 (of 256 available processors)

Solution count 10: 184 183 182 ... 172

Optimal solution found (tolerance 1.00e-04)
Best objective 1.840000000000e+02, best bound 1.840000000000e+02, gap 0.0000%
Objective value: 184.0
lam[0,0] = 0.0
lam[0,1] = 0.0
lam[0,2] = 0.0
lam[0,3] = 1.0
lam[0,4] = -0.0
lam[0,5] = 0.0
lam[0,6] = -0.0
lam[0,7] = 0.0
lam[0,8] = 0.0
lam[1,0] = -0.0
lam[1,1] = 0.0
lam[1,2] = 1.0
lam[1,3] = 0.0
lam[1,4] = -0.0
lam[1,5] = 0.0
lam[1,6] = 0.0
lam[1,7] = -0.0
lam[1,8] = 0.0
lam[2,0] = -0.0
lam[2,1] = -0.0
lam[2,2] = 0.0
lam[2,3] = 0.0
lam[2,4] = -0.0
lam[2,5] = 1.0
lam[2,6] = -0.0
lam[2,7] = -0.0
lam[2,8] = -0.0
lam[3,0] = -0.0
lam[3,1] = -0.0
lam[3,2] = 1.0
lam[3,3] = 0.0
lam[3,4] = -0.0
lam[3,5] = -0.0
lam[3,6] = -0.0
lam[3,7] = 0.0
lam[3,8] = -0.0
tau[1,0,2] = -0.0
tau[1,0,3] = -0.0
tau[1,0,L0] = -0.0
tau[1,0,L1] = -0.0
tau[1,0,L2] = 1.0
tau[1,1,2] = 1.0
tau[1,1,3] = -0.0
tau[1,1,L0] = -0.0
tau[1,1,L1] = -0.0
tau[1,1,L2] = 0.0
tau[1,2,2] = 0.0
tau[1,2,3] = -0.0
tau[1,2,L0] = -0.0
tau[1,2,L1] = 1.0
tau[1,2,L2] = -0.0
tau[1,3,2] = 0.0
tau[1,3,3] = -0.0
tau[1,3,L0] = 1.0
tau[1,3,L1] = -0.0
tau[1,3,L2] = -0.0
tau[1,4,2] = 1.0
tau[1,4,3] = -0.0
tau[1,4,L0] = 0.0
tau[1,4,L1] = -0.0
tau[1,4,L2] = -0.0
tau[1,5,2] = 1.0
tau[1,5,3] = -0.0
tau[1,5,L0] = -0.0
tau[1,5,L1] = -0.0
tau[1,5,L2] = 0.0
tau[2,0,3] = -0.0
tau[2,0,L0] = -0.0
tau[2,0,L1] = 1.0
tau[2,0,L2] = 0.0
tau[2,1,3] = -0.0
tau[2,1,L0] = -0.0
tau[2,1,L1] = 1.0
tau[2,1,L2] = 0.0
tau[2,2,3] = 1.0
tau[2,2,L0] = -0.0
tau[2,2,L1] = 0.0
tau[2,2,L2] = -0.0
tau[2,3,3] = -0.0
tau[2,3,L0] = 1.0
tau[2,3,L1] = 0.0
tau[2,3,L2] = -0.0
tau[2,4,3] = -0.0
tau[2,4,L0] = -0.0
tau[2,4,L1] = -0.0
tau[2,4,L2] = 0.0
tau[2,5,3] = 0.0
tau[2,5,L0] = -0.0
tau[2,5,L1] = -0.0
tau[2,5,L2] = -0.0
tau[3,0,L0] = -0.0
tau[3,0,L1] = 0.0
tau[3,0,L2] = 1.0
tau[3,1,L0] = -0.0
tau[3,1,L1] = 0.0
tau[3,1,L2] = 1.0
tau[3,2,L0] = -0.0
tau[3,2,L1] = 1.0
tau[3,2,L2] = 0.0
tau[3,3,L0] = -0.0
tau[3,3,L1] = 1.0
tau[3,3,L2] = 0.0
tau[3,4,L0] = 1.0
tau[3,4,L1] = 0.0
tau[3,4,L2] = -0.0
tau[3,5,L0] = 1.0
tau[3,5,L1] = -0.0
tau[3,5,L2] = -0.0
tau[0,0,1] = 0.0
tau[0,0,2] = 0.0
tau[0,0,3] = 0.0
tau[0,0,L0] = 0.0
tau[0,0,L1] = 1.0
tau[0,0,L2] = 0.0
tau[0,1,1] = 0.0
tau[0,1,2] = 1.0
tau[0,1,3] = 0.0
tau[0,1,L0] = 0.0
tau[0,1,L1] = 0.0
tau[0,1,L2] = 0.0
tau[0,2,1] = 1.0
tau[0,2,2] = 0.0
tau[0,2,3] = 0.0
tau[0,2,L0] = 0.0
tau[0,2,L1] = 0.0
tau[0,2,L2] = 0.0
tau[0,3,1] = 1.0
tau[0,3,2] = 0.0
tau[0,3,3] = 0.0
tau[0,3,L0] = 0.0
tau[0,3,L1] = 0.0
tau[0,3,L2] = 0.0
tau[0,4,1] = 0.0
tau[0,4,2] = 0.0
tau[0,4,3] = 1.0
tau[0,4,L0] = 0.0
tau[0,4,L1] = 0.0
tau[0,4,L2] = 0.0
tau[0,5,1] = 0.0
tau[0,5,2] = 0.0
tau[0,5,3] = 0.0
tau[0,5,L0] = 0.0
tau[0,5,L1] = 0.0
tau[0,5,L2] = 0.0
m[0,0] = 1.0
m[0,1] = 1.0
m[0,2] = 1.0
m[0,3] = 1.0
m[0,4] = 1.0
m[0,5] = 1.0
m[0,6] = 1.0
m[0,7] = 1.0
m[0,8] = 1.0
m[0,9] = 1.0
m[0,10] = 1.0
m[0,11] = 1.0
m[0,12] = 1.0
m[0,13] = 1.0
m[0,14] = 1.0
m[0,15] = 1.0
m[0,16] = 1.0
m[0,17] = 1.0
m[0,18] = 1.0
m[0,19] = 1.0
m[0,20] = 1.0
m[0,21] = 1.0
m[0,22] = 1.0
m[0,23] = 1.0
m[0,24] = 1.0
m[0,25] = 1.0
m[0,26] = 1.0
m[0,27] = 1.0
m[0,28] = 1.0
m[0,29] = 1.0
m[0,30] = 1.0
m[0,31] = 1.0
m[0,32] = 1.0
m[0,33] = 1.0
m[0,34] = 1.0
m[0,35] = 1.0
m[0,36] = 1.0
m[0,37] = 1.0
m[0,38] = 1.0
m[0,39] = 1.0
m[0,40] = 1.0
m[0,41] = 1.0
m[0,42] = 1.0
m[0,43] = 1.0
m[0,44] = 1.0
m[0,45] = 1.0
m[0,46] = 1.0
m[0,47] = 1.0
m[0,48] = 1.0
m[0,49] = 1.0
m[0,50] = 1.0
m[0,51] = 1.0
m[0,52] = 1.0
m[0,53] = 1.0
m[0,54] = 1.0
m[0,55] = 1.0
m[0,56] = 1.0
m[0,57] = 1.0
m[0,58] = 1.0
m[0,59] = 1.0
m[0,60] = 0.0
m[0,61] = 0.0
m[0,62] = 1.0
m[0,63] = 1.0
m[0,64] = 1.0
m[0,65] = 0.0
m[0,66] = 1.0
m[0,67] = 1.0
m[0,68] = 1.0
m[0,69] = 1.0
m[0,70] = 1.0
m[0,71] = 1.0
m[0,72] = 1.0
m[0,73] = 0.0
m[0,74] = 1.0
m[0,75] = 1.0
m[0,76] = 1.0
m[0,77] = 1.0
m[0,78] = 1.0
m[0,79] = 1.0
m[0,80] = 1.0
m[0,81] = 0.0
m[0,82] = 1.0
m[0,83] = 1.0
m[0,84] = 1.0
m[0,85] = 1.0
m[0,86] = 1.0
m[0,87] = 1.0
m[0,88] = 1.0
m[0,89] = 1.0
m[0,90] = 1.0
m[0,91] = 1.0
m[0,92] = 1.0
m[0,93] = 1.0
m[0,94] = 1.0
m[0,95] = 1.0
m[0,96] = 1.0
m[0,97] = 1.0
m[0,98] = 1.0
m[0,99] = 1.0
m[0,100] = 1.0
m[0,101] = 1.0
m[0,102] = 1.0
m[0,103] = 1.0
m[0,104] = 1.0
m[0,105] = 1.0
m[0,106] = 1.0
m[0,107] = 1.0
m[0,108] = 1.0
m[0,109] = 1.0
m[0,110] = 1.0
m[0,111] = 1.0
m[0,112] = 1.0
m[0,113] = 1.0
m[0,114] = 1.0
m[0,115] = 1.0
m[0,116] = 1.0
m[0,117] = 1.0
m[0,118] = 1.0
m[0,119] = 1.0
m[0,120] = 1.0
m[0,121] = 1.0
m[0,122] = 1.0
m[0,123] = 1.0
m[0,124] = 1.0
m[0,125] = 1.0
m[0,126] = 1.0
m[0,127] = 1.0
m[0,128] = 1.0
m[0,129] = 1.0
m[0,130] = 1.0
m[0,131] = 1.0
m[0,132] = 1.0
m[0,133] = 1.0
m[0,134] = 1.0
m[0,135] = 1.0
m[0,136] = 1.0
m[0,137] = 1.0
m[0,138] = 1.0
m[0,139] = 1.0
m[0,140] = 1.0
m[0,141] = 1.0
m[0,142] = 1.0
m[0,143] = 1.0
m[0,144] = 1.0
m[0,145] = 1.0
m[0,146] = 1.0
m[0,147] = 1.0
m[0,148] = 1.0
m[0,149] = 1.0
m[0,150] = 1.0
m[0,151] = 1.0
m[0,152] = 1.0
m[0,153] = 1.0
m[0,154] = 1.0
m[0,155] = 1.0
m[0,156] = 1.0
m[0,157] = 1.0
m[0,158] = 1.0
m[0,159] = 1.0
m[0,160] = 1.0
m[0,161] = 1.0
m[0,162] = 1.0
m[0,163] = 1.0
m[0,164] = 1.0
m[0,165] = 1.0
m[0,166] = 1.0
m[0,167] = 1.0
m[0,168] = 1.0
m[0,169] = 1.0
m[0,170] = 1.0
m[0,171] = 1.0
m[0,172] = 1.0
m[0,173] = 1.0
m[0,174] = 1.0
m[0,175] = 1.0
m[0,176] = 1.0
m[0,177] = 1.0
u[0] = 1.0
u[1] = 1.0
u[2] = 1.0
u[3] = 1.0
o_u[0,0] = 0.0
o_u[0,1] = 0.0
o_u[0,2] = 0.0
o_u[0,3] = 1.0
o_u[0,4] = 0.0
o_u[0,5] = 0.0
o_u[0,6] = -0.0
o_u[0,7] = 0.0
o_u[0,8] = 0.0
o_u[1,0] = 0.0
o_u[1,1] = 0.0
o_u[1,2] = 1.0
o_u[1,3] = 0.0
o_u[1,4] = 0.0
o_u[1,5] = 0.0
o_u[1,6] = 0.0
o_u[1,7] = 0.0
o_u[1,8] = 0.0
o_u[2,0] = 0.0
o_u[2,1] = 0.0
o_u[2,2] = 0.0
o_u[2,3] = 0.0
o_u[2,4] = 0.0
o_u[2,5] = 1.0
o_u[2,6] = 0.0
o_u[2,7] = 0.0
o_u[2,8] = 0.0
o_u[3,0] = 0.0
o_u[3,1] = 0.0
o_u[3,2] = 1.0
o_u[3,3] = 0.0
o_u[3,4] = 0.0
o_u[3,5] = 0.0
o_u[3,6] = 0.0
o_u[3,7] = 0.0
o_u[3,8] = 0.0
THE NEW CORRECTNESS IS: 0.9719101123595506, AND THE NEW EXPLAINABILITY IS: 11.0
************************************************************
New pareto points added, correctness = 0.9719101123595506 , explainability = 11.0
App ending 1......
End of find_pareto_solution_more_e 4 @@@@@@@@@@@@@
Inside find_pareto_solution_more_e
----------------------------------
THE CURRENT CORRECTNESS IS: 0.9719101123595506, AND THE CURRENT EXPLAINABILITY IS: 11.0
Gurobi Optimizer version 12.0.3 build v12.0.3rc0 (linux64 - "Ubuntu 22.04.5 LTS")

CPU model: AMD EPYC 7742 64-Core Processor, instruction set [SSE2|AVX|AVX2]
Thread count: 128 physical cores, 256 logical processors, using up to 32 threads

Optimize a model with 106713 rows, 25034 columns and 327232 nonzeros
Model fingerprint: 0x3b7ea166
Variable types: 24926 continuous, 108 integer (0 binary)
Coefficient statistics:
  Matrix range     [1e+00, 3e+00]
  Objective range  [1e+00, 3e+00]
  Bounds range     [1e+00, 1e+00]
  RHS range        [1e+00, 1e+03]

MIP start from previous solve did not produce a new incumbent solution
MIP start from previous solve violates constraint R106713 by 1.000000000

Presolve removed 78107 rows and 17405 columns
Presolve time: 1.62s
Presolved: 28606 rows, 7629 columns, 121287 nonzeros
Variable types: 6847 continuous, 782 integer (782 binary)

Root relaxation: objective 1.855000e+02, 10055 iterations, 2.41 seconds (2.87 work units)
Total elapsed time = 5.14s (DegenMoves)

    Nodes    |    Current Node    |     Objective Bounds      |     Work
 Expl Unexpl |  Obj  Depth IntInf | Incumbent    BestBd   Gap | It/Node Time

     0     0  185.50000    0  191          -  185.50000      -     -    9s
H    0     0                      86.0000000  185.50000   116%     -    9s
H    0     0                     143.0000000  185.50000  29.7%     -    9s
     0     0  184.00000    0  323  143.00000  184.00000  28.7%     -   13s
H    0     0                     148.0000000  184.00000  24.3%     -   13s
H    0     0                     153.0000000  184.00000  20.3%     -   13s
     0     0  184.00000    0  321  153.00000  184.00000  20.3%     -   13s
     0     0  184.00000    0  319  153.00000  184.00000  20.3%     -   17s
     0     0  184.00000    0  187  153.00000  184.00000  20.3%     -   26s
     0     0  184.00000    0  302  153.00000  184.00000  20.3%     -   29s
     0     0  184.00000    0  260  153.00000  184.00000  20.3%     -   30s
H    0     0                     169.0000000  184.00000  8.88%     -   31s
     0     0  184.00000    0  301  169.00000  184.00000  8.88%     -   31s
H    0     0                     172.0000000  184.00000  6.98%     -   31s
     0     0  184.00000    0  287  172.00000  184.00000  6.98%     -   32s
H    0     0                     172.0000063  184.00000  6.98%     -   42s
     0     0  184.00000    0  144  172.00001  184.00000  6.98%     -   42s
     0     0  184.00000    0  148  172.00001  184.00000  6.98%     -   42s
     0     0  184.00000    0   68  172.00001  184.00000  6.98%     -   49s
H    0     0                     172.0000125  184.00000  6.98%     -   50s
     0     0  184.00000    0   70  172.00001  184.00000  6.98%     -   51s
H    0     0                     172.0000138  184.00000  6.98%     -   61s
H    0     0                     172.0000147  184.00000  6.98%     -   61s
     0     0  184.00000    0  110  172.00001  184.00000  6.98%     -   67s
     0     0  184.00000    0  241  172.00001  184.00000  6.98%     -   70s
H    0     0                     172.0000166  184.00000  6.98%     -   80s
     0     0  182.00000    0  140  172.00002  182.00000  5.81%     -   83s
     0     0  182.00000    0  139  172.00002  182.00000  5.81%     -   83s
     0     0  181.00000    0  133  172.00002  181.00000  5.23%     -   89s
     0     0  181.00000    0  133  172.00002  181.00000  5.23%     -   91s
     0     0  181.00000    0    5  172.00002  181.00000  5.23%     -   97s
     0     0  181.00000    0   35  172.00002  181.00000  5.23%     -   97s
     0     0  181.00000    0   36  172.00002  181.00000  5.23%     -   97s
H    0     0                     172.0000188  181.00000  5.23%     -   99s
H    0     0                     172.0000231  181.00000  5.23%     -   99s
     0     0  181.00000    0    8  172.00002  181.00000  5.23%     -   99s
     0     0  181.00000    0   27  172.00002  181.00000  5.23%     -   99s
     0     0  181.00000    0   23  172.00002  181.00000  5.23%     -  101s
     0     0  181.00000    0   41  172.00002  181.00000  5.23%     -  101s
     0     0  181.00000    0   13  172.00002  181.00000  5.23%     -  102s
     0     0  181.00000    0   13  172.00002  181.00000  5.23%     -  102s
     0     0  181.00000    0   23  172.00002  181.00000  5.23%     -  103s
     0     0  181.00000    0   32  172.00002  181.00000  5.23%     -  103s
     0     0  181.00000    0   55  172.00002  181.00000  5.23%     -  103s
H    0     0                     172.0000278  181.00000  5.23%     -  104s
H    0     0                     172.0000296  181.00000  5.23%     -  104s
     0     0  181.00000    0   19  172.00003  181.00000  5.23%     -  104s
     0     0  181.00000    0   19  172.00003  181.00000  5.23%     -  104s
     0     0  181.00000    0   19  172.00003  181.00000  5.23%     -  105s
     0     0  181.00000    0   47  172.00003  181.00000  5.23%     -  106s
H    0     0                     172.0000305  181.00000  5.23%     -  107s
     0     0  181.00000    0   15  172.00003  181.00000  5.23%     -  107s
     0     0  181.00000    0   26  172.00003  181.00000  5.23%     -  107s
     0     0  181.00000    0    8  172.00003  181.00000  5.23%     -  108s
     0     0  181.00000    0   70  172.00003  181.00000  5.23%     -  108s
     0     0  178.00000    0    9  172.00003  178.00000  3.49%     -  109s
     0     0  178.00000    0   30  172.00003  178.00000  3.49%     -  109s
     0     0  176.50000    0    9  172.00003  176.50000  2.62%     -  110s
     0     0  176.50000    0    9  172.00003  176.50000  2.62%     -  110s
     0     2  176.50000    0    9  172.00003  176.50000  2.62%     -  110s
H  234   215                     172.0000315  176.50000  2.62%   141  111s
H  264   215                     172.0000329  176.50000  2.62%   127  111s
H  426   235                     172.0000334  176.50000  2.62%  92.4  111s

Cutting planes:
  Cover: 1
  Implied bound: 34
  MIR: 24
  Flow cover: 10
  Zero half: 1
  RLT: 83
  BQP: 183

Explored 4192 nodes (401988 simplex iterations) in 113.30 seconds (114.47 work units)
Thread count was 32 (of 256 available processors)

Solution count 10: 172 172 172 ... 86

Optimal solution found (tolerance 1.00e-04)
Best objective 1.720000333565e+02, best bound 1.720000333728e+02, gap 0.0000%
Objective value: 172.00003335650732
lam[0,0] = 0.0
lam[0,1] = 0.0
lam[0,2] = 0.0
lam[0,3] = -0.0
lam[0,4] = 0.0
lam[0,5] = 1.0
lam[0,6] = 0.0
lam[0,7] = 0.0
lam[0,8] = 0.0
lam[1,0] = 0.0
lam[1,1] = 0.0
lam[1,2] = 1.0
lam[1,3] = 0.0
lam[1,4] = 0.0
lam[1,5] = -0.0
lam[1,6] = 0.0
lam[1,7] = 0.0
lam[1,8] = 0.0
lam[2,0] = 0.0
lam[2,1] = 0.0
lam[2,2] = 1.0
lam[2,3] = 0.0
lam[2,4] = 0.0
lam[2,5] = -0.0
lam[2,6] = 0.0
lam[2,7] = 0.0
lam[2,8] = 0.0
lam[3,0] = 0.0
lam[3,1] = 0.0
lam[3,2] = 1.0
lam[3,3] = 0.0
lam[3,4] = 0.0
lam[3,5] = 0.0
lam[3,6] = 0.0
lam[3,7] = 0.0
lam[3,8] = 0.0
tau[1,0,2] = -0.0
tau[1,0,3] = -0.0
tau[1,0,L0] = 1.0
tau[1,0,L1] = 0.0
tau[1,0,L2] = 0.0
tau[1,1,2] = -0.0
tau[1,1,3] = 0.0
tau[1,1,L0] = 1.0
tau[1,1,L1] = 0.0
tau[1,1,L2] = 0.0
tau[1,2,2] = -0.0
tau[1,2,3] = 0.0
tau[1,2,L0] = 0.0
tau[1,2,L1] = 0.0
tau[1,2,L2] = 1.0
tau[1,3,2] = -0.0
tau[1,3,3] = -0.0
tau[1,3,L0] = 1.0
tau[1,3,L1] = 0.0
tau[1,3,L2] = 0.0
tau[1,4,2] = -0.0
tau[1,4,3] = 0.0
tau[1,4,L0] = 1.0
tau[1,4,L1] = 0.0
tau[1,4,L2] = 0.0
tau[1,5,2] = -0.0
tau[1,5,3] = 0.0
tau[1,5,L0] = 1.0
tau[1,5,L1] = 0.0
tau[1,5,L2] = -0.0
tau[2,0,3] = 0.0
tau[2,0,L0] = 0.0
tau[2,0,L1] = -0.0
tau[2,0,L2] = 1.0
tau[2,1,3] = 0.0
tau[2,1,L0] = 0.0
tau[2,1,L1] = 1.0
tau[2,1,L2] = 0.0
tau[2,2,3] = 0.0
tau[2,2,L0] = 0.0
tau[2,2,L1] = 1.0
tau[2,2,L2] = -0.0
tau[2,3,3] = 0.0
tau[2,3,L0] = 0.0
tau[2,3,L1] = 1.0
tau[2,3,L2] = 0.0
tau[2,4,3] = 0.0
tau[2,4,L0] = 0.0
tau[2,4,L1] = 1.0
tau[2,4,L2] = 0.0
tau[2,5,3] = 0.0
tau[2,5,L0] = 0.0
tau[2,5,L1] = 1.0
tau[2,5,L2] = 0.0
tau[3,0,L0] = 0.0
tau[3,0,L1] = 0.0
tau[3,0,L2] = 1.0
tau[3,1,L0] = 0.0
tau[3,1,L1] = -0.0
tau[3,1,L2] = 1.0
tau[3,2,L0] = -0.0
tau[3,2,L1] = 1.0
tau[3,2,L2] = 0.0
tau[3,3,L0] = 0.0
tau[3,3,L1] = 1.0
tau[3,3,L2] = -0.0
tau[3,4,L0] = 1.0
tau[3,4,L1] = 0.0
tau[3,4,L2] = 0.0
tau[3,5,L0] = 1.0
tau[3,5,L1] = 0.0
tau[3,5,L2] = 0.0
tau[0,0,1] = 0.0
tau[0,0,2] = 1.0
tau[0,0,3] = 0.0
tau[0,0,L0] = 0.0
tau[0,0,L1] = 0.0
tau[0,0,L2] = 0.0
tau[0,1,1] = 0.0
tau[0,1,2] = 1.0
tau[0,1,3] = 0.0
tau[0,1,L0] = 0.0
tau[0,1,L1] = 0.0
tau[0,1,L2] = 0.0
tau[0,2,1] = 9.408382293241149e-07
tau[0,2,2] = 0.0
tau[0,2,3] = 1.0
tau[0,2,L0] = 0.0
tau[0,2,L1] = 0.0
tau[0,2,L2] = 0.0
tau[0,3,1] = 0.9999990591617596
tau[0,3,2] = 4.7041912032419475e-07
tau[0,3,3] = 0.0
tau[0,3,L0] = 0.0
tau[0,3,L1] = 9.408382410627308e-07
tau[0,3,L2] = -4.689905495320092e-07
tau[0,4,1] = 0.0
tau[0,4,2] = 0.0
tau[0,4,3] = 0.0
tau[0,4,L0] = 0.0
tau[0,4,L1] = 0.0
tau[0,4,L2] = 0.0
tau[0,5,1] = 0.0
tau[0,5,2] = 0.0
tau[0,5,3] = 0.0
tau[0,5,L0] = 0.0
tau[0,5,L1] = 0.0
tau[0,5,L2] = 0.0
m[0,0] = 1.0
m[0,1] = 1.0000004696021774
m[0,2] = 1.0
m[0,3] = 1.0
m[0,4] = 1.0000004692657813
m[0,5] = 1.0
m[0,6] = 1.0000004696021774
m[0,7] = 1.0000004696021774
m[0,8] = 1.0
m[0,9] = 1.0
m[0,10] = 1.0
m[0,11] = 1.0
m[0,12] = 1.0000004696021774
m[0,13] = 1.0
m[0,14] = 1.0
m[0,15] = 1.0
m[0,16] = 1.0
m[0,17] = 1.0
m[0,18] = 1.0
m[0,19] = 1.0
m[0,20] = 1.0
m[0,21] = 9.408382521947094e-07
m[0,22] = 1.0
m[0,23] = 1.0
m[0,24] = 1.0000004692657813
m[0,25] = 1.0000004692657813
m[0,26] = 1.0
m[0,27] = 1.0
m[0,28] = 1.0
m[0,29] = 1.0
m[0,30] = 1.0
m[0,31] = 1.0
m[0,32] = 1.0000004696021774
m[0,33] = 1.0000004696021774
m[0,34] = 1.0000004696021774
m[0,35] = 1.0
m[0,36] = 1.0000004692657813
m[0,37] = 1.0
m[0,38] = 1.0000004696021774
m[0,39] = 1.0
m[0,40] = 1.0
m[0,41] = 1.0000004696021774
m[0,42] = 1.0
m[0,43] = 1.0000004692657813
m[0,44] = 1.0
m[0,45] = 1.0000004696021774
m[0,46] = 1.0
m[0,47] = 1.0
m[0,48] = 1.0
m[0,49] = 1.0
m[0,50] = 1.0
m[0,51] = 1.0
m[0,52] = 1.0
m[0,53] = 1.0000004682566217
m[0,54] = 1.0
m[0,55] = 1.0000004682566217
m[0,56] = 1.0
m[0,57] = 1.0
m[0,58] = 1.0
m[0,59] = 0.0
m[0,60] = 9.408382295461597e-07
m[0,61] = 0.0
m[0,62] = 1.0
m[0,63] = 1.0
m[0,64] = 1.0
m[0,65] = 9.408382295461597e-07
m[0,66] = 1.0
m[0,67] = 1.0
m[0,68] = 9.408382295461597e-07
m[0,69] = 9.408382295461597e-07
m[0,70] = 9.408382295461597e-07
m[0,71] = 1.0
m[0,72] = 1.0
m[0,73] = 1.8816764821254616e-06
m[0,74] = 1.0
m[0,75] = 1.0
m[0,76] = 1.0
m[0,77] = 0.0
m[0,78] = 1.0
m[0,79] = 1.0
m[0,80] = 1.0
m[0,81] = 9.408382295461597e-07
m[0,82] = 1.0
m[0,83] = 1.0
m[0,84] = 1.0
m[0,85] = 1.0
m[0,86] = 1.0
m[0,87] = 1.0
m[0,88] = 1.0
m[0,89] = 1.0
m[0,90] = 1.0
m[0,91] = 0.0
m[0,92] = 0.0
m[0,93] = 1.0
m[0,94] = 1.0
m[0,95] = 1.0
m[0,96] = 0.0
m[0,97] = 1.0
m[0,98] = 1.0
m[0,99] = 1.0
m[0,100] = 1.0
m[0,101] = 0.0
m[0,102] = 1.0
m[0,103] = 1.0
m[0,104] = 1.0
m[0,105] = 1.0
m[0,106] = 1.0
m[0,107] = 1.0
m[0,108] = 1.0
m[0,109] = 9.408382521947094e-07
m[0,110] = 1.0
m[0,111] = 1.0
m[0,112] = 1.0
m[0,113] = 1.0
m[0,114] = 1.0
m[0,115] = 1.0
m[0,116] = 1.0
m[0,117] = 1.0
m[0,118] = 0.0
m[0,119] = 1.0
m[0,120] = 1.0
m[0,121] = 1.0
m[0,122] = 1.0
m[0,123] = 1.0
m[0,124] = 1.0
m[0,125] = 1.0
m[0,126] = 1.0
m[0,127] = 1.0
m[0,128] = 1.0
m[0,129] = 1.0
m[0,130] = 1.0
m[0,131] = 1.0
m[0,132] = 1.0
m[0,133] = 1.0
m[0,134] = 1.0
m[0,135] = 1.0000009399371879
m[0,136] = 1.0000009386757294
m[0,137] = 1.0
m[0,138] = 1.0
m[0,139] = 1.0
m[0,140] = 1.0
m[0,141] = 1.0000009386757294
m[0,142] = 1.0
m[0,143] = 1.0
m[0,144] = 1.0000009399371879
m[0,145] = 1.0000009369937843
m[0,146] = 1.0
m[0,147] = 1.0
m[0,148] = 1.0
m[0,149] = 1.0
m[0,150] = 0.0
m[0,151] = 1.0
m[0,152] = 1.0
m[0,153] = 1.0000009395167015
m[0,154] = 1.0
m[0,155] = 1.0000009395167015
m[0,156] = 1.0
m[0,157] = 1.0000009399371879
m[0,158] = 1.0
m[0,159] = 1.0
m[0,160] = 1.0
m[0,161] = 1.0000009386757294
m[0,162] = 1.0
m[0,163] = 1.0000009386757294
m[0,164] = 1.0
m[0,165] = 1.0
m[0,166] = 1.0000009399371879
m[0,167] = 1.0000009399371879
m[0,168] = 1.0000009399371879
m[0,169] = 1.0
m[0,170] = 1.0
m[0,171] = 1.0
m[0,172] = 1.0
m[0,173] = 1.0000009399371879
m[0,174] = 1.0000009399371879
m[0,175] = 1.0000009395167015
m[0,176] = 1.0000009395167015
m[0,177] = 1.0
u[0] = 1.0
u[1] = 1.0
u[2] = 1.0
u[3] = 1.0
o_u[0,0] = 0.0
o_u[0,1] = 0.0
o_u[0,2] = 0.0
o_u[0,3] = 0.0
o_u[0,4] = 0.0
o_u[0,5] = 1.0
o_u[0,6] = 0.0
o_u[0,7] = 0.0
o_u[0,8] = 0.0
o_u[1,0] = 0.0
o_u[1,1] = 0.0
o_u[1,2] = 1.0
o_u[1,3] = 0.0
o_u[1,4] = 0.0
o_u[1,5] = -0.0
o_u[1,6] = 0.0
o_u[1,7] = 0.0
o_u[1,8] = 0.0
o_u[2,0] = 0.0
o_u[2,1] = 0.0
o_u[2,2] = 1.0
o_u[2,3] = 0.0
o_u[2,4] = 0.0
o_u[2,5] = 0.0
o_u[2,6] = 0.0
o_u[2,7] = 0.0
o_u[2,8] = 0.0
o_u[3,0] = 0.0
o_u[3,1] = 0.0
o_u[3,2] = 1.0
o_u[3,3] = 0.0
o_u[3,4] = 0.0
o_u[3,5] = 0.0
o_u[3,6] = 0.0
o_u[3,7] = 0.0
o_u[3,8] = 0.0
THE NEW CORRECTNESS IS: 0.8988765918904904, AND THE NEW EXPLAINABILITY IS: 12.0
************************************************************
New pareto points added, correctness = 0.8988765918904904 , explainability = 12.0
App ending 1......
End of find_pareto_solution_more_e 4 @@@@@@@@@@@@@
Inside find_pareto_solution_more_e
----------------------------------
THE CURRENT CORRECTNESS IS: 0.8988765918904904, AND THE CURRENT EXPLAINABILITY IS: 12.0
Gurobi Optimizer version 12.0.3 build v12.0.3rc0 (linux64 - "Ubuntu 22.04.5 LTS")

CPU model: AMD EPYC 7742 64-Core Processor, instruction set [SSE2|AVX|AVX2]
Thread count: 128 physical cores, 256 logical processors, using up to 32 threads

Optimize a model with 106713 rows, 25034 columns and 327232 nonzeros
Model fingerprint: 0xda406493
Variable types: 24926 continuous, 108 integer (0 binary)
Coefficient statistics:
  Matrix range     [1e+00, 3e+00]
  Objective range  [1e+00, 3e+00]
  Bounds range     [1e+00, 1e+00]
  RHS range        [1e+00, 1e+03]

MIP start from previous solve did not produce a new incumbent solution
MIP start from previous solve violates constraint R106715 by 1.000000000

Presolve removed 78107 rows and 17405 columns
Presolve time: 1.63s
Presolved: 28606 rows, 7629 columns, 121287 nonzeros
Variable types: 6847 continuous, 782 integer (782 binary)

Root relaxation: objective 1.725000e+02, 9277 iterations, 1.86 seconds (2.23 work units)
Total elapsed time = 5.87s (DegenMoves)

    Nodes    |    Current Node    |     Objective Bounds      |     Work
 Expl Unexpl |  Obj  Depth IntInf | Incumbent    BestBd   Gap | It/Node Time

     0     0  172.50003    0  188          -  172.50003      -     -    6s
     0     0 infeasible    0               - infeasible      -     -    7s

Cutting planes:
  Gomory: 8
  Implied bound: 57
  MIR: 13
  Flow cover: 17
  Zero half: 9
  RLT: 31
  BQP: 70

Explored 1 nodes (22351 simplex iterations) in 7.48 seconds (8.51 work units)
Thread count was 32 (of 256 available processors)

Solution count 0
No other solutions better than -1e+100

Model is infeasible
Best objective -, best bound -, gap -
[INFO] Model became infeasible under the new cuts.
End of find_pareto_solution_more_e 2 @@@@@@@@@@@
Inside find_pareto_solution_more_c
Gurobi Optimizer version 12.0.3 build v12.0.3rc0 (linux64 - "Ubuntu 22.04.5 LTS")

CPU model: AMD EPYC 7742 64-Core Processor, instruction set [SSE2|AVX|AVX2]
Thread count: 128 physical cores, 256 logical processors, using up to 32 threads

Optimize a model with 106713 rows, 25034 columns and 327232 nonzeros
Model fingerprint: 0x5459eae8
Variable types: 24926 continuous, 108 integer (0 binary)
Coefficient statistics:
  Matrix range     [1e+00, 3e+00]
  Objective range  [1e+00, 3e+00]
  Bounds range     [1e+00, 1e+00]
  RHS range        [1e+00, 1e+03]

MIP start from previous solve did not produce a new incumbent solution
MIP start from previous solve violates constraint R106711 by 1.000000000

Presolve removed 78108 rows and 17405 columns
Presolve time: 1.69s
Presolved: 28605 rows, 7629 columns, 121285 nonzeros
Variable types: 6847 continuous, 782 integer (782 binary)

Root simplex log...

Iteration    Objective       Primal Inf.    Dual Inf.      Time
   10103    1.8699976e+02   4.304930e+03   0.000000e+00      5s
   14234    1.8700000e+02   0.000000e+00   0.000000e+00      7s

Root relaxation: objective 1.870000e+02, 14234 iterations, 5.06 seconds (7.58 work units)
Total elapsed time = 16.16s (DegenMoves)

    Nodes    |    Current Node    |     Objective Bounds      |     Work
 Expl Unexpl |  Obj  Depth IntInf | Incumbent    BestBd   Gap | It/Node Time

     0     0  187.00000    0   65          -  187.00000      -     -   17s
     0     0  187.00000    0  447          -  187.00000      -     -   20s
     0     0  187.00000    0  318          -  187.00000      -     -   21s
     0     0  187.00000    0  526          -  187.00000      -     -   23s
     0     0  187.00000    0   79          -  187.00000      -     -   34s
     0     0  187.00000    0  576          -  187.00000      -     -   38s
     0     0  187.00000    0  582          -  187.00000      -     -   38s
     0     0  187.00000    0   34          -  187.00000      -     -   49s
     0     0  187.00000    0   34          -  187.00000      -     -   50s
     0     0  187.00000    0   15          -  187.00000      -     -   66s
     0     0  187.00000    0   61          -  187.00000      -     -   68s
     0     0  187.00000    0   81          -  187.00000      -     -   84s
     0     0  187.00000    0  527          -  187.00000      -     -   85s
     0     0  187.00000    0   30          -  187.00000      -     -   98s
     0     0  187.00000    0   15          -  187.00000      -     -   98s
     0     0  187.00000    0   87          -  187.00000      -     -  112s
     0     0  187.00000    0   87          -  187.00000      -     -  119s
     0     2  187.00000    0   31          -  187.00000      -     -  154s
     1     5  187.00000    1  404          -  187.00000      - 11957  155s
    15    30 infeasible    4               -  187.00000      -  2733  161s
    31    60  187.00000    5  333          -  187.00000      -  2460  165s
    93   313  187.00000    7  302          -  187.00000      -  2275  172s
   356   472  187.00000   15   85          -  187.00000      -  1248  177s
  1287   830  184.34783   21  255          -  187.00000      -   731  182s
  1760  1013  186.80000   14  123          -  187.00000      -   674  186s
  2243  1216 infeasible   20               -  187.00000      -   643  190s
  2866  1368  187.00000    7  331          -  187.00000      -   593  196s
  4008  1705  186.75000   12   40          -  187.00000      -   563  203s
  4603  1891  187.00000   13   69          -  187.00000      -   558  207s
  5265  2126  187.00000   13  121          -  187.00000      -   546  214s
  6059  2127  186.00000   16  526          -  187.00000      -   532  237s
  6061  2128  186.25000   15  178          -  187.00000      -   532  252s
  6063  2130  183.50000   18  439          -  187.00000      -   532  255s
  6064  2130  186.00000   17   32          -  187.00000      -   532  289s
  6065  2131  187.00000   12  643          -  187.00000      -   532  305s
  6066  2132  186.00000   17   68          -  187.00000      -   531  324s
  6067  2132  186.00000   16   69          -  187.00000      -   531  325s
  6068  2133  187.00000   15   33          -  187.00000      -   531  340s
  6070  2134  187.00000   14   29          -  187.00000      -   531  363s
  6071  2135  185.64706   17   72          -  187.00000      -   531  393s
  6073  2136  186.83333   17  177          -  187.00000      -   531  402s
  6074  2137  184.17431   13  591          -  187.00000      -   531  407s
  6075  2138  187.00000   15   67          -  187.00000      -   531  424s
  6076  2138  186.22222   14   67          -  187.00000      -   531  439s
  6077  2139  186.00000   14   67          -  187.00000      -   530  454s
  6078  2143  187.00000   16  682          -  187.00000      -   625  478s
  6080  2146  187.00000   17  644          -  187.00000      -   627  482s
  6092  2166  187.00000   19  569          -  187.00000      -   631  489s
  6102  2163  187.00000   19  399          -  187.00000      -   634  490s
  6172  2348  187.00000   22  255          -  187.00000      -   644  500s
  6324  2428  187.00000   23  238          -  187.00000      -   670  510s
  6491  2432  187.00000   25  111          -  187.00000      -   694  522s
  6600  2517  186.90909   27  176          -  187.00000      -   722  527s
  6901  2603  185.77778   31  200          -  187.00000      -   734  536s
  7307  2609  184.00000   36  133          -  187.00000      -   749  544s
  7763  2648  187.00000   25  156          -  187.00000      -   760  550s
  8194  2710  187.00000   26  331          -  187.00000      -   766  555s
  8847  2777  187.00000   29  167          -  187.00000      -   766  562s
  9719  2712  187.00000   30  198          -  187.00000      -   759  572s
 10619  2707  185.50000   36   83          -  187.00000      -   755  578s
 11508  2601  187.00000   26  106          -  187.00000      -   750  583s
 12370  2501  186.50000   30  105          -  187.00000      -   743  590s
 13246  2707  187.00000   30  326          -  187.00000      -   740  596s
 14325  2864  186.00000   30  207          -  187.00000      -   731  601s
 15169  2936  187.00000   30  391          -  187.00000      -   723  616s
 15379  3159 infeasible   34               -  187.00000      -   722  624s
 16635  3321  185.42857   37   34          -  187.00000      -   710  630s
 17517  3511  187.00000   28  331          -  187.00000      -   707  636s
 18515  3745  186.00000   32  255          -  187.00000      -   704  646s
 19745  3878 infeasible   35               -  187.00000      -   697  650s
 20539  4084  185.14286   32  162          -  187.00000      -   695  657s
 21657  4294  187.00000   26  294          -  187.00000      -   692  663s
 22812  4462  184.66667   32  137          -  187.00000      -   685  670s
 23928  4764 infeasible   31               -  187.00000      -   681  676s
 25323  4854 infeasible   32               -  187.00000      -   672  680s
 27435  5318  184.71429   32  183          -  187.00000      -   664  692s
 28724  5565  183.00000   30   39          -  187.00000      -   661  699s
 30296  5863 infeasible   26               -  187.00000      -   654  708s
 32520  5987  185.25000   33   65          -  187.00000      -   643  713s
 33202  6225 infeasible   34               -  187.00000      -   642  722s
 34497  6350  185.00000   34  108          -  187.00000      -   638  727s
 35722  6483  187.00000   33  235          -  187.00000      -   635  734s
 37037  6636 infeasible   35               -  187.00000      -   633  743s
 38372  6762  185.50000   33   43          -  187.00000      -   631  748s
 39756  6906  186.75000   27  226          -  187.00000      -   627  753s
 40810  7030  187.00000   32  144          -  187.00000      -   625  758s
 42327  7184  182.00000   41   60          -  187.00000      -   622  762s
 44344  7361  187.00000   31  180          -  187.00000      -   615  767s
 46190  7590  185.00000   34   70          -  187.00000      -   611  772s
*47017  6505              46     184.0000000  187.00000  1.63%   610  772s
 48055  6471  186.54545   32  293  184.00000  187.00000  1.63%   607  779s
 48412  6483  185.20000   32  243  184.00000  187.00000  1.63%   607  785s
 49789  6479  184.33333   33  288  184.00000  187.00000  1.63%   603  795s
 49941  6497     cutoff   33       184.00000  187.00000  1.63%   603  803s
 50468  6501  186.50000   37   38  184.00000  187.00000  1.63%   602  811s
 50680  6490 infeasible   38       184.00000  187.00000  1.63%   602  818s
 51185  6484  186.00000   34   64  184.00000  187.00000  1.63%   600  825s
 52167  6451  185.50000   35   61  184.00000  187.00000  1.63%   598  832s
 54667  6403  185.00000   33  199  184.00000  187.00000  1.63%   591  838s
 57261  6222     cutoff   35       184.00000  186.78125  1.51%   586  844s
 60119  5895     cutoff   35       184.00000  186.66667  1.45%   582  850s
 63540  5900  185.00000   34   52  184.00000  186.50000  1.36%   576  858s
 63637  5723     cutoff   36       184.00000  186.50000  1.36%   576  864s
 65939  5153 infeasible   37       184.00000  186.50000  1.36%   572  870s
 69800  4797 infeasible   39       184.00000  186.25000  1.22%   564  877s
 73027  4492  184.85714   31  225  184.00000  186.00000  1.09%   561  883s
 76097  4009  184.66667   36  146  184.00000  186.00000  1.09%   560  889s
 79456  3293     cutoff   32       184.00000  186.00000  1.09%   557  895s
 83289  1956  184.13043   34  251  184.00000  185.83333  1.00%   550  900s
 87511   155     cutoff   37       184.00000  185.25000  0.68%   541  905s

Cutting planes:
  Cover: 2
  Implied bound: 49
  Clique: 2
  MIR: 100
  Flow cover: 37
  RLT: 564
  Relax-and-lift: 7
  BQP: 223

Explored 91267 nodes (48468087 simplex iterations) in 906.11 seconds (1347.42 work units)
Thread count was 32 (of 256 available processors)

Solution count 2: 184 184 

Optimal solution found (tolerance 1.00e-04)
Best objective 1.840000000000e+02, best bound 1.840000000000e+02, gap 0.0000%
Objective value: 184.0
lam[0,0] = 0.0
lam[0,1] = 0.0
lam[0,2] = 1.0
lam[0,3] = 0.0
lam[0,4] = 0.0
lam[0,5] = 0.0
lam[0,6] = 0.0
lam[0,7] = 0.0
lam[0,8] = 0.0
lam[1,0] = 0.0
lam[1,1] = 0.0
lam[1,2] = 0.0
lam[1,3] = 0.0
lam[1,4] = 0.0
lam[1,5] = 1.0
lam[1,6] = 0.0
lam[1,7] = 0.0
lam[1,8] = 0.0
lam[2,0] = 1.0
lam[2,1] = 0.0
lam[2,2] = 0.0
lam[2,3] = 0.0
lam[2,4] = 0.0
lam[2,5] = 0.0
lam[2,6] = 0.0
lam[2,7] = 0.0
lam[2,8] = 0.0
lam[3,0] = 0.0
lam[3,1] = 0.0
lam[3,2] = 0.0
lam[3,3] = 0.0
lam[3,4] = 0.0
lam[3,5] = 0.0
lam[3,6] = 0.0
lam[3,7] = 1.0
lam[3,8] = 0.0
tau[1,0,2] = 0.0
tau[1,0,3] = 0.0
tau[1,0,L0] = 0.0
tau[1,0,L1] = 1.0
tau[1,0,L2] = 0.0
tau[1,1,2] = 0.0
tau[1,1,3] = 0.0
tau[1,1,L0] = 0.0
tau[1,1,L1] = 1.0
tau[1,1,L2] = 0.0
tau[1,2,2] = 1.0
tau[1,2,3] = 0.0
tau[1,2,L0] = 0.0
tau[1,2,L1] = 0.0
tau[1,2,L2] = 0.0
tau[1,3,2] = 0.0
tau[1,3,3] = 0.0
tau[1,3,L0] = 1.0
tau[1,3,L1] = 0.0
tau[1,3,L2] = 0.0
tau[1,4,2] = 0.0
tau[1,4,3] = 0.0
tau[1,4,L0] = 0.0
tau[1,4,L1] = 0.0
tau[1,4,L2] = 0.0
tau[1,5,2] = 0.0
tau[1,5,3] = 0.0
tau[1,5,L0] = 0.0
tau[1,5,L1] = 0.0
tau[1,5,L2] = 0.0
tau[2,0,3] = 0.0
tau[2,0,L0] = 0.0
tau[2,0,L1] = 1.0
tau[2,0,L2] = 0.0
tau[2,1,3] = 0.0
tau[2,1,L0] = 1.0
tau[2,1,L1] = 0.0
tau[2,1,L2] = 0.0
tau[2,2,3] = 0.0
tau[2,2,L0] = 1.0
tau[2,2,L1] = 0.0
tau[2,2,L2] = 0.0
tau[2,3,3] = 0.0
tau[2,3,L0] = 1.0
tau[2,3,L1] = 0.0
tau[2,3,L2] = 0.0
tau[2,4,3] = 0.0
tau[2,4,L0] = 0.0
tau[2,4,L1] = 0.0
tau[2,4,L2] = 0.0
tau[2,5,3] = 0.0
tau[2,5,L0] = 0.0
tau[2,5,L1] = 0.0
tau[2,5,L2] = 0.0
tau[3,0,L0] = 0.0
tau[3,0,L1] = 1.0
tau[3,0,L2] = 0.0
tau[3,1,L0] = 0.0
tau[3,1,L1] = 0.0
tau[3,1,L2] = 1.0
tau[3,2,L0] = 0.0
tau[3,2,L1] = 0.0
tau[3,2,L2] = 0.0
tau[3,3,L0] = 0.0
tau[3,3,L1] = 0.0
tau[3,3,L2] = 0.0
tau[3,4,L0] = 0.0
tau[3,4,L1] = 0.0
tau[3,4,L2] = 0.0
tau[3,5,L0] = 0.0
tau[3,5,L1] = 0.0
tau[3,5,L2] = 0.0
tau[0,0,1] = 0.0
tau[0,0,2] = 0.0
tau[0,0,3] = 1.0
tau[0,0,L0] = 0.0
tau[0,0,L1] = 0.0
tau[0,0,L2] = 0.0
tau[0,1,1] = 0.0
tau[0,1,2] = 0.0
tau[0,1,3] = 0.0
tau[0,1,L0] = 0.0
tau[0,1,L1] = 1.0
tau[0,1,L2] = 0.0
tau[0,2,1] = 0.0
tau[0,2,2] = 0.0
tau[0,2,3] = 0.0
tau[0,2,L0] = 0.0
tau[0,2,L1] = 1.0
tau[0,2,L2] = 0.0
tau[0,3,1] = 1.0
tau[0,3,2] = 0.0
tau[0,3,3] = 0.0
tau[0,3,L0] = 0.0
tau[0,3,L1] = 0.0
tau[0,3,L2] = 0.0
tau[0,4,1] = 1.0
tau[0,4,2] = 0.0
tau[0,4,3] = 0.0
tau[0,4,L0] = 0.0
tau[0,4,L1] = 0.0
tau[0,4,L2] = 0.0
tau[0,5,1] = 1.0
tau[0,5,2] = 0.0
tau[0,5,3] = 0.0
tau[0,5,L0] = 0.0
tau[0,5,L1] = 0.0
tau[0,5,L2] = 0.0
m[0,0] = 1.0
m[0,1] = 1.0
m[0,2] = 1.0
m[0,3] = 1.0
m[0,4] = 1.0
m[0,5] = 1.0
m[0,6] = 1.0
m[0,7] = 1.0
m[0,8] = 1.0
m[0,9] = 1.0
m[0,10] = 1.0
m[0,11] = 1.0
m[0,12] = 1.0
m[0,13] = 1.0
m[0,14] = 1.0
m[0,15] = 1.0
m[0,16] = 1.0
m[0,17] = 1.0
m[0,18] = 1.0
m[0,19] = 1.0
m[0,20] = 1.0
m[0,21] = 1.0
m[0,22] = 1.0
m[0,23] = 1.0
m[0,24] = 1.0
m[0,25] = 1.0
m[0,26] = 1.0
m[0,27] = 1.0
m[0,28] = 1.0
m[0,29] = 1.0
m[0,30] = 1.0
m[0,31] = 1.0
m[0,32] = 1.0
m[0,33] = 1.0
m[0,34] = 1.0
m[0,35] = 1.0
m[0,36] = 1.0
m[0,37] = 1.0
m[0,38] = 1.0
m[0,39] = 1.0
m[0,40] = 1.0
m[0,41] = 1.0
m[0,42] = 1.0
m[0,43] = 1.0
m[0,44] = 1.0
m[0,45] = 1.0
m[0,46] = 1.0
m[0,47] = 1.0
m[0,48] = 1.0
m[0,49] = 1.0
m[0,50] = 1.0
m[0,51] = 1.0
m[0,52] = 1.0
m[0,53] = 1.0
m[0,54] = 1.0
m[0,55] = 1.0
m[0,56] = 1.0
m[0,57] = 1.0
m[0,58] = 1.0
m[0,59] = 1.0
m[0,60] = 1.0
m[0,61] = 0.0
m[0,62] = 1.0
m[0,63] = 1.0
m[0,64] = 1.0
m[0,65] = 1.0
m[0,66] = 1.0
m[0,67] = 1.0
m[0,68] = 1.0
m[0,69] = 1.0
m[0,70] = 1.0
m[0,71] = 1.0
m[0,72] = 1.0
m[0,73] = 0.0
m[0,74] = 1.0
m[0,75] = 1.0
m[0,76] = 1.0
m[0,77] = 1.0
m[0,78] = 1.0
m[0,79] = 1.0
m[0,80] = 1.0
m[0,81] = 1.0
m[0,82] = 1.0
m[0,83] = 1.0
m[0,84] = 1.0
m[0,85] = 1.0
m[0,86] = 1.0
m[0,87] = 1.0
m[0,88] = 1.0
m[0,89] = 1.0
m[0,90] = 1.0
m[0,91] = 1.0
m[0,92] = 1.0
m[0,93] = 1.0
m[0,94] = 1.0
m[0,95] = 1.0
m[0,96] = 1.0
m[0,97] = 1.0
m[0,98] = 1.0
m[0,99] = 1.0
m[0,100] = 1.0
m[0,101] = 1.0
m[0,102] = 1.0
m[0,103] = 1.0
m[0,104] = 1.0
m[0,105] = 1.0
m[0,106] = 1.0
m[0,107] = 1.0
m[0,108] = 1.0
m[0,109] = 1.0
m[0,110] = 1.0
m[0,111] = 1.0
m[0,112] = 1.0
m[0,113] = 1.0
m[0,114] = 1.0
m[0,115] = 1.0
m[0,116] = 1.0
m[0,117] = 1.0
m[0,118] = 1.0
m[0,119] = 1.0
m[0,120] = 1.0
m[0,121] = 1.0
m[0,122] = 1.0
m[0,123] = 1.0
m[0,124] = 1.0
m[0,125] = 1.0
m[0,126] = 1.0
m[0,127] = 1.0
m[0,128] = 1.0
m[0,129] = 1.0
m[0,130] = 1.0
m[0,131] = 1.0
m[0,132] = 1.0
m[0,133] = 1.0
m[0,134] = 1.0
m[0,135] = 1.0
m[0,136] = 1.0
m[0,137] = 1.0
m[0,138] = 1.0
m[0,139] = 1.0
m[0,140] = 1.0
m[0,141] = 1.0
m[0,142] = 1.0
m[0,143] = 1.0
m[0,144] = 1.0
m[0,145] = 1.0
m[0,146] = 1.0
m[0,147] = 1.0
m[0,148] = 1.0
m[0,149] = 1.0
m[0,150] = 0.0
m[0,151] = 1.0
m[0,152] = 1.0
m[0,153] = 1.0
m[0,154] = 1.0
m[0,155] = 1.0
m[0,156] = 1.0
m[0,157] = 1.0
m[0,158] = 1.0
m[0,159] = 1.0
m[0,160] = 1.0
m[0,161] = 1.0
m[0,162] = 1.0
m[0,163] = 1.0
m[0,164] = 1.0
m[0,165] = 1.0
m[0,166] = 1.0
m[0,167] = 1.0
m[0,168] = 1.0
m[0,169] = 1.0
m[0,170] = 1.0
m[0,171] = 1.0
m[0,172] = 1.0
m[0,173] = 1.0
m[0,174] = 1.0
m[0,175] = 1.0
m[0,176] = 1.0
m[0,177] = 1.0
u[0] = 1.0
u[1] = 1.0
u[2] = 1.0
u[3] = 1.0
o_u[0,0] = 0.0
o_u[0,1] = 0.0
o_u[0,2] = 1.0
o_u[0,3] = 0.0
o_u[0,4] = 0.0
o_u[0,5] = 0.0
o_u[0,6] = 0.0
o_u[0,7] = 0.0
o_u[0,8] = 0.0
o_u[1,0] = 0.0
o_u[1,1] = 0.0
o_u[1,2] = 0.0
o_u[1,3] = 0.0
o_u[1,4] = 0.0
o_u[1,5] = 1.0
o_u[1,6] = 0.0
o_u[1,7] = 0.0
o_u[1,8] = 0.0
o_u[2,0] = 1.0
o_u[2,1] = 0.0
o_u[2,2] = 0.0
o_u[2,3] = 0.0
o_u[2,4] = 0.0
o_u[2,5] = 0.0
o_u[2,6] = 0.0
o_u[2,7] = 0.0
o_u[2,8] = 0.0
o_u[3,0] = 0.0
o_u[3,1] = 0.0
o_u[3,2] = 0.0
o_u[3,3] = 0.0
o_u[3,4] = 0.0
o_u[3,5] = 0.0
o_u[3,6] = 0.0
o_u[3,7] = 1.0
o_u[3,8] = 0.0
New pareto points added, correctness = 0.9831460674157303 , explainability = 9.0
App ending 2.................
End of find_pareto_solution_more_c 4 |||||||||||||||||
Inside find_pareto_solution_more_c
Gurobi Optimizer version 12.0.3 build v12.0.3rc0 (linux64 - "Ubuntu 22.04.5 LTS")

CPU model: AMD EPYC 7742 64-Core Processor, instruction set [SSE2|AVX|AVX2]
Thread count: 128 physical cores, 256 logical processors, using up to 32 threads

Optimize a model with 106713 rows, 25034 columns and 327232 nonzeros
Model fingerprint: 0x1222634a
Variable types: 24926 continuous, 108 integer (0 binary)
Coefficient statistics:
  Matrix range     [1e+00, 3e+00]
  Objective range  [1e+00, 3e+00]
  Bounds range     [1e+00, 1e+00]
  RHS range        [1e+00, 1e+03]

MIP start from previous solve did not produce a new incumbent solution
MIP start from previous solve violates constraint R106713 by 1.000000000

Presolve removed 78108 rows and 17405 columns
Presolve time: 1.62s
Presolved: 28605 rows, 7629 columns, 121285 nonzeros
Variable types: 6847 continuous, 782 integer (782 binary)

Root simplex log...

Iteration    Objective       Primal Inf.    Dual Inf.      Time
    9946    1.8599976e+02   4.854100e+03   0.000000e+00      5s
   13868    1.8600000e+02   0.000000e+00   0.000000e+00      7s

Root relaxation: objective 1.860000e+02, 13868 iterations, 5.03 seconds (7.56 work units)
Total elapsed time = 14.13s (DegenMoves)
Total elapsed time = 15.45s (DegenMoves)

    Nodes    |    Current Node    |     Objective Bounds      |     Work
 Expl Unexpl |  Obj  Depth IntInf | Incumbent    BestBd   Gap | It/Node Time

     0     0  186.00000    0   17          -  186.00000      -     -   16s
     0     0  186.00000    0  472          -  186.00000      -     -   20s
     0     0  186.00000    0  507          -  186.00000      -     -   23s
     0     0  186.00000    0   64          -  186.00000      -     -   38s
     0     0  186.00000    0  622          -  186.00000      -     -   42s
     0     0  186.00000    0  583          -  186.00000      -     -   44s
     0     0  186.00000    0   25          -  186.00000      -     -   56s
     0     0  186.00000    0  603          -  186.00000      -     -   58s
     0     0  186.00000    0   25          -  186.00000      -     -   75s
     0     0  186.00000    0   25          -  186.00000      -     -   79s
     0     2  186.00000    0   25          -  186.00000      -     -   99s
     1     5  186.00000    1   65          -  186.00000      - 12695  100s
     7    16  186.00000    3  360          -  186.00000      -  5066  105s
    31    64  186.00000    5  324          -  186.00000      -  2705  110s
    95   185  186.00000    7  266          -  186.00000      -  1920  124s
   196   365  185.50000   10  242          -  186.00000      -  1217  129s
   428   496  184.50000   15  251          -  186.00000      -  1246  135s
  1408   683 infeasible   20               -  186.00000      -   819  142s
  1865   807  186.00000   11  135          -  186.00000      -   753  148s
  2369   987  185.50000   15   92          -  186.00000      -   733  152s
  2971  1176  186.00000    7  211          -  186.00000      -   705  161s
  3758  1401  186.00000   12   27          -  186.00000      -   668  168s
  4522  1619  184.80000   21   31          -  186.00000      -   651  177s
  5596  1799  185.77778   13  230          -  186.00000      -   621  184s
  6598  2022  185.75000   11  201          -  186.00000      -   604  191s
  7632  2023  186.00000   19  507          -  186.00000      -   594  212s
  7634  2024  186.00000   19   19          -  186.00000      -   594  227s
  7635  2025  185.00000   12  470          -  186.00000      -   594  230s
  7637  2026  183.80000   10   25          -  186.00000      -   594  253s
  7638  2027  185.62791   13  103          -  186.00000      -   594  271s
  7640  2028  184.00000   20   92          -  186.00000      -   594  275s
  7642  2030  183.83333   17   24          -  186.00000      -   593  300s
  7644  2031  185.00000   17  122          -  186.00000      -   593  320s
  7646  2032  185.80000   15  102          -  186.00000      -   593  336s
  7648  2034  184.50000   25   19          -  186.00000      -   593  355s
  7649  2034  186.00000   19   13          -  186.00000      -   593  376s
  7651  2039  186.00000   11  552          -  186.00000      -   642  386s
  7653  2042  186.00000   12  262          -  186.00000      -   643  390s
  7665  2062  186.00000   14  656          -  186.00000      -   647  400s
  7713  2110  186.00000   16  521          -  186.00000      -   658  406s
  7745  2241  186.00000   17  516          -  186.00000      -   659  420s
  7906  2306  186.00000   19  465          -  186.00000      -   680  437s
  8144  2303  186.00000   20   31          -  186.00000      -   721  448s
  8376  2305  186.00000   21  238          -  186.00000      -   743  473s
  8548  2408  185.81818   22  267          -  186.00000      -   773  491s
  9177  2378  186.00000   20  221          -  186.00000      -   805  503s
  9909  2310 infeasible   29               -  186.00000      -   819  517s
 10754  2195  186.00000   22  212          -  186.00000      -   832  529s
 12072  1994  186.00000   24  336          -  186.00000      -   831  542s
 13264  1848  186.00000   21  113          -  186.00000      -   837  554s
 14882  1874  185.75000   21  191          -  186.00000      -   830  567s
 16211  2030 infeasible   29               -  186.00000      -   824  577s
 17720  2277  186.00000   21   93          -  186.00000      -   815  596s
 19418  2442  186.00000   24  357          -  186.00000      -   810  606s
 21257  2494  184.75000   22  131          -  186.00000      -   795  625s
 21528  2664  186.00000   23  330          -  186.00000      -   793  638s
 23567  2801 infeasible   38               -  186.00000      -   782  644s
 24837  2983  186.00000   27   74          -  186.00000      -   777  652s
 26810  3121  186.00000   21  178          -  186.00000      -   767  660s
 28348  3314 infeasible   30               -  186.00000      -   763  666s
 29904  3440  186.00000   21  295          -  186.00000      -   759  679s
 31628  3522  185.59259   26  249          -  186.00000      -   753  685s
 32866  3677  184.50909   28  325          -  186.00000      -   752  694s
 34379  3800  185.50000   28   38          -  186.00000      -   748  701s
 35699  3895 infeasible   27               -  186.00000      -   747  708s
 37134  3988  186.00000   28  277          -  186.00000      -   743  718s
 38421  4095  186.00000   31  343          -  186.00000      -   742  725s
 39511  4155 infeasible   36               -  186.00000      -   742  735s
 41039  4315  185.00000   29  187          -  186.00000      -   740  742s
 42848  4447  186.00000   31  226          -  186.00000      -   737  754s
 44519  4558  184.80000   28  130          -  186.00000      -   736  763s
 46316  4693 infeasible   34               -  186.00000      -   732  772s
 48187  4787 infeasible   32               -  186.00000      -   730  782s
 49815  5045  186.00000   31  324          -  186.00000      -   729  790s
 51431  5150  186.00000   25  138          -  186.00000      -   730  797s
 53378  5368  185.80000   25  158          -  186.00000      -   727  805s
 55217  5509  185.33333   24  137          -  186.00000      -   727  815s
 57213  5691  186.00000   31  264          -  186.00000      -   727  825s
 59439  5852 infeasible   31               -  186.00000      -   726 1014s
 62464  6024  186.00000   31   59          -  186.00000      -   724 1027s
 64061  6232  186.00000   21  318          -  186.00000      -   729 1037s
 66412  6336 infeasible   31               -  186.00000      -   730 1050s
 69448  6430  186.00000   21  128          -  186.00000      -   728 1060s
 72010  6509  184.00000   26   97          -  186.00000      -   728 1071s
 75002  6569 infeasible   31               -  186.00000      -   727 1092s
 75502  6693  185.44444   36  287          -  186.00000      -   727 1110s
 78871  6734  184.50000   32   30          -  186.00000      -   725 1124s
 82633  6813  185.00000   22  161          -  186.00000      -   721 1142s
 86322  6827 infeasible   23               -  186.00000      -   718 1155s
 90363  6878 infeasible   30               -  186.00000      -   711 1170s
 93737  7004  183.50000   28  106          -  186.00000      -   710 1191s
 97656  7154  184.25000   31  272          -  186.00000      -   710 1210s
 100982  6983  184.25000   28  152          -  186.00000      -   711 1230s
 104833  6455  185.25000   25  298          -  186.00000      -   708 1243s
 110133  5997  184.41667   27  194          -  186.00000      -   700 1253s
 114708  5388  182.87500   37  176          -  186.00000      -   693 1263s
 119257  4505 infeasible   33               -  185.00000      -   685 1271s
 123853  3330  183.91667   32  125          -  184.77143      -   677 1279s
 127978  1855  183.66667   35  111          -  184.40000      -   668 1287s
 132255     0 infeasible   35               -  184.00000      -   659 1293s

Cutting planes:
  Implied bound: 108
  Clique: 20
  MIR: 75
  Flow cover: 85
  Zero half: 22
  RLT: 1282
  Relax-and-lift: 5
  BQP: 845
  PSD: 8

Explored 135750 nodes (88263490 simplex iterations) in 1293.49 seconds (2090.33 work units)
Thread count was 32 (of 256 available processors)

Solution count 0
No other solutions better than -1e+100

Model is infeasible
Best objective -, best bound -, gap -
[INFO] Model became infeasible under the new cuts.
End of find_pareto_solution_more_c 1 |||||||||||||||||
[0.9719101123595506, 11.0]
Printing original list
[0.9719101123595506, 11.0]
[0.8988765918904904, 12.0]
[0.9831460674157303, 9.0]
Printing list after change
[0.9719101123595506, 11.0]
[0.8988765918904904, 12.0]
[0.9831460674157303, 9.0]
[0.8988765918904904, 12.0]
Printing original list
[0.9719101123595506, 11.0]
[0.8988765918904904, 12.0]
[0.9831460674157303, 9.0]
Printing list after change
[0.9719101123595506, 11.0]
[0.8988765918904904, 12.0]
[0.9831460674157303, 9.0]
[0.9831460674157303, 9.0]
Printing original list
[0.9719101123595506, 11.0]
[0.8988765918904904, 12.0]
[0.9831460674157303, 9.0]
Printing list after change
[0.9719101123595506, 11.0]
[0.8988765918904904, 12.0]
[0.9831460674157303, 9.0]
App ending 3....................... c = 0.9775280898876404 , e = 10.0

 Total time taken: 4428.130242824554 seconds