I AM STARTING --------------------
[]
NOW I AM GOING TO SOLVE THE MODEL FOR FIRST SOLUTION
Gurobi Optimizer version 12.0.3 build v12.0.3rc0 (linux64 - "Ubuntu 22.04.5 LTS")

CPU model: AMD EPYC 7742 64-Core Processor, instruction set [SSE2|AVX|AVX2]
Thread count: 128 physical cores, 256 logical processors, using up to 32 threads

Optimize a model with 146745 rows, 33859 columns and 451974 nonzeros
Model fingerprint: 0x457fce76
Variable types: 33706 continuous, 153 integer (0 binary)
Coefficient statistics:
  Matrix range     [1e+00, 3e+00]
  Objective range  [1e+00, 3e+00]
  Bounds range     [1e+00, 1e+00]
  RHS range        [1e+00, 1e+03]
Presolve removed 112906 rows and 24856 columns
Presolve time: 2.00s
Presolved: 33839 rows, 9003 columns, 145637 nonzeros
Variable types: 8055 continuous, 948 integer (948 binary)
Found heuristic solution: objective 126.0000000
Found heuristic solution: objective 135.0000000

Root relaxation: objective 1.950000e+02, 9675 iterations, 2.30 seconds (2.70 work units)
Total elapsed time = 5.64s (DegenMoves)

    Nodes    |    Current Node    |     Objective Bounds      |     Work
 Expl Unexpl |  Obj  Depth IntInf | Incumbent    BestBd   Gap | It/Node Time

     0     0  195.00000    0  256  135.00000  195.00000  44.4%     -    9s
H    0     0                     166.0000000  195.00000  17.5%     -    9s
     0     0  193.00000    0  361  166.00000  193.00000  16.3%     -   14s
     0     0  193.00000    0  375  166.00000  193.00000  16.3%     -   14s
H    0     0                     168.0000000  193.00000  14.9%     -   15s
     0     0  193.00000    0  375  168.00000  193.00000  14.9%     -   17s
H    0     0                     169.0000000  193.00000  14.2%     -   17s
     0     0  193.00000    0  370  169.00000  193.00000  14.2%     -   17s
H    0     0                     175.0000000  193.00000  10.3%     -   39s
H    0     0                     178.0000000  193.00000  8.43%     -   39s
H    0     0                     184.0000000  193.00000  4.89%     -   39s
     0     0  193.00000    0   80  184.00000  193.00000  4.89%     -   39s
     0     0  193.00000    0   84  184.00000  193.00000  4.89%     -   40s
H    0     0                     185.0000000  193.00000  4.32%     -   55s
     0     0  193.00000    0   23  185.00000  193.00000  4.32%     -   57s
H    0     0                     186.0000000  193.00000  3.76%     -   75s
     0     0  193.00000    0   23  186.00000  193.00000  3.76%     -   76s
     0     0  193.00000    0   23  186.00000  193.00000  3.76%     -   90s
     0     0  192.66667    0   23  186.00000  192.66667  3.58%     -  107s
     0     0  192.66667    0   19  186.00000  192.66667  3.58%     -  115s
     0     2  192.66667    0   19  186.00000  192.66667  3.58%     -  141s
     3     8  192.66667    2  130  186.00000  192.66667  3.58%  6666  161s
    15    32  192.66667    4  236  186.00000  192.66667  3.58%  3738  166s
    63    92  192.66667    6  307  186.00000  192.66667  3.58%  2459  170s
   127   167  192.50000    8  236  186.00000  192.66667  3.58%  1923  183s
   170   216  192.00000    8  253  186.00000  192.66667  3.58%  1734  185s
   335   363  192.00000   10  115  186.00000  192.66667  3.58%  1311  190s
H  558   502                     186.0000005  192.66667  3.58%  1093  193s
   600   551  191.94872   14  181  186.00000  192.66667  3.58%  1053  196s
H  612   551                     187.0000000  192.66667  3.03%  1054  196s
   941   838     cutoff   21       187.00000  192.66667  3.03%   890  201s
  1278   982  189.25000   21  153  187.00000  192.66667  3.03%   796  205s
  1640  1133     cutoff   16       187.00000  192.66667  3.03%   736  210s
  2208  1455  192.66667   10  142  187.00000  192.66667  3.03%   678  215s
  2836  1835  191.91667   13  176  187.00000  192.66667  3.03%   663  221s
  3290  2049     cutoff   29       187.00000  192.66667  3.03%   654  227s
  3583  2156     cutoff   28       187.00000  192.66667  3.03%   646  231s
  4161  2378  192.00000   14  103  187.00000  192.66667  3.03%   638  236s
  4416  2515  191.00000   19  177  187.00000  192.66667  3.03%   641  240s
  4715  2516  191.00000   18   19  187.00000  192.66667  3.03%   640  249s
  4717  2517  189.75000   18  253  187.00000  192.66667  3.03%   639  266s
  4718  2518  190.62500   12   67  187.00000  192.66667  3.03%   639  288s
  4720  2519  191.00000   14   52  187.00000  192.66667  3.03%   639  304s
  4721  2520  191.00000   19   61  187.00000  192.66667  3.03%   639  305s
  4722  2521  191.00000   12   89  187.00000  192.66667  3.03%   639  325s
  4724  2522  192.00000   16   20  187.00000  192.66667  3.03%   638  350s
  4726  2523  192.00000   12   21  187.00000  192.66667  3.03%   638  376s
  4727  2524  192.00000   18   75  187.00000  192.66667  3.03%   638  409s
  4728  2525  192.00000   11  158  187.00000  192.66667  3.03%   638  411s
  4729  2525  191.16667   18   81  187.00000  192.66667  3.03%   638  424s
  4730  2526  191.00000   15   83  187.00000  192.66667  3.03%   638  426s
  4731  2527  190.80000    8  114  187.00000  192.66667  3.03%   637  456s
  4733  2528  191.50000   15  112  187.00000  192.66667  3.03%   637  483s
  4734  2529  191.50000   13   96  187.00000  192.66667  3.03%   637  494s
  4735  2529  191.50000   17   96  187.00000  192.66667  3.03%   637  502s
  4736  2533  192.66667   16  365  187.00000  192.66667  3.03%   727  549s
  4738  2536  192.66667   17  356  187.00000  192.66667  3.03%   728  552s
  4742  2543  192.66667   18  285  187.00000  192.66667  3.03%   730  556s
  4750  2556  192.66667   19  241  187.00000  192.66667  3.03%   733  561s
  4766  2583  192.66667   20  298  187.00000  192.66667  3.03%   740  566s
  4798  2604  192.66667   21  221  187.00000  192.66667  3.03%   752  571s
  4830  2626  192.00000   22  255  187.00000  192.66667  3.03%   762  577s
  4862  2663  192.00000   23  218  187.00000  192.66667  3.03%   769  587s
  4910  2705  192.00000   24  144  187.00000  192.66667  3.03%   773  596s
  4968  2741  191.88000   27  244  187.00000  192.66667  3.03%   780  600s
  5105  2835  191.00000   30   51  187.00000  192.66667  3.03%   783  605s
  5295  2878  189.33333   35   21  187.00000  192.66667  3.03%   778  610s
  5580  2927  191.31818   29  286  187.00000  192.66667  3.03%   772  616s
  5813  2941     cutoff   37       187.00000  192.66667  3.03%   764  622s
  5989  3000     cutoff   38       187.00000  192.66667  3.03%   763  626s
  6282  3047  192.66667   25  302  187.00000  192.66667  3.03%   756  630s
  6850  3153  191.82222   29  216  187.00000  192.66667  3.03%   744  635s
  7389  3242  187.42857   35  307  187.00000  192.66667  3.03%   734  640s
  8233  3356  192.50000   27  160  187.00000  192.66667  3.03%   722  646s
  8898  3475  192.50000   33   96  187.00000  192.66667  3.03%   716  651s
  9699  3544  190.13333   38  134  187.00000  192.66667  3.03%   702  655s
 10831  3569  192.66667   27  102  187.00000  192.66667  3.03%   689  662s
 11716  3626  189.66667   34  173  187.00000  192.66667  3.03%   683  667s
 12021  3712  192.33333   26  142  187.00000  192.66667  3.03%   686  670s
 12970  4041  191.66667   32  158  187.00000  192.66667  3.03%   681  675s
H13466  4109                     187.0000003  192.66667  3.03%   681  678s
H13488  4109                     187.0000003  192.66667  3.03%   681  678s
 13499  4268     cutoff   42       187.00000  192.66667  3.03%   681  681s
 14384  4641  190.00000   37  282  187.00000  192.66667  3.03%   683  687s
 14648  4750  189.30000   42  216  187.00000  192.66667  3.03%   685  690s
H14765  4750                     187.0000016  192.66667  3.03%   686  690s
 15504  5391  189.00000   36   35  187.00000  192.66667  3.03%   681  696s
H16401  5486                     187.0000019  192.66667  3.03%   674  699s
H16457  5486                     187.0000038  192.66667  3.03%   674  699s
 16474  5760  189.00000   37  108  187.00000  192.66667  3.03%   674  703s
 17120  6018  191.66667   28  207  187.00000  192.66667  3.03%   672  706s
 17821  6183  190.00000   36  356  187.00000  192.66667  3.03%   671  710s
H17853  6183                     187.0000044  192.66667  3.03%   671  710s
 18820  6772  187.16667   33   47  187.00000  192.66667  3.03%   671  717s
 19533  6985  191.50000   30  168  187.00000  192.66667  3.03%   670  721s
 20003  7382  192.00000   28  175  187.00000  192.66667  3.03%   669  725s
 20834  7707     cutoff   43       187.00000  192.66667  3.03%   671  731s
 21716  8019  192.00000   30  137  187.00000  192.66667  3.03%   671  735s
 22509  8411  190.00000   38   99  187.00000  192.66667  3.03%   671  740s
 23577  8568  190.59825   42  303  187.00000  192.60000  2.99%   667  746s
H24091  8568                     187.0000047  192.60000  2.99%   665  746s
 24100  8923  189.18750   43  319  187.00000  192.60000  2.99%   665  751s
 24939  9192  188.00000   35  160  187.00000  192.60000  2.99%   662  756s
 26186  9420  191.77778   29  149  187.00000  192.50000  2.94%   657  762s
 27059  9857  191.66667   33  249  187.00000  192.50000  2.94%   653  767s
 28329 10290  191.00000   31  149  187.00000  192.50000  2.94%   651  772s
 29704 10985  189.50000   41   92  187.00000  192.50000  2.94%   648  779s
 31512 11304  189.00000   35  163  187.00000  192.50000  2.94%   644  783s
 32551 11647  192.25000   28  106  187.00000  192.50000  2.94%   643  787s
 33623 11994  190.83333   31  170  187.00000  192.50000  2.94%   643  793s
 34934 12263     cutoff   40       187.00000  192.33333  2.85%   641  798s
 35894 12634  189.00000   38  195  187.00000  192.33333  2.85%   638  803s
 37458 13151     cutoff   33       187.00000  192.14286  2.75%   634  808s
 39176 13764  191.16667   34  238  187.00000  192.00000  2.67%   629  813s
 40896 14373  190.00000   35  219  187.00000  192.00000  2.67%   628  818s
 42772 15087  189.16667   38   47  187.00000  192.00000  2.67%   624  823s
 44582 15471  189.00000   36  332  187.00000  192.00000  2.67%   621  829s
H44919 15471                     187.0000053  192.00000  2.67%   620  829s
 45461 16068  191.66667   33  161  187.00001  192.00000  2.67%   620  835s
 47139 16763  188.90000   39  227  187.00001  192.00000  2.67%   617  841s
 49103 17558  191.00000   33  115  187.00001  192.00000  2.67%   614  849s
 51121 18219  191.00000   31  202  187.00001  192.00000  2.67%   612  855s
 53083 18857  187.33333   38   58  187.00001  192.00000  2.67%   611  862s
 55183 19514  189.33333   37  142  187.00001  192.00000  2.67%   610  869s
 57369 20243     cutoff   29       187.00001  192.00000  2.67%   607  876s
 59584 20244  191.00000   38   19  187.00001  192.00000  2.67%   605 1110s
 59586 20245  189.00000   46  249  187.00001  192.00000  2.67%   605 1122s
 59587 20246  189.65000   40   85  187.00001  192.00000  2.67%   605 1140s
 59589 20247  191.50000   35  142  187.00001  192.00000  2.67%   605 1164s
 59590 20248  190.20000   36  215  187.00001  192.00000  2.67%   605 1180s
 59591 20249  189.16667   38  146  187.00001  192.00000  2.67%   605 1212s
 59592 20249  191.00000   27  204  187.00001  192.00000  2.67%   605 1230s
 59593 20250  190.00000   30   98  187.00001  192.00000  2.67%   605 1279s
H59593 19237                     188.0000000  192.00000  2.13%   605 1300s
 59595 19238  190.00000   33   39  188.00000  192.00000  2.13%   605 1350s
 59596 19239  189.00000   40  105  188.00000  192.00000  2.13%   605 1369s
 59597 19240  190.00000   30   31  188.00000  192.00000  2.13%   605 1432s
 59598 19240  188.00000   34  124  188.00000  192.00000  2.13%   605 1461s
 59599 19241  191.50000   30  124  188.00000  192.00000  2.13%   605 1491s
 59600 19242  191.16667   40  124  188.00000  192.00000  2.13%   605 1524s
 59601 19245  192.00000   29  436  188.00000  192.00000  2.13%   611 1554s
 59603 19249  192.00000   30  228  188.00000  192.00000  2.13%   611 1559s
 59607 19255  192.00000   31  346  188.00000  192.00000  2.13%   611 1564s
 59615 19269  192.00000   32  236  188.00000  192.00000  2.13%   612 1571s
 59631 19295  192.00000   33  315  188.00000  192.00000  2.13%   612 1581s
 59663 19317  192.00000   34  241  188.00000  192.00000  2.13%   615 1585s
 59695 19369  192.00000   35  239  188.00000  192.00000  2.13%   615 1594s
 59759 19412  192.00000   37  155  188.00000  192.00000  2.13%   617 1601s
 59836 19456  191.85714   39  195  188.00000  192.00000  2.13%   618 1606s
 60022 19548  191.83333   42  127  188.00000  192.00000  2.13%   620 1613s
 60137 19570  191.00000   43   94  188.00000  192.00000  2.13%   621 1616s
 60340 19598  190.60000   46  129  188.00000  192.00000  2.13%   623 1623s
 60434 19620  188.50000   48   42  188.00000  192.00000  2.13%   623 1626s
 60627 19631  192.00000   41  404  188.00000  192.00000  2.13%   625 1632s
 60674 19654  192.00000   42  459  188.00000  192.00000  2.13%   625 1637s
 60738 19701  192.00000   43  217  188.00000  192.00000  2.13%   626 1643s
 60895 19707  192.00000   46  154  188.00000  192.00000  2.13%   626 1648s
 61024 19702  191.66667   48  217  188.00000  192.00000  2.13%   627 1653s
 61154 19723  189.75000   51  170  188.00000  192.00000  2.13%   628 1659s
 61269 19737  189.90000   48  230  188.00000  192.00000  2.13%   629 1663s
 61395 19767 infeasible   51       188.00000  192.00000  2.13%   630 1668s
 61526 19785  192.00000   42  210  188.00000  192.00000  2.13%   632 1673s
 61681 19803  191.90000   45  163  188.00000  192.00000  2.13%   633 1678s
 61881 19779  190.25000   49  195  188.00000  192.00000  2.13%   633 1683s
 62051 19804  192.00000   42  330  188.00000  192.00000  2.13%   635 1691s
 62242 19831  192.00000   45  202  188.00000  192.00000  2.13%   636 1698s
 62457 19879  192.00000   37  242  188.00000  192.00000  2.13%   637 1703s
 62707 19915  192.00000   48  121  188.00000  192.00000  2.13%   638 1708s
 62927 19926     cutoff   57       188.00000  192.00000  2.13%   639 1714s
 63185 19975  192.00000   46   98  188.00000  192.00000  2.13%   640 1719s
 63503 20014     cutoff   55       188.00000  192.00000  2.13%   642 1730s
 63837 20053  192.00000   38  128  188.00000  192.00000  2.13%   643 1736s
 64237 20096  191.57143   43  322  188.00000  192.00000  2.13%   643 1741s
 64596 20157  192.00000   39  371  188.00000  192.00000  2.13%   645 1746s
 64997 20207  188.50000   47  101  188.00000  192.00000  2.13%   646 1752s
 65459 20207     cutoff   52       188.00000  192.00000  2.13%   648 1757s
 65901 20243  192.00000   40  260  188.00000  192.00000  2.13%   650 1763s
 66304 20271  192.00000   42  174  188.00000  192.00000  2.13%   652 1769s
 66706 20263  192.00000   41  114  188.00000  192.00000  2.13%   654 1773s
H66717 19296                     188.0000003  192.00000  2.13%   654 1773s
 66943 19412  191.66667   44  145  188.00000  192.00000  2.13%   655 1779s
H67123 18438                     188.0000005  192.00000  2.13%   656 1779s
 67466 18571  192.00000   43   94  188.00000  192.00000  2.13%   657 1783s
 67892 18715  191.00000   51   45  188.00000  192.00000  2.13%   660 1788s
 68389 18664  192.00000   38  232  188.00000  192.00000  2.13%   663 1794s
 68638 18770  192.00000   44  383  188.00000  192.00000  2.13%   665 1799s
 68939 18959  191.00000   46   78  188.00000  192.00000  2.13%   667 1804s
 69561 18988  189.71414   52  261  188.00000  192.00000  2.13%   670 1812s
 70215 19045  192.00000   41  270  188.00000  192.00000  2.13%   672 1818s
 70923 19125  192.00000   41  293  188.00000  192.00000  2.13%   673 1824s
 71656 19149  189.40000   51  157  188.00000  192.00000  2.13%   675 1829s
 72219 19376  191.50000   42  189  188.00000  192.00000  2.13%   679 1835s
 72964 19499     cutoff   51       188.00000  192.00000  2.13%   683 1841s
 73777 19516  189.50000   47   50  188.00000  192.00000  2.13%   685 1847s
 74420 19654  190.14286   55  226  188.00000  192.00000  2.13%   687 1856s
 75243 19729  191.22222   46  347  188.00000  192.00000  2.13%   690 1864s
 76119 19823  190.95763   49  221  188.00000  192.00000  2.13%   692 1872s
 77003 19842     cutoff   47       188.00000  192.00000  2.13%   694 1880s
 77871 19905     cutoff   52       188.00000  192.00000  2.13%   697 1888s
 78675 20004  189.50000   50   58  188.00000  192.00000  2.13%   701 1898s
 79542 20143  191.37500   43  120  188.00000  192.00000  2.13%   705 1906s
 80611 19816  191.38750   54  252  188.00000  192.00000  2.13%   708 1917s
 80656 19995  191.16667   56   91  188.00000  192.00000  2.13%   708 1928s
 81143 20250  190.75000   57  159  188.00000  192.00000  2.13%   709 1940s
 82122 20356  190.92000   51  315  188.00000  192.00000  2.13%   711 1950s
 83340 20395  192.00000   42  184  188.00000  192.00000  2.13%   713 1961s
 84770 20399  191.75000   43  182  188.00000  192.00000  2.13%   715 1973s
 85929 20464  192.00000   49  136  188.00000  192.00000  2.13%   719 1984s
 87019 20639  191.87500   48  242  188.00000  192.00000  2.13%   722 1996s
 88371 20838  191.80000   45  245  188.00000  192.00000  2.13%   725 2010s
 89868 21075  192.00000   44  157  188.00000  192.00000  2.13%   727 2045s
 91793 20958  191.00000   47   97  188.00000  192.00000  2.13%   730 2074s
 93025 21066  191.55556   45  333  188.00000  192.00000  2.13%   732 2103s
 94298 21179     cutoff   37       188.00000  192.00000  2.13%   735 2129s
 95726 21262  190.33333   41  291  188.00000  192.00000  2.13%   738 2171s
 97141 21393     cutoff   47       188.00000  192.00000  2.13%   741 2198s
 98824 21401  190.49432   46  247  188.00000  192.00000  2.13%   742 2221s
 100740 21362  190.83333   53  223  188.00000  192.00000  2.13%   743 2241s
 103618 20498  192.00000   44   90  188.00000  192.00000  2.13%   739 2257s
 103923 20861  192.00000   45   88  188.00000  192.00000  2.13%   739 2278s
 105252 21099  191.50000   44  131  188.00000  192.00000  2.13%   738 2310s
 107317 21045  190.37500   50  243  188.00000  192.00000  2.13%   738 2354s
 109289 21050  188.91667   46  282  188.00000  192.00000  2.13%   740 2398s
 111425 20956  191.75000   44  230  188.00000  192.00000  2.13%   742 2424s
 114190 21582  191.40000   44  328  188.00000  192.00000  2.13%   742 2451s
 117132 22291  189.60870   48  203  188.00000  192.00000  2.13%   740 2480s
 119909 23508  189.66667   42  182  188.00000  192.00000  2.13%   739 2516s
 124641 24135  191.75000   47  149  188.00000  192.00000  2.13%   735 2540s
 126991 24808  189.25000   48  274  188.00000  192.00000  2.13%   735 2571s
 129380 25512  191.00000   49  176  188.00000  192.00000  2.13%   735 2603s
 131947 26369  191.00000   48  130  188.00000  192.00000  2.13%   736 2651s
 134870 27251  189.42857   54  260  188.00000  192.00000  2.13%   735 2693s
 137680 27909  191.00000   46  120  188.00000  192.00000  2.13%   736 2722s
 139904 28813  191.91667   43  127  188.00000  192.00000  2.13%   736 2757s
 143303 29661  191.66667   42  203  188.00000  192.00000  2.13%   737 2803s
 147033 30534  191.00000   46  166  188.00000  192.00000  2.13%   736 2843s
 150384 31883  191.50000   45  167  188.00000  192.00000  2.13%   736 2915s
 155068 32832  189.00000   56   99  188.00000  192.00000  2.13%   736 2960s
 157771 33724  191.00000   50  140  188.00000  192.00000  2.13%   738 2993s
 160785 34673  191.00000   48   99  188.00000  192.00000  2.13%   740 3025s
 164129 35686  190.00000   47  260  188.00000  192.00000  2.13%   740 3059s
 167533 36633  190.83333   45  180  188.00000  192.00000  2.13%   741 3093s
 170825 37625  191.85000   43  184  188.00000  192.00000  2.13%   741 3147s
 173999 38466  188.25000   50  159  188.00000  192.00000  2.13%   742 3180s
 176883 39458  190.75000   44  130  188.00000  192.00000  2.13%   745 3213s
 180560 40752  188.66667   46  154  188.00000  192.00000  2.13%   744 3260s
 185367 41531  192.00000   45  239  188.00000  192.00000  2.13%   742 3291s
 188124 42323  191.00000   49  321  188.00000  192.00000  2.13%   743 3327s
 191072 43103     cutoff   54       188.00000  192.00000  2.13%   743 3376s
 194079 43900  190.33333   54  139  188.00000  192.00000  2.13%   743 3407s
 196775 44815     cutoff   46       188.00000  192.00000  2.13%   745 3448s
 199840 45708  189.71429   54  475  188.00000  192.00000  2.13%   746 3486s
 202760 46726  190.00000   51  124  188.00000  192.00000  2.13%   747 3540s
 205935 47685  190.81481   49  338  188.00000  192.00000  2.13%   748 3577s
 209403 48654  188.85714   56  247  188.00000  192.00000  2.13%   747 3628s
 212792 49612  191.00000   54  235  188.00000  192.00000  2.13%   747 3678s
 216701 50453  189.34783   47  225  188.00000  192.00000  2.13%   748 3716s
 219996 51264  190.50000   53  273  188.00000  192.00000  2.13%   748 3754s
 222969 52135  191.83333   43  200  188.00000  192.00000  2.13%   749 3795s
 226184 53113  190.64286   50  246  188.00000  192.00000  2.13%   750 3823s
 229483 54030  188.25000   42  190  188.00000  192.00000  2.13%   750 3855s
 232583 54476  191.00000   49  197  188.00000  192.00000  2.13%   751 3890s
 234409 55255  190.80000   44  188  188.00000  192.00000  2.13%   751 3938s
 238111 56127     cutoff   45       188.00000  192.00000  2.13%   751 3981s
 241710 57015  189.57143   48  292  188.00000  192.00000  2.13%   752 4035s
 245422 57823  189.45455   44  181  188.00000  192.00000  2.13%   752 4085s
 248794 58597  191.00000   46  238  188.00000  192.00000  2.13%   752 4139s
 251732 59439  192.00000   44  133  188.00000  192.00000  2.13%   752 4188s
 254873 60097  191.00000   47  141  188.00000  192.00000  2.13%   753 4236s
 258114 61013  191.00000   50   77  188.00000  192.00000  2.13%   754 4287s
 261146 61861  191.00000   48  118  188.00000  191.96429  2.11%   755 4332s
 264323 62281  191.00000   47  146  188.00000  191.94444  2.10%   755 4388s
 265600 63051  188.46667   52  322  188.00000  191.93814  2.09%   756 4444s
 268626 64014     cutoff   57       188.00000  191.92857  2.09%   756 4493s
 272298 64899  190.41304   52  267  188.00000  191.90909  2.08%   757 4539s
 274807 64899  190.66667   42  224  188.00000  191.90098  2.07%   758 4540s
 275548 65936  190.24138   43  203  188.00000  191.90000  2.07%   758 4580s
 279157 66813  190.00000   50  266  188.00000  191.88889  2.07%   759 4619s
 282579 67731     cutoff   51       188.00000  191.87500  2.06%   759 4666s
 285736 68712  190.66667   41  212  188.00000  191.87500  2.06%   760 4704s
 289110 69569  191.00000   47  226  188.00000  191.87500  2.06%   760 4738s
 292327 70442  191.75000   47  240  188.00000  191.85714  2.05%   761 4768s
 295446 71368  190.00000   49  126  188.00000  191.84615  2.05%   761 4802s
 298685 72296  191.00000   49  146  188.00000  191.83333  2.04%   762 4836s
 301984 73194  190.95833   42  305  188.00000  191.83333  2.04%   763 4888s
 305520 74134  190.00000   48  271  188.00000  191.83333  2.04%   763 4928s
 308508 75033     cutoff   53       188.00000  191.81818  2.03%   763 4975s
 311790 75867  190.10714   50  148  188.00000  191.80690  2.02%   764 5031s
 315391 76842  190.93750   48  254  188.00000  191.80000  2.02%   764 5076s
 318780 77740  191.00000   48  270  188.00000  191.80000  2.02%   764 5125s
 322017 78475     cutoff   51       188.00000  191.80000  2.02%   765 5187s
 325013 79291  191.50000   46  242  188.00000  191.78916  2.02%   765 5238s
 328250 80129  191.00000   42  203  188.00000  191.77778  2.01%   766 5291s
 331327 81044  190.00000   52  165  188.00000  191.77193  2.01%   766 5344s
 334642 81920  190.50000   49  233  188.00000  191.76190  2.00%   767 5382s
 338303 82666  189.75000   51  219  188.00000  191.75000  1.99%   767 5418s
 341859 83452  188.33333   56  223  188.00000  191.75000  1.99%   767 5459s
 345250 84258  188.33333   52   90  188.00000  191.75000  1.99%   767 5497s
 348588 85049  189.00000   42  176  188.00000  191.75000  1.99%   766 5536s
 351594 85839  190.85714   54  227  188.00000  191.75000  1.99%   767 5572s
 354681 86671     cutoff   55       188.00000  191.74468  1.99%   767 5614s
 357124 86671  190.66667   50  166  188.00000  191.74125  1.99%   768 5615s
 357660 87441  191.00000   45  147  188.00000  191.73529  1.99%   768 5673s
 360902 88292  190.28571   51  279  188.00000  191.72414  1.98%   768 5735s
 364062 89203  189.50000   51  132  188.00000  191.71429  1.98%   769 5801s
 367541 90019     cutoff   46       188.00000  191.71429  1.98%   769 5867s
 371192 90798  191.00000   48  241  188.00000  191.70270  1.97%   769 5921s
 374227 91584  190.59375   49  414  188.00000  191.69231  1.96%   770 5971s
 377523 92415  191.00000   49  143  188.00000  191.67724  1.96%   770 6008s
 381496 93126  190.50000   46  236  188.00000  191.66667  1.95%   769 6041s
 384683 93915  190.00000   51  169  188.00000  191.66667  1.95%   770 6082s
 387772 94682  189.39024   51  290  188.00000  191.66667  1.95%   770 6118s
 390842 95570  191.00000   48  129  188.00000  191.66667  1.95%   770 6156s
 394285 96003  188.33333   53  185  188.00000  191.66667  1.95%   771 6188s
 396382 96669  190.50000   47  231  188.00000  191.66667  1.95%   772 6226s
H397699 96669                     188.0000024  191.66667  1.95%   772 6226s
 398993 97072  191.50000   47   54  188.00000  191.66667  1.95%   772 6261s
 400254 98169  190.82759   46  310  188.00000  191.66667  1.95%   772 6310s
 404631 99222  189.50000   50  112  188.00000  191.66667  1.95%   772 6365s
 409047 100110  190.33333   48  144  188.00000  191.66667  1.95%   772 6419s
 413042 100995  191.15569   47  367  188.00000  191.66667  1.95%   772 6468s
 416374 101782  190.00000   53  235  188.00000  191.65000  1.94%   773 6507s
 419746 102543  188.46875   54  514  188.00000  191.64000  1.94%   774 6556s
 422659 103269  188.73333   58  384  188.00000  191.63636  1.93%   775 6616s
 426065 104312     cutoff   58       188.00000  191.62500  1.93%   775 6667s
 429710 105263  189.66667   48  201  188.00000  191.61214  1.92%   776 6712s
 433446 106028  191.50000   51  118  188.00000  191.60294  1.92%   776 6759s
 436896 106799  190.50000   47  190  188.00000  191.60000  1.91%   776 6795s
 439943 107604  189.66667   54  189  188.00000  191.60000  1.91%   777 6841s
 443185 108466  190.76316   48  200  188.00000  191.58333  1.91%   777 6883s
 446673 109333  191.00000   44   58  188.00000  191.57143  1.90%   777 6929s
 450027 109884  190.00000   49  196  188.00000  191.56164  1.89%   778 6980s
 453567 110516  191.41379   51  278  188.00000  191.55319  1.89%   778 7039s
 456860 111183  188.33333   62  103  188.00000  191.53333  1.88%   778 7090s
 460007 111770     cutoff   44       188.00000  191.52044  1.87%   778 7131s
 465132 112322  190.56250   51  177  188.00000  191.50000  1.86%   776 7171s
 469716 112756  189.80000   50  154  188.00000  191.50000  1.86%   774 7205s
 473515 113306  190.00000   46  153  188.00000  191.50000  1.86%   772 7241s
 476709 113759  191.00000   53  122  188.00000  191.50000  1.86%   771 7277s
 479630 114363  190.06250   49  164  188.00000  191.50000  1.86%   771 7326s
 483643 114914  188.50000   51  275  188.00000  191.50000  1.86%   770 7371s
 487022 115461  190.00000   49  118  188.00000  191.50000  1.86%   770 7409s
 490098 116036  190.50000   47  136  188.00000  191.50000  1.86%   770 7447s
 493450 116540  191.00000   43   43  188.00000  191.50000  1.86%   769 7480s
 496212 117062  188.25000   58   55  188.00000  191.50000  1.86%   769 7520s
 499653 117588     cutoff   49       188.00000  191.50000  1.86%   768 7556s
 502968 118108     cutoff   45       188.00000  191.50000  1.86%   768 7599s
 506387 118695     cutoff   55       188.00000  191.50000  1.86%   768 7639s
 509548 119315  189.50000   50  195  188.00000  191.50000  1.86%   768 7684s
 513287 119928  190.36364   47  210  188.00000  191.50000  1.86%   767 7717s
 516565 120440  189.33333   55  208  188.00000  191.50000  1.86%   767 7754s
 520009 121031  189.50000   54  155  188.00000  191.50000  1.86%   767 7793s
 523227 121551     cutoff   45       188.00000  191.50000  1.86%   767 7850s
 526696 122150  191.00000   55  212  188.00000  191.50000  1.86%   767 7900s
 530012 122684  188.75000   59  177  188.00000  191.50000  1.86%   766 7952s
 532930 123174  190.75000   47  182  188.00000  191.49708  1.86%   766 7993s
 535857 123607  190.00000   53  199  188.00000  191.47368  1.85%   767 8029s
 538934 124124  190.42105   52  202  188.00000  191.46154  1.84%   767 8066s
 541946 124704     cutoff   47       188.00000  191.44444  1.83%   767 8113s
 545884 125263  190.08333   49  200  188.00000  191.42857  1.82%   767 8154s
 549504 125544     cutoff   49       188.00000  191.41667  1.82%   767 8189s
 551420 126147  191.00000   46  122  188.00000  191.41667  1.82%   767 8226s
 554966 126678     cutoff   54       188.00000  191.40000  1.81%   766 8271s
 558660 127139     cutoff   57       188.00000  191.39640  1.81%   766 8316s
 562502 127527  188.60000   49   94  188.00000  191.37500  1.80%   766 8364s
 566428 127955  190.50000   45   38  188.00000  191.35246  1.78%   765 8403s
 570090 128411  190.66667   48  150  188.00000  191.33333  1.77%   765 8454s
 574201 128853  190.50000   47  258  188.00000  191.33333  1.77%   764 8500s
 577270 129255  190.00000   44  236  188.00000  191.33333  1.77%   764 8546s
 580786 129372     cutoff   52       188.00000  191.33333  1.77%   763 8576s
 581647 129720     cutoff   52       188.00000  191.33333  1.77%   763 8613s
H582957 129720                     188.0000063  191.33333  1.77%   763 8613s
 584494 130120  191.00000   47  299  188.00001  191.33333  1.77%   763 8653s
H584930 130120                     188.0000095  191.33333  1.77%   763 8653s
 587692 130433  191.00000   48  140  188.00001  191.32011  1.77%   763 8694s
 587847 130433  189.66667   47  325  188.00001  191.32011  1.77%   763 8695s
H590464 130433                     188.0000100  191.30653  1.76%   762 8695s
 590833 130798     cutoff   55       188.00001  191.30000  1.76%   762 8744s
 594681 131101  190.12500   40  160  188.00001  191.25926  1.73%   761 8781s
H594723 131101                     188.0000132  191.25926  1.73%   762 8781s
 597927 131435  188.83333   49  150  188.00001  191.25000  1.73%   761 8818s
 601105 131654  189.50000   46  250  188.00001  191.25000  1.73%   760 8860s
 604792 131936     cutoff   46       188.00001  191.23913  1.72%   760 8896s
 608324 132227  190.00000   60  300  188.00001  191.20625  1.71%   760 8934s
 612044 132280  190.00000   47  133  188.00001  191.19048  1.70%   759 8958s
H612049 132280                     188.0000145  191.19048  1.70%   759 8958s
H612140 132280                     188.0000155  191.18182  1.69%   759 8958s
 612165 132409  189.38462   49  134  188.00002  191.17647  1.69%   759 9004s
 616168 132481  189.50000   45  184  188.00002  191.16667  1.68%   758 9038s
 617885 132602  188.77778   53  236  188.00002  191.16000  1.68%   758 9086s
H621407 132602                     188.0000159  191.14815  1.67%   758 9086s
 621759 132896  188.25000   46  190  188.00002  191.12500  1.66%   758 9124s
 625829 133155  191.00000   48   54  188.00002  191.07692  1.64%   757 9150s
 628116 133603  191.00000   49   54  188.00002  191.05556  1.63%   756 9192s
 632335 134227  190.50000   50  114  188.00002  191.00000  1.60%   755 9258s
 637552 134525  190.28571   48  195  188.00002  191.00000  1.60%   753 9299s
 640828 135002  190.50000   48  125  188.00002  191.00000  1.60%   752 9335s
 644109 135437  190.00000   49  109  188.00002  191.00000  1.60%   751 9364s
 647315 135808     cutoff   54       188.00002  191.00000  1.60%   751 9399s
 650572 136244  190.00000   55  148  188.00002  191.00000  1.60%   750 9426s
 653618 136640  189.50000   51  182  188.00002  191.00000  1.60%   749 9459s
 657091 137114  191.00000   49   23  188.00002  191.00000  1.60%   748 9499s
 660766 137570     cutoff   49       188.00002  191.00000  1.60%   747 9537s
 664035 138303     cutoff   56       188.00002  191.00000  1.60%   746 9578s
 668523 138696  190.00000   48  153  188.00002  191.00000  1.60%   745 9607s
 671054 139156     cutoff   48       188.00002  191.00000  1.60%   745 9637s
 674425 139552  190.00000   48  194  188.00002  191.00000  1.60%   745 9668s
 677512 139993     cutoff   59       188.00002  191.00000  1.60%   745 9701s
 680703 140350     cutoff   56       188.00002  191.00000  1.60%   745 9735s
 684171 140677  190.00000   51  131  188.00002  191.00000  1.60%   745 9769s
 687495 141053  189.00000   52  207  188.00002  191.00000  1.60%   744 9798s
 690711 141358  190.50000   51  101  188.00002  191.00000  1.60%   744 9834s
 692501 141358  189.50000   52  136  188.00002  191.00000  1.60%   744 9835s
 693925 141617  190.50000   54  109  188.00002  191.00000  1.60%   744 9875s
 697691 142041  189.00000   47   70  188.00002  191.00000  1.60%   744 9915s
 701261 142349  188.50000   53   37  188.00002  191.00000  1.60%   744 9963s
 704730 142672  189.00000   52  196  188.00002  191.00000  1.60%   744 10023s
 708108 143044  189.75000   51  120  188.00002  191.00000  1.60%   744 10077s
 711092 143447  189.00000   56   53  188.00002  191.00000  1.60%   744 10116s
 714529 143706  190.63889   47  212  188.00002  191.00000  1.60%   744 10147s
 717416 143978  190.00000   48  183  188.00002  191.00000  1.60%   744 10191s
 720926 144370  188.62500   60  224  188.00002  191.00000  1.60%   743 10233s
 724264 144722     cutoff   44       188.00002  191.00000  1.60%   743 10273s
 727976 145141  189.33333   55   68  188.00002  191.00000  1.60%   743 10306s
 731399 145575  190.66667   49  233  188.00002  191.00000  1.60%   743 10332s
 734360 145887     cutoff   50       188.00002  191.00000  1.60%   743 10358s
 737571 146301  191.00000   46   50  188.00002  191.00000  1.60%   743 10391s
 740743 146665  189.28571   51  273  188.00002  191.00000  1.60%   743 10420s
 743530 147159  188.25000   53  168  188.00002  191.00000  1.60%   743 10459s
 746609 147609     cutoff   56       188.00002  191.00000  1.60%   744 10488s
 749989 148107  190.40000   48   47  188.00002  191.00000  1.60%   744 10537s
 752994 148490  190.66667   45  116  188.00002  191.00000  1.60%   744 10580s
 755811 148936  188.50000   56  266  188.00002  191.00000  1.60%   744 10626s
 759038 149407  190.00000   54  248  188.00002  191.00000  1.60%   744 10671s
 762638 149809  188.50000   53   80  188.00002  191.00000  1.60%   744 10718s
 766196 149906     cutoff   57       188.00002  191.00000  1.60%   744 10743s
 767060 150351  190.00000   48  138  188.00002  191.00000  1.60%   744 10775s
 770208 150855  188.66667   54  213  188.00002  191.00000  1.60%   744 10809s
 773563 151223     cutoff   60       188.00002  191.00000  1.60%   745 10850s
 777313 151634     cutoff   49       188.00002  191.00000  1.60%   745 10895s
 780923 152056     cutoff   55       188.00002  191.00000  1.60%   745 10935s
 784425 152507  189.00000   51  282  188.00002  191.00000  1.60%   745 10976s
 787996 152920     cutoff   48       188.00002  191.00000  1.60%   745 11018s
 791565 153236  190.50000   54   90  188.00002  191.00000  1.60%   745 11050s
 793695 153705  189.14286   56  281  188.00002  191.00000  1.60%   745 11095s
 797131 154218     cutoff   55       188.00002  191.00000  1.60%   745 11145s
 801163 154555     cutoff   52       188.00002  191.00000  1.60%   745 11184s
 803654 155040  190.50000   53  298  188.00002  191.00000  1.60%   745 11227s
 807314 155461  188.50000   48   17  188.00002  191.00000  1.60%   745 11262s
 810981 155990  190.55000   50  234  188.00002  191.00000  1.60%   745 11294s
 814894 156432     cutoff   53       188.00002  191.00000  1.60%   745 11325s
 818227 156782  189.50000   49  133  188.00002  191.00000  1.60%   745 11378s
 822057 157178     cutoff   58       188.00002  191.00000  1.60%   745 11421s
 824988 157531  189.50000   50  132  188.00002  191.00000  1.60%   745 11480s
 828255 157929  188.42857   42  222  188.00002  191.00000  1.60%   745 11526s
 831552 158347  189.20000   49  137  188.00002  191.00000  1.60%   745 11572s
 834828 158699  188.66667   58   69  188.00002  191.00000  1.60%   745 11606s
 838217 159073  191.00000   54  208  188.00002  191.00000  1.60%   745 11641s
 841507 159393     cutoff   49       188.00002  191.00000  1.60%   745 11677s
 844733 159667  191.00000   43  159  188.00002  191.00000  1.60%   745 11708s
 847886 160066     cutoff   51       188.00002  191.00000  1.60%   745 11760s
 851260 160500  190.00000   50  171  188.00002  191.00000  1.60%   746 11799s
 854514 160929     cutoff   59       188.00002  191.00000  1.60%   746 11838s
 857815 161416  190.00000   52  131  188.00002  191.00000  1.60%   746 11877s
 861151 161814  190.87500   49  238  188.00002  191.00000  1.60%   746 11918s
 864332 162205  190.00000   56   47  188.00002  191.00000  1.60%   746 11955s
 867675 162694  191.00000   48  203  188.00002  191.00000  1.60%   746 12008s
 870923 163140  190.00000   50  197  188.00002  191.00000  1.60%   746 12047s
 874540 163686  189.66667   53  112  188.00002  191.00000  1.60%   746 12091s
 878030 164017  190.00000   51  104  188.00002  191.00000  1.60%   746 12140s
 881601 164407  191.00000   48  423  188.00002  191.00000  1.60%   746 12181s
 884464 164888  188.07843   53  206  188.00002  191.00000  1.60%   747 12242s
 887483 165397  188.44186   48  216  188.00002  191.00000  1.60%   747 12311s
 890671 165861  189.33333   54  231  188.00002  191.00000  1.60%   747 12371s
 893910 166343  190.66667   49  211  188.00002  191.00000  1.60%   748 12409s
 897062 166837  190.90000   50  236  188.00002  191.00000  1.60%   748 12459s
 900624 167269  188.42795   52  388  188.00002  191.00000  1.60%   748 12494s
 903849 167624  190.00000   53   99  188.00002  191.00000  1.60%   748 12530s
 907239 168124  190.15484   50  384  188.00002  191.00000  1.60%   748 12573s
 910240 168700  190.00000   54  124  188.00002  191.00000  1.60%   749 12618s
 914266 169134  188.77273   50  319  188.00002  191.00000  1.60%   748 12657s
 917450 169580  189.00000   52   86  188.00002  191.00000  1.60%   749 12711s
 920754 170027     cutoff   50       188.00002  191.00000  1.60%   749 12746s
 923725 170486     cutoff   53       188.00002  191.00000  1.60%   749 12784s
 927043 170911  190.73077   47  319  188.00002  191.00000  1.60%   749 12822s
 930711 171382  190.50000   45   85  188.00002  191.00000  1.60%   749 12853s
 934101 171850  190.00000   48  176  188.00002  191.00000  1.60%   749 12893s
 937166 172368     cutoff   62       188.00002  191.00000  1.60%   749 12936s
 940413 172827  190.57143   55  195  188.00002  191.00000  1.60%   749 12983s
 943503 173380  190.85714   50  167  188.00002  191.00000  1.60%   750 13025s
 946890 173745     cutoff   56       188.00002  191.00000  1.60%   750 13064s
 950129 173849  190.83333   45  201  188.00002  191.00000  1.60%   750 13090s
H950466 173849                     188.0000167  191.00000  1.60%   750 13090s
 950656 174201  190.55556   46  259  188.00002  191.00000  1.60%   750 13115s
 952803 174658  190.00000   47  323  188.00002  191.00000  1.60%   750 13144s
H954310 174658                     188.0000180  191.00000  1.60%   750 13144s
 955621 175177 infeasible   53       188.00002  191.00000  1.60%   750 13177s
 958765 175782  190.50000   53  133  188.00002  191.00000  1.60%   750 13209s
 962576 176483  189.23077   56  333  188.00002  191.00000  1.60%   751 13242s
 966475 176994  189.66667   48  253  188.00002  191.00000  1.60%   751 13269s
 969781 177457  190.33333   54  150  188.00002  191.00000  1.60%   751 13295s
 972970 177853  190.66667   46  238  188.00002  191.00000  1.60%   751 13330s
 976285 178340     cutoff   55       188.00002  191.00000  1.60%   752 13367s
 979534 178717  189.33333   54  106  188.00002  191.00000  1.60%   752 13396s
 982073 179333  188.25000   52  160  188.00002  191.00000  1.60%   752 13428s
 985511 179886  190.00000   56   82  188.00002  191.00000  1.60%   752 13455s
 988835 180379  190.71429   49  267  188.00002  191.00000  1.60%   752 13481s
 992171 180911  188.25000   56  232  188.00002  191.00000  1.60%   753 13510s
 995505 181524  188.50000   49  151  188.00002  191.00000  1.60%   753 13547s
 998435 182019  188.40275   58  350  188.00002  191.00000  1.60%   753 13586s
 1002347 182482     cutoff   49       188.00002  191.00000  1.60%   753 13624s
 1005776 182958     cutoff   53       188.00002  191.00000  1.60%   753 13651s
 1009078 183587  190.50000   52  198  188.00002  191.00000  1.60%   753 13679s
 1012138 184206     cutoff   57       188.00002  191.00000  1.60%   754 13706s
 1015201 184696  189.66667   53  210  188.00002  191.00000  1.60%   754 13736s
 1018501 185306  188.33333   53  128  188.00002  191.00000  1.60%   754 13770s
 1021774 185736     cutoff   52       188.00002  191.00000  1.60%   754 13807s
 1024908 186063     cutoff   53       188.00002  191.00000  1.60%   754 13844s
 1028010 186361  189.54545   46  249  188.00002  191.00000  1.60%   755 13881s
 1031145 186547     cutoff   50       188.00002  191.00000  1.60%   755 13935s
 1034551 186919  191.00000   52  162  188.00002  191.00000  1.60%   755 13977s
 1037941 187187  190.50000   48  291  188.00002  191.00000  1.60%   756 14020s
 1041462 187375     cutoff   55       188.00002  191.00000  1.60%   756 14061s
 1044915 187629  190.50000   52  248  188.00002  191.00000  1.60%   756 14088s
 1048138 187841     cutoff   51       188.00002  191.00000  1.60%   756 14117s
 1051468 188098  189.63889   60  328  188.00002  191.00000  1.60%   756 14146s
 1054697 188418  190.50000   52  103  188.00002  191.00000  1.60%   757 14182s
 1057812 188648  190.66667   53  215  188.00002  191.00000  1.60%   757 14212s
 1060601 189100  190.47059   47  255  188.00002  191.00000  1.60%   757 14258s
 1064120 189464     cutoff   50       188.00002  191.00000  1.60%   757 14297s
 1067488 189965  189.00000   54  241  188.00002  191.00000  1.60%   758 14336s
 1071015 190406  189.57143   55  226  188.00002  191.00000  1.60%   758 14377s
 1074376 190893  190.46776   54  329  188.00002  191.00000  1.60%   758 14413s
 1077596 191332  190.00000   53   59  188.00002  191.00000  1.60%   758 14451s
 1080757 191595  190.60000   45  398  188.00002  191.00000  1.60%   759 14477s
 1082624 192018  190.50000   53  239  188.00002  191.00000  1.60%   759 14511s
 1085874 192413  189.50000   52   99  188.00002  191.00000  1.60%   759 14536s
 1088864 192893     cutoff   56       188.00002  191.00000  1.60%   760 14562s
 1092528 193357  189.60000   52  241  188.00002  191.00000  1.60%   760 14586s
 1095874 193668  189.74074   49  359  188.00002  191.00000  1.60%   760 14609s
 1096270 193668     cutoff   53       188.00002  191.00000  1.60%   760 14610s
 1098548 194097  190.00000   43  200  188.00002  191.00000  1.60%   760 14636s
 1102055 194482     cutoff   58       188.00002  191.00000  1.60%   761 14662s
 1105205 194787  190.66667   54  104  188.00002  191.00000  1.60%   761 14689s
 1108427 195237  188.44444   56   70  188.00002  191.00000  1.60%   761 14732s
 1111869 195648  190.75000   55  127  188.00002  191.00000  1.60%   762 14769s
 1115165 195808  190.75000   54  254  188.00002  191.00000  1.60%   762 14801s
 1116097 197386  191.00000   49  147  188.00002  191.00000  1.60%   762 14920s
 1127057 197968  189.50000   51  225  188.00002  191.00000  1.60%   762 14954s
 1130553 198411     cutoff   60       188.00002  191.00000  1.60%   763 14985s
 1134356 199034  189.33333   52  314  188.00002  191.00000  1.60%   763 15013s
 1137874 199589  190.75000   50  162  188.00002  190.96429  1.58%   763 15047s
 1141420 199839  190.00000   53  291  188.00002  190.95549  1.57%   764 15073s
 1142942 200345  190.50000   48  196  188.00002  190.95455  1.57%   764 15100s
 1146806 200715     cutoff   58       188.00002  190.94444  1.57%   764 15127s
 1149885 201132  188.24324   53  199  188.00002  190.94118  1.56%   764 15153s
 1152570 201639     cutoff   54       188.00002  190.93333  1.56%   764 15181s
 1156056 202107     cutoff   58       188.00002  190.92857  1.56%   765 15208s
 1159564 202521     cutoff   61       188.00002  190.92857  1.56%   765 15236s
 1162961 203010  190.50000   51  283  188.00002  190.92000  1.55%   765 15265s
 1166682 203421  188.66667   53  242  188.00002  190.91667  1.55%   765 15294s
 1170103 203893  189.50000   49   72  188.00002  190.90909  1.55%   766 15322s
 1173517 204364  190.00000   51  140  188.00002  190.90476  1.55%   766 15349s
 1176773 204874  188.66667   53   89  188.00002  190.90000  1.54%   766 15385s
 1180098 205261  189.00000   55  221  188.00002  190.90000  1.54%   766 15411s
 1182981 205666     cutoff   65       188.00002  190.89352  1.54%   767 15441s
 1186461 206198  189.50000   57  112  188.00002  190.88889  1.54%   767 15473s
 1189659 206636  189.00000   56  155  188.00002  190.88889  1.54%   767 15505s
 1193083 207050  190.28571   57  191  188.00002  190.88462  1.53%   767 15540s
 1196384 207439  189.00000   54  178  188.00002  190.87500  1.53%   767 15569s
 1199923 207929  190.00000   51  172  188.00002  190.87500  1.53%   767 15597s
 1203297 208251     cutoff   57       188.00002  190.87500  1.53%   767 15627s
 1206203 208726  189.25000   52  363  188.00002  190.87500  1.53%   768 15660s
 1209570 209036  189.64286   56  100  188.00002  190.86667  1.52%   768 15694s
 1212697 209469  188.85714   53   60  188.00002  190.86232  1.52%   768 15736s
 1215951 209911  189.31579   51  269  188.00002  190.85714  1.52%   768 15784s
 1219241 210268     cutoff   57       188.00002  190.85714  1.52%   768 15835s
 1222345 210621  190.00000   45  204  188.00002  190.85714  1.52%   768 15876s
 1225617 211013  189.66667   50  294  188.00002  190.85000  1.52%   768 15922s
 1228917 211433  190.00000   49  181  188.00002  190.84503  1.51%   769 15952s
 1232213 211674     cutoff   61       188.00002  190.83784  1.51%   769 15982s
 1234978 212007  189.40000   56  282  188.00002  190.83333  1.51%   769 16015s
 1238517 212445     cutoff   46       188.00002  190.83333  1.51%   769 16047s
 1241790 212837     cutoff   60       188.00002  190.83333  1.51%   769 16079s
 1244894 213214     cutoff   64       188.00002  190.83333  1.51%   769 16110s
 1248251 213586  190.50000   57  182  188.00002  190.83333  1.51%   769 16139s
 1251446 213887  189.50000   54  233  188.00002  190.83333  1.51%   770 16170s
 1254758 214222  190.00000   46  113  188.00002  190.83333  1.51%   770 16201s
 1258223 214677  190.00000   56  177  188.00002  190.83333  1.51%   770 16232s
 1261248 215006  189.75000   55  247  188.00002  190.82609  1.50%   770 16263s
 1264375 215328  188.18182   56  236  188.00002  190.81818  1.50%   770 16293s
 1267521 215645  190.50000   57  131  188.00002  190.81818  1.50%   771 16323s
 1270433 215875  189.66667   49  286  188.00002  190.81250  1.50%   771 16350s
 1271716 216372  189.00000   57  281  188.00002  190.80952  1.49%   771 16387s
 1276523 216794  189.50000   54   84  188.00002  190.80743  1.49%   771 16416s
 1280170 217161  189.00000   58  133  188.00002  190.80000  1.49%   771 16449s
 1283619 217362  189.13043   60  365  188.00002  190.80000  1.49%   772 16475s
 1284786 217789  189.00000   62  275  188.00002  190.80000  1.49%   772 16511s
 1288718 218225  190.50000   55   93  188.00002  190.80000  1.49%   772 16552s
 1292566 218618  189.00000   58  113  188.00002  190.80000  1.49%   772 16590s
 1296824 218995     cutoff   51       188.00002  190.80000  1.49%   772 16627s
 1299826 219233  188.87097   52  243  188.00002  190.80000  1.49%   772 16666s
 1302306 219662  189.83333   62  134  188.00002  190.79070  1.48%   773 16698s
 1305849 220142  188.64286   52  292  188.00002  190.78571  1.48%   773 16729s
 1309480 220523     cutoff   55       188.00002  190.77778  1.48%   773 16760s
 1313091 220962  189.00000   58   28  188.00002  190.77778  1.48%   774 16792s
 1316445 221375     cutoff   48       188.00002  190.77778  1.48%   774 16820s
 1319647 221819  190.60000   50  117  188.00002  190.76923  1.47%   774 16851s
 1322815 222154  188.26629   50  331  188.00002  190.76190  1.47%   775 16889s
 1326789 222410  190.72131   44  218  188.00002  190.75269  1.46%   775 16926s
 1330978 222621     cutoff   57       188.00002  190.75000  1.46%   774 16951s
 1333692 222835  189.41667   48  221  188.00002  190.75000  1.46%   774 16987s
 1336781 222996  190.00000   53   92  188.00002  190.75000  1.46%   774 17026s
 1339615 223205  189.50000   46  241  188.00002  190.75000  1.46%   774 17057s
 1342583 223395     cutoff   50       188.00002  190.75000  1.46%   774 17088s
 1345441 223682  188.50000   64   74  188.00002  190.75000  1.46%   774 17120s
 1348426 223974     cutoff   50       188.00002  190.75000  1.46%   775 17150s
 1351447 224196  189.86667   56  260  188.00002  190.75000  1.46%   775 17190s
 1354553 224472     cutoff   52       188.00002  190.75000  1.46%   775 17231s
 1357634 224704  189.66667   54  245  188.00002  190.75000  1.46%   775 17269s
 1360791 225030     cutoff   62       188.00002  190.75000  1.46%   775 17298s
 1364134 225324  189.81510   53  401  188.00002  190.75000  1.46%   775 17329s
 1367492 225604  190.00000   53  130  188.00002  190.75000  1.46%   775 17356s
 1370612 225927  190.00000   46  173  188.00002  190.75000  1.46%   776 17386s
 1374048 226272  189.00000   55  177  188.00002  190.75000  1.46%   776 17417s
 1377359 226634  188.80000   48  284  188.00002  190.75000  1.46%   776 17450s
 1380636 226879  189.92857   58  187  188.00002  190.74603  1.46%   776 17481s
 1383438 227220  190.00000   49  135  188.00002  190.73684  1.46%   776 17513s
 1386774 227460     cutoff   55       188.00002  190.73333  1.45%   776 17548s
 1389669 227747  189.75000   57  115  188.00002  190.72727  1.45%   777 17573s
 1392722 228095  190.25000   55  225  188.00002  190.72500  1.45%   777 17611s
 1395882 228417  190.00000   52  192  188.00002  190.71875  1.45%   777 17647s
 1399424 228700  188.99999   52  152  188.00002  190.71429  1.44%   778 17697s
 1403009 229006     cutoff   49       188.00002  190.71429  1.44%   778 17731s
 1406327 229308     cutoff   53       188.00002  190.71429  1.44%   778 17759s
 1409326 229627  190.00000   52  207  188.00002  190.70588  1.44%   778 17787s
 1412786 229905  189.81250   53  350  188.00002  190.70000  1.44%   779 17813s
 1415952 230150  188.80000   58  195  188.00002  190.70000  1.44%   779 17840s
 1418812 230477  189.50000   45  408  188.00002  190.69231  1.43%   779 17869s
 1422051 230753  189.00000   60   67  188.00002  190.68927  1.43%   780 17906s
 1425180 231006  188.75000   61  131  188.00002  190.68182  1.43%   780 17947s
 1429396 231275  189.87500   56  125  188.00002  190.66859  1.42%   780 17993s
 1433982 231405  189.00000   50   32  188.00002  190.66667  1.42%   780 18023s
 1436913 231511     cutoff   57       188.00002  190.66667  1.42%   780 18049s
 1437865 231687     cutoff   57       188.00002  190.66667  1.42%   780 18076s
 1440846 231935  190.33333   49  282  188.00002  190.66667  1.42%   780 18104s
 1444654 232168  188.40000   52  151  188.00002  190.66667  1.42%   780 18130s
 1448020 232416  189.66667   61  140  188.00002  190.66667  1.42%   780 18158s
 1451572 232608  190.61905   46  219  188.00002  190.66667  1.42%   780 18180s
 1454434 232801     cutoff   56       188.00002  190.66667  1.42%   780 18206s
 1457713 232993  189.68750   45  224  188.00002  190.66667  1.42%   780 18229s
 1461051 233207  190.00000   49   99  188.00002  190.66667  1.42%   780 18253s
 1464224 233473  189.00000   53  181  188.00002  190.66667  1.42%   780 18279s
 1466035 233473     cutoff   54       188.00002  190.66667  1.42%   780 18280s
 1467646 233678  190.46667   48  274  188.00002  190.66667  1.42%   780 18304s
 1470835 233883  190.00000   54   63  188.00002  190.66667  1.42%   780 18327s
 1474271 234119     cutoff   50       188.00002  190.66667  1.42%   780 18353s
 1477291 234366  188.29167   56  167  188.00002  190.66667  1.42%   780 18381s
 1480184 234527  188.75000   50  293  188.00002  190.66667  1.42%   780 18410s
 1483574 234844  189.80000   53  154  188.00002  190.66667  1.42%   781 18436s
 1487091 235168  189.25000   51  254  188.00002  190.66667  1.42%   781 18464s
 1490444 235387     cutoff   57       188.00002  190.66667  1.42%   781 18488s
 1493808 235675  188.66667   57  218  188.00002  190.66667  1.42%   781 18515s
 1497090 235894  188.50000   50  197  188.00002  190.66667  1.42%   781 18541s
 1500795 236155  188.50000   53  150  188.00002  190.66667  1.42%   781 18565s
 1504064 236401 infeasible   51       188.00002  190.66667  1.42%   781 18588s
 1507412 236547  189.50000   50  119  188.00002  190.66667  1.42%   781 18612s
 1509765 236915  189.42487   56  289  188.00002  190.66667  1.42%   781 18643s
 1514203 237237  189.00000   53  182  188.00002  190.66667  1.42%   782 18670s
 1517912 237508  189.83333   57  216  188.00002  190.66667  1.42%   782 18696s
 1521453 237751     cutoff   50       188.00002  190.66667  1.42%   782 18722s
 1525011 238079  190.50000   50  262  188.00002  190.66667  1.42%   782 18754s
 1528533 238367  189.33333   48  197  188.00002  190.66667  1.42%   782 18787s
 1532005 238628     cutoff   54       188.00002  190.66667  1.42%   782 18824s
 1534805 238868  190.00000   50  173  188.00002  190.66667  1.42%   782 18855s
 1537378 239072  189.50000   49   58  188.00002  190.65426  1.41%   783 18887s
 1540212 239353  188.77778   54  350  188.00002  190.65000  1.41%   783 18915s
 1543557 239555  190.50000   55   85  188.00002  190.64286  1.41%   783 18940s
 1546800 239746  188.83333   53  160  188.00002  190.63930  1.40%   783 18968s
 1549753 239950  189.42857   59  197  188.00002  190.63636  1.40%   784 18992s
 1553244 240181  190.00000   56  162  188.00002  190.63158  1.40%   784 19018s
 1556690 240386  188.50000   60  196  188.00002  190.62500  1.40%   784 19041s
 1560362 240659  190.25000   51  205  188.00002  190.62500  1.40%   784 19063s
 1563576 240707  190.35714   53  299  188.00002  190.62500  1.40%   784 19087s
 1564605 240972     cutoff   61       188.00002  190.62452  1.40%   785 19113s
 1567876 241137     cutoff   57       188.00002  190.61667  1.39%   785 19140s
 1570626 241334  189.66667   57  281  188.00002  190.61111  1.39%   785 19163s
 1574115 241422  188.88889   56  153  188.00002  190.60417  1.39%   785 19187s
 1577666 241571  189.94182   51  370  188.00002  190.60000  1.38%   786 19211s
 1581165 241616  189.00000   53  165  188.00002  190.60000  1.38%   786 19233s
 1582189 241675  188.73333   54  166  188.00002  190.60000  1.38%   786 19262s
 1584255 241818  188.73333   51  215  188.00002  190.60000  1.38%   786 19297s
 1587734 241945     cutoff   50       188.00002  190.60000  1.38%   786 19327s
 1591766 242092  190.00000   49  141  188.00002  190.60000  1.38%   787 19354s
 1595300 242362  188.33962   51  371  188.00002  190.59200  1.38%   787 19380s
 1598704 242542  189.87500   48  141  188.00002  190.58824  1.38%   787 19404s
 1601800 242704     cutoff   53       188.00002  190.58333  1.37%   787 19428s
 1604704 242848  190.00000   50  296  188.00002  190.57895  1.37%   788 19452s
 1607804 243014  189.74242   53  213  188.00002  190.57143  1.37%   788 19476s
 1611022 243028  189.00000   48  165  188.00002  190.57143  1.37%   788 19502s
 1612284 243114  188.66667   53  151  188.00002  190.57143  1.37%   788 19526s
 1615092 243295     cutoff   54       188.00002  190.57143  1.37%   789 19553s
 1618846 243449  189.50000   49  150  188.00002  190.56273  1.36%   789 19578s
 1622554 243544  188.50000   57   35  188.00002  190.55556  1.36%   789 19602s
 1626103 243814  189.92857   51  254  188.00002  190.55556  1.36%   789 19628s
 1629619 243926  189.90000   53  352  188.00002  190.54601  1.35%   790 19650s
 1632408 244050  189.00000   58  154  188.00002  190.54225  1.35%   790 19675s
 1635940 244253  189.00000   56  115  188.00002  190.53333  1.35%   790 19697s
 1639274 244403  189.90000   46  238  188.00002  190.52632  1.34%   790 19718s
 1642589 244356  189.50000   53   36  188.00002  190.51724  1.34%   791 19744s
 1648600 244257     cutoff   55       188.00002  190.50000  1.33%   790 19775s
 1655318 244243     cutoff   55       188.00002  190.50000  1.33%   788 19797s
 1660324 244160  190.50000   48   79  188.00002  190.50000  1.33%   787 19837s
 1667147 244167  190.47059   54  213  188.00002  190.50000  1.33%   786 19856s
 1669424 244066     cutoff   59       188.00002  190.50000  1.33%   785 19878s
 1671933 244018  189.75000   48  159  188.00002  190.50000  1.33%   785 19897s
 1674344 243880     cutoff   57       188.00002  190.50000  1.33%   785 19913s
 1676956 243775  189.66667   49  216  188.00002  190.50000  1.33%   785 19928s
 1679792 243667  189.00000   52  161  188.00002  190.50000  1.33%   785 19942s
 1682306 243551  189.66667   50  113  188.00002  190.50000  1.33%   785 19960s
 1685177 243449     cutoff   51       188.00002  190.50000  1.33%   784 19979s
 1688018 243309     cutoff   47       188.00002  190.50000  1.33%   784 19996s
 1691119 243179  190.00000   57   92  188.00002  190.50000  1.33%   784 20014s
 1693966 243136  189.00000   51  150  188.00002  190.50000  1.33%   784 20031s
 1696952 243159     cutoff   61       188.00002  190.50000  1.33%   784 20048s
 1699712 243201  189.37500   56  320  188.00002  190.50000  1.33%   784 20066s
 1702544 243275  188.14286   52  157  188.00002  190.50000  1.33%   784 20088s
 1705784 243343  189.50000   58   62  188.00002  190.50000  1.33%   784 20111s
 1708531 243454  189.66667   48   73  188.00002  190.50000  1.33%   784 20135s
 1712465 243436  189.44444   46  204  188.00002  190.50000  1.33%   784 20159s
 1716147 243458  190.00000   54  157  188.00002  190.50000  1.33%   784 20182s
 1719443 243404  189.00000   55   60  188.00002  190.50000  1.33%   784 20211s
 1722837 243412  190.00000   49  263  188.00002  190.50000  1.33%   784 20232s
 1726233 243435  188.30000   54  255  188.00002  190.50000  1.33%   784 20251s
 1729722 243341  189.83333   50  279  188.00002  190.50000  1.33%   784 20272s
 1733007 243323  189.75000   51  124  188.00002  190.50000  1.33%   784 20292s
 1735967 243288     cutoff   52       188.00002  190.50000  1.33%   784 20314s
 1739149 243255  188.50000   54  112  188.00002  190.50000  1.33%   784 20334s
 1742573 243232     cutoff   56       188.00002  190.50000  1.33%   784 20356s
 1745889 243220     cutoff   52       188.00002  190.50000  1.33%   784 20376s
 1749104 243146     cutoff   63       188.00002  190.50000  1.33%   784 20397s
 1752116 243046  190.33333   48  151  188.00002  190.50000  1.33%   785 20417s
 1755587 242960  189.80000   53  119  188.00002  190.50000  1.33%   785 20438s
 1758731 242908  189.50000   55  254  188.00002  190.50000  1.33%   785 20459s
 1761827 242858     cutoff   52       188.00002  190.50000  1.33%   785 20479s
 1764787 242797     cutoff   55       188.00002  190.50000  1.33%   785 20501s
 1767793 242781  189.50000   47   53  188.00002  190.50000  1.33%   785 20522s
 1771058 242860  189.00000   51  115  188.00002  190.50000  1.33%   786 20543s
 1774259 242846  188.66667   52  134  188.00002  190.50000  1.33%   786 20564s
 1777167 242815     cutoff   54       188.00002  190.50000  1.33%   786 20588s
 1780820 242830  189.50000   52  105  188.00002  190.50000  1.33%   786 20610s
 1784345 242808     cutoff   54       188.00002  190.50000  1.33%   786 20630s
 1787503 242883     cutoff   54       188.00002  190.50000  1.33%   786 20650s
 1790381 242808  188.50000   57  119  188.00002  190.50000  1.33%   786 20672s
 1793546 242910  189.71429   53  231  188.00002  190.50000  1.33%   787 20694s
 1796976 242811  188.26667   58  306  188.00002  190.50000  1.33%   787 20715s
 1800553 242875     cutoff   50       188.00002  190.50000  1.33%   787 20736s
 1803992 242876  189.00000   54  131  188.00002  190.50000  1.33%   787 20758s
 1805048 242907  188.50000   47  190  188.00002  190.50000  1.33%   787 20819s
 1814639 242877  190.00000   53  101  188.00002  190.50000  1.33%   787 20842s
 1818730 242887  189.08333   57  218  188.00002  190.50000  1.33%   787 20863s
 1822074 242914  188.85714   54  199  188.00002  190.50000  1.33%   787 20884s
 1825493 242930  190.00000   50  169  188.00002  190.50000  1.33%   787 20912s
 1828922 242883  190.50000   48  147  188.00002  190.50000  1.33%   787 20935s
 1832581 242873     cutoff   52       188.00002  190.50000  1.33%   787 20957s
 1836084 242881     cutoff   47       188.00002  190.50000  1.33%   787 20979s
 1839176 242934  189.85714   48  188  188.00002  190.50000  1.33%   787 21000s
 1842620 242942     cutoff   57       188.00002  190.50000  1.33%   787 21023s
 1846015 243016  189.66667   54  202  188.00002  190.50000  1.33%   787 21043s
 1849513 243080     cutoff   55       188.00002  190.50000  1.33%   787 21062s
 1852937 243143     cutoff   47       188.00002  190.50000  1.33%   787 21082s
 1856295 243162  189.00000   50  235  188.00002  190.50000  1.33%   787 21105s
 1859681 243167  189.81250   50  386  188.00002  190.50000  1.33%   787 21126s
 1862629 243215  188.50000   54  109  188.00002  190.50000  1.33%   788 21144s
 1865176 243270  189.92308   49  230  188.00002  190.50000  1.33%   788 21165s
 1868620 243288  189.50000   54  114  188.00002  190.49947  1.33%   788 21188s
 1871756 243402     cutoff   58       188.00002  190.48837  1.32%   788 21210s
 1874936 243461  189.50000   53  401  188.00002  190.48000  1.32%   788 21232s
 1878237 243440  189.42857   47  323  188.00002  190.47222  1.32%   788 21252s
 1881399 243526  188.30286   49  270  188.00002  190.46809  1.31%   788 21273s
 1884699 243437  189.75000   59  118  188.00002  190.46154  1.31%   788 21295s
 1887899 243471  189.66667   48  189  188.00002  190.45455  1.31%   788 21315s
 1891185 243504  189.72727   58  162  188.00002  190.45000  1.30%   788 21337s
 1894543 243471  189.00000   54   88  188.00002  190.44444  1.30%   789 21357s
 1897978 243402     cutoff   60       188.00002  190.44444  1.30%   789 21377s
 1901477 243438  188.41667   62  254  188.00002  190.43333  1.29%   789 21397s
 1904882 243466  189.91667   47  204  188.00002  190.42857  1.29%   789 21419s
 1908204 243408  189.61607   53  291  188.00002  190.42857  1.29%   789 21440s
 1911579 243386     cutoff   61       188.00002  190.42105  1.29%   789 21461s
 1914953 243347  188.64615   58  298  188.00002  190.41667  1.29%   789 21480s
 1918191 243240  189.25000   47  248  188.00002  190.40909  1.28%   789 21500s
 1921470 243210     cutoff   57       188.00002  190.40000  1.28%   789 21519s
 1921653 243210  188.50000   59  209  188.00002  190.40000  1.28%   789 21520s
 1924585 243158  188.50000   50  217  188.00002  190.40000  1.28%   789 21540s
 1927967 243172  189.85714   50  256  188.00002  190.40000  1.28%   789 21560s
 1931153 243114  189.87500   47  241  188.00002  190.40000  1.28%   789 21580s
 1934095 243125  188.54795   52  286  188.00002  190.39690  1.27%   789 21600s
 1937233 243014     cutoff   54       188.00002  190.38710  1.27%   789 21622s
 1940970 242984  189.00000   53  132  188.00002  190.37500  1.26%   789 21638s
 1944081 242959  189.85714   56  247  188.00002  190.37500  1.26%   789 21657s
 1947059 242832     cutoff   54       188.00002  190.37500  1.26%   789 21676s
 1949943 242746  190.00000   54  179  188.00002  190.36667  1.26%   789 21697s
 1952055 242694  188.20000   54  327  188.00002  190.36090  1.26%   789 21720s
 1953003 242550  189.33333   52  204  188.00002  190.35714  1.25%   789 21743s
 1956791 242303     cutoff   52       188.00002  190.35714  1.25%   789 21767s
 1961716 242137     cutoff   50       188.00002  190.34746  1.25%   788 21788s
 1965036 242036     cutoff   61       188.00002  190.33333  1.24%   788 21809s
 1968182 241878  188.87500   50  164  188.00002  190.33333  1.24%   788 21829s
 1971212 241801     cutoff   53       188.00002  190.33333  1.24%   788 21852s
 1974466 241732  188.25000   51  198  188.00002  190.33333  1.24%   788 21873s
 1977761 241665  189.00000   54  116  188.00002  190.33333  1.24%   788 21897s
 1981030 241525  189.83333   52  175  188.00002  190.33333  1.24%   788 21921s
 1984454 241436  188.71429   46  201  188.00002  190.33333  1.24%   788 21942s
 1987869 241303  189.29412   48  239  188.00002  190.33333  1.24%   788 21963s
 1991098 241157     cutoff   48       188.00002  190.33333  1.24%   788 21985s
 1994190 240985     cutoff   57       188.00002  190.33333  1.24%   788 22005s
 1997377 240842  189.00000   54  257  188.00002  190.33333  1.24%   788 22025s
 2000866 240702  188.50000   51  274  188.00002  190.33333  1.24%   788 22045s
 2004139 240516     cutoff   51       188.00002  190.33333  1.24%   788 22066s
 2007251 240411     cutoff   50       188.00002  190.33333  1.24%   788 22085s
 2010229 240250  188.50000   55   29  188.00002  190.32468  1.24%   789 22105s
 2013597 240095  188.55556   51  192  188.00002  190.31250  1.23%   789 22126s
 2017285 239943  188.72727   58  299  188.00002  190.30000  1.22%   788 22145s
 2020542 239857     cutoff   61       188.00002  190.29167  1.22%   788 22165s
 2023812 239674  188.83562   53  250  188.00002  190.28571  1.22%   788 22188s
 2027188 239528  189.00000   57  157  188.00002  190.27778  1.21%   788 22207s
 2030364 239496  188.50000   59  174  188.00002  190.26667  1.21%   789 22226s
 2030921 239184  188.95000   60  258  188.00002  190.26667  1.21%   788 22249s
 2035316 238949  188.37500   58  129  188.00002  190.25641  1.20%   788 22271s
 2039017 238799  189.00000   54   79  188.00002  190.25000  1.20%   788 22292s
 2042514 238570     cutoff   54       188.00002  190.25000  1.20%   788 22312s
 2045185 238366  189.25000   49  196  188.00002  190.25000  1.20%   788 22335s
 2049043 238174  188.66667   51  205  188.00002  190.25000  1.20%   788 22357s
 2052550 237921  189.00000   56  185  188.00002  190.25000  1.20%   788 22381s
 2056095 237744  188.25000   44  249  188.00002  190.25000  1.20%   787 22404s
 2059353 237444     cutoff   51       188.00002  190.23077  1.19%   787 22430s
 2062644 237254     cutoff   49       188.00002  190.22222  1.18%   787 22454s
 2066028 237095 infeasible   62       188.00002  190.20000  1.17%   787 22481s
 2069099 236937  189.80000   58  221  188.00002  190.20000  1.17%   787 22504s
 2072219 236691  188.77778   57  193  188.00002  190.20000  1.17%   787 22527s
 2075878 236360  189.00000   52  303  188.00002  190.18182  1.16%   787 22553s
 2080030 236082     cutoff   51       188.00002  190.16667  1.15%   787 22577s
 2083567 235770  188.23077   52  202  188.00002  190.16667  1.15%   787 22595s
 2086811 235618  188.61538   50  339  188.00002  190.16667  1.15%   787 22615s
 2088177 235425  189.50000   50  162  188.00002  190.16327  1.15%   787 22638s
 2091461 235131  189.50000   55   28  188.00002  190.14286  1.14%   786 22662s
 2095126 234752  189.00000   49  122  188.00002  190.13158  1.13%   786 22684s
 2098466 234369  189.00000   53  102  188.00002  190.11111  1.12%   786 22712s
 2102270 233932  188.20000   50  198  188.00002  190.09524  1.11%   786 22733s
 2105676 233576  188.33333   62  282  188.00002  190.07639  1.10%   786 22752s
 2108966 233169  188.20000   55  319  188.00002  190.03704  1.08%   786 22781s
 2113643 232746  188.66667   51  216  188.00002  190.00000  1.06%   785 22808s
 2118020 232364  189.00000   54  154  188.00002  190.00000  1.06%   785 22834s
 2122641 232120  189.16667   52   92  188.00002  190.00000  1.06%   784 22858s
 2126556 231904  189.00000   54  138  188.00002  190.00000  1.06%   783 22882s
 2130131 231773  188.14286   58  238  188.00002  190.00000  1.06%   783 22904s
 2133722 231618  189.00000   55  106  188.00002  190.00000  1.06%   783 22924s
 2137432 231488 infeasible   57       188.00002  190.00000  1.06%   782 22943s
 2140784 231326     cutoff   53       188.00002  190.00000  1.06%   782 22960s
 2144208 231295     cutoff   52       188.00002  190.00000  1.06%   781 22977s
 2147085 231150 infeasible   50       188.00002  190.00000  1.06%   781 22991s
 2150471 231007     cutoff   53       188.00002  190.00000  1.06%   780 23007s
 2153906 230860     cutoff   54       188.00002  190.00000  1.06%   780 23022s
 2157473 230698  189.50000   57   23  188.00002  190.00000  1.06%   779 23036s
 2160879 230692  189.50000   52   66  188.00002  190.00000  1.06%   779 23048s
 2161523 230672  189.00000   52   65  188.00002  190.00000  1.06%   779 23065s
 2163543 230517  189.00000   55   55  188.00002  190.00000  1.06%   779 23091s
 2169174 230505  188.31250   55  223  188.00002  190.00000  1.06%   778 23106s
 2172125 230397  189.00000   53   35  188.00002  190.00000  1.06%   778 23121s
 2174838 230441  189.00000   51   62  188.00002  190.00000  1.06%   777 23136s
 2177916 230414  188.75000   58  118  188.00002  190.00000  1.06%   777 23151s
 2180840 230287  188.66667   55  211  188.00002  190.00000  1.06%   777 23169s
 2183888 230248  189.57386   51  200  188.00002  190.00000  1.06%   777 23189s
 2186814 230163     cutoff   52       188.00002  190.00000  1.06%   777 23205s
 2189536 230130  189.00000   52   89  188.00002  190.00000  1.06%   776 23222s
 2192796 230019  189.50000   48  196  188.00002  190.00000  1.06%   776 23240s
 2195780 229876  188.40000   55  196  188.00002  190.00000  1.06%   776 23258s
 2199056 229773     cutoff   58       188.00002  190.00000  1.06%   776 23275s
 2201706 229575  188.71429   57   61  188.00002  190.00000  1.06%   776 23294s
 2205086 229464  188.50000   50  224  188.00002  190.00000  1.06%   776 23315s
 2208395 229320  189.87500   51  132  188.00002  190.00000  1.06%   776 23334s
 2211485 229257  188.59091   57  104  188.00002  190.00000  1.06%   775 23352s
 2214829 229146  188.68182   54  213  188.00002  190.00000  1.06%   775 23369s
 2218032 229034  189.00000   55   33  188.00002  190.00000  1.06%   775 23389s
 2221136 228943  188.80000   49  172  188.00002  190.00000  1.06%   775 23406s
 2224460 228862  189.00000   59  166  188.00002  190.00000  1.06%   775 23428s
 2228439 228791     cutoff   57       188.00002  190.00000  1.06%   775 23445s
 2231722 228636  189.00000   47   52  188.00002  190.00000  1.06%   775 23462s
 2233978 228560  189.00000   53  112  188.00002  190.00000  1.06%   775 23481s
 2237722 228340     cutoff   55       188.00002  190.00000  1.06%   774 23502s
 2241142 228166     cutoff   57       188.00002  190.00000  1.06%   774 23523s
 2244508 228113  189.25000   53   67  188.00002  190.00000  1.06%   774 23548s
 2247802 227928  189.48000   51  218  188.00002  190.00000  1.06%   774 23572s
 2250981 227786     cutoff   55       188.00002  190.00000  1.06%   774 23599s
 2254449 227692  188.50000   54  137  188.00002  190.00000  1.06%   774 23626s
 2257363 227637     cutoff   53       188.00002  190.00000  1.06%   774 23658s
 2260329 227535  189.00000   51   95  188.00002  190.00000  1.06%   774 23678s
 2263594 227440  190.00000   51  259  188.00002  190.00000  1.06%   774 23697s
 2266553 227409     cutoff   51       188.00002  190.00000  1.06%   774 23717s
 2269585 227329  188.12500   50  229  188.00002  190.00000  1.06%   774 23736s
 2272373 227201  188.92857   49  261  188.00002  190.00000  1.06%   774 23758s
 2275597 227171  189.00000   49   94  188.00002  190.00000  1.06%   774 23778s
 2278648 227099  188.25000   50   55  188.00002  190.00000  1.06%   774 23799s
 2281824 227100  189.41667   56  219  188.00002  190.00000  1.06%   774 23818s
 2284930 227082  189.66667   55  198  188.00002  190.00000  1.06%   774 23842s
 2288256 227069  190.00000   48  151  188.00002  190.00000  1.06%   774 23862s
 2291245 227011  190.00000   47  222  188.00002  190.00000  1.06%   774 23883s
 2294201 226947     cutoff   53       188.00002  190.00000  1.06%   774 23906s
 2297703 226919     cutoff   63       188.00002  190.00000  1.06%   774 23928s
 2301103 226891  188.41667   50  143  188.00002  190.00000  1.06%   774 23949s
 2304436 226826  190.00000   58  170  188.00002  190.00000  1.06%   774 23971s
 2308110 226784  189.00000   49  260  188.00002  190.00000  1.06%   774 23992s
 2310717 226744  190.00000   55  107  188.00002  190.00000  1.06%   774 24016s
 2313688 226672     cutoff   53       188.00002  190.00000  1.06%   774 24038s
 2317804 226575  189.00000   49   61  188.00002  190.00000  1.06%   774 24058s
 2321062 226515  189.50000   54  107  188.00002  190.00000  1.06%   774 24078s
 2323886 226479     cutoff   50       188.00002  190.00000  1.06%   774 24098s
 2324505 226413  189.66667   51   85  188.00002  190.00000  1.06%   774 24122s
 2327410 226350  189.50000   52  171  188.00002  190.00000  1.06%   774 24150s
 2331047 226288     cutoff   49       188.00002  190.00000  1.06%   774 24174s
 2334500 226191     cutoff   63       188.00002  190.00000  1.06%   774 24197s
 2338130 226152  188.83333   54  230  188.00002  190.00000  1.06%   774 24220s
 2341505 226091 infeasible   62       188.00002  190.00000  1.06%   774 24242s
 2344555 226082  188.65385   55  279  188.00002  190.00000  1.06%   774 24267s
 2348122 226026  188.37500   49  206  188.00002  190.00000  1.06%   774 24291s
 2351660 225994  188.41667   57  231  188.00002  190.00000  1.06%   774 24314s
 2354754 225945  188.38760   54   28  188.00002  190.00000  1.06%   774 24338s
 2358113 225885  188.25000   53  225  188.00002  190.00000  1.06%   774 24362s
 2361282 225942     cutoff   52       188.00002  190.00000  1.06%   774 24384s
 2364503 225898     cutoff   57       188.00002  190.00000  1.06%   774 24406s
 2367701 225834  189.50000   52  144  188.00002  190.00000  1.06%   775 24427s
 2369638 225855  189.16667   54  230  188.00002  190.00000  1.06%   775 24452s
 2372856 225770  189.83333   59  219  188.00002  190.00000  1.06%   775 24476s
 2376180 225691     cutoff   55       188.00002  190.00000  1.06%   775 24500s
 2379351 225691  188.07143   55  158  188.00002  190.00000  1.06%   775 24525s
 2382821 225701  188.62500   56  306  188.00002  190.00000  1.06%   775 24550s
 2386075 225639     cutoff   56       188.00002  190.00000  1.06%   775 24574s
 2389382 225591     cutoff   56       188.00002  190.00000  1.06%   775 24598s
 2392776 225605  189.33333   56  275  188.00002  190.00000  1.06%   775 24622s
 2395747 225557     cutoff   55       188.00002  190.00000  1.06%   775 24648s
 2399061 225532     cutoff   55       188.00002  190.00000  1.06%   775 24673s
 2402474 225512  189.50000   51  170  188.00002  190.00000  1.06%   775 24698s
 2405677 225468  188.87500   50  326  188.00002  190.00000  1.06%   775 24721s
 2408894 225465     cutoff   57       188.00002  190.00000  1.06%   775 24745s
 2412250 225494     cutoff   56       188.00002  190.00000  1.06%   776 24768s
 2415670 225525  190.00000   50  141  188.00002  190.00000  1.06%   776 24790s
 2418845 225451     cutoff   54       188.00002  190.00000  1.06%   776 24813s
 2422083 225455  190.00000   54   36  188.00002  190.00000  1.06%   776 24837s
 2425077 225531     cutoff   56       188.00002  190.00000  1.06%   776 24859s
 2427982 225551  189.50000   51  185  188.00002  190.00000  1.06%   776 24882s
 2431301 225558     cutoff   61       188.00002  190.00000  1.06%   776 24906s
 2434610 225504     cutoff   54       188.00002  190.00000  1.06%   776 24929s
 2438180 225406  188.85714   55  193  188.00002  190.00000  1.06%   776 24954s
 2441419 225331  189.25000   49  253  188.00002  190.00000  1.06%   776 24979s
 2444553 225301  190.00000   60  131  188.00002  190.00000  1.06%   777 24981s

Cutting planes:
  Gomory: 15
  Lift-and-project: 3
  Cover: 46
  Implied bound: 319
  Clique: 16
  MIR: 2559
  Flow cover: 965
  Inf proof: 167
  Zero half: 23
  RLT: 2536
  Relax-and-lift: 31
  BQP: 2090

Explored 2444706 nodes (1898493241 simplex iterations) in 24981.36 seconds (26428.35 work units)
Thread count was 32 (of 256 available processors)

Solution count 10: 188 188 188 ... 186

Solve interrupted
Best objective 1.880000180235e+02, best bound 1.900000000000e+02, gap 1.0638%
[]
