I AM STARTING --------------------
[]
NOW I AM GOING TO SOLVE THE MODEL FOR FIRST SOLUTION
Gurobi Optimizer version 12.0.3 build v12.0.3rc0 (linux64 - "Ubuntu 22.04.5 LTS")

CPU model: AMD EPYC 7742 64-Core Processor, instruction set [SSE2|AVX|AVX2]
Thread count: 128 physical cores, 256 logical processors, using up to 32 threads

Optimize a model with 112708 rows, 27891 columns and 334449 nonzeros
Model fingerprint: 0x45ac18eb
Variable types: 27849 continuous, 42 integer (0 binary)
Coefficient statistics:
  Matrix range     [1e+00, 5e+00]
  Objective range  [1e+00, 5e+00]
  Bounds range     [1e+00, 1e+00]
  RHS range        [1e+00, 1e+03]
Presolve removed 108787 rows and 26580 columns
Presolve time: 0.22s
Presolved: 3921 rows, 1311 columns, 11226 nonzeros
Variable types: 1287 continuous, 24 integer (24 binary)
Found heuristic solution: objective 48.0000000
Found heuristic solution: objective 239.0000000
Performing another presolve...
Presolve removed 219 rows and 168 columns
Presolve time: 0.03s

Root relaxation: objective 4.785000e+02, 1197 iterations, 0.03 seconds (0.04 work units)

    Nodes    |    Current Node    |     Objective Bounds      |     Work
 Expl Unexpl |  Obj  Depth IntInf | Incumbent    BestBd   Gap | It/Node Time

     0     0  478.50000    0   19  239.00000  478.50000   100%     -    0s
H    0     0                     310.0000000  478.50000  54.4%     -    0s
     0     0  476.50000    0   22  310.00000  476.50000  53.7%     -    0s
     0     0  476.50000    0   20  310.00000  476.50000  53.7%     -    0s
     0     0  470.00000    0   23  310.00000  470.00000  51.6%     -    0s
H    0     0                     403.0000000  470.00000  16.6%     -    0s
     0     0  467.50000    0   23  403.00000  467.50000  16.0%     -    0s
     0     0  467.50000    0   23  403.00000  467.50000  16.0%     -    0s
     0     0  460.00000    0   25  403.00000  460.00000  14.1%     -    1s
     0     0  455.00000    0   24  403.00000  455.00000  12.9%     -    1s
     0     0  455.00000    0   24  403.00000  455.00000  12.9%     -    1s
     0     0  453.00000    0   25  403.00000  453.00000  12.4%     -    1s
     0     0  452.50000    0   26  403.00000  452.50000  12.3%     -    1s
     0     0  452.00000    0   26  403.00000  452.00000  12.2%     -    1s
     0     0  452.00000    0   26  403.00000  452.00000  12.2%     -    1s
     0     0  447.66667    0   26  403.00000  447.66667  11.1%     -    1s
     0     0  444.50000    0   26  403.00000  444.50000  10.3%     -    1s
     0     2  444.50000    0   26  403.00000  444.50000  10.3%     -    1s

Cutting planes:
  Gomory: 2
  Cover: 12
  MIR: 58
  Flow cover: 27
  RLT: 142
  BQP: 18

Explored 135 nodes (19014 simplex iterations) in 1.82 seconds (1.55 work units)
Thread count was 32 (of 256 available processors)

Solution count 4: 403 310 239 48 

Optimal solution found (tolerance 1.00e-04)
Best objective 4.030000000000e+02, best bound 4.030000000000e+02, gap 0.0000%
Objective value: 403.0
lam[0,0] = 0.0
lam[0,1] = 0.0
lam[0,2] = 0.5
lam[0,3] = 0.5
lam[1,0] = 0.0
lam[1,1] = 0.0
lam[1,2] = 0.5
lam[1,3] = 0.5
tau[0,0,1] = 1.0
tau[0,0,L0] = -0.0
tau[0,0,L1] = -0.0
tau[0,0,L2] = 0.0
tau[0,1,1] = 1.0
tau[0,1,L0] = 0.0
tau[0,1,L1] = -0.0
tau[0,1,L2] = -0.0
tau[0,2,1] = 1.0
tau[0,2,L0] = -0.0
tau[0,2,L1] = -0.0
tau[0,2,L2] = -0.0
tau[0,3,1] = 0.0
tau[0,3,L0] = -0.0
tau[0,3,L1] = -0.0
tau[0,3,L2] = -0.0
tau[0,4,1] = 0.0
tau[0,4,L0] = -0.0
tau[0,4,L1] = -0.0
tau[0,4,L2] = -0.0
tau[0,5,1] = 0.0
tau[0,5,L0] = -0.0
tau[0,5,L1] = -0.0
tau[0,5,L2] = -0.0
tau[1,0,L0] = 1.0
tau[1,0,L1] = -0.0
tau[1,0,L2] = -0.0
tau[1,1,L0] = -0.0
tau[1,1,L1] = 1.0
tau[1,1,L2] = -0.0
tau[1,2,L0] = -0.0
tau[1,2,L1] = 1.0
tau[1,2,L2] = -0.0
tau[1,3,L0] = -0.0
tau[1,3,L1] = -0.0
tau[1,3,L2] = -0.0
tau[1,4,L0] = -0.0
tau[1,4,L1] = -0.0
tau[1,4,L2] = -0.0
tau[1,5,L0] = -0.0
tau[1,5,L1] = -0.0
tau[1,5,L2] = -0.0
m[0,0] = 1.0
m[0,1] = 1.0
m[0,2] = 1.0
m[0,3] = 0.0
m[0,4] = 1.0
m[0,5] = 1.0
m[0,6] = 1.0
m[0,7] = 1.0
m[0,8] = 1.0
m[0,9] = 1.0
m[0,10] = 1.0
m[0,11] = 1.0
m[0,12] = 1.0
m[0,13] = 1.0
m[0,14] = 1.0
m[0,15] = 1.0
m[0,16] = 1.0
m[0,17] = 1.0
m[0,18] = 1.0
m[0,19] = 1.0
m[0,20] = 1.0
m[0,21] = 0.0
m[0,22] = 0.0
m[0,23] = 0.0
m[0,24] = 1.0
m[0,25] = 1.0
m[0,26] = 1.0
m[0,27] = 0.0
m[0,28] = 1.0
m[0,29] = 1.0
m[0,30] = 1.0
m[0,31] = 1.0
m[0,32] = 0.0
m[0,33] = 1.0
m[0,34] = 1.0
m[0,35] = 1.0
m[0,36] = 1.0
m[0,37] = 1.0
m[0,38] = 1.0
m[0,39] = 1.0
m[0,40] = 1.0
m[0,41] = 1.0
m[0,42] = 1.0
m[0,43] = 1.0
m[0,44] = 1.0
m[0,45] = 1.0
m[0,46] = 1.0
m[0,47] = 0.0
m[0,48] = 1.0
m[0,49] = 1.0
m[0,50] = 1.0
m[0,51] = 1.0
m[0,52] = 0.0
m[0,53] = 1.0
m[0,54] = 1.0
m[0,55] = 1.0
m[0,56] = 1.0
m[0,57] = 1.0
m[0,58] = 1.0
m[0,59] = 1.0
m[0,60] = 1.0
m[0,61] = 1.0
m[0,62] = 1.0
m[0,63] = 1.0
m[0,64] = 1.0
m[0,65] = 0.0
m[0,66] = 1.0
m[0,67] = 0.0
m[0,68] = 1.0
m[0,69] = 1.0
m[0,70] = 1.0
m[0,71] = 1.0
m[0,72] = 0.0
m[0,73] = 1.0
m[0,74] = 1.0
m[0,75] = 1.0
m[0,76] = 1.0
m[0,77] = 1.0
m[0,78] = 1.0
m[0,79] = 1.0
m[0,80] = 1.0
m[0,81] = 1.0
m[0,82] = 1.0
m[0,83] = 1.0
m[0,84] = 1.0
m[0,85] = 0.0
m[0,86] = 0.0
m[0,87] = 1.0
m[0,88] = 1.0
m[0,89] = 1.0
m[0,90] = 1.0
m[0,91] = 1.0
m[0,92] = 1.0
m[0,93] = 1.0
m[0,94] = 1.0
m[0,95] = 1.0
m[0,96] = 1.0
m[0,97] = 1.0
m[0,98] = 1.0
m[0,99] = 0.0
m[0,100] = 1.0
m[0,101] = 1.0
m[0,102] = 1.0
m[0,103] = 1.0
m[0,104] = 1.0
m[0,105] = 0.0
m[0,106] = 1.0
m[0,107] = 1.0
m[0,108] = 1.0
m[0,109] = 1.0
m[0,110] = 1.0
m[0,111] = 1.0
m[0,112] = 1.0
m[0,113] = 1.0
m[0,114] = 0.0
m[0,115] = 1.0
m[0,116] = 1.0
m[0,117] = 0.0
m[0,118] = 1.0
m[0,119] = 1.0
m[0,120] = 1.0
m[0,121] = 1.0
m[0,122] = 1.0
m[0,123] = 0.0
m[0,124] = 1.0
m[0,125] = 1.0
m[0,126] = 1.0
m[0,127] = 1.0
m[0,128] = 0.0
m[0,129] = 1.0
m[0,130] = 1.0
m[0,131] = 1.0
m[0,132] = 1.0
m[0,133] = 1.0
m[0,134] = 0.0
m[0,135] = 1.0
m[0,136] = 1.0
m[0,137] = 1.0
m[0,138] = 1.0
m[0,139] = 1.0
m[0,140] = 1.0
m[0,141] = 1.0
m[0,142] = 1.0
m[0,143] = 1.0
m[0,144] = 1.0
m[0,145] = 1.0
m[0,146] = 1.0
m[0,147] = 1.0
m[0,148] = 0.0
m[0,149] = 0.0
m[0,150] = 1.0
m[0,151] = 1.0
m[0,152] = 1.0
m[0,153] = 1.0
m[0,154] = 1.0
m[0,155] = 1.0
m[0,156] = 1.0
m[0,157] = 1.0
m[0,158] = 1.0
m[0,159] = 1.0
m[0,160] = 1.0
m[0,161] = 1.0
m[0,162] = 1.0
m[0,163] = 1.0
m[0,164] = 1.0
m[0,165] = 1.0
m[0,166] = 1.0
m[0,167] = 1.0
m[0,168] = 1.0
m[0,169] = 0.0
m[0,170] = 1.0
m[0,171] = 1.0
m[0,172] = 1.0
m[0,173] = 1.0
m[0,174] = 1.0
m[0,175] = 0.0
m[0,176] = 1.0
m[0,177] = 1.0
m[0,178] = 1.0
m[0,179] = 1.0
m[0,180] = 0.0
m[0,181] = 1.0
m[0,182] = 1.0
m[0,183] = 1.0
m[0,184] = 0.0
m[0,185] = 1.0
m[0,186] = 1.0
m[0,187] = 1.0
m[0,188] = 1.0
m[0,189] = 1.0
m[0,190] = 1.0
m[0,191] = 0.0
m[0,192] = 0.0
m[0,193] = 1.0
m[0,194] = 1.0
m[0,195] = 1.0
m[0,196] = 1.0
m[0,197] = 1.0
m[0,198] = 1.0
m[0,199] = 1.0
m[0,200] = 0.0
m[0,201] = 1.0
m[0,202] = 1.0
m[0,203] = 1.0
m[0,204] = 1.0
m[0,205] = 1.0
m[0,206] = 1.0
m[0,207] = 1.0
m[0,208] = 1.0
m[0,209] = 1.0
m[0,210] = 1.0
m[0,211] = 1.0
m[0,212] = 0.0
m[0,213] = 1.0
m[0,214] = 1.0
m[0,215] = 1.0
m[0,216] = 1.0
m[0,217] = 1.0
m[0,218] = 1.0
m[0,219] = 0.0
m[0,220] = 1.0
m[0,221] = 1.0
m[0,222] = 1.0
m[0,223] = 0.0
m[0,224] = 1.0
m[0,225] = 1.0
m[0,226] = 1.0
m[0,227] = 1.0
m[0,228] = 1.0
m[0,229] = 1.0
m[0,230] = 1.0
m[0,231] = 1.0
m[0,232] = 1.0
m[0,233] = 1.0
m[0,234] = 1.0
m[0,235] = 1.0
m[0,236] = 1.0
m[0,237] = 1.0
m[0,238] = 0.0
m[0,239] = 1.0
m[0,240] = 0.0
m[0,241] = 1.0
m[0,242] = 1.0
m[0,243] = 1.0
m[0,244] = 1.0
m[0,245] = 1.0
m[0,246] = 1.0
m[0,247] = 1.0
m[0,248] = 0.0
m[0,249] = 1.0
m[0,250] = 1.0
m[0,251] = 1.0
m[0,252] = 1.0
m[0,253] = 1.0
m[0,254] = 1.0
m[0,255] = 1.0
m[0,256] = 1.0
m[0,257] = 1.0
m[0,258] = 1.0
m[0,259] = 1.0
m[0,260] = 0.0
m[0,261] = 1.0
m[0,262] = 1.0
m[0,263] = 1.0
m[0,264] = 1.0
m[0,265] = 0.0
m[0,266] = 1.0
m[0,267] = 1.0
m[0,268] = 1.0
m[0,269] = 1.0
m[0,270] = 1.0
m[0,271] = 1.0
m[0,272] = 1.0
m[0,273] = 1.0
m[0,274] = 1.0
m[0,275] = 1.0
m[0,276] = 1.0
m[0,277] = 1.0
m[0,278] = 1.0
m[0,279] = 1.0
m[0,280] = 1.0
m[0,281] = 1.0
m[0,282] = 1.0
m[0,283] = 1.0
m[0,284] = 0.0
m[0,285] = 1.0
m[0,286] = 1.0
m[0,287] = 1.0
m[0,288] = 1.0
m[0,289] = 1.0
m[0,290] = 0.0
m[0,291] = 1.0
m[0,292] = 1.0
m[0,293] = 1.0
m[0,294] = 1.0
m[0,295] = 1.0
m[0,296] = 1.0
m[0,297] = 1.0
m[0,298] = 1.0
m[0,299] = 1.0
m[0,300] = 0.0
m[0,301] = 1.0
m[0,302] = 1.0
m[0,303] = 1.0
m[0,304] = 0.0
m[0,305] = 1.0
m[0,306] = 1.0
m[0,307] = 1.0
m[0,308] = 0.0
m[0,309] = 1.0
m[0,310] = 1.0
m[0,311] = 1.0
m[0,312] = 1.0
m[0,313] = 1.0
m[0,314] = 1.0
m[0,315] = 1.0
m[0,316] = 1.0
m[0,317] = 0.0
m[0,318] = 0.0
m[0,319] = 1.0
m[0,320] = 0.0
m[0,321] = 1.0
m[0,322] = 0.0
m[0,323] = 1.0
m[0,324] = 1.0
m[0,325] = 0.0
m[0,326] = 1.0
m[0,327] = 1.0
m[0,328] = 1.0
m[0,329] = 1.0
m[0,330] = 1.0
m[0,331] = 1.0
m[0,332] = 0.0
m[0,333] = 1.0
m[0,334] = 1.0
m[0,335] = 1.0
m[0,336] = 1.0
m[0,337] = 1.0
m[0,338] = 1.0
m[0,339] = 0.0
m[0,340] = 1.0
m[0,341] = 1.0
m[0,342] = 0.0
m[0,343] = 1.0
m[0,344] = 1.0
m[0,345] = 1.0
m[0,346] = 1.0
m[0,347] = 1.0
m[0,348] = 0.0
m[0,349] = 1.0
m[0,350] = 1.0
m[0,351] = 1.0
m[0,352] = 1.0
m[0,353] = 1.0
m[0,354] = 1.0
m[0,355] = 1.0
m[0,356] = 1.0
m[0,357] = 0.0
m[0,358] = 1.0
m[0,359] = 1.0
m[0,360] = 1.0
m[0,361] = 1.0
m[0,362] = 1.0
m[0,363] = 1.0
m[0,364] = 1.0
m[0,365] = 1.0
m[0,366] = 1.0
m[0,367] = 1.0
m[0,368] = 1.0
m[0,369] = 1.0
m[0,370] = 1.0
m[0,371] = 1.0
m[0,372] = 1.0
m[0,373] = 0.0
m[0,374] = 1.0
m[0,375] = 1.0
m[0,376] = 1.0
m[0,377] = 1.0
m[0,378] = 1.0
m[0,379] = 1.0
m[0,380] = 1.0
m[0,381] = 1.0
m[0,382] = 1.0
m[0,383] = 1.0
m[0,384] = 0.0
m[0,385] = 1.0
m[0,386] = 1.0
m[0,387] = 0.0
m[0,388] = 1.0
m[0,389] = 0.0
m[0,390] = 1.0
m[0,391] = 1.0
m[0,392] = 1.0
m[0,393] = 1.0
m[0,394] = 1.0
m[0,395] = 1.0
m[0,396] = 0.0
m[0,397] = 1.0
m[0,398] = 1.0
m[0,399] = 1.0
m[0,400] = 1.0
m[0,401] = 1.0
m[0,402] = 0.0
m[0,403] = 1.0
m[0,404] = 1.0
m[0,405] = 1.0
m[0,406] = 0.0
m[0,407] = 1.0
m[0,408] = 1.0
m[0,409] = 1.0
m[0,410] = 1.0
m[0,411] = 0.0
m[0,412] = 1.0
m[0,413] = 1.0
m[0,414] = 1.0
m[0,415] = 1.0
m[0,416] = 1.0
m[0,417] = 1.0
m[0,418] = 0.0
m[0,419] = 1.0
m[0,420] = 0.0
m[0,421] = 1.0
m[0,422] = 0.0
m[0,423] = 1.0
m[0,424] = 1.0
m[0,425] = 1.0
m[0,426] = 0.0
m[0,427] = 1.0
m[0,428] = 1.0
m[0,429] = 0.0
m[0,430] = 0.0
m[0,431] = 1.0
m[0,432] = 1.0
m[0,433] = 0.0
m[0,434] = 1.0
m[0,435] = 1.0
m[0,436] = 0.0
m[0,437] = 0.0
m[0,438] = 1.0
m[0,439] = 0.0
m[0,440] = 0.0
m[0,441] = 1.0
m[0,442] = 0.0
m[0,443] = 0.0
m[0,444] = 1.0
m[0,445] = 1.0
m[0,446] = 1.0
m[0,447] = 1.0
m[0,448] = 1.0
m[0,449] = 1.0
m[0,450] = 1.0
m[0,451] = 1.0
m[0,452] = 0.0
m[0,453] = 1.0
m[0,454] = 1.0
m[0,455] = 1.0
m[0,456] = 0.0
m[0,457] = 1.0
m[0,458] = 1.0
m[0,459] = 1.0
m[0,460] = 1.0
m[0,461] = 1.0
m[0,462] = 0.0
m[0,463] = 1.0
m[0,464] = 1.0
m[0,465] = 1.0
m[0,466] = 1.0
m[0,467] = 1.0
m[0,468] = 1.0
m[0,469] = 1.0
m[0,470] = 1.0
u[0] = 1.0
u[1] = 1.0
o_u[0,0] = 0.0
o_u[0,1] = 0.0
o_u[0,2] = 0.5
o_u[0,3] = 0.5
o_u[1,0] = 0.0
o_u[1,1] = 0.0
o_u[1,2] = 0.5
o_u[1,3] = 0.5
------------------------------------------------------------------------
------------------------------------------------------------------------
Saved hierarchical tree visualization to milp_tree_levels.png
[]
Gurobi Optimizer version 12.0.3 build v12.0.3rc0 (linux64 - "Ubuntu 22.04.5 LTS")

CPU model: AMD EPYC 7742 64-Core Processor, instruction set [SSE2|AVX|AVX2]
Thread count: 128 physical cores, 256 logical processors, using up to 32 threads

Optimize a model with 112708 rows, 27891 columns and 334449 nonzeros
Model fingerprint: 0x45ac18eb
Variable types: 27849 continuous, 42 integer (0 binary)
Coefficient statistics:
  Matrix range     [1e+00, 5e+00]
  Objective range  [1e+00, 5e+00]
  Bounds range     [1e+00, 1e+00]
  RHS range        [1e+00, 1e+03]
Presolve removed 108787 rows and 26580 columns
Presolve time: 0.23s
Presolved: 3921 rows, 1311 columns, 11226 nonzeros
Variable types: 1287 continuous, 24 integer (24 binary)
Found heuristic solution: objective 48.0000000
Found heuristic solution: objective 239.0000000
Performing another presolve...
Presolve removed 219 rows and 168 columns
Presolve time: 0.03s

Root relaxation: objective 4.785000e+02, 1197 iterations, 0.03 seconds (0.04 work units)

    Nodes    |    Current Node    |     Objective Bounds      |     Work
 Expl Unexpl |  Obj  Depth IntInf | Incumbent    BestBd   Gap | It/Node Time

     0     0  478.50000    0   19  239.00000  478.50000   100%     -    0s
H    0     0                     310.0000000  478.50000  54.4%     -    0s
     0     0  476.50000    0   22  310.00000  476.50000  53.7%     -    0s
     0     0  476.50000    0   20  310.00000  476.50000  53.7%     -    0s
     0     0  470.00000    0   23  310.00000  470.00000  51.6%     -    0s
H    0     0                     403.0000000  470.00000  16.6%     -    0s
     0     0  467.50000    0   23  403.00000  467.50000  16.0%     -    0s
     0     0  467.50000    0   23  403.00000  467.50000  16.0%     -    0s
     0     0  460.00000    0   25  403.00000  460.00000  14.1%     -    1s
     0     0  455.00000    0   24  403.00000  455.00000  12.9%     -    1s
     0     0  455.00000    0   24  403.00000  455.00000  12.9%     -    1s
     0     0  453.00000    0   25  403.00000  453.00000  12.4%     -    1s
     0     0  452.50000    0   26  403.00000  452.50000  12.3%     -    1s
     0     0  452.00000    0   26  403.00000  452.00000  12.2%     -    1s
     0     0  452.00000    0   26  403.00000  452.00000  12.2%     -    1s
     0     0  447.66667    0   26  403.00000  447.66667  11.1%     -    1s
     0     0  444.50000    0   26  403.00000  444.50000  10.3%     -    1s
     0     2  444.50000    0   26  403.00000  444.50000  10.3%     -    1s

Cutting planes:
  Gomory: 2
  Cover: 12
  MIR: 58
  Flow cover: 27
  RLT: 142
  BQP: 18

Explored 135 nodes (19014 simplex iterations) in 1.82 seconds (1.55 work units)
Thread count was 32 (of 256 available processors)

Solution count 4: 403 310 239 48 

Optimal solution found (tolerance 1.00e-04)
Best objective 4.030000000000e+02, best bound 4.030000000000e+02, gap 0.0000%
Objective value: 403.0
lam[0,0] = 0.0
lam[0,1] = 0.0
lam[0,2] = 0.5
lam[0,3] = 0.5
lam[1,0] = 0.0
lam[1,1] = 0.0
lam[1,2] = 0.5
lam[1,3] = 0.5
tau[0,0,1] = 1.0
tau[0,0,L0] = -0.0
tau[0,0,L1] = -0.0
tau[0,0,L2] = 0.0
tau[0,1,1] = 1.0
tau[0,1,L0] = 0.0
tau[0,1,L1] = -0.0
tau[0,1,L2] = -0.0
tau[0,2,1] = 1.0
tau[0,2,L0] = -0.0
tau[0,2,L1] = -0.0
tau[0,2,L2] = -0.0
tau[0,3,1] = 0.0
tau[0,3,L0] = -0.0
tau[0,3,L1] = -0.0
tau[0,3,L2] = -0.0
tau[0,4,1] = 0.0
tau[0,4,L0] = -0.0
tau[0,4,L1] = -0.0
tau[0,4,L2] = -0.0
tau[0,5,1] = 0.0
tau[0,5,L0] = -0.0
tau[0,5,L1] = -0.0
tau[0,5,L2] = -0.0
tau[1,0,L0] = 1.0
tau[1,0,L1] = -0.0
tau[1,0,L2] = -0.0
tau[1,1,L0] = -0.0
tau[1,1,L1] = 1.0
tau[1,1,L2] = -0.0
tau[1,2,L0] = -0.0
tau[1,2,L1] = 1.0
tau[1,2,L2] = -0.0
tau[1,3,L0] = -0.0
tau[1,3,L1] = -0.0
tau[1,3,L2] = -0.0
tau[1,4,L0] = -0.0
tau[1,4,L1] = -0.0
tau[1,4,L2] = -0.0
tau[1,5,L0] = -0.0
tau[1,5,L1] = -0.0
tau[1,5,L2] = -0.0
m[0,0] = 1.0
m[0,1] = 1.0
m[0,2] = 1.0
m[0,3] = 0.0
m[0,4] = 1.0
m[0,5] = 1.0
m[0,6] = 1.0
m[0,7] = 1.0
m[0,8] = 1.0
m[0,9] = 1.0
m[0,10] = 1.0
m[0,11] = 1.0
m[0,12] = 1.0
m[0,13] = 1.0
m[0,14] = 1.0
m[0,15] = 1.0
m[0,16] = 1.0
m[0,17] = 1.0
m[0,18] = 1.0
m[0,19] = 1.0
m[0,20] = 1.0
m[0,21] = 0.0
m[0,22] = 0.0
m[0,23] = 0.0
m[0,24] = 1.0
m[0,25] = 1.0
m[0,26] = 1.0
m[0,27] = 0.0
m[0,28] = 1.0
m[0,29] = 1.0
m[0,30] = 1.0
m[0,31] = 1.0
m[0,32] = 0.0
m[0,33] = 1.0
m[0,34] = 1.0
m[0,35] = 1.0
m[0,36] = 1.0
m[0,37] = 1.0
m[0,38] = 1.0
m[0,39] = 1.0
m[0,40] = 1.0
m[0,41] = 1.0
m[0,42] = 1.0
m[0,43] = 1.0
m[0,44] = 1.0
m[0,45] = 1.0
m[0,46] = 1.0
m[0,47] = 0.0
m[0,48] = 1.0
m[0,49] = 1.0
m[0,50] = 1.0
m[0,51] = 1.0
m[0,52] = 0.0
m[0,53] = 1.0
m[0,54] = 1.0
m[0,55] = 1.0
m[0,56] = 1.0
m[0,57] = 1.0
m[0,58] = 1.0
m[0,59] = 1.0
m[0,60] = 1.0
m[0,61] = 1.0
m[0,62] = 1.0
m[0,63] = 1.0
m[0,64] = 1.0
m[0,65] = 0.0
m[0,66] = 1.0
m[0,67] = 0.0
m[0,68] = 1.0
m[0,69] = 1.0
m[0,70] = 1.0
m[0,71] = 1.0
m[0,72] = 0.0
m[0,73] = 1.0
m[0,74] = 1.0
m[0,75] = 1.0
m[0,76] = 1.0
m[0,77] = 1.0
m[0,78] = 1.0
m[0,79] = 1.0
m[0,80] = 1.0
m[0,81] = 1.0
m[0,82] = 1.0
m[0,83] = 1.0
m[0,84] = 1.0
m[0,85] = 0.0
m[0,86] = 0.0
m[0,87] = 1.0
m[0,88] = 1.0
m[0,89] = 1.0
m[0,90] = 1.0
m[0,91] = 1.0
m[0,92] = 1.0
m[0,93] = 1.0
m[0,94] = 1.0
m[0,95] = 1.0
m[0,96] = 1.0
m[0,97] = 1.0
m[0,98] = 1.0
m[0,99] = 0.0
m[0,100] = 1.0
m[0,101] = 1.0
m[0,102] = 1.0
m[0,103] = 1.0
m[0,104] = 1.0
m[0,105] = 0.0
m[0,106] = 1.0
m[0,107] = 1.0
m[0,108] = 1.0
m[0,109] = 1.0
m[0,110] = 1.0
m[0,111] = 1.0
m[0,112] = 1.0
m[0,113] = 1.0
m[0,114] = 0.0
m[0,115] = 1.0
m[0,116] = 1.0
m[0,117] = 0.0
m[0,118] = 1.0
m[0,119] = 1.0
m[0,120] = 1.0
m[0,121] = 1.0
m[0,122] = 1.0
m[0,123] = 0.0
m[0,124] = 1.0
m[0,125] = 1.0
m[0,126] = 1.0
m[0,127] = 1.0
m[0,128] = 0.0
m[0,129] = 1.0
m[0,130] = 1.0
m[0,131] = 1.0
m[0,132] = 1.0
m[0,133] = 1.0
m[0,134] = 0.0
m[0,135] = 1.0
m[0,136] = 1.0
m[0,137] = 1.0
m[0,138] = 1.0
m[0,139] = 1.0
m[0,140] = 1.0
m[0,141] = 1.0
m[0,142] = 1.0
m[0,143] = 1.0
m[0,144] = 1.0
m[0,145] = 1.0
m[0,146] = 1.0
m[0,147] = 1.0
m[0,148] = 0.0
m[0,149] = 0.0
m[0,150] = 1.0
m[0,151] = 1.0
m[0,152] = 1.0
m[0,153] = 1.0
m[0,154] = 1.0
m[0,155] = 1.0
m[0,156] = 1.0
m[0,157] = 1.0
m[0,158] = 1.0
m[0,159] = 1.0
m[0,160] = 1.0
m[0,161] = 1.0
m[0,162] = 1.0
m[0,163] = 1.0
m[0,164] = 1.0
m[0,165] = 1.0
m[0,166] = 1.0
m[0,167] = 1.0
m[0,168] = 1.0
m[0,169] = 0.0
m[0,170] = 1.0
m[0,171] = 1.0
m[0,172] = 1.0
m[0,173] = 1.0
m[0,174] = 1.0
m[0,175] = 0.0
m[0,176] = 1.0
m[0,177] = 1.0
m[0,178] = 1.0
m[0,179] = 1.0
m[0,180] = 0.0
m[0,181] = 1.0
m[0,182] = 1.0
m[0,183] = 1.0
m[0,184] = 0.0
m[0,185] = 1.0
m[0,186] = 1.0
m[0,187] = 1.0
m[0,188] = 1.0
m[0,189] = 1.0
m[0,190] = 1.0
m[0,191] = 0.0
m[0,192] = 0.0
m[0,193] = 1.0
m[0,194] = 1.0
m[0,195] = 1.0
m[0,196] = 1.0
m[0,197] = 1.0
m[0,198] = 1.0
m[0,199] = 1.0
m[0,200] = 0.0
m[0,201] = 1.0
m[0,202] = 1.0
m[0,203] = 1.0
m[0,204] = 1.0
m[0,205] = 1.0
m[0,206] = 1.0
m[0,207] = 1.0
m[0,208] = 1.0
m[0,209] = 1.0
m[0,210] = 1.0
m[0,211] = 1.0
m[0,212] = 0.0
m[0,213] = 1.0
m[0,214] = 1.0
m[0,215] = 1.0
m[0,216] = 1.0
m[0,217] = 1.0
m[0,218] = 1.0
m[0,219] = 0.0
m[0,220] = 1.0
m[0,221] = 1.0
m[0,222] = 1.0
m[0,223] = 0.0
m[0,224] = 1.0
m[0,225] = 1.0
m[0,226] = 1.0
m[0,227] = 1.0
m[0,228] = 1.0
m[0,229] = 1.0
m[0,230] = 1.0
m[0,231] = 1.0
m[0,232] = 1.0
m[0,233] = 1.0
m[0,234] = 1.0
m[0,235] = 1.0
m[0,236] = 1.0
m[0,237] = 1.0
m[0,238] = 0.0
m[0,239] = 1.0
m[0,240] = 0.0
m[0,241] = 1.0
m[0,242] = 1.0
m[0,243] = 1.0
m[0,244] = 1.0
m[0,245] = 1.0
m[0,246] = 1.0
m[0,247] = 1.0
m[0,248] = 0.0
m[0,249] = 1.0
m[0,250] = 1.0
m[0,251] = 1.0
m[0,252] = 1.0
m[0,253] = 1.0
m[0,254] = 1.0
m[0,255] = 1.0
m[0,256] = 1.0
m[0,257] = 1.0
m[0,258] = 1.0
m[0,259] = 1.0
m[0,260] = 0.0
m[0,261] = 1.0
m[0,262] = 1.0
m[0,263] = 1.0
m[0,264] = 1.0
m[0,265] = 0.0
m[0,266] = 1.0
m[0,267] = 1.0
m[0,268] = 1.0
m[0,269] = 1.0
m[0,270] = 1.0
m[0,271] = 1.0
m[0,272] = 1.0
m[0,273] = 1.0
m[0,274] = 1.0
m[0,275] = 1.0
m[0,276] = 1.0
m[0,277] = 1.0
m[0,278] = 1.0
m[0,279] = 1.0
m[0,280] = 1.0
m[0,281] = 1.0
m[0,282] = 1.0
m[0,283] = 1.0
m[0,284] = 0.0
m[0,285] = 1.0
m[0,286] = 1.0
m[0,287] = 1.0
m[0,288] = 1.0
m[0,289] = 1.0
m[0,290] = 0.0
m[0,291] = 1.0
m[0,292] = 1.0
m[0,293] = 1.0
m[0,294] = 1.0
m[0,295] = 1.0
m[0,296] = 1.0
m[0,297] = 1.0
m[0,298] = 1.0
m[0,299] = 1.0
m[0,300] = 0.0
m[0,301] = 1.0
m[0,302] = 1.0
m[0,303] = 1.0
m[0,304] = 0.0
m[0,305] = 1.0
m[0,306] = 1.0
m[0,307] = 1.0
m[0,308] = 0.0
m[0,309] = 1.0
m[0,310] = 1.0
m[0,311] = 1.0
m[0,312] = 1.0
m[0,313] = 1.0
m[0,314] = 1.0
m[0,315] = 1.0
m[0,316] = 1.0
m[0,317] = 0.0
m[0,318] = 0.0
m[0,319] = 1.0
m[0,320] = 0.0
m[0,321] = 1.0
m[0,322] = 0.0
m[0,323] = 1.0
m[0,324] = 1.0
m[0,325] = 0.0
m[0,326] = 1.0
m[0,327] = 1.0
m[0,328] = 1.0
m[0,329] = 1.0
m[0,330] = 1.0
m[0,331] = 1.0
m[0,332] = 0.0
m[0,333] = 1.0
m[0,334] = 1.0
m[0,335] = 1.0
m[0,336] = 1.0
m[0,337] = 1.0
m[0,338] = 1.0
m[0,339] = 0.0
m[0,340] = 1.0
m[0,341] = 1.0
m[0,342] = 0.0
m[0,343] = 1.0
m[0,344] = 1.0
m[0,345] = 1.0
m[0,346] = 1.0
m[0,347] = 1.0
m[0,348] = 0.0
m[0,349] = 1.0
m[0,350] = 1.0
m[0,351] = 1.0
m[0,352] = 1.0
m[0,353] = 1.0
m[0,354] = 1.0
m[0,355] = 1.0
m[0,356] = 1.0
m[0,357] = 0.0
m[0,358] = 1.0
m[0,359] = 1.0
m[0,360] = 1.0
m[0,361] = 1.0
m[0,362] = 1.0
m[0,363] = 1.0
m[0,364] = 1.0
m[0,365] = 1.0
m[0,366] = 1.0
m[0,367] = 1.0
m[0,368] = 1.0
m[0,369] = 1.0
m[0,370] = 1.0
m[0,371] = 1.0
m[0,372] = 1.0
m[0,373] = 0.0
m[0,374] = 1.0
m[0,375] = 1.0
m[0,376] = 1.0
m[0,377] = 1.0
m[0,378] = 1.0
m[0,379] = 1.0
m[0,380] = 1.0
m[0,381] = 1.0
m[0,382] = 1.0
m[0,383] = 1.0
m[0,384] = 0.0
m[0,385] = 1.0
m[0,386] = 1.0
m[0,387] = 0.0
m[0,388] = 1.0
m[0,389] = 0.0
m[0,390] = 1.0
m[0,391] = 1.0
m[0,392] = 1.0
m[0,393] = 1.0
m[0,394] = 1.0
m[0,395] = 1.0
m[0,396] = 0.0
m[0,397] = 1.0
m[0,398] = 1.0
m[0,399] = 1.0
m[0,400] = 1.0
m[0,401] = 1.0
m[0,402] = 0.0
m[0,403] = 1.0
m[0,404] = 1.0
m[0,405] = 1.0
m[0,406] = 0.0
m[0,407] = 1.0
m[0,408] = 1.0
m[0,409] = 1.0
m[0,410] = 1.0
m[0,411] = 0.0
m[0,412] = 1.0
m[0,413] = 1.0
m[0,414] = 1.0
m[0,415] = 1.0
m[0,416] = 1.0
m[0,417] = 1.0
m[0,418] = 0.0
m[0,419] = 1.0
m[0,420] = 0.0
m[0,421] = 1.0
m[0,422] = 0.0
m[0,423] = 1.0
m[0,424] = 1.0
m[0,425] = 1.0
m[0,426] = 0.0
m[0,427] = 1.0
m[0,428] = 1.0
m[0,429] = 0.0
m[0,430] = 0.0
m[0,431] = 1.0
m[0,432] = 1.0
m[0,433] = 0.0
m[0,434] = 1.0
m[0,435] = 1.0
m[0,436] = 0.0
m[0,437] = 0.0
m[0,438] = 1.0
m[0,439] = 0.0
m[0,440] = 0.0
m[0,441] = 1.0
m[0,442] = 0.0
m[0,443] = 0.0
m[0,444] = 1.0
m[0,445] = 1.0
m[0,446] = 1.0
m[0,447] = 1.0
m[0,448] = 1.0
m[0,449] = 1.0
m[0,450] = 1.0
m[0,451] = 1.0
m[0,452] = 0.0
m[0,453] = 1.0
m[0,454] = 1.0
m[0,455] = 1.0
m[0,456] = 0.0
m[0,457] = 1.0
m[0,458] = 1.0
m[0,459] = 1.0
m[0,460] = 1.0
m[0,461] = 1.0
m[0,462] = 0.0
m[0,463] = 1.0
m[0,464] = 1.0
m[0,465] = 1.0
m[0,466] = 1.0
m[0,467] = 1.0
m[0,468] = 1.0
m[0,469] = 1.0
m[0,470] = 1.0
u[0] = 1.0
u[1] = 1.0
o_u[0,0] = 0.0
o_u[0,1] = 0.0
o_u[0,2] = 0.5
o_u[0,3] = 0.5
o_u[1,0] = 0.0
o_u[1,1] = 0.0
o_u[1,2] = 0.5
o_u[1,3] = 0.5
------------------------------------------------------------------------
------------------------------------------------------------------------
Saved hierarchical tree visualization to milp_tree_levels.png
THIS IS THE INITIAL CORRECTNESS 0.8386411889596603
THIS IS THE INITIAL EXPLAINABILITY 8.0
Inside find_pareto_solution_more_e
----------------------------------
THE CURRENT CORRECTNESS IS: 0.8386411889596603, AND THE CURRENT EXPLAINABILITY IS: 8.0
Gurobi Optimizer version 12.0.3 build v12.0.3rc0 (linux64 - "Ubuntu 22.04.5 LTS")

CPU model: AMD EPYC 7742 64-Core Processor, instruction set [SSE2|AVX|AVX2]
Thread count: 128 physical cores, 256 logical processors, using up to 32 threads

Optimize a model with 112710 rows, 27891 columns and 334930 nonzeros
Model fingerprint: 0x380843ed
Variable types: 27849 continuous, 42 integer (0 binary)
Coefficient statistics:
  Matrix range     [1e+00, 5e+00]
  Objective range  [1e+00, 5e+00]
  Bounds range     [1e+00, 1e+00]
  RHS range        [1e+00, 1e+03]

MIP start from previous solve did not produce a new incumbent solution
MIP start from previous solve violates constraint R112708 by 1.000000000

Presolve removed 108787 rows and 26580 columns
Presolve time: 0.22s
Presolved: 3923 rows, 1311 columns, 11344 nonzeros
Variable types: 1287 continuous, 24 integer (24 binary)
Found heuristic solution: objective 239.0000000
Performing another presolve...
Presolve removed 195 rows and 162 columns
Presolve time: 0.03s

Root relaxation: objective 4.039607e+02, 2035 iterations, 0.10 seconds (0.12 work units)

    Nodes    |    Current Node    |     Objective Bounds      |     Work
 Expl Unexpl |  Obj  Depth IntInf | Incumbent    BestBd   Gap | It/Node Time

     0     0  403.96068    0   24  239.00000  403.96068  69.0%     -    0s
H    0     0                     328.0000000  403.96068  23.2%     -    0s
     0     0  403.70222    0   23  328.00000  403.70222  23.1%     -    0s
     0     0  403.70222    0   24  328.00000  403.70222  23.1%     -    0s
     0     0  403.70222    0   23  328.00000  403.70222  23.1%     -    1s
     0     0  403.70222    0   22  328.00000  403.70222  23.1%     -    1s
     0     0  403.69862    0   24  328.00000  403.69862  23.1%     -    1s
     0     0  403.65468    0   24  328.00000  403.65468  23.1%     -    1s
     0     0  403.65468    0   23  328.00000  403.65468  23.1%     -    1s
     0     0  403.65468    0   23  328.00000  403.65468  23.1%     -    1s
     0     0  403.65261    0   23  328.00000  403.65261  23.1%     -    1s
     0     0  403.65032    0   23  328.00000  403.65032  23.1%     -    1s
     0     0  403.65027    0   23  328.00000  403.65027  23.1%     -    1s
     0     0  403.65027    0   23  328.00000  403.65027  23.1%     -    1s
     0     0  403.60649    0   24  328.00000  403.60649  23.1%     -    1s
     0     0  403.60649    0   24  328.00000  403.60649  23.1%     -    1s
     0     0  403.57073    0   24  328.00000  403.57073  23.0%     -    1s
     0     0  403.57073    0   24  328.00000  403.57073  23.0%     -    1s
     0     0  403.57073    0   24  328.00000  403.57073  23.0%     -    1s
     0     0  403.54909    0   23  328.00000  403.54909  23.0%     -    1s
     0     0  403.54774    0   23  328.00000  403.54774  23.0%     -    1s
     0     0  403.54680    0   23  328.00000  403.54680  23.0%     -    1s
     0     0  403.54680    0   23  328.00000  403.54680  23.0%     -    1s
     0     0  403.53467    0   23  328.00000  403.53467  23.0%     -    1s
     0     0  403.53273    0   23  328.00000  403.53273  23.0%     -    1s
     0     0  403.53232    0   23  328.00000  403.53232  23.0%     -    1s
     0     0  403.53030    0   23  328.00000  403.53030  23.0%     -    1s
     0     0  403.51503    0   23  328.00000  403.51503  23.0%     -    1s
     0     0  403.51503    0   23  328.00000  403.51503  23.0%     -    1s
     0     2  403.51503    0   23  328.00000  403.51503  23.0%     -    1s
H   37    13                     333.0000000  403.32358  21.1%   136    2s

Cutting planes:
  Gomory: 2
  Cover: 1
  MIR: 33
  Flow cover: 18
  Inf proof: 2
  RLT: 152
  BQP: 34

Explored 180 nodes (16677 simplex iterations) in 2.52 seconds (2.10 work units)
Thread count was 32 (of 256 available processors)

Solution count 3: 333 328 239 

Optimal solution found (tolerance 1.00e-04)
Best objective 3.330000000000e+02, best bound 3.330000000000e+02, gap 0.0000%
Objective value: 333.0
lam[0,0] = 0.0
lam[0,1] = 0.5
lam[0,2] = 0.5
lam[0,3] = 0.0
lam[1,0] = 0.0
lam[1,1] = 0.5
lam[1,2] = 0.5
lam[1,3] = 0.0
tau[0,0,1] = 1.0
tau[0,0,L0] = -0.0
tau[0,0,L1] = 0.0
tau[0,0,L2] = -0.0
tau[0,1,1] = 1.0
tau[0,1,L0] = -0.0
tau[0,1,L1] = -0.0
tau[0,1,L2] = -0.0
tau[0,2,1] = 1.0
tau[0,2,L0] = 0.0
tau[0,2,L1] = -0.0
tau[0,2,L2] = -0.0
tau[0,3,1] = 0.0
tau[0,3,L0] = -0.0
tau[0,3,L1] = -0.0
tau[0,3,L2] = -0.0
tau[0,4,1] = 0.0
tau[0,4,L0] = -0.0
tau[0,4,L1] = -0.0
tau[0,4,L2] = -0.0
tau[0,5,1] = 0.0
tau[0,5,L0] = -0.0
tau[0,5,L1] = -0.0
tau[0,5,L2] = -0.0
tau[1,0,L0] = 1.0
tau[1,0,L1] = -0.0
tau[1,0,L2] = 0.0
tau[1,1,L0] = 1.0
tau[1,1,L1] = -0.0
tau[1,1,L2] = 0.0
tau[1,2,L0] = 0.0
tau[1,2,L1] = 1.0
tau[1,2,L2] = 0.0
tau[1,3,L0] = -0.0
tau[1,3,L1] = -0.0
tau[1,3,L2] = -0.0
tau[1,4,L0] = -0.0
tau[1,4,L1] = -0.0
tau[1,4,L2] = -0.0
tau[1,5,L0] = -0.0
tau[1,5,L1] = -0.0
tau[1,5,L2] = -0.0
m[0,0] = 1.0
m[0,1] = 1.0
m[0,2] = 1.0
m[0,3] = 0.0
m[0,4] = 1.0
m[0,5] = 0.0
m[0,6] = 1.0
m[0,7] = 1.0
m[0,8] = 0.0
m[0,9] = 1.0
m[0,10] = 1.0
m[0,11] = 0.0
m[0,12] = 0.0
m[0,13] = 1.0
m[0,14] = 1.0
m[0,15] = 1.0
m[0,16] = 1.0
m[0,17] = 1.0
m[0,18] = 0.0
m[0,19] = 1.0
m[0,20] = 0.0
m[0,21] = 1.0
m[0,22] = 1.0
m[0,23] = 0.0
m[0,24] = 1.0
m[0,25] = 1.0
m[0,26] = 1.0
m[0,27] = 1.0
m[0,28] = 1.0
m[0,29] = 1.0
m[0,30] = 1.0
m[0,31] = 0.0
m[0,32] = 1.0
m[0,33] = 1.0
m[0,34] = 1.0
m[0,35] = 1.0
m[0,36] = 0.0
m[0,37] = 1.0
m[0,38] = 1.0
m[0,39] = 1.0
m[0,40] = 0.0
m[0,41] = 1.0
m[0,42] = 1.0
m[0,43] = 1.0
m[0,44] = 1.0
m[0,45] = 1.0
m[0,46] = 0.0
m[0,47] = 1.0
m[0,48] = 1.0
m[0,49] = 1.0
m[0,50] = 1.0
m[0,51] = 0.0
m[0,52] = 0.0
m[0,53] = 1.0
m[0,54] = 1.0
m[0,55] = 1.0
m[0,56] = 1.0
m[0,57] = 1.0
m[0,58] = 1.0
m[0,59] = 0.0
m[0,60] = 0.0
m[0,61] = 1.0
m[0,62] = 1.0
m[0,63] = 1.0
m[0,64] = 1.0
m[0,65] = 0.0
m[0,66] = 0.0
m[0,67] = 0.0
m[0,68] = 1.0
m[0,69] = 1.0
m[0,70] = 1.0
m[0,71] = 1.0
m[0,72] = 0.0
m[0,73] = 1.0
m[0,74] = 1.0
m[0,75] = 1.0
m[0,76] = 0.0
m[0,77] = 1.0
m[0,78] = 1.0
m[0,79] = 1.0
m[0,80] = 1.0
m[0,81] = 1.0
m[0,82] = 1.0
m[0,83] = 1.0
m[0,84] = 0.0
m[0,85] = 0.0
m[0,86] = 0.0
m[0,87] = 0.0
m[0,88] = 1.0
m[0,89] = 1.0
m[0,90] = 1.0
m[0,91] = 1.0
m[0,92] = 1.0
m[0,93] = 1.0
m[0,94] = 1.0
m[0,95] = 1.0
m[0,96] = 1.0
m[0,97] = 1.0
m[0,98] = 1.0
m[0,99] = 0.0
m[0,100] = 1.0
m[0,101] = 1.0
m[0,102] = 1.0
m[0,103] = 1.0
m[0,104] = 1.0
m[0,105] = 0.0
m[0,106] = 1.0
m[0,107] = 0.0
m[0,108] = 1.0
m[0,109] = 1.0
m[0,110] = 0.0
m[0,111] = 1.0
m[0,112] = 1.0
m[0,113] = 0.0
m[0,114] = 1.0
m[0,115] = 1.0
m[0,116] = 1.0
m[0,117] = 0.0
m[0,118] = 1.0
m[0,119] = 1.0
m[0,120] = 1.0
m[0,121] = 0.0
m[0,122] = 1.0
m[0,123] = 1.0
m[0,124] = 1.0
m[0,125] = 1.0
m[0,126] = 1.0
m[0,127] = 0.0
m[0,128] = 0.0
m[0,129] = 1.0
m[0,130] = 1.0
m[0,131] = 1.0
m[0,132] = 1.0
m[0,133] = 1.0
m[0,134] = 0.0
m[0,135] = 1.0
m[0,136] = 1.0
m[0,137] = 1.0
m[0,138] = 0.0
m[0,139] = 0.0
m[0,140] = 1.0
m[0,141] = 1.0
m[0,142] = 0.0
m[0,143] = 1.0
m[0,144] = 1.0
m[0,145] = 1.0
m[0,146] = 1.0
m[0,147] = 0.0
m[0,148] = 1.0
m[0,149] = 0.0
m[0,150] = 1.0
m[0,151] = 0.0
m[0,152] = 1.0
m[0,153] = 1.0
m[0,154] = 1.0
m[0,155] = 1.0
m[0,156] = 1.0
m[0,157] = 0.0
m[0,158] = 1.0
m[0,159] = 0.0
m[0,160] = 1.0
m[0,161] = 1.0
m[0,162] = 1.0
m[0,163] = 0.0
m[0,164] = 1.0
m[0,165] = 1.0
m[0,166] = 1.0
m[0,167] = 1.0
m[0,168] = 1.0
m[0,169] = 0.0
m[0,170] = 1.0
m[0,171] = 1.0
m[0,172] = 1.0
m[0,173] = 1.0
m[0,174] = 1.0
m[0,175] = 0.0
m[0,176] = 0.0
m[0,177] = 0.0
m[0,178] = 0.0
m[0,179] = 1.0
m[0,180] = 0.0
m[0,181] = 1.0
m[0,182] = 0.0
m[0,183] = 0.0
m[0,184] = 0.0
m[0,185] = 1.0
m[0,186] = 1.0
m[0,187] = 0.0
m[0,188] = 1.0
m[0,189] = 0.0
m[0,190] = 1.0
m[0,191] = 0.0
m[0,192] = 0.0
m[0,193] = 1.0
m[0,194] = 1.0
m[0,195] = 1.0
m[0,196] = 0.0
m[0,197] = 1.0
m[0,198] = 1.0
m[0,199] = 1.0
m[0,200] = 0.0
m[0,201] = 0.0
m[0,202] = 0.0
m[0,203] = 1.0
m[0,204] = 1.0
m[0,205] = 0.0
m[0,206] = 1.0
m[0,207] = 1.0
m[0,208] = 1.0
m[0,209] = 0.0
m[0,210] = 1.0
m[0,211] = 0.0
m[0,212] = 0.0
m[0,213] = 1.0
m[0,214] = 1.0
m[0,215] = 1.0
m[0,216] = 0.0
m[0,217] = 0.0
m[0,218] = 0.0
m[0,219] = 0.0
m[0,220] = 1.0
m[0,221] = 1.0
m[0,222] = 1.0
m[0,223] = 1.0
m[0,224] = 0.0
m[0,225] = 1.0
m[0,226] = 1.0
m[0,227] = 1.0
m[0,228] = 1.0
m[0,229] = 1.0
m[0,230] = 1.0
m[0,231] = 1.0
m[0,232] = 1.0
m[0,233] = 1.0
m[0,234] = 1.0
m[0,235] = 1.0
m[0,236] = 1.0
m[0,237] = 1.0
m[0,238] = 0.0
m[0,239] = 1.0
m[0,240] = 0.0
m[0,241] = 1.0
m[0,242] = 1.0
m[0,243] = 1.0
m[0,244] = 1.0
m[0,245] = 1.0
m[0,246] = 1.0
m[0,247] = 0.0
m[0,248] = 1.0
m[0,249] = 1.0
m[0,250] = 1.0
m[0,251] = 0.0
m[0,252] = 0.0
m[0,253] = 1.0
m[0,254] = 0.0
m[0,255] = 1.0
m[0,256] = 1.0
m[0,257] = 1.0
m[0,258] = 1.0
m[0,259] = 1.0
m[0,260] = 0.0
m[0,261] = 1.0
m[0,262] = 1.0
m[0,263] = 1.0
m[0,264] = 1.0
m[0,265] = 0.0
m[0,266] = 0.0
m[0,267] = 1.0
m[0,268] = 0.0
m[0,269] = 1.0
m[0,270] = 1.0
m[0,271] = 1.0
m[0,272] = 0.0
m[0,273] = 1.0
m[0,274] = 1.0
m[0,275] = 0.0
m[0,276] = 0.0
m[0,277] = 1.0
m[0,278] = 1.0
m[0,279] = 1.0
m[0,280] = 0.0
m[0,281] = 1.0
m[0,282] = 1.0
m[0,283] = 0.0
m[0,284] = 0.0
m[0,285] = 1.0
m[0,286] = 1.0
m[0,287] = 1.0
m[0,288] = 1.0
m[0,289] = 1.0
m[0,290] = 1.0
m[0,291] = 1.0
m[0,292] = 0.0
m[0,293] = 0.0
m[0,294] = 1.0
m[0,295] = 1.0
m[0,296] = 1.0
m[0,297] = 1.0
m[0,298] = 1.0
m[0,299] = 0.0
m[0,300] = 0.0
m[0,301] = 1.0
m[0,302] = 1.0
m[0,303] = 1.0
m[0,304] = 0.0
m[0,305] = 1.0
m[0,306] = 1.0
m[0,307] = 1.0
m[0,308] = 0.0
m[0,309] = 1.0
m[0,310] = 1.0
m[0,311] = 1.0
m[0,312] = 1.0
m[0,313] = 0.0
m[0,314] = 1.0
m[0,315] = 1.0
m[0,316] = 1.0
m[0,317] = 0.0
m[0,318] = 1.0
m[0,319] = 1.0
m[0,320] = 0.0
m[0,321] = 1.0
m[0,322] = 1.0
m[0,323] = 0.0
m[0,324] = 1.0
m[0,325] = 0.0
m[0,326] = 1.0
m[0,327] = 1.0
m[0,328] = 1.0
m[0,329] = 1.0
m[0,330] = 1.0
m[0,331] = 1.0
m[0,332] = 0.0
m[0,333] = 0.0
m[0,334] = 0.0
m[0,335] = 1.0
m[0,336] = 0.0
m[0,337] = 1.0
m[0,338] = 1.0
m[0,339] = 0.0
m[0,340] = 1.0
m[0,341] = 1.0
m[0,342] = 0.0
m[0,343] = 1.0
m[0,344] = 1.0
m[0,345] = 1.0
m[0,346] = 1.0
m[0,347] = 1.0
m[0,348] = 0.0
m[0,349] = 1.0
m[0,350] = 1.0
m[0,351] = 0.0
m[0,352] = 1.0
m[0,353] = 1.0
m[0,354] = 1.0
m[0,355] = 1.0
m[0,356] = 1.0
m[0,357] = 1.0
m[0,358] = 1.0
m[0,359] = 1.0
m[0,360] = 1.0
m[0,361] = 1.0
m[0,362] = 0.0
m[0,363] = 0.0
m[0,364] = 0.0
m[0,365] = 1.0
m[0,366] = 0.0
m[0,367] = 1.0
m[0,368] = 1.0
m[0,369] = 1.0
m[0,370] = 1.0
m[0,371] = 1.0
m[0,372] = 1.0
m[0,373] = 0.0
m[0,374] = 1.0
m[0,375] = 1.0
m[0,376] = 0.0
m[0,377] = 1.0
m[0,378] = 0.0
m[0,379] = 1.0
m[0,380] = 1.0
m[0,381] = 1.0
m[0,382] = 1.0
m[0,383] = 0.0
m[0,384] = 0.0
m[0,385] = 1.0
m[0,386] = 1.0
m[0,387] = 0.0
m[0,388] = 1.0
m[0,389] = 1.0
m[0,390] = 1.0
m[0,391] = 1.0
m[0,392] = 0.0
m[0,393] = 0.0
m[0,394] = 0.0
m[0,395] = 1.0
m[0,396] = 0.0
m[0,397] = 1.0
m[0,398] = 1.0
m[0,399] = 1.0
m[0,400] = 1.0
m[0,401] = 1.0
m[0,402] = 0.0
m[0,403] = 1.0
m[0,404] = 1.0
m[0,405] = 1.0
m[0,406] = 1.0
m[0,407] = 0.0
m[0,408] = 1.0
m[0,409] = 1.0
m[0,410] = 1.0
m[0,411] = 0.0
m[0,412] = 1.0
m[0,413] = 1.0
m[0,414] = 0.0
m[0,415] = 0.0
m[0,416] = 1.0
m[0,417] = 1.0
m[0,418] = 0.0
m[0,419] = 1.0
m[0,420] = 1.0
m[0,421] = 1.0
m[0,422] = 1.0
m[0,423] = 1.0
m[0,424] = 1.0
m[0,425] = 1.0
m[0,426] = 0.0
m[0,427] = 0.0
m[0,428] = 1.0
m[0,429] = 0.0
m[0,430] = 0.0
m[0,431] = 1.0
m[0,432] = 0.0
m[0,433] = 0.0
m[0,434] = 0.0
m[0,435] = 0.0
m[0,436] = 0.0
m[0,437] = 0.0
m[0,438] = 1.0
m[0,439] = 0.0
m[0,440] = 0.0
m[0,441] = 1.0
m[0,442] = 0.0
m[0,443] = 0.0
m[0,444] = 0.0
m[0,445] = 1.0
m[0,446] = 1.0
m[0,447] = 1.0
m[0,448] = 1.0
m[0,449] = 0.0
m[0,450] = 1.0
m[0,451] = 1.0
m[0,452] = 0.0
m[0,453] = 1.0
m[0,454] = 1.0
m[0,455] = 1.0
m[0,456] = 1.0
m[0,457] = 1.0
m[0,458] = 1.0
m[0,459] = 1.0
m[0,460] = 1.0
m[0,461] = 0.0
m[0,462] = 0.0
m[0,463] = 1.0
m[0,464] = 1.0
m[0,465] = 1.0
m[0,466] = 0.0
m[0,467] = 0.0
m[0,468] = 0.0
m[0,469] = 1.0
m[0,470] = 1.0
u[0] = 1.0
u[1] = 1.0
o_u[0,0] = 0.0
o_u[0,1] = 0.5
o_u[0,2] = 0.5
o_u[0,3] = 0.0
o_u[1,0] = 0.0
o_u[1,1] = 0.5
o_u[1,2] = 0.5
o_u[1,3] = 0.0
THE NEW CORRECTNESS IS: 0.6878980891719745, AND THE NEW EXPLAINABILITY IS: 9.0
************************************************************
New pareto points added, correctness = 0.6878980891719745 , explainability = 9.0
App ending 1......
End of find_pareto_solution_more_e 4 @@@@@@@@@@@@@
Inside find_pareto_solution_more_e
----------------------------------
THE CURRENT CORRECTNESS IS: 0.6878980891719745, AND THE CURRENT EXPLAINABILITY IS: 9.0
Gurobi Optimizer version 12.0.3 build v12.0.3rc0 (linux64 - "Ubuntu 22.04.5 LTS")

CPU model: AMD EPYC 7742 64-Core Processor, instruction set [SSE2|AVX|AVX2]
Thread count: 128 physical cores, 256 logical processors, using up to 32 threads

Optimize a model with 112710 rows, 27891 columns and 334930 nonzeros
Model fingerprint: 0x073a5470
Variable types: 27849 continuous, 42 integer (0 binary)
Coefficient statistics:
  Matrix range     [1e+00, 5e+00]
  Objective range  [1e+00, 5e+00]
  Bounds range     [1e+00, 1e+00]
  RHS range        [1e+00, 1e+03]

MIP start from previous solve did not produce a new incumbent solution
MIP start from previous solve violates constraint R112710 by 1.000000000

Presolve removed 108787 rows and 26580 columns
Presolve time: 0.21s
Presolved: 3923 rows, 1311 columns, 11344 nonzeros
Variable types: 1287 continuous, 24 integer (24 binary)
Performing another presolve...
Presolve removed 195 rows and 162 columns
Presolve time: 0.03s

Root relaxation: objective 3.330000e+02, 1440 iterations, 0.06 seconds (0.07 work units)

    Nodes    |    Current Node    |     Objective Bounds      |     Work
 Expl Unexpl |  Obj  Depth IntInf | Incumbent    BestBd   Gap | It/Node Time

     0     0  333.00000    0    8          -  333.00000      -     -    0s
     0     0  330.37778    0   10          -  330.37778      -     -    0s

Cutting planes:
  MIR: 3
  RLT: 31
  BQP: 29

Explored 1 nodes (2456 simplex iterations) in 0.64 seconds (0.77 work units)
Thread count was 32 (of 256 available processors)

Solution count 0
No other solutions better than -1e+100

Model is infeasible
Best objective -, best bound -, gap -
[INFO] Model became infeasible under the new cuts.
End of find_pareto_solution_more_e 2 @@@@@@@@@@@
Inside find_pareto_solution_more_c
Gurobi Optimizer version 12.0.3 build v12.0.3rc0 (linux64 - "Ubuntu 22.04.5 LTS")

CPU model: AMD EPYC 7742 64-Core Processor, instruction set [SSE2|AVX|AVX2]
Thread count: 128 physical cores, 256 logical processors, using up to 32 threads

Optimize a model with 112710 rows, 27891 columns and 334930 nonzeros
Model fingerprint: 0x1e0f9f29
Variable types: 27849 continuous, 42 integer (0 binary)
Coefficient statistics:
  Matrix range     [1e+00, 5e+00]
  Objective range  [1e+00, 5e+00]
  Bounds range     [1e+00, 1e+00]
  RHS range        [1e+00, 1e+03]

MIP start from previous solve did not produce a new incumbent solution
MIP start from previous solve violates constraint R112708 by 1.000000000

Presolve removed 108787 rows and 26580 columns
Presolve time: 0.21s
Presolved: 3923 rows, 1311 columns, 11344 nonzeros
Variable types: 1287 continuous, 24 integer (24 binary)
Performing another presolve...
Presolve removed 219 rows and 168 columns
Presolve time: 0.03s

Root relaxation: objective 4.775833e+02, 1171 iterations, 0.05 seconds (0.06 work units)

    Nodes    |    Current Node    |     Objective Bounds      |     Work
 Expl Unexpl |  Obj  Depth IntInf | Incumbent    BestBd   Gap | It/Node Time

     0     0  477.58333    0   20          -  477.58333      -     -    0s
     0     0  475.33854    0   22          -  475.33854      -     -    0s
     0     0  475.33854    0   20          -  475.33854      -     -    0s
     0     0  473.19840    0   26          -  473.19840      -     -    0s
     0     0  473.03835    0   26          -  473.03835      -     -    0s
     0     0  473.03419    0   26          -  473.03419      -     -    0s
     0     0  473.03366    0   26          -  473.03366      -     -    0s
     0     0  471.45288    0   26          -  471.45288      -     -    0s
     0     0  468.38938    0   25          -  468.38938      -     -    0s
     0     0  468.33798    0   25          -  468.33798      -     -    0s
     0     0  468.31275    0   26          -  468.31275      -     -    1s
     0     0  468.31275    0   26          -  468.31275      -     -    1s
     0     0  467.10667    0   27          -  467.10667      -     -    1s
     0     0  466.83045    0   27          -  466.83045      -     -    1s
     0     0  466.83025    0   27          -  466.83025      -     -    1s
     0     0  466.10781    0   27          -  466.10781      -     -    1s
     0     0  465.99695    0   26          -  465.99695      -     -    1s
     0     0  465.99112    0   26          -  465.99112      -     -    1s
     0     0  465.65085    0   26          -  465.65085      -     -    1s
     0     0  465.53070    0   27          -  465.53070      -     -    1s
     0     0  465.53070    0   27          -  465.53070      -     -    1s
     0     0  465.36563    0   27          -  465.36563      -     -    1s
     0     0  465.35767    0   27          -  465.35767      -     -    1s
     0     0  465.27604    0   27          -  465.27604      -     -    1s
     0     0  465.25737    0   27          -  465.25737      -     -    1s
     0     0  462.08621    0   26          -  462.08621      -     -    1s
     0     0  462.08621    0   27          -  462.08621      -     -    1s
     0     0  457.00000    0   27          -  457.00000      -     -    1s
     0     0  457.00000    0   27          -  457.00000      -     -    1s
     0     0  455.75000    0   27          -  455.75000      -     -    1s
     0     0  451.50000    0   27          -  451.50000      -     -    1s
     0     2  451.50000    0   27          -  451.50000      -     -    2s

Cutting planes:
  Gomory: 1
  Cover: 6
  Implied bound: 1
  MIR: 34
  Flow cover: 14
  RLT: 135
  BQP: 16

Explored 134 nodes (19703 simplex iterations) in 2.39 seconds (2.31 work units)
Thread count was 32 (of 256 available processors)

Solution count 0
No other solutions better than -1e+100

Model is infeasible
Best objective -, best bound -, gap -
[INFO] Model became infeasible under the new cuts.
End of find_pareto_solution_more_c 1 |||||||||||||||||
[0.6878980891719745, 9.0]
Printing original list
[0.6878980891719745, 9.0]
Printing list after change
[0.6878980891719745, 9.0]
App ending 3....................... c = 0.8386411889596603 , e = 8.0

 Total time taken: 19.674945831298828 seconds