I AM STARTING --------------------
[]
NOW I AM GOING TO SOLVE THE MODEL FOR FIRST SOLUTION
Gurobi Optimizer version 12.0.3 build v12.0.3rc0 (linux64 - "Ubuntu 22.04.5 LTS")

CPU model: AMD EPYC 7742 64-Core Processor, instruction set [SSE2|AVX|AVX2]
Thread count: 128 physical cores, 256 logical processors, using up to 32 threads

Optimize a model with 189604 rows, 45387 columns and 568998 nonzeros
Model fingerprint: 0x9bfae9d5
Variable types: 45315 continuous, 72 integer (0 binary)
Coefficient statistics:
  Matrix range     [1e+00, 5e+00]
  Objective range  [1e+00, 5e+00]
  Bounds range     [1e+00, 1e+00]
  RHS range        [1e+00, 1e+03]
Presolve removed 181914 rows and 43034 columns
Presolve time: 0.74s
Presolved: 7690 rows, 2353 columns, 22833 nonzeros
Variable types: 2308 continuous, 45 integer (45 binary)
Found heuristic solution: objective 49.0000000
Found heuristic solution: objective 244.0000000
Performing another presolve...
Presolve removed 213 rows and 165 columns
Presolve time: 0.05s

Root relaxation: objective 4.860000e+02, 2519 iterations, 0.10 seconds (0.10 work units)

    Nodes    |    Current Node    |     Objective Bounds      |     Work
 Expl Unexpl |  Obj  Depth IntInf | Incumbent    BestBd   Gap | It/Node Time

     0     0  486.00000    0   22  244.00000  486.00000  99.2%     -    1s
H    0     0                     268.0000000  486.00000  81.3%     -    1s
H    0     0                     328.7500000  486.00000  47.8%     -    1s
     0     0  485.80000    0   34  328.75000  485.80000  47.8%     -    1s
     0     0  485.00000    0   37  328.75000  485.00000  47.5%     -    2s
H    0     0                     359.0000000  484.95000  35.1%     -    2s
     0     0  484.95000    0   36  359.00000  484.95000  35.1%     -    2s
     0     0  484.95000    0   36  359.00000  484.95000  35.1%     -    2s
     0     0  484.62500    0   39  359.00000  484.62500  35.0%     -    2s
     0     0  484.62500    0   39  359.00000  484.62500  35.0%     -    2s
     0     0  484.54167    0   39  359.00000  484.54167  35.0%     -    2s
H    0     0                     374.5000000  484.54167  29.4%     -    2s
     0     0  484.54167    0   39  374.50000  484.54167  29.4%     -    2s
     0     0  484.54167    0   39  374.50000  484.54167  29.4%     -    2s
     0     0  484.51923    0   38  374.50000  484.51923  29.4%     -    3s
     0     0  484.50000    0   37  374.50000  484.50000  29.4%     -    3s
     0     0  484.50000    0   37  374.50000  484.50000  29.4%     -    3s
H    0     0                     408.5000000  482.50000  18.1%     -    4s
     0     0  482.50000    0   28  408.50000  482.50000  18.1%     -    4s
H    0     0                     420.5000000  482.50000  14.7%     -    4s
     0     0  482.37500    0   29  420.50000  482.37500  14.7%     -    4s
     0     0  482.00000    0   36  420.50000  482.00000  14.6%     -    4s
     0     0  482.00000    0   33  420.50000  482.00000  14.6%     -    4s
     0     0  482.00000    0   26  420.50000  482.00000  14.6%     -    5s
     0     0  482.00000    0   47  420.50000  482.00000  14.6%     -    5s
     0     0  482.00000    0   47  420.50000  482.00000  14.6%     -    6s
     0     0  482.00000    0   45  420.50000  482.00000  14.6%     -    6s
     0     0  482.00000    0   46  420.50000  482.00000  14.6%     -    6s
     0     0  482.00000    0   46  420.50000  482.00000  14.6%     -    6s
     0     0  482.00000    0   45  420.50000  482.00000  14.6%     -    6s
     0     0  482.00000    0   44  420.50000  482.00000  14.6%     -    7s
     0     0  482.00000    0   44  420.50000  482.00000  14.6%     -    7s
     0     0  482.00000    0   45  420.50000  482.00000  14.6%     -    7s
     0     0  482.00000    0   46  420.50000  482.00000  14.6%     -    7s
     0     0  481.50000    0   45  420.50000  481.50000  14.5%     -    7s
     0     0  481.37500    0   45  420.50000  481.37500  14.5%     -    7s
     0     0  481.00000    0   46  420.50000  481.00000  14.4%     -    7s
     0     0  480.25000    0   38  420.50000  480.25000  14.2%     -    8s
     0     2  480.25000    0   38  420.50000  480.25000  14.2%     -    8s
H   81    95                     422.5000000  480.25000  13.7%   448    9s
   496   194  461.66667    9   20  422.50000  480.00000  13.6%   255   10s
H  586   204                     438.5000000  480.00000  9.46%   248   10s
H 1236   158                     440.0000000  471.59175  7.18%   218   10s
* 2093    51              29     441.0000000  458.00000  3.85%   168   12s

Cutting planes:
  Gomory: 6
  Cover: 4
  Implied bound: 2
  MIR: 58
  Flow cover: 39
  Inf proof: 2
  Network: 1
  RLT: 369
  BQP: 52

Explored 2264 nodes (393020 simplex iterations) in 12.53 seconds (10.41 work units)
Thread count was 32 (of 256 available processors)

Solution count 10: 441 440 438.5 ... 244

Optimal solution found (tolerance 1.00e-04)
Best objective 4.410000000000e+02, best bound 4.410000000000e+02, gap 0.0000%
Objective value: 441.0
lam[0,0] = 0.0
lam[0,1] = 0.0
lam[0,2] = 0.5
lam[0,3] = 0.5
lam[1,0] = 0.0
lam[1,1] = 0.0
lam[1,2] = 0.5
lam[1,3] = 0.5
lam[2,0] = 0.5
lam[2,1] = 0.5
lam[2,2] = 0.0
lam[2,3] = 0.0
tau[0,0,1] = 1.0
tau[0,0,2] = -0.0
tau[0,0,L0] = -0.0
tau[0,0,L1] = -0.0
tau[0,0,L2] = -0.0
tau[0,1,1] = 1.0
tau[0,1,2] = -0.0
tau[0,1,L0] = -0.0
tau[0,1,L1] = 0.0
tau[0,1,L2] = -0.0
tau[0,2,1] = 1.0
tau[0,2,2] = -0.0
tau[0,2,L0] = 0.0
tau[0,2,L1] = -0.0
tau[0,2,L2] = -0.0
tau[0,3,1] = 0.0
tau[0,3,2] = 0.0
tau[0,3,L0] = -0.0
tau[0,3,L1] = -0.0
tau[0,3,L2] = -0.0
tau[0,4,1] = 0.0
tau[0,4,2] = 0.0
tau[0,4,L0] = -0.0
tau[0,4,L1] = -0.0
tau[0,4,L2] = -0.0
tau[0,5,1] = 0.0
tau[0,5,2] = 0.0
tau[0,5,L0] = -0.0
tau[0,5,L1] = -0.0
tau[0,5,L2] = -0.0
tau[1,0,2] = -0.0
tau[1,0,L0] = 1.0
tau[1,0,L1] = -0.0
tau[1,0,L2] = -0.0
tau[1,1,2] = 1.0
tau[1,1,L0] = -0.0
tau[1,1,L1] = -0.0
tau[1,1,L2] = -0.0
tau[1,2,2] = -0.0
tau[1,2,L0] = -0.0
tau[1,2,L1] = 1.0
tau[1,2,L2] = 0.0
tau[1,3,2] = 0.0
tau[1,3,L0] = -0.0
tau[1,3,L1] = -0.0
tau[1,3,L2] = -0.0
tau[1,4,2] = 0.0
tau[1,4,L0] = -0.0
tau[1,4,L1] = -0.0
tau[1,4,L2] = -0.0
tau[1,5,2] = 0.0
tau[1,5,L0] = -0.0
tau[1,5,L1] = -0.0
tau[1,5,L2] = -0.0
tau[2,0,L0] = -0.0
tau[2,0,L1] = 1.0
tau[2,0,L2] = -0.0
tau[2,1,L0] = -0.0
tau[2,1,L1] = -0.0
tau[2,1,L2] = 1.0
tau[2,2,L0] = 1.0
tau[2,2,L1] = -0.0
tau[2,2,L2] = 0.0
tau[2,3,L0] = -0.0
tau[2,3,L1] = -0.0
tau[2,3,L2] = -0.0
tau[2,4,L0] = -0.0
tau[2,4,L1] = -0.0
tau[2,4,L2] = -0.0
tau[2,5,L0] = -0.0
tau[2,5,L1] = -0.0
tau[2,5,L2] = -0.0
m[0,0] = 1.0
m[0,1] = 1.0
m[0,2] = 1.0
m[0,3] = 0.0
m[0,4] = 1.0
m[0,5] = 1.0
m[0,6] = 1.0
m[0,7] = 1.0
m[0,8] = 1.0
m[0,9] = 1.0
m[0,10] = 1.0
m[0,11] = 1.0
m[0,12] = 1.0
m[0,13] = 1.0
m[0,14] = 1.0
m[0,15] = 1.0
m[0,16] = 1.0
m[0,17] = 1.0
m[0,18] = 1.0
m[0,19] = 1.0
m[0,20] = 1.0
m[0,21] = 1.0
m[0,22] = 1.0
m[0,23] = 0.0
m[0,24] = 1.0
m[0,25] = 1.0
m[0,26] = 1.0
m[0,27] = 1.0
m[0,28] = 1.0
m[0,29] = 1.0
m[0,30] = 1.0
m[0,31] = 1.0
m[0,32] = 1.0
m[0,33] = 1.0
m[0,34] = 1.0
m[0,35] = 1.0
m[0,36] = 1.0
m[0,37] = 1.0
m[0,38] = 1.0
m[0,39] = 1.0
m[0,40] = 1.0
m[0,41] = 1.0
m[0,42] = 1.0
m[0,43] = 1.0
m[0,44] = 1.0
m[0,45] = 1.0
m[0,46] = 1.0
m[0,47] = 0.5
m[0,48] = 1.0
m[0,49] = 1.0
m[0,50] = 1.0
m[0,51] = 1.0
m[0,52] = 0.0
m[0,53] = 1.0
m[0,54] = 1.0
m[0,55] = 1.0
m[0,56] = 1.0
m[0,57] = 1.0
m[0,58] = 1.0
m[0,59] = 1.0
m[0,60] = 1.0
m[0,61] = 1.0
m[0,62] = 1.0
m[0,63] = 1.0
m[0,64] = 1.0
m[0,65] = 0.0
m[0,66] = 1.0
m[0,67] = 0.0
m[0,68] = 1.0
m[0,69] = 1.0
m[0,70] = 1.0
m[0,71] = 1.0
m[0,72] = 0.0
m[0,73] = 1.0
m[0,74] = 1.0
m[0,75] = 1.0
m[0,76] = 1.0
m[0,77] = 1.0
m[0,78] = 1.0
m[0,79] = 1.0
m[0,80] = 1.0
m[0,81] = 1.0
m[0,82] = 1.0
m[0,83] = 1.0
m[0,84] = 1.0
m[0,85] = 0.0
m[0,86] = 1.0
m[0,87] = 1.0
m[0,88] = 1.0
m[0,89] = 1.0
m[0,90] = 1.0
m[0,91] = 1.0
m[0,92] = 1.0
m[0,93] = 1.0
m[0,94] = 1.0
m[0,95] = 1.0
m[0,96] = 1.0
m[0,97] = 1.0
m[0,98] = 1.0
m[0,99] = 0.0
m[0,100] = 1.0
m[0,101] = 1.0
m[0,102] = 1.0
m[0,103] = 1.0
m[0,104] = 1.0
m[0,105] = 0.0
m[0,106] = 1.0
m[0,107] = 1.0
m[0,108] = 1.0
m[0,109] = 1.0
m[0,110] = 1.0
m[0,111] = 1.0
m[0,112] = 1.0
m[0,113] = 1.0
m[0,114] = 0.5
m[0,115] = 1.0
m[0,116] = 1.0
m[0,117] = 0.0
m[0,118] = 1.0
m[0,119] = 1.0
m[0,120] = 1.0
m[0,121] = 1.0
m[0,122] = 1.0
m[0,123] = 1.0
m[0,124] = 1.0
m[0,125] = 1.0
m[0,126] = 1.0
m[0,127] = 1.0
m[0,128] = 0.0
m[0,129] = 1.0
m[0,130] = 1.0
m[0,131] = 1.0
m[0,132] = 1.0
m[0,133] = 1.0
m[0,134] = 1.0
m[0,135] = 1.0
m[0,136] = 1.0
m[0,137] = 1.0
m[0,138] = 1.0
m[0,139] = 1.0
m[0,140] = 1.0
m[0,141] = 1.0
m[0,142] = 1.0
m[0,143] = 1.0
m[0,144] = 1.0
m[0,145] = 1.0
m[0,146] = 1.0
m[0,147] = 1.0
m[0,148] = 1.0
m[0,149] = 1.0
m[0,150] = 1.0
m[0,151] = 1.0
m[0,152] = 1.0
m[0,153] = 1.0
m[0,154] = 1.0
m[0,155] = 1.0
m[0,156] = 1.0
m[0,157] = 1.0
m[0,158] = 1.0
m[0,159] = 1.0
m[0,160] = 1.0
m[0,161] = 1.0
m[0,162] = 1.0
m[0,163] = 1.0
m[0,164] = 1.0
m[0,165] = 1.0
m[0,166] = 1.0
m[0,167] = 1.0
m[0,168] = 1.0
m[0,169] = 1.0
m[0,170] = 1.0
m[0,171] = 1.0
m[0,172] = 1.0
m[0,173] = 1.0
m[0,174] = 1.0
m[0,175] = 1.0
m[0,176] = 1.0
m[0,177] = 1.0
m[0,178] = 1.0
m[0,179] = 1.0
m[0,180] = 1.0
m[0,181] = 1.0
m[0,182] = 1.0
m[0,183] = 1.0
m[0,184] = 1.0
m[0,185] = 1.0
m[0,186] = 1.0
m[0,187] = 1.0
m[0,188] = 1.0
m[0,189] = 1.0
m[0,190] = 1.0
m[0,191] = 1.0
m[0,192] = 0.0
m[0,193] = 1.0
m[0,194] = 1.0
m[0,195] = 1.0
m[0,196] = 0.5
m[0,197] = 1.0
m[0,198] = 1.0
m[0,199] = 1.0
m[0,200] = 0.0
m[0,201] = 1.0
m[0,202] = 1.0
m[0,203] = 1.0
m[0,204] = 1.0
m[0,205] = 1.0
m[0,206] = 1.0
m[0,207] = 1.0
m[0,208] = 1.0
m[0,209] = 1.0
m[0,210] = 1.0
m[0,211] = 1.0
m[0,212] = 0.0
m[0,213] = 1.0
m[0,214] = 1.0
m[0,215] = 1.0
m[0,216] = 1.0
m[0,217] = 1.0
m[0,218] = 1.0
m[0,219] = 0.0
m[0,220] = 1.0
m[0,221] = 1.0
m[0,222] = 1.0
m[0,223] = 1.0
m[0,224] = 1.0
m[0,225] = 1.0
m[0,226] = 1.0
m[0,227] = 1.0
m[0,228] = 1.0
m[0,229] = 1.0
m[0,230] = 1.0
m[0,231] = 1.0
m[0,232] = 1.0
m[0,233] = 1.0
m[0,234] = 1.0
m[0,235] = 1.0
m[0,236] = 1.0
m[0,237] = 1.0
m[0,238] = 0.0
m[0,239] = 1.0
m[0,240] = 1.0
m[0,241] = 1.0
m[0,242] = 1.0
m[0,243] = 1.0
m[0,244] = 1.0
m[0,245] = 1.0
m[0,246] = 1.0
m[0,247] = 1.0
m[0,248] = 1.0
m[0,249] = 1.0
m[0,250] = 1.0
m[0,251] = 1.0
m[0,252] = 1.0
m[0,253] = 1.0
m[0,254] = 1.0
m[0,255] = 1.0
m[0,256] = 1.0
m[0,257] = 1.0
m[0,258] = 1.0
m[0,259] = 1.0
m[0,260] = 0.0
m[0,261] = 1.0
m[0,262] = 1.0
m[0,263] = 1.0
m[0,264] = 1.0
m[0,265] = 0.0
m[0,266] = 1.0
m[0,267] = 1.0
m[0,268] = 1.0
m[0,269] = 1.0
m[0,270] = 1.0
m[0,271] = 1.0
m[0,272] = 1.0
m[0,273] = 1.0
m[0,274] = 1.0
m[0,275] = 1.0
m[0,276] = 1.0
m[0,277] = 1.0
m[0,278] = 1.0
m[0,279] = 1.0
m[0,280] = 1.0
m[0,281] = 1.0
m[0,282] = 1.0
m[0,283] = 1.0
m[0,284] = 1.0
m[0,285] = 1.0
m[0,286] = 1.0
m[0,287] = 1.0
m[0,288] = 1.0
m[0,289] = 1.0
m[0,290] = 1.0
m[0,291] = 1.0
m[0,292] = 1.0
m[0,293] = 1.0
m[0,294] = 1.0
m[0,295] = 1.0
m[0,296] = 1.0
m[0,297] = 1.0
m[0,298] = 1.0
m[0,299] = 1.0
m[0,300] = 0.0
m[0,301] = 1.0
m[0,302] = 1.0
m[0,303] = 1.0
m[0,304] = 0.0
m[0,305] = 1.0
m[0,306] = 1.0
m[0,307] = 1.0
m[0,308] = 0.0
m[0,309] = 1.0
m[0,310] = 1.0
m[0,311] = 1.0
m[0,312] = 1.0
m[0,313] = 1.0
m[0,314] = 1.0
m[0,315] = 1.0
m[0,316] = 1.0
m[0,317] = 0.0
m[0,318] = 1.0
m[0,319] = 1.0
m[0,320] = 0.0
m[0,321] = 1.0
m[0,322] = 0.5
m[0,323] = 1.0
m[0,324] = 1.0
m[0,325] = 1.0
m[0,326] = 1.0
m[0,327] = 1.0
m[0,328] = 1.0
m[0,329] = 1.0
m[0,330] = 1.0
m[0,331] = 1.0
m[0,332] = 0.0
m[0,333] = 1.0
m[0,334] = 1.0
m[0,335] = 1.0
m[0,336] = 1.0
m[0,337] = 1.0
m[0,338] = 1.0
m[0,339] = 1.0
m[0,340] = 1.0
m[0,341] = 1.0
m[0,342] = 0.0
m[0,343] = 1.0
m[0,344] = 1.0
m[0,345] = 1.0
m[0,346] = 1.0
m[0,347] = 1.0
m[0,348] = 0.0
m[0,349] = 1.0
m[0,350] = 1.0
m[0,351] = 1.0
m[0,352] = 1.0
m[0,353] = 1.0
m[0,354] = 1.0
m[0,355] = 1.0
m[0,356] = 1.0
m[0,357] = 1.0
m[0,358] = 1.0
m[0,359] = 1.0
m[0,360] = 1.0
m[0,361] = 1.0
m[0,362] = 1.0
m[0,363] = 1.0
m[0,364] = 1.0
m[0,365] = 1.0
m[0,366] = 1.0
m[0,367] = 1.0
m[0,368] = 1.0
m[0,369] = 1.0
m[0,370] = 1.0
m[0,371] = 1.0
m[0,372] = 1.0
m[0,373] = 0.0
m[0,374] = 1.0
m[0,375] = 1.0
m[0,376] = 1.0
m[0,377] = 1.0
m[0,378] = 1.0
m[0,379] = 1.0
m[0,380] = 1.0
m[0,381] = 1.0
m[0,382] = 1.0
m[0,383] = 1.0
m[0,384] = 0.0
m[0,385] = 1.0
m[0,386] = 1.0
m[0,387] = 0.0
m[0,388] = 1.0
m[0,389] = 1.0
m[0,390] = 1.0
m[0,391] = 1.0
m[0,392] = 1.0
m[0,393] = 1.0
m[0,394] = 1.0
m[0,395] = 1.0
m[0,396] = 0.0
m[0,397] = 1.0
m[0,398] = 1.0
m[0,399] = 1.0
m[0,400] = 1.0
m[0,401] = 1.0
m[0,402] = 0.0
m[0,403] = 1.0
m[0,404] = 1.0
m[0,405] = 1.0
m[0,406] = 1.0
m[0,407] = 1.0
m[0,408] = 1.0
m[0,409] = 1.0
m[0,410] = 1.0
m[0,411] = 0.0
m[0,412] = 1.0
m[0,413] = 1.0
m[0,414] = 1.0
m[0,415] = 1.0
m[0,416] = 1.0
m[0,417] = 1.0
m[0,418] = 1.0
m[0,419] = 1.0
m[0,420] = 1.0
m[0,421] = 1.0
m[0,422] = 1.0
m[0,423] = 1.0
m[0,424] = 1.0
m[0,425] = 1.0
m[0,426] = 0.0
m[0,427] = 1.0
m[0,428] = 1.0
m[0,429] = 1.0
m[0,430] = 1.0
m[0,431] = 1.0
m[0,432] = 1.0
m[0,433] = 0.0
m[0,434] = 1.0
m[0,435] = 1.0
m[0,436] = 1.0
m[0,437] = 0.0
m[0,438] = 1.0
m[0,439] = 0.0
m[0,440] = 0.0
m[0,441] = 1.0
m[0,442] = 0.0
m[0,443] = 1.0
m[0,444] = 1.0
m[0,445] = 1.0
m[0,446] = 1.0
m[0,447] = 1.0
m[0,448] = 1.0
m[0,449] = 0.5
m[0,450] = 1.0
m[0,451] = 1.0
m[0,452] = 1.0
m[0,453] = 1.0
m[0,454] = 1.0
m[0,455] = 1.0
m[0,456] = 1.0
m[0,457] = 1.0
m[0,458] = 1.0
m[0,459] = 1.0
m[0,460] = 1.0
m[0,461] = 1.0
m[0,462] = 0.0
m[0,463] = 1.0
m[0,464] = 1.0
m[0,465] = 1.0
m[0,466] = 1.0
m[0,467] = 1.0
m[0,468] = 1.0
m[0,469] = 1.0
m[0,470] = 1.0
u[0] = 1.0
u[1] = 1.0
u[2] = 1.0
o_u[0,0] = 0.0
o_u[0,1] = 0.0
o_u[0,2] = 0.5
o_u[0,3] = 0.5
o_u[1,0] = 0.0
o_u[1,1] = 0.0
o_u[1,2] = 0.5
o_u[1,3] = 0.5
o_u[2,0] = 0.5
o_u[2,1] = 0.5
o_u[2,2] = 0.0
o_u[2,3] = 0.0
------------------------------------------------------------------------
------------------------------------------------------------------------
Saved hierarchical tree visualization to milp_tree_levels.png
[]
Gurobi Optimizer version 12.0.3 build v12.0.3rc0 (linux64 - "Ubuntu 22.04.5 LTS")

CPU model: AMD EPYC 7742 64-Core Processor, instruction set [SSE2|AVX|AVX2]
Thread count: 128 physical cores, 256 logical processors, using up to 32 threads

Optimize a model with 189604 rows, 45387 columns and 568998 nonzeros
Model fingerprint: 0x9bfae9d5
Variable types: 45315 continuous, 72 integer (0 binary)
Coefficient statistics:
  Matrix range     [1e+00, 5e+00]
  Objective range  [1e+00, 5e+00]
  Bounds range     [1e+00, 1e+00]
  RHS range        [1e+00, 1e+03]
Presolve removed 181914 rows and 43034 columns
Presolve time: 0.75s
Presolved: 7690 rows, 2353 columns, 22833 nonzeros
Variable types: 2308 continuous, 45 integer (45 binary)
Found heuristic solution: objective 49.0000000
Found heuristic solution: objective 244.0000000
Performing another presolve...
Presolve removed 213 rows and 165 columns
Presolve time: 0.06s

Root relaxation: objective 4.860000e+02, 2519 iterations, 0.10 seconds (0.10 work units)

    Nodes    |    Current Node    |     Objective Bounds      |     Work
 Expl Unexpl |  Obj  Depth IntInf | Incumbent    BestBd   Gap | It/Node Time

     0     0  486.00000    0   22  244.00000  486.00000  99.2%     -    1s
H    0     0                     268.0000000  486.00000  81.3%     -    1s
H    0     0                     328.7500000  486.00000  47.8%     -    1s
     0     0  485.80000    0   34  328.75000  485.80000  47.8%     -    1s
     0     0  485.00000    0   37  328.75000  485.00000  47.5%     -    2s
H    0     0                     359.0000000  484.95000  35.1%     -    2s
     0     0  484.95000    0   36  359.00000  484.95000  35.1%     -    2s
     0     0  484.95000    0   36  359.00000  484.95000  35.1%     -    2s
     0     0  484.62500    0   39  359.00000  484.62500  35.0%     -    2s
     0     0  484.62500    0   39  359.00000  484.62500  35.0%     -    2s
     0     0  484.54167    0   39  359.00000  484.54167  35.0%     -    2s
H    0     0                     374.5000000  484.54167  29.4%     -    2s
     0     0  484.54167    0   39  374.50000  484.54167  29.4%     -    2s
     0     0  484.54167    0   39  374.50000  484.54167  29.4%     -    3s
     0     0  484.51923    0   38  374.50000  484.51923  29.4%     -    3s
     0     0  484.50000    0   37  374.50000  484.50000  29.4%     -    3s
     0     0  484.50000    0   37  374.50000  484.50000  29.4%     -    3s
H    0     0                     408.5000000  482.50000  18.1%     -    4s
     0     0  482.50000    0   28  408.50000  482.50000  18.1%     -    4s
H    0     0                     420.5000000  482.50000  14.7%     -    4s
     0     0  482.37500    0   29  420.50000  482.37500  14.7%     -    4s
     0     0  482.00000    0   36  420.50000  482.00000  14.6%     -    4s
     0     0  482.00000    0   33  420.50000  482.00000  14.6%     -    5s
     0     0  482.00000    0   26  420.50000  482.00000  14.6%     -    6s
     0     0  482.00000    0   47  420.50000  482.00000  14.6%     -    7s
     0     0  482.00000    0   47  420.50000  482.00000  14.6%     -    7s
     0     0  482.00000    0   45  420.50000  482.00000  14.6%     -    7s
     0     0  482.00000    0   46  420.50000  482.00000  14.6%     -    7s
     0     0  482.00000    0   46  420.50000  482.00000  14.6%     -    7s
     0     0  482.00000    0   45  420.50000  482.00000  14.6%     -    7s
     0     0  482.00000    0   44  420.50000  482.00000  14.6%     -    8s
     0     0  482.00000    0   44  420.50000  482.00000  14.6%     -    8s
     0     0  482.00000    0   45  420.50000  482.00000  14.6%     -    8s
     0     0  482.00000    0   46  420.50000  482.00000  14.6%     -    8s
     0     0  481.50000    0   45  420.50000  481.50000  14.5%     -    8s
     0     0  481.37500    0   45  420.50000  481.37500  14.5%     -    8s
     0     0  481.00000    0   46  420.50000  481.00000  14.4%     -    9s
     0     0  480.25000    0   38  420.50000  480.25000  14.2%     -    9s
     0     2  480.25000    0   38  420.50000  480.25000  14.2%     -   10s
H   81    95                     422.5000000  480.25000  13.7%   448   11s
H  586   204                     438.5000000  480.00000  9.46%   248   11s
H 1236   158                     440.0000000  471.59175  7.18%   218   12s
* 2093    51              29     441.0000000  458.00000  3.85%   168   14s

Cutting planes:
  Gomory: 6
  Cover: 4
  Implied bound: 2
  MIR: 58
  Flow cover: 39
  Inf proof: 2
  Network: 1
  RLT: 369
  BQP: 52

Explored 2264 nodes (393020 simplex iterations) in 14.35 seconds (10.41 work units)
Thread count was 32 (of 256 available processors)

Solution count 10: 441 440 438.5 ... 244

Optimal solution found (tolerance 1.00e-04)
Best objective 4.410000000000e+02, best bound 4.410000000000e+02, gap 0.0000%
Objective value: 441.0
lam[0,0] = 0.0
lam[0,1] = 0.0
lam[0,2] = 0.5
lam[0,3] = 0.5
lam[1,0] = 0.0
lam[1,1] = 0.0
lam[1,2] = 0.5
lam[1,3] = 0.5
lam[2,0] = 0.5
lam[2,1] = 0.5
lam[2,2] = 0.0
lam[2,3] = 0.0
tau[0,0,1] = 1.0
tau[0,0,2] = -0.0
tau[0,0,L0] = -0.0
tau[0,0,L1] = -0.0
tau[0,0,L2] = -0.0
tau[0,1,1] = 1.0
tau[0,1,2] = -0.0
tau[0,1,L0] = -0.0
tau[0,1,L1] = 0.0
tau[0,1,L2] = -0.0
tau[0,2,1] = 1.0
tau[0,2,2] = -0.0
tau[0,2,L0] = 0.0
tau[0,2,L1] = -0.0
tau[0,2,L2] = -0.0
tau[0,3,1] = 0.0
tau[0,3,2] = 0.0
tau[0,3,L0] = -0.0
tau[0,3,L1] = -0.0
tau[0,3,L2] = -0.0
tau[0,4,1] = 0.0
tau[0,4,2] = 0.0
tau[0,4,L0] = -0.0
tau[0,4,L1] = -0.0
tau[0,4,L2] = -0.0
tau[0,5,1] = 0.0
tau[0,5,2] = 0.0
tau[0,5,L0] = -0.0
tau[0,5,L1] = -0.0
tau[0,5,L2] = -0.0
tau[1,0,2] = -0.0
tau[1,0,L0] = 1.0
tau[1,0,L1] = -0.0
tau[1,0,L2] = -0.0
tau[1,1,2] = 1.0
tau[1,1,L0] = -0.0
tau[1,1,L1] = -0.0
tau[1,1,L2] = -0.0
tau[1,2,2] = -0.0
tau[1,2,L0] = -0.0
tau[1,2,L1] = 1.0
tau[1,2,L2] = 0.0
tau[1,3,2] = 0.0
tau[1,3,L0] = -0.0
tau[1,3,L1] = -0.0
tau[1,3,L2] = -0.0
tau[1,4,2] = 0.0
tau[1,4,L0] = -0.0
tau[1,4,L1] = -0.0
tau[1,4,L2] = -0.0
tau[1,5,2] = 0.0
tau[1,5,L0] = -0.0
tau[1,5,L1] = -0.0
tau[1,5,L2] = -0.0
tau[2,0,L0] = -0.0
tau[2,0,L1] = 1.0
tau[2,0,L2] = -0.0
tau[2,1,L0] = -0.0
tau[2,1,L1] = -0.0
tau[2,1,L2] = 1.0
tau[2,2,L0] = 1.0
tau[2,2,L1] = -0.0
tau[2,2,L2] = 0.0
tau[2,3,L0] = -0.0
tau[2,3,L1] = -0.0
tau[2,3,L2] = -0.0
tau[2,4,L0] = -0.0
tau[2,4,L1] = -0.0
tau[2,4,L2] = -0.0
tau[2,5,L0] = -0.0
tau[2,5,L1] = -0.0
tau[2,5,L2] = -0.0
m[0,0] = 1.0
m[0,1] = 1.0
m[0,2] = 1.0
m[0,3] = 0.0
m[0,4] = 1.0
m[0,5] = 1.0
m[0,6] = 1.0
m[0,7] = 1.0
m[0,8] = 1.0
m[0,9] = 1.0
m[0,10] = 1.0
m[0,11] = 1.0
m[0,12] = 1.0
m[0,13] = 1.0
m[0,14] = 1.0
m[0,15] = 1.0
m[0,16] = 1.0
m[0,17] = 1.0
m[0,18] = 1.0
m[0,19] = 1.0
m[0,20] = 1.0
m[0,21] = 1.0
m[0,22] = 1.0
m[0,23] = 0.0
m[0,24] = 1.0
m[0,25] = 1.0
m[0,26] = 1.0
m[0,27] = 1.0
m[0,28] = 1.0
m[0,29] = 1.0
m[0,30] = 1.0
m[0,31] = 1.0
m[0,32] = 1.0
m[0,33] = 1.0
m[0,34] = 1.0
m[0,35] = 1.0
m[0,36] = 1.0
m[0,37] = 1.0
m[0,38] = 1.0
m[0,39] = 1.0
m[0,40] = 1.0
m[0,41] = 1.0
m[0,42] = 1.0
m[0,43] = 1.0
m[0,44] = 1.0
m[0,45] = 1.0
m[0,46] = 1.0
m[0,47] = 0.5
m[0,48] = 1.0
m[0,49] = 1.0
m[0,50] = 1.0
m[0,51] = 1.0
m[0,52] = 0.0
m[0,53] = 1.0
m[0,54] = 1.0
m[0,55] = 1.0
m[0,56] = 1.0
m[0,57] = 1.0
m[0,58] = 1.0
m[0,59] = 1.0
m[0,60] = 1.0
m[0,61] = 1.0
m[0,62] = 1.0
m[0,63] = 1.0
m[0,64] = 1.0
m[0,65] = 0.0
m[0,66] = 1.0
m[0,67] = 0.0
m[0,68] = 1.0
m[0,69] = 1.0
m[0,70] = 1.0
m[0,71] = 1.0
m[0,72] = 0.0
m[0,73] = 1.0
m[0,74] = 1.0
m[0,75] = 1.0
m[0,76] = 1.0
m[0,77] = 1.0
m[0,78] = 1.0
m[0,79] = 1.0
m[0,80] = 1.0
m[0,81] = 1.0
m[0,82] = 1.0
m[0,83] = 1.0
m[0,84] = 1.0
m[0,85] = 0.0
m[0,86] = 1.0
m[0,87] = 1.0
m[0,88] = 1.0
m[0,89] = 1.0
m[0,90] = 1.0
m[0,91] = 1.0
m[0,92] = 1.0
m[0,93] = 1.0
m[0,94] = 1.0
m[0,95] = 1.0
m[0,96] = 1.0
m[0,97] = 1.0
m[0,98] = 1.0
m[0,99] = 0.0
m[0,100] = 1.0
m[0,101] = 1.0
m[0,102] = 1.0
m[0,103] = 1.0
m[0,104] = 1.0
m[0,105] = 0.0
m[0,106] = 1.0
m[0,107] = 1.0
m[0,108] = 1.0
m[0,109] = 1.0
m[0,110] = 1.0
m[0,111] = 1.0
m[0,112] = 1.0
m[0,113] = 1.0
m[0,114] = 0.5
m[0,115] = 1.0
m[0,116] = 1.0
m[0,117] = 0.0
m[0,118] = 1.0
m[0,119] = 1.0
m[0,120] = 1.0
m[0,121] = 1.0
m[0,122] = 1.0
m[0,123] = 1.0
m[0,124] = 1.0
m[0,125] = 1.0
m[0,126] = 1.0
m[0,127] = 1.0
m[0,128] = 0.0
m[0,129] = 1.0
m[0,130] = 1.0
m[0,131] = 1.0
m[0,132] = 1.0
m[0,133] = 1.0
m[0,134] = 1.0
m[0,135] = 1.0
m[0,136] = 1.0
m[0,137] = 1.0
m[0,138] = 1.0
m[0,139] = 1.0
m[0,140] = 1.0
m[0,141] = 1.0
m[0,142] = 1.0
m[0,143] = 1.0
m[0,144] = 1.0
m[0,145] = 1.0
m[0,146] = 1.0
m[0,147] = 1.0
m[0,148] = 1.0
m[0,149] = 1.0
m[0,150] = 1.0
m[0,151] = 1.0
m[0,152] = 1.0
m[0,153] = 1.0
m[0,154] = 1.0
m[0,155] = 1.0
m[0,156] = 1.0
m[0,157] = 1.0
m[0,158] = 1.0
m[0,159] = 1.0
m[0,160] = 1.0
m[0,161] = 1.0
m[0,162] = 1.0
m[0,163] = 1.0
m[0,164] = 1.0
m[0,165] = 1.0
m[0,166] = 1.0
m[0,167] = 1.0
m[0,168] = 1.0
m[0,169] = 1.0
m[0,170] = 1.0
m[0,171] = 1.0
m[0,172] = 1.0
m[0,173] = 1.0
m[0,174] = 1.0
m[0,175] = 1.0
m[0,176] = 1.0
m[0,177] = 1.0
m[0,178] = 1.0
m[0,179] = 1.0
m[0,180] = 1.0
m[0,181] = 1.0
m[0,182] = 1.0
m[0,183] = 1.0
m[0,184] = 1.0
m[0,185] = 1.0
m[0,186] = 1.0
m[0,187] = 1.0
m[0,188] = 1.0
m[0,189] = 1.0
m[0,190] = 1.0
m[0,191] = 1.0
m[0,192] = 0.0
m[0,193] = 1.0
m[0,194] = 1.0
m[0,195] = 1.0
m[0,196] = 0.5
m[0,197] = 1.0
m[0,198] = 1.0
m[0,199] = 1.0
m[0,200] = 0.0
m[0,201] = 1.0
m[0,202] = 1.0
m[0,203] = 1.0
m[0,204] = 1.0
m[0,205] = 1.0
m[0,206] = 1.0
m[0,207] = 1.0
m[0,208] = 1.0
m[0,209] = 1.0
m[0,210] = 1.0
m[0,211] = 1.0
m[0,212] = 0.0
m[0,213] = 1.0
m[0,214] = 1.0
m[0,215] = 1.0
m[0,216] = 1.0
m[0,217] = 1.0
m[0,218] = 1.0
m[0,219] = 0.0
m[0,220] = 1.0
m[0,221] = 1.0
m[0,222] = 1.0
m[0,223] = 1.0
m[0,224] = 1.0
m[0,225] = 1.0
m[0,226] = 1.0
m[0,227] = 1.0
m[0,228] = 1.0
m[0,229] = 1.0
m[0,230] = 1.0
m[0,231] = 1.0
m[0,232] = 1.0
m[0,233] = 1.0
m[0,234] = 1.0
m[0,235] = 1.0
m[0,236] = 1.0
m[0,237] = 1.0
m[0,238] = 0.0
m[0,239] = 1.0
m[0,240] = 1.0
m[0,241] = 1.0
m[0,242] = 1.0
m[0,243] = 1.0
m[0,244] = 1.0
m[0,245] = 1.0
m[0,246] = 1.0
m[0,247] = 1.0
m[0,248] = 1.0
m[0,249] = 1.0
m[0,250] = 1.0
m[0,251] = 1.0
m[0,252] = 1.0
m[0,253] = 1.0
m[0,254] = 1.0
m[0,255] = 1.0
m[0,256] = 1.0
m[0,257] = 1.0
m[0,258] = 1.0
m[0,259] = 1.0
m[0,260] = 0.0
m[0,261] = 1.0
m[0,262] = 1.0
m[0,263] = 1.0
m[0,264] = 1.0
m[0,265] = 0.0
m[0,266] = 1.0
m[0,267] = 1.0
m[0,268] = 1.0
m[0,269] = 1.0
m[0,270] = 1.0
m[0,271] = 1.0
m[0,272] = 1.0
m[0,273] = 1.0
m[0,274] = 1.0
m[0,275] = 1.0
m[0,276] = 1.0
m[0,277] = 1.0
m[0,278] = 1.0
m[0,279] = 1.0
m[0,280] = 1.0
m[0,281] = 1.0
m[0,282] = 1.0
m[0,283] = 1.0
m[0,284] = 1.0
m[0,285] = 1.0
m[0,286] = 1.0
m[0,287] = 1.0
m[0,288] = 1.0
m[0,289] = 1.0
m[0,290] = 1.0
m[0,291] = 1.0
m[0,292] = 1.0
m[0,293] = 1.0
m[0,294] = 1.0
m[0,295] = 1.0
m[0,296] = 1.0
m[0,297] = 1.0
m[0,298] = 1.0
m[0,299] = 1.0
m[0,300] = 0.0
m[0,301] = 1.0
m[0,302] = 1.0
m[0,303] = 1.0
m[0,304] = 0.0
m[0,305] = 1.0
m[0,306] = 1.0
m[0,307] = 1.0
m[0,308] = 0.0
m[0,309] = 1.0
m[0,310] = 1.0
m[0,311] = 1.0
m[0,312] = 1.0
m[0,313] = 1.0
m[0,314] = 1.0
m[0,315] = 1.0
m[0,316] = 1.0
m[0,317] = 0.0
m[0,318] = 1.0
m[0,319] = 1.0
m[0,320] = 0.0
m[0,321] = 1.0
m[0,322] = 0.5
m[0,323] = 1.0
m[0,324] = 1.0
m[0,325] = 1.0
m[0,326] = 1.0
m[0,327] = 1.0
m[0,328] = 1.0
m[0,329] = 1.0
m[0,330] = 1.0
m[0,331] = 1.0
m[0,332] = 0.0
m[0,333] = 1.0
m[0,334] = 1.0
m[0,335] = 1.0
m[0,336] = 1.0
m[0,337] = 1.0
m[0,338] = 1.0
m[0,339] = 1.0
m[0,340] = 1.0
m[0,341] = 1.0
m[0,342] = 0.0
m[0,343] = 1.0
m[0,344] = 1.0
m[0,345] = 1.0
m[0,346] = 1.0
m[0,347] = 1.0
m[0,348] = 0.0
m[0,349] = 1.0
m[0,350] = 1.0
m[0,351] = 1.0
m[0,352] = 1.0
m[0,353] = 1.0
m[0,354] = 1.0
m[0,355] = 1.0
m[0,356] = 1.0
m[0,357] = 1.0
m[0,358] = 1.0
m[0,359] = 1.0
m[0,360] = 1.0
m[0,361] = 1.0
m[0,362] = 1.0
m[0,363] = 1.0
m[0,364] = 1.0
m[0,365] = 1.0
m[0,366] = 1.0
m[0,367] = 1.0
m[0,368] = 1.0
m[0,369] = 1.0
m[0,370] = 1.0
m[0,371] = 1.0
m[0,372] = 1.0
m[0,373] = 0.0
m[0,374] = 1.0
m[0,375] = 1.0
m[0,376] = 1.0
m[0,377] = 1.0
m[0,378] = 1.0
m[0,379] = 1.0
m[0,380] = 1.0
m[0,381] = 1.0
m[0,382] = 1.0
m[0,383] = 1.0
m[0,384] = 0.0
m[0,385] = 1.0
m[0,386] = 1.0
m[0,387] = 0.0
m[0,388] = 1.0
m[0,389] = 1.0
m[0,390] = 1.0
m[0,391] = 1.0
m[0,392] = 1.0
m[0,393] = 1.0
m[0,394] = 1.0
m[0,395] = 1.0
m[0,396] = 0.0
m[0,397] = 1.0
m[0,398] = 1.0
m[0,399] = 1.0
m[0,400] = 1.0
m[0,401] = 1.0
m[0,402] = 0.0
m[0,403] = 1.0
m[0,404] = 1.0
m[0,405] = 1.0
m[0,406] = 1.0
m[0,407] = 1.0
m[0,408] = 1.0
m[0,409] = 1.0
m[0,410] = 1.0
m[0,411] = 0.0
m[0,412] = 1.0
m[0,413] = 1.0
m[0,414] = 1.0
m[0,415] = 1.0
m[0,416] = 1.0
m[0,417] = 1.0
m[0,418] = 1.0
m[0,419] = 1.0
m[0,420] = 1.0
m[0,421] = 1.0
m[0,422] = 1.0
m[0,423] = 1.0
m[0,424] = 1.0
m[0,425] = 1.0
m[0,426] = 0.0
m[0,427] = 1.0
m[0,428] = 1.0
m[0,429] = 1.0
m[0,430] = 1.0
m[0,431] = 1.0
m[0,432] = 1.0
m[0,433] = 0.0
m[0,434] = 1.0
m[0,435] = 1.0
m[0,436] = 1.0
m[0,437] = 0.0
m[0,438] = 1.0
m[0,439] = 0.0
m[0,440] = 0.0
m[0,441] = 1.0
m[0,442] = 0.0
m[0,443] = 1.0
m[0,444] = 1.0
m[0,445] = 1.0
m[0,446] = 1.0
m[0,447] = 1.0
m[0,448] = 1.0
m[0,449] = 0.5
m[0,450] = 1.0
m[0,451] = 1.0
m[0,452] = 1.0
m[0,453] = 1.0
m[0,454] = 1.0
m[0,455] = 1.0
m[0,456] = 1.0
m[0,457] = 1.0
m[0,458] = 1.0
m[0,459] = 1.0
m[0,460] = 1.0
m[0,461] = 1.0
m[0,462] = 0.0
m[0,463] = 1.0
m[0,464] = 1.0
m[0,465] = 1.0
m[0,466] = 1.0
m[0,467] = 1.0
m[0,468] = 1.0
m[0,469] = 1.0
m[0,470] = 1.0
u[0] = 1.0
u[1] = 1.0
u[2] = 1.0
o_u[0,0] = 0.0
o_u[0,1] = 0.0
o_u[0,2] = 0.5
o_u[0,3] = 0.5
o_u[1,0] = 0.0
o_u[1,1] = 0.0
o_u[1,2] = 0.5
o_u[1,3] = 0.5
o_u[2,0] = 0.5
o_u[2,1] = 0.5
o_u[2,2] = 0.0
o_u[2,3] = 0.0
------------------------------------------------------------------------
------------------------------------------------------------------------
Saved hierarchical tree visualization to milp_tree_levels.png
THIS IS THE INITIAL CORRECTNESS 0.9118895966029724
THIS IS THE INITIAL EXPLAINABILITY 11.5
Inside find_pareto_solution_more_e
----------------------------------
THE CURRENT CORRECTNESS IS: 0.9118895966029724, AND THE CURRENT EXPLAINABILITY IS: 11.5
Gurobi Optimizer version 12.0.3 build v12.0.3rc0 (linux64 - "Ubuntu 22.04.5 LTS")

CPU model: AMD EPYC 7742 64-Core Processor, instruction set [SSE2|AVX|AVX2]
Thread count: 128 physical cores, 256 logical processors, using up to 32 threads

Optimize a model with 189606 rows, 45387 columns and 569484 nonzeros
Model fingerprint: 0x4e95dedd
Variable types: 45315 continuous, 72 integer (0 binary)
Coefficient statistics:
  Matrix range     [1e+00, 5e+00]
  Objective range  [1e+00, 5e+00]
  Bounds range     [1e+00, 1e+00]
  RHS range        [1e+00, 1e+03]

MIP start from previous solve did not produce a new incumbent solution
MIP start from previous solve violates constraint R189604 by 1.000000000

Presolve removed 181914 rows and 43034 columns
Presolve time: 0.74s
Presolved: 7692 rows, 2353 columns, 22956 nonzeros
Variable types: 2308 continuous, 45 integer (45 binary)
Found heuristic solution: objective 244.0000000
Performing another presolve...
Presolve removed 207 rows and 165 columns
Presolve time: 0.05s

Root relaxation: objective 4.435000e+02, 2703 iterations, 0.20 seconds (0.21 work units)

    Nodes    |    Current Node    |     Objective Bounds      |     Work
 Expl Unexpl |  Obj  Depth IntInf | Incumbent    BestBd   Gap | It/Node Time

     0     0  443.50000    0   14  244.00000  443.50000  81.8%     -    1s
H    0     0                     371.8333333  443.50000  19.3%     -    1s
     0     0  443.45601    0   33  371.83333  443.45601  19.3%     -    1s
     0     0  443.03947    0   35  371.83333  443.03947  19.2%     -    2s
     0     0  443.03947    0   34  371.83333  443.03947  19.2%     -    2s
     0     0  442.50000    0   32  371.83333  442.50000  19.0%     -    2s
     0     0  442.50000    0   32  371.83333  442.50000  19.0%     -    2s
     0     0  442.50000    0   32  371.83333  442.50000  19.0%     -    3s
     0     0  442.50000    0   20  371.83333  442.50000  19.0%     -    4s
     0     0  442.50000    0   15  371.83333  442.50000  19.0%     -    5s
     0     0  442.50000    0   35  371.83333  442.50000  19.0%     -    5s
     0     0  442.50000    0   42  371.83333  442.50000  19.0%     -    6s
     0     0  442.50000    0   40  371.83333  442.50000  19.0%     -    6s
     0     0  442.50000    0   40  371.83333  442.50000  19.0%     -    6s
H    0     0                     388.8125000  442.50000  13.8%     -    6s
     0     0  442.50000    0   43  388.81250  442.50000  13.8%     -    6s
     0     0  442.50000    0   39  388.81250  442.50000  13.8%     -    6s
     0     0  442.50000    0   40  388.81250  442.50000  13.8%     -    6s
     0     0  442.50000    0   35  388.81250  442.50000  13.8%     -    7s
     0     2  442.50000    0   31  388.81250  442.50000  13.8%     -    7s
H  127    84                     393.1875000  442.50000  12.5%   408    9s
H  401   254                     394.5625000  442.50000  12.1%   289    9s
H  826   388                     395.9375000  442.50000  11.8%   218    9s
   855   397  415.45000   14   30  395.93750  442.50000  11.8%   215   10s
*  950   397              34     413.3750000  442.50000  7.05%   207   10s
H 1088   356                     418.5000000  442.50000  5.73%   193   10s
* 2584   525              31     428.0000000  442.21175  3.32%   139   11s
* 3456   263              32     431.5000000  441.92275  2.42%   123   11s

Cutting planes:
  Gomory: 5
  Cover: 1
  Implied bound: 5
  MIR: 89
  Flow cover: 44
  Inf proof: 4
  RLT: 312
  BQP: 68

Explored 3887 nodes (468207 simplex iterations) in 11.96 seconds (10.93 work units)
Thread count was 32 (of 256 available processors)

Solution count 10: 431.5 428 418.5 ... 244

Optimal solution found (tolerance 1.00e-04)
Best objective 4.315000000000e+02, best bound 4.315000000000e+02, gap 0.0000%
Objective value: 431.5
lam[0,0] = 0.0
lam[0,1] = 0.0
lam[0,2] = 0.5
lam[0,3] = 0.5
lam[1,0] = 0.0
lam[1,1] = 0.0
lam[1,2] = 0.5
lam[1,3] = 0.5
lam[2,0] = 0.0
lam[2,1] = 0.5
lam[2,2] = 0.5
lam[2,3] = 0.0
tau[0,0,1] = 1.0
tau[0,0,2] = -0.0
tau[0,0,L0] = -0.0
tau[0,0,L1] = -0.0
tau[0,0,L2] = -0.0
tau[0,1,1] = 1.0
tau[0,1,2] = -0.0
tau[0,1,L0] = -0.0
tau[0,1,L1] = -0.0
tau[0,1,L2] = -0.0
tau[0,2,1] = 1.0
tau[0,2,2] = -0.0
tau[0,2,L0] = -0.0
tau[0,2,L1] = -0.0
tau[0,2,L2] = -0.0
tau[0,3,1] = 0.0
tau[0,3,2] = 0.0
tau[0,3,L0] = -0.0
tau[0,3,L1] = -0.0
tau[0,3,L2] = -0.0
tau[0,4,1] = 0.0
tau[0,4,2] = 0.0
tau[0,4,L0] = -0.0
tau[0,4,L1] = -0.0
tau[0,4,L2] = -0.0
tau[0,5,1] = 0.0
tau[0,5,2] = 0.0
tau[0,5,L0] = -0.0
tau[0,5,L1] = -0.0
tau[0,5,L2] = -0.0
tau[1,0,2] = -0.0
tau[1,0,L0] = 1.0
tau[1,0,L1] = 0.0
tau[1,0,L2] = -0.0
tau[1,1,2] = 1.0
tau[1,1,L0] = -0.0
tau[1,1,L1] = -0.0
tau[1,1,L2] = -0.0
tau[1,2,2] = -0.0
tau[1,2,L0] = -0.0
tau[1,2,L1] = 1.0
tau[1,2,L2] = 0.0
tau[1,3,2] = 0.0
tau[1,3,L0] = -0.0
tau[1,3,L1] = -0.0
tau[1,3,L2] = -0.0
tau[1,4,2] = 0.0
tau[1,4,L0] = -0.0
tau[1,4,L1] = -0.0
tau[1,4,L2] = -0.0
tau[1,5,2] = 0.0
tau[1,5,L0] = -0.0
tau[1,5,L1] = -0.0
tau[1,5,L2] = -0.0
tau[2,0,L0] = -0.0
tau[2,0,L1] = 1.0
tau[2,0,L2] = -0.0
tau[2,1,L0] = -0.0
tau[2,1,L1] = -0.0
tau[2,1,L2] = 1.0
tau[2,2,L0] = 1.0
tau[2,2,L1] = 0.0
tau[2,2,L2] = 0.0
tau[2,3,L0] = -0.0
tau[2,3,L1] = -0.0
tau[2,3,L2] = -0.0
tau[2,4,L0] = -0.0
tau[2,4,L1] = -0.0
tau[2,4,L2] = -0.0
tau[2,5,L0] = -0.0
tau[2,5,L1] = -0.0
tau[2,5,L2] = -0.0
m[0,0] = 1.0
m[0,1] = 1.0
m[0,2] = 1.0
m[0,3] = 0.0
m[0,4] = 1.0
m[0,5] = 1.0
m[0,6] = 1.0
m[0,7] = 1.0
m[0,8] = 1.0
m[0,9] = 1.0
m[0,10] = 1.0
m[0,11] = 1.0
m[0,12] = 1.0
m[0,13] = 1.0
m[0,14] = 1.0
m[0,15] = 1.0
m[0,16] = 1.0
m[0,17] = 1.0
m[0,18] = 1.0
m[0,19] = 1.0
m[0,20] = 1.0
m[0,21] = 1.0
m[0,22] = 1.0
m[0,23] = 0.0
m[0,24] = 1.0
m[0,25] = 1.0
m[0,26] = 1.0
m[0,27] = 1.0
m[0,28] = 1.0
m[0,29] = 1.0
m[0,30] = 1.0
m[0,31] = 1.0
m[0,32] = 1.0
m[0,33] = 1.0
m[0,34] = 1.0
m[0,35] = 1.0
m[0,36] = 1.0
m[0,37] = 1.0
m[0,38] = 1.0
m[0,39] = 1.0
m[0,40] = 0.5
m[0,41] = 1.0
m[0,42] = 1.0
m[0,43] = 1.0
m[0,44] = 1.0
m[0,45] = 1.0
m[0,46] = 1.0
m[0,47] = 0.5
m[0,48] = 1.0
m[0,49] = 1.0
m[0,50] = 1.0
m[0,51] = 1.0
m[0,52] = 0.0
m[0,53] = 1.0
m[0,54] = 1.0
m[0,55] = 1.0
m[0,56] = 1.0
m[0,57] = 1.0
m[0,58] = 1.0
m[0,59] = 0.5
m[0,60] = 1.0
m[0,61] = 1.0
m[0,62] = 1.0
m[0,63] = 1.0
m[0,64] = 1.0
m[0,65] = 0.0
m[0,66] = 1.0
m[0,67] = 0.0
m[0,68] = 1.0
m[0,69] = 1.0
m[0,70] = 1.0
m[0,71] = 1.0
m[0,72] = 0.0
m[0,73] = 1.0
m[0,74] = 1.0
m[0,75] = 1.0
m[0,76] = 1.0
m[0,77] = 1.0
m[0,78] = 1.0
m[0,79] = 1.0
m[0,80] = 1.0
m[0,81] = 1.0
m[0,82] = 1.0
m[0,83] = 1.0
m[0,84] = 1.0
m[0,85] = 0.0
m[0,86] = 1.0
m[0,87] = 1.0
m[0,88] = 1.0
m[0,89] = 1.0
m[0,90] = 1.0
m[0,91] = 1.0
m[0,92] = 1.0
m[0,93] = 1.0
m[0,94] = 1.0
m[0,95] = 1.0
m[0,96] = 1.0
m[0,97] = 1.0
m[0,98] = 1.0
m[0,99] = 0.0
m[0,100] = 1.0
m[0,101] = 1.0
m[0,102] = 1.0
m[0,103] = 1.0
m[0,104] = 1.0
m[0,105] = 0.0
m[0,106] = 1.0
m[0,107] = 1.0
m[0,108] = 1.0
m[0,109] = 1.0
m[0,110] = 0.5
m[0,111] = 1.0
m[0,112] = 0.0
m[0,113] = 1.0
m[0,114] = 0.5
m[0,115] = 1.0
m[0,116] = 1.0
m[0,117] = 0.0
m[0,118] = 1.0
m[0,119] = 1.0
m[0,120] = 1.0
m[0,121] = 1.0
m[0,122] = 1.0
m[0,123] = 1.0
m[0,124] = 1.0
m[0,125] = 1.0
m[0,126] = 1.0
m[0,127] = 1.0
m[0,128] = 0.0
m[0,129] = 1.0
m[0,130] = 1.0
m[0,131] = 1.0
m[0,132] = 1.0
m[0,133] = 1.0
m[0,134] = 1.0
m[0,135] = 1.0
m[0,136] = 1.0
m[0,137] = 1.0
m[0,138] = 1.0
m[0,139] = 1.0
m[0,140] = 1.0
m[0,141] = 1.0
m[0,142] = 1.0
m[0,143] = 1.0
m[0,144] = 1.0
m[0,145] = 1.0
m[0,146] = 1.0
m[0,147] = 1.0
m[0,148] = 1.0
m[0,149] = 1.0
m[0,150] = 1.0
m[0,151] = 1.0
m[0,152] = 1.0
m[0,153] = 1.0
m[0,154] = 1.0
m[0,155] = 1.0
m[0,156] = 1.0
m[0,157] = 1.0
m[0,158] = 1.0
m[0,159] = 1.0
m[0,160] = 1.0
m[0,161] = 1.0
m[0,162] = 1.0
m[0,163] = 1.0
m[0,164] = 1.0
m[0,165] = 1.0
m[0,166] = 1.0
m[0,167] = 1.0
m[0,168] = 1.0
m[0,169] = 1.0
m[0,170] = 1.0
m[0,171] = 1.0
m[0,172] = 1.0
m[0,173] = 1.0
m[0,174] = 1.0
m[0,175] = 1.0
m[0,176] = 1.0
m[0,177] = 1.0
m[0,178] = 1.0
m[0,179] = 1.0
m[0,180] = 1.0
m[0,181] = 1.0
m[0,182] = 1.0
m[0,183] = 1.0
m[0,184] = 1.0
m[0,185] = 1.0
m[0,186] = 1.0
m[0,187] = 1.0
m[0,188] = 1.0
m[0,189] = 1.0
m[0,190] = 1.0
m[0,191] = 0.0
m[0,192] = 0.0
m[0,193] = 1.0
m[0,194] = 1.0
m[0,195] = 1.0
m[0,196] = 0.5
m[0,197] = 1.0
m[0,198] = 1.0
m[0,199] = 1.0
m[0,200] = 0.0
m[0,201] = 1.0
m[0,202] = 1.0
m[0,203] = 1.0
m[0,204] = 1.0
m[0,205] = 1.0
m[0,206] = 1.0
m[0,207] = 1.0
m[0,208] = 1.0
m[0,209] = 1.0
m[0,210] = 1.0
m[0,211] = 1.0
m[0,212] = 0.0
m[0,213] = 1.0
m[0,214] = 1.0
m[0,215] = 1.0
m[0,216] = 1.0
m[0,217] = 1.0
m[0,218] = 1.0
m[0,219] = 0.0
m[0,220] = 1.0
m[0,221] = 1.0
m[0,222] = 1.0
m[0,223] = 1.0
m[0,224] = 1.0
m[0,225] = 1.0
m[0,226] = 1.0
m[0,227] = 1.0
m[0,228] = 1.0
m[0,229] = 1.0
m[0,230] = 1.0
m[0,231] = 1.0
m[0,232] = 1.0
m[0,233] = 1.0
m[0,234] = 1.0
m[0,235] = 1.0
m[0,236] = 1.0
m[0,237] = 1.0
m[0,238] = 0.0
m[0,239] = 1.0
m[0,240] = 1.0
m[0,241] = 1.0
m[0,242] = 1.0
m[0,243] = 1.0
m[0,244] = 1.0
m[0,245] = 1.0
m[0,246] = 1.0
m[0,247] = 1.0
m[0,248] = 1.0
m[0,249] = 1.0
m[0,250] = 1.0
m[0,251] = 1.0
m[0,252] = 1.0
m[0,253] = 1.0
m[0,254] = 1.0
m[0,255] = 1.0
m[0,256] = 1.0
m[0,257] = 1.0
m[0,258] = 1.0
m[0,259] = 1.0
m[0,260] = 0.0
m[0,261] = 0.0
m[0,262] = 1.0
m[0,263] = 1.0
m[0,264] = 1.0
m[0,265] = 0.0
m[0,266] = 1.0
m[0,267] = 1.0
m[0,268] = 1.0
m[0,269] = 1.0
m[0,270] = 1.0
m[0,271] = 1.0
m[0,272] = 1.0
m[0,273] = 1.0
m[0,274] = 1.0
m[0,275] = 1.0
m[0,276] = 1.0
m[0,277] = 1.0
m[0,278] = 1.0
m[0,279] = 1.0
m[0,280] = 1.0
m[0,281] = 1.0
m[0,282] = 1.0
m[0,283] = 1.0
m[0,284] = 1.0
m[0,285] = 1.0
m[0,286] = 1.0
m[0,287] = 1.0
m[0,288] = 1.0
m[0,289] = 1.0
m[0,290] = 1.0
m[0,291] = 1.0
m[0,292] = 0.5
m[0,293] = 1.0
m[0,294] = 1.0
m[0,295] = 1.0
m[0,296] = 1.0
m[0,297] = 1.0
m[0,298] = 1.0
m[0,299] = 1.0
m[0,300] = 0.0
m[0,301] = 1.0
m[0,302] = 1.0
m[0,303] = 1.0
m[0,304] = 0.0
m[0,305] = 1.0
m[0,306] = 1.0
m[0,307] = 1.0
m[0,308] = 0.0
m[0,309] = 1.0
m[0,310] = 1.0
m[0,311] = 1.0
m[0,312] = 1.0
m[0,313] = 1.0
m[0,314] = 1.0
m[0,315] = 1.0
m[0,316] = 1.0
m[0,317] = 0.0
m[0,318] = 0.5
m[0,319] = 1.0
m[0,320] = 0.0
m[0,321] = 1.0
m[0,322] = 0.0
m[0,323] = 1.0
m[0,324] = 1.0
m[0,325] = 1.0
m[0,326] = 1.0
m[0,327] = 1.0
m[0,328] = 1.0
m[0,329] = 1.0
m[0,330] = 1.0
m[0,331] = 1.0
m[0,332] = 0.0
m[0,333] = 1.0
m[0,334] = 1.0
m[0,335] = 1.0
m[0,336] = 1.0
m[0,337] = 1.0
m[0,338] = 1.0
m[0,339] = 1.0
m[0,340] = 1.0
m[0,341] = 1.0
m[0,342] = 0.0
m[0,343] = 1.0
m[0,344] = 1.0
m[0,345] = 1.0
m[0,346] = 1.0
m[0,347] = 1.0
m[0,348] = 0.0
m[0,349] = 1.0
m[0,350] = 1.0
m[0,351] = 1.0
m[0,352] = 1.0
m[0,353] = 1.0
m[0,354] = 1.0
m[0,355] = 1.0
m[0,356] = 1.0
m[0,357] = 0.5
m[0,358] = 1.0
m[0,359] = 1.0
m[0,360] = 1.0
m[0,361] = 1.0
m[0,362] = 1.0
m[0,363] = 1.0
m[0,364] = 1.0
m[0,365] = 1.0
m[0,366] = 1.0
m[0,367] = 1.0
m[0,368] = 1.0
m[0,369] = 1.0
m[0,370] = 1.0
m[0,371] = 1.0
m[0,372] = 1.0
m[0,373] = 0.0
m[0,374] = 1.0
m[0,375] = 1.0
m[0,376] = 1.0
m[0,377] = 1.0
m[0,378] = 1.0
m[0,379] = 1.0
m[0,380] = 1.0
m[0,381] = 1.0
m[0,382] = 1.0
m[0,383] = 1.0
m[0,384] = 0.0
m[0,385] = 1.0
m[0,386] = 1.0
m[0,387] = 0.0
m[0,388] = 1.0
m[0,389] = 1.0
m[0,390] = 1.0
m[0,391] = 1.0
m[0,392] = 1.0
m[0,393] = 0.5
m[0,394] = 1.0
m[0,395] = 1.0
m[0,396] = 0.0
m[0,397] = 1.0
m[0,398] = 1.0
m[0,399] = 1.0
m[0,400] = 1.0
m[0,401] = 1.0
m[0,402] = 0.0
m[0,403] = 1.0
m[0,404] = 1.0
m[0,405] = 1.0
m[0,406] = 1.0
m[0,407] = 1.0
m[0,408] = 1.0
m[0,409] = 1.0
m[0,410] = 1.0
m[0,411] = 0.0
m[0,412] = 1.0
m[0,413] = 1.0
m[0,414] = 1.0
m[0,415] = 1.0
m[0,416] = 1.0
m[0,417] = 1.0
m[0,418] = 1.0
m[0,419] = 1.0
m[0,420] = 0.0
m[0,421] = 1.0
m[0,422] = 0.5
m[0,423] = 1.0
m[0,424] = 1.0
m[0,425] = 1.0
m[0,426] = 0.0
m[0,427] = 1.0
m[0,428] = 1.0
m[0,429] = 1.0
m[0,430] = 1.0
m[0,431] = 1.0
m[0,432] = 1.0
m[0,433] = 0.0
m[0,434] = 1.0
m[0,435] = 1.0
m[0,436] = 0.0
m[0,437] = 0.0
m[0,438] = 1.0
m[0,439] = 0.0
m[0,440] = 0.0
m[0,441] = 1.0
m[0,442] = 0.0
m[0,443] = 1.0
m[0,444] = 1.0
m[0,445] = 1.0
m[0,446] = 1.0
m[0,447] = 1.0
m[0,448] = 1.0
m[0,449] = 0.5
m[0,450] = 1.0
m[0,451] = 1.0
m[0,452] = 0.0
m[0,453] = 1.0
m[0,454] = 1.0
m[0,455] = 1.0
m[0,456] = 1.0
m[0,457] = 1.0
m[0,458] = 1.0
m[0,459] = 1.0
m[0,460] = 1.0
m[0,461] = 1.0
m[0,462] = 0.0
m[0,463] = 1.0
m[0,464] = 1.0
m[0,465] = 1.0
m[0,466] = 1.0
m[0,467] = 1.0
m[0,468] = 1.0
m[0,469] = 1.0
m[0,470] = 1.0
u[0] = 1.0
u[1] = 1.0
u[2] = 1.0
o_u[0,0] = 0.0
o_u[0,1] = 0.0
o_u[0,2] = 0.5
o_u[0,3] = 0.5
o_u[1,0] = 0.0
o_u[1,1] = 0.0
o_u[1,2] = 0.5
o_u[1,3] = 0.5
o_u[2,0] = 0.0
o_u[2,1] = 0.5
o_u[2,2] = 0.5
o_u[2,3] = 0.0
THE NEW CORRECTNESS IS: 0.8895966029723992, AND THE NEW EXPLAINABILITY IS: 12.5
************************************************************
New pareto points added, correctness = 0.8895966029723992 , explainability = 12.5
App ending 1......
End of find_pareto_solution_more_e 4 @@@@@@@@@@@@@
Inside find_pareto_solution_more_e
----------------------------------
THE CURRENT CORRECTNESS IS: 0.8895966029723992, AND THE CURRENT EXPLAINABILITY IS: 12.5
Gurobi Optimizer version 12.0.3 build v12.0.3rc0 (linux64 - "Ubuntu 22.04.5 LTS")

CPU model: AMD EPYC 7742 64-Core Processor, instruction set [SSE2|AVX|AVX2]
Thread count: 128 physical cores, 256 logical processors, using up to 32 threads

Optimize a model with 189606 rows, 45387 columns and 569484 nonzeros
Model fingerprint: 0x03eddc07
Variable types: 45315 continuous, 72 integer (0 binary)
Coefficient statistics:
  Matrix range     [1e+00, 5e+00]
  Objective range  [1e+00, 5e+00]
  Bounds range     [1e+00, 1e+00]
  RHS range        [1e+00, 1e+03]

MIP start from previous solve did not produce a new incumbent solution
MIP start from previous solve violates constraint R189606 by 1.000000000

Presolve removed 181914 rows and 43034 columns
Presolve time: 0.78s
Presolved: 7692 rows, 2353 columns, 22956 nonzeros
Variable types: 2308 continuous, 45 integer (45 binary)
Found heuristic solution: objective 244.0000000
Performing another presolve...
Presolve removed 207 rows and 165 columns
Presolve time: 0.05s

Root relaxation: objective 4.330000e+02, 2504 iterations, 0.12 seconds (0.13 work units)

    Nodes    |    Current Node    |     Objective Bounds      |     Work
 Expl Unexpl |  Obj  Depth IntInf | Incumbent    BestBd   Gap | It/Node Time

     0     0  433.00000    0   11  244.00000  433.00000  77.5%     -    1s
H    0     0                     371.5000000  433.00000  16.6%     -    1s
     0     0  433.00000    0   20  371.50000  433.00000  16.6%     -    1s
     0     0  432.18103    0   18  371.50000  432.18103  16.3%     -    2s
     0     0  432.00000    0   32  371.50000  432.00000  16.3%     -    3s
     0     0  432.00000    0   33  371.50000  432.00000  16.3%     -    3s
     0     0  432.00000    0   33  371.50000  432.00000  16.3%     -    3s
     0     0  432.00000    0   33  371.50000  432.00000  16.3%     -    4s
     0     0  432.00000    0   15  371.50000  432.00000  16.3%     -    4s
     0     0  432.00000    0   37  371.50000  432.00000  16.3%     -    4s
     0     0  432.00000    0   37  371.50000  432.00000  16.3%     -    5s
     0     0  432.00000    0   41  371.50000  432.00000  16.3%     -    5s
     0     0  432.00000    0   41  371.50000  432.00000  16.3%     -    5s
     0     0  432.00000    0   41  371.50000  432.00000  16.3%     -    5s
     0     0  432.00000    0   41  371.50000  432.00000  16.3%     -    5s
     0     0  432.00000    0   41  371.50000  432.00000  16.3%     -    5s
     0     0  432.00000    0   39  371.50000  432.00000  16.3%     -    5s
     0     2  432.00000    0   39  371.50000  432.00000  16.3%     -    5s
* 1125   303              28     372.5000000  432.00000  16.0%   186    8s
H 1379   352                     374.5000000  432.00000  15.4%   169    8s
H 1387   352                     377.5000000  432.00000  14.4%   169    8s
  2526   195 infeasible   14       377.50000  432.00000  14.4%   127   10s

Cutting planes:
  Gomory: 7
  Cover: 3
  Implied bound: 1
  MIR: 112
  Flow cover: 29
  Inf proof: 2
  RLT: 226
  BQP: 45

Explored 3109 nodes (371425 simplex iterations) in 11.99 seconds (11.24 work units)
Thread count was 32 (of 256 available processors)

Solution count 5: 377.5 374.5 372.5 ... 244

Optimal solution found (tolerance 1.00e-04)
Best objective 3.775000000000e+02, best bound 3.775000000000e+02, gap 0.0000%
Objective value: 377.5
lam[0,0] = 0.0
lam[0,1] = 0.5
lam[0,2] = 0.5
lam[0,3] = 0.0
lam[1,0] = 0.0
lam[1,1] = 0.5
lam[1,2] = 0.5
lam[1,3] = 0.0
lam[2,0] = 0.0
lam[2,1] = 0.5
lam[2,2] = 0.5
lam[2,3] = 0.0
tau[0,0,1] = 1.0
tau[0,0,2] = -0.0
tau[0,0,L0] = 0.0
tau[0,0,L1] = 0.0
tau[0,0,L2] = 0.0
tau[0,1,1] = 1.0
tau[0,1,2] = -0.0
tau[0,1,L0] = -0.0
tau[0,1,L1] = -0.0
tau[0,1,L2] = -0.0
tau[0,2,1] = 1.0
tau[0,2,2] = -0.0
tau[0,2,L0] = 0.0
tau[0,2,L1] = 0.0
tau[0,2,L2] = 0.0
tau[0,3,1] = 0.0
tau[0,3,2] = 0.0
tau[0,3,L0] = -0.0
tau[0,3,L1] = -0.0
tau[0,3,L2] = -0.0
tau[0,4,1] = 0.0
tau[0,4,2] = 0.0
tau[0,4,L0] = -0.0
tau[0,4,L1] = -0.0
tau[0,4,L2] = -0.0
tau[0,5,1] = 0.0
tau[0,5,2] = 0.0
tau[0,5,L0] = -0.0
tau[0,5,L1] = -0.0
tau[0,5,L2] = -0.0
tau[1,0,2] = 1.0
tau[1,0,L0] = -0.0
tau[1,0,L1] = -0.0
tau[1,0,L2] = 0.0
tau[1,1,2] = -0.0
tau[1,1,L0] = 1.0
tau[1,1,L1] = -0.0
tau[1,1,L2] = -0.0
tau[1,2,2] = 0.0
tau[1,2,L0] = 0.0
tau[1,2,L1] = 1.0
tau[1,2,L2] = -0.0
tau[1,3,2] = 0.0
tau[1,3,L0] = -0.0
tau[1,3,L1] = -0.0
tau[1,3,L2] = -0.0
tau[1,4,2] = 0.0
tau[1,4,L0] = -0.0
tau[1,4,L1] = -0.0
tau[1,4,L2] = -0.0
tau[1,5,2] = 0.0
tau[1,5,L0] = -0.0
tau[1,5,L1] = -0.0
tau[1,5,L2] = -0.0
tau[2,0,L0] = 1.0
tau[2,0,L1] = -0.0
tau[2,0,L2] = 0.0
tau[2,1,L0] = -0.0
tau[2,1,L1] = 1.0
tau[2,1,L2] = -0.0
tau[2,2,L0] = 0.0
tau[2,2,L1] = -0.0
tau[2,2,L2] = 1.0
tau[2,3,L0] = -0.0
tau[2,3,L1] = -0.0
tau[2,3,L2] = -0.0
tau[2,4,L0] = -0.0
tau[2,4,L1] = -0.0
tau[2,4,L2] = -0.0
tau[2,5,L0] = -0.0
tau[2,5,L1] = -0.0
tau[2,5,L2] = -0.0
m[0,0] = 1.0
m[0,1] = 1.0
m[0,2] = 1.0
m[0,3] = 0.0
m[0,4] = 1.0
m[0,5] = 0.0
m[0,6] = 1.0
m[0,7] = 1.0
m[0,8] = 0.0
m[0,9] = 1.0
m[0,10] = 1.0
m[0,11] = 0.0
m[0,12] = 0.0
m[0,13] = 1.0
m[0,14] = 1.0
m[0,15] = 1.0
m[0,16] = 1.0
m[0,17] = 1.0
m[0,18] = 0.0
m[0,19] = 1.0
m[0,20] = 1.0
m[0,21] = 1.0
m[0,22] = 1.0
m[0,23] = 1.0
m[0,24] = 1.0
m[0,25] = 1.0
m[0,26] = 1.0
m[0,27] = 1.0
m[0,28] = 1.0
m[0,29] = 1.0
m[0,30] = 1.0
m[0,31] = 0.0
m[0,32] = 1.0
m[0,33] = 1.0
m[0,34] = 1.0
m[0,35] = 1.0
m[0,36] = 0.0
m[0,37] = 1.0
m[0,38] = 1.0
m[0,39] = 1.0
m[0,40] = 1.0
m[0,41] = 1.0
m[0,42] = 1.0
m[0,43] = 1.0
m[0,44] = 1.0
m[0,45] = 1.0
m[0,46] = 1.0
m[0,47] = 1.0
m[0,48] = 1.0
m[0,49] = 1.0
m[0,50] = 1.0
m[0,51] = 0.0
m[0,52] = 0.0
m[0,53] = 1.0
m[0,54] = 1.0
m[0,55] = 1.0
m[0,56] = 1.0
m[0,57] = 1.0
m[0,58] = 1.0
m[0,59] = 1.0
m[0,60] = 1.0
m[0,61] = 1.0
m[0,62] = 1.0
m[0,63] = 1.0
m[0,64] = 1.0
m[0,65] = 1.0
m[0,66] = 1.0
m[0,67] = 1.0
m[0,68] = 1.0
m[0,69] = 1.0
m[0,70] = 1.0
m[0,71] = 1.0
m[0,72] = 1.0
m[0,73] = 1.0
m[0,74] = 1.0
m[0,75] = 1.0
m[0,76] = 0.0
m[0,77] = 1.0
m[0,78] = 1.0
m[0,79] = 1.0
m[0,80] = 1.0
m[0,81] = 1.0
m[0,82] = 1.0
m[0,83] = 1.0
m[0,84] = 0.0
m[0,85] = 0.0
m[0,86] = 0.0
m[0,87] = 1.0
m[0,88] = 1.0
m[0,89] = 1.0
m[0,90] = 1.0
m[0,91] = 1.0
m[0,92] = 1.0
m[0,93] = 1.0
m[0,94] = 1.0
m[0,95] = 1.0
m[0,96] = 1.0
m[0,97] = 1.0
m[0,98] = 1.0
m[0,99] = 0.0
m[0,100] = 1.0
m[0,101] = 1.0
m[0,102] = 1.0
m[0,103] = 1.0
m[0,104] = 1.0
m[0,105] = 0.0
m[0,106] = 1.0
m[0,107] = 0.0
m[0,108] = 1.0
m[0,109] = 1.0
m[0,110] = 1.0
m[0,111] = 1.0
m[0,112] = 1.0
m[0,113] = 1.0
m[0,114] = 1.0
m[0,115] = 1.0
m[0,116] = 1.0
m[0,117] = 0.0
m[0,118] = 1.0
m[0,119] = 1.0
m[0,120] = 1.0
m[0,121] = 0.0
m[0,122] = 1.0
m[0,123] = 1.0
m[0,124] = 1.0
m[0,125] = 1.0
m[0,126] = 1.0
m[0,127] = 0.0
m[0,128] = 0.0
m[0,129] = 1.0
m[0,130] = 1.0
m[0,131] = 1.0
m[0,132] = 1.0
m[0,133] = 1.0
m[0,134] = 0.0
m[0,135] = 1.0
m[0,136] = 1.0
m[0,137] = 1.0
m[0,138] = 0.0
m[0,139] = 1.0
m[0,140] = 1.0
m[0,141] = 1.0
m[0,142] = 0.0
m[0,143] = 1.0
m[0,144] = 1.0
m[0,145] = 1.0
m[0,146] = 1.0
m[0,147] = 0.0
m[0,148] = 1.0
m[0,149] = 0.0
m[0,150] = 1.0
m[0,151] = 1.0
m[0,152] = 1.0
m[0,153] = 1.0
m[0,154] = 1.0
m[0,155] = 1.0
m[0,156] = 1.0
m[0,157] = 1.0
m[0,158] = 1.0
m[0,159] = 0.0
m[0,160] = 1.0
m[0,161] = 1.0
m[0,162] = 1.0
m[0,163] = 1.0
m[0,164] = 1.0
m[0,165] = 1.0
m[0,166] = 1.0
m[0,167] = 1.0
m[0,168] = 1.0
m[0,169] = 0.0
m[0,170] = 1.0
m[0,171] = 1.0
m[0,172] = 1.0
m[0,173] = 1.0
m[0,174] = 1.0
m[0,175] = 0.0
m[0,176] = 1.0
m[0,177] = 0.0
m[0,178] = 1.0
m[0,179] = 1.0
m[0,180] = 0.0
m[0,181] = 1.0
m[0,182] = 0.0
m[0,183] = 0.0
m[0,184] = 0.0
m[0,185] = 1.0
m[0,186] = 1.0
m[0,187] = 0.0
m[0,188] = 1.0
m[0,189] = 0.0
m[0,190] = 1.0
m[0,191] = 0.0
m[0,192] = 0.0
m[0,193] = 1.0
m[0,194] = 1.0
m[0,195] = 1.0
m[0,196] = 1.0
m[0,197] = 1.0
m[0,198] = 1.0
m[0,199] = 1.0
m[0,200] = 0.0
m[0,201] = 0.0
m[0,202] = 0.0
m[0,203] = 1.0
m[0,204] = 1.0
m[0,205] = 0.0
m[0,206] = 1.0
m[0,207] = 1.0
m[0,208] = 1.0
m[0,209] = 1.0
m[0,210] = 1.0
m[0,211] = 0.0
m[0,212] = 0.0
m[0,213] = 1.0
m[0,214] = 1.0
m[0,215] = 1.0
m[0,216] = 0.0
m[0,217] = 0.0
m[0,218] = 0.0
m[0,219] = 0.0
m[0,220] = 1.0
m[0,221] = 1.0
m[0,222] = 1.0
m[0,223] = 1.0
m[0,224] = 0.0
m[0,225] = 1.0
m[0,226] = 1.0
m[0,227] = 1.0
m[0,228] = 1.0
m[0,229] = 1.0
m[0,230] = 1.0
m[0,231] = 1.0
m[0,232] = 1.0
m[0,233] = 1.0
m[0,234] = 1.0
m[0,235] = 1.0
m[0,236] = 1.0
m[0,237] = 1.0
m[0,238] = 0.0
m[0,239] = 1.0
m[0,240] = 0.0
m[0,241] = 1.0
m[0,242] = 1.0
m[0,243] = 1.0
m[0,244] = 1.0
m[0,245] = 1.0
m[0,246] = 1.0
m[0,247] = 1.0
m[0,248] = 1.0
m[0,249] = 1.0
m[0,250] = 1.0
m[0,251] = 1.0
m[0,252] = 0.0
m[0,253] = 1.0
m[0,254] = 0.0
m[0,255] = 1.0
m[0,256] = 1.0
m[0,257] = 1.0
m[0,258] = 1.0
m[0,259] = 1.0
m[0,260] = 0.0
m[0,261] = 1.0
m[0,262] = 1.0
m[0,263] = 1.0
m[0,264] = 1.0
m[0,265] = 0.0
m[0,266] = 1.0
m[0,267] = 1.0
m[0,268] = 1.0
m[0,269] = 1.0
m[0,270] = 1.0
m[0,271] = 1.0
m[0,272] = 0.0
m[0,273] = 1.0
m[0,274] = 1.0
m[0,275] = 0.0
m[0,276] = 0.0
m[0,277] = 1.0
m[0,278] = 1.0
m[0,279] = 1.0
m[0,280] = 0.0
m[0,281] = 1.0
m[0,282] = 1.0
m[0,283] = 0.0
m[0,284] = 0.0
m[0,285] = 1.0
m[0,286] = 1.0
m[0,287] = 1.0
m[0,288] = 1.0
m[0,289] = 1.0
m[0,290] = 1.0
m[0,291] = 1.0
m[0,292] = 1.0
m[0,293] = 0.0
m[0,294] = 1.0
m[0,295] = 1.0
m[0,296] = 1.0
m[0,297] = 1.0
m[0,298] = 1.0
m[0,299] = 0.0
m[0,300] = 0.0
m[0,301] = 1.0
m[0,302] = 1.0
m[0,303] = 1.0
m[0,304] = 0.0
m[0,305] = 1.0
m[0,306] = 1.0
m[0,307] = 1.0
m[0,308] = 0.0
m[0,309] = 1.0
m[0,310] = 1.0
m[0,311] = 1.0
m[0,312] = 1.0
m[0,313] = 0.0
m[0,314] = 1.0
m[0,315] = 1.0
m[0,316] = 1.0
m[0,317] = 0.0
m[0,318] = 1.0
m[0,319] = 1.0
m[0,320] = 0.0
m[0,321] = 1.0
m[0,322] = 1.0
m[0,323] = 0.0
m[0,324] = 1.0
m[0,325] = 0.0
m[0,326] = 1.0
m[0,327] = 1.0
m[0,328] = 1.0
m[0,329] = 1.0
m[0,330] = 1.0
m[0,331] = 1.0
m[0,332] = 0.0
m[0,333] = 1.0
m[0,334] = 0.0
m[0,335] = 1.0
m[0,336] = 0.0
m[0,337] = 1.0
m[0,338] = 1.0
m[0,339] = 0.0
m[0,340] = 1.0
m[0,341] = 1.0
m[0,342] = 0.0
m[0,343] = 1.0
m[0,344] = 1.0
m[0,345] = 1.0
m[0,346] = 1.0
m[0,347] = 1.0
m[0,348] = 0.0
m[0,349] = 1.0
m[0,350] = 1.0
m[0,351] = 0.0
m[0,352] = 1.0
m[0,353] = 1.0
m[0,354] = 1.0
m[0,355] = 1.0
m[0,356] = 1.0
m[0,357] = 1.0
m[0,358] = 1.0
m[0,359] = 1.0
m[0,360] = 1.0
m[0,361] = 1.0
m[0,362] = 0.0
m[0,363] = 0.0
m[0,364] = 1.0
m[0,365] = 1.0
m[0,366] = 0.0
m[0,367] = 1.0
m[0,368] = 1.0
m[0,369] = 1.0
m[0,370] = 1.0
m[0,371] = 1.0
m[0,372] = 1.0
m[0,373] = 0.0
m[0,374] = 1.0
m[0,375] = 1.0
m[0,376] = 0.0
m[0,377] = 1.0
m[0,378] = 0.0
m[0,379] = 1.0
m[0,380] = 1.0
m[0,381] = 1.0
m[0,382] = 1.0
m[0,383] = 1.0
m[0,384] = 1.0
m[0,385] = 1.0
m[0,386] = 1.0
m[0,387] = 0.0
m[0,388] = 1.0
m[0,389] = 1.0
m[0,390] = 1.0
m[0,391] = 1.0
m[0,392] = 0.0
m[0,393] = 1.0
m[0,394] = 0.0
m[0,395] = 1.0
m[0,396] = 1.0
m[0,397] = 1.0
m[0,398] = 1.0
m[0,399] = 1.0
m[0,400] = 1.0
m[0,401] = 1.0
m[0,402] = 0.0
m[0,403] = 1.0
m[0,404] = 1.0
m[0,405] = 1.0
m[0,406] = 1.0
m[0,407] = 0.0
m[0,408] = 1.0
m[0,409] = 1.0
m[0,410] = 1.0
m[0,411] = 0.0
m[0,412] = 1.0
m[0,413] = 1.0
m[0,414] = 1.0
m[0,415] = 1.0
m[0,416] = 1.0
m[0,417] = 1.0
m[0,418] = 0.0
m[0,419] = 1.0
m[0,420] = 1.0
m[0,421] = 1.0
m[0,422] = 1.0
m[0,423] = 1.0
m[0,424] = 1.0
m[0,425] = 1.0
m[0,426] = 0.0
m[0,427] = 1.0
m[0,428] = 1.0
m[0,429] = 0.0
m[0,430] = 0.0
m[0,431] = 1.0
m[0,432] = 0.0
m[0,433] = 0.0
m[0,434] = 0.0
m[0,435] = 0.0
m[0,436] = 0.0
m[0,437] = 0.0
m[0,438] = 1.0
m[0,439] = 0.0
m[0,440] = 0.0
m[0,441] = 1.0
m[0,442] = 0.0
m[0,443] = 0.0
m[0,444] = 1.0
m[0,445] = 1.0
m[0,446] = 1.0
m[0,447] = 1.0
m[0,448] = 1.0
m[0,449] = 1.0
m[0,450] = 1.0
m[0,451] = 1.0
m[0,452] = 0.0
m[0,453] = 1.0
m[0,454] = 1.0
m[0,455] = 1.0
m[0,456] = 1.0
m[0,457] = 1.0
m[0,458] = 1.0
m[0,459] = 1.0
m[0,460] = 1.0
m[0,461] = 0.0
m[0,462] = 0.0
m[0,463] = 1.0
m[0,464] = 1.0
m[0,465] = 1.0
m[0,466] = 1.0
m[0,467] = 1.0
m[0,468] = 1.0
m[0,469] = 1.0
m[0,470] = 1.0
u[0] = 1.0
u[1] = 1.0
u[2] = 1.0
o_u[0,0] = 0.0
o_u[0,1] = 0.5
o_u[0,2] = 0.5
o_u[0,3] = 0.0
o_u[1,0] = 0.0
o_u[1,1] = 0.5
o_u[1,2] = 0.5
o_u[1,3] = 0.0
o_u[2,0] = 0.0
o_u[2,1] = 0.5
o_u[2,2] = 0.5
o_u[2,3] = 0.0
THE NEW CORRECTNESS IS: 0.772823779193206, AND THE NEW EXPLAINABILITY IS: 13.5
************************************************************
New pareto points added, correctness = 0.772823779193206 , explainability = 13.5
App ending 1......
End of find_pareto_solution_more_e 4 @@@@@@@@@@@@@
Inside find_pareto_solution_more_e
----------------------------------
THE CURRENT CORRECTNESS IS: 0.772823779193206, AND THE CURRENT EXPLAINABILITY IS: 13.5
Gurobi Optimizer version 12.0.3 build v12.0.3rc0 (linux64 - "Ubuntu 22.04.5 LTS")

CPU model: AMD EPYC 7742 64-Core Processor, instruction set [SSE2|AVX|AVX2]
Thread count: 128 physical cores, 256 logical processors, using up to 32 threads

Optimize a model with 189606 rows, 45387 columns and 569484 nonzeros
Model fingerprint: 0x7233ef6c
Variable types: 45315 continuous, 72 integer (0 binary)
Coefficient statistics:
  Matrix range     [1e+00, 5e+00]
  Objective range  [1e+00, 5e+00]
  Bounds range     [1e+00, 1e+00]
  RHS range        [1e+00, 1e+03]

MIP start from previous solve did not produce a new incumbent solution
MIP start from previous solve violates constraint R189608 by 1.000000000

Presolve removed 181914 rows and 43034 columns
Presolve time: 0.72s
Presolved: 7692 rows, 2353 columns, 22956 nonzeros
Variable types: 2308 continuous, 45 integer (45 binary)
Performing another presolve...
Presolve removed 207 rows and 165 columns
Presolve time: 0.05s

Root relaxation: objective 3.780000e+02, 2510 iterations, 0.17 seconds (0.19 work units)

    Nodes    |    Current Node    |     Objective Bounds      |     Work
 Expl Unexpl |  Obj  Depth IntInf | Incumbent    BestBd   Gap | It/Node Time

     0     0  378.00000    0    7          -  378.00000      -     -    1s
     0     0  377.96682    0   24          -  377.96682      -     -    1s

Cutting planes:
  Gomory: 8
  MIR: 82
  Flow cover: 10
  RLT: 76
  BQP: 67

Explored 1 nodes (5821 simplex iterations) in 1.94 seconds (2.16 work units)
Thread count was 32 (of 256 available processors)

Solution count 0
No other solutions better than -1e+100

Model is infeasible
Best objective -, best bound -, gap -
[INFO] Model became infeasible under the new cuts.
End of find_pareto_solution_more_e 2 @@@@@@@@@@@
Inside find_pareto_solution_more_c
Gurobi Optimizer version 12.0.3 build v12.0.3rc0 (linux64 - "Ubuntu 22.04.5 LTS")

CPU model: AMD EPYC 7742 64-Core Processor, instruction set [SSE2|AVX|AVX2]
Thread count: 128 physical cores, 256 logical processors, using up to 32 threads

Optimize a model with 189606 rows, 45387 columns and 569484 nonzeros
Model fingerprint: 0x27331861
Variable types: 45315 continuous, 72 integer (0 binary)
Coefficient statistics:
  Matrix range     [1e+00, 5e+00]
  Objective range  [1e+00, 5e+00]
  Bounds range     [1e+00, 1e+00]
  RHS range        [1e+00, 1e+03]

MIP start from previous solve did not produce a new incumbent solution
MIP start from previous solve violates constraint R189604 by 1.000000000

Presolve removed 181914 rows and 43034 columns
Presolve time: 1.06s
Presolved: 7692 rows, 2353 columns, 22956 nonzeros
Variable types: 2308 continuous, 45 integer (45 binary)
Performing another presolve...
Presolve removed 213 rows and 165 columns
Presolve time: 0.06s

Root relaxation: objective 4.815000e+02, 2616 iterations, 0.20 seconds (0.24 work units)

    Nodes    |    Current Node    |     Objective Bounds      |     Work
 Expl Unexpl |  Obj  Depth IntInf | Incumbent    BestBd   Gap | It/Node Time

     0     0  481.50000    0   13          -  481.50000      -     -    2s
     0     0  481.50000    0   28          -  481.50000      -     -    3s
     0     0  481.50000    0   28          -  481.50000      -     -    3s
     0     0  481.50000    0   13          -  481.50000      -     -    4s
     0     0  481.50000    0   13          -  481.50000      -     -    4s
     0     0  481.50000    0   18          -  481.50000      -     -    5s
     0     0  481.50000    0   27          -  481.50000      -     -    5s
     0     0  481.00000    0   20          -  481.00000      -     -    6s
     0     0  481.00000    0   19          -  481.00000      -     -    6s
     0     0  481.00000    0   23          -  481.00000      -     -    7s
     0     0  481.00000    0   37          -  481.00000      -     -    8s
     0     0  481.00000    0   39          -  481.00000      -     -    8s
     0     0  481.00000    0   21          -  481.00000      -     -    9s
     0     0  481.00000    0   24          -  481.00000      -     -    9s
     0     0  481.00000    0   25          -  481.00000      -     -   10s
     0     0  481.00000    0   35          -  481.00000      -     -   10s
     0     0  481.00000    0   19          -  481.00000      -     -   12s
     0     0  481.00000    0   39          -  481.00000      -     -   12s
     0     0  480.50000    0   23          -  480.50000      -     -   13s
     0     0  480.50000    0   23          -  480.50000      -     -   13s
     0     2  480.50000    0   20          -  480.50000      -     -   15s

Cutting planes:
  Gomory: 3
  Cover: 13
  Implied bound: 4
  MIR: 69
  Flow cover: 41
  Inf proof: 3
  RLT: 298
  Relax-and-lift: 1
  BQP: 40

Explored 4227 nodes (610837 simplex iterations) in 18.55 seconds (18.33 work units)
Thread count was 32 (of 256 available processors)

Solution count 0
No other solutions better than -1e+100

Model is infeasible
Best objective -, best bound -, gap -
[INFO] Model became infeasible under the new cuts.
End of find_pareto_solution_more_c 1 |||||||||||||||||
[0.8895966029723992, 12.5]
Printing original list
[0.8895966029723992, 12.5]
[0.772823779193206, 13.5]
Printing list after change
[0.8895966029723992, 12.5]
[0.772823779193206, 13.5]
[0.772823779193206, 13.5]
Printing original list
[0.8895966029723992, 12.5]
[0.772823779193206, 13.5]
Printing list after change
[0.8895966029723992, 12.5]
[0.772823779193206, 13.5]
App ending 3....................... c = 0.9118895966029724 , e = 11.5

 Total time taken: 88.6596999168396 seconds