I AM STARTING --------------------
[]
NOW I AM GOING TO SOLVE THE MODEL FOR FIRST SOLUTION
Gurobi Optimizer version 12.0.3 build v12.0.3rc0 (linux64 - "Ubuntu 22.04.5 LTS")

CPU model: AMD EPYC 7742 64-Core Processor, instruction set [SSE2|AVX|AVX2]
Thread count: 128 physical cores, 256 logical processors, using up to 32 threads

Optimize a model with 280666 rows, 65721 columns and 848901 nonzeros
Model fingerprint: 0x97d3bb38
Variable types: 65613 continuous, 108 integer (0 binary)
Coefficient statistics:
  Matrix range     [1e+00, 5e+00]
  Objective range  [1e+00, 5e+00]
  Bounds range     [1e+00, 1e+00]
  RHS range        [1e+00, 1e+03]
Presolve removed 267989 rows and 62038 columns
Presolve time: 1.37s
Presolved: 12677 rows, 3683 columns, 38523 nonzeros
Variable types: 3611 continuous, 72 integer (72 binary)
Found heuristic solution: objective 50.0000000
Found heuristic solution: objective 248.0000000
Performing another presolve...
Presolve removed 270 rows and 192 columns
Presolve time: 0.09s

Root relaxation: objective 4.910000e+02, 4422 iterations, 0.37 seconds (0.41 work units)

    Nodes    |    Current Node    |     Objective Bounds      |     Work
 Expl Unexpl |  Obj  Depth IntInf | Incumbent    BestBd   Gap | It/Node Time

     0     0  491.00000    0   18  248.00000  491.00000  98.0%     -    2s
H    0     0                     417.5000000  491.00000  17.6%     -    2s
H    0     0                     433.5000000  491.00000  13.3%     -    3s
     0     0  491.00000    0   23  433.50000  491.00000  13.3%     -    3s
     0     0  490.00000    0   35  433.50000  490.00000  13.0%     -    4s
     0     0  490.00000    0   35  433.50000  490.00000  13.0%     -    4s
     0     0  490.00000    0   41  433.50000  490.00000  13.0%     -    5s
     0     0  490.00000    0   43  433.50000  490.00000  13.0%     -    5s
     0     0  490.00000    0   45  433.50000  490.00000  13.0%     -    5s
     0     0  490.00000    0   38  433.50000  490.00000  13.0%     -    6s
H    0     0                     434.0000000  490.00000  12.9%     -    7s
     0     0  490.00000    0   21  434.00000  490.00000  12.9%     -    8s
H    0     0                     442.0000000  490.00000  10.9%     -    8s
     0     0  490.00000    0   49  442.00000  490.00000  10.9%     -    9s
     0     0  490.00000    0   56  442.00000  490.00000  10.9%     -    9s
     0     0  490.00000    0   55  442.00000  490.00000  10.9%     -   10s
     0     0  490.00000    0   52  442.00000  490.00000  10.9%     -   10s
     0     0  490.00000    0   51  442.00000  490.00000  10.9%     -   10s
     0     0  490.00000    0   50  442.00000  490.00000  10.9%     -   10s
     0     0  490.00000    0   48  442.00000  490.00000  10.9%     -   11s
     0     0  490.00000    0   33  442.00000  490.00000  10.9%     -   12s
     0     2  490.00000    0   29  442.00000  490.00000  10.9%     -   13s
    13    24  446.00000    4   23  442.00000  490.00000  10.9%  1400   15s
H  277   120                     449.0000000  490.00000  9.13%   459   16s
H  406   176                     450.0000000  490.00000  8.89%   433   17s
H  615   324                     450.5000000  489.87500  8.74%   425   18s
H  632   324                     454.0000000  489.87500  7.90%   419   18s
  1420   712  482.00000   24   23  454.00000  489.00000  7.71%   340   20s
H 1655   792                     456.5000000  489.00000  7.12%   345   21s
  2664  1143  482.20000   25   19  456.50000  489.00000  7.12%   327   25s
  4717  1732  457.21739   26   18  456.50000  487.25000  6.74%   338   30s
H 6615  1884                     457.5000000  480.00000  4.92%   360   33s
  7480  2054  467.32353   27   24  457.50000  479.13333  4.73%   364   35s
  8354  2191  468.13333   14   33  457.50000  478.00000  4.48%   361   53s
  8356  2192  467.00000   27   17  457.50000  478.00000  4.48%   361   55s
  8364  2198  460.49296   28   44  457.50000  478.00000  4.48%   361   60s
  8416  2247  478.00000   15   38  457.50000  478.00000  4.48%   369   65s
 10320  2288  467.50000   20   15  457.50000  478.00000  4.48%   367   70s
 13443  1693  462.50000   23    9  457.50000  475.50000  3.93%   352   75s
 15849  1176  465.25000   33    1  457.50000  469.50000  2.62%   338   80s
*16978  1176              32     459.0000000  467.43368  1.84%   327   80s

Cutting planes:
  Gomory: 2
  MIR: 13
  Flow cover: 3
  Inf proof: 6
  RLT: 124
  BQP: 13

Explored 23533 nodes (6460665 simplex iterations) in 84.26 seconds (91.39 work units)
Thread count was 32 (of 256 available processors)

Solution count 10: 459 457.5 456.5 ... 433.5

Optimal solution found (tolerance 1.00e-04)
Best objective 4.590000000000e+02, best bound 4.590000000000e+02, gap 0.0000%
Objective value: 459.0
lam[0,0] = 0.0
lam[0,1] = 0.0
lam[0,2] = 0.5
lam[0,3] = 0.5
lam[1,0] = 0.0
lam[1,1] = 0.0
lam[1,2] = 0.5
lam[1,3] = 0.5
lam[2,0] = 0.0
lam[2,1] = 0.0
lam[2,2] = 0.5
lam[2,3] = 0.5
lam[3,0] = 0.5
lam[3,1] = 0.5
lam[3,2] = 0.0
lam[3,3] = 0.0
tau[0,0,1] = 1.0
tau[0,0,2] = -0.0
tau[0,0,3] = -0.0
tau[0,0,L0] = -0.0
tau[0,0,L1] = -0.0
tau[0,0,L2] = -0.0
tau[0,1,1] = 1.0
tau[0,1,2] = 0.0
tau[0,1,3] = -0.0
tau[0,1,L0] = -0.0
tau[0,1,L1] = -0.0
tau[0,1,L2] = -0.0
tau[0,2,1] = 1.0
tau[0,2,2] = -0.0
tau[0,2,3] = 0.0
tau[0,2,L0] = -0.0
tau[0,2,L1] = -0.0
tau[0,2,L2] = -0.0
tau[0,3,1] = 0.0
tau[0,3,2] = 0.0
tau[0,3,3] = 0.0
tau[0,3,L0] = -0.0
tau[0,3,L1] = -0.0
tau[0,3,L2] = -0.0
tau[0,4,1] = 0.0
tau[0,4,2] = 0.0
tau[0,4,3] = 0.0
tau[0,4,L0] = -0.0
tau[0,4,L1] = -0.0
tau[0,4,L2] = -0.0
tau[0,5,1] = 0.0
tau[0,5,2] = 0.0
tau[0,5,3] = 0.0
tau[0,5,L0] = -0.0
tau[0,5,L1] = -0.0
tau[0,5,L2] = -0.0
tau[1,0,2] = 1.0
tau[1,0,3] = -0.0
tau[1,0,L0] = -0.0
tau[1,0,L1] = -0.0
tau[1,0,L2] = -0.0
tau[1,1,2] = -0.0
tau[1,1,3] = 1.0
tau[1,1,L0] = -0.0
tau[1,1,L1] = -0.0
tau[1,1,L2] = -0.0
tau[1,2,2] = -0.0
tau[1,2,3] = -0.0
tau[1,2,L0] = -0.0
tau[1,2,L1] = 1.0
tau[1,2,L2] = -0.0
tau[1,3,2] = 0.0
tau[1,3,3] = 0.0
tau[1,3,L0] = -0.0
tau[1,3,L1] = -0.0
tau[1,3,L2] = -0.0
tau[1,4,2] = 0.0
tau[1,4,3] = 0.0
tau[1,4,L0] = -0.0
tau[1,4,L1] = -0.0
tau[1,4,L2] = -0.0
tau[1,5,2] = 0.0
tau[1,5,3] = 0.0
tau[1,5,L0] = -0.0
tau[1,5,L1] = -0.0
tau[1,5,L2] = -0.0
tau[2,0,3] = -0.0
tau[2,0,L0] = 1.0
tau[2,0,L1] = -0.0
tau[2,0,L2] = -0.0
tau[2,1,3] = -0.0
tau[2,1,L0] = -0.0
tau[2,1,L1] = -0.0
tau[2,1,L2] = 1.0
tau[2,2,3] = -0.0
tau[2,2,L0] = -0.0
tau[2,2,L1] = 0.0
tau[2,2,L2] = 1.0
tau[2,3,3] = 0.0
tau[2,3,L0] = -0.0
tau[2,3,L1] = -0.0
tau[2,3,L2] = -0.0
tau[2,4,3] = 0.0
tau[2,4,L0] = -0.0
tau[2,4,L1] = -0.0
tau[2,4,L2] = -0.0
tau[2,5,3] = 0.0
tau[2,5,L0] = -0.0
tau[2,5,L1] = -0.0
tau[2,5,L2] = -0.0
tau[3,0,L0] = -0.0
tau[3,0,L1] = 1.0
tau[3,0,L2] = -0.0
tau[3,1,L0] = -0.0
tau[3,1,L1] = 0.0
tau[3,1,L2] = 1.0
tau[3,2,L0] = 1.0
tau[3,2,L1] = -0.0
tau[3,2,L2] = -0.0
tau[3,3,L0] = -0.0
tau[3,3,L1] = -0.0
tau[3,3,L2] = -0.0
tau[3,4,L0] = -0.0
tau[3,4,L1] = -0.0
tau[3,4,L2] = -0.0
tau[3,5,L0] = -0.0
tau[3,5,L1] = -0.0
tau[3,5,L2] = -0.0
m[0,0] = 1.0
m[0,1] = 1.0
m[0,2] = 1.0
m[0,3] = 0.0
m[0,4] = 1.0
m[0,5] = 1.0
m[0,6] = 1.0
m[0,7] = 1.0
m[0,8] = 1.0
m[0,9] = 1.0
m[0,10] = 1.0
m[0,11] = 1.0
m[0,12] = 1.0
m[0,13] = 1.0
m[0,14] = 1.0
m[0,15] = 1.0
m[0,16] = 1.0
m[0,17] = 1.0
m[0,18] = 1.0
m[0,19] = 1.0
m[0,20] = 1.0
m[0,21] = 1.0
m[0,22] = 1.0
m[0,23] = 1.0
m[0,24] = 1.0
m[0,25] = 1.0
m[0,26] = 1.0
m[0,27] = 1.0
m[0,28] = 1.0
m[0,29] = 1.0
m[0,30] = 1.0
m[0,31] = 1.0
m[0,32] = 1.0
m[0,33] = 1.0
m[0,34] = 1.0
m[0,35] = 1.0
m[0,36] = 1.0
m[0,37] = 1.0
m[0,38] = 1.0
m[0,39] = 1.0
m[0,40] = 1.0
m[0,41] = 1.0
m[0,42] = 1.0
m[0,43] = 1.0
m[0,44] = 1.0
m[0,45] = 1.0
m[0,46] = 1.0
m[0,47] = 0.5
m[0,48] = 1.0
m[0,49] = 1.0
m[0,50] = 1.0
m[0,51] = 1.0
m[0,52] = 0.0
m[0,53] = 1.0
m[0,54] = 1.0
m[0,55] = 1.0
m[0,56] = 1.0
m[0,57] = 1.0
m[0,58] = 1.0
m[0,59] = 1.0
m[0,60] = 1.0
m[0,61] = 1.0
m[0,62] = 1.0
m[0,63] = 1.0
m[0,64] = 1.0
m[0,65] = 1.0
m[0,66] = 1.0
m[0,67] = 1.0
m[0,68] = 1.0
m[0,69] = 1.0
m[0,70] = 1.0
m[0,71] = 1.0
m[0,72] = 1.0
m[0,73] = 1.0
m[0,74] = 1.0
m[0,75] = 1.0
m[0,76] = 1.0
m[0,77] = 1.0
m[0,78] = 1.0
m[0,79] = 1.0
m[0,80] = 1.0
m[0,81] = 1.0
m[0,82] = 1.0
m[0,83] = 1.0
m[0,84] = 1.0
m[0,85] = 1.0
m[0,86] = 1.0
m[0,87] = 1.0
m[0,88] = 1.0
m[0,89] = 1.0
m[0,90] = 1.0
m[0,91] = 1.0
m[0,92] = 1.0
m[0,93] = 1.0
m[0,94] = 1.0
m[0,95] = 1.0
m[0,96] = 1.0
m[0,97] = 1.0
m[0,98] = 1.0
m[0,99] = 0.0
m[0,100] = 1.0
m[0,101] = 1.0
m[0,102] = 1.0
m[0,103] = 1.0
m[0,104] = 1.0
m[0,105] = 0.0
m[0,106] = 1.0
m[0,107] = 1.0
m[0,108] = 1.0
m[0,109] = 1.0
m[0,110] = 1.0
m[0,111] = 1.0
m[0,112] = 1.0
m[0,113] = 1.0
m[0,114] = 0.5
m[0,115] = 1.0
m[0,116] = 1.0
m[0,117] = 0.0
m[0,118] = 1.0
m[0,119] = 1.0
m[0,120] = 1.0
m[0,121] = 1.0
m[0,122] = 1.0
m[0,123] = 1.0
m[0,124] = 1.0
m[0,125] = 1.0
m[0,126] = 1.0
m[0,127] = 1.0
m[0,128] = 0.0
m[0,129] = 1.0
m[0,130] = 1.0
m[0,131] = 1.0
m[0,132] = 1.0
m[0,133] = 1.0
m[0,134] = 1.0
m[0,135] = 1.0
m[0,136] = 1.0
m[0,137] = 1.0
m[0,138] = 1.0
m[0,139] = 1.0
m[0,140] = 1.0
m[0,141] = 1.0
m[0,142] = 1.0
m[0,143] = 1.0
m[0,144] = 1.0
m[0,145] = 1.0
m[0,146] = 1.0
m[0,147] = 1.0
m[0,148] = 1.0
m[0,149] = 1.0
m[0,150] = 1.0
m[0,151] = 1.0
m[0,152] = 1.0
m[0,153] = 1.0
m[0,154] = 1.0
m[0,155] = 1.0
m[0,156] = 1.0
m[0,157] = 1.0
m[0,158] = 1.0
m[0,159] = 1.0
m[0,160] = 1.0
m[0,161] = 1.0
m[0,162] = 1.0
m[0,163] = 1.0
m[0,164] = 1.0
m[0,165] = 1.0
m[0,166] = 1.0
m[0,167] = 1.0
m[0,168] = 1.0
m[0,169] = 1.0
m[0,170] = 1.0
m[0,171] = 1.0
m[0,172] = 1.0
m[0,173] = 1.0
m[0,174] = 1.0
m[0,175] = 1.0
m[0,176] = 1.0
m[0,177] = 1.0
m[0,178] = 1.0
m[0,179] = 1.0
m[0,180] = 1.0
m[0,181] = 1.0
m[0,182] = 1.0
m[0,183] = 1.0
m[0,184] = 1.0
m[0,185] = 1.0
m[0,186] = 1.0
m[0,187] = 1.0
m[0,188] = 1.0
m[0,189] = 1.0
m[0,190] = 1.0
m[0,191] = 1.0
m[0,192] = 0.0
m[0,193] = 1.0
m[0,194] = 1.0
m[0,195] = 1.0
m[0,196] = 0.5
m[0,197] = 1.0
m[0,198] = 1.0
m[0,199] = 1.0
m[0,200] = 1.0
m[0,201] = 1.0
m[0,202] = 1.0
m[0,203] = 1.0
m[0,204] = 1.0
m[0,205] = 1.0
m[0,206] = 1.0
m[0,207] = 1.0
m[0,208] = 1.0
m[0,209] = 1.0
m[0,210] = 1.0
m[0,211] = 1.0
m[0,212] = 0.0
m[0,213] = 1.0
m[0,214] = 1.0
m[0,215] = 1.0
m[0,216] = 1.0
m[0,217] = 1.0
m[0,218] = 1.0
m[0,219] = 0.0
m[0,220] = 1.0
m[0,221] = 1.0
m[0,222] = 1.0
m[0,223] = 1.0
m[0,224] = 1.0
m[0,225] = 1.0
m[0,226] = 1.0
m[0,227] = 1.0
m[0,228] = 1.0
m[0,229] = 1.0
m[0,230] = 1.0
m[0,231] = 1.0
m[0,232] = 1.0
m[0,233] = 1.0
m[0,234] = 1.0
m[0,235] = 1.0
m[0,236] = 1.0
m[0,237] = 1.0
m[0,238] = 0.0
m[0,239] = 1.0
m[0,240] = 1.0
m[0,241] = 1.0
m[0,242] = 1.0
m[0,243] = 1.0
m[0,244] = 1.0
m[0,245] = 1.0
m[0,246] = 1.0
m[0,247] = 1.0
m[0,248] = 1.0
m[0,249] = 1.0
m[0,250] = 1.0
m[0,251] = 1.0
m[0,252] = 1.0
m[0,253] = 1.0
m[0,254] = 1.0
m[0,255] = 1.0
m[0,256] = 1.0
m[0,257] = 1.0
m[0,258] = 1.0
m[0,259] = 1.0
m[0,260] = 0.0
m[0,261] = 1.0
m[0,262] = 1.0
m[0,263] = 1.0
m[0,264] = 1.0
m[0,265] = 1.0
m[0,266] = 1.0
m[0,267] = 1.0
m[0,268] = 1.0
m[0,269] = 1.0
m[0,270] = 1.0
m[0,271] = 1.0
m[0,272] = 1.0
m[0,273] = 1.0
m[0,274] = 1.0
m[0,275] = 1.0
m[0,276] = 1.0
m[0,277] = 1.0
m[0,278] = 1.0
m[0,279] = 1.0
m[0,280] = 1.0
m[0,281] = 1.0
m[0,282] = 1.0
m[0,283] = 1.0
m[0,284] = 1.0
m[0,285] = 1.0
m[0,286] = 1.0
m[0,287] = 1.0
m[0,288] = 1.0
m[0,289] = 1.0
m[0,290] = 1.0
m[0,291] = 1.0
m[0,292] = 1.0
m[0,293] = 1.0
m[0,294] = 1.0
m[0,295] = 1.0
m[0,296] = 1.0
m[0,297] = 1.0
m[0,298] = 1.0
m[0,299] = 1.0
m[0,300] = 1.0
m[0,301] = 1.0
m[0,302] = 1.0
m[0,303] = 1.0
m[0,304] = 0.0
m[0,305] = 1.0
m[0,306] = 1.0
m[0,307] = 1.0
m[0,308] = 1.0
m[0,309] = 1.0
m[0,310] = 1.0
m[0,311] = 1.0
m[0,312] = 1.0
m[0,313] = 1.0
m[0,314] = 1.0
m[0,315] = 1.0
m[0,316] = 1.0
m[0,317] = 0.0
m[0,318] = 1.0
m[0,319] = 1.0
m[0,320] = 0.0
m[0,321] = 1.0
m[0,322] = 0.5
m[0,323] = 1.0
m[0,324] = 1.0
m[0,325] = 1.0
m[0,326] = 1.0
m[0,327] = 1.0
m[0,328] = 1.0
m[0,329] = 1.0
m[0,330] = 1.0
m[0,331] = 1.0
m[0,332] = 0.0
m[0,333] = 1.0
m[0,334] = 1.0
m[0,335] = 1.0
m[0,336] = 1.0
m[0,337] = 1.0
m[0,338] = 1.0
m[0,339] = 1.0
m[0,340] = 1.0
m[0,341] = 1.0
m[0,342] = 0.0
m[0,343] = 1.0
m[0,344] = 1.0
m[0,345] = 1.0
m[0,346] = 1.0
m[0,347] = 1.0
m[0,348] = 0.0
m[0,349] = 1.0
m[0,350] = 1.0
m[0,351] = 1.0
m[0,352] = 1.0
m[0,353] = 1.0
m[0,354] = 1.0
m[0,355] = 1.0
m[0,356] = 1.0
m[0,357] = 1.0
m[0,358] = 1.0
m[0,359] = 1.0
m[0,360] = 1.0
m[0,361] = 1.0
m[0,362] = 1.0
m[0,363] = 1.0
m[0,364] = 1.0
m[0,365] = 1.0
m[0,366] = 1.0
m[0,367] = 1.0
m[0,368] = 1.0
m[0,369] = 1.0
m[0,370] = 1.0
m[0,371] = 1.0
m[0,372] = 1.0
m[0,373] = 0.0
m[0,374] = 1.0
m[0,375] = 1.0
m[0,376] = 1.0
m[0,377] = 1.0
m[0,378] = 1.0
m[0,379] = 1.0
m[0,380] = 1.0
m[0,381] = 1.0
m[0,382] = 1.0
m[0,383] = 1.0
m[0,384] = 1.0
m[0,385] = 1.0
m[0,386] = 1.0
m[0,387] = 1.0
m[0,388] = 1.0
m[0,389] = 1.0
m[0,390] = 1.0
m[0,391] = 1.0
m[0,392] = 1.0
m[0,393] = 1.0
m[0,394] = 1.0
m[0,395] = 1.0
m[0,396] = 1.0
m[0,397] = 1.0
m[0,398] = 1.0
m[0,399] = 1.0
m[0,400] = 1.0
m[0,401] = 1.0
m[0,402] = 1.0
m[0,403] = 1.0
m[0,404] = 1.0
m[0,405] = 1.0
m[0,406] = 1.0
m[0,407] = 1.0
m[0,408] = 1.0
m[0,409] = 1.0
m[0,410] = 1.0
m[0,411] = 0.0
m[0,412] = 1.0
m[0,413] = 1.0
m[0,414] = 1.0
m[0,415] = 1.0
m[0,416] = 1.0
m[0,417] = 1.0
m[0,418] = 1.0
m[0,419] = 1.0
m[0,420] = 1.0
m[0,421] = 1.0
m[0,422] = 1.0
m[0,423] = 1.0
m[0,424] = 1.0
m[0,425] = 1.0
m[0,426] = 0.0
m[0,427] = 1.0
m[0,428] = 1.0
m[0,429] = 1.0
m[0,430] = 1.0
m[0,431] = 1.0
m[0,432] = 1.0
m[0,433] = 0.0
m[0,434] = 1.0
m[0,435] = 1.0
m[0,436] = 1.0
m[0,437] = 0.0
m[0,438] = 1.0
m[0,439] = 0.0
m[0,440] = 0.0
m[0,441] = 1.0
m[0,442] = 0.0
m[0,443] = 1.0
m[0,444] = 1.0
m[0,445] = 1.0
m[0,446] = 1.0
m[0,447] = 1.0
m[0,448] = 1.0
m[0,449] = 0.5
m[0,450] = 1.0
m[0,451] = 1.0
m[0,452] = 1.0
m[0,453] = 1.0
m[0,454] = 1.0
m[0,455] = 1.0
m[0,456] = 1.0
m[0,457] = 1.0
m[0,458] = 1.0
m[0,459] = 1.0
m[0,460] = 1.0
m[0,461] = 1.0
m[0,462] = 1.0
m[0,463] = 1.0
m[0,464] = 1.0
m[0,465] = 1.0
m[0,466] = 1.0
m[0,467] = 1.0
m[0,468] = 1.0
m[0,469] = 1.0
m[0,470] = 1.0
u[0] = 1.0
u[1] = 1.0
u[2] = 1.0
u[3] = 1.0
o_u[0,0] = 0.0
o_u[0,1] = 0.0
o_u[0,2] = 0.5
o_u[0,3] = 0.5
o_u[1,0] = 0.0
o_u[1,1] = 0.0
o_u[1,2] = 0.5
o_u[1,3] = 0.5
o_u[2,0] = 0.0
o_u[2,1] = 0.0
o_u[2,2] = 0.5
o_u[2,3] = 0.5
o_u[3,0] = 0.5
o_u[3,1] = 0.5
o_u[3,2] = 0.0
o_u[3,3] = 0.0
------------------------------------------------------------------------
------------------------------------------------------------------------
Saved hierarchical tree visualization to milp_tree_levels.png
[]
Gurobi Optimizer version 12.0.3 build v12.0.3rc0 (linux64 - "Ubuntu 22.04.5 LTS")

CPU model: AMD EPYC 7742 64-Core Processor, instruction set [SSE2|AVX|AVX2]
Thread count: 128 physical cores, 256 logical processors, using up to 32 threads

Optimize a model with 280666 rows, 65721 columns and 848901 nonzeros
Model fingerprint: 0x97d3bb38
Variable types: 65613 continuous, 108 integer (0 binary)
Coefficient statistics:
  Matrix range     [1e+00, 5e+00]
  Objective range  [1e+00, 5e+00]
  Bounds range     [1e+00, 1e+00]
  RHS range        [1e+00, 1e+03]
Presolve removed 267989 rows and 62038 columns
Presolve time: 1.28s
Presolved: 12677 rows, 3683 columns, 38523 nonzeros
Variable types: 3611 continuous, 72 integer (72 binary)
Found heuristic solution: objective 50.0000000
Found heuristic solution: objective 248.0000000
Performing another presolve...
Presolve removed 270 rows and 192 columns
Presolve time: 0.09s

Root relaxation: objective 4.910000e+02, 4422 iterations, 0.37 seconds (0.41 work units)

    Nodes    |    Current Node    |     Objective Bounds      |     Work
 Expl Unexpl |  Obj  Depth IntInf | Incumbent    BestBd   Gap | It/Node Time

     0     0  491.00000    0   18  248.00000  491.00000  98.0%     -    2s
H    0     0                     417.5000000  491.00000  17.6%     -    3s
H    0     0                     433.5000000  491.00000  13.3%     -    3s
     0     0  491.00000    0   23  433.50000  491.00000  13.3%     -    3s
     0     0  490.00000    0   35  433.50000  490.00000  13.0%     -    4s
     0     0  490.00000    0   35  433.50000  490.00000  13.0%     -    4s
     0     0  490.00000    0   41  433.50000  490.00000  13.0%     -    5s
     0     0  490.00000    0   43  433.50000  490.00000  13.0%     -    5s
     0     0  490.00000    0   45  433.50000  490.00000  13.0%     -    5s
     0     0  490.00000    0   38  433.50000  490.00000  13.0%     -    6s
H    0     0                     434.0000000  490.00000  12.9%     -    7s
     0     0  490.00000    0   21  434.00000  490.00000  12.9%     -    8s
H    0     0                     442.0000000  490.00000  10.9%     -    8s
     0     0  490.00000    0   49  442.00000  490.00000  10.9%     -    9s
     0     0  490.00000    0   56  442.00000  490.00000  10.9%     -    9s
     0     0  490.00000    0   55  442.00000  490.00000  10.9%     -   10s
     0     0  490.00000    0   52  442.00000  490.00000  10.9%     -   10s
     0     0  490.00000    0   51  442.00000  490.00000  10.9%     -   10s
     0     0  490.00000    0   50  442.00000  490.00000  10.9%     -   10s
     0     0  490.00000    0   48  442.00000  490.00000  10.9%     -   11s
     0     0  490.00000    0   33  442.00000  490.00000  10.9%     -   12s
     0     2  490.00000    0   29  442.00000  490.00000  10.9%     -   13s
    13    24  446.00000    4   23  442.00000  490.00000  10.9%  1400   15s
H  277   120                     449.0000000  490.00000  9.13%   459   16s
H  406   176                     450.0000000  490.00000  8.89%   433   17s
H  615   324                     450.5000000  489.87500  8.74%   425   18s
H  632   324                     454.0000000  489.87500  7.90%   419   18s
  1160   655  485.78061   19   28  454.00000  489.00000  7.71%   358   20s
H 1655   792                     456.5000000  489.00000  7.12%   345   22s
  2706  1191  473.50000   26   21  456.50000  489.00000  7.12%   330   25s
  5231  1759     cutoff   25       456.50000  487.25000  6.74%   344   30s
H 6615  1884                     457.5000000  480.00000  4.92%   360   32s
  7892  2190     cutoff   17       457.50000  479.13333  4.73%   363   35s
  8354  2191  468.13333   14   33  457.50000  478.00000  4.48%   361   50s
  8364  2198  460.49296   28   44  457.50000  478.00000  4.48%   361   55s
  8416  2247  478.00000   15   38  457.50000  478.00000  4.48%   369   60s
 10160  2328  462.50000   35    7  457.50000  478.00000  4.48%   368   65s
 13746  1616  462.00000   25   15  457.50000  473.50000  3.50%   353   70s
*16978  1176              32     459.0000000  467.43368  1.84%   327   72s
 23185     6     cutoff   29       459.00000  462.00000  0.65%   275   75s

Cutting planes:
  Gomory: 2
  MIR: 13
  Flow cover: 3
  Inf proof: 6
  RLT: 124
  BQP: 13

Explored 23533 nodes (6460665 simplex iterations) in 75.22 seconds (91.39 work units)
Thread count was 32 (of 256 available processors)

Solution count 10: 459 457.5 456.5 ... 433.5

Optimal solution found (tolerance 1.00e-04)
Best objective 4.590000000000e+02, best bound 4.590000000000e+02, gap 0.0000%
Objective value: 459.0
lam[0,0] = 0.0
lam[0,1] = 0.0
lam[0,2] = 0.5
lam[0,3] = 0.5
lam[1,0] = 0.0
lam[1,1] = 0.0
lam[1,2] = 0.5
lam[1,3] = 0.5
lam[2,0] = 0.0
lam[2,1] = 0.0
lam[2,2] = 0.5
lam[2,3] = 0.5
lam[3,0] = 0.5
lam[3,1] = 0.5
lam[3,2] = 0.0
lam[3,3] = 0.0
tau[0,0,1] = 1.0
tau[0,0,2] = -0.0
tau[0,0,3] = -0.0
tau[0,0,L0] = -0.0
tau[0,0,L1] = -0.0
tau[0,0,L2] = -0.0
tau[0,1,1] = 1.0
tau[0,1,2] = 0.0
tau[0,1,3] = -0.0
tau[0,1,L0] = -0.0
tau[0,1,L1] = -0.0
tau[0,1,L2] = -0.0
tau[0,2,1] = 1.0
tau[0,2,2] = -0.0
tau[0,2,3] = 0.0
tau[0,2,L0] = -0.0
tau[0,2,L1] = -0.0
tau[0,2,L2] = -0.0
tau[0,3,1] = 0.0
tau[0,3,2] = 0.0
tau[0,3,3] = 0.0
tau[0,3,L0] = -0.0
tau[0,3,L1] = -0.0
tau[0,3,L2] = -0.0
tau[0,4,1] = 0.0
tau[0,4,2] = 0.0
tau[0,4,3] = 0.0
tau[0,4,L0] = -0.0
tau[0,4,L1] = -0.0
tau[0,4,L2] = -0.0
tau[0,5,1] = 0.0
tau[0,5,2] = 0.0
tau[0,5,3] = 0.0
tau[0,5,L0] = -0.0
tau[0,5,L1] = -0.0
tau[0,5,L2] = -0.0
tau[1,0,2] = 1.0
tau[1,0,3] = -0.0
tau[1,0,L0] = -0.0
tau[1,0,L1] = -0.0
tau[1,0,L2] = -0.0
tau[1,1,2] = -0.0
tau[1,1,3] = 1.0
tau[1,1,L0] = -0.0
tau[1,1,L1] = -0.0
tau[1,1,L2] = -0.0
tau[1,2,2] = -0.0
tau[1,2,3] = -0.0
tau[1,2,L0] = -0.0
tau[1,2,L1] = 1.0
tau[1,2,L2] = -0.0
tau[1,3,2] = 0.0
tau[1,3,3] = 0.0
tau[1,3,L0] = -0.0
tau[1,3,L1] = -0.0
tau[1,3,L2] = -0.0
tau[1,4,2] = 0.0
tau[1,4,3] = 0.0
tau[1,4,L0] = -0.0
tau[1,4,L1] = -0.0
tau[1,4,L2] = -0.0
tau[1,5,2] = 0.0
tau[1,5,3] = 0.0
tau[1,5,L0] = -0.0
tau[1,5,L1] = -0.0
tau[1,5,L2] = -0.0
tau[2,0,3] = -0.0
tau[2,0,L0] = 1.0
tau[2,0,L1] = -0.0
tau[2,0,L2] = -0.0
tau[2,1,3] = -0.0
tau[2,1,L0] = -0.0
tau[2,1,L1] = -0.0
tau[2,1,L2] = 1.0
tau[2,2,3] = -0.0
tau[2,2,L0] = -0.0
tau[2,2,L1] = 0.0
tau[2,2,L2] = 1.0
tau[2,3,3] = 0.0
tau[2,3,L0] = -0.0
tau[2,3,L1] = -0.0
tau[2,3,L2] = -0.0
tau[2,4,3] = 0.0
tau[2,4,L0] = -0.0
tau[2,4,L1] = -0.0
tau[2,4,L2] = -0.0
tau[2,5,3] = 0.0
tau[2,5,L0] = -0.0
tau[2,5,L1] = -0.0
tau[2,5,L2] = -0.0
tau[3,0,L0] = -0.0
tau[3,0,L1] = 1.0
tau[3,0,L2] = -0.0
tau[3,1,L0] = -0.0
tau[3,1,L1] = 0.0
tau[3,1,L2] = 1.0
tau[3,2,L0] = 1.0
tau[3,2,L1] = -0.0
tau[3,2,L2] = -0.0
tau[3,3,L0] = -0.0
tau[3,3,L1] = -0.0
tau[3,3,L2] = -0.0
tau[3,4,L0] = -0.0
tau[3,4,L1] = -0.0
tau[3,4,L2] = -0.0
tau[3,5,L0] = -0.0
tau[3,5,L1] = -0.0
tau[3,5,L2] = -0.0
m[0,0] = 1.0
m[0,1] = 1.0
m[0,2] = 1.0
m[0,3] = 0.0
m[0,4] = 1.0
m[0,5] = 1.0
m[0,6] = 1.0
m[0,7] = 1.0
m[0,8] = 1.0
m[0,9] = 1.0
m[0,10] = 1.0
m[0,11] = 1.0
m[0,12] = 1.0
m[0,13] = 1.0
m[0,14] = 1.0
m[0,15] = 1.0
m[0,16] = 1.0
m[0,17] = 1.0
m[0,18] = 1.0
m[0,19] = 1.0
m[0,20] = 1.0
m[0,21] = 1.0
m[0,22] = 1.0
m[0,23] = 1.0
m[0,24] = 1.0
m[0,25] = 1.0
m[0,26] = 1.0
m[0,27] = 1.0
m[0,28] = 1.0
m[0,29] = 1.0
m[0,30] = 1.0
m[0,31] = 1.0
m[0,32] = 1.0
m[0,33] = 1.0
m[0,34] = 1.0
m[0,35] = 1.0
m[0,36] = 1.0
m[0,37] = 1.0
m[0,38] = 1.0
m[0,39] = 1.0
m[0,40] = 1.0
m[0,41] = 1.0
m[0,42] = 1.0
m[0,43] = 1.0
m[0,44] = 1.0
m[0,45] = 1.0
m[0,46] = 1.0
m[0,47] = 0.5
m[0,48] = 1.0
m[0,49] = 1.0
m[0,50] = 1.0
m[0,51] = 1.0
m[0,52] = 0.0
m[0,53] = 1.0
m[0,54] = 1.0
m[0,55] = 1.0
m[0,56] = 1.0
m[0,57] = 1.0
m[0,58] = 1.0
m[0,59] = 1.0
m[0,60] = 1.0
m[0,61] = 1.0
m[0,62] = 1.0
m[0,63] = 1.0
m[0,64] = 1.0
m[0,65] = 1.0
m[0,66] = 1.0
m[0,67] = 1.0
m[0,68] = 1.0
m[0,69] = 1.0
m[0,70] = 1.0
m[0,71] = 1.0
m[0,72] = 1.0
m[0,73] = 1.0
m[0,74] = 1.0
m[0,75] = 1.0
m[0,76] = 1.0
m[0,77] = 1.0
m[0,78] = 1.0
m[0,79] = 1.0
m[0,80] = 1.0
m[0,81] = 1.0
m[0,82] = 1.0
m[0,83] = 1.0
m[0,84] = 1.0
m[0,85] = 1.0
m[0,86] = 1.0
m[0,87] = 1.0
m[0,88] = 1.0
m[0,89] = 1.0
m[0,90] = 1.0
m[0,91] = 1.0
m[0,92] = 1.0
m[0,93] = 1.0
m[0,94] = 1.0
m[0,95] = 1.0
m[0,96] = 1.0
m[0,97] = 1.0
m[0,98] = 1.0
m[0,99] = 0.0
m[0,100] = 1.0
m[0,101] = 1.0
m[0,102] = 1.0
m[0,103] = 1.0
m[0,104] = 1.0
m[0,105] = 0.0
m[0,106] = 1.0
m[0,107] = 1.0
m[0,108] = 1.0
m[0,109] = 1.0
m[0,110] = 1.0
m[0,111] = 1.0
m[0,112] = 1.0
m[0,113] = 1.0
m[0,114] = 0.5
m[0,115] = 1.0
m[0,116] = 1.0
m[0,117] = 0.0
m[0,118] = 1.0
m[0,119] = 1.0
m[0,120] = 1.0
m[0,121] = 1.0
m[0,122] = 1.0
m[0,123] = 1.0
m[0,124] = 1.0
m[0,125] = 1.0
m[0,126] = 1.0
m[0,127] = 1.0
m[0,128] = 0.0
m[0,129] = 1.0
m[0,130] = 1.0
m[0,131] = 1.0
m[0,132] = 1.0
m[0,133] = 1.0
m[0,134] = 1.0
m[0,135] = 1.0
m[0,136] = 1.0
m[0,137] = 1.0
m[0,138] = 1.0
m[0,139] = 1.0
m[0,140] = 1.0
m[0,141] = 1.0
m[0,142] = 1.0
m[0,143] = 1.0
m[0,144] = 1.0
m[0,145] = 1.0
m[0,146] = 1.0
m[0,147] = 1.0
m[0,148] = 1.0
m[0,149] = 1.0
m[0,150] = 1.0
m[0,151] = 1.0
m[0,152] = 1.0
m[0,153] = 1.0
m[0,154] = 1.0
m[0,155] = 1.0
m[0,156] = 1.0
m[0,157] = 1.0
m[0,158] = 1.0
m[0,159] = 1.0
m[0,160] = 1.0
m[0,161] = 1.0
m[0,162] = 1.0
m[0,163] = 1.0
m[0,164] = 1.0
m[0,165] = 1.0
m[0,166] = 1.0
m[0,167] = 1.0
m[0,168] = 1.0
m[0,169] = 1.0
m[0,170] = 1.0
m[0,171] = 1.0
m[0,172] = 1.0
m[0,173] = 1.0
m[0,174] = 1.0
m[0,175] = 1.0
m[0,176] = 1.0
m[0,177] = 1.0
m[0,178] = 1.0
m[0,179] = 1.0
m[0,180] = 1.0
m[0,181] = 1.0
m[0,182] = 1.0
m[0,183] = 1.0
m[0,184] = 1.0
m[0,185] = 1.0
m[0,186] = 1.0
m[0,187] = 1.0
m[0,188] = 1.0
m[0,189] = 1.0
m[0,190] = 1.0
m[0,191] = 1.0
m[0,192] = 0.0
m[0,193] = 1.0
m[0,194] = 1.0
m[0,195] = 1.0
m[0,196] = 0.5
m[0,197] = 1.0
m[0,198] = 1.0
m[0,199] = 1.0
m[0,200] = 1.0
m[0,201] = 1.0
m[0,202] = 1.0
m[0,203] = 1.0
m[0,204] = 1.0
m[0,205] = 1.0
m[0,206] = 1.0
m[0,207] = 1.0
m[0,208] = 1.0
m[0,209] = 1.0
m[0,210] = 1.0
m[0,211] = 1.0
m[0,212] = 0.0
m[0,213] = 1.0
m[0,214] = 1.0
m[0,215] = 1.0
m[0,216] = 1.0
m[0,217] = 1.0
m[0,218] = 1.0
m[0,219] = 0.0
m[0,220] = 1.0
m[0,221] = 1.0
m[0,222] = 1.0
m[0,223] = 1.0
m[0,224] = 1.0
m[0,225] = 1.0
m[0,226] = 1.0
m[0,227] = 1.0
m[0,228] = 1.0
m[0,229] = 1.0
m[0,230] = 1.0
m[0,231] = 1.0
m[0,232] = 1.0
m[0,233] = 1.0
m[0,234] = 1.0
m[0,235] = 1.0
m[0,236] = 1.0
m[0,237] = 1.0
m[0,238] = 0.0
m[0,239] = 1.0
m[0,240] = 1.0
m[0,241] = 1.0
m[0,242] = 1.0
m[0,243] = 1.0
m[0,244] = 1.0
m[0,245] = 1.0
m[0,246] = 1.0
m[0,247] = 1.0
m[0,248] = 1.0
m[0,249] = 1.0
m[0,250] = 1.0
m[0,251] = 1.0
m[0,252] = 1.0
m[0,253] = 1.0
m[0,254] = 1.0
m[0,255] = 1.0
m[0,256] = 1.0
m[0,257] = 1.0
m[0,258] = 1.0
m[0,259] = 1.0
m[0,260] = 0.0
m[0,261] = 1.0
m[0,262] = 1.0
m[0,263] = 1.0
m[0,264] = 1.0
m[0,265] = 1.0
m[0,266] = 1.0
m[0,267] = 1.0
m[0,268] = 1.0
m[0,269] = 1.0
m[0,270] = 1.0
m[0,271] = 1.0
m[0,272] = 1.0
m[0,273] = 1.0
m[0,274] = 1.0
m[0,275] = 1.0
m[0,276] = 1.0
m[0,277] = 1.0
m[0,278] = 1.0
m[0,279] = 1.0
m[0,280] = 1.0
m[0,281] = 1.0
m[0,282] = 1.0
m[0,283] = 1.0
m[0,284] = 1.0
m[0,285] = 1.0
m[0,286] = 1.0
m[0,287] = 1.0
m[0,288] = 1.0
m[0,289] = 1.0
m[0,290] = 1.0
m[0,291] = 1.0
m[0,292] = 1.0
m[0,293] = 1.0
m[0,294] = 1.0
m[0,295] = 1.0
m[0,296] = 1.0
m[0,297] = 1.0
m[0,298] = 1.0
m[0,299] = 1.0
m[0,300] = 1.0
m[0,301] = 1.0
m[0,302] = 1.0
m[0,303] = 1.0
m[0,304] = 0.0
m[0,305] = 1.0
m[0,306] = 1.0
m[0,307] = 1.0
m[0,308] = 1.0
m[0,309] = 1.0
m[0,310] = 1.0
m[0,311] = 1.0
m[0,312] = 1.0
m[0,313] = 1.0
m[0,314] = 1.0
m[0,315] = 1.0
m[0,316] = 1.0
m[0,317] = 0.0
m[0,318] = 1.0
m[0,319] = 1.0
m[0,320] = 0.0
m[0,321] = 1.0
m[0,322] = 0.5
m[0,323] = 1.0
m[0,324] = 1.0
m[0,325] = 1.0
m[0,326] = 1.0
m[0,327] = 1.0
m[0,328] = 1.0
m[0,329] = 1.0
m[0,330] = 1.0
m[0,331] = 1.0
m[0,332] = 0.0
m[0,333] = 1.0
m[0,334] = 1.0
m[0,335] = 1.0
m[0,336] = 1.0
m[0,337] = 1.0
m[0,338] = 1.0
m[0,339] = 1.0
m[0,340] = 1.0
m[0,341] = 1.0
m[0,342] = 0.0
m[0,343] = 1.0
m[0,344] = 1.0
m[0,345] = 1.0
m[0,346] = 1.0
m[0,347] = 1.0
m[0,348] = 0.0
m[0,349] = 1.0
m[0,350] = 1.0
m[0,351] = 1.0
m[0,352] = 1.0
m[0,353] = 1.0
m[0,354] = 1.0
m[0,355] = 1.0
m[0,356] = 1.0
m[0,357] = 1.0
m[0,358] = 1.0
m[0,359] = 1.0
m[0,360] = 1.0
m[0,361] = 1.0
m[0,362] = 1.0
m[0,363] = 1.0
m[0,364] = 1.0
m[0,365] = 1.0
m[0,366] = 1.0
m[0,367] = 1.0
m[0,368] = 1.0
m[0,369] = 1.0
m[0,370] = 1.0
m[0,371] = 1.0
m[0,372] = 1.0
m[0,373] = 0.0
m[0,374] = 1.0
m[0,375] = 1.0
m[0,376] = 1.0
m[0,377] = 1.0
m[0,378] = 1.0
m[0,379] = 1.0
m[0,380] = 1.0
m[0,381] = 1.0
m[0,382] = 1.0
m[0,383] = 1.0
m[0,384] = 1.0
m[0,385] = 1.0
m[0,386] = 1.0
m[0,387] = 1.0
m[0,388] = 1.0
m[0,389] = 1.0
m[0,390] = 1.0
m[0,391] = 1.0
m[0,392] = 1.0
m[0,393] = 1.0
m[0,394] = 1.0
m[0,395] = 1.0
m[0,396] = 1.0
m[0,397] = 1.0
m[0,398] = 1.0
m[0,399] = 1.0
m[0,400] = 1.0
m[0,401] = 1.0
m[0,402] = 1.0
m[0,403] = 1.0
m[0,404] = 1.0
m[0,405] = 1.0
m[0,406] = 1.0
m[0,407] = 1.0
m[0,408] = 1.0
m[0,409] = 1.0
m[0,410] = 1.0
m[0,411] = 0.0
m[0,412] = 1.0
m[0,413] = 1.0
m[0,414] = 1.0
m[0,415] = 1.0
m[0,416] = 1.0
m[0,417] = 1.0
m[0,418] = 1.0
m[0,419] = 1.0
m[0,420] = 1.0
m[0,421] = 1.0
m[0,422] = 1.0
m[0,423] = 1.0
m[0,424] = 1.0
m[0,425] = 1.0
m[0,426] = 0.0
m[0,427] = 1.0
m[0,428] = 1.0
m[0,429] = 1.0
m[0,430] = 1.0
m[0,431] = 1.0
m[0,432] = 1.0
m[0,433] = 0.0
m[0,434] = 1.0
m[0,435] = 1.0
m[0,436] = 1.0
m[0,437] = 0.0
m[0,438] = 1.0
m[0,439] = 0.0
m[0,440] = 0.0
m[0,441] = 1.0
m[0,442] = 0.0
m[0,443] = 1.0
m[0,444] = 1.0
m[0,445] = 1.0
m[0,446] = 1.0
m[0,447] = 1.0
m[0,448] = 1.0
m[0,449] = 0.5
m[0,450] = 1.0
m[0,451] = 1.0
m[0,452] = 1.0
m[0,453] = 1.0
m[0,454] = 1.0
m[0,455] = 1.0
m[0,456] = 1.0
m[0,457] = 1.0
m[0,458] = 1.0
m[0,459] = 1.0
m[0,460] = 1.0
m[0,461] = 1.0
m[0,462] = 1.0
m[0,463] = 1.0
m[0,464] = 1.0
m[0,465] = 1.0
m[0,466] = 1.0
m[0,467] = 1.0
m[0,468] = 1.0
m[0,469] = 1.0
m[0,470] = 1.0
u[0] = 1.0
u[1] = 1.0
u[2] = 1.0
u[3] = 1.0
o_u[0,0] = 0.0
o_u[0,1] = 0.0
o_u[0,2] = 0.5
o_u[0,3] = 0.5
o_u[1,0] = 0.0
o_u[1,1] = 0.0
o_u[1,2] = 0.5
o_u[1,3] = 0.5
o_u[2,0] = 0.0
o_u[2,1] = 0.0
o_u[2,2] = 0.5
o_u[2,3] = 0.5
o_u[3,0] = 0.5
o_u[3,1] = 0.5
o_u[3,2] = 0.0
o_u[3,3] = 0.0
------------------------------------------------------------------------
------------------------------------------------------------------------
Saved hierarchical tree visualization to milp_tree_levels.png
THIS IS THE INITIAL CORRECTNESS 0.9416135881104034
THIS IS THE INITIAL EXPLAINABILITY 15.5
Inside find_pareto_solution_more_e
----------------------------------
THE CURRENT CORRECTNESS IS: 0.9416135881104034, AND THE CURRENT EXPLAINABILITY IS: 15.5
Gurobi Optimizer version 12.0.3 build v12.0.3rc0 (linux64 - "Ubuntu 22.04.5 LTS")

CPU model: AMD EPYC 7742 64-Core Processor, instruction set [SSE2|AVX|AVX2]
Thread count: 128 physical cores, 256 logical processors, using up to 32 threads

Optimize a model with 280668 rows, 65721 columns and 849392 nonzeros
Model fingerprint: 0xaa9aeb08
Variable types: 65613 continuous, 108 integer (0 binary)
Coefficient statistics:
  Matrix range     [1e+00, 5e+00]
  Objective range  [1e+00, 5e+00]
  Bounds range     [1e+00, 1e+00]
  RHS range        [1e+00, 1e+03]

MIP start from previous solve did not produce a new incumbent solution
MIP start from previous solve violates constraint R280666 by 1.000000000

Presolve removed 267989 rows and 62038 columns
Presolve time: 1.31s
Presolved: 12679 rows, 3683 columns, 38651 nonzeros
Variable types: 3611 continuous, 72 integer (72 binary)
Found heuristic solution: objective 248.0000000
Performing another presolve...
Presolve removed 264 rows and 192 columns
Presolve time: 0.09s

Root relaxation: objective 4.625000e+02, 4782 iterations, 0.43 seconds (0.49 work units)

    Nodes    |    Current Node    |     Objective Bounds      |     Work
 Expl Unexpl |  Obj  Depth IntInf | Incumbent    BestBd   Gap | It/Node Time

     0     0  462.50000    0   11  248.00000  462.50000  86.5%     -    3s
H    0     0                     370.9736842  462.50000  24.7%     -    3s
H    0     0                     398.5000000  462.50000  16.1%     -    3s
     0     0  462.50000    0   21  398.50000  462.50000  16.1%     -    3s
H    0     0                     405.0625000  462.50000  14.2%     -    4s
     0     0  461.50000    0   29  405.06250  461.50000  13.9%     -    5s
     0     0  461.50000    0   38  405.06250  461.50000  13.9%     -    5s
     0     0  461.50000    0   45  405.06250  461.50000  13.9%     -    6s
     0     0  461.50000    0   46  405.06250  461.50000  13.9%     -    6s
     0     0  461.50000    0   47  405.06250  461.50000  13.9%     -    6s
     0     0  461.50000    0   37  405.06250  461.50000  13.9%     -    7s
     0     0  461.50000    0   16  405.06250  461.50000  13.9%     -   10s
H    0     0                     414.5000000  461.50000  11.3%     -   10s
     0     0  461.50000    0   51  414.50000  461.50000  11.3%     -   11s
     0     0  461.50000    0   49  414.50000  461.50000  11.3%     -   12s
     0     0  461.50000    0   52  414.50000  461.50000  11.3%     -   12s
     0     0  461.50000    0   53  414.50000  461.50000  11.3%     -   13s
     0     0  461.50000    0   51  414.50000  461.50000  11.3%     -   13s
     0     0  461.50000    0   50  414.50000  461.50000  11.3%     -   13s
     0     0  461.50000    0   51  414.50000  461.50000  11.3%     -   13s
     0     0  461.50000    0   51  414.50000  461.50000  11.3%     -   14s
     0     0  461.50000    0   26  414.50000  461.50000  11.3%     -   16s
     0     0  461.50000    0   36  414.50000  461.50000  11.3%     -   16s
     0     0  461.50000    0   32  414.50000  461.50000  11.3%     -   19s
     0     0  461.50000    0   42  414.50000  461.50000  11.3%     -   19s
H    0     0                     424.1250000  461.50000  8.81%     -   21s
H    0     0                     426.3750000  461.50000  8.24%     -   21s
H    0     0                     430.5000000  461.50000  7.20%     -   21s
     0     0  461.50000    0   30  430.50000  461.50000  7.20%     -   21s
     0     0  461.50000    0   30  430.50000  461.50000  7.20%     -   22s
     0     2  461.50000    0   30  430.50000  461.50000  7.20%     -   24s
     3     8  461.50000    2   21  430.50000  461.50000  7.20%  2382   25s
H  533   266                     434.0000000  461.50000  6.34%   518   29s
   761   385  461.50000   16   24  434.00000  461.50000  6.34%   458   30s
H  766   385                     437.5000000  461.50000  5.49%   459   30s
H  786   385                     439.2500000  461.50000  5.07%   453   30s
H  925   454                     443.5000000  461.50000  4.06%   425   30s
H  980   454                     444.7500000  461.50000  3.77%   416   30s
H 1112   519                     450.0000000  461.50000  2.56%   390   30s
H 1125   519                     450.0625000  461.50000  2.54%   388   30s
H 2261   969                     450.7500000  461.50000  2.38%   307   33s
  3142  1339  450.99180   28   25  450.75000  461.50000  2.38%   293   35s
H 5265  1669                     452.0000000  461.11692  2.02%   307   39s
H 5404  1706                     453.0000000  461.01796  1.77%   308   39s
  5459  1693  459.85000   22   23  453.00000  461.01796  1.77%   308   40s
  8429  1590     cutoff   37       453.00000  460.59459  1.68%   311   45s
 10502  1271     cutoff   25       453.00000  460.04762  1.56%   329   50s
*12283   830              29     453.5000000  459.73387  1.37%   324   52s

Cutting planes:
  Gomory: 2
  Cover: 8
  Implied bound: 20
  MIR: 250
  Flow cover: 64
  Inf proof: 17
  RLT: 525
  BQP: 79

Explored 14890 nodes (4629509 simplex iterations) in 54.60 seconds (69.45 work units)
Thread count was 32 (of 256 available processors)

Solution count 10: 453.5 453 452 ... 426.375

Optimal solution found (tolerance 1.00e-04)
Best objective 4.535000000000e+02, best bound 4.535000000000e+02, gap 0.0000%
Objective value: 453.5
lam[0,0] = 0.0
lam[0,1] = 0.0
lam[0,2] = 0.5
lam[0,3] = 0.5
lam[1,0] = 0.0
lam[1,1] = 0.0
lam[1,2] = 0.5
lam[1,3] = 0.5
lam[2,0] = 0.0
lam[2,1] = 0.5
lam[2,2] = 0.5
lam[2,3] = 0.0
lam[3,0] = 0.0
lam[3,1] = 0.0
lam[3,2] = 0.5
lam[3,3] = 0.5
tau[0,0,1] = 1.0
tau[0,0,2] = -0.0
tau[0,0,3] = -0.0
tau[0,0,L0] = -0.0
tau[0,0,L1] = -0.0
tau[0,0,L2] = -0.0
tau[0,1,1] = 1.0
tau[0,1,2] = -0.0
tau[0,1,3] = -0.0
tau[0,1,L0] = -0.0
tau[0,1,L1] = -0.0
tau[0,1,L2] = -0.0
tau[0,2,1] = 1.0
tau[0,2,2] = -0.0
tau[0,2,3] = -0.0
tau[0,2,L0] = -0.0
tau[0,2,L1] = -0.0
tau[0,2,L2] = -0.0
tau[0,3,1] = 0.0
tau[0,3,2] = 0.0
tau[0,3,3] = 0.0
tau[0,3,L0] = -0.0
tau[0,3,L1] = -0.0
tau[0,3,L2] = -0.0
tau[0,4,1] = 0.0
tau[0,4,2] = 0.0
tau[0,4,3] = 0.0
tau[0,4,L0] = -0.0
tau[0,4,L1] = -0.0
tau[0,4,L2] = -0.0
tau[0,5,1] = 0.0
tau[0,5,2] = 0.0
tau[0,5,3] = 0.0
tau[0,5,L0] = -0.0
tau[0,5,L1] = -0.0
tau[0,5,L2] = -0.0
tau[1,0,2] = -0.0
tau[1,0,3] = 0.0
tau[1,0,L0] = 1.0
tau[1,0,L1] = -0.0
tau[1,0,L2] = -0.0
tau[1,1,2] = 1.0
tau[1,1,3] = 0.0
tau[1,1,L0] = -0.0
tau[1,1,L1] = -0.0
tau[1,1,L2] = -0.0
tau[1,2,2] = 0.0
tau[1,2,3] = 1.0
tau[1,2,L0] = -0.0
tau[1,2,L1] = -0.0
tau[1,2,L2] = -0.0
tau[1,3,2] = 0.0
tau[1,3,3] = 0.0
tau[1,3,L0] = -0.0
tau[1,3,L1] = -0.0
tau[1,3,L2] = -0.0
tau[1,4,2] = 0.0
tau[1,4,3] = 0.0
tau[1,4,L0] = -0.0
tau[1,4,L1] = -0.0
tau[1,4,L2] = -0.0
tau[1,5,2] = 0.0
tau[1,5,3] = 0.0
tau[1,5,L0] = -0.0
tau[1,5,L1] = -0.0
tau[1,5,L2] = -0.0
tau[2,0,3] = 0.0
tau[2,0,L0] = -0.0
tau[2,0,L1] = 1.0
tau[2,0,L2] = -0.0
tau[2,1,3] = 1.0
tau[2,1,L0] = -0.0
tau[2,1,L1] = 0.0
tau[2,1,L2] = -0.0
tau[2,2,3] = -0.0
tau[2,2,L0] = 0.0
tau[2,2,L1] = -0.0
tau[2,2,L2] = 1.0
tau[2,3,3] = 0.0
tau[2,3,L0] = -0.0
tau[2,3,L1] = -0.0
tau[2,3,L2] = -0.0
tau[2,4,3] = 0.0
tau[2,4,L0] = -0.0
tau[2,4,L1] = -0.0
tau[2,4,L2] = -0.0
tau[2,5,3] = 0.0
tau[2,5,L0] = -0.0
tau[2,5,L1] = -0.0
tau[2,5,L2] = -0.0
tau[3,0,L0] = 0.0
tau[3,0,L1] = -0.0
tau[3,0,L2] = 1.0
tau[3,1,L0] = 1.0
tau[3,1,L1] = -0.0
tau[3,1,L2] = -0.0
tau[3,2,L0] = -0.0
tau[3,2,L1] = 1.0
tau[3,2,L2] = 0.0
tau[3,3,L0] = -0.0
tau[3,3,L1] = -0.0
tau[3,3,L2] = -0.0
tau[3,4,L0] = -0.0
tau[3,4,L1] = -0.0
tau[3,4,L2] = -0.0
tau[3,5,L0] = -0.0
tau[3,5,L1] = -0.0
tau[3,5,L2] = -0.0
m[0,0] = 1.0
m[0,1] = 1.0
m[0,2] = 1.0
m[0,3] = 0.0
m[0,4] = 1.0
m[0,5] = 1.0
m[0,6] = 1.0
m[0,7] = 1.0
m[0,8] = 1.0
m[0,9] = 1.0
m[0,10] = 1.0
m[0,11] = 1.0
m[0,12] = 1.0
m[0,13] = 1.0
m[0,14] = 1.0
m[0,15] = 1.0
m[0,16] = 1.0
m[0,17] = 1.0
m[0,18] = 1.0
m[0,19] = 1.0
m[0,20] = 1.0
m[0,21] = 1.0
m[0,22] = 1.0
m[0,23] = 1.0
m[0,24] = 1.0
m[0,25] = 1.0
m[0,26] = 1.0
m[0,27] = 1.0
m[0,28] = 1.0
m[0,29] = 1.0
m[0,30] = 1.0
m[0,31] = 1.0
m[0,32] = 1.0
m[0,33] = 1.0
m[0,34] = 1.0
m[0,35] = 1.0
m[0,36] = 1.0
m[0,37] = 1.0
m[0,38] = 1.0
m[0,39] = 1.0
m[0,40] = 0.5
m[0,41] = 1.0
m[0,42] = 1.0
m[0,43] = 1.0
m[0,44] = 1.0
m[0,45] = 1.0
m[0,46] = 1.0
m[0,47] = 0.5
m[0,48] = 1.0
m[0,49] = 1.0
m[0,50] = 1.0
m[0,51] = 1.0
m[0,52] = 0.0
m[0,53] = 1.0
m[0,54] = 1.0
m[0,55] = 1.0
m[0,56] = 1.0
m[0,57] = 1.0
m[0,58] = 1.0
m[0,59] = 0.5
m[0,60] = 1.0
m[0,61] = 1.0
m[0,62] = 1.0
m[0,63] = 1.0
m[0,64] = 1.0
m[0,65] = 1.0
m[0,66] = 1.0
m[0,67] = 1.0
m[0,68] = 1.0
m[0,69] = 1.0
m[0,70] = 1.0
m[0,71] = 1.0
m[0,72] = 1.0
m[0,73] = 1.0
m[0,74] = 1.0
m[0,75] = 1.0
m[0,76] = 1.0
m[0,77] = 1.0
m[0,78] = 1.0
m[0,79] = 1.0
m[0,80] = 1.0
m[0,81] = 1.0
m[0,82] = 1.0
m[0,83] = 1.0
m[0,84] = 1.0
m[0,85] = 1.0
m[0,86] = 1.0
m[0,87] = 1.0
m[0,88] = 1.0
m[0,89] = 1.0
m[0,90] = 1.0
m[0,91] = 1.0
m[0,92] = 1.0
m[0,93] = 1.0
m[0,94] = 1.0
m[0,95] = 1.0
m[0,96] = 1.0
m[0,97] = 1.0
m[0,98] = 1.0
m[0,99] = 0.0
m[0,100] = 1.0
m[0,101] = 1.0
m[0,102] = 1.0
m[0,103] = 1.0
m[0,104] = 1.0
m[0,105] = 0.0
m[0,106] = 1.0
m[0,107] = 1.0
m[0,108] = 1.0
m[0,109] = 1.0
m[0,110] = 0.5
m[0,111] = 1.0
m[0,112] = 0.0
m[0,113] = 1.0
m[0,114] = 0.5
m[0,115] = 1.0
m[0,116] = 1.0
m[0,117] = 0.0
m[0,118] = 1.0
m[0,119] = 1.0
m[0,120] = 1.0
m[0,121] = 1.0
m[0,122] = 1.0
m[0,123] = 1.0
m[0,124] = 1.0
m[0,125] = 1.0
m[0,126] = 1.0
m[0,127] = 1.0
m[0,128] = 0.0
m[0,129] = 1.0
m[0,130] = 1.0
m[0,131] = 1.0
m[0,132] = 1.0
m[0,133] = 1.0
m[0,134] = 1.0
m[0,135] = 1.0
m[0,136] = 1.0
m[0,137] = 1.0
m[0,138] = 1.0
m[0,139] = 1.0
m[0,140] = 1.0
m[0,141] = 1.0
m[0,142] = 1.0
m[0,143] = 1.0
m[0,144] = 1.0
m[0,145] = 1.0
m[0,146] = 1.0
m[0,147] = 1.0
m[0,148] = 1.0
m[0,149] = 1.0
m[0,150] = 1.0
m[0,151] = 1.0
m[0,152] = 1.0
m[0,153] = 1.0
m[0,154] = 1.0
m[0,155] = 1.0
m[0,156] = 1.0
m[0,157] = 1.0
m[0,158] = 1.0
m[0,159] = 1.0
m[0,160] = 1.0
m[0,161] = 1.0
m[0,162] = 1.0
m[0,163] = 1.0
m[0,164] = 1.0
m[0,165] = 1.0
m[0,166] = 1.0
m[0,167] = 1.0
m[0,168] = 1.0
m[0,169] = 1.0
m[0,170] = 1.0
m[0,171] = 1.0
m[0,172] = 1.0
m[0,173] = 1.0
m[0,174] = 1.0
m[0,175] = 1.0
m[0,176] = 1.0
m[0,177] = 1.0
m[0,178] = 1.0
m[0,179] = 1.0
m[0,180] = 1.0
m[0,181] = 1.0
m[0,182] = 1.0
m[0,183] = 1.0
m[0,184] = 1.0
m[0,185] = 1.0
m[0,186] = 1.0
m[0,187] = 1.0
m[0,188] = 1.0
m[0,189] = 1.0
m[0,190] = 1.0
m[0,191] = 0.0
m[0,192] = 0.0
m[0,193] = 1.0
m[0,194] = 1.0
m[0,195] = 1.0
m[0,196] = 0.5
m[0,197] = 1.0
m[0,198] = 1.0
m[0,199] = 1.0
m[0,200] = 1.0
m[0,201] = 1.0
m[0,202] = 1.0
m[0,203] = 1.0
m[0,204] = 1.0
m[0,205] = 1.0
m[0,206] = 1.0
m[0,207] = 1.0
m[0,208] = 1.0
m[0,209] = 1.0
m[0,210] = 1.0
m[0,211] = 1.0
m[0,212] = 0.0
m[0,213] = 1.0
m[0,214] = 1.0
m[0,215] = 1.0
m[0,216] = 1.0
m[0,217] = 1.0
m[0,218] = 1.0
m[0,219] = 0.0
m[0,220] = 1.0
m[0,221] = 1.0
m[0,222] = 1.0
m[0,223] = 1.0
m[0,224] = 1.0
m[0,225] = 1.0
m[0,226] = 1.0
m[0,227] = 1.0
m[0,228] = 1.0
m[0,229] = 1.0
m[0,230] = 1.0
m[0,231] = 1.0
m[0,232] = 1.0
m[0,233] = 1.0
m[0,234] = 1.0
m[0,235] = 1.0
m[0,236] = 1.0
m[0,237] = 1.0
m[0,238] = 0.0
m[0,239] = 1.0
m[0,240] = 1.0
m[0,241] = 1.0
m[0,242] = 1.0
m[0,243] = 1.0
m[0,244] = 1.0
m[0,245] = 1.0
m[0,246] = 1.0
m[0,247] = 1.0
m[0,248] = 1.0
m[0,249] = 1.0
m[0,250] = 1.0
m[0,251] = 1.0
m[0,252] = 1.0
m[0,253] = 1.0
m[0,254] = 1.0
m[0,255] = 1.0
m[0,256] = 1.0
m[0,257] = 1.0
m[0,258] = 1.0
m[0,259] = 1.0
m[0,260] = 0.0
m[0,261] = 0.0
m[0,262] = 1.0
m[0,263] = 1.0
m[0,264] = 1.0
m[0,265] = 1.0
m[0,266] = 1.0
m[0,267] = 1.0
m[0,268] = 1.0
m[0,269] = 1.0
m[0,270] = 1.0
m[0,271] = 1.0
m[0,272] = 1.0
m[0,273] = 1.0
m[0,274] = 1.0
m[0,275] = 1.0
m[0,276] = 1.0
m[0,277] = 1.0
m[0,278] = 1.0
m[0,279] = 1.0
m[0,280] = 1.0
m[0,281] = 1.0
m[0,282] = 1.0
m[0,283] = 1.0
m[0,284] = 1.0
m[0,285] = 1.0
m[0,286] = 1.0
m[0,287] = 1.0
m[0,288] = 1.0
m[0,289] = 1.0
m[0,290] = 1.0
m[0,291] = 1.0
m[0,292] = 0.5
m[0,293] = 1.0
m[0,294] = 1.0
m[0,295] = 1.0
m[0,296] = 1.0
m[0,297] = 1.0
m[0,298] = 1.0
m[0,299] = 1.0
m[0,300] = 1.0
m[0,301] = 1.0
m[0,302] = 1.0
m[0,303] = 1.0
m[0,304] = 0.0
m[0,305] = 1.0
m[0,306] = 1.0
m[0,307] = 1.0
m[0,308] = 1.0
m[0,309] = 1.0
m[0,310] = 1.0
m[0,311] = 1.0
m[0,312] = 1.0
m[0,313] = 1.0
m[0,314] = 1.0
m[0,315] = 1.0
m[0,316] = 1.0
m[0,317] = 0.0
m[0,318] = 0.5
m[0,319] = 1.0
m[0,320] = 0.0
m[0,321] = 1.0
m[0,322] = 1.0
m[0,323] = 1.0
m[0,324] = 1.0
m[0,325] = 1.0
m[0,326] = 1.0
m[0,327] = 1.0
m[0,328] = 1.0
m[0,329] = 1.0
m[0,330] = 1.0
m[0,331] = 1.0
m[0,332] = 0.0
m[0,333] = 1.0
m[0,334] = 1.0
m[0,335] = 1.0
m[0,336] = 1.0
m[0,337] = 1.0
m[0,338] = 1.0
m[0,339] = 1.0
m[0,340] = 1.0
m[0,341] = 1.0
m[0,342] = 0.0
m[0,343] = 1.0
m[0,344] = 1.0
m[0,345] = 1.0
m[0,346] = 1.0
m[0,347] = 1.0
m[0,348] = 0.0
m[0,349] = 1.0
m[0,350] = 1.0
m[0,351] = 1.0
m[0,352] = 1.0
m[0,353] = 1.0
m[0,354] = 1.0
m[0,355] = 1.0
m[0,356] = 1.0
m[0,357] = 0.5
m[0,358] = 1.0
m[0,359] = 1.0
m[0,360] = 1.0
m[0,361] = 1.0
m[0,362] = 1.0
m[0,363] = 1.0
m[0,364] = 1.0
m[0,365] = 1.0
m[0,366] = 1.0
m[0,367] = 1.0
m[0,368] = 1.0
m[0,369] = 1.0
m[0,370] = 1.0
m[0,371] = 1.0
m[0,372] = 1.0
m[0,373] = 0.0
m[0,374] = 1.0
m[0,375] = 1.0
m[0,376] = 1.0
m[0,377] = 1.0
m[0,378] = 1.0
m[0,379] = 1.0
m[0,380] = 1.0
m[0,381] = 1.0
m[0,382] = 1.0
m[0,383] = 1.0
m[0,384] = 1.0
m[0,385] = 1.0
m[0,386] = 1.0
m[0,387] = 1.0
m[0,388] = 1.0
m[0,389] = 1.0
m[0,390] = 1.0
m[0,391] = 1.0
m[0,392] = 1.0
m[0,393] = 0.5
m[0,394] = 1.0
m[0,395] = 1.0
m[0,396] = 1.0
m[0,397] = 1.0
m[0,398] = 1.0
m[0,399] = 1.0
m[0,400] = 1.0
m[0,401] = 1.0
m[0,402] = 1.0
m[0,403] = 1.0
m[0,404] = 1.0
m[0,405] = 1.0
m[0,406] = 1.0
m[0,407] = 1.0
m[0,408] = 1.0
m[0,409] = 1.0
m[0,410] = 1.0
m[0,411] = 0.0
m[0,412] = 1.0
m[0,413] = 1.0
m[0,414] = 1.0
m[0,415] = 1.0
m[0,416] = 1.0
m[0,417] = 1.0
m[0,418] = 1.0
m[0,419] = 1.0
m[0,420] = 1.0
m[0,421] = 1.0
m[0,422] = 0.5
m[0,423] = 1.0
m[0,424] = 1.0
m[0,425] = 1.0
m[0,426] = 0.0
m[0,427] = 1.0
m[0,428] = 1.0
m[0,429] = 1.0
m[0,430] = 1.0
m[0,431] = 1.0
m[0,432] = 1.0
m[0,433] = 0.0
m[0,434] = 1.0
m[0,435] = 1.0
m[0,436] = 1.0
m[0,437] = 0.0
m[0,438] = 1.0
m[0,439] = 0.0
m[0,440] = 0.0
m[0,441] = 1.0
m[0,442] = 0.0
m[0,443] = 1.0
m[0,444] = 1.0
m[0,445] = 1.0
m[0,446] = 1.0
m[0,447] = 1.0
m[0,448] = 1.0
m[0,449] = 0.5
m[0,450] = 1.0
m[0,451] = 1.0
m[0,452] = 1.0
m[0,453] = 1.0
m[0,454] = 1.0
m[0,455] = 1.0
m[0,456] = 1.0
m[0,457] = 1.0
m[0,458] = 1.0
m[0,459] = 1.0
m[0,460] = 1.0
m[0,461] = 1.0
m[0,462] = 1.0
m[0,463] = 1.0
m[0,464] = 1.0
m[0,465] = 1.0
m[0,466] = 1.0
m[0,467] = 1.0
m[0,468] = 1.0
m[0,469] = 1.0
m[0,470] = 1.0
u[0] = 1.0
u[1] = 1.0
u[2] = 1.0
u[3] = 1.0
o_u[0,0] = 0.0
o_u[0,1] = 0.0
o_u[0,2] = 0.5
o_u[0,3] = 0.5
o_u[1,0] = 0.0
o_u[1,1] = 0.0
o_u[1,2] = 0.5
o_u[1,3] = 0.5
o_u[2,0] = 0.0
o_u[2,1] = 0.5
o_u[2,2] = 0.5
o_u[2,3] = 0.0
o_u[3,0] = 0.0
o_u[3,1] = 0.0
o_u[3,2] = 0.5
o_u[3,3] = 0.5
THE NEW CORRECTNESS IS: 0.9278131634819533, AND THE NEW EXPLAINABILITY IS: 16.5
************************************************************
New pareto points added, correctness = 0.9278131634819533 , explainability = 16.5
App ending 1......
End of find_pareto_solution_more_e 4 @@@@@@@@@@@@@
Inside find_pareto_solution_more_e
----------------------------------
THE CURRENT CORRECTNESS IS: 0.9278131634819533, AND THE CURRENT EXPLAINABILITY IS: 16.5
Gurobi Optimizer version 12.0.3 build v12.0.3rc0 (linux64 - "Ubuntu 22.04.5 LTS")

CPU model: AMD EPYC 7742 64-Core Processor, instruction set [SSE2|AVX|AVX2]
Thread count: 128 physical cores, 256 logical processors, using up to 32 threads

Optimize a model with 280668 rows, 65721 columns and 849392 nonzeros
Model fingerprint: 0x77d829e1
Variable types: 65613 continuous, 108 integer (0 binary)
Coefficient statistics:
  Matrix range     [1e+00, 5e+00]
  Objective range  [1e+00, 5e+00]
  Bounds range     [1e+00, 1e+00]
  RHS range        [1e+00, 1e+03]

MIP start from previous solve did not produce a new incumbent solution
MIP start from previous solve violates constraint R280668 by 1.000000000

Presolve removed 267989 rows and 62038 columns
Presolve time: 1.39s
Presolved: 12679 rows, 3683 columns, 38651 nonzeros
Variable types: 3611 continuous, 72 integer (72 binary)
Found heuristic solution: objective 248.0000000
Performing another presolve...
Presolve removed 264 rows and 192 columns
Presolve time: 0.09s

Root relaxation: objective 4.560000e+02, 4735 iterations, 0.41 seconds (0.47 work units)

    Nodes    |    Current Node    |     Objective Bounds      |     Work
 Expl Unexpl |  Obj  Depth IntInf | Incumbent    BestBd   Gap | It/Node Time

     0     0  456.00000    0   16  248.00000  456.00000  83.9%     -    3s
H    0     0                     339.3000000  456.00000  34.4%     -    3s
     0     0  456.00000    0   22  339.30000  456.00000  34.4%     -    4s
     0     0  455.00000    0   19  339.30000  455.00000  34.1%     -    6s
H    0     0                     378.2000000  455.00000  20.3%     -    7s
     0     0  455.00000    0   23  378.20000  455.00000  20.3%     -    7s
     0     0  455.00000    0   25  378.20000  455.00000  20.3%     -    8s
     0     0  455.00000    0   40  378.20000  455.00000  20.3%     -    8s
     0     0  455.00000    0   37  378.20000  455.00000  20.3%     -    8s
H    0     0                     392.5000000  455.00000  15.9%     -    9s
     0     0  455.00000    0   44  392.50000  455.00000  15.9%     -    9s
     0     0  455.00000    0   20  392.50000  455.00000  15.9%     -   10s
     0     0  455.00000    0   17  392.50000  455.00000  15.9%     -   14s
     0     0  455.00000    0   36  392.50000  455.00000  15.9%     -   15s
     0     0  455.00000    0   42  392.50000  455.00000  15.9%     -   16s
     0     0  455.00000    0   43  392.50000  455.00000  15.9%     -   17s
     0     0  455.00000    0   44  392.50000  455.00000  15.9%     -   17s
     0     0  455.00000    0   45  392.50000  455.00000  15.9%     -   18s
     0     0  455.00000    0   42  392.50000  455.00000  15.9%     -   18s
H    0     0                     399.2500000  455.00000  14.0%     -   20s
H    0     0                     402.2500000  455.00000  13.1%     -   20s
     0     0  455.00000    0   21  402.25000  455.00000  13.1%     -   20s
     0     0  455.00000    0   30  402.25000  455.00000  13.1%     -   20s
     0     0  455.00000    0   25  402.25000  455.00000  13.1%     -   21s
     0     0  455.00000    0   23  402.25000  455.00000  13.1%     -   21s
     0     0  455.00000    0   28  402.25000  455.00000  13.1%     -   22s
H    0     0                     403.7500000  455.00000  12.7%     -   22s
     0     0  455.00000    0   37  403.75000  455.00000  12.7%     -   22s
     0     0  455.00000    0   29  403.75000  455.00000  12.7%     -   24s
     0     0  455.00000    0   22  403.75000  455.00000  12.7%     -   25s
     0     2  455.00000    0   18  403.75000  455.00000  12.7%     -   26s
H   43    60                     404.7500000  455.00000  12.4%  1181   28s
H   95   163                     404.9166667  455.00000  12.4%  1075   30s
H  374   336                     410.2500000  455.00000  10.9%   613   31s
   586   481  454.15975   15   35  410.25000  455.00000  10.9%   511   35s
H 1204   812                     414.5555556  455.00000  9.76%   379   38s
  1329   920  435.33333   26   17  414.55556  455.00000  9.76%   374   40s
H 1352   920                     414.8888889  455.00000  9.67%   370   40s
  3358  1818 infeasible   13       414.88889  454.82859  9.63%   308   45s
  5553  2477  436.25000   23   33  414.88889  454.72448  9.60%   273   60s
  5557  2480  454.05063   14   44  414.88889  454.72448  9.60%   273   65s
  5564  2484  440.91667   32   20  414.88889  454.72448  9.60%   273   72s
  5565  2485  453.90476   21   20  414.88889  454.72448  9.60%   273   75s
  5569  2493  454.72448   15   18  414.88889  454.72448  9.60%   280   81s
  5597  2533  454.72448   18   27  414.88889  454.72448  9.60%   287   85s
  5934  2619  454.72448   24   27  414.88889  454.72448  9.60%   309   90s
  6872  2649  452.42857   30   19  414.88889  454.72448  9.60%   323   95s
  8868  2530  423.70701   37   21  414.88889  454.57827  9.57%   321  100s
 12435  1980  420.44343   28   17  414.88889  453.85113  9.39%   329  105s
 15062  1878  437.50000   27   18  414.88889  453.57838  9.33%   326  110s
 19345  1478     cutoff   35       414.88889  442.50000  6.66%   314  115s

Cutting planes:
  Gomory: 8
  Cover: 10
  Implied bound: 2
  MIR: 297
  Flow cover: 112
  Inf proof: 18
  RLT: 619
  BQP: 100

Explored 28110 nodes (7885483 simplex iterations) in 119.38 seconds (135.72 work units)
Thread count was 32 (of 256 available processors)

Solution count 10: 414.889 414.556 410.25 ... 378.2

Optimal solution found (tolerance 1.00e-04)
Best objective 4.148888888889e+02, best bound 4.148888888889e+02, gap 0.0000%
Objective value: 414.8888888888889
lam[0,0] = 0.0
lam[0,1] = 0.05555555555555555
lam[0,2] = 0.6666666666666666
lam[0,3] = 0.2777777777777778
lam[1,0] = 0.0
lam[1,1] = 0.3888888888888889
lam[1,2] = 0.3333333333333333
lam[1,3] = 0.2777777777777778
lam[2,0] = 0.0
lam[2,1] = 0.05555555555555555
lam[2,2] = 0.6666666666666666
lam[2,3] = 0.2777777777777778
lam[3,0] = 0.0
lam[3,1] = 0.3333333333333333
lam[3,2] = 0.6666666666666666
lam[3,3] = 0.0
tau[0,0,1] = 1.0
tau[0,0,2] = -0.0
tau[0,0,3] = -0.0
tau[0,0,L0] = 0.0
tau[0,0,L1] = -0.0
tau[0,0,L2] = -0.0
tau[0,1,1] = 1.0
tau[0,1,2] = 0.0
tau[0,1,3] = -0.0
tau[0,1,L0] = -0.0
tau[0,1,L1] = -0.0
tau[0,1,L2] = -0.0
tau[0,2,1] = 1.0
tau[0,2,2] = -0.0
tau[0,2,3] = -0.0
tau[0,2,L0] = -0.0
tau[0,2,L1] = -0.0
tau[0,2,L2] = -0.0
tau[0,3,1] = 0.0
tau[0,3,2] = 0.0
tau[0,3,3] = 0.0
tau[0,3,L0] = -0.0
tau[0,3,L1] = -0.0
tau[0,3,L2] = -0.0
tau[0,4,1] = 0.0
tau[0,4,2] = 0.0
tau[0,4,3] = 0.0
tau[0,4,L0] = -0.0
tau[0,4,L1] = -0.0
tau[0,4,L2] = -0.0
tau[0,5,1] = 0.0
tau[0,5,2] = 0.0
tau[0,5,3] = 0.0
tau[0,5,L0] = -0.0
tau[0,5,L1] = -0.0
tau[0,5,L2] = -0.0
tau[1,0,2] = 1.0
tau[1,0,3] = -0.0
tau[1,0,L0] = -0.0
tau[1,0,L1] = -0.0
tau[1,0,L2] = -0.0
tau[1,1,2] = -0.0
tau[1,1,3] = 1.0
tau[1,1,L0] = -0.0
tau[1,1,L1] = -0.0
tau[1,1,L2] = -0.0
tau[1,2,2] = 1.0
tau[1,2,3] = -0.0
tau[1,2,L0] = -0.0
tau[1,2,L1] = -0.0
tau[1,2,L2] = -0.0
tau[1,3,2] = 0.0
tau[1,3,3] = 0.0
tau[1,3,L0] = -0.0
tau[1,3,L1] = -0.0
tau[1,3,L2] = -0.0
tau[1,4,2] = 0.0
tau[1,4,3] = 0.0
tau[1,4,L0] = -0.0
tau[1,4,L1] = -0.0
tau[1,4,L2] = -0.0
tau[1,5,2] = 0.0
tau[1,5,3] = 0.0
tau[1,5,L0] = -0.0
tau[1,5,L1] = -0.0
tau[1,5,L2] = -0.0
tau[2,0,3] = -0.0
tau[2,0,L0] = 1.0
tau[2,0,L1] = -0.0
tau[2,0,L2] = -0.0
tau[2,1,3] = -0.0
tau[2,1,L0] = -0.0
tau[2,1,L1] = -0.0
tau[2,1,L2] = 1.0
tau[2,2,3] = -0.0
tau[2,2,L0] = -0.0
tau[2,2,L1] = 1.0
tau[2,2,L2] = -0.0
tau[2,3,3] = 0.0
tau[2,3,L0] = -0.0
tau[2,3,L1] = -0.0
tau[2,3,L2] = -0.0
tau[2,4,3] = 0.0
tau[2,4,L0] = -0.0
tau[2,4,L1] = -0.0
tau[2,4,L2] = -0.0
tau[2,5,3] = 0.0
tau[2,5,L0] = -0.0
tau[2,5,L1] = -0.0
tau[2,5,L2] = -0.0
tau[3,0,L0] = -0.0
tau[3,0,L1] = 1.0
tau[3,0,L2] = 0.0
tau[3,1,L0] = 1.0
tau[3,1,L1] = -0.0
tau[3,1,L2] = -0.0
tau[3,2,L0] = -0.0
tau[3,2,L1] = 1.0
tau[3,2,L2] = -0.0
tau[3,3,L0] = -0.0
tau[3,3,L1] = -0.0
tau[3,3,L2] = -0.0
tau[3,4,L0] = -0.0
tau[3,4,L1] = -0.0
tau[3,4,L2] = -0.0
tau[3,5,L0] = -0.0
tau[3,5,L1] = -0.0
tau[3,5,L2] = -0.0
m[0,0] = 1.0
m[0,1] = 1.0
m[0,2] = 1.0
m[0,3] = 0.0
m[0,4] = 1.0
m[0,5] = 0.8333333333333334
m[0,6] = 1.0
m[0,7] = 1.0
m[0,8] = 0.8333333333333334
m[0,9] = 1.0
m[0,10] = 1.0
m[0,11] = 0.5555555555555556
m[0,12] = 0.8333333333333334
m[0,13] = 1.0
m[0,14] = 1.0
m[0,15] = 1.0
m[0,16] = 1.0
m[0,17] = 1.0
m[0,18] = 0.8333333333333334
m[0,19] = 1.0
m[0,20] = 1.0
m[0,21] = 0.6666666666666666
m[0,22] = 0.6666666666666666
m[0,23] = 0.0
m[0,24] = 1.0
m[0,25] = 1.0
m[0,26] = 1.0
m[0,27] = 0.6666666666666666
m[0,28] = 1.0
m[0,29] = 1.0
m[0,30] = 1.0
m[0,31] = 0.5555555555555556
m[0,32] = 0.6666666666666666
m[0,33] = 1.0
m[0,34] = 1.0
m[0,35] = 1.0
m[0,36] = 0.8333333333333334
m[0,37] = 1.0
m[0,38] = 1.0
m[0,39] = 1.0
m[0,40] = 0.3888888888888889
m[0,41] = 1.0
m[0,42] = 1.0
m[0,43] = 1.0
m[0,44] = 1.0
m[0,45] = 1.0
m[0,46] = 1.0
m[0,47] = 0.6666666666666667
m[0,48] = 1.0
m[0,49] = 1.0
m[0,50] = 1.0
m[0,51] = 0.8333333333333334
m[0,52] = 0.0
m[0,53] = 1.0
m[0,54] = 1.0
m[0,55] = 1.0
m[0,56] = 1.0
m[0,57] = 1.0
m[0,58] = 1.0
m[0,59] = 0.3888888888888889
m[0,60] = 0.6666666666666666
m[0,61] = 1.0
m[0,62] = 1.0
m[0,63] = 1.0
m[0,64] = 1.0
m[0,65] = 0.0
m[0,66] = 0.6666666666666666
m[0,67] = 0.0
m[0,68] = 1.0
m[0,69] = 1.0
m[0,70] = 1.0
m[0,71] = 1.0
m[0,72] = 0.0
m[0,73] = 1.0
m[0,74] = 1.0
m[0,75] = 1.0
m[0,76] = 0.8333333333333334
m[0,77] = 1.0
m[0,78] = 1.0
m[0,79] = 1.0
m[0,80] = 1.0
m[0,81] = 1.0
m[0,82] = 1.0
m[0,83] = 1.0
m[0,84] = 0.8333333333333334
m[0,85] = 0.0
m[0,86] = 1.0
m[0,87] = 1.0
m[0,88] = 1.0
m[0,89] = 1.0
m[0,90] = 1.0
m[0,91] = 1.0
m[0,92] = 1.0
m[0,93] = 1.0
m[0,94] = 1.0
m[0,95] = 1.0
m[0,96] = 1.0
m[0,97] = 1.0
m[0,98] = 1.0
m[0,99] = 0.0
m[0,100] = 1.0
m[0,101] = 1.0
m[0,102] = 1.0
m[0,103] = 1.0
m[0,104] = 1.0
m[0,105] = 0.0
m[0,106] = 1.0
m[0,107] = 0.8333333333333334
m[0,108] = 1.0
m[0,109] = 1.0
m[0,110] = 0.3888888888888889
m[0,111] = 1.0
m[0,112] = 0.7777777777777778
m[0,113] = 1.0
m[0,114] = 0.6666666666666667
m[0,115] = 1.0
m[0,116] = 1.0
m[0,117] = 0.0
m[0,118] = 1.0
m[0,119] = 0.7222222222222222
m[0,120] = 1.0
m[0,121] = 0.8333333333333334
m[0,122] = 1.0
m[0,123] = 0.6666666666666666
m[0,124] = 1.0
m[0,125] = 1.0
m[0,126] = 1.0
m[0,127] = 0.8333333333333334
m[0,128] = 0.0
m[0,129] = 1.0
m[0,130] = 1.0
m[0,131] = 1.0
m[0,132] = 1.0
m[0,133] = 1.0
m[0,134] = 1.0
m[0,135] = 1.0
m[0,136] = 1.0
m[0,137] = 1.0
m[0,138] = 0.5555555555555556
m[0,139] = 0.6666666666666666
m[0,140] = 1.0
m[0,141] = 1.0
m[0,142] = 0.8333333333333334
m[0,143] = 1.0
m[0,144] = 1.0
m[0,145] = 1.0
m[0,146] = 1.0
m[0,147] = 0.5555555555555556
m[0,148] = 0.6666666666666666
m[0,149] = 0.0
m[0,150] = 1.0
m[0,151] = 1.0
m[0,152] = 1.0
m[0,153] = 1.0
m[0,154] = 1.0
m[0,155] = 1.0
m[0,156] = 1.0
m[0,157] = 1.0
m[0,158] = 1.0
m[0,159] = 0.8333333333333334
m[0,160] = 1.0
m[0,161] = 1.0
m[0,162] = 1.0
m[0,163] = 0.6666666666666666
m[0,164] = 1.0
m[0,165] = 1.0
m[0,166] = 1.0
m[0,167] = 1.0
m[0,168] = 1.0
m[0,169] = 0.0
m[0,170] = 1.0
m[0,171] = 1.0
m[0,172] = 1.0
m[0,173] = 1.0
m[0,174] = 1.0
m[0,175] = 0.5555555555555556
m[0,176] = 1.0
m[0,177] = 0.8333333333333334
m[0,178] = 1.0
m[0,179] = 1.0
m[0,180] = 0.0
m[0,181] = 1.0
m[0,182] = 0.5555555555555556
m[0,183] = 0.8333333333333334
m[0,184] = 0.0
m[0,185] = 1.0
m[0,186] = 1.0
m[0,187] = 0.8333333333333334
m[0,188] = 1.0
m[0,189] = 0.8333333333333334
m[0,190] = 1.0
m[0,191] = 0.5555555555555556
m[0,192] = 0.0
m[0,193] = 1.0
m[0,194] = 1.0
m[0,195] = 1.0
m[0,196] = 0.3888888888888889
m[0,197] = 1.0
m[0,198] = 1.0
m[0,199] = 1.0
m[0,200] = 0.0
m[0,201] = 0.8333333333333334
m[0,202] = 0.8333333333333334
m[0,203] = 1.0
m[0,204] = 1.0
m[0,205] = 0.5555555555555556
m[0,206] = 1.0
m[0,207] = 1.0
m[0,208] = 1.0
m[0,209] = 0.6666666666666666
m[0,210] = 1.0
m[0,211] = 0.8333333333333334
m[0,212] = 0.0
m[0,213] = 1.0
m[0,214] = 1.0
m[0,215] = 1.0
m[0,216] = 0.8333333333333334
m[0,217] = 0.8333333333333334
m[0,218] = 0.8333333333333334
m[0,219] = 0.0
m[0,220] = 1.0
m[0,221] = 1.0
m[0,222] = 1.0
m[0,223] = 0.6666666666666666
m[0,224] = 0.8333333333333334
m[0,225] = 1.0
m[0,226] = 1.0
m[0,227] = 1.0
m[0,228] = 1.0
m[0,229] = 1.0
m[0,230] = 0.7222222222222222
m[0,231] = 1.0
m[0,232] = 1.0
m[0,233] = 1.0
m[0,234] = 1.0
m[0,235] = 1.0
m[0,236] = 1.0
m[0,237] = 1.0
m[0,238] = 0.0
m[0,239] = 1.0
m[0,240] = 0.0
m[0,241] = 1.0
m[0,242] = 1.0
m[0,243] = 1.0
m[0,244] = 1.0
m[0,245] = 1.0
m[0,246] = 1.0
m[0,247] = 1.0
m[0,248] = 0.6666666666666666
m[0,249] = 1.0
m[0,250] = 1.0
m[0,251] = 1.0
m[0,252] = 0.8333333333333334
m[0,253] = 1.0
m[0,254] = 0.8333333333333334
m[0,255] = 1.0
m[0,256] = 1.0
m[0,257] = 1.0
m[0,258] = 1.0
m[0,259] = 1.0
m[0,260] = 0.0
m[0,261] = 0.7777777777777778
m[0,262] = 1.0
m[0,263] = 1.0
m[0,264] = 1.0
m[0,265] = 0.0
m[0,266] = 1.0
m[0,267] = 1.0
m[0,268] = 1.0
m[0,269] = 1.0
m[0,270] = 1.0
m[0,271] = 1.0
m[0,272] = 0.8333333333333334
m[0,273] = 1.0
m[0,274] = 1.0
m[0,275] = 0.8333333333333334
m[0,276] = 0.8333333333333334
m[0,277] = 1.0
m[0,278] = 1.0
m[0,279] = 1.0
m[0,280] = 0.8333333333333334
m[0,281] = 1.0
m[0,282] = 1.0
m[0,283] = 0.5555555555555556
m[0,284] = 0.0
m[0,285] = 1.0
m[0,286] = 1.0
m[0,287] = 1.0
m[0,288] = 1.0
m[0,289] = 1.0
m[0,290] = 0.6666666666666666
m[0,291] = 1.0
m[0,292] = 0.3888888888888889
m[0,293] = 0.8333333333333334
m[0,294] = 1.0
m[0,295] = 1.0
m[0,296] = 1.0
m[0,297] = 1.0
m[0,298] = 1.0
m[0,299] = 0.5555555555555556
m[0,300] = 0.0
m[0,301] = 1.0
m[0,302] = 1.0
m[0,303] = 1.0
m[0,304] = 0.0
m[0,305] = 1.0
m[0,306] = 1.0
m[0,307] = 1.0
m[0,308] = 0.0
m[0,309] = 1.0
m[0,310] = 1.0
m[0,311] = 1.0
m[0,312] = 1.0
m[0,313] = 0.5555555555555556
m[0,314] = 1.0
m[0,315] = 1.0
m[0,316] = 1.0
m[0,317] = 0.0
m[0,318] = 0.6666666666666667
m[0,319] = 1.0
m[0,320] = 0.0
m[0,321] = 1.0
m[0,322] = 1.0
m[0,323] = 0.8333333333333334
m[0,324] = 1.0
m[0,325] = 1.0
m[0,326] = 1.0
m[0,327] = 1.0
m[0,328] = 1.0
m[0,329] = 1.0
m[0,330] = 1.0
m[0,331] = 1.0
m[0,332] = 0.0
m[0,333] = 1.0
m[0,334] = 0.8333333333333334
m[0,335] = 1.0
m[0,336] = 0.8333333333333334
m[0,337] = 1.0
m[0,338] = 1.0
m[0,339] = 1.0
m[0,340] = 1.0
m[0,341] = 1.0
m[0,342] = 0.0
m[0,343] = 1.0
m[0,344] = 1.0
m[0,345] = 1.0
m[0,346] = 1.0
m[0,347] = 1.0
m[0,348] = 0.0
m[0,349] = 1.0
m[0,350] = 1.0
m[0,351] = 0.8333333333333334
m[0,352] = 1.0
m[0,353] = 1.0
m[0,354] = 1.0
m[0,355] = 1.0
m[0,356] = 1.0
m[0,357] = 0.6666666666666667
m[0,358] = 1.0
m[0,359] = 1.0
m[0,360] = 1.0
m[0,361] = 1.0
m[0,362] = 0.8333333333333334
m[0,363] = 0.8333333333333334
m[0,364] = 1.0
m[0,365] = 1.0
m[0,366] = 0.8333333333333334
m[0,367] = 1.0
m[0,368] = 1.0
m[0,369] = 1.0
m[0,370] = 1.0
m[0,371] = 1.0
m[0,372] = 1.0
m[0,373] = 0.0
m[0,374] = 1.0
m[0,375] = 1.0
m[0,376] = 0.8333333333333334
m[0,377] = 1.0
m[0,378] = 0.8333333333333334
m[0,379] = 1.0
m[0,380] = 1.0
m[0,381] = 1.0
m[0,382] = 1.0
m[0,383] = 1.0
m[0,384] = 0.0
m[0,385] = 1.0
m[0,386] = 1.0
m[0,387] = 0.0
m[0,388] = 1.0
m[0,389] = 0.6666666666666666
m[0,390] = 1.0
m[0,391] = 1.0
m[0,392] = 0.5555555555555556
m[0,393] = 0.3888888888888889
m[0,394] = 0.5555555555555556
m[0,395] = 1.0
m[0,396] = 0.0
m[0,397] = 1.0
m[0,398] = 1.0
m[0,399] = 1.0
m[0,400] = 1.0
m[0,401] = 1.0
m[0,402] = 0.0
m[0,403] = 1.0
m[0,404] = 1.0
m[0,405] = 1.0
m[0,406] = 0.6666666666666666
m[0,407] = 0.8333333333333334
m[0,408] = 1.0
m[0,409] = 1.0
m[0,410] = 1.0
m[0,411] = 0.0
m[0,412] = 1.0
m[0,413] = 1.0
m[0,414] = 0.6666666666666666
m[0,415] = 1.0
m[0,416] = 1.0
m[0,417] = 1.0
m[0,418] = 1.0
m[0,419] = 1.0
m[0,420] = 1.0
m[0,421] = 1.0
m[0,422] = 0.6666666666666667
m[0,423] = 1.0
m[0,424] = 1.0
m[0,425] = 1.0
m[0,426] = 0.0
m[0,427] = 1.0
m[0,428] = 1.0
m[0,429] = 0.5555555555555556
m[0,430] = 0.5555555555555556
m[0,431] = 1.0
m[0,432] = 0.8333333333333334
m[0,433] = 0.0
m[0,434] = 0.8333333333333334
m[0,435] = 0.8333333333333334
m[0,436] = 0.5555555555555556
m[0,437] = 0.0
m[0,438] = 1.0
m[0,439] = 0.0
m[0,440] = 0.0
m[0,441] = 1.0
m[0,442] = 0.0
m[0,443] = 1.0
m[0,444] = 0.6666666666666666
m[0,445] = 1.0
m[0,446] = 1.0
m[0,447] = 1.0
m[0,448] = 1.0
m[0,449] = 0.3888888888888889
m[0,450] = 1.0
m[0,451] = 1.0
m[0,452] = 0.5555555555555556
m[0,453] = 1.0
m[0,454] = 1.0
m[0,455] = 1.0
m[0,456] = 0.6666666666666666
m[0,457] = 1.0
m[0,458] = 1.0
m[0,459] = 1.0
m[0,460] = 1.0
m[0,461] = 0.5555555555555556
m[0,462] = 0.0
m[0,463] = 1.0
m[0,464] = 1.0
m[0,465] = 1.0
m[0,466] = 1.0
m[0,467] = 1.0
m[0,468] = 1.0
m[0,469] = 1.0
m[0,470] = 1.0
u[0] = 1.0
u[1] = 1.0
u[2] = 1.0
u[3] = 1.0
o_u[0,0] = 0.0
o_u[0,1] = 0.05555555555555555
o_u[0,2] = 0.6666666666666666
o_u[0,3] = 0.2777777777777778
o_u[1,0] = 0.0
o_u[1,1] = 0.3888888888888889
o_u[1,2] = 0.3333333333333333
o_u[1,3] = 0.2777777777777778
o_u[2,0] = 0.0
o_u[2,1] = 0.05555555555555555
o_u[2,2] = 0.6666666666666666
o_u[2,3] = 0.2777777777777778
o_u[3,0] = 0.0
o_u[3,1] = 0.3333333333333333
o_u[3,2] = 0.6666666666666666
o_u[3,3] = 0.0
THE NEW CORRECTNESS IS: 0.8437131398914836, AND THE NEW EXPLAINABILITY IS: 17.5
************************************************************
New pareto points added, correctness = 0.8437131398914836 , explainability = 17.5
App ending 1......
End of find_pareto_solution_more_e 4 @@@@@@@@@@@@@
Inside find_pareto_solution_more_e
----------------------------------
THE CURRENT CORRECTNESS IS: 0.8437131398914836, AND THE CURRENT EXPLAINABILITY IS: 17.5
Gurobi Optimizer version 12.0.3 build v12.0.3rc0 (linux64 - "Ubuntu 22.04.5 LTS")

CPU model: AMD EPYC 7742 64-Core Processor, instruction set [SSE2|AVX|AVX2]
Thread count: 128 physical cores, 256 logical processors, using up to 32 threads

Optimize a model with 280668 rows, 65721 columns and 849392 nonzeros
Model fingerprint: 0x16d0d42b
Variable types: 65613 continuous, 108 integer (0 binary)
Coefficient statistics:
  Matrix range     [1e+00, 5e+00]
  Objective range  [1e+00, 5e+00]
  Bounds range     [1e+00, 1e+00]
  RHS range        [1e+00, 1e+03]

MIP start from previous solve did not produce a new incumbent solution
MIP start from previous solve violates constraint R280670 by 1.000000000

Presolve removed 267989 rows and 62038 columns
Presolve time: 1.32s
Presolved: 12679 rows, 3683 columns, 38651 nonzeros
Variable types: 3611 continuous, 72 integer (72 binary)
Performing another presolve...
Presolve removed 264 rows and 192 columns
Presolve time: 0.09s

Root relaxation: objective 4.163889e+02, 4333 iterations, 0.63 seconds (0.75 work units)

    Nodes    |    Current Node    |     Objective Bounds      |     Work
 Expl Unexpl |  Obj  Depth IntInf | Incumbent    BestBd   Gap | It/Node Time

     0     0  416.38889    0   13          -  416.38889      -     -    3s
     0     0  416.38889    0   13          -  416.38889      -     -    4s
     0     0  415.88889    0   19          -  415.88889      -     -    4s
     0     0  415.88889    0   22          -  415.88889      -     -    4s
     0     0  415.38889    0   27          -  415.38889      -     -    5s
     0     0  415.38889    0   28          -  415.38889      -     -    5s
     0     0  415.38889    0   26          -  415.38889      -     -    5s
     0     0  415.38889    0   30          -  415.38889      -     -    5s
     0     0  415.38889    0   13          -  415.38889      -     -    7s
     0     0  415.38889    0   13          -  415.38889      -     -    7s
H    0     0                      61.0000000  415.38889   581%     -    7s
H    0     0                     308.7500000  415.38889  34.5%     -    7s
     0     0  415.38889    0   32  308.75000  415.38889  34.5%     -    7s
     0     0  415.38889    0   31  308.75000  415.38889  34.5%     -    7s
     0     0  415.38889    0   15  308.75000  415.38889  34.5%     -   10s
     0     0  415.38889    0   17  308.75000  415.38889  34.5%     -   11s
     0     0  415.38889    0   14  308.75000  415.38889  34.5%     -   14s
     0     0  415.38889    0   34  308.75000  415.38889  34.5%     -   15s
     0     0  415.38889    0   32  308.75000  415.38889  34.5%     -   15s
     0     0  415.38889    0   39  308.75000  415.38889  34.5%     -   16s
     0     0  415.38889    0   31  308.75000  415.38889  34.5%     -   16s
     0     0  415.38889    0   34  308.75000  415.38889  34.5%     -   16s
     0     0  415.38889    0   35  308.75000  415.38889  34.5%     -   16s
     0     0  415.38889    0   31  308.75000  415.38889  34.5%     -   16s
     0     0  415.38889    0   32  308.75000  415.38889  34.5%     -   16s
     0     0  415.38889    0    5  308.75000  415.38889  34.5%     -   17s
     0     0  415.38889    0   17  308.75000  415.38889  34.5%     -   18s
H    0     0                     327.0000000  415.38889  27.0%     -   20s
H    0     0                     339.7500000  415.38889  22.3%     -   20s
H    0     0                     343.0000000  415.38889  21.1%     -   20s
     0     0  415.38889    0    8  343.00000  415.38889  21.1%     -   20s
     0     0  415.38889    0   31  343.00000  415.38889  21.1%     -   20s
     0     0  415.38889    0    9  343.00000  415.38889  21.1%     -   22s
     0     0  415.38889    0   10  343.00000  415.38889  21.1%     -   22s
     0     0  415.38889    0    8  343.00000  415.38889  21.1%     -   24s
H    0     0                     345.8333333  415.38889  20.1%     -   24s
H    0     0                     346.0000000  415.38889  20.1%     -   24s
     0     0  415.38889    0   15  346.00000  415.38889  20.1%     -   26s
     0     2  415.38889    0   11  346.00000  415.38889  20.1%     -   27s
H   30    38                     352.6250000  415.38889  17.8%  1066   29s
H   33    38                     357.8500000  415.38889  16.1%   992   29s
    49    58  415.38889    6   37  357.85000  415.38889  16.1%  1010   30s
H  757   412                     362.2500000  415.38889  14.7%   448   34s
   864   429  402.04440   12   33  362.25000  415.38889  14.7%   425   35s
H  955   461                     365.0000000  415.38889  13.8%   408   35s
  2252   500  404.26134   13   30  365.00000  415.19865  13.8%   305   40s

Cutting planes:
  Cover: 6
  Implied bound: 12
  MIR: 170
  Flow cover: 79
  Inf proof: 14
  RLT: 411
  BQP: 66

Explored 3504 nodes (998853 simplex iterations) in 42.35 seconds (49.07 work units)
Thread count was 32 (of 256 available processors)

Solution count 10: 365 362.25 357.85 ... 308.75

Optimal solution found (tolerance 1.00e-04)
Best objective 3.650000000000e+02, best bound 3.650000000000e+02, gap 0.0000%
Objective value: 365.0
lam[0,0] = 0.0
lam[0,1] = 0.25
lam[0,2] = 0.75
lam[0,3] = 0.0
lam[1,0] = 0.0
lam[1,1] = 0.75
lam[1,2] = 0.25
lam[1,3] = 0.0
lam[2,0] = 0.0
lam[2,1] = 0.25
lam[2,2] = 0.75
lam[2,3] = 0.0
lam[3,0] = 0.0
lam[3,1] = 0.25
lam[3,2] = 0.75
lam[3,3] = 0.0
tau[0,0,1] = 1.0
tau[0,0,2] = -0.0
tau[0,0,3] = -0.0
tau[0,0,L0] = -0.0
tau[0,0,L1] = -0.0
tau[0,0,L2] = -0.0
tau[0,1,1] = 1.0
tau[0,1,2] = -0.0
tau[0,1,3] = -0.0
tau[0,1,L0] = -0.0
tau[0,1,L1] = -0.0
tau[0,1,L2] = -0.0
tau[0,2,1] = 1.0
tau[0,2,2] = -0.0
tau[0,2,3] = -0.0
tau[0,2,L0] = -0.0
tau[0,2,L1] = -0.0
tau[0,2,L2] = -0.0
tau[0,3,1] = 0.0
tau[0,3,2] = 0.0
tau[0,3,3] = 0.0
tau[0,3,L0] = -0.0
tau[0,3,L1] = -0.0
tau[0,3,L2] = -0.0
tau[0,4,1] = 0.0
tau[0,4,2] = 0.0
tau[0,4,3] = 0.0
tau[0,4,L0] = -0.0
tau[0,4,L1] = -0.0
tau[0,4,L2] = -0.0
tau[0,5,1] = 0.0
tau[0,5,2] = 0.0
tau[0,5,3] = 0.0
tau[0,5,L0] = -0.0
tau[0,5,L1] = -0.0
tau[0,5,L2] = -0.0
tau[1,0,2] = -0.0
tau[1,0,3] = 1.0
tau[1,0,L0] = -0.0
tau[1,0,L1] = 0.0
tau[1,0,L2] = -0.0
tau[1,1,2] = 1.0
tau[1,1,3] = -0.0
tau[1,1,L0] = -0.0
tau[1,1,L1] = -0.0
tau[1,1,L2] = -0.0
tau[1,2,2] = 1.0
tau[1,2,3] = -0.0
tau[1,2,L0] = -0.0
tau[1,2,L1] = -0.0
tau[1,2,L2] = -0.0
tau[1,3,2] = 0.0
tau[1,3,3] = 0.0
tau[1,3,L0] = -0.0
tau[1,3,L1] = -0.0
tau[1,3,L2] = -0.0
tau[1,4,2] = 0.0
tau[1,4,3] = 0.0
tau[1,4,L0] = -0.0
tau[1,4,L1] = -0.0
tau[1,4,L2] = -0.0
tau[1,5,2] = 0.0
tau[1,5,3] = 0.0
tau[1,5,L0] = -0.0
tau[1,5,L1] = -0.0
tau[1,5,L2] = -0.0
tau[2,0,3] = -0.0
tau[2,0,L0] = 1.0
tau[2,0,L1] = 0.0
tau[2,0,L2] = -0.0
tau[2,1,3] = -0.0
tau[2,1,L0] = 1.0
tau[2,1,L1] = -0.0
tau[2,1,L2] = -0.0
tau[2,2,3] = -0.0
tau[2,2,L0] = -0.0
tau[2,2,L1] = 1.0
tau[2,2,L2] = -0.0
tau[2,3,3] = 0.0
tau[2,3,L0] = -0.0
tau[2,3,L1] = -0.0
tau[2,3,L2] = -0.0
tau[2,4,3] = 0.0
tau[2,4,L0] = -0.0
tau[2,4,L1] = -0.0
tau[2,4,L2] = -0.0
tau[2,5,3] = 0.0
tau[2,5,L0] = -0.0
tau[2,5,L1] = -0.0
tau[2,5,L2] = -0.0
tau[3,0,L0] = 1.0
tau[3,0,L1] = -0.0
tau[3,0,L2] = -0.0
tau[3,1,L0] = 0.0
tau[3,1,L1] = 1.0
tau[3,1,L2] = -0.0
tau[3,2,L0] = -0.0
tau[3,2,L1] = 1.0
tau[3,2,L2] = -0.0
tau[3,3,L0] = -0.0
tau[3,3,L1] = -0.0
tau[3,3,L2] = -0.0
tau[3,4,L0] = -0.0
tau[3,4,L1] = -0.0
tau[3,4,L2] = -0.0
tau[3,5,L0] = -0.0
tau[3,5,L1] = -0.0
tau[3,5,L2] = -0.0
m[0,0] = 1.0
m[0,1] = 1.0
m[0,2] = 1.0
m[0,3] = 0.0
m[0,4] = 1.0
m[0,5] = 0.0
m[0,6] = 1.0
m[0,7] = 1.0
m[0,8] = 0.0
m[0,9] = 1.0
m[0,10] = 1.0
m[0,11] = 0.0
m[0,12] = 0.0
m[0,13] = 1.0
m[0,14] = 1.0
m[0,15] = 0.75
m[0,16] = 1.0
m[0,17] = 1.0
m[0,18] = 0.0
m[0,19] = 1.0
m[0,20] = 1.0
m[0,21] = 1.0
m[0,22] = 0.75
m[0,23] = 0.0
m[0,24] = 1.0
m[0,25] = 1.0
m[0,26] = 1.0
m[0,27] = 1.0
m[0,28] = 0.75
m[0,29] = 1.0
m[0,30] = 1.0
m[0,31] = 0.0
m[0,32] = 1.0
m[0,33] = 1.0
m[0,34] = 1.0
m[0,35] = 1.0
m[0,36] = 0.0
m[0,37] = 1.0
m[0,38] = 1.0
m[0,39] = 1.0
m[0,40] = 1.0
m[0,41] = 1.0
m[0,42] = 1.0
m[0,43] = 1.0
m[0,44] = 1.0
m[0,45] = 1.0
m[0,46] = 0.5
m[0,47] = 1.0
m[0,48] = 1.0
m[0,49] = 1.0
m[0,50] = 1.0
m[0,51] = 0.0
m[0,52] = 0.0
m[0,53] = 1.0
m[0,54] = 1.0
m[0,55] = 1.0
m[0,56] = 0.75
m[0,57] = 0.75
m[0,58] = 1.0
m[0,59] = 1.0
m[0,60] = 1.0
m[0,61] = 1.0
m[0,62] = 0.75
m[0,63] = 1.0
m[0,64] = 1.0
m[0,65] = 0.0
m[0,66] = 1.0
m[0,67] = 0.0
m[0,68] = 1.0
m[0,69] = 1.0
m[0,70] = 1.0
m[0,71] = 1.0
m[0,72] = 0.0
m[0,73] = 1.0
m[0,74] = 1.0
m[0,75] = 1.0
m[0,76] = 0.0
m[0,77] = 1.0
m[0,78] = 1.0
m[0,79] = 1.0
m[0,80] = 1.0
m[0,81] = 1.0
m[0,82] = 1.0
m[0,83] = 1.0
m[0,84] = 0.0
m[0,85] = 0.0
m[0,86] = 0.0
m[0,87] = 1.0
m[0,88] = 1.0
m[0,89] = 1.0
m[0,90] = 1.0
m[0,91] = 1.0
m[0,92] = 0.75
m[0,93] = 1.0
m[0,94] = 1.0
m[0,95] = 1.0
m[0,96] = 1.0
m[0,97] = 1.0
m[0,98] = 0.75
m[0,99] = 0.0
m[0,100] = 1.0
m[0,101] = 1.0
m[0,102] = 1.0
m[0,103] = 1.0
m[0,104] = 1.0
m[0,105] = 0.0
m[0,106] = 1.0
m[0,107] = 0.0
m[0,108] = 1.0
m[0,109] = 1.0
m[0,110] = 1.0
m[0,111] = 1.0
m[0,112] = 0.75
m[0,113] = 1.0
m[0,114] = 1.0
m[0,115] = 0.75
m[0,116] = 1.0
m[0,117] = 0.0
m[0,118] = 1.0
m[0,119] = 0.75
m[0,120] = 1.0
m[0,121] = 0.0
m[0,122] = 1.0
m[0,123] = 1.0
m[0,124] = 1.0
m[0,125] = 1.0
m[0,126] = 1.0
m[0,127] = 0.0
m[0,128] = 0.0
m[0,129] = 1.0
m[0,130] = 1.0
m[0,131] = 0.75
m[0,132] = 1.0
m[0,133] = 1.0
m[0,134] = 0.0
m[0,135] = 1.0
m[0,136] = 1.0
m[0,137] = 1.0
m[0,138] = 0.0
m[0,139] = 1.0
m[0,140] = 1.0
m[0,141] = 1.0
m[0,142] = 0.0
m[0,143] = 1.0
m[0,144] = 0.75
m[0,145] = 1.0
m[0,146] = 1.0
m[0,147] = 0.0
m[0,148] = 1.0
m[0,149] = 0.0
m[0,150] = 1.0
m[0,151] = 1.0
m[0,152] = 1.0
m[0,153] = 1.0
m[0,154] = 1.0
m[0,155] = 1.0
m[0,156] = 1.0
m[0,157] = 0.5
m[0,158] = 1.0
m[0,159] = 0.0
m[0,160] = 1.0
m[0,161] = 1.0
m[0,162] = 1.0
m[0,163] = 1.0
m[0,164] = 1.0
m[0,165] = 1.0
m[0,166] = 1.0
m[0,167] = 1.0
m[0,168] = 1.0
m[0,169] = 0.0
m[0,170] = 1.0
m[0,171] = 1.0
m[0,172] = 1.0
m[0,173] = 0.75
m[0,174] = 1.0
m[0,175] = 0.0
m[0,176] = 0.5
m[0,177] = 0.0
m[0,178] = 1.0
m[0,179] = 1.0
m[0,180] = 0.0
m[0,181] = 1.0
m[0,182] = 0.0
m[0,183] = 0.0
m[0,184] = 0.0
m[0,185] = 1.0
m[0,186] = 1.0
m[0,187] = 0.0
m[0,188] = 1.0
m[0,189] = 0.0
m[0,190] = 0.75
m[0,191] = 0.0
m[0,192] = 0.0
m[0,193] = 1.0
m[0,194] = 1.0
m[0,195] = 1.0
m[0,196] = 1.0
m[0,197] = 1.0
m[0,198] = 1.0
m[0,199] = 1.0
m[0,200] = 0.0
m[0,201] = 0.0
m[0,202] = 0.0
m[0,203] = 1.0
m[0,204] = 1.0
m[0,205] = 0.0
m[0,206] = 1.0
m[0,207] = 1.0
m[0,208] = 1.0
m[0,209] = 1.0
m[0,210] = 1.0
m[0,211] = 0.0
m[0,212] = 0.0
m[0,213] = 1.0
m[0,214] = 0.75
m[0,215] = 0.75
m[0,216] = 0.0
m[0,217] = 0.0
m[0,218] = 0.0
m[0,219] = 0.0
m[0,220] = 1.0
m[0,221] = 1.0
m[0,222] = 1.0
m[0,223] = 1.0
m[0,224] = 0.0
m[0,225] = 1.0
m[0,226] = 1.0
m[0,227] = 1.0
m[0,228] = 1.0
m[0,229] = 1.0
m[0,230] = 0.75
m[0,231] = 1.0
m[0,232] = 1.0
m[0,233] = 1.0
m[0,234] = 1.0
m[0,235] = 1.0
m[0,236] = 1.0
m[0,237] = 1.0
m[0,238] = 0.0
m[0,239] = 1.0
m[0,240] = 0.0
m[0,241] = 1.0
m[0,242] = 1.0
m[0,243] = 1.0
m[0,244] = 1.0
m[0,245] = 1.0
m[0,246] = 1.0
m[0,247] = 1.0
m[0,248] = 1.0
m[0,249] = 1.0
m[0,250] = 1.0
m[0,251] = 1.0
m[0,252] = 0.0
m[0,253] = 1.0
m[0,254] = 0.0
m[0,255] = 1.0
m[0,256] = 1.0
m[0,257] = 0.75
m[0,258] = 1.0
m[0,259] = 1.0
m[0,260] = 0.0
m[0,261] = 0.75
m[0,262] = 1.0
m[0,263] = 1.0
m[0,264] = 1.0
m[0,265] = 0.0
m[0,266] = 1.0
m[0,267] = 1.0
m[0,268] = 1.0
m[0,269] = 1.0
m[0,270] = 1.0
m[0,271] = 1.0
m[0,272] = 0.0
m[0,273] = 1.0
m[0,274] = 1.0
m[0,275] = 0.0
m[0,276] = 0.0
m[0,277] = 1.0
m[0,278] = 1.0
m[0,279] = 1.0
m[0,280] = 0.0
m[0,281] = 1.0
m[0,282] = 1.0
m[0,283] = 0.0
m[0,284] = 0.0
m[0,285] = 1.0
m[0,286] = 1.0
m[0,287] = 1.0
m[0,288] = 0.75
m[0,289] = 1.0
m[0,290] = 1.0
m[0,291] = 1.0
m[0,292] = 1.0
m[0,293] = 0.0
m[0,294] = 1.0
m[0,295] = 1.0
m[0,296] = 1.0
m[0,297] = 1.0
m[0,298] = 1.0
m[0,299] = 0.0
m[0,300] = 0.0
m[0,301] = 1.0
m[0,302] = 0.75
m[0,303] = 1.0
m[0,304] = 0.0
m[0,305] = 1.0
m[0,306] = 1.0
m[0,307] = 1.0
m[0,308] = 0.0
m[0,309] = 1.0
m[0,310] = 1.0
m[0,311] = 1.0
m[0,312] = 1.0
m[0,313] = 0.0
m[0,314] = 1.0
m[0,315] = 1.0
m[0,316] = 1.0
m[0,317] = 0.0
m[0,318] = 1.0
m[0,319] = 1.0
m[0,320] = 0.0
m[0,321] = 0.75
m[0,322] = 1.0
m[0,323] = 0.0
m[0,324] = 1.0
m[0,325] = 0.0
m[0,326] = 1.0
m[0,327] = 1.0
m[0,328] = 0.75
m[0,329] = 1.0
m[0,330] = 1.0
m[0,331] = 1.0
m[0,332] = 0.0
m[0,333] = 1.0
m[0,334] = 0.0
m[0,335] = 1.0
m[0,336] = 0.0
m[0,337] = 1.0
m[0,338] = 1.0
m[0,339] = 0.0
m[0,340] = 1.0
m[0,341] = 1.0
m[0,342] = 0.0
m[0,343] = 1.0
m[0,344] = 1.0
m[0,345] = 1.0
m[0,346] = 0.75
m[0,347] = 1.0
m[0,348] = 0.0
m[0,349] = 1.0
m[0,350] = 0.75
m[0,351] = 0.0
m[0,352] = 1.0
m[0,353] = 1.0
m[0,354] = 1.0
m[0,355] = 1.0
m[0,356] = 1.0
m[0,357] = 1.0
m[0,358] = 1.0
m[0,359] = 1.0
m[0,360] = 0.75
m[0,361] = 1.0
m[0,362] = 0.0
m[0,363] = 0.0
m[0,364] = 1.0
m[0,365] = 1.0
m[0,366] = 0.0
m[0,367] = 1.0
m[0,368] = 1.0
m[0,369] = 0.75
m[0,370] = 1.0
m[0,371] = 1.0
m[0,372] = 1.0
m[0,373] = 0.0
m[0,374] = 1.0
m[0,375] = 1.0
m[0,376] = 0.0
m[0,377] = 1.0
m[0,378] = 0.0
m[0,379] = 1.0
m[0,380] = 1.0
m[0,381] = 1.0
m[0,382] = 1.0
m[0,383] = 0.5
m[0,384] = 0.0
m[0,385] = 1.0
m[0,386] = 0.75
m[0,387] = 0.0
m[0,388] = 1.0
m[0,389] = 1.0
m[0,390] = 1.0
m[0,391] = 1.0
m[0,392] = 0.0
m[0,393] = 1.0
m[0,394] = 0.0
m[0,395] = 0.75
m[0,396] = 0.0
m[0,397] = 1.0
m[0,398] = 0.75
m[0,399] = 1.0
m[0,400] = 0.75
m[0,401] = 1.0
m[0,402] = 0.0
m[0,403] = 1.0
m[0,404] = 1.0
m[0,405] = 1.0
m[0,406] = 0.75
m[0,407] = 0.0
m[0,408] = 1.0
m[0,409] = 1.0
m[0,410] = 1.0
m[0,411] = 0.0
m[0,412] = 1.0
m[0,413] = 1.0
m[0,414] = 1.0
m[0,415] = 1.0
m[0,416] = 1.0
m[0,417] = 1.0
m[0,418] = 0.0
m[0,419] = 1.0
m[0,420] = 1.0
m[0,421] = 1.0
m[0,422] = 1.0
m[0,423] = 1.0
m[0,424] = 1.0
m[0,425] = 1.0
m[0,426] = 0.0
m[0,427] = 0.5
m[0,428] = 1.0
m[0,429] = 0.0
m[0,430] = 0.0
m[0,431] = 0.75
m[0,432] = 0.0
m[0,433] = 0.0
m[0,434] = 0.0
m[0,435] = 0.0
m[0,436] = 0.0
m[0,437] = 0.0
m[0,438] = 1.0
m[0,439] = 0.0
m[0,440] = 0.0
m[0,441] = 1.0
m[0,442] = 0.0
m[0,443] = 0.0
m[0,444] = 1.0
m[0,445] = 1.0
m[0,446] = 1.0
m[0,447] = 1.0
m[0,448] = 1.0
m[0,449] = 1.0
m[0,450] = 1.0
m[0,451] = 1.0
m[0,452] = 0.0
m[0,453] = 1.0
m[0,454] = 1.0
m[0,455] = 1.0
m[0,456] = 1.0
m[0,457] = 1.0
m[0,458] = 1.0
m[0,459] = 1.0
m[0,460] = 1.0
m[0,461] = 0.0
m[0,462] = 0.0
m[0,463] = 1.0
m[0,464] = 1.0
m[0,465] = 1.0
m[0,466] = 1.0
m[0,467] = 1.0
m[0,468] = 0.5
m[0,469] = 1.0
m[0,470] = 1.0
u[0] = 1.0
u[1] = 1.0
u[2] = 1.0
u[3] = 1.0
o_u[0,0] = 0.0
o_u[0,1] = 0.25
o_u[0,2] = 0.75
o_u[0,3] = 0.0
o_u[1,0] = 0.0
o_u[1,1] = 0.75
o_u[1,2] = 0.25
o_u[1,3] = 0.0
o_u[2,0] = 0.0
o_u[2,1] = 0.25
o_u[2,2] = 0.75
o_u[2,3] = 0.0
o_u[3,0] = 0.0
o_u[3,1] = 0.25
o_u[3,2] = 0.75
o_u[3,3] = 0.0
THE NEW CORRECTNESS IS: 0.7356687898089171, AND THE NEW EXPLAINABILITY IS: 18.5
************************************************************
New pareto points added, correctness = 0.7356687898089171 , explainability = 18.5
App ending 1......
End of find_pareto_solution_more_e 4 @@@@@@@@@@@@@
Inside find_pareto_solution_more_e
----------------------------------
THE CURRENT CORRECTNESS IS: 0.7356687898089171, AND THE CURRENT EXPLAINABILITY IS: 18.5
Gurobi Optimizer version 12.0.3 build v12.0.3rc0 (linux64 - "Ubuntu 22.04.5 LTS")

CPU model: AMD EPYC 7742 64-Core Processor, instruction set [SSE2|AVX|AVX2]
Thread count: 128 physical cores, 256 logical processors, using up to 32 threads

Optimize a model with 280668 rows, 65721 columns and 849392 nonzeros
Model fingerprint: 0x11f42802
Variable types: 65613 continuous, 108 integer (0 binary)
Coefficient statistics:
  Matrix range     [1e+00, 5e+00]
  Objective range  [1e+00, 5e+00]
  Bounds range     [1e+00, 1e+00]
  RHS range        [1e+00, 1e+03]

MIP start from previous solve did not produce a new incumbent solution
MIP start from previous solve violates constraint R280672 by 1.000000000

Presolve removed 267989 rows and 62038 columns
Presolve time: 1.19s
Presolved: 12679 rows, 3683 columns, 38651 nonzeros
Variable types: 3611 continuous, 72 integer (72 binary)
Performing another presolve...
Presolve removed 264 rows and 192 columns
Presolve time: 0.09s

Root relaxation: objective 3.655000e+02, 3501 iterations, 0.29 seconds (0.32 work units)

    Nodes    |    Current Node    |     Objective Bounds      |     Work
 Expl Unexpl |  Obj  Depth IntInf | Incumbent    BestBd   Gap | It/Node Time

     0     0  365.50000    0    9          -  365.50000      -     -    3s
     0     0 -1.000e+100    0   21          - infeasible      -     -    4s

Cutting planes:
  Gomory: 5
  MIR: 16
  Flow cover: 2
  RLT: 17
  BQP: 9

Explored 1 nodes (11607 simplex iterations) in 4.10 seconds (4.57 work units)
Thread count was 32 (of 256 available processors)

Solution count 0
No other solutions better than -1e+100

Model is infeasible
Best objective -, best bound -, gap -
[INFO] Model became infeasible under the new cuts.
End of find_pareto_solution_more_e 2 @@@@@@@@@@@
Inside find_pareto_solution_more_c
Gurobi Optimizer version 12.0.3 build v12.0.3rc0 (linux64 - "Ubuntu 22.04.5 LTS")

CPU model: AMD EPYC 7742 64-Core Processor, instruction set [SSE2|AVX|AVX2]
Thread count: 128 physical cores, 256 logical processors, using up to 32 threads

Optimize a model with 280668 rows, 65721 columns and 849392 nonzeros
Model fingerprint: 0x145f4447
Variable types: 65613 continuous, 108 integer (0 binary)
Coefficient statistics:
  Matrix range     [1e+00, 5e+00]
  Objective range  [1e+00, 5e+00]
  Bounds range     [1e+00, 1e+00]
  RHS range        [1e+00, 1e+03]

MIP start from previous solve did not produce a new incumbent solution
MIP start from previous solve violates constraint R280666 by 1.000000000

Presolve removed 267989 rows and 62038 columns
Presolve time: 1.24s
Presolved: 12679 rows, 3683 columns, 38651 nonzeros
Variable types: 3611 continuous, 72 integer (72 binary)
Performing another presolve...
Presolve removed 270 rows and 192 columns
Presolve time: 0.09s

Root relaxation: objective 4.855000e+02, 3680 iterations, 0.34 seconds (0.48 work units)

    Nodes    |    Current Node    |     Objective Bounds      |     Work
 Expl Unexpl |  Obj  Depth IntInf | Incumbent    BestBd   Gap | It/Node Time

     0     0  485.50000    0   10          -  485.50000      -     -    4s
     0     0  485.50000    0   36          -  485.50000      -     -    5s
     0     0  485.50000    0   36          -  485.50000      -     -    5s
     0     0  485.50000    0   15          -  485.50000      -     -    9s
     0     0  485.50000    0   29          -  485.50000      -     -    9s
     0     0  485.50000    0   17          -  485.50000      -     -   11s
     0     0  485.50000    0   17          -  485.50000      -     -   11s
     0     0  485.50000    0   12          -  485.50000      -     -   15s
     0     0  485.50000    0   12          -  485.50000      -     -   15s
     0     0  485.50000    0   19          -  485.50000      -     -   18s
     0     0  485.50000    0   45          -  485.50000      -     -   19s
     0     0  485.50000    0   38          -  485.50000      -     -   19s
     0     0  485.50000    0   21          -  485.50000      -     -   22s
     0     0  485.50000    0   37          -  485.50000      -     -   22s
     0     0  485.50000    0   22          -  485.50000      -     -   26s
     0     0  485.50000    0   30          -  485.50000      -     -   27s
     0     0  485.50000    0   29          -  485.50000      -     -   29s
     0     0  485.50000    0   40          -  485.50000      -     -   29s
     0     0  485.50000    0   24          -  485.50000      -     -   32s
     0     0  485.50000    0   24          -  485.50000      -     -   32s
     0     2  485.50000    0   24          -  485.50000      -     -   36s
   185   220  474.58000   11   25          -  482.50000      -  1014   40s
  1718   875  476.61111    8   17          -  480.60000      -   457   45s
  3764  1517  461.04545   12   22          -  476.33333      -   425   50s
  6281  1605  464.50000   11   21          -  473.05556      -   418   55s

Cutting planes:
  Gomory: 3
  Cover: 11
  Implied bound: 1
  Clique: 1
  MIR: 123
  Flow cover: 53
  Inf proof: 8
  RLT: 347
  BQP: 43

Explored 10576 nodes (3783581 simplex iterations) in 59.39 seconds (71.80 work units)
Thread count was 32 (of 256 available processors)

Solution count 0
No other solutions better than -1e+100

Model is infeasible
Best objective -, best bound -, gap -
[INFO] Model became infeasible under the new cuts.
End of find_pareto_solution_more_c 1 |||||||||||||||||
[0.9278131634819533, 16.5]
Printing original list
[0.9278131634819533, 16.5]
[0.8437131398914836, 17.5]
[0.7356687898089171, 18.5]
Printing list after change
[0.9278131634819533, 16.5]
[0.8437131398914836, 17.5]
[0.7356687898089171, 18.5]
[0.8437131398914836, 17.5]
Printing original list
[0.9278131634819533, 16.5]
[0.8437131398914836, 17.5]
[0.7356687898089171, 18.5]
Printing list after change
[0.9278131634819533, 16.5]
[0.8437131398914836, 17.5]
[0.7356687898089171, 18.5]
[0.7356687898089171, 18.5]
Printing original list
[0.9278131634819533, 16.5]
[0.8437131398914836, 17.5]
[0.7356687898089171, 18.5]
Printing list after change
[0.9278131634819533, 16.5]
[0.8437131398914836, 17.5]
[0.7356687898089171, 18.5]
App ending 3....................... c = 0.9416135881104034 , e = 15.5

 Total time taken: 461.61886763572693 seconds