I AM STARTING --------------------
[]
NOW I AM GOING TO SOLVE THE MODEL FOR FIRST SOLUTION
Gurobi Optimizer version 12.0.3 build v12.0.3rc0 (linux64 - "Ubuntu 22.04.5 LTS")

CPU model: AMD EPYC 7742 64-Core Processor, instruction set [SSE2|AVX|AVX2]
Thread count: 128 physical cores, 256 logical processors, using up to 32 threads

Optimize a model with 189604 rows, 45387 columns and 568998 nonzeros
Model fingerprint: 0x60a68fa8
Variable types: 0 continuous, 45387 integer (0 binary)
Coefficient statistics:
  Matrix range     [1e+00, 5e+00]
  Objective range  [1e+00, 5e+00]
  Bounds range     [1e+00, 1e+00]
  RHS range        [1e+00, 1e+03]
Presolve removed 182513 rows and 43037 columns
Presolve time: 0.79s
Presolved: 7091 rows, 2350 columns, 21631 nonzeros
Variable types: 0 continuous, 2350 integer (2350 binary)
Found heuristic solution: objective 48.0000000
Found heuristic solution: objective 157.0000000
Performing another presolve...
Presolve removed 1384 rows and 893 columns
Presolve time: 0.35s

Root relaxation: objective 4.855000e+02, 1856 iterations, 0.05 seconds (0.05 work units)

    Nodes    |    Current Node    |     Objective Bounds      |     Work
 Expl Unexpl |  Obj  Depth IntInf | Incumbent    BestBd   Gap | It/Node Time

     0     0  485.50000    0  725  157.00000  485.50000   209%     -    1s
H    0     0                     174.0000000  485.50000   179%     -    1s
H    0     0                     294.0000000  485.50000  65.1%     -    1s
H    0     0                     301.0000000  485.50000  61.3%     -    1s
H    0     0                     328.0000000  485.00000  47.9%     -    2s
     0     0  484.60000    0  784  328.00000  484.60000  47.7%     -    2s
     0     0  484.00000    0  777  328.00000  484.00000  47.6%     -    2s
     0     0  483.00000    0  822  328.00000  483.00000  47.3%     -    2s
H    0     0                     332.0000000  483.00000  45.5%     -    2s
     0     0  483.00000    0  827  332.00000  483.00000  45.5%     -    2s
     0     0  483.00000    0  763  332.00000  483.00000  45.5%     -    3s
     0     0  483.00000    0  775  332.00000  483.00000  45.5%     -    3s
     0     0  483.00000    0  735  332.00000  483.00000  45.5%     -    3s
     0     0  483.00000    0  672  332.00000  483.00000  45.5%     -    3s
     0     2  483.00000    0  654  332.00000  483.00000  45.5%     -    3s
*  105   129               8     362.0000000  480.22222  32.7%   503    4s
   334   156  370.66667   11  343  362.00000  480.22222  32.7%   295    5s

Cutting planes:
  Gomory: 1
  Cover: 2
  Implied bound: 234
  Clique: 263
  MIR: 23
  Zero half: 56
  RLT: 356
  Relax-and-lift: 2
  BQP: 131

Explored 1248 nodes (219462 simplex iterations) in 8.25 seconds (7.52 work units)
Thread count was 32 (of 256 available processors)

Solution count 8: 362 332 328 ... 48

Optimal solution found (tolerance 1.00e-04)
Best objective 3.620000000000e+02, best bound 3.620000000000e+02, gap 0.0000%
Objective value: 362.0
lam[0,0] = 0.0
lam[0,1] = 1.0
lam[0,2] = 0.0
lam[0,3] = 0.0
lam[1,0] = 0.0
lam[1,1] = 0.0
lam[1,2] = 1.0
lam[1,3] = -0.0
lam[2,0] = -0.0
lam[2,1] = -0.0
lam[2,2] = -0.0
lam[2,3] = 1.0
tau[0,0,1] = -0.0
tau[0,0,2] = 1.0
tau[0,0,L0] = -0.0
tau[0,0,L1] = -0.0
tau[0,0,L2] = 0.0
tau[0,1,1] = 1.0
tau[0,1,2] = 0.0
tau[0,1,L0] = 0.0
tau[0,1,L1] = -0.0
tau[0,1,L2] = -0.0
tau[0,2,1] = 1.0
tau[0,2,2] = -0.0
tau[0,2,L0] = 0.0
tau[0,2,L1] = -0.0
tau[0,2,L2] = 0.0
tau[0,3,1] = 0.0
tau[0,3,2] = 0.0
tau[0,3,L0] = -0.0
tau[0,3,L1] = -0.0
tau[0,3,L2] = -0.0
tau[0,4,1] = 0.0
tau[0,4,2] = 0.0
tau[0,4,L0] = -0.0
tau[0,4,L1] = -0.0
tau[0,4,L2] = -0.0
tau[0,5,1] = 0.0
tau[0,5,2] = 0.0
tau[0,5,L0] = -0.0
tau[0,5,L1] = -0.0
tau[0,5,L2] = -0.0
tau[1,0,2] = 0.0
tau[1,0,L0] = 1.0
tau[1,0,L1] = -0.0
tau[1,0,L2] = -0.0
tau[1,1,2] = 0.0
tau[1,1,L0] = 1.0
tau[1,1,L1] = -0.0
tau[1,1,L2] = -0.0
tau[1,2,2] = 1.0
tau[1,2,L0] = 0.0
tau[1,2,L1] = 0.0
tau[1,2,L2] = 0.0
tau[1,3,2] = 0.0
tau[1,3,L0] = -0.0
tau[1,3,L1] = -0.0
tau[1,3,L2] = -0.0
tau[1,4,2] = 0.0
tau[1,4,L0] = -0.0
tau[1,4,L1] = -0.0
tau[1,4,L2] = -0.0
tau[1,5,2] = 0.0
tau[1,5,L0] = -0.0
tau[1,5,L1] = -0.0
tau[1,5,L2] = -0.0
tau[2,0,L0] = 1.0
tau[2,0,L1] = 0.0
tau[2,0,L2] = -0.0
tau[2,1,L0] = 0.0
tau[2,1,L1] = 1.0
tau[2,1,L2] = -0.0
tau[2,2,L0] = 0.0
tau[2,2,L1] = 1.0
tau[2,2,L2] = -0.0
tau[2,3,L0] = -0.0
tau[2,3,L1] = -0.0
tau[2,3,L2] = -0.0
tau[2,4,L0] = -0.0
tau[2,4,L1] = -0.0
tau[2,4,L2] = -0.0
tau[2,5,L0] = -0.0
tau[2,5,L1] = -0.0
tau[2,5,L2] = -0.0
m[0,0] = 1.0
m[0,1] = 0.0
m[0,2] = 1.0
m[0,3] = 0.0
m[0,4] = 1.0
m[0,5] = 1.0
m[0,6] = 0.0
m[0,7] = 1.0
m[0,8] = 1.0
m[0,9] = 0.0
m[0,10] = 1.0
m[0,11] = 1.0
m[0,12] = 1.0
m[0,13] = 1.0
m[0,14] = 1.0
m[0,15] = 1.0
m[0,16] = 1.0
m[0,17] = 1.0
m[0,18] = 1.0
m[0,19] = 1.0
m[0,20] = 1.0
m[0,21] = 1.0
m[0,22] = 0.0
m[0,23] = 0.0
m[0,24] = 1.0
m[0,25] = 1.0
m[0,26] = 1.0
m[0,27] = 1.0
m[0,28] = 1.0
m[0,29] = 1.0
m[0,30] = 1.0
m[0,31] = 1.0
m[0,32] = 1.0
m[0,33] = 0.0
m[0,34] = 1.0
m[0,35] = 0.0
m[0,36] = 1.0
m[0,37] = 1.0
m[0,38] = 0.0
m[0,39] = 0.0
m[0,40] = 1.0
m[0,41] = 1.0
m[0,42] = 1.0
m[0,43] = 1.0
m[0,44] = 1.0
m[0,45] = 0.0
m[0,46] = 0.0
m[0,47] = 1.0
m[0,48] = 1.0
m[0,49] = 1.0
m[0,50] = 1.0
m[0,51] = 1.0
m[0,52] = 0.0
m[0,53] = 1.0
m[0,54] = 1.0
m[0,55] = 0.0
m[0,56] = 1.0
m[0,57] = 0.0
m[0,58] = 1.0
m[0,59] = 1.0
m[0,60] = 0.0
m[0,61] = 0.0
m[0,62] = 1.0
m[0,63] = 1.0
m[0,64] = 1.0
m[0,65] = 0.0
m[0,66] = 0.0
m[0,67] = 0.0
m[0,68] = 1.0
m[0,69] = 1.0
m[0,70] = 0.0
m[0,71] = 1.0
m[0,72] = 0.0
m[0,73] = 0.0
m[0,74] = 1.0
m[0,75] = 1.0
m[0,76] = 1.0
m[0,77] = 0.0
m[0,78] = 1.0
m[0,79] = 1.0
m[0,80] = 1.0
m[0,81] = 1.0
m[0,82] = 1.0
m[0,83] = 1.0
m[0,84] = 1.0
m[0,85] = 0.0
m[0,86] = 0.0
m[0,87] = 1.0
m[0,88] = 1.0
m[0,89] = 1.0
m[0,90] = 0.0
m[0,91] = 1.0
m[0,92] = 1.0
m[0,93] = 1.0
m[0,94] = 1.0
m[0,95] = 1.0
m[0,96] = 1.0
m[0,97] = 1.0
m[0,98] = 1.0
m[0,99] = 0.0
m[0,100] = 1.0
m[0,101] = 1.0
m[0,102] = 1.0
m[0,103] = 1.0
m[0,104] = 1.0
m[0,105] = 0.0
m[0,106] = 1.0
m[0,107] = 1.0
m[0,108] = 1.0
m[0,109] = 1.0
m[0,110] = 1.0
m[0,111] = 1.0
m[0,112] = 0.0
m[0,113] = 1.0
m[0,114] = 1.0
m[0,115] = 1.0
m[0,116] = 1.0
m[0,117] = 0.0
m[0,118] = 1.0
m[0,119] = 0.0
m[0,120] = 1.0
m[0,121] = 1.0
m[0,122] = 1.0
m[0,123] = 1.0
m[0,124] = 1.0
m[0,125] = 1.0
m[0,126] = 1.0
m[0,127] = 1.0
m[0,128] = 0.0
m[0,129] = 1.0
m[0,130] = 1.0
m[0,131] = 0.0
m[0,132] = 1.0
m[0,133] = 1.0
m[0,134] = 0.0
m[0,135] = 1.0
m[0,136] = 1.0
m[0,137] = 1.0
m[0,138] = 1.0
m[0,139] = 0.0
m[0,140] = 1.0
m[0,141] = 1.0
m[0,142] = 1.0
m[0,143] = 1.0
m[0,144] = 1.0
m[0,145] = 1.0
m[0,146] = 1.0
m[0,147] = 1.0
m[0,148] = 1.0
m[0,149] = 0.0
m[0,150] = 1.0
m[0,151] = 1.0
m[0,152] = 1.0
m[0,153] = 1.0
m[0,154] = 1.0
m[0,155] = 1.0
m[0,156] = 1.0
m[0,157] = 0.0
m[0,158] = 1.0
m[0,159] = 1.0
m[0,160] = 1.0
m[0,161] = 1.0
m[0,162] = 1.0
m[0,163] = 0.0
m[0,164] = 1.0
m[0,165] = 1.0
m[0,166] = 0.0
m[0,167] = 1.0
m[0,168] = 1.0
m[0,169] = 0.0
m[0,170] = 1.0
m[0,171] = 1.0
m[0,172] = 1.0
m[0,173] = 1.0
m[0,174] = 1.0
m[0,175] = 0.0
m[0,176] = 0.0
m[0,177] = 1.0
m[0,178] = 1.0
m[0,179] = 1.0
m[0,180] = 0.0
m[0,181] = 0.0
m[0,182] = 0.0
m[0,183] = 1.0
m[0,184] = 0.0
m[0,185] = 1.0
m[0,186] = 1.0
m[0,187] = 1.0
m[0,188] = 1.0
m[0,189] = 1.0
m[0,190] = 1.0
m[0,191] = 0.0
m[0,192] = 0.0
m[0,193] = 1.0
m[0,194] = 1.0
m[0,195] = 1.0
m[0,196] = 1.0
m[0,197] = 1.0
m[0,198] = 1.0
m[0,199] = 1.0
m[0,200] = 0.0
m[0,201] = 1.0
m[0,202] = 1.0
m[0,203] = 1.0
m[0,204] = 1.0
m[0,205] = 0.0
m[0,206] = 1.0
m[0,207] = 1.0
m[0,208] = 1.0
m[0,209] = 0.0
m[0,210] = 1.0
m[0,211] = 1.0
m[0,212] = 0.0
m[0,213] = 1.0
m[0,214] = 0.0
m[0,215] = 1.0
m[0,216] = 1.0
m[0,217] = 1.0
m[0,218] = 1.0
m[0,219] = 0.0
m[0,220] = 1.0
m[0,221] = 1.0
m[0,222] = 1.0
m[0,223] = 1.0
m[0,224] = 1.0
m[0,225] = 1.0
m[0,226] = 1.0
m[0,227] = 1.0
m[0,228] = 1.0
m[0,229] = 1.0
m[0,230] = 0.0
m[0,231] = 1.0
m[0,232] = 1.0
m[0,233] = 1.0
m[0,234] = 1.0
m[0,235] = 1.0
m[0,236] = 1.0
m[0,237] = 0.0
m[0,238] = 0.0
m[0,239] = 1.0
m[0,240] = 0.0
m[0,241] = 1.0
m[0,242] = 1.0
m[0,243] = 0.0
m[0,244] = 1.0
m[0,245] = 1.0
m[0,246] = 1.0
m[0,247] = 1.0
m[0,248] = 1.0
m[0,249] = 1.0
m[0,250] = 1.0
m[0,251] = 1.0
m[0,252] = 1.0
m[0,253] = 1.0
m[0,254] = 1.0
m[0,255] = 1.0
m[0,256] = 1.0
m[0,257] = 1.0
m[0,258] = 1.0
m[0,259] = 1.0
m[0,260] = 0.0
m[0,261] = 0.0
m[0,262] = 1.0
m[0,263] = 1.0
m[0,264] = 0.0
m[0,265] = 0.0
m[0,266] = 1.0
m[0,267] = 1.0
m[0,268] = 1.0
m[0,269] = 1.0
m[0,270] = 0.0
m[0,271] = 1.0
m[0,272] = 1.0
m[0,273] = 1.0
m[0,274] = 1.0
m[0,275] = 1.0
m[0,276] = 1.0
m[0,277] = 1.0
m[0,278] = 1.0
m[0,279] = 1.0
m[0,280] = 1.0
m[0,281] = 1.0
m[0,282] = 1.0
m[0,283] = 0.0
m[0,284] = 0.0
m[0,285] = 0.0
m[0,286] = 1.0
m[0,287] = 1.0
m[0,288] = 1.0
m[0,289] = 1.0
m[0,290] = 1.0
m[0,291] = 1.0
m[0,292] = 1.0
m[0,293] = 1.0
m[0,294] = 1.0
m[0,295] = 1.0
m[0,296] = 1.0
m[0,297] = 1.0
m[0,298] = 1.0
m[0,299] = 1.0
m[0,300] = 0.0
m[0,301] = 1.0
m[0,302] = 1.0
m[0,303] = 1.0
m[0,304] = 0.0
m[0,305] = 1.0
m[0,306] = 1.0
m[0,307] = 1.0
m[0,308] = 0.0
m[0,309] = 1.0
m[0,310] = 1.0
m[0,311] = 1.0
m[0,312] = 1.0
m[0,313] = 1.0
m[0,314] = 1.0
m[0,315] = 1.0
m[0,316] = 1.0
m[0,317] = 0.0
m[0,318] = 1.0
m[0,319] = 1.0
m[0,320] = 0.0
m[0,321] = 1.0
m[0,322] = 1.0
m[0,323] = 1.0
m[0,324] = 1.0
m[0,325] = 0.0
m[0,326] = 1.0
m[0,327] = 1.0
m[0,328] = 0.0
m[0,329] = 1.0
m[0,330] = 1.0
m[0,331] = 1.0
m[0,332] = 0.0
m[0,333] = 1.0
m[0,334] = 1.0
m[0,335] = 1.0
m[0,336] = 1.0
m[0,337] = 1.0
m[0,338] = 1.0
m[0,339] = 0.0
m[0,340] = 1.0
m[0,341] = 1.0
m[0,342] = 0.0
m[0,343] = 0.0
m[0,344] = 1.0
m[0,345] = 1.0
m[0,346] = 1.0
m[0,347] = 1.0
m[0,348] = 0.0
m[0,349] = 1.0
m[0,350] = 1.0
m[0,351] = 1.0
m[0,352] = 1.0
m[0,353] = 0.0
m[0,354] = 0.0
m[0,355] = 1.0
m[0,356] = 1.0
m[0,357] = 1.0
m[0,358] = 1.0
m[0,359] = 0.0
m[0,360] = 1.0
m[0,361] = 1.0
m[0,362] = 1.0
m[0,363] = 1.0
m[0,364] = 1.0
m[0,365] = 1.0
m[0,366] = 1.0
m[0,367] = 1.0
m[0,368] = 1.0
m[0,369] = 1.0
m[0,370] = 1.0
m[0,371] = 1.0
m[0,372] = 1.0
m[0,373] = 0.0
m[0,374] = 1.0
m[0,375] = 1.0
m[0,376] = 1.0
m[0,377] = 1.0
m[0,378] = 1.0
m[0,379] = 0.0
m[0,380] = 0.0
m[0,381] = 1.0
m[0,382] = 1.0
m[0,383] = 0.0
m[0,384] = 0.0
m[0,385] = 1.0
m[0,386] = 1.0
m[0,387] = 0.0
m[0,388] = 1.0
m[0,389] = 1.0
m[0,390] = 1.0
m[0,391] = 1.0
m[0,392] = 0.0
m[0,393] = 1.0
m[0,394] = 1.0
m[0,395] = 0.0
m[0,396] = 0.0
m[0,397] = 1.0
m[0,398] = 0.0
m[0,399] = 1.0
m[0,400] = 1.0
m[0,401] = 1.0
m[0,402] = 0.0
m[0,403] = 1.0
m[0,404] = 1.0
m[0,405] = 1.0
m[0,406] = 0.0
m[0,407] = 1.0
m[0,408] = 1.0
m[0,409] = 1.0
m[0,410] = 1.0
m[0,411] = 0.0
m[0,412] = 1.0
m[0,413] = 0.0
m[0,414] = 0.0
m[0,415] = 1.0
m[0,416] = 1.0
m[0,417] = 1.0
m[0,418] = 0.0
m[0,419] = 1.0
m[0,420] = 1.0
m[0,421] = 1.0
m[0,422] = 1.0
m[0,423] = 1.0
m[0,424] = 1.0
m[0,425] = 0.0
m[0,426] = 0.0
m[0,427] = 0.0
m[0,428] = 1.0
m[0,429] = 0.0
m[0,430] = 0.0
m[0,431] = 0.0
m[0,432] = 1.0
m[0,433] = 0.0
m[0,434] = 1.0
m[0,435] = 1.0
m[0,436] = 0.0
m[0,437] = 0.0
m[0,438] = 0.0
m[0,439] = 0.0
m[0,440] = 0.0
m[0,441] = 0.0
m[0,442] = 0.0
m[0,443] = 0.0
m[0,444] = 0.0
m[0,445] = 1.0
m[0,446] = 1.0
m[0,447] = 1.0
m[0,448] = 1.0
m[0,449] = 1.0
m[0,450] = 1.0
m[0,451] = 1.0
m[0,452] = 0.0
m[0,453] = 1.0
m[0,454] = 0.0
m[0,455] = 1.0
m[0,456] = 1.0
m[0,457] = 1.0
m[0,458] = 1.0
m[0,459] = 1.0
m[0,460] = 0.0
m[0,461] = 1.0
m[0,462] = 0.0
m[0,463] = 1.0
m[0,464] = 1.0
m[0,465] = 1.0
m[0,466] = 1.0
m[0,467] = 1.0
m[0,468] = 0.0
m[0,469] = 0.0
m[0,470] = 1.0
u[0] = 1.0
u[1] = 1.0
u[2] = 1.0
o_u[0,0] = 0.0
o_u[0,1] = 1.0
o_u[0,2] = 0.0
o_u[0,3] = 0.0
o_u[1,0] = -0.0
o_u[1,1] = 0.0
o_u[1,2] = 1.0
o_u[1,3] = -0.0
o_u[2,0] = 0.0
o_u[2,1] = -0.0
o_u[2,2] = 0.0
o_u[2,3] = 1.0
------------------------------------------------------------------------
------------------------------------------------------------------------
Saved hierarchical tree visualization to milp_tree_levels.png
[]
Gurobi Optimizer version 12.0.3 build v12.0.3rc0 (linux64 - "Ubuntu 22.04.5 LTS")

CPU model: AMD EPYC 7742 64-Core Processor, instruction set [SSE2|AVX|AVX2]
Thread count: 128 physical cores, 256 logical processors, using up to 32 threads

Optimize a model with 189604 rows, 45387 columns and 568998 nonzeros
Model fingerprint: 0x60a68fa8
Variable types: 0 continuous, 45387 integer (0 binary)
Coefficient statistics:
  Matrix range     [1e+00, 5e+00]
  Objective range  [1e+00, 5e+00]
  Bounds range     [1e+00, 1e+00]
  RHS range        [1e+00, 1e+03]
Presolve removed 182513 rows and 43037 columns
Presolve time: 0.79s
Presolved: 7091 rows, 2350 columns, 21631 nonzeros
Variable types: 0 continuous, 2350 integer (2350 binary)
Found heuristic solution: objective 48.0000000
Found heuristic solution: objective 157.0000000
Performing another presolve...
Presolve removed 1384 rows and 893 columns
Presolve time: 0.35s

Root relaxation: objective 4.855000e+02, 1856 iterations, 0.05 seconds (0.05 work units)

    Nodes    |    Current Node    |     Objective Bounds      |     Work
 Expl Unexpl |  Obj  Depth IntInf | Incumbent    BestBd   Gap | It/Node Time

     0     0  485.50000    0  725  157.00000  485.50000   209%     -    1s
H    0     0                     174.0000000  485.50000   179%     -    1s
H    0     0                     294.0000000  485.50000  65.1%     -    1s
H    0     0                     301.0000000  485.50000  61.3%     -    1s
H    0     0                     328.0000000  485.00000  47.9%     -    2s
     0     0  484.60000    0  784  328.00000  484.60000  47.7%     -    2s
     0     0  484.00000    0  777  328.00000  484.00000  47.6%     -    2s
     0     0  483.00000    0  822  328.00000  483.00000  47.3%     -    3s
H    0     0                     332.0000000  483.00000  45.5%     -    3s
     0     0  483.00000    0  827  332.00000  483.00000  45.5%     -    3s
     0     0  483.00000    0  763  332.00000  483.00000  45.5%     -    3s
     0     0  483.00000    0  775  332.00000  483.00000  45.5%     -    3s
     0     0  483.00000    0  735  332.00000  483.00000  45.5%     -    3s
     0     0  483.00000    0  672  332.00000  483.00000  45.5%     -    3s
     0     2  483.00000    0  654  332.00000  483.00000  45.5%     -    3s
    81   129  460.00000    7  657  332.00000  480.22222  44.6%   597    5s
*  105   129               8     362.0000000  480.22222  32.7%   503    5s

Cutting planes:
  Gomory: 1
  Cover: 2
  Implied bound: 234
  Clique: 263
  MIR: 23
  Zero half: 56
  RLT: 356
  Relax-and-lift: 2
  BQP: 131

Explored 1248 nodes (219462 simplex iterations) in 8.54 seconds (7.52 work units)
Thread count was 32 (of 256 available processors)

Solution count 8: 362 332 328 ... 48

Optimal solution found (tolerance 1.00e-04)
Best objective 3.620000000000e+02, best bound 3.620000000000e+02, gap 0.0000%
Objective value: 362.0
lam[0,0] = 0.0
lam[0,1] = 1.0
lam[0,2] = 0.0
lam[0,3] = 0.0
lam[1,0] = 0.0
lam[1,1] = 0.0
lam[1,2] = 1.0
lam[1,3] = -0.0
lam[2,0] = -0.0
lam[2,1] = -0.0
lam[2,2] = -0.0
lam[2,3] = 1.0
tau[0,0,1] = -0.0
tau[0,0,2] = 1.0
tau[0,0,L0] = -0.0
tau[0,0,L1] = -0.0
tau[0,0,L2] = 0.0
tau[0,1,1] = 1.0
tau[0,1,2] = 0.0
tau[0,1,L0] = 0.0
tau[0,1,L1] = -0.0
tau[0,1,L2] = -0.0
tau[0,2,1] = 1.0
tau[0,2,2] = -0.0
tau[0,2,L0] = 0.0
tau[0,2,L1] = -0.0
tau[0,2,L2] = 0.0
tau[0,3,1] = 0.0
tau[0,3,2] = 0.0
tau[0,3,L0] = -0.0
tau[0,3,L1] = -0.0
tau[0,3,L2] = -0.0
tau[0,4,1] = 0.0
tau[0,4,2] = 0.0
tau[0,4,L0] = -0.0
tau[0,4,L1] = -0.0
tau[0,4,L2] = -0.0
tau[0,5,1] = 0.0
tau[0,5,2] = 0.0
tau[0,5,L0] = -0.0
tau[0,5,L1] = -0.0
tau[0,5,L2] = -0.0
tau[1,0,2] = 0.0
tau[1,0,L0] = 1.0
tau[1,0,L1] = -0.0
tau[1,0,L2] = -0.0
tau[1,1,2] = 0.0
tau[1,1,L0] = 1.0
tau[1,1,L1] = -0.0
tau[1,1,L2] = -0.0
tau[1,2,2] = 1.0
tau[1,2,L0] = 0.0
tau[1,2,L1] = 0.0
tau[1,2,L2] = 0.0
tau[1,3,2] = 0.0
tau[1,3,L0] = -0.0
tau[1,3,L1] = -0.0
tau[1,3,L2] = -0.0
tau[1,4,2] = 0.0
tau[1,4,L0] = -0.0
tau[1,4,L1] = -0.0
tau[1,4,L2] = -0.0
tau[1,5,2] = 0.0
tau[1,5,L0] = -0.0
tau[1,5,L1] = -0.0
tau[1,5,L2] = -0.0
tau[2,0,L0] = 1.0
tau[2,0,L1] = 0.0
tau[2,0,L2] = -0.0
tau[2,1,L0] = 0.0
tau[2,1,L1] = 1.0
tau[2,1,L2] = -0.0
tau[2,2,L0] = 0.0
tau[2,2,L1] = 1.0
tau[2,2,L2] = -0.0
tau[2,3,L0] = -0.0
tau[2,3,L1] = -0.0
tau[2,3,L2] = -0.0
tau[2,4,L0] = -0.0
tau[2,4,L1] = -0.0
tau[2,4,L2] = -0.0
tau[2,5,L0] = -0.0
tau[2,5,L1] = -0.0
tau[2,5,L2] = -0.0
m[0,0] = 1.0
m[0,1] = 0.0
m[0,2] = 1.0
m[0,3] = 0.0
m[0,4] = 1.0
m[0,5] = 1.0
m[0,6] = 0.0
m[0,7] = 1.0
m[0,8] = 1.0
m[0,9] = 0.0
m[0,10] = 1.0
m[0,11] = 1.0
m[0,12] = 1.0
m[0,13] = 1.0
m[0,14] = 1.0
m[0,15] = 1.0
m[0,16] = 1.0
m[0,17] = 1.0
m[0,18] = 1.0
m[0,19] = 1.0
m[0,20] = 1.0
m[0,21] = 1.0
m[0,22] = 0.0
m[0,23] = 0.0
m[0,24] = 1.0
m[0,25] = 1.0
m[0,26] = 1.0
m[0,27] = 1.0
m[0,28] = 1.0
m[0,29] = 1.0
m[0,30] = 1.0
m[0,31] = 1.0
m[0,32] = 1.0
m[0,33] = 0.0
m[0,34] = 1.0
m[0,35] = 0.0
m[0,36] = 1.0
m[0,37] = 1.0
m[0,38] = 0.0
m[0,39] = 0.0
m[0,40] = 1.0
m[0,41] = 1.0
m[0,42] = 1.0
m[0,43] = 1.0
m[0,44] = 1.0
m[0,45] = 0.0
m[0,46] = 0.0
m[0,47] = 1.0
m[0,48] = 1.0
m[0,49] = 1.0
m[0,50] = 1.0
m[0,51] = 1.0
m[0,52] = 0.0
m[0,53] = 1.0
m[0,54] = 1.0
m[0,55] = 0.0
m[0,56] = 1.0
m[0,57] = 0.0
m[0,58] = 1.0
m[0,59] = 1.0
m[0,60] = 0.0
m[0,61] = 0.0
m[0,62] = 1.0
m[0,63] = 1.0
m[0,64] = 1.0
m[0,65] = 0.0
m[0,66] = 0.0
m[0,67] = 0.0
m[0,68] = 1.0
m[0,69] = 1.0
m[0,70] = 0.0
m[0,71] = 1.0
m[0,72] = 0.0
m[0,73] = 0.0
m[0,74] = 1.0
m[0,75] = 1.0
m[0,76] = 1.0
m[0,77] = 0.0
m[0,78] = 1.0
m[0,79] = 1.0
m[0,80] = 1.0
m[0,81] = 1.0
m[0,82] = 1.0
m[0,83] = 1.0
m[0,84] = 1.0
m[0,85] = 0.0
m[0,86] = 0.0
m[0,87] = 1.0
m[0,88] = 1.0
m[0,89] = 1.0
m[0,90] = 0.0
m[0,91] = 1.0
m[0,92] = 1.0
m[0,93] = 1.0
m[0,94] = 1.0
m[0,95] = 1.0
m[0,96] = 1.0
m[0,97] = 1.0
m[0,98] = 1.0
m[0,99] = 0.0
m[0,100] = 1.0
m[0,101] = 1.0
m[0,102] = 1.0
m[0,103] = 1.0
m[0,104] = 1.0
m[0,105] = 0.0
m[0,106] = 1.0
m[0,107] = 1.0
m[0,108] = 1.0
m[0,109] = 1.0
m[0,110] = 1.0
m[0,111] = 1.0
m[0,112] = 0.0
m[0,113] = 1.0
m[0,114] = 1.0
m[0,115] = 1.0
m[0,116] = 1.0
m[0,117] = 0.0
m[0,118] = 1.0
m[0,119] = 0.0
m[0,120] = 1.0
m[0,121] = 1.0
m[0,122] = 1.0
m[0,123] = 1.0
m[0,124] = 1.0
m[0,125] = 1.0
m[0,126] = 1.0
m[0,127] = 1.0
m[0,128] = 0.0
m[0,129] = 1.0
m[0,130] = 1.0
m[0,131] = 0.0
m[0,132] = 1.0
m[0,133] = 1.0
m[0,134] = 0.0
m[0,135] = 1.0
m[0,136] = 1.0
m[0,137] = 1.0
m[0,138] = 1.0
m[0,139] = 0.0
m[0,140] = 1.0
m[0,141] = 1.0
m[0,142] = 1.0
m[0,143] = 1.0
m[0,144] = 1.0
m[0,145] = 1.0
m[0,146] = 1.0
m[0,147] = 1.0
m[0,148] = 1.0
m[0,149] = 0.0
m[0,150] = 1.0
m[0,151] = 1.0
m[0,152] = 1.0
m[0,153] = 1.0
m[0,154] = 1.0
m[0,155] = 1.0
m[0,156] = 1.0
m[0,157] = 0.0
m[0,158] = 1.0
m[0,159] = 1.0
m[0,160] = 1.0
m[0,161] = 1.0
m[0,162] = 1.0
m[0,163] = 0.0
m[0,164] = 1.0
m[0,165] = 1.0
m[0,166] = 0.0
m[0,167] = 1.0
m[0,168] = 1.0
m[0,169] = 0.0
m[0,170] = 1.0
m[0,171] = 1.0
m[0,172] = 1.0
m[0,173] = 1.0
m[0,174] = 1.0
m[0,175] = 0.0
m[0,176] = 0.0
m[0,177] = 1.0
m[0,178] = 1.0
m[0,179] = 1.0
m[0,180] = 0.0
m[0,181] = 0.0
m[0,182] = 0.0
m[0,183] = 1.0
m[0,184] = 0.0
m[0,185] = 1.0
m[0,186] = 1.0
m[0,187] = 1.0
m[0,188] = 1.0
m[0,189] = 1.0
m[0,190] = 1.0
m[0,191] = 0.0
m[0,192] = 0.0
m[0,193] = 1.0
m[0,194] = 1.0
m[0,195] = 1.0
m[0,196] = 1.0
m[0,197] = 1.0
m[0,198] = 1.0
m[0,199] = 1.0
m[0,200] = 0.0
m[0,201] = 1.0
m[0,202] = 1.0
m[0,203] = 1.0
m[0,204] = 1.0
m[0,205] = 0.0
m[0,206] = 1.0
m[0,207] = 1.0
m[0,208] = 1.0
m[0,209] = 0.0
m[0,210] = 1.0
m[0,211] = 1.0
m[0,212] = 0.0
m[0,213] = 1.0
m[0,214] = 0.0
m[0,215] = 1.0
m[0,216] = 1.0
m[0,217] = 1.0
m[0,218] = 1.0
m[0,219] = 0.0
m[0,220] = 1.0
m[0,221] = 1.0
m[0,222] = 1.0
m[0,223] = 1.0
m[0,224] = 1.0
m[0,225] = 1.0
m[0,226] = 1.0
m[0,227] = 1.0
m[0,228] = 1.0
m[0,229] = 1.0
m[0,230] = 0.0
m[0,231] = 1.0
m[0,232] = 1.0
m[0,233] = 1.0
m[0,234] = 1.0
m[0,235] = 1.0
m[0,236] = 1.0
m[0,237] = 0.0
m[0,238] = 0.0
m[0,239] = 1.0
m[0,240] = 0.0
m[0,241] = 1.0
m[0,242] = 1.0
m[0,243] = 0.0
m[0,244] = 1.0
m[0,245] = 1.0
m[0,246] = 1.0
m[0,247] = 1.0
m[0,248] = 1.0
m[0,249] = 1.0
m[0,250] = 1.0
m[0,251] = 1.0
m[0,252] = 1.0
m[0,253] = 1.0
m[0,254] = 1.0
m[0,255] = 1.0
m[0,256] = 1.0
m[0,257] = 1.0
m[0,258] = 1.0
m[0,259] = 1.0
m[0,260] = 0.0
m[0,261] = 0.0
m[0,262] = 1.0
m[0,263] = 1.0
m[0,264] = 0.0
m[0,265] = 0.0
m[0,266] = 1.0
m[0,267] = 1.0
m[0,268] = 1.0
m[0,269] = 1.0
m[0,270] = 0.0
m[0,271] = 1.0
m[0,272] = 1.0
m[0,273] = 1.0
m[0,274] = 1.0
m[0,275] = 1.0
m[0,276] = 1.0
m[0,277] = 1.0
m[0,278] = 1.0
m[0,279] = 1.0
m[0,280] = 1.0
m[0,281] = 1.0
m[0,282] = 1.0
m[0,283] = 0.0
m[0,284] = 0.0
m[0,285] = 0.0
m[0,286] = 1.0
m[0,287] = 1.0
m[0,288] = 1.0
m[0,289] = 1.0
m[0,290] = 1.0
m[0,291] = 1.0
m[0,292] = 1.0
m[0,293] = 1.0
m[0,294] = 1.0
m[0,295] = 1.0
m[0,296] = 1.0
m[0,297] = 1.0
m[0,298] = 1.0
m[0,299] = 1.0
m[0,300] = 0.0
m[0,301] = 1.0
m[0,302] = 1.0
m[0,303] = 1.0
m[0,304] = 0.0
m[0,305] = 1.0
m[0,306] = 1.0
m[0,307] = 1.0
m[0,308] = 0.0
m[0,309] = 1.0
m[0,310] = 1.0
m[0,311] = 1.0
m[0,312] = 1.0
m[0,313] = 1.0
m[0,314] = 1.0
m[0,315] = 1.0
m[0,316] = 1.0
m[0,317] = 0.0
m[0,318] = 1.0
m[0,319] = 1.0
m[0,320] = 0.0
m[0,321] = 1.0
m[0,322] = 1.0
m[0,323] = 1.0
m[0,324] = 1.0
m[0,325] = 0.0
m[0,326] = 1.0
m[0,327] = 1.0
m[0,328] = 0.0
m[0,329] = 1.0
m[0,330] = 1.0
m[0,331] = 1.0
m[0,332] = 0.0
m[0,333] = 1.0
m[0,334] = 1.0
m[0,335] = 1.0
m[0,336] = 1.0
m[0,337] = 1.0
m[0,338] = 1.0
m[0,339] = 0.0
m[0,340] = 1.0
m[0,341] = 1.0
m[0,342] = 0.0
m[0,343] = 0.0
m[0,344] = 1.0
m[0,345] = 1.0
m[0,346] = 1.0
m[0,347] = 1.0
m[0,348] = 0.0
m[0,349] = 1.0
m[0,350] = 1.0
m[0,351] = 1.0
m[0,352] = 1.0
m[0,353] = 0.0
m[0,354] = 0.0
m[0,355] = 1.0
m[0,356] = 1.0
m[0,357] = 1.0
m[0,358] = 1.0
m[0,359] = 0.0
m[0,360] = 1.0
m[0,361] = 1.0
m[0,362] = 1.0
m[0,363] = 1.0
m[0,364] = 1.0
m[0,365] = 1.0
m[0,366] = 1.0
m[0,367] = 1.0
m[0,368] = 1.0
m[0,369] = 1.0
m[0,370] = 1.0
m[0,371] = 1.0
m[0,372] = 1.0
m[0,373] = 0.0
m[0,374] = 1.0
m[0,375] = 1.0
m[0,376] = 1.0
m[0,377] = 1.0
m[0,378] = 1.0
m[0,379] = 0.0
m[0,380] = 0.0
m[0,381] = 1.0
m[0,382] = 1.0
m[0,383] = 0.0
m[0,384] = 0.0
m[0,385] = 1.0
m[0,386] = 1.0
m[0,387] = 0.0
m[0,388] = 1.0
m[0,389] = 1.0
m[0,390] = 1.0
m[0,391] = 1.0
m[0,392] = 0.0
m[0,393] = 1.0
m[0,394] = 1.0
m[0,395] = 0.0
m[0,396] = 0.0
m[0,397] = 1.0
m[0,398] = 0.0
m[0,399] = 1.0
m[0,400] = 1.0
m[0,401] = 1.0
m[0,402] = 0.0
m[0,403] = 1.0
m[0,404] = 1.0
m[0,405] = 1.0
m[0,406] = 0.0
m[0,407] = 1.0
m[0,408] = 1.0
m[0,409] = 1.0
m[0,410] = 1.0
m[0,411] = 0.0
m[0,412] = 1.0
m[0,413] = 0.0
m[0,414] = 0.0
m[0,415] = 1.0
m[0,416] = 1.0
m[0,417] = 1.0
m[0,418] = 0.0
m[0,419] = 1.0
m[0,420] = 1.0
m[0,421] = 1.0
m[0,422] = 1.0
m[0,423] = 1.0
m[0,424] = 1.0
m[0,425] = 0.0
m[0,426] = 0.0
m[0,427] = 0.0
m[0,428] = 1.0
m[0,429] = 0.0
m[0,430] = 0.0
m[0,431] = 0.0
m[0,432] = 1.0
m[0,433] = 0.0
m[0,434] = 1.0
m[0,435] = 1.0
m[0,436] = 0.0
m[0,437] = 0.0
m[0,438] = 0.0
m[0,439] = 0.0
m[0,440] = 0.0
m[0,441] = 0.0
m[0,442] = 0.0
m[0,443] = 0.0
m[0,444] = 0.0
m[0,445] = 1.0
m[0,446] = 1.0
m[0,447] = 1.0
m[0,448] = 1.0
m[0,449] = 1.0
m[0,450] = 1.0
m[0,451] = 1.0
m[0,452] = 0.0
m[0,453] = 1.0
m[0,454] = 0.0
m[0,455] = 1.0
m[0,456] = 1.0
m[0,457] = 1.0
m[0,458] = 1.0
m[0,459] = 1.0
m[0,460] = 0.0
m[0,461] = 1.0
m[0,462] = 0.0
m[0,463] = 1.0
m[0,464] = 1.0
m[0,465] = 1.0
m[0,466] = 1.0
m[0,467] = 1.0
m[0,468] = 0.0
m[0,469] = 0.0
m[0,470] = 1.0
u[0] = 1.0
u[1] = 1.0
u[2] = 1.0
o_u[0,0] = 0.0
o_u[0,1] = 1.0
o_u[0,2] = 0.0
o_u[0,3] = 0.0
o_u[1,0] = -0.0
o_u[1,1] = 0.0
o_u[1,2] = 1.0
o_u[1,3] = -0.0
o_u[2,0] = 0.0
o_u[2,1] = -0.0
o_u[2,2] = 0.0
o_u[2,3] = 1.0
------------------------------------------------------------------------
------------------------------------------------------------------------
Saved hierarchical tree visualization to milp_tree_levels.png
THIS IS THE INITIAL CORRECTNESS 0.7430997876857749
THIS IS THE INITIAL EXPLAINABILITY 12.0
Inside find_pareto_solution_more_e
----------------------------------
THE CURRENT CORRECTNESS IS: 0.7430997876857749, AND THE CURRENT EXPLAINABILITY IS: 12.0
Gurobi Optimizer version 12.0.3 build v12.0.3rc0 (linux64 - "Ubuntu 22.04.5 LTS")

CPU model: AMD EPYC 7742 64-Core Processor, instruction set [SSE2|AVX|AVX2]
Thread count: 128 physical cores, 256 logical processors, using up to 32 threads

Optimize a model with 189606 rows, 45387 columns and 569484 nonzeros
Model fingerprint: 0x533c5cee
Variable types: 0 continuous, 45387 integer (0 binary)
Coefficient statistics:
  Matrix range     [1e+00, 5e+00]
  Objective range  [1e+00, 5e+00]
  Bounds range     [1e+00, 1e+00]
  RHS range        [1e+00, 1e+03]

MIP start from previous solve did not produce a new incumbent solution
MIP start from previous solve violates constraint R189604 by 1.000000000

Presolve removed 161600 rows and 37143 columns (presolve time = 5s)...
Presolve removed 163635 rows and 38571 columns
Presolve time: 8.28s
Presolved: 25971 rows, 6816 columns, 81204 nonzeros
Variable types: 0 continuous, 6816 integer (6816 binary)
Found heuristic solution: objective 55.0000000
Performing another presolve...
Presolve removed 2905 rows and 623 columns
Presolve time: 1.11s

Root simplex log...

Iteration    Objective       Primal Inf.    Dual Inf.      Time
       0    3.8400000e+02   1.621000e+03   0.000000e+00     10s
    4576    3.6366585e+02   7.036556e+02   0.000000e+00     10s
    8690    3.6366667e+02   0.000000e+00   0.000000e+00     11s

Root relaxation: objective 3.636667e+02, 8690 iterations, 1.61 seconds (2.01 work units)
Total elapsed time = 11.21s (DegenMoves)

    Nodes    |    Current Node    |     Objective Bounds      |     Work
 Expl Unexpl |  Obj  Depth IntInf | Incumbent    BestBd   Gap | It/Node Time

     0     0  363.66667    0 1049   55.00000  363.66667   561%     -   13s
H    0     0                     268.0000000  363.66667  35.7%     -   13s
     0     0  363.00000    0 1338  268.00000  363.00000  35.4%     -   16s
     0     0  363.00000    0 1382  268.00000  363.00000  35.4%     -   16s
     0     0  363.00000    0 1349  268.00000  363.00000  35.4%     -   18s
H    0     0                     334.0000000  363.00000  8.68%     -   18s
     0     0  363.00000    0 1342  334.00000  363.00000  8.68%     -   18s
     0     0  363.00000    0 1448  334.00000  363.00000  8.68%     -   22s
     0     0  363.00000    0 1599  334.00000  363.00000  8.68%     -   22s
     0     0  363.00000    0 1367  334.00000  363.00000  8.68%     -   22s
     0     0  363.00000    0 1252  334.00000  363.00000  8.68%     -   26s
     0     0  363.00000    0 1288  334.00000  363.00000  8.68%     -   26s
     0     0  363.00000    0 1046  334.00000  363.00000  8.68%     -   28s
     0     0  363.00000    0  703  334.00000  363.00000  8.68%     -   34s
     0     0  363.00000    0 1389  334.00000  363.00000  8.68%     -   36s
     0     0  363.00000    0 1359  334.00000  363.00000  8.68%     -   37s
     0     0  363.00000    0 1489  334.00000  363.00000  8.68%     -   38s
     0     0  363.00000    0 1570  334.00000  363.00000  8.68%     -   38s
     0     0  363.00000    0  928  334.00000  363.00000  8.68%     -   43s
     0     0  363.00000    0 1021  334.00000  363.00000  8.68%     -   43s
     0     0  363.00000    0 1285  334.00000  363.00000  8.68%     -   47s
     0     0  363.00000    0 1285  334.00000  363.00000  8.68%     -   48s
     0     2  363.00000    0 1285  334.00000  363.00000  8.68%     -   52s
    15    30  363.00000    4 2027  334.00000  363.00000  8.68%  1283   55s
   221   170  362.94134    9 1895  334.00000  363.00000  8.68%   869   60s
   454   182     cutoff   14       334.00000  363.00000  8.68%   823   65s
H  561   168                     339.0000000  363.00000  7.08%   792   67s
   709   149     cutoff   15       339.00000  363.00000  7.08%   790   70s
  1099   115     cutoff   14       339.00000  363.00000  7.08%   783   75s
  1222    65  341.33333   11  900  339.00000  363.00000  7.08%   785   82s
  1355    25  359.50000   13 1467  339.00000  362.94155  7.06%   782   87s

Cutting planes:
  Gomory: 1
  Cover: 8
  Implied bound: 82
  Clique: 1307
  MIR: 87
  Inf proof: 5
  Zero half: 99
  RLT: 418
  Relax-and-lift: 83
  BQP: 171

Explored 1477 nodes (1252382 simplex iterations) in 89.29 seconds (95.92 work units)
Thread count was 32 (of 256 available processors)

Solution count 4: 339 334 268 55 

Optimal solution found (tolerance 1.00e-04)
Best objective 3.390000000000e+02, best bound 3.390000000000e+02, gap 0.0000%
Objective value: 339.0
lam[0,0] = -0.0
lam[0,1] = -0.0
lam[0,2] = 0.0
lam[0,3] = 1.0
lam[1,0] = 0.0
lam[1,1] = 0.0
lam[1,2] = 1.0
lam[1,3] = -0.0
lam[2,0] = 0.0
lam[2,1] = 0.0
lam[2,2] = 1.0
lam[2,3] = 0.0
tau[0,0,1] = 0.0
tau[0,0,2] = 1.0
tau[0,0,L0] = 0.0
tau[0,0,L1] = -0.0
tau[0,0,L2] = -0.0
tau[0,1,1] = 1.0
tau[0,1,2] = 0.0
tau[0,1,L0] = 0.0
tau[0,1,L1] = 0.0
tau[0,1,L2] = 0.0
tau[0,2,1] = 1.0
tau[0,2,2] = 0.0
tau[0,2,L0] = -0.0
tau[0,2,L1] = 0.0
tau[0,2,L2] = -0.0
tau[0,3,1] = 0.0
tau[0,3,2] = 0.0
tau[0,3,L0] = -0.0
tau[0,3,L1] = -0.0
tau[0,3,L2] = -0.0
tau[0,4,1] = 0.0
tau[0,4,2] = 0.0
tau[0,4,L0] = -0.0
tau[0,4,L1] = -0.0
tau[0,4,L2] = -0.0
tau[0,5,1] = 0.0
tau[0,5,2] = 0.0
tau[0,5,L0] = -0.0
tau[0,5,L1] = -0.0
tau[0,5,L2] = -0.0
tau[1,0,2] = 0.0
tau[1,0,L0] = 1.0
tau[1,0,L1] = 0.0
tau[1,0,L2] = 0.0
tau[1,1,2] = 0.0
tau[1,1,L0] = 0.0
tau[1,1,L1] = 1.0
tau[1,1,L2] = 0.0
tau[1,2,2] = 0.0
tau[1,2,L0] = 0.0
tau[1,2,L1] = 1.0
tau[1,2,L2] = -0.0
tau[1,3,2] = 0.0
tau[1,3,L0] = -0.0
tau[1,3,L1] = -0.0
tau[1,3,L2] = -0.0
tau[1,4,2] = 0.0
tau[1,4,L0] = -0.0
tau[1,4,L1] = -0.0
tau[1,4,L2] = -0.0
tau[1,5,2] = 0.0
tau[1,5,L0] = -0.0
tau[1,5,L1] = -0.0
tau[1,5,L2] = -0.0
tau[2,0,L0] = 1.0
tau[2,0,L1] = 0.0
tau[2,0,L2] = 0.0
tau[2,1,L0] = 1.0
tau[2,1,L1] = 0.0
tau[2,1,L2] = 0.0
tau[2,2,L0] = 1.0
tau[2,2,L1] = 0.0
tau[2,2,L2] = -0.0
tau[2,3,L0] = -0.0
tau[2,3,L1] = -0.0
tau[2,3,L2] = -0.0
tau[2,4,L0] = -0.0
tau[2,4,L1] = -0.0
tau[2,4,L2] = -0.0
tau[2,5,L0] = -0.0
tau[2,5,L1] = -0.0
tau[2,5,L2] = -0.0
m[0,0] = 1.0
m[0,1] = 0.0
m[0,2] = 1.0
m[0,3] = -0.0
m[0,4] = 1.0
m[0,5] = 0.0
m[0,6] = 1.0
m[0,7] = 1.0
m[0,8] = 1.0
m[0,9] = 0.0
m[0,10] = 1.0
m[0,11] = 0.0
m[0,12] = 1.0
m[0,13] = 1.0
m[0,14] = 1.0
m[0,15] = 1.0
m[0,16] = 1.0
m[0,17] = 1.0
m[0,18] = 0.0
m[0,19] = 1.0
m[0,20] = 1.0
m[0,21] = 0.0
m[0,22] = 0.0
m[0,23] = 0.0
m[0,24] = 1.0
m[0,25] = 1.0
m[0,26] = 1.0
m[0,27] = 0.0
m[0,28] = 1.0
m[0,29] = 1.0
m[0,30] = 1.0
m[0,31] = 0.0
m[0,32] = 0.0
m[0,33] = 1.0
m[0,34] = 1.0
m[0,35] = 0.0
m[0,36] = 0.0
m[0,37] = 1.0
m[0,38] = 0.0
m[0,39] = 1.0
m[0,40] = 1.0
m[0,41] = 1.0
m[0,42] = 1.0
m[0,43] = 1.0
m[0,44] = 1.0
m[0,45] = 1.0
m[0,46] = 0.0
m[0,47] = 0.0
m[0,48] = 1.0
m[0,49] = 1.0
m[0,50] = 1.0
m[0,51] = 0.0
m[0,52] = -0.0
m[0,53] = 1.0
m[0,54] = 1.0
m[0,55] = 1.0
m[0,56] = 1.0
m[0,57] = 1.0
m[0,58] = 1.0
m[0,59] = 1.0
m[0,60] = 0.0
m[0,61] = 0.0
m[0,62] = 1.0
m[0,63] = 1.0
m[0,64] = 1.0
m[0,65] = 0.0
m[0,66] = 0.0
m[0,67] = 0.0
m[0,68] = 1.0
m[0,69] = 1.0
m[0,70] = 0.0
m[0,71] = 1.0
m[0,72] = 0.0
m[0,73] = 1.0
m[0,74] = 1.0
m[0,75] = 1.0
m[0,76] = 0.0
m[0,77] = 1.0
m[0,78] = 1.0
m[0,79] = 1.0
m[0,80] = 1.0
m[0,81] = 1.0
m[0,82] = 1.0
m[0,83] = 1.0
m[0,84] = 0.0
m[0,85] = 0.0
m[0,86] = 0.0
m[0,87] = 1.0
m[0,88] = 1.0
m[0,89] = 1.0
m[0,90] = 0.0
m[0,91] = 1.0
m[0,92] = 1.0
m[0,93] = 1.0
m[0,94] = 1.0
m[0,95] = 1.0
m[0,96] = 1.0
m[0,97] = 1.0
m[0,98] = 1.0
m[0,99] = -0.0
m[0,100] = 1.0
m[0,101] = 1.0
m[0,102] = 1.0
m[0,103] = 1.0
m[0,104] = 1.0
m[0,105] = 0.0
m[0,106] = 1.0
m[0,107] = 1.0
m[0,108] = 1.0
m[0,109] = 1.0
m[0,110] = 1.0
m[0,111] = 1.0
m[0,112] = 0.0
m[0,113] = 1.0
m[0,114] = 0.0
m[0,115] = 1.0
m[0,116] = 1.0
m[0,117] = -0.0
m[0,118] = 1.0
m[0,119] = 0.0
m[0,120] = 1.0
m[0,121] = 0.0
m[0,122] = 1.0
m[0,123] = 0.0
m[0,124] = 1.0
m[0,125] = 1.0
m[0,126] = 1.0
m[0,127] = 1.0
m[0,128] = -0.0
m[0,129] = 1.0
m[0,130] = 1.0
m[0,131] = 1.0
m[0,132] = 1.0
m[0,133] = 1.0
m[0,134] = 0.0
m[0,135] = 1.0
m[0,136] = 1.0
m[0,137] = 1.0
m[0,138] = 0.0
m[0,139] = 0.0
m[0,140] = 1.0
m[0,141] = 1.0
m[0,142] = 0.0
m[0,143] = 1.0
m[0,144] = 1.0
m[0,145] = 1.0
m[0,146] = 1.0
m[0,147] = 0.0
m[0,148] = 0.0
m[0,149] = 0.0
m[0,150] = 1.0
m[0,151] = 1.0
m[0,152] = 1.0
m[0,153] = 1.0
m[0,154] = 1.0
m[0,155] = 1.0
m[0,156] = 1.0
m[0,157] = 0.0
m[0,158] = 1.0
m[0,159] = 1.0
m[0,160] = 1.0
m[0,161] = 1.0
m[0,162] = 1.0
m[0,163] = 0.0
m[0,164] = 1.0
m[0,165] = 1.0
m[0,166] = 0.0
m[0,167] = 1.0
m[0,168] = 1.0
m[0,169] = 0.0
m[0,170] = 1.0
m[0,171] = 1.0
m[0,172] = 1.0
m[0,173] = 1.0
m[0,174] = 1.0
m[0,175] = 0.0
m[0,176] = 0.0
m[0,177] = 0.0
m[0,178] = 1.0
m[0,179] = 1.0
m[0,180] = 0.0
m[0,181] = 0.0
m[0,182] = 1.0
m[0,183] = 0.0
m[0,184] = 0.0
m[0,185] = 1.0
m[0,186] = 1.0
m[0,187] = 1.0
m[0,188] = 1.0
m[0,189] = 0.0
m[0,190] = 1.0
m[0,191] = 0.0
m[0,192] = 0.0
m[0,193] = 1.0
m[0,194] = 1.0
m[0,195] = 1.0
m[0,196] = 1.0
m[0,197] = 1.0
m[0,198] = 1.0
m[0,199] = 1.0
m[0,200] = 0.0
m[0,201] = 1.0
m[0,202] = 1.0
m[0,203] = 1.0
m[0,204] = 1.0
m[0,205] = 1.0
m[0,206] = 1.0
m[0,207] = 1.0
m[0,208] = 1.0
m[0,209] = 0.0
m[0,210] = 1.0
m[0,211] = 1.0
m[0,212] = -0.0
m[0,213] = 1.0
m[0,214] = 0.0
m[0,215] = 1.0
m[0,216] = 0.0
m[0,217] = 1.0
m[0,218] = 0.0
m[0,219] = 0.0
m[0,220] = 1.0
m[0,221] = 1.0
m[0,222] = 1.0
m[0,223] = 0.0
m[0,224] = 1.0
m[0,225] = 1.0
m[0,226] = 1.0
m[0,227] = 1.0
m[0,228] = 1.0
m[0,229] = 1.0
m[0,230] = 0.0
m[0,231] = 1.0
m[0,232] = 1.0
m[0,233] = 1.0
m[0,234] = 1.0
m[0,235] = 1.0
m[0,236] = 1.0
m[0,237] = 0.0
m[0,238] = -0.0
m[0,239] = 1.0
m[0,240] = 0.0
m[0,241] = 1.0
m[0,242] = 1.0
m[0,243] = 1.0
m[0,244] = 1.0
m[0,245] = 1.0
m[0,246] = 1.0
m[0,247] = 1.0
m[0,248] = 0.0
m[0,249] = 1.0
m[0,250] = 1.0
m[0,251] = 1.0
m[0,252] = 1.0
m[0,253] = 1.0
m[0,254] = 0.0
m[0,255] = 1.0
m[0,256] = 1.0
m[0,257] = 1.0
m[0,258] = 1.0
m[0,259] = 1.0
m[0,260] = -0.0
m[0,261] = 0.0
m[0,262] = 1.0
m[0,263] = 1.0
m[0,264] = 1.0
m[0,265] = 0.0
m[0,266] = 1.0
m[0,267] = 1.0
m[0,268] = 1.0
m[0,269] = 1.0
m[0,270] = 0.0
m[0,271] = 1.0
m[0,272] = 1.0
m[0,273] = 1.0
m[0,274] = 1.0
m[0,275] = 0.0
m[0,276] = 1.0
m[0,277] = 1.0
m[0,278] = 1.0
m[0,279] = 1.0
m[0,280] = 0.0
m[0,281] = 1.0
m[0,282] = 1.0
m[0,283] = 1.0
m[0,284] = 0.0
m[0,285] = 1.0
m[0,286] = 1.0
m[0,287] = 1.0
m[0,288] = 1.0
m[0,289] = 1.0
m[0,290] = 0.0
m[0,291] = 1.0
m[0,292] = 1.0
m[0,293] = 1.0
m[0,294] = 1.0
m[0,295] = 1.0
m[0,296] = 1.0
m[0,297] = 1.0
m[0,298] = 1.0
m[0,299] = 0.0
m[0,300] = 0.0
m[0,301] = 1.0
m[0,302] = 1.0
m[0,303] = 1.0
m[0,304] = 0.0
m[0,305] = 1.0
m[0,306] = 1.0
m[0,307] = 1.0
m[0,308] = 0.0
m[0,309] = 1.0
m[0,310] = 1.0
m[0,311] = 1.0
m[0,312] = 1.0
m[0,313] = 0.0
m[0,314] = 1.0
m[0,315] = 1.0
m[0,316] = 1.0
m[0,317] = -0.0
m[0,318] = 0.0
m[0,319] = 1.0
m[0,320] = 0.0
m[0,321] = 1.0
m[0,322] = 0.0
m[0,323] = 1.0
m[0,324] = 1.0
m[0,325] = 0.0
m[0,326] = 1.0
m[0,327] = 1.0
m[0,328] = 1.0
m[0,329] = 1.0
m[0,330] = 1.0
m[0,331] = 1.0
m[0,332] = 0.0
m[0,333] = 1.0
m[0,334] = 0.0
m[0,335] = 1.0
m[0,336] = 1.0
m[0,337] = 1.0
m[0,338] = 1.0
m[0,339] = 0.0
m[0,340] = 1.0
m[0,341] = 1.0
m[0,342] = 0.0
m[0,343] = 0.0
m[0,344] = 1.0
m[0,345] = 1.0
m[0,346] = 1.0
m[0,347] = 1.0
m[0,348] = 0.0
m[0,349] = 1.0
m[0,350] = 1.0
m[0,351] = 1.0
m[0,352] = 1.0
m[0,353] = 1.0
m[0,354] = 0.0
m[0,355] = 1.0
m[0,356] = 1.0
m[0,357] = 0.0
m[0,358] = 1.0
m[0,359] = 0.0
m[0,360] = 1.0
m[0,361] = 1.0
m[0,362] = 1.0
m[0,363] = 0.0
m[0,364] = 1.0
m[0,365] = 1.0
m[0,366] = 1.0
m[0,367] = 1.0
m[0,368] = 1.0
m[0,369] = 1.0
m[0,370] = 1.0
m[0,371] = 1.0
m[0,372] = 1.0
m[0,373] = 0.0
m[0,374] = 1.0
m[0,375] = 1.0
m[0,376] = 0.0
m[0,377] = 1.0
m[0,378] = 0.0
m[0,379] = 1.0
m[0,380] = 0.0
m[0,381] = 1.0
m[0,382] = 1.0
m[0,383] = 0.0
m[0,384] = 0.0
m[0,385] = 1.0
m[0,386] = 1.0
m[0,387] = 0.0
m[0,388] = 1.0
m[0,389] = 0.0
m[0,390] = 1.0
m[0,391] = 1.0
m[0,392] = 1.0
m[0,393] = 1.0
m[0,394] = 0.0
m[0,395] = 0.0
m[0,396] = 0.0
m[0,397] = 1.0
m[0,398] = 1.0
m[0,399] = 1.0
m[0,400] = 1.0
m[0,401] = 1.0
m[0,402] = 0.0
m[0,403] = 1.0
m[0,404] = 1.0
m[0,405] = 1.0
m[0,406] = 0.0
m[0,407] = 0.0
m[0,408] = 1.0
m[0,409] = 1.0
m[0,410] = 1.0
m[0,411] = 0.0
m[0,412] = 1.0
m[0,413] = 0.0
m[0,414] = 0.0
m[0,415] = 1.0
m[0,416] = 1.0
m[0,417] = 1.0
m[0,418] = 0.0
m[0,419] = 1.0
m[0,420] = 0.0
m[0,421] = 1.0
m[0,422] = 0.0
m[0,423] = 1.0
m[0,424] = 1.0
m[0,425] = 1.0
m[0,426] = 0.0
m[0,427] = 0.0
m[0,428] = 1.0
m[0,429] = 0.0
m[0,430] = 0.0
m[0,431] = 0.0
m[0,432] = 1.0
m[0,433] = -0.0
m[0,434] = 1.0
m[0,435] = 1.0
m[0,436] = 0.0
m[0,437] = 0.0
m[0,438] = 0.0
m[0,439] = 0.0
m[0,440] = 0.0
m[0,441] = 0.0
m[0,442] = 0.0
m[0,443] = 0.0
m[0,444] = 0.0
m[0,445] = 1.0
m[0,446] = 1.0
m[0,447] = 1.0
m[0,448] = 1.0
m[0,449] = 1.0
m[0,450] = 1.0
m[0,451] = 1.0
m[0,452] = 0.0
m[0,453] = 1.0
m[0,454] = 0.0
m[0,455] = 1.0
m[0,456] = 0.0
m[0,457] = 1.0
m[0,458] = 1.0
m[0,459] = 1.0
m[0,460] = 1.0
m[0,461] = 0.0
m[0,462] = 0.0
m[0,463] = 1.0
m[0,464] = 1.0
m[0,465] = 1.0
m[0,466] = 1.0
m[0,467] = 1.0
m[0,468] = 0.0
m[0,469] = 0.0
m[0,470] = 1.0
u[0] = 1.0
u[1] = 1.0
u[2] = 1.0
o_u[0,0] = 0.0
o_u[0,1] = 0.0
o_u[0,2] = 0.0
o_u[0,3] = 1.0
o_u[1,0] = 0.0
o_u[1,1] = 0.0
o_u[1,2] = 1.0
o_u[1,3] = -0.0
o_u[2,0] = 0.0
o_u[2,1] = 0.0
o_u[2,2] = 1.0
o_u[2,3] = 0.0
THE NEW CORRECTNESS IS: 0.692144373673036, AND THE NEW EXPLAINABILITY IS: 13.0
************************************************************
New pareto points added, correctness = 0.692144373673036 , explainability = 13.0
App ending 1......
End of find_pareto_solution_more_e 4 @@@@@@@@@@@@@
Inside find_pareto_solution_more_e
----------------------------------
THE CURRENT CORRECTNESS IS: 0.692144373673036, AND THE CURRENT EXPLAINABILITY IS: 13.0
Gurobi Optimizer version 12.0.3 build v12.0.3rc0 (linux64 - "Ubuntu 22.04.5 LTS")

CPU model: AMD EPYC 7742 64-Core Processor, instruction set [SSE2|AVX|AVX2]
Thread count: 128 physical cores, 256 logical processors, using up to 32 threads

Optimize a model with 189606 rows, 45387 columns and 569484 nonzeros
Model fingerprint: 0xee8f7fad
Variable types: 0 continuous, 45387 integer (0 binary)
Coefficient statistics:
  Matrix range     [1e+00, 5e+00]
  Objective range  [1e+00, 5e+00]
  Bounds range     [1e+00, 1e+00]
  RHS range        [1e+00, 1e+03]

MIP start from previous solve did not produce a new incumbent solution
MIP start from previous solve violates constraint R189606 by 1.000000000

Presolve removed 170190 rows and 39428 columns
Presolve time: 0.65s
Presolved: 19416 rows, 5959 columns, 55984 nonzeros
Variable types: 0 continuous, 5959 integer (5959 binary)
Found heuristic solution: objective 56.0000000
Found heuristic solution: objective 82.0000000
Found heuristic solution: objective 152.0000000
Performing another presolve...
Presolve removed 10962 rows and 4117 columns
Presolve time: 1.45s

Root relaxation: objective 3.396667e+02, 1446 iterations, 0.05 seconds (0.06 work units)

    Nodes    |    Current Node    |     Objective Bounds      |     Work
 Expl Unexpl |  Obj  Depth IntInf | Incumbent    BestBd   Gap | It/Node Time

     0     0  339.66667    0  236  152.00000  339.66667   123%     -    2s
H    0     0                     195.0000000  339.66667  74.2%     -    2s
H    0     0                     243.0000000  339.66667  39.8%     -    2s
     0     0  339.00000    0  943  243.00000  339.00000  39.5%     -    3s
H    0     0                     300.0000000  339.00000  13.0%     -    3s
H    0     0                     307.0000000  339.00000  10.4%     -    3s
H    0     0                     332.0000000  339.00000  2.11%     -    3s
     0     0  339.00000    0  850  332.00000  339.00000  2.11%     -    4s
     0     0  339.00000    0  875  332.00000  339.00000  2.11%     -    4s
     0     0  339.00000    0  824  332.00000  339.00000  2.11%     -    4s
     0     0  339.00000    0  694  332.00000  339.00000  2.11%     -    6s
     0     0  339.00000    0  724  332.00000  339.00000  2.11%     -    6s
     0     0  339.00000    0  459  332.00000  339.00000  2.11%     -    6s
     0     0  339.00000    0  840  332.00000  339.00000  2.11%     -    6s
     0     0  339.00000    0  372  332.00000  339.00000  2.11%     -    7s
     0     0  339.00000    0  434  332.00000  339.00000  2.11%     -    7s
     0     0  339.00000    0  468  332.00000  339.00000  2.11%     -    8s
     0     0  339.00000    0  331  332.00000  339.00000  2.11%     -    8s
     0     0  339.00000    0  181  332.00000  339.00000  2.11%     -    9s
     0     0  339.00000    0  478  332.00000  339.00000  2.11%     -   10s
     0     0  339.00000    0  719  332.00000  339.00000  2.11%     -   10s
     0     0  339.00000    0  239  332.00000  339.00000  2.11%     -   12s
     0     0  339.00000    0  493  332.00000  339.00000  2.11%     -   12s
     0     0  339.00000    0  299  332.00000  339.00000  2.11%     -   13s
     0     0  339.00000    0  299  332.00000  339.00000  2.11%     -   13s
     0     2  339.00000    0  299  332.00000  339.00000  2.11%     -   14s
    29    42  336.14833    5  979  332.00000  339.00000  2.11%   592   15s

Cutting planes:
  Cover: 70
  Implied bound: 398
  Clique: 604
  MIR: 63
  Inf proof: 3
  Zero half: 122
  RLT: 66
  Relax-and-lift: 41
  BQP: 95

Explored 292 nodes (185374 simplex iterations) in 17.02 seconds (17.21 work units)
Thread count was 32 (of 256 available processors)

Solution count 8: 332 307 300 ... 56

Optimal solution found (tolerance 1.00e-04)
Best objective 3.320000000000e+02, best bound 3.320000000000e+02, gap 0.0000%
Objective value: 332.0
lam[0,0] = 0.0
lam[0,1] = 1.0
lam[0,2] = -0.0
lam[0,3] = 0.0
lam[1,0] = 0.0
lam[1,1] = 0.0
lam[1,2] = 1.0
lam[1,3] = 0.0
lam[2,0] = 0.0
lam[2,1] = 0.0
lam[2,2] = 1.0
lam[2,3] = 0.0
tau[0,0,1] = 1.0
tau[0,0,2] = 0.0
tau[0,0,L0] = 0.0
tau[0,0,L1] = -0.0
tau[0,0,L2] = -0.0
tau[0,1,1] = 0.0
tau[0,1,2] = 1.0
tau[0,1,L0] = 0.0
tau[0,1,L1] = 0.0
tau[0,1,L2] = 0.0
tau[0,2,1] = 0.0
tau[0,2,2] = 1.0
tau[0,2,L0] = 0.0
tau[0,2,L1] = -0.0
tau[0,2,L2] = -0.0
tau[0,3,1] = 0.0
tau[0,3,2] = 0.0
tau[0,3,L0] = -0.0
tau[0,3,L1] = -0.0
tau[0,3,L2] = -0.0
tau[0,4,1] = 0.0
tau[0,4,2] = 0.0
tau[0,4,L0] = -0.0
tau[0,4,L1] = -0.0
tau[0,4,L2] = -0.0
tau[0,5,1] = 0.0
tau[0,5,2] = 0.0
tau[0,5,L0] = -0.0
tau[0,5,L1] = -0.0
tau[0,5,L2] = -0.0
tau[1,0,2] = -0.0
tau[1,0,L0] = 0.0
tau[1,0,L1] = 1.0
tau[1,0,L2] = 0.0
tau[1,1,2] = -0.0
tau[1,1,L0] = 0.0
tau[1,1,L1] = 1.0
tau[1,1,L2] = 0.0
tau[1,2,2] = -0.0
tau[1,2,L0] = -0.0
tau[1,2,L1] = 1.0
tau[1,2,L2] = 0.0
tau[1,3,2] = 0.0
tau[1,3,L0] = -0.0
tau[1,3,L1] = -0.0
tau[1,3,L2] = -0.0
tau[1,4,2] = 0.0
tau[1,4,L0] = -0.0
tau[1,4,L1] = -0.0
tau[1,4,L2] = -0.0
tau[1,5,2] = 0.0
tau[1,5,L0] = -0.0
tau[1,5,L1] = -0.0
tau[1,5,L2] = -0.0
tau[2,0,L0] = 1.0
tau[2,0,L1] = 0.0
tau[2,0,L2] = -0.0
tau[2,1,L0] = 1.0
tau[2,1,L1] = 0.0
tau[2,1,L2] = 0.0
tau[2,2,L0] = 0.0
tau[2,2,L1] = 1.0
tau[2,2,L2] = 0.0
tau[2,3,L0] = -0.0
tau[2,3,L1] = -0.0
tau[2,3,L2] = -0.0
tau[2,4,L0] = -0.0
tau[2,4,L1] = -0.0
tau[2,4,L2] = -0.0
tau[2,5,L0] = -0.0
tau[2,5,L1] = -0.0
tau[2,5,L2] = -0.0
m[0,0] = 1.0
m[0,1] = 1.0
m[0,2] = 1.0
m[0,3] = 0.0
m[0,4] = 1.0
m[0,5] = 1.0
m[0,6] = 0.0
m[0,7] = 1.0
m[0,8] = 0.0
m[0,9] = 1.0
m[0,10] = 1.0
m[0,11] = 1.0
m[0,12] = 0.0
m[0,13] = 1.0
m[0,14] = 1.0
m[0,15] = 0.0
m[0,16] = 1.0
m[0,17] = 1.0
m[0,18] = 1.0
m[0,19] = 1.0
m[0,20] = 1.0
m[0,21] = 1.0
m[0,22] = 0.0
m[0,23] = -0.0
m[0,24] = 1.0
m[0,25] = 1.0
m[0,26] = 1.0
m[0,27] = 1.0
m[0,28] = 0.0
m[0,29] = 1.0
m[0,30] = 1.0
m[0,31] = 1.0
m[0,32] = 1.0
m[0,33] = 0.0
m[0,34] = 1.0
m[0,35] = 1.0
m[0,36] = 1.0
m[0,37] = 1.0
m[0,38] = 1.0
m[0,39] = 0.0
m[0,40] = 1.0
m[0,41] = 1.0
m[0,42] = 1.0
m[0,43] = 1.0
m[0,44] = 1.0
m[0,45] = 0.0
m[0,46] = 0.0
m[0,47] = 1.0
m[0,48] = 1.0
m[0,49] = 1.0
m[0,50] = 1.0
m[0,51] = 1.0
m[0,52] = 0.0
m[0,53] = 1.0
m[0,54] = 1.0
m[0,55] = 0.0
m[0,56] = 0.0
m[0,57] = 0.0
m[0,58] = 1.0
m[0,59] = 1.0
m[0,60] = 1.0
m[0,61] = 1.0
m[0,62] = 0.0
m[0,63] = 1.0
m[0,64] = 1.0
m[0,65] = -0.0
m[0,66] = 1.0
m[0,67] = 0.0
m[0,68] = 1.0
m[0,69] = 1.0
m[0,70] = 1.0
m[0,71] = 1.0
m[0,72] = 0.0
m[0,73] = 0.0
m[0,74] = 1.0
m[0,75] = 1.0
m[0,76] = 1.0
m[0,77] = 0.0
m[0,78] = 1.0
m[0,79] = 1.0
m[0,80] = 1.0
m[0,81] = 1.0
m[0,82] = 1.0
m[0,83] = 1.0
m[0,84] = 1.0
m[0,85] = 0.0
m[0,86] = 0.0
m[0,87] = 1.0
m[0,88] = 1.0
m[0,89] = 1.0
m[0,90] = 1.0
m[0,91] = 1.0
m[0,92] = 0.0
m[0,93] = 0.0
m[0,94] = 1.0
m[0,95] = 1.0
m[0,96] = 1.0
m[0,97] = 1.0
m[0,98] = 0.0
m[0,99] = 1.0
m[0,100] = 1.0
m[0,101] = 1.0
m[0,102] = 1.0
m[0,103] = 1.0
m[0,104] = 1.0
m[0,105] = 0.0
m[0,106] = 1.0
m[0,107] = 0.0
m[0,108] = 1.0
m[0,109] = 1.0
m[0,110] = 1.0
m[0,111] = 1.0
m[0,112] = 0.0
m[0,113] = 1.0
m[0,114] = 1.0
m[0,115] = 0.0
m[0,116] = 1.0
m[0,117] = 0.0
m[0,118] = 1.0
m[0,119] = 0.0
m[0,120] = 1.0
m[0,121] = 1.0
m[0,122] = 1.0
m[0,123] = 1.0
m[0,124] = 1.0
m[0,125] = 1.0
m[0,126] = 1.0
m[0,127] = 0.0
m[0,128] = 0.0
m[0,129] = 1.0
m[0,130] = 1.0
m[0,131] = 0.0
m[0,132] = 1.0
m[0,133] = 1.0
m[0,134] = 0.0
m[0,135] = 1.0
m[0,136] = 0.0
m[0,137] = 1.0
m[0,138] = 1.0
m[0,139] = 1.0
m[0,140] = 1.0
m[0,141] = 1.0
m[0,142] = 1.0
m[0,143] = 0.0
m[0,144] = 0.0
m[0,145] = 1.0
m[0,146] = 0.0
m[0,147] = 1.0
m[0,148] = 1.0
m[0,149] = 0.0
m[0,150] = 1.0
m[0,151] = 1.0
m[0,152] = 1.0
m[0,153] = 1.0
m[0,154] = 1.0
m[0,155] = 1.0
m[0,156] = 1.0
m[0,157] = 0.0
m[0,158] = 1.0
m[0,159] = 0.0
m[0,160] = 1.0
m[0,161] = 1.0
m[0,162] = 1.0
m[0,163] = 1.0
m[0,164] = 1.0
m[0,165] = 1.0
m[0,166] = 1.0
m[0,167] = 0.0
m[0,168] = 1.0
m[0,169] = 0.0
m[0,170] = 1.0
m[0,171] = 0.0
m[0,172] = 1.0
m[0,173] = 0.0
m[0,174] = 1.0
m[0,175] = 0.0
m[0,176] = 0.0
m[0,177] = 1.0
m[0,178] = 1.0
m[0,179] = 1.0
m[0,180] = 0.0
m[0,181] = 1.0
m[0,182] = 0.0
m[0,183] = 1.0
m[0,184] = 0.0
m[0,185] = 1.0
m[0,186] = 1.0
m[0,187] = 0.0
m[0,188] = 1.0
m[0,189] = 1.0
m[0,190] = 0.0
m[0,191] = 0.0
m[0,192] = 0.0
m[0,193] = 1.0
m[0,194] = 1.0
m[0,195] = 1.0
m[0,196] = 1.0
m[0,197] = 1.0
m[0,198] = 1.0
m[0,199] = 1.0
m[0,200] = 0.0
m[0,201] = 0.0
m[0,202] = 0.0
m[0,203] = 1.0
m[0,204] = 1.0
m[0,205] = 0.0
m[0,206] = 1.0
m[0,207] = 1.0
m[0,208] = 1.0
m[0,209] = 1.0
m[0,210] = 1.0
m[0,211] = 0.0
m[0,212] = 0.0
m[0,213] = 1.0
m[0,214] = 0.0
m[0,215] = 0.0
m[0,216] = 1.0
m[0,217] = 0.0
m[0,218] = 1.0
m[0,219] = 1.0
m[0,220] = 1.0
m[0,221] = 1.0
m[0,222] = 1.0
m[0,223] = 1.0
m[0,224] = 0.0
m[0,225] = 1.0
m[0,226] = 1.0
m[0,227] = 1.0
m[0,228] = 1.0
m[0,229] = 1.0
m[0,230] = 0.0
m[0,231] = 1.0
m[0,232] = 1.0
m[0,233] = 1.0
m[0,234] = 1.0
m[0,235] = 1.0
m[0,236] = 1.0
m[0,237] = 1.0
m[0,238] = 0.0
m[0,239] = 1.0
m[0,240] = 0.0
m[0,241] = 1.0
m[0,242] = 1.0
m[0,243] = 0.0
m[0,244] = 1.0
m[0,245] = 1.0
m[0,246] = 1.0
m[0,247] = 1.0
m[0,248] = 1.0
m[0,249] = 1.0
m[0,250] = 1.0
m[0,251] = 1.0
m[0,252] = 0.0
m[0,253] = 1.0
m[0,254] = 1.0
m[0,255] = 1.0
m[0,256] = 1.0
m[0,257] = 0.0
m[0,258] = 0.0
m[0,259] = 1.0
m[0,260] = 0.0
m[0,261] = 0.0
m[0,262] = 1.0
m[0,263] = 1.0
m[0,264] = 0.0
m[0,265] = 0.0
m[0,266] = 1.0
m[0,267] = 1.0
m[0,268] = 1.0
m[0,269] = 1.0
m[0,270] = 1.0
m[0,271] = 0.0
m[0,272] = 0.0
m[0,273] = 0.0
m[0,274] = 1.0
m[0,275] = 1.0
m[0,276] = 0.0
m[0,277] = 1.0
m[0,278] = 1.0
m[0,279] = 1.0
m[0,280] = 1.0
m[0,281] = 1.0
m[0,282] = 0.0
m[0,283] = 0.0
m[0,284] = 0.0
m[0,285] = 0.0
m[0,286] = 1.0
m[0,287] = 1.0
m[0,288] = 0.0
m[0,289] = 1.0
m[0,290] = 1.0
m[0,291] = 0.0
m[0,292] = 1.0
m[0,293] = 0.0
m[0,294] = 1.0
m[0,295] = 1.0
m[0,296] = 1.0
m[0,297] = 1.0
m[0,298] = 0.0
m[0,299] = 1.0
m[0,300] = 0.0
m[0,301] = 1.0
m[0,302] = 0.0
m[0,303] = 1.0
m[0,304] = 1.0
m[0,305] = 1.0
m[0,306] = 1.0
m[0,307] = 1.0
m[0,308] = 0.0
m[0,309] = 1.0
m[0,310] = 1.0
m[0,311] = 1.0
m[0,312] = 1.0
m[0,313] = 1.0
m[0,314] = 1.0
m[0,315] = 1.0
m[0,316] = 1.0
m[0,317] = 0.0
m[0,318] = 1.0
m[0,319] = 1.0
m[0,320] = 0.0
m[0,321] = 0.0
m[0,322] = 1.0
m[0,323] = -0.0
m[0,324] = 1.0
m[0,325] = 0.0
m[0,326] = 1.0
m[0,327] = 1.0
m[0,328] = 0.0
m[0,329] = 1.0
m[0,330] = 1.0
m[0,331] = 1.0
m[0,332] = 0.0
m[0,333] = 1.0
m[0,334] = 1.0
m[0,335] = 1.0
m[0,336] = 0.0
m[0,337] = 1.0
m[0,338] = 1.0
m[0,339] = 0.0
m[0,340] = 1.0
m[0,341] = 0.0
m[0,342] = 0.0
m[0,343] = 1.0
m[0,344] = 1.0
m[0,345] = 1.0
m[0,346] = 0.0
m[0,347] = 0.0
m[0,348] = 0.0
m[0,349] = 0.0
m[0,350] = 0.0
m[0,351] = 0.0
m[0,352] = 1.0
m[0,353] = 0.0
m[0,354] = 1.0
m[0,355] = 1.0
m[0,356] = 1.0
m[0,357] = 1.0
m[0,358] = 1.0
m[0,359] = 1.0
m[0,360] = 0.0
m[0,361] = 1.0
m[0,362] = 0.0
m[0,363] = 1.0
m[0,364] = 1.0
m[0,365] = 1.0
m[0,366] = 0.0
m[0,367] = 1.0
m[0,368] = 1.0
m[0,369] = 0.0
m[0,370] = 0.0
m[0,371] = 1.0
m[0,372] = 1.0
m[0,373] = 0.0
m[0,374] = 1.0
m[0,375] = 1.0
m[0,376] = 1.0
m[0,377] = 1.0
m[0,378] = 1.0
m[0,379] = 0.0
m[0,380] = 1.0
m[0,381] = 1.0
m[0,382] = 1.0
m[0,383] = 0.0
m[0,384] = -0.0
m[0,385] = 0.0
m[0,386] = 0.0
m[0,387] = 0.0
m[0,388] = 1.0
m[0,389] = 1.0
m[0,390] = 1.0
m[0,391] = 1.0
m[0,392] = 0.0
m[0,393] = 1.0
m[0,394] = 1.0
m[0,395] = 0.0
m[0,396] = 0.0
m[0,397] = 1.0
m[0,398] = 0.0
m[0,399] = 1.0
m[0,400] = 0.0
m[0,401] = 1.0
m[0,402] = 0.0
m[0,403] = 1.0
m[0,404] = 1.0
m[0,405] = 1.0
m[0,406] = 0.0
m[0,407] = 1.0
m[0,408] = 1.0
m[0,409] = 1.0
m[0,410] = 1.0
m[0,411] = 0.0
m[0,412] = 0.0
m[0,413] = 1.0
m[0,414] = 1.0
m[0,415] = 1.0
m[0,416] = 1.0
m[0,417] = 1.0
m[0,418] = 0.0
m[0,419] = 1.0
m[0,420] = 1.0
m[0,421] = 1.0
m[0,422] = 1.0
m[0,423] = 0.0
m[0,424] = 1.0
m[0,425] = 0.0
m[0,426] = 0.0
m[0,427] = 0.0
m[0,428] = 0.0
m[0,429] = 0.0
m[0,430] = 0.0
m[0,431] = 0.0
m[0,432] = 0.0
m[0,433] = 0.0
m[0,434] = 0.0
m[0,435] = 0.0
m[0,436] = 0.0
m[0,437] = 1.0
m[0,438] = 1.0
m[0,439] = 1.0
m[0,440] = 0.0
m[0,441] = 1.0
m[0,442] = 1.0
m[0,443] = 0.0
m[0,444] = 1.0
m[0,445] = 1.0
m[0,446] = 1.0
m[0,447] = 1.0
m[0,448] = 1.0
m[0,449] = 1.0
m[0,450] = 1.0
m[0,451] = 1.0
m[0,452] = 0.0
m[0,453] = 1.0
m[0,454] = 1.0
m[0,455] = 1.0
m[0,456] = 1.0
m[0,457] = 1.0
m[0,458] = 1.0
m[0,459] = 1.0
m[0,460] = 0.0
m[0,461] = 1.0
m[0,462] = 0.0
m[0,463] = 1.0
m[0,464] = 1.0
m[0,465] = 1.0
m[0,466] = 1.0
m[0,467] = 1.0
m[0,468] = 0.0
m[0,469] = 1.0
m[0,470] = 0.0
u[0] = 1.0
u[1] = 1.0
u[2] = 1.0
o_u[0,0] = 0.0
o_u[0,1] = 1.0
o_u[0,2] = 0.0
o_u[0,3] = 0.0
o_u[1,0] = 0.0
o_u[1,1] = 0.0
o_u[1,2] = 1.0
o_u[1,3] = 0.0
o_u[2,0] = 0.0
o_u[2,1] = 0.0
o_u[2,2] = 1.0
o_u[2,3] = 0.0
THE NEW CORRECTNESS IS: 0.6751592356687898, AND THE NEW EXPLAINABILITY IS: 14.0
************************************************************
New pareto points added, correctness = 0.6751592356687898 , explainability = 14.0
App ending 1......
End of find_pareto_solution_more_e 4 @@@@@@@@@@@@@
Inside find_pareto_solution_more_e
----------------------------------
THE CURRENT CORRECTNESS IS: 0.6751592356687898, AND THE CURRENT EXPLAINABILITY IS: 14.0
Gurobi Optimizer version 12.0.3 build v12.0.3rc0 (linux64 - "Ubuntu 22.04.5 LTS")

CPU model: AMD EPYC 7742 64-Core Processor, instruction set [SSE2|AVX|AVX2]
Thread count: 128 physical cores, 256 logical processors, using up to 32 threads

Optimize a model with 189606 rows, 45387 columns and 569484 nonzeros
Model fingerprint: 0xa7f7b171
Variable types: 0 continuous, 45387 integer (0 binary)
Coefficient statistics:
  Matrix range     [1e+00, 5e+00]
  Objective range  [1e+00, 5e+00]
  Bounds range     [1e+00, 1e+00]
  RHS range        [1e+00, 1e+03]

MIP start from previous solve did not produce a new incumbent solution
MIP start from previous solve violates constraint R189608 by 1.000000000

Presolve removed 171592 rows and 40425 columns
Presolve time: 0.64s

Explored 0 nodes (0 simplex iterations) in 0.71 seconds (1.01 work units)
Thread count was 1 (of 256 available processors)

Solution count 0
No other solutions better than -1e+100

Model is infeasible
Best objective -, best bound -, gap -
[INFO] Model became infeasible under the new cuts.
End of find_pareto_solution_more_e 2 @@@@@@@@@@@
Inside find_pareto_solution_more_c
Gurobi Optimizer version 12.0.3 build v12.0.3rc0 (linux64 - "Ubuntu 22.04.5 LTS")

CPU model: AMD EPYC 7742 64-Core Processor, instruction set [SSE2|AVX|AVX2]
Thread count: 128 physical cores, 256 logical processors, using up to 32 threads

Optimize a model with 189606 rows, 45387 columns and 569484 nonzeros
Model fingerprint: 0xef758a28
Variable types: 0 continuous, 45387 integer (0 binary)
Coefficient statistics:
  Matrix range     [1e+00, 5e+00]
  Objective range  [1e+00, 5e+00]
  Bounds range     [1e+00, 1e+00]
  RHS range        [1e+00, 1e+03]

MIP start from previous solve did not produce a new incumbent solution
MIP start from previous solve violates constraint R189604 by 1.000000000

Presolve removed 161543 rows and 37205 columns (presolve time = 5s)...
Presolve removed 162103 rows and 38619 columns
Presolve time: 5.83s
Presolved: 27503 rows, 6768 columns, 87838 nonzeros
Variable types: 0 continuous, 6768 integer (6768 binary)
Performing another presolve...
Presolve removed 3498 rows and 304 columns
Presolve time: 0.98s

Root simplex log...

Iteration    Objective       Primal Inf.    Dual Inf.      Time
       0    4.8500000e+02   2.349000e+03   0.000000e+00      7s
    9609    4.8200000e+02   0.000000e+00   0.000000e+00      9s

Root relaxation: objective 4.820000e+02, 9609 iterations, 2.32 seconds (3.36 work units)
Total elapsed time = 9.42s (DegenMoves)
Total elapsed time = 11.25s (DegenMoves)

    Nodes    |    Current Node    |     Objective Bounds      |     Work
 Expl Unexpl |  Obj  Depth IntInf | Incumbent    BestBd   Gap | It/Node Time

     0     0  482.00000    0 1781          -  482.00000      -     -   13s
     0     0  482.00000    0 3037          -  482.00000      -     -   24s
     0     0  482.00000    0 3482          -  482.00000      -     -   27s
     0     0  482.00000    0 2305          -  482.00000      -     -   40s
     0     0  482.00000    0 2958          -  482.00000      -     -   42s
     0     0  481.66667    0 3060          -  481.66667      -     -   51s
     0     0  481.66667    0 3060          -  481.66667      -     -   53s
     0     0  481.66667    0 1653          -  481.66667      -     -   67s
     0     0  481.66667    0 3121          -  481.66667      -     -   73s
     0     0  481.66667    0 3636          -  481.66667      -     -   77s
     0     0  480.50000    0 2259          -  480.50000      -     -   88s
     0     0  480.00000    0 2962          -  480.00000      -     -   90s
     0     0  475.00000    0 2585          -  475.00000      -     -  100s
     0     0  475.00000    0 2571          -  475.00000      -     -  103s
     0     2  475.00000    0 2569          -  475.00000      -     -  110s
    15    32  449.98438    4 2324          -  475.00000      -  3579  115s
   292   284  388.95833    9 1554          -  475.00000      -  1022  120s
  1151   353 infeasible   10               -  472.40517      -   657  125s
  2730   128 infeasible   11               -  403.00000      -   442  130s

Cutting planes:
  Gomory: 2
  Cover: 62
  Implied bound: 338
  Clique: 915
  MIR: 139
  Flow cover: 6
  Zero half: 240
  RLT: 1034
  Relax-and-lift: 169
  BQP: 527

Explored 3190 nodes (1463140 simplex iterations) in 130.59 seconds (152.50 work units)
Thread count was 32 (of 256 available processors)

Solution count 0
No other solutions better than -1e+100

Model is infeasible
Best objective -, best bound -, gap -
[INFO] Model became infeasible under the new cuts.
End of find_pareto_solution_more_c 1 |||||||||||||||||
[0.692144373673036, 13.0]
Printing original list
[0.692144373673036, 13.0]
[0.6751592356687898, 14.0]
Printing list after change
[0.692144373673036, 13.0]
[0.6751592356687898, 14.0]
[0.6751592356687898, 14.0]
Printing original list
[0.692144373673036, 13.0]
[0.6751592356687898, 14.0]
Printing list after change
[0.692144373673036, 13.0]
[0.6751592356687898, 14.0]
App ending 3....................... c = 0.7430997876857749 , e = 12.0

 Total time taken: 271.12216424942017 seconds