I AM STARTING --------------------
[]
NOW I AM GOING TO SOLVE THE MODEL FOR FIRST SOLUTION
Gurobi Optimizer version 12.0.3 build v12.0.3rc0 (linux64 - "Ubuntu 22.04.5 LTS")

CPU model: AMD EPYC 7742 64-Core Processor, instruction set [SSE2|AVX|AVX2]
Thread count: 128 physical cores, 256 logical processors, using up to 32 threads

Optimize a model with 385894 rows, 88893 columns and 1174158 nonzeros
Model fingerprint: 0xeeeb0690
Variable types: 0 continuous, 88893 integer (0 binary)
Coefficient statistics:
  Matrix range     [1e+00, 5e+00]
  Objective range  [1e+00, 5e+00]
  Bounds range     [1e+00, 1e+00]
  RHS range        [1e+00, 1e+03]
Presolve removed 316240 rows and 68987 columns (presolve time = 6s)...
Presolve removed 319293 rows and 70575 columns
Presolve time: 7.39s
Presolved: 66601 rows, 18318 columns, 215733 nonzeros
Variable types: 0 continuous, 18318 integer (18318 binary)
Found heuristic solution: objective 50.0000000
Found heuristic solution: objective 78.0000000
Performing another presolve...
Presolve removed 13992 rows and 4272 columns
Presolve time: 1.71s

Deterministic concurrent LP optimizer: primal and dual simplex (primal and dual model)
Showing primal log only...

Root relaxation presolved: 52609 rows, 14046 columns, 171543 nonzeros


Root simplex log...

Iteration    Objective       Primal Inf.    Dual Inf.      Time
       0    4.0000000e+00   2.300000e+01   8.000055e+07     10s
    3114    2.3488238e+01   9.998345e-01   3.801452e+07     10s
Concurrent spin time: 0.00s

Solved with primal simplex

Root relaxation: objective 4.956667e+02, 17246 iterations, 1.88 seconds (0.99 work units)
Total elapsed time = 11.41s (DegenMoves)

    Nodes    |    Current Node    |     Objective Bounds      |     Work
 Expl Unexpl |  Obj  Depth IntInf | Incumbent    BestBd   Gap | It/Node Time

     0     0  495.66667    0 3857   78.00000  495.66667   535%     -   18s
H    0     0                     126.0000000  495.66667   293%     -   18s
H    0     0                     139.0000000  495.66667   257%     -   18s
     0     0  495.00000    0 3724  139.00000  495.00000   256%     -   34s
H    0     0                     306.0000000  495.00000  61.8%     -   34s
H    0     0                     307.0000000  495.00000  61.2%     -   34s
     0     0  495.00000    0 3718  307.00000  495.00000  61.2%     -   35s
     0     0  494.88889    0 3837  307.00000  494.88889  61.2%     -   48s
     0     0  494.88889    0 3922  307.00000  494.88889  61.2%     -   49s
H    0     0                     349.0000000  494.00000  41.5%     -   78s
     0     0  494.00000    0 1847  349.00000  494.00000  41.5%     -   93s
     0     0  494.00000    0 3312  349.00000  494.00000  41.5%     -  100s
     0     0  494.00000    0 3602  349.00000  494.00000  41.5%     -  129s
H    0     0                     354.0000000  494.00000  39.5%     -  134s
H    0     0                     355.0000000  494.00000  39.2%     -  134s
     0     0  494.00000    0 3928  355.00000  494.00000  39.2%     -  134s
H    0     0                     359.0000000  494.00000  37.6%     -  170s
H    0     0                     360.0000000  494.00000  37.2%     -  170s
     0     0  494.00000    0 3093  360.00000  494.00000  37.2%     -  171s
     0     0  494.00000    0 3093  360.00000  494.00000  37.2%     -  181s
     0     0  494.00000    0 1951  360.00000  494.00000  37.2%     -  219s
     0     0  494.00000    0 1839  360.00000  494.00000  37.2%     -  225s
     0     0  494.00000    0 1712  360.00000  494.00000  37.2%     -  226s
     0     0  494.00000    0 2057  360.00000  494.00000  37.2%     -  230s
     0     0  494.00000    0 1876  360.00000  494.00000  37.2%     -  231s
     0     0  494.00000    0 2029  360.00000  494.00000  37.2%     -  239s
     0     0  494.00000    0 2820  360.00000  494.00000  37.2%     -  243s
     0     0  494.00000    0 3021  360.00000  494.00000  37.2%     -  243s
     0     0  494.00000    0 3020  360.00000  494.00000  37.2%     -  243s
     0     0  494.00000    0 2775  360.00000  494.00000  37.2%     -  246s
     0     0  494.00000    0 2775  360.00000  494.00000  37.2%     -  248s
     0     2  494.00000    0 2775  360.00000  494.00000  37.2%     -  254s
     1     5  494.00000    1 2980  360.00000  494.00000  37.2% 17832  256s
     7    16  493.88889    3 2769  360.00000  494.00000  37.2%  6522  260s
    31    64  493.00000    5 2151  360.00000  494.00000  37.2%  3951  267s
H   36    64                     361.0000000  494.00000  36.8%  4112  267s
H   40    64                     371.0000000  494.00000  33.2%  4175  267s
    63    96  492.92647    6 2582  371.00000  494.00000  33.2%  3910  270s
H  109   216                     381.0000000  494.00000  29.7%  3069  273s
H  114   216                     388.0000000  494.00000  27.3%  2984  273s
   217   295  492.53333   12 2138  388.00000  494.00000  27.3%  2165  275s
   452   424  491.91139   16 2340  388.00000  494.00000  27.3%  1740  280s
   493   448  491.00000   16 1715  388.00000  494.00000  27.3%  1702  286s
   633   559  490.81818   19 2168  388.00000  494.00000  27.3%  1620  291s
H  771   633                     389.0000000  494.00000  27.0%  1539  293s
H  806   658                     392.0000000  494.00000  26.0%  1511  294s
   866   727  489.66667   21 1955  392.00000  494.00000  26.0%  1467  295s
  1373   940  395.50000   28 1084  392.00000  493.70370  25.9%  1255  300s
  1900  1150  408.00000   20  613  392.00000  493.11111  25.8%  1131  306s
  2293  1354  492.00000   12 1565  392.00000  493.00000  25.8%  1088  311s
  2644  1535  432.00000   10 1329  392.00000  493.00000  25.8%  1081  315s
  3413  1862     cutoff   13       392.00000  493.00000  25.8%  1028  321s
  4181  2152  466.33333   14 1665  392.00000  493.00000  25.8%  1001  326s
  4727  2374  472.08333   11 2025  392.00000  493.00000  25.8%   993  331s
  4993  2375  414.55556   22 3038  392.00000  493.00000  25.8%   994  345s
  4995  2376  473.00000   10 2072  392.00000  493.00000  25.8%   993  357s
  4996  2377  457.87500   16 2025  392.00000  493.00000  25.8%   993  365s
  4998  2378  421.08333   27 2964  392.00000  493.00000  25.8%   993  370s
  5005  2383  491.33333   11 2509  392.00000  493.00000  25.8%   991  378s
  5006  2387  493.00000   11 2424  392.00000  493.00000  25.8%  1008  385s
  5008  2390  493.00000   12 2399  392.00000  493.00000  25.8%  1010  390s
  5020  2410  493.00000   14 2558  392.00000  493.00000  25.8%  1020  408s
  5036  2437  493.00000   15 2259  392.00000  493.00000  25.8%  1044  417s
  5068  2458  492.88235   16 2385  392.00000  493.00000  25.8%  1076  423s
  5100  2546  491.66667   17 2191  392.00000  493.00000  25.8%  1089  428s
  5199  2592  490.50000   18 1883  392.00000  493.00000  25.8%  1120  432s
  5288  2603  490.86364   18 2083  392.00000  493.00000  25.8%  1140  441s
  5334  2639  489.33333   19 1729  392.00000  493.00000  25.8%  1148  445s
  5490  2671  488.66667   20 1487  392.00000  493.00000  25.8%  1169  452s
  5575  2686  488.66667   20 1570  392.00000  493.00000  25.8%  1175  456s
  5660  2701  486.66667   21 1412  392.00000  493.00000  25.8%  1182  460s
  5802  2727  405.02857   23 1672  392.00000  493.00000  25.8%  1195  467s
  5870  2739  410.85075   24 1845  392.00000  493.00000  25.8%  1204  470s
  6005  2772  402.20988   26 1783  392.00000  493.00000  25.8%  1215  475s
  6077  2801     cutoff   27       392.00000  493.00000  25.8%  1222  481s
  6154  2825  489.16667   22 1668  392.00000  493.00000  25.8%  1229  487s
  6246  2845  454.00000   24 1422  392.00000  493.00000  25.8%  1232  492s
  6334  2840  453.83333   25 1488  392.00000  493.00000  25.8%  1229  499s
  6396  2880  436.50000   26 1743  392.00000  493.00000  25.8%  1234  502s
  6481  2895  416.58333   27 1603  392.00000  493.00000  25.8%  1237  505s
  6594  2915  399.62069   31 1244  392.00000  493.00000  25.8%  1236  511s
  6819  2915  492.91111   18 2152  392.00000  493.00000  25.8%  1241  518s
  6937  2941  492.66667   20 1759  392.00000  493.00000  25.8%  1243  521s
  7100  2935  482.68421   20 1545  392.00000  493.00000  25.8%  1244  526s
  7269  2963  487.08333   20 1866  392.00000  493.00000  25.8%  1251  532s
  7431  3006  491.50000   21 1693  392.00000  493.00000  25.8%  1255  537s
  7615  3045  477.36111   22 1720  392.00000  493.00000  25.8%  1262  541s
  8012  3103  488.08333   19 1909  392.00000  493.00000  25.8%  1267  548s
  8182  3213  486.83333   20 1784  392.00000  493.00000  25.8%  1276  551s
  8547  3191  447.66667   24 1197  392.00000  493.00000  25.8%  1269  556s
  8866  3204  422.33333   25 1120  392.00000  493.00000  25.8%  1259  563s
  9227  3244  414.23529   27 1210  392.00000  493.00000  25.8%  1244  568s
  9729  3125  489.38095   24 1823  392.00000  493.00000  25.8%  1226  573s
  9953  3202  465.00000   25 1486  392.00000  493.00000  25.8%  1221  577s
 10304  3270  447.50000   26 1394  392.00000  493.00000  25.8%  1212  582s
 10814  3238  479.00000   22 1402  392.00000  493.00000  25.8%  1199  587s
 11210  3233  419.00000   31  932  392.00000  493.00000  25.8%  1192  593s
 11552  3354  491.40000   19 2209  392.00000  493.00000  25.8%  1191  597s
 12074  3373 infeasible   21       392.00000  493.00000  25.8%  1187  601s
 12413  3384  462.00000   23 1445  392.00000  492.50000  25.6%  1195  618s
 12465  3413  436.00000   25 1050  392.00000  492.50000  25.6%  1196  623s
 12500  3431  409.10000   26 1287  392.00000  492.50000  25.6%  1197  628s
 12543  3454  400.51515   27 1826  392.00000  492.11111  25.5%  1197  632s
 12584  3480     cutoff   28       392.00000  492.11111  25.5%  1196  637s
 12638  3523     cutoff   28       392.00000  492.11111  25.5%  1196  642s
 12749  3558  491.08949   22 2080  392.00000  492.00000  25.5%  1195  648s
 12880  3601  473.50000   24 1325  392.00000  492.00000  25.5%  1195  653s
 12977  3633  411.40909   30 1357  392.00000  492.00000  25.5%  1194  658s
 13114  3642  462.66667   22 1712  392.00000  492.00000  25.5%  1192  663s
 13169  3673  462.66667   23 1679  392.00000  492.00000  25.5%  1191  667s
 13232  3687  461.41667   24 1804  392.00000  492.00000  25.5%  1191  684s
 13281  3707  460.83333   25 1655  392.00000  492.00000  25.5%  1191  693s
 13357  3740  457.33333   26 1528  392.00000  492.00000  25.5%  1190  701s
H13377  3731                     393.0000000  492.00000  25.2%  1190  701s
 13448  3896  432.92593   27 1337  393.00000  492.00000  25.2%  1188  707s
 14219  4034  487.33333   23 1737  393.00000  491.75000  25.1%  1168  714s
 14623  4262  416.50000   20 1095  393.00000  491.50000  25.1%  1162  720s
 15242  4333  415.83333   24 1292  393.00000  491.50000  25.1%  1156  730s
 15388  4479  407.50000   25 1307  393.00000  491.43617  25.0%  1153  737s
 15758  4699     cutoff   26       393.00000  491.33333  25.0%  1150  743s
 16364  4848     cutoff   27       393.00000  491.25000  25.0%  1139  750s
 17023  5026  476.50000   26 1581  393.00000  491.16667  25.0%  1129  758s
 17734  5156  467.75000   27 1513  393.00000  491.10345  25.0%  1118  766s
 18202  5425     cutoff   28       393.00000  491.10345  25.0%  1112  773s
 19042  5736  489.56522   23 2084  393.00000  491.00000  24.9%  1102  780s
 19994  5944  397.66667   27 1119  393.00000  490.57143  24.8%  1094  789s
 21202  6212  398.35714   30 1290  393.00000  490.40000  24.8%  1077  797s
 22334  6514  427.53333   24 1609  393.00000  490.33333  24.8%  1067  806s
 23452  6822  447.00000   25  958  393.00000  490.00000  24.7%  1056  814s
 24766  7109  442.22222   25 1527  393.00000  490.00000  24.7%  1041  822s
*25527  7069              33     395.0000000  489.50000  23.9%  1033  822s
 26181  7679  470.00000   19 1775  395.00000  489.40000  23.9%  1025  828s
 28118  8109  441.05882   26 1563  395.00000  489.00000  23.8%  1009  835s
 29925  8557  405.50000   28 1108  395.00000  488.58333  23.7%   996  852s
 31728  9093  419.71429   27 1703  395.00000  488.00000  23.5%   992  859s
 33579  9253  469.00000   22 1783  395.00000  487.62500  23.4%   982  866s
 34843  9534  438.31250   21 2005  395.00000  487.25000  23.4%   973  872s
 36513  9788  480.50000   23 1450  395.00000  487.00000  23.3%   962  878s
 37594 10233     cutoff   26       395.00000  486.57895  23.2%   958  884s
 39351 10429  481.39286   21 1578  395.00000  486.20000  23.1%   950  891s
 40483 10837  408.42857   25 1056  395.00000  486.00000  23.0%   947  897s
 42365 10980  429.83333   25 1574  395.00000  485.33333  22.9%   939  904s
 43797 11397  467.50000   26 1636  395.00000  485.12500  22.8%   931  909s
 46054 11513  410.87500   26 1356  395.00000  484.50000  22.7%   919  918s
 47731 11954  474.77358   22 2050  395.00000  483.77778  22.5%   909  924s
 49796 12225  427.25000   29 1533  395.00000  483.50000  22.4%   903  932s
 51292 12560  434.50000   24 1233  395.00000  482.75000  22.2%   898  940s
 53750 12790     cutoff   32       395.00000  482.38095  22.1%   888  948s
 55221 13236  424.50000   29 1241  395.00000  482.00000  22.0%   887  956s
 57766 13504  406.00000   27  812  395.00000  481.00000  21.8%   879  966s
 59727 13505  423.80000   27 2992  395.00000  480.66667  21.7%   872 1210s
 59729 13506  471.66667   25 2178  395.00000  480.66667  21.7%   872 1223s
 59730 13507  436.50000   31 1359  395.00000  480.66667  21.7%   872 1230s
 59732 13508  412.41667   25 2853  395.00000  480.66667  21.7%   872 1235s
 59733 13509  468.25000   23 2932  395.00000  480.66667  21.7%   872 1251s
 59735 13510  423.00000   24 2926  395.00000  480.66667  21.7%   872 1268s
 59737 13512  420.50000   23 2822  395.00000  480.66667  21.7%   872 1284s
 59738 13512  440.72222   20 2864  395.00000  480.66667  21.7%   872 1285s
 59739 13513  399.50000   24 2864  395.00000  480.66667  21.7%   871 1303s
 59741 13514  421.33333   25 2824  395.00000  480.66667  21.7%   871 1320s
 59742 13515  414.00000   32 2817  395.00000  480.66667  21.7%   871 1347s
 59743 13516  453.66667   24 2795  395.00000  480.66667  21.7%   871 1366s
 59744 13516  479.75000   26 2793  395.00000  480.66667  21.7%   871 1391s
 59745 13517  434.18056   27 2789  395.00000  480.66667  21.7%   871 1410s
 59746 13518  427.00000   30 2797  395.00000  480.66667  21.7%   871 1436s
 59747 13518  446.20000   25 2796  395.00000  480.66667  21.7%   871 1454s
 59748 13519  409.00000   27 2794  395.00000  480.66667  21.7%   871 1477s
 59749 13520  437.50000   28 2794  395.00000  480.66667  21.7%   871 1498s
 59750 13520  475.00000   22 2794  395.00000  480.66667  21.7%   871 1508s
 59751 13524  480.66667   24 2618  395.00000  480.66667  21.7%   875 1522s
 59753 13527  480.66667   25 1821  395.00000  480.66667  21.7%   875 1526s
 59757 13534  480.66667   26 2566  395.00000  480.66667  21.7%   875 1531s
 59765 13547  480.66667   27 2347  395.00000  480.66667  21.7%   876 1539s
 59781 13574  480.66667   28 2462  395.00000  480.66667  21.7%   878 1542s
 59813 13595  480.66667   29 2168  395.00000  480.66667  21.7%   879 1546s
 59845 13617  480.66667   30 2162  395.00000  480.66667  21.7%   880 1576s
 59878 13644  480.66667   31 1902  395.00000  480.66667  21.7%   881 1602s
 59918 13667  472.33333   31 2035  395.00000  480.66667  21.7%   882 1608s
 59956 13694  480.66667   32 1938  395.00000  480.66667  21.7%   884 1615s
 59999 13717  480.66667   32 2116  395.00000  480.66667  21.7%   885 1621s
 60042 13734  480.66667   33 1572  395.00000  480.66667  21.7%   887 1627s
 60080 13758  480.66667   33 1986  395.00000  480.66667  21.7%   888 1633s
 60122 13779  480.66667   34 1750  395.00000  480.66667  21.7%   889 1639s
 60168 13794  480.66667   34 1737  395.00000  480.66667  21.7%   890 1644s
 60221 13808  480.66667   35 1756  395.00000  480.66667  21.7%   891 1650s
 60264 13832  480.66667   35 1569  395.00000  480.66667  21.7%   893 1655s
 60309 13846  480.66667   36 1610  395.00000  480.66667  21.7%   894 1673s
 60342 13854  480.66667   36 1631  395.00000  480.66667  21.7%   895 1692s
 60379 13858  480.66667   37 1698  395.00000  480.66667  21.7%   895 1698s
 60418 13865  480.66667   37 1775  395.00000  480.66667  21.7%   896 1706s
 60457 13869  480.66667   38 1359  395.00000  480.66667  21.7%   896 1712s
 60496 13879  479.36667   38 1786  395.00000  480.66667  21.7%   897 1717s
 60535 13890  462.07547   39 2008  395.00000  480.66667  21.7%   898 1722s
 60570 13907  480.66667   39 1667  395.00000  480.66667  21.7%   899 1728s
 60602 13915  480.66667   40 2088  395.00000  480.66667  21.7%   900 1733s
 60644 13929  480.30222   40 2190  395.00000  480.66667  21.7%   900 1740s
 60686 13935  470.21053   41 2074  395.00000  480.66667  21.7%   901 1747s
 60722 13943  457.03448   41 2016  395.00000  480.66667  21.7%   902 1754s
 60770 13948  455.82384   42 2051  395.00000  480.66667  21.7%   902 1770s
 60807 13950  416.75000   42 1338  395.00000  480.66667  21.7%   902 1782s
 60851 13952  414.64286   43 1190  395.00000  480.66667  21.7%   903 1790s
 60893 13952  413.20000   43 1389  395.00000  480.66667  21.7%   903 1798s
 60935 13955  410.38235   44 1370  395.00000  480.66667  21.7%   904 1809s
 60977 13957     cutoff   44       395.00000  480.66667  21.7%   905 1819s
 61022 13968     cutoff   45       395.00000  480.66667  21.7%   905 1833s
 61055 13972  399.75000   46  987  395.00000  480.66667  21.7%   906 1840s
 61099 13979  397.85075   47 1084  395.00000  480.66667  21.7%   906 1851s
 61144 13982  480.66667   33 1367  395.00000  480.66667  21.7%   907 1862s
 61195 13990  459.53333   35 1250  395.00000  480.66667  21.7%   907 1871s
 61267 14007  479.23810   36 1808  395.00000  480.66667  21.7%   908 1880s
 61337 14024     cutoff   46       395.00000  480.66667  21.7%   909 1889s
 61446 14029  409.75000   38 1021  395.00000  480.66667  21.7%   910 1902s
 61564 14075  480.66667   34 2019  395.00000  480.66667  21.7%   912 1912s
 61747 14120     cutoff   41       395.00000  480.66667  21.7%   914 1922s
 61978 14190  480.66667   33 1559  395.00000  480.66667  21.7%   918 1931s
 62254 14223  458.50000   38 1145  395.00000  480.66667  21.7%   921 1942s
 62592 14287  480.66667   37 1477  395.00000  480.66667  21.7%   925 1953s
 62991 14342  426.00000   46 1125  395.00000  480.66667  21.7%   930 1963s
 63459 14309  459.00000   37 1438  395.00000  480.66667  21.7%   934 1973s
 63701 14393  433.12121   38 1226  395.00000  480.66667  21.7%   936 1983s
 64154 14461  480.66667   37 1912  395.00000  480.66667  21.7%   940 1993s
 64653 14509  480.66667   38 1848  395.00000  480.66667  21.7%   945 2002s
 65180 14565  459.16667   38 1546  395.00000  480.66667  21.7%   950 2013s
 65767 14526  412.14063   43 1633  395.00000  480.66667  21.7%   956 2023s
 66518 14442  424.87500   39 1482  395.00000  480.66667  21.7%   959 2033s
 67111 14491  474.20000   38 1726  395.00000  480.66667  21.7%   965 2043s
 67658 14501  429.00000   36 1137  395.00000  480.66667  21.7%   970 2053s
 68321 14503  480.66667   35 1385  395.00000  480.66667  21.7%   975 2063s
 69095 14534  480.66667   38 1513  395.00000  480.66667  21.7%   980 2074s
 69762 14557  471.12500   36 1621  395.00000  480.66667  21.7%   985 2085s
 70537 14532     cutoff   48       395.00000  480.66667  21.7%   989 2097s
 71281 14567  411.50000   42 1034  395.00000  480.66667  21.7%   994 2108s
 72072 14632  480.66667   41 1523  395.00000  480.66667  21.7%   997 2121s
 72944 14667  410.00000   40 1364  395.00000  480.66667  21.7%  1000 2133s
 73789 14696     cutoff   42       395.00000  480.66667  21.7%  1004 2146s
 74691 14771  453.00000   36 1707  395.00000  480.66667  21.7%  1009 2158s
 75738 14769  459.71429   40 1574  395.00000  480.66667  21.7%  1010 2171s
 76744 14691  397.32000   36 1394  395.00000  480.66667  21.7%  1014 2183s
 77789 14708  451.63400   37 1737  395.00000  480.66667  21.7%  1017 2197s
 78913 14714  420.92857   37 1473  395.00000  480.66667  21.7%  1020 2210s
 79981 14738  409.00000   39  987  395.00000  480.66667  21.7%  1023 2224s
 81258 14631  400.39286   38 1348  395.00000  480.66667  21.7%  1024 2238s
 82542 14408  453.27273   38 1764  395.00000  480.66667  21.7%  1024 2252s
 84003 14252  398.80000   46 1135  395.00000  480.66667  21.7%  1022 2266s
 85493 14214  418.00000   44 1314  395.00000  480.01500  21.5%  1021 2281s
 87432 14088  466.50000   43 1398  395.00000  479.00000  21.3%  1018 2296s
*88511 13033              45     396.0000000  478.66667  20.9%  1018 2296s
 89468 13500  428.14286   43 1155  396.00000  478.16667  20.7%  1016 2325s
 93394 12304  423.90152   41 1958  396.00000  475.80000  20.2%  1010 2334s
H93591 11486                     399.0000000  475.80000  19.2%  1010 2334s
 93869 11642  436.35714   40 1666  399.00000  475.62500  19.2%  1010 2345s
 95519 11118  435.66667   36 1245  399.00000  474.57143  18.9%  1007 2356s
 95557 11158  422.50000   37  941  399.00000  474.57143  18.9%  1008 2367s
 95911 11132  411.00000   38  981  399.00000  474.07143  18.8%  1007 2379s
 96495 11181  405.50000   39  906  399.00000  474.00000  18.8%  1006 2392s
 97865 11533  460.66667   38 1548  399.00000  473.29630  18.6%  1004 2405s
 100057 11810  434.75000   38 1493  399.00000  472.25000  18.4%  1001 2420s
 102231 12114  467.66667   43 1570  399.00000  471.00000  18.0%   998 2435s
 104356 12569  429.43478   38 1585  399.00000  469.87500  17.8%   995 2446s
 107936 12809  427.22727   37 1529  399.00000  468.00000  17.3%   988 2458s
 110049 13150     cutoff   44       399.00000  467.00000  17.0%   985 2470s
 113481 13362  414.20000   44 1515  399.00000  466.00000  16.8%   978 2482s
 115727 13668  428.82727   38 1107  399.00000  464.25397  16.4%   973 2494s
 119341 14417  417.00000   44 1425  399.00000  463.00000  16.0%   966 2545s
 126184 14563 infeasible   44       399.00000  460.16667  15.3%   951 2579s
 128864 14748  436.29412   38 1521  399.00000  458.83333  15.0%   947 2617s
 131571 15021  415.00000   45 1363  399.00000  457.92381  14.8%   942 2710s
 136098 15135  416.53125   42 1534  399.00000  456.30769  14.4%   933 2749s
 139160 15352  443.19647   38 1862  399.00000  455.16667  14.1%   927 2776s
 143849 15473     cutoff   41       399.00000  453.55172  13.7%   917 2828s
 146577 15621  430.00000   43 1445  399.00000  452.77273  13.5%   912 2914s
 151021 15974  430.00000   36 1178  399.00000  451.62500  13.2%   904 2958s
 163160 16003  404.83333   35  914  399.00000  448.70000  12.5%   880 2982s
 165143 16034  424.50000   48 1509  399.00000  447.50000  12.2%   877 3012s
 167422 16038  413.00000   36 1298  399.00000  446.66667  11.9%   874 3026s
 169967 16112     cutoff   46       399.00000  446.00000  11.8%   870 3037s
 171876 16126     cutoff   44       399.00000  445.16667  11.6%   868 3050s
 174937 16070  401.00000   42  950  399.00000  444.33333  11.4%   863 3061s
 179204 16047     cutoff   39       399.00000  443.31579  11.1%   857 3070s
 183236 15919  437.24026   36 1708  399.00000  442.50000  10.9%   851 3100s
 189946 15778     cutoff   48       399.00000  441.00000  10.5%   842 3113s
 193951 15600  403.20000   42 1422  399.00000  440.45455  10.4%   837 3123s
 198346 15313  411.00581   44 1656  399.00000  438.68182  9.95%   832 3135s
 202485 15103     cutoff   47       399.00000  437.90000  9.75%   826 3146s
 205344 14917  403.71429   47 1311  399.00000  437.00000  9.52%   823 3158s
 209218 14842     cutoff   42       399.00000  436.33333  9.36%   818 3171s
 211628 14752  430.83333   40 1429  399.00000  435.66667  9.19%   816 3182s
 215226 14672     cutoff   45       399.00000  435.00000  9.02%   813 3195s
 217821 14519  401.66667   44 1295  399.00000  434.50000  8.90%   811 3208s
 221632 14487  430.90476   34 1421  399.00000  433.75000  8.71%   808 3222s
 222937 14392     cutoff   36       399.00000  433.50000  8.65%   808 3236s
 225768 14176  413.48750   33 1452  399.00000  433.00000  8.52%   806 3249s
 229603 14004  416.73529   42 1333  399.00000  432.25000  8.33%   804 3267s
 232106 13736  428.66667   36 1538  399.00000  432.00000  8.27%   802 3284s
 236155 13524  421.62963   42 1703  399.00000  431.12162  8.05%   800 3301s
 239009 13213  402.66667   42 1058  399.00000  430.60000  7.92%   798 3321s
 243000 12933  412.00000   44 1203  399.00000  429.83333  7.73%   796 3342s
 245867 12629  404.00000   44 1301  399.00000  429.16667  7.56%   794 3362s
 248792 12189  418.52308   39 1582  399.00000  428.82500  7.47%   793 3382s
 253048 12011  426.33333   39 1543  399.00000  427.84735  7.23%   790 3387s

Cutting planes:
  Gomory: 9
  Cover: 1
  Implied bound: 93
  Clique: 92
  MIR: 19
  Flow cover: 74
  Inf proof: 2
  Zero half: 111
  RLT: 153
  Relax-and-lift: 4
  BQP: 28

Explored 254080 nodes (200814544 simplex iterations) in 3387.72 seconds (4391.46 work units)
Thread count was 32 (of 256 available processors)

Solution count 10: 399 396 395 ... 361

Solve interrupted
Best objective 3.990000000000e+02, best bound 4.270000000000e+02, gap 7.0175%
[]
